#
# There is insufficient memory for the Java Runtime Environment to continue.
# Native memory allocation (malloc) failed to allocate 74448896 bytes for committing reserved memory.
# Possible reasons:
#   The system is out of physical RAM or swap space
#   In 32 bit mode, the process size limit was hit
# Possible solutions:
#   Reduce memory load on the system
#   Increase physical memory or swap space
#   Check if swap backing store is full
#   Use 64 bit Java on a 64 bit OS
#   Decrease Java heap size (-Xmx/-Xms)
#   Decrease number of Java threads
#   Decrease Java thread stack sizes (-Xss)
#   Set larger code cache with -XX:ReservedCodeCacheSize=
# This output file may be truncated or incomplete.
#
#  Out of Memory Error (os_linux.cpp:2827), pid=22668, tid=140395239053056
#
# JRE version: OpenJDK Runtime Environment (7.0_95) (build 1.7.0_95-b00)
# Java VM: OpenJDK 64-Bit Server VM (24.95-b01 mixed mode linux-amd64 compressed oops)
# Derivative: IcedTea 2.6.4
# Distribution: Ubuntu 14.04 LTS, package 7u95-2.6.4-0ubuntu0.14.04.2
# Failed to write core dump. Core dumps have been disabled. To enable core dumping, try "ulimit -c unlimited" before starting Java again
#

---------------  T H R E A D  ---------------

Current thread (0x00007fb04c076000):  VMThread [stack: 0x00007fb0504a1000,0x00007fb0505a2000] [id=22675]

Stack: [0x00007fb0504a1000,0x00007fb0505a2000],  sp=0x00007fb0505a0490,  free space=1021k
Native frames: (J=compiled Java code, j=interpreted, Vv=VM code, C=native code)
V  [libjvm.so+0x953e15]
V  [libjvm.so+0x48fd94]
V  [libjvm.so+0x7cf87b]
V  [libjvm.so+0x7ca33f]
V  [libjvm.so+0x83dacb]
V  [libjvm.so+0x82d86b]
V  [libjvm.so+0x82da2b]
V  [libjvm.so+0x82e958]
V  [libjvm.so+0x8355b4]
V  [libjvm.so+0x83bc0d]
V  [libjvm.so+0x7f2083]
V  [libjvm.so+0x955814]
V  [libjvm.so+0x959917]
V  [libjvm.so+0x9583d8]
V  [libjvm.so+0x958839]
V  [libjvm.so+0x958c82]
V  [libjvm.so+0x7cc742]

VM_Operation (0x00007fb03bbf69c0): ParallelGCFailedAllocation, mode: safepoint, requested by thread 0x00007fb00400d800


---------------  P R O C E S S  ---------------

Java Threads: ( => current thread )
  0x00007fb000403000 JavaThread "pool-1-thread-4" [_thread_blocked, id=22701, stack(0x00007fb03b41c000,0x00007fb03b51d000)]
  0x00007fb000401000 JavaThread "pool-1-thread-3" [_thread_blocked, id=22700, stack(0x00007fb03b51d000,0x00007fb03b61e000)]
  0x00007fb0003ff000 JavaThread "pool-1-thread-2" [_thread_blocked, id=22699, stack(0x00007fb03b61e000,0x00007fb03b71f000)]
  0x00007fb0003e6800 JavaThread "pool-1-thread-1" [_thread_blocked, id=22698, stack(0x00007fb03b71f000,0x00007fb03b820000)]
  0x00007fb000581000 JavaThread "File lock request listener" [_thread_in_native, id=22696, stack(0x00007fb03b8f9000,0x00007fb03b9fa000)]
  0x00007fb000262800 JavaThread "process reaper" daemon [_thread_blocked, id=22694, stack(0x00007fb04003e000,0x00007fb040077000)]
  0x00007fb000026800 JavaThread "Stdin handler" [_thread_blocked, id=22692, stack(0x00007fb03b9fa000,0x00007fb03bafb000)]
  0x00007fb00400d800 JavaThread "Daemon worker" [_thread_blocked, id=22689, stack(0x00007fb03bafb000,0x00007fb03bbfc000)]
  0x00007fb004003800 JavaThread "Cancel handler" [_thread_blocked, id=22688, stack(0x00007fb03bbfc000,0x00007fb03bcfd000)]
  0x00007fb004009000 JavaThread "Handler for socket connection from /127.0.0.1:40815 to /127.0.0.1:55417" [_thread_in_native, id=22686, stack(0x00007fb03bcfd000,0x00007fb03bdfe000)]
  0x00007fb010025800 JavaThread "Daemon" [_thread_blocked, id=22685, stack(0x00007fb03bdfe000,0x00007fb03beff000)]
  0x00007fb04ca1e000 JavaThread "Incoming local TCP Connector on port 40815" [_thread_in_native, id=22684, stack(0x00007fb03beff000,0x00007fb03c000000)]
  0x00007fb04c0af800 JavaThread "Service Thread" daemon [_thread_blocked, id=22681, stack(0x00007fb0486db000,0x00007fb0487dc000)]
  0x00007fb04c0ad000 JavaThread "C2 CompilerThread1" daemon [_thread_blocked, id=22680, stack(0x00007fb0487dc000,0x00007fb0488dd000)]
  0x00007fb04c0aa000 JavaThread "C2 CompilerThread0" daemon [_thread_blocked, id=22679, stack(0x00007fb05009d000,0x00007fb05019e000)]
  0x00007fb04c0a8000 JavaThread "Signal Dispatcher" daemon [_thread_blocked, id=22678, stack(0x00007fb05019e000,0x00007fb05029f000)]
  0x00007fb04c07c000 JavaThread "Finalizer" daemon [_thread_blocked, id=22677, stack(0x00007fb05029f000,0x00007fb0503a0000)]
  0x00007fb04c07a000 JavaThread "Reference Handler" daemon [_thread_blocked, id=22676, stack(0x00007fb0503a0000,0x00007fb0504a1000)]
  0x00007fb04c00a800 JavaThread "main" [_thread_blocked, id=22670, stack(0x00007fb0556ef000,0x00007fb0557f0000)]

Other Threads:
=>0x00007fb04c076000 VMThread [stack: 0x00007fb0504a1000,0x00007fb0505a2000] [id=22675]
  0x00007fb04c0ba000 WatcherThread [stack: 0x00007fb0485da000,0x00007fb0486db000] [id=22682]

VM state:at safepoint (normal execution)

VM Mutex/Monitor currently owned by a thread:  ([mutex/lock_event])
[0x00007fb04c006260] ExpandHeap_lock - owner thread: 0x00007fb04c076000
[0x00007fb04c0068e0] Threads_lock - owner thread: 0x00007fb04c076000
[0x00007fb04c006de0] Heap_lock - owner thread: 0x00007fb00400d800

Heap
 PSYoungGen      total 276992K, used 20297K [0x00000000eaa80000, 0x0000000100000000, 0x0000000100000000)
  eden space 249344K, 0% used [0x00000000eaa80000,0x00000000eaa80000,0x00000000f9e00000)
  from space 27648K, 73% used [0x00000000fe500000,0x00000000ff8d2418,0x0000000100000000)
  to   space 50176K, 0% used [0x00000000f9e00000,0x00000000f9e00000,0x00000000fcf00000)
 ParOldGen       total 84992K, used 84880K [0x00000000c0000000, 0x00000000c5300000, 0x00000000eaa80000)
  object space 84992K, 99% used [0x00000000c0000000,0x00000000c52e42e8,0x00000000c5300000)
 PSPermGen       total 75776K, used 46843K [0x00000000b0000000, 0x00000000b4a00000, 0x00000000c0000000)
  object space 75776K, 61% used [0x00000000b0000000,0x00000000b2dbec28,0x00000000b4a00000)

Card table byte_map: [0x00007fb0520a3000,0x00007fb052324000] byte_map_base: 0x00007fb051b23000

Polling page: 0x00007fb05580d000

Code Cache  [0x00007fb049000000, 0x00007fb0495a0000, 0x00007fb04c000000)
 total_blobs=2053 nmethods=1429 adapters=576 free_code_cache=43517Kb largest_free_block=44489344

Compilation events (10 events):
Event: 17.767 Thread 0x00007fb04c0ad000 1578             com.sun.tools.javac.file.ZipFileIndex$DirectoryEntry::access$100 (6 bytes)
Event: 17.773 Thread 0x00007fb04c0ad000 nmethod 1578 0x00007fb04958c650 code [0x00007fb04958c800, 0x00007fb04958cc68]
Event: 17.773 Thread 0x00007fb04c0ad000 1579             com.sun.tools.javac.file.ZipFileIndex$DirectoryEntry::getEntry (44 bytes)
Event: 17.779 Thread 0x00007fb04c0ad000 nmethod 1579 0x00007fb049586f50 code [0x00007fb049587100, 0x00007fb049587548]
Event: 17.779 Thread 0x00007fb04c0ad000 1580             com.sun.tools.javac.code.Scope::lookup (67 bytes)
Event: 17.783 Thread 0x00007fb04c0ad000 nmethod 1580 0x00007fb049586790 code [0x00007fb049586900, 0x00007fb049586bd8]
Event: 17.783 Thread 0x00007fb04c0ad000 1581             java.util.concurrent.atomic.AtomicInteger::incrementAndGet (23 bytes)
Event: 17.784 Thread 0x00007fb04c0ad000 nmethod 1581 0x00007fb049586550 code [0x00007fb049586680, 0x00007fb049586718]
Event: 17.784 Thread 0x00007fb04c0ad000 1582             com.sun.tools.javac.code.Symbol$ClassSymbol::<init> (51 bytes)
Event: 17.788 Thread 0x00007fb04c0ad000 nmethod 1582 0x00007fb049585590 code [0x00007fb049585740, 0x00007fb049585b58]

GC Heap History (10 events):
Event: 6.746 GC heap after
Heap after GC invocations=7 (full 0):
 PSYoungGen      total 134144K, used 11768K [0x00000000eaa80000, 0x00000000fba80000, 0x0000000100000000)
  eden space 122368K, 0% used [0x00000000eaa80000,0x00000000eaa80000,0x00000000f2200000)
  from space 11776K, 99% used [0x00000000f2200000,0x00000000f2d7e0f8,0x00000000f2d80000)
  to   space 16896K, 0% used [0x00000000faa00000,0x00000000faa00000,0x00000000fba80000)
 ParOldGen       total 40960K, used 20471K [0x00000000c0000000, 0x00000000c2800000, 0x00000000eaa80000)
  object space 40960K, 49% used [0x00000000c0000000,0x00000000c13fde98,0x00000000c2800000)
 PSPermGen       total 32256K, used 31992K [0x00000000b0000000, 0x00000000b1f80000, 0x00000000c0000000)
  object space 32256K, 99% used [0x00000000b0000000,0x00000000b1f3e368,0x00000000b1f80000)
}
Event: 8.730 GC heap before
{Heap before GC invocations=8 (full 0):
 PSYoungGen      total 134144K, used 134136K [0x00000000eaa80000, 0x00000000fba80000, 0x0000000100000000)
  eden space 122368K, 100% used [0x00000000eaa80000,0x00000000f2200000,0x00000000f2200000)
  from space 11776K, 99% used [0x00000000f2200000,0x00000000f2d7e0f8,0x00000000f2d80000)
  to   space 16896K, 0% used [0x00000000faa00000,0x00000000faa00000,0x00000000fba80000)
 ParOldGen       total 40960K, used 20471K [0x00000000c0000000, 0x00000000c2800000, 0x00000000eaa80000)
  object space 40960K, 49% used [0x00000000c0000000,0x00000000c13fde98,0x00000000c2800000)
 PSPermGen       total 37888K, used 37776K [0x00000000b0000000, 0x00000000b2500000, 0x00000000c0000000)
  object space 37888K, 99% used [0x00000000b0000000,0x00000000b24e4168,0x00000000b2500000)
Event: 8.761 GC heap after
Heap after GC invocations=8 (full 0):
 PSYoungGen      total 254464K, used 16873K [0x00000000eaa80000, 0x00000000fc880000, 0x0000000100000000)
  eden space 237568K, 0% used [0x00000000eaa80000,0x00000000eaa80000,0x00000000f9280000)
  from space 16896K, 99% used [0x00000000faa00000,0x00000000fba7a620,0x00000000fba80000)
  to   space 24064K, 0% used [0x00000000f9280000,0x00000000f9280000,0x00000000faa00000)
 ParOldGen       total 40960K, used 30462K [0x00000000c0000000, 0x00000000c2800000, 0x00000000eaa80000)
  object space 40960K, 74% used [0x00000000c0000000,0x00000000c1dbfb68,0x00000000c2800000)
 PSPermGen       total 37888K, used 37776K [0x00000000b0000000, 0x00000000b2500000, 0x00000000c0000000)
  object space 37888K, 99% used [0x00000000b0000000,0x00000000b24e4168,0x00000000b2500000)
}
Event: 8.761 GC heap before
{Heap before GC invocations=9 (full 1):
 PSYoungGen      total 254464K, used 16873K [0x00000000eaa80000, 0x00000000fc880000, 0x0000000100000000)
  eden space 237568K, 0% used [0x00000000eaa80000,0x00000000eaa80000,0x00000000f9280000)
  from space 16896K, 99% used [0x00000000faa00000,0x00000000fba7a620,0x00000000fba80000)
  to   space 24064K, 0% used [0x00000000f9280000,0x00000000f9280000,0x00000000faa00000)
 ParOldGen       total 40960K, used 30462K [0x00000000c0000000, 0x00000000c2800000, 0x00000000eaa80000)
  object space 40960K, 74% used [0x00000000c0000000,0x00000000c1dbfb68,0x00000000c2800000)
 PSPermGen       total 37888K, used 37776K [0x00000000b0000000, 0x00000000b2500000, 0x00000000c0000000)
  object space 37888K, 99% used [0x00000000b0000000,0x00000000b24e4168,0x00000000b2500000)
Event: 9.067 GC heap after
Heap after GC invocations=9 (full 1):
 PSYoungGen      total 254464K, used 0K [0x00000000eaa80000, 0x00000000fc880000, 0x0000000100000000)
  eden space 237568K, 0% used [0x00000000eaa80000,0x00000000eaa80000,0x00000000f9280000)
  from space 16896K, 0% used [0x00000000faa00000,0x00000000faa00000,0x00000000fba80000)
  to   space 24064K, 0% used [0x00000000f9280000,0x00000000f9280000,0x00000000faa00000)
 ParOldGen       total 73728K, used 36053K [0x00000000c0000000, 0x00000000c4800000, 0x00000000eaa80000)
  object space 73728K, 48% used [0x00000000c0000000,0x00000000c2335688,0x00000000c4800000)
 PSPermGen       total 75776K, used 37755K [0x00000000b0000000, 0x00000000b4a00000, 0x00000000c0000000)
  object space 75776K, 49% used [0x00000000b0000000,0x00000000b24dee78,0x00000000b4a00000)
}
Event: 12.268 GC heap before
{Heap before GC invocations=10 (full 1):
 PSYoungGen      total 254464K, used 237568K [0x00000000eaa80000, 0x00000000fc880000, 0x0000000100000000)
  eden space 237568K, 100% used [0x00000000eaa80000,0x00000000f9280000,0x00000000f9280000)
  from space 16896K, 0% used [0x00000000faa00000,0x00000000faa00000,0x00000000fba80000)
  to   space 24064K, 0% used [0x00000000f9280000,0x00000000f9280000,0x00000000faa00000)
 ParOldGen       total 73728K, used 36053K [0x00000000c0000000, 0x00000000c4800000, 0x00000000eaa80000)
  object space 73728K, 48% used [0x00000000c0000000,0x00000000c2335688,0x00000000c4800000)
 PSPermGen       total 75776K, used 42139K [0x00000000b0000000, 0x00000000b4a00000, 0x00000000c0000000)
  object space 75776K, 55% used [0x00000000b0000000,0x00000000b2926da8,0x00000000b4a00000)
Event: 12.493 GC heap after
Heap after GC invocations=10 (full 1):
 PSYoungGen      total 261632K, used 22949K [0x00000000eaa80000, 0x0000000100000000, 0x0000000100000000)
  eden space 237568K, 0% used [0x00000000eaa80000,0x00000000eaa80000,0x00000000f9280000)
  from space 24064K, 95% used [0x00000000f9280000,0x00000000fa8e96a8,0x00000000faa00000)
  to   space 27648K, 0% used [0x00000000fe500000,0x00000000fe500000,0x0000000100000000)
 ParOldGen       total 73728K, used 36053K [0x00000000c0000000, 0x00000000c4800000, 0x00000000eaa80000)
  object space 73728K, 48% used [0x00000000c0000000,0x00000000c2335688,0x00000000c4800000)
 PSPermGen       total 75776K, used 42139K [0x00000000b0000000, 0x00000000b4a00000, 0x00000000c0000000)
  object space 75776K, 55% used [0x00000000b0000000,0x00000000b2926da8,0x00000000b4a00000)
}
Event: 17.803 GC heap before
{Heap before GC invocations=11 (full 1):
 PSYoungGen      total 261632K, used 260517K [0x00000000eaa80000, 0x0000000100000000, 0x0000000100000000)
  eden space 237568K, 100% used [0x00000000eaa80000,0x00000000f9280000,0x00000000f9280000)
  from space 24064K, 95% used [0x00000000f9280000,0x00000000fa8e96a8,0x00000000faa00000)
  to   space 27648K, 0% used [0x00000000fe500000,0x00000000fe500000,0x0000000100000000)
 ParOldGen       total 73728K, used 36053K [0x00000000c0000000, 0x00000000c4800000, 0x00000000eaa80000)
  object space 73728K, 48% used [0x00000000c0000000,0x00000000c2335688,0x00000000c4800000)
 PSPermGen       total 75776K, used 46853K [0x00000000b0000000, 0x00000000b4a00000, 0x00000000c0000000)
  object space 75776K, 61% used [0x00000000b0000000,0x00000000b2dc1548,0x00000000b4a00000)
Event: 18.019 GC heap after
Heap after GC invocations=11 (full 1):
 PSYoungGen      total 276992K, used 27616K [0x00000000eaa80000, 0x0000000100000000, 0x0000000100000000)
  eden space 249344K, 0% used [0x00000000eaa80000,0x00000000eaa80000,0x00000000f9e00000)
  from space 27648K, 99% used [0x00000000fe500000,0x00000000ffff8020,0x0000000100000000)
  to   space 50176K, 0% used [0x00000000f9e00000,0x00000000f9e00000,0x00000000fcf00000)
 ParOldGen       total 84992K, used 84864K [0x00000000c0000000, 0x00000000c5300000, 0x00000000eaa80000)
  object space 84992K, 99% used [0x00000000c0000000,0x00000000c52e0090,0x00000000c5300000)
 PSPermGen       total 75776K, used 46853K [0x00000000b0000000, 0x00000000b4a00000, 0x00000000c0000000)
  object space 75776K, 61% used [0x00000000b0000000,0x00000000b2dc1548,0x00000000b4a00000)
}
Event: 18.020 GC heap before
{Heap before GC invocations=12 (full 2):
 PSYoungGen      total 276992K, used 27616K [0x00000000eaa80000, 0x0000000100000000, 0x0000000100000000)
  eden space 249344K, 0% used [0x00000000eaa80000,0x00000000eaa80000,0x00000000f9e00000)
  from space 27648K, 99% used [0x00000000fe500000,0x00000000ffff8020,0x0000000100000000)
  to   space 50176K, 0% used [0x00000000f9e00000,0x00000000f9e00000,0x00000000fcf00000)
 ParOldGen       total 84992K, used 84864K [0x00000000c0000000, 0x00000000c5300000, 0x00000000eaa80000)
  object space 84992K, 99% used [0x00000000c0000000,0x00000000c52e0090,0x00000000c5300000)
 PSPermGen       total 75776K, used 46853K [0x00000000b0000000, 0x00000000b4a00000, 0x00000000c0000000)
  object space 75776K, 61% used [0x00000000b0000000,0x00000000b2dc1548,0x00000000b4a00000)

Deoptimization events (10 events):
Event: 17.516 Thread 0x00007fb00400d800 Uncommon trap: reason=class_check action=maybe_recompile pc=0x00007fb04941dc0c method=com.sun.tools.javac.tree.TreeScanner.visitSelect(Lcom/sun/tools/javac/tree/JCTree$JCFieldAccess;)V @ 5
Event: 17.518 Thread 0x00007fb00400d800 Uncommon trap: reason=class_check action=maybe_recompile pc=0x00007fb04941dc0c method=com.sun.tools.javac.tree.TreeScanner.visitSelect(Lcom/sun/tools/javac/tree/JCTree$JCFieldAccess;)V @ 5
Event: 17.666 Thread 0x00007fb00400d800 Uncommon trap: reason=class_check action=maybe_recompile pc=0x00007fb04942443c method=com.sun.tools.javac.code.Types$UnaryVisitor.visit(Lcom/sun/tools/javac/code/Type;)Ljava/lang/Object; @ 3
Event: 17.669 Thread 0x00007fb00400d800 Uncommon trap: reason=class_check action=maybe_recompile pc=0x00007fb049428ff0 method=com.sun.tools.javac.code.Scope.lookup(Lcom/sun/tools/javac/util/Name;Lcom/sun/tools/javac/util/Filter;)Lcom/sun/tools/javac/code/Scope$Entry; @ 49
Event: 17.669 Thread 0x00007fb00400d800 Uncommon trap: reason=class_check action=maybe_recompile pc=0x00007fb04942443c method=com.sun.tools.javac.code.Types$UnaryVisitor.visit(Lcom/sun/tools/javac/code/Type;)Ljava/lang/Object; @ 3
Event: 17.670 Thread 0x00007fb00400d800 Uncommon trap: reason=class_check action=maybe_recompile pc=0x00007fb049428ff0 method=com.sun.tools.javac.code.Scope.lookup(Lcom/sun/tools/javac/util/Name;Lcom/sun/tools/javac/util/Filter;)Lcom/sun/tools/javac/code/Scope$Entry; @ 49
Event: 17.699 Thread 0x00007fb00400d800 Uncommon trap: reason=bimorphic action=maybe_recompile pc=0x00007fb04941ba2c method=com.sun.tools.javac.tree.JCTree$JCMethodDecl.accept(Lcom/sun/tools/javac/tree/JCTree$Visitor;)V @ 2
Event: 17.699 Thread 0x00007fb00400d800 Uncommon trap: reason=bimorphic action=maybe_recompile pc=0x00007fb04941ba2c method=com.sun.tools.javac.tree.JCTree$JCMethodDecl.accept(Lcom/sun/tools/javac/tree/JCTree$Visitor;)V @ 2
Event: 17.699 Thread 0x00007fb00400d800 Uncommon trap: reason=bimorphic action=maybe_recompile pc=0x00007fb04941ba2c method=com.sun.tools.javac.tree.JCTree$JCMethodDecl.accept(Lcom/sun/tools/javac/tree/JCTree$Visitor;)V @ 2
Event: 17.699 Thread 0x00007fb00400d800 Uncommon trap: reason=bimorphic action=maybe_recompile pc=0x00007fb04941ba2c method=com.sun.tools.javac.tree.JCTree$JCMethodDecl.accept(Lcom/sun/tools/javac/tree/JCTree$Visitor;)V @ 2

Internal exceptions (10 events):
Event: 17.048 Thread 0x00007fb00400d800 Threw 0x00000000f6d4b1e8 at /build/openjdk-7-HVzwJZ/openjdk-7-7u95-2.6.4/build/openjdk/hotspot/src/share/vm/prims/jvm.cpp:1322
Event: 17.061 Thread 0x00007fb00400d800 Threw 0x00000000f6d50668 at /build/openjdk-7-HVzwJZ/openjdk-7-7u95-2.6.4/build/openjdk/hotspot/src/share/vm/prims/jvm.cpp:1322
Event: 17.061 Thread 0x00007fb00400d800 Threw 0x00000000f6d535b8 at /build/openjdk-7-HVzwJZ/openjdk-7-7u95-2.6.4/build/openjdk/hotspot/src/share/vm/prims/jvm.cpp:1322
Event: 17.061 Thread 0x00007fb00400d800 Threw 0x00000000f6d55eb0 at /build/openjdk-7-HVzwJZ/openjdk-7-7u95-2.6.4/build/openjdk/hotspot/src/share/vm/prims/jvm.cpp:1322
Event: 17.062 Thread 0x00007fb00400d800 Threw 0x00000000f6d58890 at /build/openjdk-7-HVzwJZ/openjdk-7-7u95-2.6.4/build/openjdk/hotspot/src/share/vm/prims/jvm.cpp:1322
Event: 17.062 Thread 0x00007fb00400d800 Threw 0x00000000f6d5b298 at /build/openjdk-7-HVzwJZ/openjdk-7-7u95-2.6.4/build/openjdk/hotspot/src/share/vm/prims/jvm.cpp:1322
Event: 17.062 Thread 0x00007fb00400d800 Threw 0x00000000f6d5dc00 at /build/openjdk-7-HVzwJZ/openjdk-7-7u95-2.6.4/build/openjdk/hotspot/src/share/vm/prims/jvm.cpp:1322
Event: 17.062 Thread 0x00007fb00400d800 Threw 0x00000000f6d60520 at /build/openjdk-7-HVzwJZ/openjdk-7-7u95-2.6.4/build/openjdk/hotspot/src/share/vm/prims/jvm.cpp:1322
Event: 17.191 Thread 0x00007fb00400d800 Implicit null exception at 0x00007fb04943040f to 0x00007fb049430515
Event: 17.411 Thread 0x00007fb00400d800 Implicit null exception at 0x00007fb049551543 to 0x00007fb049551e1d

Events (10 events):
Event: 17.699 Thread 0x00007fb00400d800 Uncommon trap: trap_request=0xffffffc6 fr.pc=0x00007fb04941ba2c
Event: 17.699 Thread 0x00007fb00400d800 DEOPT PACKING pc=0x00007fb04941ba2c sp=0x00007fb03bbf7ae0
Event: 17.699 Thread 0x00007fb00400d800 DEOPT UNPACKING pc=0x00007fb049039445 sp=0x00007fb03bbf7ad0 mode 2
Event: 17.699 Thread 0x00007fb00400d800 Uncommon trap: trap_request=0xffffffc6 fr.pc=0x00007fb04941ba2c
Event: 17.699 Thread 0x00007fb00400d800 DEOPT PACKING pc=0x00007fb04941ba2c sp=0x00007fb03bbf7ae0
Event: 17.699 Thread 0x00007fb00400d800 DEOPT UNPACKING pc=0x00007fb049039445 sp=0x00007fb03bbf7ad0 mode 2
Event: 17.699 Thread 0x00007fb00400d800 Uncommon trap: trap_request=0xffffffc6 fr.pc=0x00007fb04941ba2c
Event: 17.699 Thread 0x00007fb00400d800 DEOPT PACKING pc=0x00007fb04941ba2c sp=0x00007fb03bbf7ae0
Event: 17.699 Thread 0x00007fb00400d800 DEOPT UNPACKING pc=0x00007fb049039445 sp=0x00007fb03bbf7ad0 mode 2
Event: 17.797 Executing VM operation: ParallelGCFailedAllocation


Dynamic libraries:
00400000-00401000 r-xp 00000000 08:01 5508137                            /usr/lib/jvm/java-7-openjdk-amd64/jre/bin/java
00600000-00601000 r--p 00000000 08:01 5508137                            /usr/lib/jvm/java-7-openjdk-amd64/jre/bin/java
00601000-00602000 rw-p 00001000 08:01 5508137                            /usr/lib/jvm/java-7-openjdk-amd64/jre/bin/java
01119000-0113a000 rw-p 00000000 00:00 0                                  [heap]
b0000000-b4a00000 rw-p 00000000 00:00 0 
b4a00000-c0000000 rw-p 00000000 00:00 0 
c0000000-c5300000 rw-p 00000000 00:00 0 
c9a00000-eaa80000 rw-p 00000000 00:00 0 
eaa80000-100000000 rw-p 00000000 00:00 0 
7fafcc000000-7fafcc021000 rw-p 00000000 00:00 0 
7fafcc021000-7fafd0000000 ---p 00000000 00:00 0 
7fafd4000000-7fafd4021000 rw-p 00000000 00:00 0 
7fafd4021000-7fafd8000000 ---p 00000000 00:00 0 
7fafd8000000-7fafd8021000 rw-p 00000000 00:00 0 
7fafd8021000-7fafdc000000 ---p 00000000 00:00 0 
7fafdc000000-7fafdc021000 rw-p 00000000 00:00 0 
7fafdc021000-7fafe0000000 ---p 00000000 00:00 0 
7fafe0000000-7fafe0021000 rw-p 00000000 00:00 0 
7fafe0021000-7fafe4000000 ---p 00000000 00:00 0 
7fafe4000000-7fafe4021000 rw-p 00000000 00:00 0 
7fafe4021000-7fafe8000000 ---p 00000000 00:00 0 
7fafe8000000-7fafe8021000 rw-p 00000000 00:00 0 
7fafe8021000-7fafec000000 ---p 00000000 00:00 0 
7fafec000000-7fafec021000 rw-p 00000000 00:00 0 
7fafec021000-7faff0000000 ---p 00000000 00:00 0 
7faff0000000-7faff0021000 rw-p 00000000 00:00 0 
7faff0021000-7faff4000000 ---p 00000000 00:00 0 
7faff4000000-7faff4021000 rw-p 00000000 00:00 0 
7faff4021000-7faff8000000 ---p 00000000 00:00 0 
7faff8000000-7faff8021000 rw-p 00000000 00:00 0 
7faff8021000-7faffc000000 ---p 00000000 00:00 0 
7faffc000000-7faffc021000 rw-p 00000000 00:00 0 
7faffc021000-7fb000000000 ---p 00000000 00:00 0 
7fb000000000-7fb000e4e000 rw-p 00000000 00:00 0 
7fb000e4e000-7fb004000000 ---p 00000000 00:00 0 
7fb004000000-7fb004021000 rw-p 00000000 00:00 0 
7fb004021000-7fb008000000 ---p 00000000 00:00 0 
7fb008000000-7fb008021000 rw-p 00000000 00:00 0 
7fb008021000-7fb00c000000 ---p 00000000 00:00 0 
7fb00c000000-7fb00c021000 rw-p 00000000 00:00 0 
7fb00c021000-7fb010000000 ---p 00000000 00:00 0 
7fb010000000-7fb01002a000 rw-p 00000000 00:00 0 
7fb01002a000-7fb014000000 ---p 00000000 00:00 0 
7fb014000000-7fb015185000 rw-p 00000000 00:00 0 
7fb015185000-7fb018000000 ---p 00000000 00:00 0 
7fb018000000-7fb018021000 rw-p 00000000 00:00 0 
7fb018021000-7fb01c000000 ---p 00000000 00:00 0 
7fb01c000000-7fb01c021000 rw-p 00000000 00:00 0 
7fb01c021000-7fb020000000 ---p 00000000 00:00 0 
7fb020000000-7fb02115b000 rw-p 00000000 00:00 0 
7fb02115b000-7fb024000000 ---p 00000000 00:00 0 
7fb024000000-7fb024021000 rw-p 00000000 00:00 0 
7fb024021000-7fb028000000 ---p 00000000 00:00 0 
7fb028000000-7fb028021000 rw-p 00000000 00:00 0 
7fb028021000-7fb02c000000 ---p 00000000 00:00 0 
7fb02c000000-7fb02c021000 rw-p 00000000 00:00 0 
7fb02c021000-7fb030000000 ---p 00000000 00:00 0 
7fb030000000-7fb030021000 rw-p 00000000 00:00 0 
7fb030021000-7fb034000000 ---p 00000000 00:00 0 
7fb034000000-7fb034021000 rw-p 00000000 00:00 0 
7fb034021000-7fb038000000 ---p 00000000 00:00 0 
7fb03b000000-7fb03b002000 r--s 0000c000 08:01 8258553                    /home/raihan/OpenSrpWorkSpace/opensrp-client/opensrp-app/libs/butterknife-7.0.1.jar
7fb03b017000-7fb03b018000 rw-p 00000000 00:00 0 
7fb03b018000-7fb03b01b000 ---p 00000000 00:00 0 
7fb03b01b000-7fb03b119000 rw-p 00000000 00:00 0 
7fb03b119000-7fb03b11c000 ---p 00000000 00:00 0 
7fb03b11c000-7fb03b21a000 rw-p 00000000 00:00 0 
7fb03b21a000-7fb03b21d000 ---p 00000000 00:00 0 
7fb03b21d000-7fb03b31b000 rw-p 00000000 00:00 0 
7fb03b31b000-7fb03b31e000 ---p 00000000 00:00 0 
7fb03b31e000-7fb03b41c000 rw-p 00000000 00:00 0 
7fb03b41c000-7fb03b41f000 ---p 00000000 00:00 0 
7fb03b41f000-7fb03b51d000 rw-p 00000000 00:00 0                          [stack:22701]
7fb03b51d000-7fb03b520000 ---p 00000000 00:00 0 
7fb03b520000-7fb03b61e000 rw-p 00000000 00:00 0                          [stack:22700]
7fb03b61e000-7fb03b621000 ---p 00000000 00:00 0 
7fb03b621000-7fb03b71f000 rw-p 00000000 00:00 0                          [stack:22699]
7fb03b71f000-7fb03b722000 ---p 00000000 00:00 0 
7fb03b722000-7fb03b820000 rw-p 00000000 00:00 0                          [stack:22698]
7fb03b820000-7fb03b828000 r--s 000a8000 08:01 7733561                    /home/raihan/android-studio/gradle/m2repository/com/android/tools/external/lombok/lombok-ast/0.2.3/lombok-ast-0.2.3.jar
7fb03b828000-7fb03b82a000 r--s 0000d000 08:01 7733686                    /home/raihan/android-studio/gradle/m2repository/commons-codec/commons-codec/1.4/commons-codec-1.4.jar
7fb03b82a000-7fb03b82c000 r--s 0000d000 08:01 7211158                    /home/raihan/android-studio/gradle/m2repository/commons-logging/commons-logging/1.1.1/commons-logging-1.1.1.jar
7fb03b82c000-7fb03b831000 r--s 00028000 08:01 7082089                    /home/raihan/android-studio/gradle/m2repository/org/apache/httpcomponents/httpcore/4.1/httpcore-4.1.jar
7fb03b831000-7fb03b832000 r--s 00004000 08:01 5778282                    /home/raihan/android-studio/gradle/m2repository/org/ow2/asm/asm-analysis/5.0.3/asm-analysis-5.0.3.jar
7fb03b832000-7fb03b835000 r--s 0002b000 08:01 131255                     /home/raihan/.gradle/caches/modules-2/files-2.1/com.android.tools.lint/lint-api/24.2.3/c3648cf4ae2ff004360e31ed177271d88ecd093a/lint-api-24.2.3.jar
7fb03b835000-7fb03b836000 r--s 0000a000 08:01 7341712                    /home/raihan/android-studio/gradle/m2repository/net/sf/kxml/kxml2/2.3.0/kxml2-2.3.0.jar
7fb03b836000-7fb03b861000 r--s 001f9000 08:01 7733446                    /home/raihan/android-studio/gradle/m2repository/com/google/guava/guava/17.0/guava-17.0.jar
7fb03b861000-7fb03b863000 r--s 00005000 08:01 6950263                    /home/raihan/android-studio/gradle/m2repository/org/apache/httpcomponents/httpmime/4.1/httpmime-4.1.jar
7fb03b863000-7fb03b86b000 r--s 0004e000 08:01 6818273                    /home/raihan/android-studio/gradle/m2repository/org/apache/httpcomponents/httpclient/4.1.1/httpclient-4.1.1.jar
7fb03b86b000-7fb03b872000 r--s 00053000 08:01 6557427                    /home/raihan/android-studio/gradle/m2repository/org/apache/commons/commons-compress/1.8.1/commons-compress-1.8.1.jar
7fb03b872000-7fb03b873000 r--s 00005000 08:01 131254                     /home/raihan/.gradle/caches/modules-2/files-2.1/com.android.tools/dvlib/24.2.3/14e95bd58c53762138210f48eeb5d670e11ccdba/dvlib-24.2.3.jar
7fb03b873000-7fb03b876000 r--s 00012000 08:01 131253                     /home/raihan/.gradle/caches/modules-2/files-2.1/com.android.tools.layoutlib/layoutlib-api/24.2.3/267861b0cc93c5c9cf85d901e9e1e975ae109fd/layoutlib-api-24.2.3.jar
7fb03b876000-7fb03b877000 r--s 00001000 08:01 131252                     /home/raihan/.gradle/caches/modules-2/files-2.1/com.android.tools/annotations/24.2.3/5cfce42220293835e7988ceefd9b0f4e9f284791/annotations-24.2.3.jar
7fb03b877000-7fb03b887000 r--s 000d3000 08:01 7341720                    /home/raihan/android-studio/gradle/m2repository/net/sf/proguard/proguard-base/5.1/proguard-base-5.1.jar
7fb03b887000-7fb03b899000 r--s 00220000 08:01 6298723                    /home/raihan/android-studio/gradle/m2repository/org/eclipse/jdt/core/compiler/ecj/4.4/ecj-4.4.jar
7fb03b899000-7fb03b89f000 r--s 00093000 08:01 131251                     /home/raihan/.gradle/caches/modules-2/files-2.1/com.android.tools.lint/lint-checks/24.2.3/59fb927f5817e16796297140add6c879ee752f37/lint-checks-24.2.3.jar
7fb03b89f000-7fb03b8a4000 r--s 0002a000 08:01 7733436                    /home/raihan/android-studio/gradle/m2repository/com/google/code/gson/gson/2.2.4/gson-2.2.4.jar
7fb03b8a4000-7fb03b8a6000 r--s 00006000 08:01 5640140                    /home/raihan/android-studio/gradle/m2repository/org/ow2/asm/asm-tree/5.0.3/asm-tree-5.0.3.jar
7fb03b8a6000-7fb03b8a7000 r--s 0000c000 08:01 5640128                    /home/raihan/android-studio/gradle/m2repository/org/ow2/asm/asm/5.0.3/asm-5.0.3.jar
7fb03b8a7000-7fb03b8da000 r--s 00203000 08:01 6434684                    /home/raihan/android-studio/gradle/m2repository/org/bouncycastle/bcprov-jdk15on/1.48/bcprov-jdk15on-1.48.jar
7fb03b8da000-7fb03b8e8000 r--s 00081000 08:01 6434679                    /home/raihan/android-studio/gradle/m2repository/org/bouncycastle/bcpkix-jdk15on/1.48/bcpkix-jdk15on-1.48.jar
7fb03b8e8000-7fb03b8ea000 r--s 00002000 08:01 7733674                    /home/raihan/android-studio/gradle/m2repository/com/squareup/javawriter/2.5.0/javawriter-2.5.0.jar
7fb03b8ea000-7fb03b8ef000 r--s 00042000 08:01 131250                     /home/raihan/.gradle/caches/modules-2/files-2.1/com.android.tools.ddms/ddmlib/24.2.3/72e612ad93e7b12d8f71c584f1f65a81e864e4de/ddmlib-24.2.3.jar
7fb03b8ef000-7fb03b8f3000 r--s 00029000 08:01 131249                     /home/raihan/.gradle/caches/modules-2/files-2.1/com.android.tools.build/manifest-merger/24.2.3/ac192088836974da767392eadc3beb16d37b65b3/manifest-merger-24.2.3.jar
7fb03b8f3000-7fb03b8f9000 r--s 0005f000 08:01 131247                     /home/raihan/.gradle/caches/modules-2/files-2.1/com.android.tools/sdk-common/24.2.3/c59b15bdc3aaf46b13491827d8a6abaa6d5213b3/sdk-common-24.2.3.jar
7fb03b8f9000-7fb03b8fc000 ---p 00000000 00:00 0 
7fb03b8fc000-7fb03b9fa000 rw-p 00000000 00:00 0                          [stack:22696]
7fb03b9fa000-7fb03b9fd000 ---p 00000000 00:00 0 
7fb03b9fd000-7fb03bafb000 rw-p 00000000 00:00 0                          [stack:22692]
7fb03bafb000-7fb03bafe000 ---p 00000000 00:00 0 
7fb03bafe000-7fb03bbfc000 rw-p 00000000 00:00 0                          [stack:22689]
7fb03bbfc000-7fb03bbff000 ---p 00000000 00:00 0 
7fb03bbff000-7fb03bcfd000 rw-p 00000000 00:00 0                          [stack:22688]
7fb03bcfd000-7fb03bd00000 ---p 00000000 00:00 0 
7fb03bd00000-7fb03bdfe000 rw-p 00000000 00:00 0                          [stack:22686]
7fb03bdfe000-7fb03be01000 ---p 00000000 00:00 0 
7fb03be01000-7fb03beff000 rw-p 00000000 00:00 0                          [stack:22685]
7fb03beff000-7fb03bf02000 ---p 00000000 00:00 0 
7fb03bf02000-7fb03c000000 rw-p 00000000 00:00 0                          [stack:22684]
7fb03c000000-7fb03c028000 rw-p 00000000 00:00 0 
7fb03c028000-7fb040000000 ---p 00000000 00:00 0 
7fb040000000-7fb040002000 r--s 00012000 08:01 131248                     /home/raihan/.gradle/caches/modules-2/files-2.1/com.android.tools/common/24.2.3/1bcbdeecd08852eba2954b8376ef8cbf7704b39b/common-24.2.3.jar
7fb040002000-7fb04000c000 r--s 000a9000 08:01 131246                     /home/raihan/.gradle/caches/modules-2/files-2.1/com.android.tools/sdklib/24.2.3/2e1b33d6544db11d30fa0037ee6751675ae42329/sdklib-24.2.3.jar
7fb04000c000-7fb04000d000 r--s 00002000 08:01 131245                     /home/raihan/.gradle/caches/modules-2/files-2.1/com.android.tools.build/builder-test-api/1.2.3/821301502b154d3a66d93b72bcb9ffeba4487acd/builder-test-api-1.2.3.jar
7fb04000d000-7fb04000f000 r--s 00004000 08:01 131244                     /home/raihan/.gradle/caches/modules-2/files-2.1/com.android.tools.build/builder-model/1.2.3/31a6a8af1d5a4f528a5d0fa567fcd8234d100bd1/builder-model-1.2.3.jar
7fb04000f000-7fb040010000 r--s 00002000 08:01 7472876                    /home/raihan/android-studio/gradle/m2repository/net/sf/proguard/proguard-gradle/5.1/proguard-gradle-5.1.jar
7fb040010000-7fb040012000 r--s 0001a000 08:01 131243                     /home/raihan/.gradle/caches/modules-2/files-2.1/com.android.tools.lint/lint/24.2.3/3b2976b2b1b2e8cb13cb2224da81f624081db38a/lint-24.2.3.jar
7fb040012000-7fb040017000 r--s 00039000 08:01 131242                     /home/raihan/.gradle/caches/modules-2/files-2.1/com.android.tools.build/builder/1.2.3/4530e2d560877a7a514b63500e7263c973ee2413/builder-1.2.3.jar
7fb040017000-7fb04002a000 r--s 0015d000 08:01 131241                     /home/raihan/.gradle/caches/modules-2/files-2.1/com.android.tools.build/gradle-core/1.2.3/4a448f6ea508a2b547a3fea4033d2b68d287a188/gradle-core-1.2.3.jar
7fb04002a000-7fb04002b000 r--s 00003000 08:01 131240                     /home/raihan/.gradle/caches/modules-2/files-2.1/org.robolectric/robolectric-gradle-plugin/1.1.0/cbb2b1e3343933d1a3254d0f79b31e0bb8c45274/robolectric-gradle-plugin-1.1.0.jar
7fb04002b000-7fb040032000 r--s 0005e000 08:01 6689878                    /home/raihan/android-studio/gradle/m2repository/org/apache/commons/commons-lang3/3.3.2/commons-lang3-3.3.2.jar
7fb040032000-7fb040034000 r--s 0000c000 08:01 131239                     /home/raihan/.gradle/caches/modules-2/files-2.1/com.android.tools.build/gradle/1.2.3/2fc5a2f1ac2e86c5c4bb57241330198b2355e621/gradle-1.2.3.jar
7fb040034000-7fb04003e000 r--s 000ae000 08:01 5508149                    /usr/lib/jvm/java-7-openjdk-amd64/jre/lib/resources.jar
7fb04003e000-7fb040041000 ---p 00000000 00:00 0 
7fb040041000-7fb040077000 rw-p 00000000 00:00 0                          [stack:22694]
7fb040077000-7fb040078000 r--p 00000000 00:00 0 
7fb040078000-7fb0400e3000 r--s 0069d000 08:01 5918015                    /usr/lib/jvm/java-7-openjdk-amd64/lib/tools.jar
7fb0400e3000-7fb0400ea000 r--s 00000000 08:01 5118713                    /usr/lib/x86_64-linux-gnu/gconv/gconv-modules.cache
7fb0400ea000-7fb0400ee000 r--s 0004f000 08:01 5508158                    /usr/lib/jvm/java-7-openjdk-amd64/jre/lib/jsse.jar
7fb0400ee000-7fb0400ef000 r--s 00001000 08:01 7211414                    /home/raihan/.gradle/wrapper/dists/gradle-2.3-all/w01pvxy5gty3tegjrai84pm3/gradle-2.3/lib/plugins/gradle-plugin-development-2.3.jar
7fb0400ef000-7fb0400f1000 r--s 00002000 08:01 7211413                    /home/raihan/.gradle/wrapper/dists/gradle-2.3-all/w01pvxy5gty3tegjrai84pm3/gradle-2.3/lib/plugins/gradle-cunit-2.3.jar
7fb0400f1000-7fb0400f6000 r--s 00036000 08:01 7211412                    /home/raihan/.gradle/wrapper/dists/gradle-2.3-all/w01pvxy5gty3tegjrai84pm3/gradle-2.3/lib/plugins/gradle-ide-native-2.3.jar
7fb0400f6000-7fb0400fb000 r--s 00015000 08:01 7211411                    /home/raihan/.gradle/wrapper/dists/gradle-2.3-all/w01pvxy5gty3tegjrai84pm3/gradle-2.3/lib/plugins/gradle-language-native-2.3.jar
7fb0400fb000-7fb040100000 r--s 00019000 08:01 7211410                    /home/raihan/.gradle/wrapper/dists/gradle-2.3-all/w01pvxy5gty3tegjrai84pm3/gradle-2.3/lib/plugins/gradle-platform-play-2.3.jar
7fb040100000-7fb04010c000 r--s 0004e000 08:01 7211409                    /home/raihan/.gradle/wrapper/dists/gradle-2.3-all/w01pvxy5gty3tegjrai84pm3/gradle-2.3/lib/plugins/gradle-platform-native-2.3.jar
7fb04010c000-7fb04010e000 r--s 00008000 08:01 7211408                    /home/raihan/.gradle/wrapper/dists/gradle-2.3-all/w01pvxy5gty3tegjrai84pm3/gradle-2.3/lib/plugins/gradle-language-scala-2.3.jar
7fb04010e000-7fb040110000 r--s 00008000 08:01 7211407                    /home/raihan/.gradle/wrapper/dists/gradle-2.3-all/w01pvxy5gty3tegjrai84pm3/gradle-2.3/lib/plugins/gradle-language-groovy-2.3.jar
7fb040110000-7fb040115000 r--s 00022000 08:01 7211406                    /home/raihan/.gradle/wrapper/dists/gradle-2.3-all/w01pvxy5gty3tegjrai84pm3/gradle-2.3/lib/plugins/gradle-language-java-2.3.jar
7fb040115000-7fb040117000 r--s 00008000 08:01 7211405                    /home/raihan/.gradle/wrapper/dists/gradle-2.3-all/w01pvxy5gty3tegjrai84pm3/gradle-2.3/lib/plugins/gradle-language-jvm-2.3.jar
7fb040117000-7fb040119000 r--s 00009000 08:01 7211404                    /home/raihan/.gradle/wrapper/dists/gradle-2.3-all/w01pvxy5gty3tegjrai84pm3/gradle-2.3/lib/plugins/gradle-platform-jvm-2.3.jar
7fb040119000-7fb04011f000 r--s 0001a000 08:01 7211403                    /home/raihan/.gradle/wrapper/dists/gradle-2.3-all/w01pvxy5gty3tegjrai84pm3/gradle-2.3/lib/plugins/gradle-platform-base-2.3.jar
7fb04011f000-7fb040124000 r--s 00026000 08:01 7211402                    /home/raihan/.gradle/wrapper/dists/gradle-2.3-all/w01pvxy5gty3tegjrai84pm3/gradle-2.3/lib/plugins/gradle-build-init-2.3.jar
7fb040124000-7fb040127000 r--s 0001c000 08:01 7211401                    /home/raihan/.gradle/wrapper/dists/gradle-2.3-all/w01pvxy5gty3tegjrai84pm3/gradle-2.3/lib/plugins/gradle-jacoco-2.3.jar
7fb040127000-7fb04012a000 r--s 0000e000 08:01 7211400                    /home/raihan/.gradle/wrapper/dists/gradle-2.3-all/w01pvxy5gty3tegjrai84pm3/gradle-2.3/lib/plugins/gradle-ivy-2.3.jar
7fb04012a000-7fb04012c000 r--s 00002000 08:01 7211399                    /home/raihan/.gradle/wrapper/dists/gradle-2.3-all/w01pvxy5gty3tegjrai84pm3/gradle-2.3/lib/plugins/gradle-publish-2.3.jar
7fb04012c000-7fb04012e000 r--s 00005000 08:01 7211437                    /home/raihan/.gradle/wrapper/dists/gradle-2.3-all/w01pvxy5gty3tegjrai84pm3/gradle-2.3/lib/plugins/jatl-0.2.2.jar
7fb04012e000-7fb040130000 r--s 0000f000 08:01 7211398                    /home/raihan/.gradle/wrapper/dists/gradle-2.3-all/w01pvxy5gty3tegjrai84pm3/gradle-2.3/lib/plugins/gradle-reporting-2.3.jar
7fb040130000-7fb040136000 r--s 00035000 08:01 7211397                    /home/raihan/.gradle/wrapper/dists/gradle-2.3-all/w01pvxy5gty3tegjrai84pm3/gradle-2.3/lib/plugins/gradle-diagnostics-2.3.jar
7fb040136000-7fb04013d000 r--s 00094000 08:01 7211396                    /home/raihan/.gradle/wrapper/dists/gradle-2.3-all/w01pvxy5gty3tegjrai84pm3/gradle-2.3/lib/plugins/gradle-build-comparison-2.3.jar
7fb04013d000-7fb040144000 r--s 00035000 08:01 7211436                    /home/raihan/.gradle/wrapper/dists/gradle-2.3-all/w01pvxy5gty3tegjrai84pm3/gradle-2.3/lib/plugins/simple-4.1.21.jar
7fb040144000-7fb040150000 r--s 00100000 08:01 7211434                    /home/raihan/.gradle/wrapper/dists/gradle-2.3-all/w01pvxy5gty3tegjrai84pm3/gradle-2.3/lib/plugins/rhino-1.7R3.jar
7fb040150000-7fb040155000 r--s 0001f000 08:01 7211395                    /home/raihan/.gradle/wrapper/dists/gradle-2.3-all/w01pvxy5gty3tegjrai84pm3/gradle-2.3/lib/plugins/gradle-javascript-2.3.jar
7fb040155000-7fb040157000 r--s 0000e000 08:01 7211394                    /home/raihan/.gradle/wrapper/dists/gradle-2.3-all/w01pvxy5gty3tegjrai84pm3/gradle-2.3/lib/plugins/gradle-ear-2.3.jar
7fb040157000-7fb04015e000 r--s 00038000 08:01 7211433                    /home/raihan/.gradle/wrapper/dists/gradle-2.3-all/w01pvxy5gty3tegjrai84pm3/gradle-2.3/lib/plugins/bcpg-jdk15on-1.51.jar
7fb04015e000-7fb040161000 r--s 0001d000 08:01 7211393                    /home/raihan/.gradle/wrapper/dists/gradle-2.3-all/w01pvxy5gty3tegjrai84pm3/gradle-2.3/lib/plugins/gradle-signing-2.3.jar
7fb040161000-7fb040162000 r--s 00002000 08:01 7211432                    /home/raihan/.gradle/wrapper/dists/gradle-2.3-all/w01pvxy5gty3tegjrai84pm3/gradle-2.3/lib/plugins/sonar-batch-bootstrapper-2.9.jar
7fb040162000-7fb040165000 r--s 00018000 08:01 7211392                    /home/raihan/.gradle/wrapper/dists/gradle-2.3-all/w01pvxy5gty3tegjrai84pm3/gradle-2.3/lib/plugins/gradle-sonar-2.3.jar
7fb040165000-7fb040168000 r--s 00013000 08:01 7211391                    /home/raihan/.gradle/wrapper/dists/gradle-2.3-all/w01pvxy5gty3tegjrai84pm3/gradle-2.3/lib/plugins/gradle-scala-2.3.jar
7fb040168000-7fb040169000 r--s 0000e000 08:01 7211390                    /home/raihan/.gradle/wrapper/dists/gradle-2.3-all/w01pvxy5gty3tegjrai84pm3/gradle-2.3/lib/plugins/gradle-announce-2.3.jar
7fb040169000-7fb040176000 r--s 000b9000 08:01 7211389                    /home/raihan/.gradle/wrapper/dists/gradle-2.3-all/w01pvxy5gty3tegjrai84pm3/gradle-2.3/lib/plugins/gradle-ide-2.3.jar
7fb040176000-7fb040178000 r--s 00000000 08:01 7211431                    /home/raihan/.gradle/wrapper/dists/gradle-2.3-all/w01pvxy5gty3tegjrai84pm3/gradle-2.3/lib/plugins/plexus-component-annotations-1.5.2.jar
7fb040178000-7fb04017b000 r--s 0000c000 08:01 7211430                    /home/raihan/.gradle/wrapper/dists/gradle-2.3-all/w01pvxy5gty3tegjrai84pm3/gradle-2.3/lib/plugins/pmaven-groovy-0.8-20100325.jar
7fb04017b000-7fb04017c000 r--s 00004000 08:01 7211429                    /home/raihan/.gradle/wrapper/dists/gradle-2.3-all/w01pvxy5gty3tegjrai84pm3/gradle-2.3/lib/plugins/pmaven-common-0.8-20100325.jar
7fb04017c000-7fb040182000 r--s 0001e000 08:01 7211388                    /home/raihan/.gradle/wrapper/dists/gradle-2.3-all/w01pvxy5gty3tegjrai84pm3/gradle-2.3/lib/plugins/gradle-maven-2.3.jar
7fb040182000-7fb04019a000 r--s 0013b000 08:01 7211427                    /home/raihan/.gradle/wrapper/dists/gradle-2.3-all/w01pvxy5gty3tegjrai84pm3/gradle-2.3/lib/plugins/bndlib-2.1.0.jar
7fb04019a000-7fb04019c000 r--s 00004000 08:01 7211387                    /home/raihan/.gradle/wrapper/dists/gradle-2.3-all/w01pvxy5gty3tegjrai84pm3/gradle-2.3/lib/plugins/gradle-osgi-2.3.jar
7fb04019c000-7fb04019e000 r--s 00004000 08:01 7211386                    /home/raihan/.gradle/wrapper/dists/gradle-2.3-all/w01pvxy5gty3tegjrai84pm3/gradle-2.3/lib/plugins/gradle-antlr-2.3.jar
7fb04019e000-7fb0401a1000 r--s 0001e000 08:01 7211448                    /home/raihan/.gradle/wrapper/dists/gradle-2.3-all/w01pvxy5gty3tegjrai84pm3/gradle-2.3/lib/plugins/jsp-api-2.1-6.1.14.jar
7fb0401a1000-7fb0401c4000 r--s 00344000 08:01 7211447                    /home/raihan/.gradle/wrapper/dists/gradle-2.3-all/w01pvxy5gty3tegjrai84pm3/gradle-2.3/lib/plugins/core-3.1.1.jar
7fb0401c4000-7fb0401c5000 r--s 00006000 08:01 7211446                    /home/raihan/.gradle/wrapper/dists/gradle-2.3-all/w01pvxy5gty3tegjrai84pm3/gradle-2.3/lib/plugins/jetty-naming-6.1.25.jar
7fb0401c5000-7fb0401c7000 r--s 00002000 08:01 7211425                    /home/raihan/.gradle/wrapper/dists/gradle-2.3-all/w01pvxy5gty3tegjrai84pm3/gradle-2.3/lib/plugins/jetty-annotations-6.1.25.jar
7fb0401c7000-7fb0401d8000 r--s 000ea000 08:01 7211424                    /home/raihan/.gradle/wrapper/dists/gradle-2.3-all/w01pvxy5gty3tegjrai84pm3/gradle-2.3/lib/plugins/jsp-2.1-6.1.14.jar
7fb0401d8000-7fb0401da000 r--s 0000d000 08:01 7211423                    /home/raihan/.gradle/wrapper/dists/gradle-2.3-all/w01pvxy5gty3tegjrai84pm3/gradle-2.3/lib/plugins/jetty-plus-6.1.25.jar
7fb0401da000-7fb0401dc000 r--s 0001f000 08:01 7211422                    /home/raihan/.gradle/wrapper/dists/gradle-2.3-all/w01pvxy5gty3tegjrai84pm3/gradle-2.3/lib/plugins/servlet-api-2.5-20081211.jar
7fb0401dc000-7fb0401e0000 r--s 00028000 08:01 7211421                    /home/raihan/.gradle/wrapper/dists/gradle-2.3-all/w01pvxy5gty3tegjrai84pm3/gradle-2.3/lib/plugins/jetty-util-6.1.25.jar
7fb0401e0000-7fb0401e7000 r--s 0007d000 08:01 7211420                    /home/raihan/.gradle/wrapper/dists/gradle-2.3-all/w01pvxy5gty3tegjrai84pm3/gradle-2.3/lib/plugins/jetty-6.1.25.jar
7fb0401e7000-7fb0401e9000 r--s 00009000 08:01 7211385                    /home/raihan/.gradle/wrapper/dists/gradle-2.3-all/w01pvxy5gty3tegjrai84pm3/gradle-2.3/lib/plugins/gradle-jetty-2.3.jar
7fb0401e9000-7fb0401ee000 r--s 00041000 08:01 7211384                    /home/raihan/.gradle/wrapper/dists/gradle-2.3-all/w01pvxy5gty3tegjrai84pm3/gradle-2.3/lib/plugins/gradle-code-quality-2.3.jar
7fb0401ee000-7fb0401f0000 r--s 00009000 08:01 7211456                    /home/raihan/.gradle/wrapper/dists/gradle-2.3-all/w01pvxy5gty3tegjrai84pm3/gradle-2.3/lib/plugins/hamcrest-core-1.3.jar
7fb0401f0000-7fb0401f6000 r--s 00033000 08:01 7211445                    /home/raihan/.gradle/wrapper/dists/gradle-2.3-all/w01pvxy5gty3tegjrai84pm3/gradle-2.3/lib/plugins/snakeyaml-1.6.jar
7fb0401f6000-7fb0401f8000 r--s 00006000 08:01 7211444                    /home/raihan/.gradle/wrapper/dists/gradle-2.3-all/w01pvxy5gty3tegjrai84pm3/gradle-2.3/lib/plugins/jcommander-1.12.jar
7fb0401f8000-7fb0401fd000 r--s 00040000 08:01 7211443                    /home/raihan/.gradle/wrapper/dists/gradle-2.3-all/w01pvxy5gty3tegjrai84pm3/gradle-2.3/lib/plugins/bsh-2.0b4.jar
7fb0401fd000-7fb0401ff000 r--s 00009000 08:01 7211419                    /home/raihan/.gradle/wrapper/dists/gradle-2.3-all/w01pvxy5gty3tegjrai84pm3/gradle-2.3/lib/plugins/commons-cli-1.2.jar
7fb0401ff000-7fb040208000 r--s 00089000 08:01 7211418                    /home/raihan/.gradle/wrapper/dists/gradle-2.3-all/w01pvxy5gty3tegjrai84pm3/gradle-2.3/lib/plugins/testng-6.3.1.jar
7fb040208000-7fb04020e000 r--s 00036000 08:01 7211417                    /home/raihan/.gradle/wrapper/dists/gradle-2.3-all/w01pvxy5gty3tegjrai84pm3/gradle-2.3/lib/plugins/junit-4.11.jar
7fb04020e000-7fb04021a000 r--s 00078000 08:01 7211383                    /home/raihan/.gradle/wrapper/dists/gradle-2.3-all/w01pvxy5gty3tegjrai84pm3/gradle-2.3/lib/plugins/gradle-plugins-2.3.jar
7fb04021a000-7fb04021f000 r--s 0002a000 08:01 7211435                    /home/raihan/.gradle/wrapper/dists/gradle-2.3-all/w01pvxy5gty3tegjrai84pm3/gradle-2.3/lib/plugins/gson-2.2.4.jar
7fb04021f000-7fb040223000 r--s 00010000 08:01 7211415                    /home/raihan/.gradle/wrapper/dists/gradle-2.3-all/w01pvxy5gty3tegjrai84pm3/gradle-2.3/lib/plugins/gradle-plugin-use-2.3.jar
7fb040223000-7fb04023b000 r--s 00115000 08:01 7211454                    /home/raihan/.gradle/wrapper/dists/gradle-2.3-all/w01pvxy5gty3tegjrai84pm3/gradle-2.3/lib/plugins/xercesImpl-2.9.1.jar
7fb04023b000-7fb040243000 r--s 00028000 08:01 7211455                    /home/raihan/.gradle/wrapper/dists/gradle-2.3-all/w01pvxy5gty3tegjrai84pm3/gradle-2.3/lib/plugins/xml-apis-1.3.04.jar
7fb040243000-7fb040249000 r--s 0005b000 08:01 7211453                    /home/raihan/.gradle/wrapper/dists/gradle-2.3-all/w01pvxy5gty3tegjrai84pm3/gradle-2.3/lib/plugins/jcifs-1.3.17.jar
7fb040249000-7fb04024f000 r--s 00031000 08:01 7211452                    /home/raihan/.gradle/wrapper/dists/gradle-2.3-all/w01pvxy5gty3tegjrai84pm3/gradle-2.3/lib/plugins/httpcore-4.2.2.jar
7fb04024f000-7fb040255000 r--s 00033000 08:01 7211451                    /home/raihan/.gradle/wrapper/dists/gradle-2.3-all/w01pvxy5gty3tegjrai84pm3/gradle-2.3/lib/plugins/commons-codec-1.6.jar
7fb040255000-7fb040258000 r--s 0001c000 08:01 7211450                    /home/raihan/.gradle/wrapper/dists/gradle-2.3-all/w01pvxy5gty3tegjrai84pm3/gradle-2.3/lib/plugins/nekohtml-1.9.14.jar
7fb040258000-7fb040261000 r--s 00060000 08:01 7211449                    /home/raihan/.gradle/wrapper/dists/gradle-2.3-all/w01pvxy5gty3tegjrai84pm3/gradle-2.3/lib/plugins/httpclient-4.2.2.jar
7fb040261000-7fb040263000 r--s 00007000 08:01 7211438                    /home/raihan/.gradle/wrapper/dists/gradle-2.3-all/w01pvxy5gty3tegjrai84pm3/gradle-2.3/lib/plugins/gradle-resources-http-2.3.jar
7fb040263000-7fb0402a3000 r--s 00277000 08:01 7211442                    /home/raihan/.gradle/wrapper/dists/gradle-2.3-all/w01pvxy5gty3tegjrai84pm3/gradle-2.3/lib/plugins/bcprov-jdk15on-1.51.jar
7fb0402a3000-7fb0402a7000 r--s 0001d000 08:01 7211441                    /home/raihan/.gradle/wrapper/dists/gradle-2.3-all/w01pvxy5gty3tegjrai84pm3/gradle-2.3/lib/plugins/xbean-reflect-3.4.jar
7fb0402a7000-7fb0402ab000 r--s 0003d000 08:01 7211440                    /home/raihan/.gradle/wrapper/dists/gradle-2.3-all/w01pvxy5gty3tegjrai84pm3/gradle-2.3/lib/plugins/jsch-0.1.51.jar
7fb0402ab000-7fb0402c4000 r--s 00129000 08:01 7211428                    /home/raihan/.gradle/wrapper/dists/gradle-2.3-all/w01pvxy5gty3tegjrai84pm3/gradle-2.3/lib/plugins/maven-ant-tasks-2.1.3.jar
7fb0402c4000-7fb0402d3000 r--s 000d9000 08:01 7211439                    /home/raihan/.gradle/wrapper/dists/gradle-2.3-all/w01pvxy5gty3tegjrai84pm3/gradle-2.3/lib/plugins/ivy-2.2.0.jar
7fb0402d3000-7fb0402d7000 r--s 0001e000 08:01 7211382                    /home/raihan/.gradle/wrapper/dists/gradle-2.3-all/w01pvxy5gty3tegjrai84pm3/gradle-2.3/lib/plugins/jarjar-aether-impl-1.13.1.jar
7fb0402d7000-7fb0402da000 r--s 00027000 08:01 7211381                    /home/raihan/.gradle/wrapper/dists/gradle-2.3-all/w01pvxy5gty3tegjrai84pm3/gradle-2.3/lib/plugins/jarjar-maven-model-3.0.4.jar
7fb0402da000-7fb0402e7000 r--s 00083000 08:01 7211377                    /home/raihan/.gradle/wrapper/dists/gradle-2.3-all/w01pvxy5gty3tegjrai84pm3/gradle-2.3/lib/plugins/jarjar-maven-core-3.0.4.jar
7fb0402e7000-7fb0402eb000 r-xp 00000000 08:01 6558808                    /home/raihan/.gradle/daemon/native/19/linux-amd64/libnative-platform.so
7fb0402eb000-7fb0404ea000 ---p 00004000 08:01 6558808                    /home/raihan/.gradle/daemon/native/19/linux-amd64/libnative-platform.so
7fb0404ea000-7fb0404eb000 rw-p 00003000 08:01 6558808                    /home/raihan/.gradle/daemon/native/19/linux-amd64/libnative-platform.so
7fb0404eb000-7fb0404fb000 r-xp 00000000 08:01 5917910                    /usr/lib/jvm/java-7-openjdk-amd64/jre/lib/amd64/libnio.so
7fb0404fb000-7fb0406fb000 ---p 00010000 08:01 5917910                    /usr/lib/jvm/java-7-openjdk-amd64/jre/lib/amd64/libnio.so
7fb0406fb000-7fb0406fc000 r--p 00010000 08:01 5917910                    /usr/lib/jvm/java-7-openjdk-amd64/jre/lib/amd64/libnio.so
7fb0406fc000-7fb0406fd000 rw-p 00011000 08:01 5917910                    /usr/lib/jvm/java-7-openjdk-amd64/jre/lib/amd64/libnio.so
7fb0406fd000-7fb04073a000 r-xp 00000000 08:01 790495                     /lib/x86_64-linux-gnu/libpcre.so.3.13.1
7fb04073a000-7fb040939000 ---p 0003d000 08:01 790495                     /lib/x86_64-linux-gnu/libpcre.so.3.13.1
7fb040939000-7fb04093a000 r--p 0003c000 08:01 790495                     /lib/x86_64-linux-gnu/libpcre.so.3.13.1
7fb04093a000-7fb04093b000 rw-p 0003d000 08:01 790495                     /lib/x86_64-linux-gnu/libpcre.so.3.13.1
7fb04093b000-7fb040942000 r-xp 00000000 08:01 4726848                    /usr/lib/x86_64-linux-gnu/libffi.so.6.0.1
7fb040942000-7fb040b41000 ---p 00007000 08:01 4726848                    /usr/lib/x86_64-linux-gnu/libffi.so.6.0.1
7fb040b41000-7fb040b42000 r--p 00006000 08:01 4726848                    /usr/lib/x86_64-linux-gnu/libffi.so.6.0.1
7fb040b42000-7fb040b43000 rw-p 00007000 08:01 4726848                    /usr/lib/x86_64-linux-gnu/libffi.so.6.0.1
7fb040b43000-7fb040b5a000 r-xp 00000000 08:01 786614                     /lib/x86_64-linux-gnu/libresolv-2.19.so
7fb040b5a000-7fb040d5a000 ---p 00017000 08:01 786614                     /lib/x86_64-linux-gnu/libresolv-2.19.so
7fb040d5a000-7fb040d5b000 r--p 00017000 08:01 786614                     /lib/x86_64-linux-gnu/libresolv-2.19.so
7fb040d5b000-7fb040d5c000 rw-p 00018000 08:01 786614                     /lib/x86_64-linux-gnu/libresolv-2.19.so
7fb040d5c000-7fb040d5e000 rw-p 00000000 00:00 0 
7fb040d5e000-7fb040d7e000 r-xp 00000000 08:01 790522                     /lib/x86_64-linux-gnu/libselinux.so.1
7fb040d7e000-7fb040f7d000 ---p 00020000 08:01 790522                     /lib/x86_64-linux-gnu/libselinux.so.1
7fb040f7d000-7fb040f7e000 r--p 0001f000 08:01 790522                     /lib/x86_64-linux-gnu/libselinux.so.1
7fb040f7e000-7fb040f7f000 rw-p 00020000 08:01 790522                     /lib/x86_64-linux-gnu/libselinux.so.1
7fb040f7f000-7fb040f81000 rw-p 00000000 00:00 0 
7fb040f81000-7fb040f84000 r-xp 00000000 08:01 4726965                    /usr/lib/x86_64-linux-gnu/libgmodule-2.0.so.0.4000.0
7fb040f84000-7fb041183000 ---p 00003000 08:01 4726965                    /usr/lib/x86_64-linux-gnu/libgmodule-2.0.so.0.4000.0
7fb041183000-7fb041184000 r--p 00002000 08:01 4726965                    /usr/lib/x86_64-linux-gnu/libgmodule-2.0.so.0.4000.0
7fb041184000-7fb041185000 rw-p 00003000 08:01 4726965                    /usr/lib/x86_64-linux-gnu/libgmodule-2.0.so.0.4000.0
7fb041185000-7fb04128b000 r-xp 00000000 08:01 790423                     /lib/x86_64-linux-gnu/libglib-2.0.so.0.4000.0
7fb04128b000-7fb04148a000 ---p 00106000 08:01 790423                     /lib/x86_64-linux-gnu/libglib-2.0.so.0.4000.0
7fb04148a000-7fb04148b000 r--p 00105000 08:01 790423                     /lib/x86_64-linux-gnu/libglib-2.0.so.0.4000.0
7fb04148b000-7fb04148c000 rw-p 00106000 08:01 790423                     /lib/x86_64-linux-gnu/libglib-2.0.so.0.4000.0
7fb04148c000-7fb04148d000 rw-p 00000000 00:00 0 
7fb04148d000-7fb0415f8000 r-xp 00000000 08:01 4726951                    /usr/lib/x86_64-linux-gnu/libgio-2.0.so.0.4000.0
7fb0415f8000-7fb0417f8000 ---p 0016b000 08:01 4726951                    /usr/lib/x86_64-linux-gnu/libgio-2.0.so.0.4000.0
7fb0417f8000-7fb0417fc000 r--p 0016b000 08:01 4726951                    /usr/lib/x86_64-linux-gnu/libgio-2.0.so.0.4000.0
7fb0417fc000-7fb0417fe000 rw-p 0016f000 08:01 4726951                    /usr/lib/x86_64-linux-gnu/libgio-2.0.so.0.4000.0
7fb0417fe000-7fb044000000 rw-p 00000000 00:00 0 
7fb044000000-7fb04402a000 rw-p 00000000 00:00 0 
7fb04402a000-7fb048000000 ---p 00000000 00:00 0 
7fb048000000-7fb048001000 r--s 00002000 08:01 7211426                    /home/raihan/.gradle/wrapper/dists/gradle-2.3-all/w01pvxy5gty3tegjrai84pm3/gradle-2.3/lib/plugins/geronimo-annotation_1.0_spec-1.0.jar
7fb048001000-7fb048004000 r--s 0000b000 08:01 7211380                    /home/raihan/.gradle/wrapper/dists/gradle-2.3-all/w01pvxy5gty3tegjrai84pm3/gradle-2.3/lib/plugins/jarjar-maven-artifact-3.0.4.jar
7fb048004000-7fb048008000 r--s 0001e000 08:01 7211379                    /home/raihan/.gradle/wrapper/dists/gradle-2.3-all/w01pvxy5gty3tegjrai84pm3/gradle-2.3/lib/plugins/jarjar-aether-util-1.13.1.jar
7fb048008000-7fb04800a000 r--s 00007000 08:01 7211378                    /home/raihan/.gradle/wrapper/dists/gradle-2.3-all/w01pvxy5gty3tegjrai84pm3/gradle-2.3/lib/plugins/jarjar-wagon-http-shared4-2.4.jar
7fb04800a000-7fb04800c000 r--s 00003000 08:01 7211376                    /home/raihan/.gradle/wrapper/dists/gradle-2.3-all/w01pvxy5gty3tegjrai84pm3/gradle-2.3/lib/plugins/jarjar-aether-spi-1.13.1.jar
7fb04800c000-7fb04800e000 r--s 00009000 08:01 7211375                    /home/raihan/.gradle/wrapper/dists/gradle-2.3-all/w01pvxy5gty3tegjrai84pm3/gradle-2.3/lib/plugins/jarjar-maven-settings-builder-3.0.4.jar
7fb04800e000-7fb048012000 r--s 00014000 08:01 7211374                    /home/raihan/.gradle/wrapper/dists/gradle-2.3-all/w01pvxy5gty3tegjrai84pm3/gradle-2.3/lib/plugins/jarjar-aether-api-1.13.1.jar
7fb048012000-7fb048013000 r--s 00002000 08:01 7211373                    /home/raihan/.gradle/wrapper/dists/gradle-2.3-all/w01pvxy5gty3tegjrai84pm3/gradle-2.3/lib/plugins/jarjar-wagon-http-2.4.jar
7fb048013000-7fb04801a000 r--s 00042000 08:01 7211372                    /home/raihan/.gradle/wrapper/dists/gradle-2.3-all/w01pvxy5gty3tegjrai84pm3/gradle-2.3/lib/plugins/jarjar-maven-compat-3.0.4.jar
7fb04801a000-7fb04801c000 r--s 00006000 08:01 7211371                    /home/raihan/.gradle/wrapper/dists/gradle-2.3-all/w01pvxy5gty3tegjrai84pm3/gradle-2.3/lib/plugins/jarjar-aether-connector-wagon-1.13.1.jar
7fb04801c000-7fb04801e000 r--s 00000000 08:01 7211370                    /home/raihan/.gradle/wrapper/dists/gradle-2.3-all/w01pvxy5gty3tegjrai84pm3/gradle-2.3/lib/plugins/jarjar-plexus-component-annotations-1.5.5.jar
7fb04801e000-7fb048020000 r--s 00006000 08:01 7211369                    /home/raihan/.gradle/wrapper/dists/gradle-2.3-all/w01pvxy5gty3tegjrai84pm3/gradle-2.3/lib/plugins/jarjar-plexus-sec-dispatcher-1.3.jar
7fb048020000-7fb048025000 r--s 00022000 08:01 7211368                    /home/raihan/.gradle/wrapper/dists/gradle-2.3-all/w01pvxy5gty3tegjrai84pm3/gradle-2.3/lib/plugins/jarjar-maven-model-builder-3.0.4.jar
7fb048025000-7fb048027000 r--s 0000b000 08:01 7211367                    /home/raihan/.gradle/wrapper/dists/gradle-2.3-all/w01pvxy5gty3tegjrai84pm3/gradle-2.3/lib/plugins/jarjar-maven-plugin-api-3.0.4.jar
7fb048027000-7fb04802a000 r--s 0000a000 08:01 7211366                    /home/raihan/.gradle/wrapper/dists/gradle-2.3-all/w01pvxy5gty3tegjrai84pm3/gradle-2.3/lib/plugins/jarjar-plexus-classworlds-2.4.jar
7fb04802a000-7fb04802e000 r--s 00035000 08:01 7211365                    /home/raihan/.gradle/wrapper/dists/gradle-2.3-all/w01pvxy5gty3tegjrai84pm3/gradle-2.3/lib/plugins/jarjar-plexus-utils-2.0.6.jar
7fb04802e000-7fb048030000 r--s 0000e000 08:01 7211364                    /home/raihan/.gradle/wrapper/dists/gradle-2.3-all/w01pvxy5gty3tegjrai84pm3/gradle-2.3/lib/plugins/jarjar-plexus-interpolation-1.14.jar
7fb048030000-7fb048032000 r--s 00002000 08:01 7211363                    /home/raihan/.gradle/wrapper/dists/gradle-2.3-all/w01pvxy5gty3tegjrai84pm3/gradle-2.3/lib/plugins/jarjar-plexus-cipher-1.7.jar
7fb048032000-7fb048034000 r--s 0000c000 08:01 7211362                    /home/raihan/.gradle/wrapper/dists/gradle-2.3-all/w01pvxy5gty3tegjrai84pm3/gradle-2.3/lib/plugins/jarjar-wagon-provider-api-2.4.jar
7fb048034000-7fb048036000 r--s 0000d000 08:01 7211361                    /home/raihan/.gradle/wrapper/dists/gradle-2.3-all/w01pvxy5gty3tegjrai84pm3/gradle-2.3/lib/plugins/jarjar-maven-aether-provider-3.0.4.jar
7fb048036000-7fb04803e000 r--s 00031000 08:01 7211360                    /home/raihan/.gradle/wrapper/dists/gradle-2.3-all/w01pvxy5gty3tegjrai84pm3/gradle-2.3/lib/plugins/jarjar-plexus-container-default-1.5.5.jar
7fb04803e000-7fb04803f000 r--s 00007000 08:01 7211359                    /home/raihan/.gradle/wrapper/dists/gradle-2.3-all/w01pvxy5gty3tegjrai84pm3/gradle-2.3/lib/plugins/jarjar-maven-repository-metadata-3.0.4.jar
7fb04803f000-7fb048040000 r--s 0000b000 08:01 7211358                    /home/raihan/.gradle/wrapper/dists/gradle-2.3-all/w01pvxy5gty3tegjrai84pm3/gradle-2.3/lib/plugins/jarjar-maven-settings-3.0.4.jar
7fb048040000-7fb048071000 rw-p 00000000 00:00 0 
7fb048071000-7fb0480c0000 r-xp 00000000 08:01 4726981                    /usr/lib/x86_64-linux-gnu/libgobject-2.0.so.0.4000.0
7fb0480c0000-7fb0482c0000 ---p 0004f000 08:01 4726981                    /usr/lib/x86_64-linux-gnu/libgobject-2.0.so.0.4000.0
7fb0482c0000-7fb0482c1000 r--p 0004f000 08:01 4726981                    /usr/lib/x86_64-linux-gnu/libgobject-2.0.so.0.4000.0
7fb0482c1000-7fb0482c2000 rw-p 00050000 08:01 4726981                    /usr/lib/x86_64-linux-gnu/libgobject-2.0.so.0.4000.0
7fb0482c2000-7fb0482db000 r--s 000b7000 08:01 7211416                    /home/raihan/.gradle/wrapper/dists/gradle-2.3-all/w01pvxy5gty3tegjrai84pm3/gradle-2.3/lib/plugins/gradle-dependency-management-2.3.jar
7fb0482db000-7fb0482f2000 r-xp 00000000 08:01 5917886                    /usr/lib/jvm/java-7-openjdk-amd64/jre/lib/amd64/libnet.so
7fb0482f2000-7fb0484f1000 ---p 00017000 08:01 5917886                    /usr/lib/jvm/java-7-openjdk-amd64/jre/lib/amd64/libnet.so
7fb0484f1000-7fb0484f2000 r--p 00016000 08:01 5917886                    /usr/lib/jvm/java-7-openjdk-amd64/jre/lib/amd64/libnet.so
7fb0484f2000-7fb0484f3000 rw-p 00017000 08:01 5917886                    /usr/lib/jvm/java-7-openjdk-amd64/jre/lib/amd64/libnet.so
7fb0484f3000-7fb0484f5000 r--s 00005000 08:01 7082233                    /home/raihan/.gradle/wrapper/dists/gradle-2.3-all/w01pvxy5gty3tegjrai84pm3/gradle-2.3/lib/gradle-wrapper-2.3.jar
7fb0484f5000-7fb0484fe000 r--s 0002c000 08:01 7082238                    /home/raihan/.gradle/wrapper/dists/gradle-2.3-all/w01pvxy5gty3tegjrai84pm3/gradle-2.3/lib/gradle-tooling-api-2.3.jar
7fb0484fe000-7fb048500000 r--s 00002000 08:01 7082262                    /home/raihan/.gradle/wrapper/dists/gradle-2.3-all/w01pvxy5gty3tegjrai84pm3/gradle-2.3/lib/gradle-open-api-2.3.jar
7fb048500000-7fb048506000 r--s 00032000 08:01 7082264                    /home/raihan/.gradle/wrapper/dists/gradle-2.3-all/w01pvxy5gty3tegjrai84pm3/gradle-2.3/lib/jaxen-1.1.jar
7fb048506000-7fb04850b000 r--s 00048000 08:01 7082263                    /home/raihan/.gradle/wrapper/dists/gradle-2.3-all/w01pvxy5gty3tegjrai84pm3/gradle-2.3/lib/dom4j-1.6.1.jar
7fb04850b000-7fb048516000 r--s 00059000 08:01 7082237                    /home/raihan/.gradle/wrapper/dists/gradle-2.3-all/w01pvxy5gty3tegjrai84pm3/gradle-2.3/lib/gradle-ui-2.3.jar
7fb048516000-7fb048518000 r--s 00006000 08:01 7082258                    /home/raihan/.gradle/wrapper/dists/gradle-2.3-all/w01pvxy5gty3tegjrai84pm3/gradle-2.3/lib/gradle-resources-2.3.jar
7fb048518000-7fb04851a000 r--s 00007000 08:01 7082280                    /home/raihan/.gradle/wrapper/dists/gradle-2.3-all/w01pvxy5gty3tegjrai84pm3/gradle-2.3/lib/objenesis-1.2.jar
7fb04851a000-7fb04851c000 r--s 00000000 08:01 7082279                    /home/raihan/.gradle/wrapper/dists/gradle-2.3-all/w01pvxy5gty3tegjrai84pm3/gradle-2.3/lib/minlog-1.2.jar
7fb04851c000-7fb04851e000 r--s 0000f000 08:01 7082278                    /home/raihan/.gradle/wrapper/dists/gradle-2.3-all/w01pvxy5gty3tegjrai84pm3/gradle-2.3/lib/reflectasm-1.07-shaded.jar
7fb04851e000-7fb048522000 r--s 00026000 08:01 7082269                    /home/raihan/.gradle/wrapper/dists/gradle-2.3-all/w01pvxy5gty3tegjrai84pm3/gradle-2.3/lib/kryo-2.20.jar
7fb048522000-7fb04852b000 r--s 00039000 08:01 7082257                    /home/raihan/.gradle/wrapper/dists/gradle-2.3-all/w01pvxy5gty3tegjrai84pm3/gradle-2.3/lib/gradle-messaging-2.3.jar
7fb04852b000-7fb04852c000 r--s 00003000 08:01 7082277                    /home/raihan/.gradle/wrapper/dists/gradle-2.3-all/w01pvxy5gty3tegjrai84pm3/gradle-2.3/lib/native-platform-freebsd-amd64-0.10.jar
7fb04852c000-7fb04852d000 r--s 00003000 08:01 7082276                    /home/raihan/.gradle/wrapper/dists/gradle-2.3-all/w01pvxy5gty3tegjrai84pm3/gradle-2.3/lib/native-platform-freebsd-i386-0.10.jar
7fb04852d000-7fb04852e000 r--s 00005000 08:01 7082275                    /home/raihan/.gradle/wrapper/dists/gradle-2.3-all/w01pvxy5gty3tegjrai84pm3/gradle-2.3/lib/native-platform-windows-i386-0.10.jar
7fb04852e000-7fb04852f000 r--s 00005000 08:01 7082274                    /home/raihan/.gradle/wrapper/dists/gradle-2.3-all/w01pvxy5gty3tegjrai84pm3/gradle-2.3/lib/native-platform-windows-amd64-0.10.jar
7fb04852f000-7fb048530000 r--s 00003000 08:01 7082273                    /home/raihan/.gradle/wrapper/dists/gradle-2.3-all/w01pvxy5gty3tegjrai84pm3/gradle-2.3/lib/native-platform-linux-i386-0.10.jar
7fb048530000-7fb048531000 r--s 00003000 08:01 7082272                    /home/raihan/.gradle/wrapper/dists/gradle-2.3-all/w01pvxy5gty3tegjrai84pm3/gradle-2.3/lib/native-platform-linux-amd64-0.10.jar
7fb048531000-7fb048532000 r--s 00002000 08:01 7082271                    /home/raihan/.gradle/wrapper/dists/gradle-2.3-all/w01pvxy5gty3tegjrai84pm3/gradle-2.3/lib/native-platform-osx-amd64-0.10.jar
7fb048532000-7fb048533000 r--s 00002000 08:01 7082270                    /home/raihan/.gradle/wrapper/dists/gradle-2.3-all/w01pvxy5gty3tegjrai84pm3/gradle-2.3/lib/native-platform-osx-i386-0.10.jar
7fb048533000-7fb048535000 r--s 00008000 08:01 7082267                    /home/raihan/.gradle/wrapper/dists/gradle-2.3-all/w01pvxy5gty3tegjrai84pm3/gradle-2.3/lib/jansi-1.2.1.jar
7fb048535000-7fb048538000 r--s 0000d000 08:01 7082266                    /home/raihan/.gradle/wrapper/dists/gradle-2.3-all/w01pvxy5gty3tegjrai84pm3/gradle-2.3/lib/native-platform-0.10.jar
7fb048538000-7fb04853c000 r--s 000e4000 08:01 7082265                    /home/raihan/.gradle/wrapper/dists/gradle-2.3-all/w01pvxy5gty3tegjrai84pm3/gradle-2.3/lib/jna-3.2.7.jar
7fb04853c000-7fb04853e000 r--s 00008000 08:01 7082239                    /home/raihan/.gradle/wrapper/dists/gradle-2.3-all/w01pvxy5gty3tegjrai84pm3/gradle-2.3/lib/gradle-native-2.3.jar
7fb04853e000-7fb048540000 r--s 00005000 08:01 7082236                    /home/raihan/.gradle/wrapper/dists/gradle-2.3-all/w01pvxy5gty3tegjrai84pm3/gradle-2.3/lib/gradle-cli-2.3.jar
7fb048540000-7fb048542000 r--s 0000a000 08:01 7082245                    /home/raihan/.gradle/wrapper/dists/gradle-2.3-all/w01pvxy5gty3tegjrai84pm3/gradle-2.3/lib/gradle-model-groovy-2.3.jar
7fb048542000-7fb048543000 r--s 00004000 08:01 7082256                    /home/raihan/.gradle/wrapper/dists/gradle-2.3-all/w01pvxy5gty3tegjrai84pm3/gradle-2.3/lib/gradle-base-services-groovy-2.3.jar
7fb048543000-7fb04854b000 r--s 00033000 08:01 7082244                    /home/raihan/.gradle/wrapper/dists/gradle-2.3-all/w01pvxy5gty3tegjrai84pm3/gradle-2.3/lib/gradle-model-core-2.3.jar
7fb04854b000-7fb04854d000 r--s 00003000 08:01 7082261                    /home/raihan/.gradle/wrapper/dists/gradle-2.3-all/w01pvxy5gty3tegjrai84pm3/gradle-2.3/lib/jcl-over-slf4j-1.7.7.jar
7fb04854d000-7fb048550000 r--s 0001b000 08:01 7082254                    /home/raihan/.gradle/wrapper/dists/gradle-2.3-all/w01pvxy5gty3tegjrai84pm3/gradle-2.3/lib/jarjar-1.3.jar
7fb048550000-7fb048556000 r--s 0003b000 08:01 7082251                    /home/raihan/.gradle/wrapper/dists/gradle-2.3-all/w01pvxy5gty3tegjrai84pm3/gradle-2.3/lib/logback-classic-1.0.13.jar
7fb048556000-7fb048560000 r--s 0005d000 08:01 7082250                    /home/raihan/.gradle/wrapper/dists/gradle-2.3-all/w01pvxy5gty3tegjrai84pm3/gradle-2.3/lib/logback-core-1.0.13.jar
7fb048560000-7fb04856e000 r--s 0007f000 08:01 7082248                    /home/raihan/.gradle/wrapper/dists/gradle-2.3-all/w01pvxy5gty3tegjrai84pm3/gradle-2.3/lib/commons-collections-3.2.1.jar
7fb04856e000-7fb0485da000 r--s 00688000 08:01 7082243                    /home/raihan/.gradle/wrapper/dists/gradle-2.3-all/w01pvxy5gty3tegjrai84pm3/gradle-2.3/lib/groovy-all-2.3.9.jar
7fb0485da000-7fb0485db000 ---p 00000000 00:00 0 
7fb0485db000-7fb0486db000 rw-p 00000000 00:00 0                          [stack:22682]
7fb0486db000-7fb0486de000 ---p 00000000 00:00 0 
7fb0486de000-7fb0487dc000 rw-p 00000000 00:00 0                          [stack:22681]
7fb0487dc000-7fb0487df000 ---p 00000000 00:00 0 
7fb0487df000-7fb0488dd000 rw-p 00000000 00:00 0                          [stack:22680]
7fb0488dd000-7fb049000000 r--p 00000000 08:01 4725570                    /usr/lib/locale/locale-archive
7fb049000000-7fb0495a0000 rwxp 00000000 00:00 0 
7fb0495a0000-7fb04ca4d000 rw-p 00000000 00:00 0 
7fb04ca4d000-7fb050000000 ---p 00000000 00:00 0 
7fb050000000-7fb050001000 r--s 00000000 08:01 7082259                    /home/raihan/.gradle/wrapper/dists/gradle-2.3-all/w01pvxy5gty3tegjrai84pm3/gradle-2.3/lib/gradle-docs-2.3.jar
7fb050001000-7fb050002000 r--s 00005000 08:01 7082260                    /home/raihan/.gradle/wrapper/dists/gradle-2.3-all/w01pvxy5gty3tegjrai84pm3/gradle-2.3/lib/log4j-over-slf4j-1.7.7.jar
7fb050002000-7fb050004000 r--s 00000000 08:01 7082253                    /home/raihan/.gradle/wrapper/dists/gradle-2.3-all/w01pvxy5gty3tegjrai84pm3/gradle-2.3/lib/jul-to-slf4j-1.7.7.jar
7fb050004000-7fb050007000 r--s 00018000 08:01 7082249                    /home/raihan/.gradle/wrapper/dists/gradle-2.3-all/w01pvxy5gty3tegjrai84pm3/gradle-2.3/lib/commons-io-1.4.jar
7fb050007000-7fb05000c000 r--s 00036000 08:01 7082246                    /home/raihan/.gradle/wrapper/dists/gradle-2.3-all/w01pvxy5gty3tegjrai84pm3/gradle-2.3/lib/asm-all-5.0.3.jar
7fb05000c000-7fb050011000 r--s 00041000 08:01 7082242                    /home/raihan/.gradle/wrapper/dists/gradle-2.3-all/w01pvxy5gty3tegjrai84pm3/gradle-2.3/lib/commons-lang-2.6.jar
7fb050011000-7fb050039000 r--s 001cf000 08:01 7082241                    /home/raihan/.gradle/wrapper/dists/gradle-2.3-all/w01pvxy5gty3tegjrai84pm3/gradle-2.3/lib/guava-jdk5-17.0.jar
7fb050039000-7fb05003b000 r--s 00006000 08:01 7082240                    /home/raihan/.gradle/wrapper/dists/gradle-2.3-all/w01pvxy5gty3tegjrai84pm3/gradle-2.3/lib/slf4j-api-1.7.7.jar
7fb05003b000-7fb05005a000 r--s 001cc000 08:01 7082247                    /home/raihan/.gradle/wrapper/dists/gradle-2.3-all/w01pvxy5gty3tegjrai84pm3/gradle-2.3/lib/ant-1.9.3.jar
7fb05005a000-7fb050060000 r--s 00028000 08:01 7082234                    /home/raihan/.gradle/wrapper/dists/gradle-2.3-all/w01pvxy5gty3tegjrai84pm3/gradle-2.3/lib/gradle-base-services-2.3.jar
7fb050060000-7fb050092000 r--s 0019a000 08:01 7082235                    /home/raihan/.gradle/wrapper/dists/gradle-2.3-all/w01pvxy5gty3tegjrai84pm3/gradle-2.3/lib/gradle-core-2.3.jar
7fb050092000-7fb05009a000 r--s 0003e000 08:01 7082232                    /home/raihan/.gradle/wrapper/dists/gradle-2.3-all/w01pvxy5gty3tegjrai84pm3/gradle-2.3/lib/gradle-launcher-2.3.jar
7fb05009a000-7fb05009d000 r--s 0000f000 08:01 5917931                    /usr/lib/jvm/java-7-openjdk-amd64/jre/lib/ext/icedtea-sound.jar
7fb05009d000-7fb0500a0000 ---p 00000000 00:00 0 
7fb0500a0000-7fb05019e000 rw-p 00000000 00:00 0                          [stack:22679]
7fb05019e000-7fb0501a1000 ---p 00000000 00:00 0 
7fb0501a1000-7fb05029f000 rw-p 00000000 00:00 0                          [stack:22678]
7fb05029f000-7fb0502a2000 ---p 00000000 00:00 0 
7fb0502a2000-7fb0503a0000 rw-p 00000000 00:00 0                          [stack:22677]
7fb0503a0000-7fb0503a3000 ---p 00000000 00:00 0 
7fb0503a3000-7fb0504a1000 rw-p 00000000 00:00 0                          [stack:22676]
7fb0504a1000-7fb0504a2000 ---p 00000000 00:00 0 
7fb0504a2000-7fb05159f000 rw-p 00000000 00:00 0                          [stack:22675]
7fb05159f000-7fb051750000 r--s 01d30000 08:01 5508152                    /usr/lib/jvm/java-7-openjdk-amd64/jre/lib/rt.jar
7fb051750000-7fb051ac9000 rw-p 00000000 00:00 0 
7fb051ac9000-7fb051aca000 ---p 00000000 00:00 0 
7fb051aca000-7fb051bca000 rw-p 00000000 00:00 0                          [stack:22674]
7fb051bca000-7fb051bcb000 ---p 00000000 00:00 0 
7fb051bcb000-7fb051ccb000 rw-p 00000000 00:00 0                          [stack:22673]
7fb051ccb000-7fb051ccc000 ---p 00000000 00:00 0 
7fb051ccc000-7fb051dcc000 rw-p 00000000 00:00 0                          [stack:22672]
7fb051dcc000-7fb051dcd000 ---p 00000000 00:00 0 
7fb051dcd000-7fb051ef2000 rw-p 00000000 00:00 0                          [stack:22671]
7fb051ef2000-7fb051f4d000 rw-p 00000000 00:00 0 
7fb051f4d000-7fb051f77000 rw-p 00000000 00:00 0 
7fb051f77000-7fb0520a3000 rw-p 00000000 00:00 0 
7fb0520a3000-7fb0520c8000 rw-p 00000000 00:00 0 
7fb0520c8000-7fb052123000 rw-p 00000000 00:00 0 
7fb052123000-7fb05214d000 rw-p 00000000 00:00 0 
7fb05214d000-7fb052278000 rw-p 00000000 00:00 0 
7fb052278000-7fb052323000 rw-p 00000000 00:00 0 
7fb052323000-7fb052324000 rw-p 00000000 00:00 0 
7fb052324000-7fb05232c000 r-xp 00000000 08:01 5917892                    /usr/lib/jvm/java-7-openjdk-amd64/jre/lib/amd64/libzip.so
7fb05232c000-7fb05252b000 ---p 00008000 08:01 5917892                    /usr/lib/jvm/java-7-openjdk-amd64/jre/lib/amd64/libzip.so
7fb05252b000-7fb05252c000 r--p 00007000 08:01 5917892                    /usr/lib/jvm/java-7-openjdk-amd64/jre/lib/amd64/libzip.so
7fb05252c000-7fb05252d000 rw-p 00008000 08:01 5917892                    /usr/lib/jvm/java-7-openjdk-amd64/jre/lib/amd64/libzip.so
7fb05252d000-7fb052538000 r-xp 00000000 08:01 786646                     /lib/x86_64-linux-gnu/libnss_files-2.19.so
7fb052538000-7fb052737000 ---p 0000b000 08:01 786646                     /lib/x86_64-linux-gnu/libnss_files-2.19.so
7fb052737000-7fb052738000 r--p 0000a000 08:01 786646                     /lib/x86_64-linux-gnu/libnss_files-2.19.so
7fb052738000-7fb052739000 rw-p 0000b000 08:01 786646                     /lib/x86_64-linux-gnu/libnss_files-2.19.so
7fb052739000-7fb052744000 r-xp 00000000 08:01 786638                     /lib/x86_64-linux-gnu/libnss_nis-2.19.so
7fb052744000-7fb052943000 ---p 0000b000 08:01 786638                     /lib/x86_64-linux-gnu/libnss_nis-2.19.so
7fb052943000-7fb052944000 r--p 0000a000 08:01 786638                     /lib/x86_64-linux-gnu/libnss_nis-2.19.so
7fb052944000-7fb052945000 rw-p 0000b000 08:01 786638                     /lib/x86_64-linux-gnu/libnss_nis-2.19.so
7fb052945000-7fb05295c000 r-xp 00000000 08:01 786634                     /lib/x86_64-linux-gnu/libnsl-2.19.so
7fb05295c000-7fb052b5b000 ---p 00017000 08:01 786634                     /lib/x86_64-linux-gnu/libnsl-2.19.so
7fb052b5b000-7fb052b5c000 r--p 00016000 08:01 786634                     /lib/x86_64-linux-gnu/libnsl-2.19.so
7fb052b5c000-7fb052b5d000 rw-p 00017000 08:01 786634                     /lib/x86_64-linux-gnu/libnsl-2.19.so
7fb052b5d000-7fb052b5f000 rw-p 00000000 00:00 0 
7fb052b5f000-7fb052b68000 r-xp 00000000 08:01 786633                     /lib/x86_64-linux-gnu/libnss_compat-2.19.so
7fb052b68000-7fb052d67000 ---p 00009000 08:01 786633                     /lib/x86_64-linux-gnu/libnss_compat-2.19.so
7fb052d67000-7fb052d68000 r--p 00008000 08:01 786633                     /lib/x86_64-linux-gnu/libnss_compat-2.19.so
7fb052d68000-7fb052d69000 rw-p 00009000 08:01 786633                     /lib/x86_64-linux-gnu/libnss_compat-2.19.so
7fb052d69000-7fb052d94000 r-xp 00000000 08:01 5917877                    /usr/lib/jvm/java-7-openjdk-amd64/jre/lib/amd64/libjava.so
7fb052d94000-7fb052f94000 ---p 0002b000 08:01 5917877                    /usr/lib/jvm/java-7-openjdk-amd64/jre/lib/amd64/libjava.so
7fb052f94000-7fb052f95000 r--p 0002b000 08:01 5917877                    /usr/lib/jvm/java-7-openjdk-amd64/jre/lib/amd64/libjava.so
7fb052f95000-7fb052f97000 rw-p 0002c000 08:01 5917877                    /usr/lib/jvm/java-7-openjdk-amd64/jre/lib/amd64/libjava.so
7fb052f97000-7fb052fa7000 r-xp 00000000 08:01 5917878                    /usr/lib/jvm/java-7-openjdk-amd64/jre/lib/amd64/libverify.so
7fb052fa7000-7fb0531a6000 ---p 00010000 08:01 5917878                    /usr/lib/jvm/java-7-openjdk-amd64/jre/lib/amd64/libverify.so
7fb0531a6000-7fb0531a8000 r--p 0000f000 08:01 5917878                    /usr/lib/jvm/java-7-openjdk-amd64/jre/lib/amd64/libverify.so
7fb0531a8000-7fb0531a9000 rw-p 00011000 08:01 5917878                    /usr/lib/jvm/java-7-openjdk-amd64/jre/lib/amd64/libverify.so
7fb0531a9000-7fb0531b0000 r-xp 00000000 08:01 786642                     /lib/x86_64-linux-gnu/librt-2.19.so
7fb0531b0000-7fb0533af000 ---p 00007000 08:01 786642                     /lib/x86_64-linux-gnu/librt-2.19.so
7fb0533af000-7fb0533b0000 r--p 00006000 08:01 786642                     /lib/x86_64-linux-gnu/librt-2.19.so
7fb0533b0000-7fb0533b1000 rw-p 00007000 08:01 786642                     /lib/x86_64-linux-gnu/librt-2.19.so
7fb0533b1000-7fb0533c7000 r-xp 00000000 08:01 786612                     /lib/x86_64-linux-gnu/libgcc_s.so.1
7fb0533c7000-7fb0535c6000 ---p 00016000 08:01 786612                     /lib/x86_64-linux-gnu/libgcc_s.so.1
7fb0535c6000-7fb0535c7000 rw-p 00015000 08:01 786612                     /lib/x86_64-linux-gnu/libgcc_s.so.1
7fb0535c7000-7fb0536cc000 r-xp 00000000 08:01 786618                     /lib/x86_64-linux-gnu/libm-2.19.so
7fb0536cc000-7fb0538cb000 ---p 00105000 08:01 786618                     /lib/x86_64-linux-gnu/libm-2.19.so
7fb0538cb000-7fb0538cc000 r--p 00104000 08:01 786618                     /lib/x86_64-linux-gnu/libm-2.19.so
7fb0538cc000-7fb0538cd000 rw-p 00105000 08:01 786618                     /lib/x86_64-linux-gnu/libm-2.19.so
7fb0538cd000-7fb0539b3000 r-xp 00000000 08:01 4719935                    /usr/lib/x86_64-linux-gnu/libstdc++.so.6.0.19
7fb0539b3000-7fb053bb2000 ---p 000e6000 08:01 4719935                    /usr/lib/x86_64-linux-gnu/libstdc++.so.6.0.19
7fb053bb2000-7fb053bba000 r--p 000e5000 08:01 4719935                    /usr/lib/x86_64-linux-gnu/libstdc++.so.6.0.19
7fb053bba000-7fb053bbc000 rw-p 000ed000 08:01 4719935                    /usr/lib/x86_64-linux-gnu/libstdc++.so.6.0.19
7fb053bbc000-7fb053bd1000 rw-p 00000000 00:00 0 
7fb053bd1000-7fb0546f5000 r-xp 00000000 08:01 5917890                    /usr/lib/jvm/java-7-openjdk-amd64/jre/lib/amd64/server/libjvm.so
7fb0546f5000-7fb0548f5000 ---p 00b24000 08:01 5917890                    /usr/lib/jvm/java-7-openjdk-amd64/jre/lib/amd64/server/libjvm.so
7fb0548f5000-7fb05498f000 r--p 00b24000 08:01 5917890                    /usr/lib/jvm/java-7-openjdk-amd64/jre/lib/amd64/server/libjvm.so
7fb05498f000-7fb0549b2000 rw-p 00bbe000 08:01 5917890                    /usr/lib/jvm/java-7-openjdk-amd64/jre/lib/amd64/server/libjvm.so
7fb0549b2000-7fb0549e0000 rw-p 00000000 00:00 0 
7fb0549e0000-7fb0549f8000 r-xp 00000000 08:01 790555                     /lib/x86_64-linux-gnu/libz.so.1.2.8
7fb0549f8000-7fb054bf7000 ---p 00018000 08:01 790555                     /lib/x86_64-linux-gnu/libz.so.1.2.8
7fb054bf7000-7fb054bf8000 r--p 00017000 08:01 790555                     /lib/x86_64-linux-gnu/libz.so.1.2.8
7fb054bf8000-7fb054bf9000 rw-p 00018000 08:01 790555                     /lib/x86_64-linux-gnu/libz.so.1.2.8
7fb054bf9000-7fb054c12000 r-xp 00000000 08:01 786635                     /lib/x86_64-linux-gnu/libpthread-2.19.so
7fb054c12000-7fb054e11000 ---p 00019000 08:01 786635                     /lib/x86_64-linux-gnu/libpthread-2.19.so
7fb054e11000-7fb054e12000 r--p 00018000 08:01 786635                     /lib/x86_64-linux-gnu/libpthread-2.19.so
7fb054e12000-7fb054e13000 rw-p 00019000 08:01 786635                     /lib/x86_64-linux-gnu/libpthread-2.19.so
7fb054e13000-7fb054e17000 rw-p 00000000 00:00 0 
7fb054e17000-7fb054e1a000 r-xp 00000000 08:01 786630                     /lib/x86_64-linux-gnu/libdl-2.19.so
7fb054e1a000-7fb055019000 ---p 00003000 08:01 786630                     /lib/x86_64-linux-gnu/libdl-2.19.so
7fb055019000-7fb05501a000 r--p 00002000 08:01 786630                     /lib/x86_64-linux-gnu/libdl-2.19.so
7fb05501a000-7fb05501b000 rw-p 00003000 08:01 786630                     /lib/x86_64-linux-gnu/libdl-2.19.so
7fb05501b000-7fb0551d6000 r-xp 00000000 08:01 786643                     /lib/x86_64-linux-gnu/libc-2.19.so
7fb0551d6000-7fb0553d5000 ---p 001bb000 08:01 786643                     /lib/x86_64-linux-gnu/libc-2.19.so
7fb0553d5000-7fb0553d9000 r--p 001ba000 08:01 786643                     /lib/x86_64-linux-gnu/libc-2.19.so
7fb0553d9000-7fb0553db000 rw-p 001be000 08:01 786643                     /lib/x86_64-linux-gnu/libc-2.19.so
7fb0553db000-7fb0553e0000 rw-p 00000000 00:00 0 
7fb0553e0000-7fb0553ed000 r-xp 00000000 08:01 5917907                    /usr/lib/jvm/java-7-openjdk-amd64/jre/lib/amd64/jli/libjli.so
7fb0553ed000-7fb0555ec000 ---p 0000d000 08:01 5917907                    /usr/lib/jvm/java-7-openjdk-amd64/jre/lib/amd64/jli/libjli.so
7fb0555ec000-7fb0555ed000 r--p 0000c000 08:01 5917907                    /usr/lib/jvm/java-7-openjdk-amd64/jre/lib/amd64/jli/libjli.so
7fb0555ed000-7fb0555ee000 rw-p 0000d000 08:01 5917907                    /usr/lib/jvm/java-7-openjdk-amd64/jre/lib/amd64/jli/libjli.so
7fb0555ee000-7fb055611000 r-xp 00000000 08:01 786636                     /lib/x86_64-linux-gnu/ld-2.19.so
7fb055611000-7fb055612000 r--s 00000000 08:01 7082255                    /home/raihan/.gradle/wrapper/dists/gradle-2.3-all/w01pvxy5gty3tegjrai84pm3/gradle-2.3/lib/javax.inject-1.jar
7fb055612000-7fb055616000 r--s 00034000 08:01 5917930                    /usr/lib/jvm/java-7-openjdk-amd64/jre/lib/ext/sunjce_provider.jar
7fb055616000-7fb055646000 rw-p 00000000 00:00 0 
7fb055646000-7fb0556ef000 rw-p 00000000 00:00 0 
7fb0556ef000-7fb0556f2000 ---p 00000000 00:00 0 
7fb0556f2000-7fb0557f5000 rw-p 00000000 00:00 0                          [stack:22670]
7fb0557f5000-7fb0557f6000 r--s 00000000 08:01 7082252                    /home/raihan/.gradle/wrapper/dists/gradle-2.3-all/w01pvxy5gty3tegjrai84pm3/gradle-2.3/lib/jcip-annotations-1.0.jar
7fb0557f6000-7fb0557f7000 r--s 00004000 08:01 7082268                    /home/raihan/.gradle/wrapper/dists/gradle-2.3-all/w01pvxy5gty3tegjrai84pm3/gradle-2.3/lib/ant-launcher-1.9.3.jar
7fb0557f7000-7fb0557f9000 r--s 00012000 08:01 5917929                    /usr/lib/jvm/java-7-openjdk-amd64/jre/lib/ext/zipfs.jar
7fb0557f9000-7fb0557fb000 r--s 00006000 08:01 5118243                    /usr/share/java/java-atk-wrapper.jar
7fb0557fb000-7fb0557ff000 r--s 0003c000 08:01 5917933                    /usr/lib/jvm/java-7-openjdk-amd64/jre/lib/ext/sunpkcs11.jar
7fb0557ff000-7fb055803000 r--s 00085000 08:01 5917932                    /usr/lib/jvm/java-7-openjdk-amd64/jre/lib/ext/localedata.jar
7fb055803000-7fb055804000 r--s 00002000 08:01 5917928                    /usr/lib/jvm/java-7-openjdk-amd64/jre/lib/ext/dnsns.jar
7fb055804000-7fb05580c000 rw-s 00000000 08:01 131973                     /tmp/hsperfdata_raihan/22668
7fb05580c000-7fb05580d000 rw-p 00000000 00:00 0 
7fb05580d000-7fb05580e000 ---p 00000000 00:00 0 
7fb05580e000-7fb055810000 rw-p 00000000 00:00 0 
7fb055810000-7fb055811000 r--p 00022000 08:01 786636                     /lib/x86_64-linux-gnu/ld-2.19.so
7fb055811000-7fb055812000 rw-p 00023000 08:01 786636                     /lib/x86_64-linux-gnu/ld-2.19.so
7fb055812000-7fb055813000 rw-p 00000000 00:00 0 
7fff9d6ae000-7fff9d6cf000 rw-p 00000000 00:00 0                          [stack]
7fff9d77e000-7fff9d780000 r-xp 00000000 00:00 0                          [vdso]
ffffffffff600000-ffffffffff601000 r-xp 00000000 00:00 0                  [vsyscall]

VM Arguments:
jvm_args: -XX:MaxPermSize=256m -XX:+HeapDumpOnOutOfMemoryError -Xmx1024m -Dfile.encoding=UTF-8 -Duser.country=US -Duser.language=en -Duser.variant 
java_command: org.gradle.launcher.daemon.bootstrap.GradleDaemon 2.3 /home/raihan/.gradle/daemon 10800000 ef9d2717-2ff9-4c4b-ab26-ed8069b466ab -XX:MaxPermSize=256m -XX:+HeapDumpOnOutOfMemoryError -Xmx1024m -Dfile.encoding=UTF-8 -Duser.country=US -Duser.language=en -Duser.variant
Launcher Type: SUN_STANDARD

Environment Variables:
PATH=/usr/local/sbin:/usr/local/bin:/usr/sbin:/usr/bin:/sbin:/bin:/usr/games:/usr/local/games
SHELL=/bin/bash
DISPLAY=:0

Signal Handlers:
SIGSEGV: [libjvm.so+0x9548f0], sa_mask[0]=0x7ffbfeff, sa_flags=0x10000004
SIGBUS: [libjvm.so+0x9548f0], sa_mask[0]=0x7ffbfeff, sa_flags=0x10000004
SIGFPE: [libjvm.so+0x7cb0b0], sa_mask[0]=0x7ffbfeff, sa_flags=0x10000004
SIGPIPE: [libjvm.so+0x7cb0b0], sa_mask[0]=0x7ffbfeff, sa_flags=0x10000004
SIGXFSZ: [libjvm.so+0x7cb0b0], sa_mask[0]=0x7ffbfeff, sa_flags=0x10000004
SIGILL: [libjvm.so+0x7cb0b0], sa_mask[0]=0x7ffbfeff, sa_flags=0x10000004
SIGUSR1: SIG_DFL, sa_mask[0]=0x00000000, sa_flags=0x00000000
SIGUSR2: [libjvm.so+0x7caf50], sa_mask[0]=0x00000004, sa_flags=0x10000004
SIGHUP: [libjvm.so+0x7cb130], sa_mask[0]=0x7ffbfeff, sa_flags=0x10000004
SIGINT: [libjvm.so+0x7cb130], sa_mask[0]=0x7ffbfeff, sa_flags=0x10000004
SIGTERM: [libjvm.so+0x7cb130], sa_mask[0]=0x7ffbfeff, sa_flags=0x10000004
SIGQUIT: [libjvm.so+0x7cb130], sa_mask[0]=0x7ffbfeff, sa_flags=0x10000004
SIGTRAP: SIG_DFL, sa_mask[0]=0x00000000, sa_flags=0x00000000


---------------  S Y S T E M  ---------------

OS:Ubuntu 14.04 (trusty)
uname:Linux 3.13.0-24-generic #46-Ubuntu SMP Thu Apr 10 19:11:08 UTC 2014 x86_64
libc:glibc 2.19 NPTL 2.19 
rlimit: STACK 8192k, CORE 0k, NPROC 30570, NOFILE 4096, AS infinity
load average:1.00 0.47 0.41

/proc/meminfo:
MemTotal:        3934516 kB
MemFree:           90204 kB
Buffers:             576 kB
Cached:           551996 kB
SwapCached:        10488 kB
Active:          1989184 kB
Inactive:         662948 kB
Active(anon):    1987668 kB
Inactive(anon):   639168 kB
Active(file):       1516 kB
Inactive(file):    23780 kB
Unevictable:          88 kB
Mlocked:              88 kB
SwapTotal:       4080636 kB
SwapFree:             28 kB
Dirty:                16 kB
Writeback:             0 kB
AnonPages:       2091852 kB
Mapped:           947480 kB
Shmem:            526704 kB
Slab:              95924 kB
SReclaimable:      33960 kB
SUnreclaim:        61964 kB
KernelStack:        7200 kB
PageTables:        94944 kB
NFS_Unstable:          0 kB
Bounce:                0 kB
WritebackTmp:          0 kB
CommitLimit:     6047892 kB
Committed_AS:   24983476 kB
VmallocTotal:   34359738367 kB
VmallocUsed:      553520 kB
VmallocChunk:   34359115072 kB
HardwareCorrupted:     0 kB
AnonHugePages:    202752 kB
HugePages_Total:       0
HugePages_Free:        0
HugePages_Rsvd:        0
HugePages_Surp:        0
Hugepagesize:       2048 kB
DirectMap4k:       83456 kB
DirectMap2M:     2951168 kB
DirectMap1G:     1048576 kB


CPU:total 4 (2 cores per cpu, 2 threads per core) family 6 model 61 stepping 4, cmov, cx8, fxsr, mmx, sse, sse2, sse3, ssse3, sse4.1, sse4.2, popcnt, avx, avx2, aes, erms, ht, tsc, tscinvbit

/proc/cpuinfo:
processor	: 0
vendor_id	: GenuineIntel
cpu family	: 6
model		: 61
model name	: Intel(R) Core(TM) i5-5200U CPU @ 2.20GHz
stepping	: 4
microcode	: 0x1f
cpu MHz		: 2000.000
cache size	: 3072 KB
physical id	: 0
siblings	: 4
core id		: 0
cpu cores	: 2
apicid		: 0
initial apicid	: 0
fpu		: yes
fpu_exception	: yes
cpuid level	: 20
wp		: yes
flags		: fpu vme de pse tsc msr pae mce cx8 apic sep mtrr pge mca cmov pat pse36 clflush dts acpi mmx fxsr sse sse2 ss ht tm pbe syscall nx pdpe1gb rdtscp lm constant_tsc arch_perfmon pebs bts rep_good nopl xtopology nonstop_tsc aperfmperf eagerfpu pni pclmulqdq dtes64 monitor ds_cpl vmx est tm2 ssse3 fma cx16 xtpr pdcm pcid sse4_1 sse4_2 x2apic movbe popcnt tsc_deadline_timer aes xsave avx f16c rdrand lahf_lm abm 3dnowprefetch ida arat epb xsaveopt pln pts dtherm tpr_shadow vnmi flexpriority ept vpid fsgsbase tsc_adjust bmi1 avx2 smep bmi2 erms invpcid rdseed adx smap
bogomips	: 4389.62
clflush size	: 64
cache_alignment	: 64
address sizes	: 39 bits physical, 48 bits virtual
power management:

processor	: 1
vendor_id	: GenuineIntel
cpu family	: 6
model		: 61
model name	: Intel(R) Core(TM) i5-5200U CPU @ 2.20GHz
stepping	: 4
microcode	: 0x1f
cpu MHz		: 2201.000
cache size	: 3072 KB
physical id	: 0
siblings	: 4
core id		: 0
cpu cores	: 2
apicid		: 1
initial apicid	: 1
fpu		: yes
fpu_exception	: yes
cpuid level	: 20
wp		: yes
flags		: fpu vme de pse tsc msr pae mce cx8 apic sep mtrr pge mca cmov pat pse36 clflush dts acpi mmx fxsr sse sse2 ss ht tm pbe syscall nx pdpe1gb rdtscp lm constant_tsc arch_perfmon pebs bts rep_good nopl xtopology nonstop_tsc aperfmperf eagerfpu pni pclmulqdq dtes64 monitor ds_cpl vmx est tm2 ssse3 fma cx16 xtpr pdcm pcid sse4_1 sse4_2 x2apic movbe popcnt tsc_deadline_timer aes xsave avx f16c rdrand lahf_lm abm 3dnowprefetch ida arat epb xsaveopt pln pts dtherm tpr_shadow vnmi flexpriority ept vpid fsgsbase tsc_adjust bmi1 avx2 smep bmi2 erms invpcid rdseed adx smap
bogomips	: 4389.62
clflush size	: 64
cache_alignment	: 64
address sizes	: 39 bits physical, 48 bits virtual
power management:

processor	: 2
vendor_id	: GenuineIntel
cpu family	: 6
model		: 61
model name	: Intel(R) Core(TM) i5-5200U CPU @ 2.20GHz
stepping	: 4
microcode	: 0x1f
cpu MHz		: 2201.000
cache size	: 3072 KB
physical id	: 0
siblings	: 4
core id		: 1
cpu cores	: 2
apicid		: 2
initial apicid	: 2
fpu		: yes
fpu_exception	: yes
cpuid level	: 20
wp		: yes
flags		: fpu vme de pse tsc msr pae mce cx8 apic sep mtrr pge mca cmov pat pse36 clflush dts acpi mmx fxsr sse sse2 ss ht tm pbe syscall nx pdpe1gb rdtscp lm constant_tsc arch_perfmon pebs bts rep_good nopl xtopology nonstop_tsc aperfmperf eagerfpu pni pclmulqdq dtes64 monitor ds_cpl vmx est tm2 ssse3 fma cx16 xtpr pdcm pcid sse4_1 sse4_2 x2apic movbe popcnt tsc_deadline_timer aes xsave avx f16c rdrand lahf_lm abm 3dnowprefetch ida arat epb xsaveopt pln pts dtherm tpr_shadow vnmi flexpriority ept vpid fsgsbase tsc_adjust bmi1 avx2 smep bmi2 erms invpcid rdseed adx smap
bogomips	: 4389.62
clflush size	: 64
cache_alignment	: 64
address sizes	: 39 bits physical, 48 bits virtual
power management:

processor	: 3
vendor_id	: GenuineIntel
cpu family	: 6
model		: 61
model name	: Intel(R) Core(TM) i5-5200U CPU @ 2.20GHz
stepping	: 4
microcode	: 0x1f
cpu MHz		: 2201.000
cache size	: 3072 KB
physical id	: 0
siblings	: 4
core id		: 1
cpu cores	: 2
apicid		: 3
initial apicid	: 3
fpu		: yes
fpu_exception	: yes
cpuid level	: 20
wp		: yes
flags		: fpu vme de pse tsc msr pae mce cx8 apic sep mtrr pge mca cmov pat pse36 clflush dts acpi mmx fxsr sse sse2 ss ht tm pbe syscall nx pdpe1gb rdtscp lm constant_tsc arch_perfmon pebs bts rep_good nopl xtopology nonstop_tsc aperfmperf eagerfpu pni pclmulqdq dtes64 monitor ds_cpl vmx est tm2 ssse3 fma cx16 xtpr pdcm pcid sse4_1 sse4_2 x2apic movbe popcnt tsc_deadline_timer aes xsave avx f16c rdrand lahf_lm abm 3dnowprefetch ida arat epb xsaveopt pln pts dtherm tpr_shadow vnmi flexpriority ept vpid fsgsbase tsc_adjust bmi1 avx2 smep bmi2 erms invpcid rdseed adx smap
bogomips	: 4389.62
clflush size	: 64
cache_alignment	: 64
address sizes	: 39 bits physical, 48 bits virtual
power management:



Memory: 4k page, physical 3934516k(89956k free), swap 4080636k(28k free)

vm_info: OpenJDK 64-Bit Server VM (24.95-b01) for linux-amd64 JRE (1.7.0_95-b00), built on Mar 24 2016 06:13:32 by "buildd" with gcc 4.8.2

time: Mon Aug  8 12:08:01 2016
elapsed time: 19 seconds

