#
# There is insufficient memory for the Java Runtime Environment to continue.
# Native memory allocation (malloc) failed to allocate 84934656 bytes for committing reserved memory.
# Possible reasons:
#   The system is out of physical RAM or swap space
#   In 32 bit mode, the process size limit was hit
# Possible solutions:
#   Reduce memory load on the system
#   Increase physical memory or swap space
#   Check if swap backing store is full
#   Use 64 bit Java on a 64 bit OS
#   Decrease Java heap size (-Xmx/-Xms)
#   Decrease number of Java threads
#   Decrease Java thread stack sizes (-Xss)
#   Set larger code cache with -XX:ReservedCodeCacheSize=
# This output file may be truncated or incomplete.
#
#  Out of Memory Error (os_linux.cpp:2827), pid=22795, tid=140321289410304
#
# JRE version: OpenJDK Runtime Environment (7.0_95) (build 1.7.0_95-b00)
# Java VM: OpenJDK 64-Bit Server VM (24.95-b01 mixed mode linux-amd64 compressed oops)
# Derivative: IcedTea 2.6.4
# Distribution: Ubuntu 14.04 LTS, package 7u95-2.6.4-0ubuntu0.14.04.2
# Failed to write core dump. Core dumps have been disabled. To enable core dumping, try "ulimit -c unlimited" before starting Java again
#

---------------  T H R E A D  ---------------

Current thread (0x00007f9f14076000):  VMThread [stack: 0x00007f9f188c1000,0x00007f9f189c2000] [id=22802]

Stack: [0x00007f9f188c1000,0x00007f9f189c2000],  sp=0x00007f9f189c0490,  free space=1021k
Native frames: (J=compiled Java code, j=interpreted, Vv=VM code, C=native code)
V  [libjvm.so+0x953e15]
V  [libjvm.so+0x48fd94]
V  [libjvm.so+0x7cf87b]
V  [libjvm.so+0x7ca33f]
V  [libjvm.so+0x83dacb]
V  [libjvm.so+0x82d86b]
V  [libjvm.so+0x82da2b]
V  [libjvm.so+0x82e958]
V  [libjvm.so+0x8355b4]
V  [libjvm.so+0x83bc0d]
V  [libjvm.so+0x7f2083]
V  [libjvm.so+0x955814]
V  [libjvm.so+0x959917]
V  [libjvm.so+0x9583d8]
V  [libjvm.so+0x958839]
V  [libjvm.so+0x958c82]
V  [libjvm.so+0x7cc742]

VM_Operation (0x00007f9f00102140): ParallelGCFailedAllocation, mode: safepoint, requested by thread 0x00007f9ed800d800


---------------  P R O C E S S  ---------------

Java Threads: ( => current thread )
  0x00007f9ec49ca800 JavaThread "pool-1-thread-4" [_thread_blocked, id=22834, stack(0x00007f9ecb824000,0x00007f9ecb925000)]
  0x00007f9ec49c9000 JavaThread "pool-1-thread-3" [_thread_blocked, id=22833, stack(0x00007f9ecb925000,0x00007f9ecba26000)]
  0x00007f9ec48e2800 JavaThread "pool-1-thread-2" [_thread_blocked, id=22832, stack(0x00007f9ecba26000,0x00007f9ecbb27000)]
  0x00007f9ec48e6000 JavaThread "pool-1-thread-1" [_thread_blocked, id=22831, stack(0x00007f9ecbb27000,0x00007f9ecbc28000)]
  0x00007f9ec4591000 JavaThread "File lock request listener" [_thread_in_native, id=22823, stack(0x00007f9ecbd53000,0x00007f9ecbe54000)]
  0x00007f9ec4281800 JavaThread "process reaper" daemon [_thread_blocked, id=22822, stack(0x00007f9ecbe54000,0x00007f9ecbe8d000)]
  0x00007f9ec4024000 JavaThread "Stdin handler" [_thread_blocked, id=22820, stack(0x00007f9ecbef8000,0x00007f9ecbff9000)]
  0x00007f9ed800d800 JavaThread "Daemon worker" [_thread_blocked, id=22817, stack(0x00007f9f00005000,0x00007f9f00106000)]
  0x00007f9ed800a000 JavaThread "Cancel handler" [_thread_blocked, id=22816, stack(0x00007f9f00106000,0x00007f9f00207000)]
  0x00007f9ed8009000 JavaThread "Handler for socket connection from /127.0.0.1:60140 to /127.0.0.1:55228" [_thread_in_native, id=22815, stack(0x00007f9f00207000,0x00007f9f00308000)]
  0x00007f9ed4025800 JavaThread "Daemon" [_thread_blocked, id=22814, stack(0x00007f9f00308000,0x00007f9f00409000)]
  0x00007f9f14a18800 JavaThread "Incoming local TCP Connector on port 60140" [_thread_in_native, id=22813, stack(0x00007f9f00409000,0x00007f9f0050a000)]
  0x00007f9f140af800 JavaThread "Service Thread" daemon [_thread_blocked, id=22808, stack(0x00007f9f182bb000,0x00007f9f183bc000)]
  0x00007f9f140ad000 JavaThread "C2 CompilerThread1" daemon [_thread_blocked, id=22807, stack(0x00007f9f183bc000,0x00007f9f184bd000)]
  0x00007f9f140aa000 JavaThread "C2 CompilerThread0" daemon [_thread_blocked, id=22806, stack(0x00007f9f184bd000,0x00007f9f185be000)]
  0x00007f9f140a8000 JavaThread "Signal Dispatcher" daemon [_thread_blocked, id=22805, stack(0x00007f9f185be000,0x00007f9f186bf000)]
  0x00007f9f1407c000 JavaThread "Finalizer" daemon [_thread_blocked, id=22804, stack(0x00007f9f186bf000,0x00007f9f187c0000)]
  0x00007f9f1407a000 JavaThread "Reference Handler" daemon [_thread_blocked, id=22803, stack(0x00007f9f187c0000,0x00007f9f188c1000)]
  0x00007f9f1400a800 JavaThread "main" [_thread_blocked, id=22797, stack(0x00007f9f1db0f000,0x00007f9f1dc10000)]

Other Threads:
=>0x00007f9f14076000 VMThread [stack: 0x00007f9f188c1000,0x00007f9f189c2000] [id=22802]
  0x00007f9f140ba000 WatcherThread [stack: 0x00007f9f181ba000,0x00007f9f182bb000] [id=22809]

VM state:at safepoint (normal execution)

VM Mutex/Monitor currently owned by a thread:  ([mutex/lock_event])
[0x00007f9f14006260] ExpandHeap_lock - owner thread: 0x00007f9f14076000
[0x00007f9f140068e0] Threads_lock - owner thread: 0x00007f9f14076000
[0x00007f9f14006de0] Heap_lock - owner thread: 0x00007f9ed800d800

Heap
 PSYoungGen      total 250880K, used 11245K [0x00000000eaa80000, 0x0000000100000000, 0x0000000100000000)
  eden space 198144K, 0% used [0x00000000eaa80000,0x00000000eaa80000,0x00000000f6c00000)
  from space 52736K, 21% used [0x00000000fcc80000,0x00000000fd77b760,0x0000000100000000)
  to   space 75776K, 0% used [0x00000000f6c00000,0x00000000f6c00000,0x00000000fb600000)
 ParOldGen       total 133120K, used 132951K [0x00000000c0000000, 0x00000000c8200000, 0x00000000eaa80000)
  object space 133120K, 99% used [0x00000000c0000000,0x00000000c81d5fe0,0x00000000c8200000)
 PSPermGen       total 101888K, used 55214K [0x00000000b0000000, 0x00000000b6380000, 0x00000000c0000000)
  object space 101888K, 54% used [0x00000000b0000000,0x00000000b35eba58,0x00000000b6380000)

Card table byte_map: [0x00007f9f1a4c3000,0x00007f9f1a744000] byte_map_base: 0x00007f9f19f43000

Polling page: 0x00007f9f1dc2d000

Code Cache  [0x00007f9f11000000, 0x00007f9f11a80000, 0x00007f9f14000000)
 total_blobs=3424 nmethods=2767 adapters=607 free_code_cache=38587Kb largest_free_block=39384768

Compilation events (10 events):
Event: 46.851 Thread 0x00007f9f140aa000 3245             proguard.classfile.LibraryClass::findMethod (73 bytes)
Event: 46.854 Thread 0x00007f9f140aa000 nmethod 3245 0x00007f9f11a5fa90 code [0x00007f9f11a5fbe0, 0x00007f9f11a5fed8]
Event: 46.858 Thread 0x00007f9f140ad000 3246             proguard.classfile.util.ClassReferenceInitializer::visitStringConstant (17 bytes)
Event: 46.861 Thread 0x00007f9f140ad000 nmethod 3246 0x00007f9f11a5ac10 code [0x00007f9f11a5ada0, 0x00007f9f11a5b0b8]
Event: 46.871 Thread 0x00007f9f140aa000 3247             proguard.classfile.attribute.SourceFileAttribute::accept (9 bytes)
Event: 46.873 Thread 0x00007f9f140aa000 nmethod 3247 0x00007f9f11a5a410 code [0x00007f9f11a5a5a0, 0x00007f9f11a5a7b8]
Event: 46.878 Thread 0x00007f9f140ad000 3248             proguard.classfile.util.ClassReferenceInitializer::visitSignatureAttribute (20 bytes)
Event: 46.878 Thread 0x00007f9f140aa000 3249             proguard.classfile.attribute.SignatureAttribute::getSignature (11 bytes)
Event: 46.880 Thread 0x00007f9f140aa000 nmethod 3249 0x00007f9f11a59e90 code [0x00007f9f11a5a000, 0x00007f9f11a5a1c8]
Event: 46.884 Thread 0x00007f9f140ad000 nmethod 3248 0x00007f9f11a5c210 code [0x00007f9f11a5c3e0, 0x00007f9f11a5c888]

GC Heap History (10 events):
Event: 24.497 GC heap after
Heap after GC invocations=14 (full 1):
 PSYoungGen      total 310784K, used 37839K [0x00000000eaa80000, 0x0000000100000000, 0x0000000100000000)
  eden space 272896K, 0% used [0x00000000eaa80000,0x00000000eaa80000,0x00000000fb500000)
  from space 37888K, 99% used [0x00000000fb500000,0x00000000fd9f3ef0,0x00000000fda00000)
  to   space 38912K, 0% used [0x00000000fda00000,0x00000000fda00000,0x0000000100000000)
 ParOldGen       total 93696K, used 93100K [0x00000000c0000000, 0x00000000c5b80000, 0x00000000eaa80000)
  object space 93696K, 99% used [0x00000000c0000000,0x00000000c5aeb148,0x00000000c5b80000)
 PSPermGen       total 83968K, used 51553K [0x00000000b0000000, 0x00000000b5200000, 0x00000000c0000000)
  object space 83968K, 61% used [0x00000000b0000000,0x00000000b3258530,0x00000000b5200000)
}
Event: 24.524 GC heap before
{Heap before GC invocations=15 (full 2):
 PSYoungGen      total 310784K, used 37839K [0x00000000eaa80000, 0x0000000100000000, 0x0000000100000000)
  eden space 272896K, 0% used [0x00000000eaa80000,0x00000000eaa80000,0x00000000fb500000)
  from space 37888K, 99% used [0x00000000fb500000,0x00000000fd9f3ef0,0x00000000fda00000)
  to   space 38912K, 0% used [0x00000000fda00000,0x00000000fda00000,0x0000000100000000)
 ParOldGen       total 93696K, used 93100K [0x00000000c0000000, 0x00000000c5b80000, 0x00000000eaa80000)
  object space 93696K, 99% used [0x00000000c0000000,0x00000000c5aeb148,0x00000000c5b80000)
 PSPermGen       total 83968K, used 51553K [0x00000000b0000000, 0x00000000b5200000, 0x00000000c0000000)
  object space 83968K, 61% used [0x00000000b0000000,0x00000000b3258530,0x00000000b5200000)
Event: 25.493 GC heap after
Heap after GC invocations=15 (full 2):
 PSYoungGen      total 310784K, used 0K [0x00000000eaa80000, 0x0000000100000000, 0x0000000100000000)
  eden space 272896K, 0% used [0x00000000eaa80000,0x00000000eaa80000,0x00000000fb500000)
  from space 37888K, 0% used [0x00000000fb500000,0x00000000fb500000,0x00000000fda00000)
  to   space 38912K, 0% used [0x00000000fda00000,0x00000000fda00000,0x0000000100000000)
 ParOldGen       total 133120K, used 70549K [0x00000000c0000000, 0x00000000c8200000, 0x00000000eaa80000)
  object space 133120K, 52% used [0x00000000c0000000,0x00000000c44e5588,0x00000000c8200000)
 PSPermGen       total 101888K, used 51486K [0x00000000b0000000, 0x00000000b6380000, 0x00000000c0000000)
  object space 101888K, 50% used [0x00000000b0000000,0x00000000b3247b70,0x00000000b6380000)
}
Event: 38.998 GC heap before
{Heap before GC invocations=16 (full 2):
 PSYoungGen      total 310784K, used 272896K [0x00000000eaa80000, 0x0000000100000000, 0x0000000100000000)
  eden space 272896K, 100% used [0x00000000eaa80000,0x00000000fb500000,0x00000000fb500000)
  from space 37888K, 0% used [0x00000000fb500000,0x00000000fb500000,0x00000000fda00000)
  to   space 38912K, 0% used [0x00000000fda00000,0x00000000fda00000,0x0000000100000000)
 ParOldGen       total 133120K, used 70549K [0x00000000c0000000, 0x00000000c8200000, 0x00000000eaa80000)
  object space 133120K, 52% used [0x00000000c0000000,0x00000000c44e5588,0x00000000c8200000)
 PSPermGen       total 101888K, used 53889K [0x00000000b0000000, 0x00000000b6380000, 0x00000000c0000000)
  object space 101888K, 52% used [0x00000000b0000000,0x00000000b34a0540,0x00000000b6380000)
Event: 39.297 GC heap after
Heap after GC invocations=16 (full 2):
 PSYoungGen      total 286208K, used 38893K [0x00000000eaa80000, 0x0000000100000000, 0x0000000100000000)
  eden space 247296K, 0% used [0x00000000eaa80000,0x00000000eaa80000,0x00000000f9c00000)
  from space 38912K, 99% used [0x00000000fda00000,0x00000000ffffb7f0,0x0000000100000000)
  to   space 51200K, 0% used [0x00000000f9c00000,0x00000000f9c00000,0x00000000fce00000)
 ParOldGen       total 133120K, used 73218K [0x00000000c0000000, 0x00000000c8200000, 0x00000000eaa80000)
  object space 133120K, 55% used [0x00000000c0000000,0x00000000c4780ac8,0x00000000c8200000)
 PSPermGen       total 101888K, used 53889K [0x00000000b0000000, 0x00000000b6380000, 0x00000000c0000000)
  object space 101888K, 52% used [0x00000000b0000000,0x00000000b34a0540,0x00000000b6380000)
}
Event: 45.698 GC heap before
{Heap before GC invocations=17 (full 2):
 PSYoungGen      total 286208K, used 286189K [0x00000000eaa80000, 0x0000000100000000, 0x0000000100000000)
  eden space 247296K, 100% used [0x00000000eaa80000,0x00000000f9c00000,0x00000000f9c00000)
  from space 38912K, 99% used [0x00000000fda00000,0x00000000ffffb7f0,0x0000000100000000)
  to   space 51200K, 0% used [0x00000000f9c00000,0x00000000f9c00000,0x00000000fce00000)
 ParOldGen       total 133120K, used 73218K [0x00000000c0000000, 0x00000000c8200000, 0x00000000eaa80000)
  object space 133120K, 55% used [0x00000000c0000000,0x00000000c4780ac8,0x00000000c8200000)
 PSPermGen       total 101888K, used 55122K [0x00000000b0000000, 0x00000000b6380000, 0x00000000c0000000)
  object space 101888K, 54% used [0x00000000b0000000,0x00000000b35d4910,0x00000000b6380000)
Event: 45.808 GC heap after
Heap after GC invocations=17 (full 2):
 PSYoungGen      total 296960K, used 49285K [0x00000000eaa80000, 0x0000000100000000, 0x0000000100000000)
  eden space 247296K, 0% used [0x00000000eaa80000,0x00000000eaa80000,0x00000000f9c00000)
  from space 49664K, 99% used [0x00000000f9c00000,0x00000000fcc21448,0x00000000fcc80000)
  to   space 52736K, 0% used [0x00000000fcc80000,0x00000000fcc80000,0x0000000100000000)
 ParOldGen       total 133120K, used 94636K [0x00000000c0000000, 0x00000000c8200000, 0x00000000eaa80000)
  object space 133120K, 71% used [0x00000000c0000000,0x00000000c5c6b168,0x00000000c8200000)
 PSPermGen       total 101888K, used 55122K [0x00000000b0000000, 0x00000000b6380000, 0x00000000c0000000)
  object space 101888K, 54% used [0x00000000b0000000,0x00000000b35d4910,0x00000000b6380000)
}
Event: 46.888 GC heap before
{Heap before GC invocations=18 (full 2):
 PSYoungGen      total 296960K, used 296581K [0x00000000eaa80000, 0x0000000100000000, 0x0000000100000000)
  eden space 247296K, 100% used [0x00000000eaa80000,0x00000000f9c00000,0x00000000f9c00000)
  from space 49664K, 99% used [0x00000000f9c00000,0x00000000fcc21448,0x00000000fcc80000)
  to   space 52736K, 0% used [0x00000000fcc80000,0x00000000fcc80000,0x0000000100000000)
 ParOldGen       total 133120K, used 94636K [0x00000000c0000000, 0x00000000c8200000, 0x00000000eaa80000)
  object space 133120K, 71% used [0x00000000c0000000,0x00000000c5c6b168,0x00000000c8200000)
 PSPermGen       total 101888K, used 55311K [0x00000000b0000000, 0x00000000b6380000, 0x00000000c0000000)
  object space 101888K, 54% used [0x00000000b0000000,0x00000000b3603f00,0x00000000b6380000)
Event: 46.961 GC heap after
Heap after GC invocations=18 (full 2):
 PSYoungGen      total 250880K, used 52733K [0x00000000eaa80000, 0x0000000100000000, 0x0000000100000000)
  eden space 198144K, 0% used [0x00000000eaa80000,0x00000000eaa80000,0x00000000f6c00000)
  from space 52736K, 99% used [0x00000000fcc80000,0x00000000fffff7a0,0x0000000100000000)
  to   space 75776K, 0% used [0x00000000f6c00000,0x00000000f6c00000,0x00000000fb600000)
 ParOldGen       total 133120K, used 119442K [0x00000000c0000000, 0x00000000c8200000, 0x00000000eaa80000)
  object space 133120K, 89% used [0x00000000c0000000,0x00000000c74a49e8,0x00000000c8200000)
 PSPermGen       total 101888K, used 55311K [0x00000000b0000000, 0x00000000b6380000, 0x00000000c0000000)
  object space 101888K, 54% used [0x00000000b0000000,0x00000000b3603f00,0x00000000b6380000)
}
Event: 46.961 GC heap before
{Heap before GC invocations=19 (full 3):
 PSYoungGen      total 250880K, used 52733K [0x00000000eaa80000, 0x0000000100000000, 0x0000000100000000)
  eden space 198144K, 0% used [0x00000000eaa80000,0x00000000eaa80000,0x00000000f6c00000)
  from space 52736K, 99% used [0x00000000fcc80000,0x00000000fffff7a0,0x0000000100000000)
  to   space 75776K, 0% used [0x00000000f6c00000,0x00000000f6c00000,0x00000000fb600000)
 ParOldGen       total 133120K, used 119442K [0x00000000c0000000, 0x00000000c8200000, 0x00000000eaa80000)
  object space 133120K, 89% used [0x00000000c0000000,0x00000000c74a49e8,0x00000000c8200000)
 PSPermGen       total 101888K, used 55311K [0x00000000b0000000, 0x00000000b6380000, 0x00000000c0000000)
  object space 101888K, 54% used [0x00000000b0000000,0x00000000b3603f00,0x00000000b6380000)

Deoptimization events (10 events):
Event: 46.200 Thread 0x00007f9ed800d800 Uncommon trap: reason=bimorphic action=maybe_recompile pc=0x00007f9f11a5630c method=proguard.classfile.attribute.SignatureAttribute.accept(Lproguard/classfile/Clazz;Lproguard/classfile/Method;Lproguard/classfile/attribute/visitor/AttributeVisitor;)V @ 4
Event: 46.200 Thread 0x00007f9ed800d800 Uncommon trap: reason=bimorphic action=maybe_recompile pc=0x00007f9f11a55a04 method=proguard.classfile.util.SimplifiedVisitor.visitSignatureAttribute(Lproguard/classfile/Clazz;Lproguard/classfile/Member;Lproguard/classfile/attribute/SignatureAttribute;)V 
Event: 46.200 Thread 0x00007f9ed800d800 Uncommon trap: reason=class_check action=maybe_recompile pc=0x00007f9f1161f584 method=proguard.classfile.attribute.LocalVariableTypeTableAttribute.accept(Lproguard/classfile/Clazz;Lproguard/classfile/Method;Lproguard/classfile/attribute/CodeAttribute;Lpro
Event: 46.200 Thread 0x00007f9ed800d800 Uncommon trap: reason=bimorphic action=maybe_recompile pc=0x00007f9f11a5630c method=proguard.classfile.attribute.SignatureAttribute.accept(Lproguard/classfile/Clazz;Lproguard/classfile/Method;Lproguard/classfile/attribute/visitor/AttributeVisitor;)V @ 4
Event: 46.200 Thread 0x00007f9ed800d800 Uncommon trap: reason=bimorphic action=maybe_recompile pc=0x00007f9f11a55a04 method=proguard.classfile.util.SimplifiedVisitor.visitSignatureAttribute(Lproguard/classfile/Clazz;Lproguard/classfile/Member;Lproguard/classfile/attribute/SignatureAttribute;)V 
Event: 46.200 Thread 0x00007f9ed800d800 Uncommon trap: reason=bimorphic action=maybe_recompile pc=0x00007f9f11a5630c method=proguard.classfile.attribute.SignatureAttribute.accept(Lproguard/classfile/Clazz;Lproguard/classfile/Method;Lproguard/classfile/attribute/visitor/AttributeVisitor;)V @ 4
Event: 46.200 Thread 0x00007f9ed800d800 Uncommon trap: reason=bimorphic action=maybe_recompile pc=0x00007f9f11669d04 method=proguard.classfile.util.SimplifiedVisitor.visitSignatureAttribute(Lproguard/classfile/Clazz;Lproguard/classfile/Member;Lproguard/classfile/attribute/SignatureAttribute;)V 
Event: 46.273 Thread 0x00007f9ed800d800 Uncommon trap: reason=unstable_if action=reinterpret pc=0x00007f9f117bf0fc method=proguard.classfile.util.DescriptorClassEnumeration.nextClassName()Ljava/lang/String; @ 86
Event: 46.273 Thread 0x00007f9ed800d800 Uncommon trap: reason=unstable_if action=reinterpret pc=0x00007f9f117b6134 method=proguard.classfile.util.DescriptorClassEnumeration.nextFluff()Ljava/lang/String; @ 247
Event: 46.797 Thread 0x00007f9ed800d800 Uncommon trap: reason=class_check action=maybe_recompile pc=0x00007f9f11a6644c method=proguard.classfile.ProgramClass.hierarchyAccept(ZZZZLproguard/classfile/visitor/ClassVisitor;)V @ 103

Internal exceptions (10 events):
Event: 46.118 Thread 0x00007f9ed800d800 Threw 0x00000000ed778ec8 at /build/openjdk-7-HVzwJZ/openjdk-7-7u95-2.6.4/build/openjdk/hotspot/src/share/vm/prims/jvm.cpp:1322
Event: 46.148 Thread 0x00007f9ed800d800 Threw 0x00000000ed7813d0 at /build/openjdk-7-HVzwJZ/openjdk-7-7u95-2.6.4/build/openjdk/hotspot/src/share/vm/prims/jvm.cpp:1322
Event: 46.175 Thread 0x00007f9ed800d800 Threw 0x00000000ed788440 at /build/openjdk-7-HVzwJZ/openjdk-7-7u95-2.6.4/build/openjdk/hotspot/src/share/vm/prims/jvm.cpp:1322
Event: 46.191 Thread 0x00007f9ed800d800 Threw 0x00000000ed9e0270 at /build/openjdk-7-HVzwJZ/openjdk-7-7u95-2.6.4/build/openjdk/hotspot/src/share/vm/prims/jvm.cpp:1322
Event: 46.192 Thread 0x00007f9ed800d800 Threw 0x00000000ed9f53b0 at /build/openjdk-7-HVzwJZ/openjdk-7-7u95-2.6.4/build/openjdk/hotspot/src/share/vm/prims/jvm.cpp:1322
Event: 46.193 Thread 0x00007f9ed800d800 Threw 0x00000000ed9fd248 at /build/openjdk-7-HVzwJZ/openjdk-7-7u95-2.6.4/build/openjdk/hotspot/src/share/vm/prims/jvm.cpp:1322
Event: 46.193 Thread 0x00007f9ed800d800 Threw 0x00000000eda03550 at /build/openjdk-7-HVzwJZ/openjdk-7-7u95-2.6.4/build/openjdk/hotspot/src/share/vm/prims/jvm.cpp:1322
Event: 46.193 Thread 0x00007f9ed800d800 Threw 0x00000000eda098b0 at /build/openjdk-7-HVzwJZ/openjdk-7-7u95-2.6.4/build/openjdk/hotspot/src/share/vm/prims/jvm.cpp:1322
Event: 46.193 Thread 0x00007f9ed800d800 Threw 0x00000000eda10c20 at /build/openjdk-7-HVzwJZ/openjdk-7-7u95-2.6.4/build/openjdk/hotspot/src/share/vm/prims/jvm.cpp:1322
Event: 46.195 Thread 0x00007f9ed800d800 Threw 0x00000000eda70d58 at /build/openjdk-7-HVzwJZ/openjdk-7-7u95-2.6.4/build/openjdk/hotspot/src/share/vm/prims/jvm.cpp:1322

Events (10 events):
Event: 46.273 Thread 0x00007f9ed800d800 DEOPT PACKING pc=0x00007f9f117bf0fc sp=0x00007f9f00101ed0
Event: 46.273 Thread 0x00007f9ed800d800 DEOPT UNPACKING pc=0x00007f9f11039445 sp=0x00007f9f00101eb0 mode 2
Event: 46.273 Thread 0x00007f9ed800d800 Uncommon trap: trap_request=0xffffff75 fr.pc=0x00007f9f117b6134
Event: 46.273 Thread 0x00007f9ed800d800 DEOPT PACKING pc=0x00007f9f117b6134 sp=0x00007f9f00102100
Event: 46.273 Thread 0x00007f9ed800d800 DEOPT UNPACKING pc=0x00007f9f11039445 sp=0x00007f9f001020e8 mode 2
Event: 46.797 Thread 0x00007f9ed800d800 Uncommon trap: trap_request=0xffffffde fr.pc=0x00007f9f11a6644c
Event: 46.797 Thread 0x00007f9ed800d800 DEOPT PACKING pc=0x00007f9f11a6644c sp=0x00007f9f00102280
Event: 46.797 Thread 0x00007f9ed800d800 DEOPT UNPACKING pc=0x00007f9f11039445 sp=0x00007f9f00102120 mode 2
Event: 46.861 Thread 0x00007f9f140ad000 flushing nmethod 0x00007f9f112c3690
Event: 46.888 Executing VM operation: ParallelGCFailedAllocation


Dynamic libraries:
00400000-00401000 r-xp 00000000 08:01 5508137                            /usr/lib/jvm/java-7-openjdk-amd64/jre/bin/java
00600000-00601000 r--p 00000000 08:01 5508137                            /usr/lib/jvm/java-7-openjdk-amd64/jre/bin/java
00601000-00602000 rw-p 00001000 08:01 5508137                            /usr/lib/jvm/java-7-openjdk-amd64/jre/bin/java
02026000-02047000 rw-p 00000000 00:00 0                                  [heap]
b0000000-b6380000 rw-p 00000000 00:00 0 
b6380000-c0000000 rw-p 00000000 00:00 0 
c0000000-c8200000 rw-p 00000000 00:00 0 
cd300000-eaa80000 rw-p 00000000 00:00 0 
eaa80000-100000000 rw-p 00000000 00:00 0 
7f9e98000000-7f9e98021000 rw-p 00000000 00:00 0 
7f9e98021000-7f9e9c000000 ---p 00000000 00:00 0 
7f9e9c000000-7f9e9c021000 rw-p 00000000 00:00 0 
7f9e9c021000-7f9ea0000000 ---p 00000000 00:00 0 
7f9ea0000000-7f9ea0021000 rw-p 00000000 00:00 0 
7f9ea0021000-7f9ea4000000 ---p 00000000 00:00 0 
7f9ea4000000-7f9ea4021000 rw-p 00000000 00:00 0 
7f9ea4021000-7f9ea8000000 ---p 00000000 00:00 0 
7f9ea8000000-7f9ea8021000 rw-p 00000000 00:00 0 
7f9ea8021000-7f9eac000000 ---p 00000000 00:00 0 
7f9eac000000-7f9eac021000 rw-p 00000000 00:00 0 
7f9eac021000-7f9eb0000000 ---p 00000000 00:00 0 
7f9eb0000000-7f9eb0021000 rw-p 00000000 00:00 0 
7f9eb0021000-7f9eb4000000 ---p 00000000 00:00 0 
7f9eb4000000-7f9eb4021000 rw-p 00000000 00:00 0 
7f9eb4021000-7f9eb8000000 ---p 00000000 00:00 0 
7f9eb8000000-7f9eb8021000 rw-p 00000000 00:00 0 
7f9eb8021000-7f9ebc000000 ---p 00000000 00:00 0 
7f9ebc000000-7f9ebc021000 rw-p 00000000 00:00 0 
7f9ebc021000-7f9ec0000000 ---p 00000000 00:00 0 
7f9ec0000000-7f9ec0021000 rw-p 00000000 00:00 0 
7f9ec0021000-7f9ec4000000 ---p 00000000 00:00 0 
7f9ec4000000-7f9ec4e74000 rw-p 00000000 00:00 0 
7f9ec4e74000-7f9ec8000000 ---p 00000000 00:00 0 
7f9ecb41e000-7f9ecb420000 r--s 0000c000 08:01 9582194                    /home/raihan/OpenSrpWorkSpace/opensrp-client/opensrp-mcare/build/intermediates/exploded-aar/org.ei.opensrp/opensrp-app/unspecified/jars/libs/butterknife-7.0.1.jar
7f9ecb420000-7f9ecb423000 ---p 00000000 00:00 0 
7f9ecb423000-7f9ecb521000 rw-p 00000000 00:00 0 
7f9ecb521000-7f9ecb524000 ---p 00000000 00:00 0 
7f9ecb524000-7f9ecb622000 rw-p 00000000 00:00 0 
7f9ecb622000-7f9ecb625000 ---p 00000000 00:00 0 
7f9ecb625000-7f9ecb723000 rw-p 00000000 00:00 0 
7f9ecb723000-7f9ecb726000 ---p 00000000 00:00 0 
7f9ecb726000-7f9ecb824000 rw-p 00000000 00:00 0 
7f9ecb824000-7f9ecb827000 ---p 00000000 00:00 0 
7f9ecb827000-7f9ecb925000 rw-p 00000000 00:00 0                          [stack:22834]
7f9ecb925000-7f9ecb928000 ---p 00000000 00:00 0 
7f9ecb928000-7f9ecba26000 rw-p 00000000 00:00 0                          [stack:22833]
7f9ecba26000-7f9ecba29000 ---p 00000000 00:00 0 
7f9ecba29000-7f9ecbb27000 rw-p 00000000 00:00 0                          [stack:22832]
7f9ecbb27000-7f9ecbb2a000 ---p 00000000 00:00 0 
7f9ecbb2a000-7f9ecbc28000 rw-p 00000000 00:00 0                          [stack:22831]
7f9ecbc28000-7f9ecbc2a000 r--s 0000c000 08:01 8258553                    /home/raihan/OpenSrpWorkSpace/opensrp-client/opensrp-app/libs/butterknife-7.0.1.jar
7f9ecbc3f000-7f9ecbc40000 rw-p 00000000 00:00 0 
7f9ecbc40000-7f9ecbc48000 r--s 000a8000 08:01 7733561                    /home/raihan/android-studio/gradle/m2repository/com/android/tools/external/lombok/lombok-ast/0.2.3/lombok-ast-0.2.3.jar
7f9ecbc48000-7f9ecbc4a000 r--s 0000d000 08:01 7733686                    /home/raihan/android-studio/gradle/m2repository/commons-codec/commons-codec/1.4/commons-codec-1.4.jar
7f9ecbc4a000-7f9ecbc4c000 r--s 0000d000 08:01 7211158                    /home/raihan/android-studio/gradle/m2repository/commons-logging/commons-logging/1.1.1/commons-logging-1.1.1.jar
7f9ecbc4c000-7f9ecbc51000 r--s 00028000 08:01 7082089                    /home/raihan/android-studio/gradle/m2repository/org/apache/httpcomponents/httpcore/4.1/httpcore-4.1.jar
7f9ecbc51000-7f9ecbc52000 r--s 00004000 08:01 5778282                    /home/raihan/android-studio/gradle/m2repository/org/ow2/asm/asm-analysis/5.0.3/asm-analysis-5.0.3.jar
7f9ecbc52000-7f9ecbc55000 r--s 0002b000 08:01 131255                     /home/raihan/.gradle/caches/modules-2/files-2.1/com.android.tools.lint/lint-api/24.2.3/c3648cf4ae2ff004360e31ed177271d88ecd093a/lint-api-24.2.3.jar
7f9ecbc55000-7f9ecbc56000 r--s 0000a000 08:01 7341712                    /home/raihan/android-studio/gradle/m2repository/net/sf/kxml/kxml2/2.3.0/kxml2-2.3.0.jar
7f9ecbc56000-7f9ecbc81000 r--s 001f9000 08:01 7733446                    /home/raihan/android-studio/gradle/m2repository/com/google/guava/guava/17.0/guava-17.0.jar
7f9ecbc81000-7f9ecbc83000 r--s 00005000 08:01 6950263                    /home/raihan/android-studio/gradle/m2repository/org/apache/httpcomponents/httpmime/4.1/httpmime-4.1.jar
7f9ecbc83000-7f9ecbc8b000 r--s 0004e000 08:01 6818273                    /home/raihan/android-studio/gradle/m2repository/org/apache/httpcomponents/httpclient/4.1.1/httpclient-4.1.1.jar
7f9ecbc8b000-7f9ecbc92000 r--s 00053000 08:01 6557427                    /home/raihan/android-studio/gradle/m2repository/org/apache/commons/commons-compress/1.8.1/commons-compress-1.8.1.jar
7f9ecbc92000-7f9ecbc93000 r--s 00005000 08:01 131254                     /home/raihan/.gradle/caches/modules-2/files-2.1/com.android.tools/dvlib/24.2.3/14e95bd58c53762138210f48eeb5d670e11ccdba/dvlib-24.2.3.jar
7f9ecbc93000-7f9ecbc96000 r--s 00012000 08:01 131253                     /home/raihan/.gradle/caches/modules-2/files-2.1/com.android.tools.layoutlib/layoutlib-api/24.2.3/267861b0cc93c5c9cf85d901e9e1e975ae109fd/layoutlib-api-24.2.3.jar
7f9ecbc96000-7f9ecbc97000 r--s 00001000 08:01 131252                     /home/raihan/.gradle/caches/modules-2/files-2.1/com.android.tools/annotations/24.2.3/5cfce42220293835e7988ceefd9b0f4e9f284791/annotations-24.2.3.jar
7f9ecbc97000-7f9ecbca7000 r--s 000d3000 08:01 7341720                    /home/raihan/android-studio/gradle/m2repository/net/sf/proguard/proguard-base/5.1/proguard-base-5.1.jar
7f9ecbca7000-7f9ecbcb9000 r--s 00220000 08:01 6298723                    /home/raihan/android-studio/gradle/m2repository/org/eclipse/jdt/core/compiler/ecj/4.4/ecj-4.4.jar
7f9ecbcb9000-7f9ecbcbf000 r--s 00093000 08:01 131251                     /home/raihan/.gradle/caches/modules-2/files-2.1/com.android.tools.lint/lint-checks/24.2.3/59fb927f5817e16796297140add6c879ee752f37/lint-checks-24.2.3.jar
7f9ecbcbf000-7f9ecbcc4000 r--s 0002a000 08:01 7733436                    /home/raihan/android-studio/gradle/m2repository/com/google/code/gson/gson/2.2.4/gson-2.2.4.jar
7f9ecbcc4000-7f9ecbcc6000 r--s 00006000 08:01 5640140                    /home/raihan/android-studio/gradle/m2repository/org/ow2/asm/asm-tree/5.0.3/asm-tree-5.0.3.jar
7f9ecbcc6000-7f9ecbcc7000 r--s 0000c000 08:01 5640128                    /home/raihan/android-studio/gradle/m2repository/org/ow2/asm/asm/5.0.3/asm-5.0.3.jar
7f9ecbcc7000-7f9ecbcfa000 r--s 00203000 08:01 6434684                    /home/raihan/android-studio/gradle/m2repository/org/bouncycastle/bcprov-jdk15on/1.48/bcprov-jdk15on-1.48.jar
7f9ecbcfa000-7f9ecbd08000 r--s 00081000 08:01 6434679                    /home/raihan/android-studio/gradle/m2repository/org/bouncycastle/bcpkix-jdk15on/1.48/bcpkix-jdk15on-1.48.jar
7f9ecbd08000-7f9ecbd0a000 r--s 00002000 08:01 7733674                    /home/raihan/android-studio/gradle/m2repository/com/squareup/javawriter/2.5.0/javawriter-2.5.0.jar
7f9ecbd0a000-7f9ecbd0f000 r--s 00042000 08:01 131250                     /home/raihan/.gradle/caches/modules-2/files-2.1/com.android.tools.ddms/ddmlib/24.2.3/72e612ad93e7b12d8f71c584f1f65a81e864e4de/ddmlib-24.2.3.jar
7f9ecbd0f000-7f9ecbd13000 r--s 00029000 08:01 131249                     /home/raihan/.gradle/caches/modules-2/files-2.1/com.android.tools.build/manifest-merger/24.2.3/ac192088836974da767392eadc3beb16d37b65b3/manifest-merger-24.2.3.jar
7f9ecbd13000-7f9ecbd15000 r--s 00012000 08:01 131248                     /home/raihan/.gradle/caches/modules-2/files-2.1/com.android.tools/common/24.2.3/1bcbdeecd08852eba2954b8376ef8cbf7704b39b/common-24.2.3.jar
7f9ecbd15000-7f9ecbd1b000 r--s 0005f000 08:01 131247                     /home/raihan/.gradle/caches/modules-2/files-2.1/com.android.tools/sdk-common/24.2.3/c59b15bdc3aaf46b13491827d8a6abaa6d5213b3/sdk-common-24.2.3.jar
7f9ecbd1b000-7f9ecbd25000 r--s 000a9000 08:01 131246                     /home/raihan/.gradle/caches/modules-2/files-2.1/com.android.tools/sdklib/24.2.3/2e1b33d6544db11d30fa0037ee6751675ae42329/sdklib-24.2.3.jar
7f9ecbd25000-7f9ecbd26000 r--s 00002000 08:01 131245                     /home/raihan/.gradle/caches/modules-2/files-2.1/com.android.tools.build/builder-test-api/1.2.3/821301502b154d3a66d93b72bcb9ffeba4487acd/builder-test-api-1.2.3.jar
7f9ecbd26000-7f9ecbd28000 r--s 00004000 08:01 131244                     /home/raihan/.gradle/caches/modules-2/files-2.1/com.android.tools.build/builder-model/1.2.3/31a6a8af1d5a4f528a5d0fa567fcd8234d100bd1/builder-model-1.2.3.jar
7f9ecbd28000-7f9ecbd2a000 r--s 0001a000 08:01 131243                     /home/raihan/.gradle/caches/modules-2/files-2.1/com.android.tools.lint/lint/24.2.3/3b2976b2b1b2e8cb13cb2224da81f624081db38a/lint-24.2.3.jar
7f9ecbd2a000-7f9ecbd2f000 r--s 00039000 08:01 131242                     /home/raihan/.gradle/caches/modules-2/files-2.1/com.android.tools.build/builder/1.2.3/4530e2d560877a7a514b63500e7263c973ee2413/builder-1.2.3.jar
7f9ecbd2f000-7f9ecbd42000 r--s 0015d000 08:01 131241                     /home/raihan/.gradle/caches/modules-2/files-2.1/com.android.tools.build/gradle-core/1.2.3/4a448f6ea508a2b547a3fea4033d2b68d287a188/gradle-core-1.2.3.jar
7f9ecbd42000-7f9ecbd49000 r--s 0005e000 08:01 6689878                    /home/raihan/android-studio/gradle/m2repository/org/apache/commons/commons-lang3/3.3.2/commons-lang3-3.3.2.jar
7f9ecbd49000-7f9ecbd53000 r--s 000ae000 08:01 5508149                    /usr/lib/jvm/java-7-openjdk-amd64/jre/lib/resources.jar
7f9ecbd53000-7f9ecbd56000 ---p 00000000 00:00 0 
7f9ecbd56000-7f9ecbe54000 rw-p 00000000 00:00 0                          [stack:22823]
7f9ecbe54000-7f9ecbe57000 ---p 00000000 00:00 0 
7f9ecbe57000-7f9ecbe8d000 rw-p 00000000 00:00 0                          [stack:22822]
7f9ecbe8d000-7f9ecbef8000 r--s 0069d000 08:01 5918015                    /usr/lib/jvm/java-7-openjdk-amd64/lib/tools.jar
7f9ecbef8000-7f9ecbefb000 ---p 00000000 00:00 0 
7f9ecbefb000-7f9ecbff9000 rw-p 00000000 00:00 0                          [stack:22820]
7f9ecbff9000-7f9ecc000000 r--s 00000000 08:01 5118713                    /usr/lib/x86_64-linux-gnu/gconv/gconv-modules.cache
7f9ecc000000-7f9ecc021000 rw-p 00000000 00:00 0 
7f9ecc021000-7f9ed0000000 ---p 00000000 00:00 0 
7f9ed0000000-7f9ed0021000 rw-p 00000000 00:00 0 
7f9ed0021000-7f9ed4000000 ---p 00000000 00:00 0 
7f9ed4000000-7f9ed402a000 rw-p 00000000 00:00 0 
7f9ed402a000-7f9ed8000000 ---p 00000000 00:00 0 
7f9ed8000000-7f9ed8021000 rw-p 00000000 00:00 0 
7f9ed8021000-7f9edc000000 ---p 00000000 00:00 0 
7f9edc000000-7f9edc021000 rw-p 00000000 00:00 0 
7f9edc021000-7f9ee0000000 ---p 00000000 00:00 0 
7f9ee0000000-7f9ee0021000 rw-p 00000000 00:00 0 
7f9ee0021000-7f9ee4000000 ---p 00000000 00:00 0 
7f9ee4000000-7f9ee6a1f000 rw-p 00000000 00:00 0 
7f9ee6a1f000-7f9ee8000000 ---p 00000000 00:00 0 
7f9ee8000000-7f9ee9f20000 rw-p 00000000 00:00 0 
7f9ee9f20000-7f9eec000000 ---p 00000000 00:00 0 
7f9eec000000-7f9eec021000 rw-p 00000000 00:00 0 
7f9eec021000-7f9ef0000000 ---p 00000000 00:00 0 
7f9ef0000000-7f9ef0021000 rw-p 00000000 00:00 0 
7f9ef0021000-7f9ef4000000 ---p 00000000 00:00 0 
7f9ef4000000-7f9ef4081000 rw-p 00000000 00:00 0 
7f9ef4081000-7f9ef8000000 ---p 00000000 00:00 0 
7f9ef8000000-7f9ef8021000 rw-p 00000000 00:00 0 
7f9ef8021000-7f9efc000000 ---p 00000000 00:00 0 
7f9efc000000-7f9efc036000 rw-p 00000000 00:00 0 
7f9efc036000-7f9f00000000 ---p 00000000 00:00 0 
7f9f00000000-7f9f00001000 r--s 00002000 08:01 7472876                    /home/raihan/android-studio/gradle/m2repository/net/sf/proguard/proguard-gradle/5.1/proguard-gradle-5.1.jar
7f9f00001000-7f9f00002000 r--s 00003000 08:01 131240                     /home/raihan/.gradle/caches/modules-2/files-2.1/org.robolectric/robolectric-gradle-plugin/1.1.0/cbb2b1e3343933d1a3254d0f79b31e0bb8c45274/robolectric-gradle-plugin-1.1.0.jar
7f9f00002000-7f9f00004000 r--s 0000c000 08:01 131239                     /home/raihan/.gradle/caches/modules-2/files-2.1/com.android.tools.build/gradle/1.2.3/2fc5a2f1ac2e86c5c4bb57241330198b2355e621/gradle-1.2.3.jar
7f9f00004000-7f9f00005000 r--p 00000000 00:00 0 
7f9f00005000-7f9f00008000 ---p 00000000 00:00 0 
7f9f00008000-7f9f00106000 rw-p 00000000 00:00 0                          [stack:22817]
7f9f00106000-7f9f00109000 ---p 00000000 00:00 0 
7f9f00109000-7f9f00207000 rw-p 00000000 00:00 0                          [stack:22816]
7f9f00207000-7f9f0020a000 ---p 00000000 00:00 0 
7f9f0020a000-7f9f00308000 rw-p 00000000 00:00 0                          [stack:22815]
7f9f00308000-7f9f0030b000 ---p 00000000 00:00 0 
7f9f0030b000-7f9f00409000 rw-p 00000000 00:00 0                          [stack:22814]
7f9f00409000-7f9f0040c000 ---p 00000000 00:00 0 
7f9f0040c000-7f9f0050a000 rw-p 00000000 00:00 0                          [stack:22813]
7f9f0050a000-7f9f0050e000 r--s 0004f000 08:01 5508158                    /usr/lib/jvm/java-7-openjdk-amd64/jre/lib/jsse.jar
7f9f0050e000-7f9f0050f000 r--s 00001000 08:01 7211414                    /home/raihan/.gradle/wrapper/dists/gradle-2.3-all/w01pvxy5gty3tegjrai84pm3/gradle-2.3/lib/plugins/gradle-plugin-development-2.3.jar
7f9f0050f000-7f9f00511000 r--s 00002000 08:01 7211413                    /home/raihan/.gradle/wrapper/dists/gradle-2.3-all/w01pvxy5gty3tegjrai84pm3/gradle-2.3/lib/plugins/gradle-cunit-2.3.jar
7f9f00511000-7f9f00516000 r--s 00036000 08:01 7211412                    /home/raihan/.gradle/wrapper/dists/gradle-2.3-all/w01pvxy5gty3tegjrai84pm3/gradle-2.3/lib/plugins/gradle-ide-native-2.3.jar
7f9f00516000-7f9f0051b000 r--s 00015000 08:01 7211411                    /home/raihan/.gradle/wrapper/dists/gradle-2.3-all/w01pvxy5gty3tegjrai84pm3/gradle-2.3/lib/plugins/gradle-language-native-2.3.jar
7f9f0051b000-7f9f00520000 r--s 00019000 08:01 7211410                    /home/raihan/.gradle/wrapper/dists/gradle-2.3-all/w01pvxy5gty3tegjrai84pm3/gradle-2.3/lib/plugins/gradle-platform-play-2.3.jar
7f9f00520000-7f9f0052c000 r--s 0004e000 08:01 7211409                    /home/raihan/.gradle/wrapper/dists/gradle-2.3-all/w01pvxy5gty3tegjrai84pm3/gradle-2.3/lib/plugins/gradle-platform-native-2.3.jar
7f9f0052c000-7f9f0052e000 r--s 00008000 08:01 7211408                    /home/raihan/.gradle/wrapper/dists/gradle-2.3-all/w01pvxy5gty3tegjrai84pm3/gradle-2.3/lib/plugins/gradle-language-scala-2.3.jar
7f9f0052e000-7f9f00530000 r--s 00008000 08:01 7211407                    /home/raihan/.gradle/wrapper/dists/gradle-2.3-all/w01pvxy5gty3tegjrai84pm3/gradle-2.3/lib/plugins/gradle-language-groovy-2.3.jar
7f9f00530000-7f9f00535000 r--s 00022000 08:01 7211406                    /home/raihan/.gradle/wrapper/dists/gradle-2.3-all/w01pvxy5gty3tegjrai84pm3/gradle-2.3/lib/plugins/gradle-language-java-2.3.jar
7f9f00535000-7f9f00537000 r--s 00008000 08:01 7211405                    /home/raihan/.gradle/wrapper/dists/gradle-2.3-all/w01pvxy5gty3tegjrai84pm3/gradle-2.3/lib/plugins/gradle-language-jvm-2.3.jar
7f9f00537000-7f9f00539000 r--s 00009000 08:01 7211404                    /home/raihan/.gradle/wrapper/dists/gradle-2.3-all/w01pvxy5gty3tegjrai84pm3/gradle-2.3/lib/plugins/gradle-platform-jvm-2.3.jar
7f9f00539000-7f9f0053f000 r--s 0001a000 08:01 7211403                    /home/raihan/.gradle/wrapper/dists/gradle-2.3-all/w01pvxy5gty3tegjrai84pm3/gradle-2.3/lib/plugins/gradle-platform-base-2.3.jar
7f9f0053f000-7f9f00544000 r--s 00026000 08:01 7211402                    /home/raihan/.gradle/wrapper/dists/gradle-2.3-all/w01pvxy5gty3tegjrai84pm3/gradle-2.3/lib/plugins/gradle-build-init-2.3.jar
7f9f00544000-7f9f00547000 r--s 0001c000 08:01 7211401                    /home/raihan/.gradle/wrapper/dists/gradle-2.3-all/w01pvxy5gty3tegjrai84pm3/gradle-2.3/lib/plugins/gradle-jacoco-2.3.jar
7f9f00547000-7f9f0054a000 r--s 0000e000 08:01 7211400                    /home/raihan/.gradle/wrapper/dists/gradle-2.3-all/w01pvxy5gty3tegjrai84pm3/gradle-2.3/lib/plugins/gradle-ivy-2.3.jar
7f9f0054a000-7f9f0054c000 r--s 00002000 08:01 7211399                    /home/raihan/.gradle/wrapper/dists/gradle-2.3-all/w01pvxy5gty3tegjrai84pm3/gradle-2.3/lib/plugins/gradle-publish-2.3.jar
7f9f0054c000-7f9f0054e000 r--s 00005000 08:01 7211437                    /home/raihan/.gradle/wrapper/dists/gradle-2.3-all/w01pvxy5gty3tegjrai84pm3/gradle-2.3/lib/plugins/jatl-0.2.2.jar
7f9f0054e000-7f9f00550000 r--s 0000f000 08:01 7211398                    /home/raihan/.gradle/wrapper/dists/gradle-2.3-all/w01pvxy5gty3tegjrai84pm3/gradle-2.3/lib/plugins/gradle-reporting-2.3.jar
7f9f00550000-7f9f00556000 r--s 00035000 08:01 7211397                    /home/raihan/.gradle/wrapper/dists/gradle-2.3-all/w01pvxy5gty3tegjrai84pm3/gradle-2.3/lib/plugins/gradle-diagnostics-2.3.jar
7f9f00556000-7f9f0055d000 r--s 00094000 08:01 7211396                    /home/raihan/.gradle/wrapper/dists/gradle-2.3-all/w01pvxy5gty3tegjrai84pm3/gradle-2.3/lib/plugins/gradle-build-comparison-2.3.jar
7f9f0055d000-7f9f00564000 r--s 00035000 08:01 7211436                    /home/raihan/.gradle/wrapper/dists/gradle-2.3-all/w01pvxy5gty3tegjrai84pm3/gradle-2.3/lib/plugins/simple-4.1.21.jar
7f9f00564000-7f9f00570000 r--s 00100000 08:01 7211434                    /home/raihan/.gradle/wrapper/dists/gradle-2.3-all/w01pvxy5gty3tegjrai84pm3/gradle-2.3/lib/plugins/rhino-1.7R3.jar
7f9f00570000-7f9f00575000 r--s 0001f000 08:01 7211395                    /home/raihan/.gradle/wrapper/dists/gradle-2.3-all/w01pvxy5gty3tegjrai84pm3/gradle-2.3/lib/plugins/gradle-javascript-2.3.jar
7f9f00575000-7f9f00577000 r--s 0000e000 08:01 7211394                    /home/raihan/.gradle/wrapper/dists/gradle-2.3-all/w01pvxy5gty3tegjrai84pm3/gradle-2.3/lib/plugins/gradle-ear-2.3.jar
7f9f00577000-7f9f0057e000 r--s 00038000 08:01 7211433                    /home/raihan/.gradle/wrapper/dists/gradle-2.3-all/w01pvxy5gty3tegjrai84pm3/gradle-2.3/lib/plugins/bcpg-jdk15on-1.51.jar
7f9f0057e000-7f9f00581000 r--s 0001d000 08:01 7211393                    /home/raihan/.gradle/wrapper/dists/gradle-2.3-all/w01pvxy5gty3tegjrai84pm3/gradle-2.3/lib/plugins/gradle-signing-2.3.jar
7f9f00581000-7f9f00582000 r--s 00002000 08:01 7211432                    /home/raihan/.gradle/wrapper/dists/gradle-2.3-all/w01pvxy5gty3tegjrai84pm3/gradle-2.3/lib/plugins/sonar-batch-bootstrapper-2.9.jar
7f9f00582000-7f9f00585000 r--s 00018000 08:01 7211392                    /home/raihan/.gradle/wrapper/dists/gradle-2.3-all/w01pvxy5gty3tegjrai84pm3/gradle-2.3/lib/plugins/gradle-sonar-2.3.jar
7f9f00585000-7f9f00588000 r--s 00013000 08:01 7211391                    /home/raihan/.gradle/wrapper/dists/gradle-2.3-all/w01pvxy5gty3tegjrai84pm3/gradle-2.3/lib/plugins/gradle-scala-2.3.jar
7f9f00588000-7f9f00589000 r--s 0000e000 08:01 7211390                    /home/raihan/.gradle/wrapper/dists/gradle-2.3-all/w01pvxy5gty3tegjrai84pm3/gradle-2.3/lib/plugins/gradle-announce-2.3.jar
7f9f00589000-7f9f00596000 r--s 000b9000 08:01 7211389                    /home/raihan/.gradle/wrapper/dists/gradle-2.3-all/w01pvxy5gty3tegjrai84pm3/gradle-2.3/lib/plugins/gradle-ide-2.3.jar
7f9f00596000-7f9f00598000 r--s 00000000 08:01 7211431                    /home/raihan/.gradle/wrapper/dists/gradle-2.3-all/w01pvxy5gty3tegjrai84pm3/gradle-2.3/lib/plugins/plexus-component-annotations-1.5.2.jar
7f9f00598000-7f9f0059b000 r--s 0000c000 08:01 7211430                    /home/raihan/.gradle/wrapper/dists/gradle-2.3-all/w01pvxy5gty3tegjrai84pm3/gradle-2.3/lib/plugins/pmaven-groovy-0.8-20100325.jar
7f9f0059b000-7f9f0059c000 r--s 00004000 08:01 7211429                    /home/raihan/.gradle/wrapper/dists/gradle-2.3-all/w01pvxy5gty3tegjrai84pm3/gradle-2.3/lib/plugins/pmaven-common-0.8-20100325.jar
7f9f0059c000-7f9f005a2000 r--s 0001e000 08:01 7211388                    /home/raihan/.gradle/wrapper/dists/gradle-2.3-all/w01pvxy5gty3tegjrai84pm3/gradle-2.3/lib/plugins/gradle-maven-2.3.jar
7f9f005a2000-7f9f005ba000 r--s 0013b000 08:01 7211427                    /home/raihan/.gradle/wrapper/dists/gradle-2.3-all/w01pvxy5gty3tegjrai84pm3/gradle-2.3/lib/plugins/bndlib-2.1.0.jar
7f9f005ba000-7f9f005bc000 r--s 00004000 08:01 7211387                    /home/raihan/.gradle/wrapper/dists/gradle-2.3-all/w01pvxy5gty3tegjrai84pm3/gradle-2.3/lib/plugins/gradle-osgi-2.3.jar
7f9f005bc000-7f9f005be000 r--s 00004000 08:01 7211386                    /home/raihan/.gradle/wrapper/dists/gradle-2.3-all/w01pvxy5gty3tegjrai84pm3/gradle-2.3/lib/plugins/gradle-antlr-2.3.jar
7f9f005be000-7f9f005c1000 r--s 0001e000 08:01 7211448                    /home/raihan/.gradle/wrapper/dists/gradle-2.3-all/w01pvxy5gty3tegjrai84pm3/gradle-2.3/lib/plugins/jsp-api-2.1-6.1.14.jar
7f9f005c1000-7f9f005e4000 r--s 00344000 08:01 7211447                    /home/raihan/.gradle/wrapper/dists/gradle-2.3-all/w01pvxy5gty3tegjrai84pm3/gradle-2.3/lib/plugins/core-3.1.1.jar
7f9f005e4000-7f9f005e5000 r--s 00006000 08:01 7211446                    /home/raihan/.gradle/wrapper/dists/gradle-2.3-all/w01pvxy5gty3tegjrai84pm3/gradle-2.3/lib/plugins/jetty-naming-6.1.25.jar
7f9f005e5000-7f9f005e6000 r--s 00002000 08:01 7211426                    /home/raihan/.gradle/wrapper/dists/gradle-2.3-all/w01pvxy5gty3tegjrai84pm3/gradle-2.3/lib/plugins/geronimo-annotation_1.0_spec-1.0.jar
7f9f005e6000-7f9f005e8000 r--s 00002000 08:01 7211425                    /home/raihan/.gradle/wrapper/dists/gradle-2.3-all/w01pvxy5gty3tegjrai84pm3/gradle-2.3/lib/plugins/jetty-annotations-6.1.25.jar
7f9f005e8000-7f9f005f9000 r--s 000ea000 08:01 7211424                    /home/raihan/.gradle/wrapper/dists/gradle-2.3-all/w01pvxy5gty3tegjrai84pm3/gradle-2.3/lib/plugins/jsp-2.1-6.1.14.jar
7f9f005f9000-7f9f005fb000 r--s 0000d000 08:01 7211423                    /home/raihan/.gradle/wrapper/dists/gradle-2.3-all/w01pvxy5gty3tegjrai84pm3/gradle-2.3/lib/plugins/jetty-plus-6.1.25.jar
7f9f005fb000-7f9f005fd000 r--s 0001f000 08:01 7211422                    /home/raihan/.gradle/wrapper/dists/gradle-2.3-all/w01pvxy5gty3tegjrai84pm3/gradle-2.3/lib/plugins/servlet-api-2.5-20081211.jar
7f9f005fd000-7f9f00601000 r--s 00028000 08:01 7211421                    /home/raihan/.gradle/wrapper/dists/gradle-2.3-all/w01pvxy5gty3tegjrai84pm3/gradle-2.3/lib/plugins/jetty-util-6.1.25.jar
7f9f00601000-7f9f00608000 r--s 0007d000 08:01 7211420                    /home/raihan/.gradle/wrapper/dists/gradle-2.3-all/w01pvxy5gty3tegjrai84pm3/gradle-2.3/lib/plugins/jetty-6.1.25.jar
7f9f00608000-7f9f0060a000 r--s 00009000 08:01 7211385                    /home/raihan/.gradle/wrapper/dists/gradle-2.3-all/w01pvxy5gty3tegjrai84pm3/gradle-2.3/lib/plugins/gradle-jetty-2.3.jar
7f9f0060a000-7f9f0060f000 r--s 00041000 08:01 7211384                    /home/raihan/.gradle/wrapper/dists/gradle-2.3-all/w01pvxy5gty3tegjrai84pm3/gradle-2.3/lib/plugins/gradle-code-quality-2.3.jar
7f9f0060f000-7f9f00611000 r--s 00009000 08:01 7211456                    /home/raihan/.gradle/wrapper/dists/gradle-2.3-all/w01pvxy5gty3tegjrai84pm3/gradle-2.3/lib/plugins/hamcrest-core-1.3.jar
7f9f00611000-7f9f00617000 r--s 00033000 08:01 7211445                    /home/raihan/.gradle/wrapper/dists/gradle-2.3-all/w01pvxy5gty3tegjrai84pm3/gradle-2.3/lib/plugins/snakeyaml-1.6.jar
7f9f00617000-7f9f00619000 r--s 00006000 08:01 7211444                    /home/raihan/.gradle/wrapper/dists/gradle-2.3-all/w01pvxy5gty3tegjrai84pm3/gradle-2.3/lib/plugins/jcommander-1.12.jar
7f9f00619000-7f9f0061e000 r--s 00040000 08:01 7211443                    /home/raihan/.gradle/wrapper/dists/gradle-2.3-all/w01pvxy5gty3tegjrai84pm3/gradle-2.3/lib/plugins/bsh-2.0b4.jar
7f9f0061e000-7f9f00627000 r--s 00089000 08:01 7211418                    /home/raihan/.gradle/wrapper/dists/gradle-2.3-all/w01pvxy5gty3tegjrai84pm3/gradle-2.3/lib/plugins/testng-6.3.1.jar
7f9f00627000-7f9f0062d000 r--s 00036000 08:01 7211417                    /home/raihan/.gradle/wrapper/dists/gradle-2.3-all/w01pvxy5gty3tegjrai84pm3/gradle-2.3/lib/plugins/junit-4.11.jar
7f9f0062d000-7f9f00639000 r--s 00078000 08:01 7211383                    /home/raihan/.gradle/wrapper/dists/gradle-2.3-all/w01pvxy5gty3tegjrai84pm3/gradle-2.3/lib/plugins/gradle-plugins-2.3.jar
7f9f00639000-7f9f0063e000 r--s 0002a000 08:01 7211435                    /home/raihan/.gradle/wrapper/dists/gradle-2.3-all/w01pvxy5gty3tegjrai84pm3/gradle-2.3/lib/plugins/gson-2.2.4.jar
7f9f0063e000-7f9f00642000 r--s 00010000 08:01 7211415                    /home/raihan/.gradle/wrapper/dists/gradle-2.3-all/w01pvxy5gty3tegjrai84pm3/gradle-2.3/lib/plugins/gradle-plugin-use-2.3.jar
7f9f00642000-7f9f0065a000 r--s 00115000 08:01 7211454                    /home/raihan/.gradle/wrapper/dists/gradle-2.3-all/w01pvxy5gty3tegjrai84pm3/gradle-2.3/lib/plugins/xercesImpl-2.9.1.jar
7f9f0065a000-7f9f0065e000 r-xp 00000000 08:01 6558808                    /home/raihan/.gradle/daemon/native/19/linux-amd64/libnative-platform.so
7f9f0065e000-7f9f0085d000 ---p 00004000 08:01 6558808                    /home/raihan/.gradle/daemon/native/19/linux-amd64/libnative-platform.so
7f9f0085d000-7f9f0085e000 rw-p 00003000 08:01 6558808                    /home/raihan/.gradle/daemon/native/19/linux-amd64/libnative-platform.so
7f9f0085e000-7f9f0086e000 r-xp 00000000 08:01 5917910                    /usr/lib/jvm/java-7-openjdk-amd64/jre/lib/amd64/libnio.so
7f9f0086e000-7f9f00a6e000 ---p 00010000 08:01 5917910                    /usr/lib/jvm/java-7-openjdk-amd64/jre/lib/amd64/libnio.so
7f9f00a6e000-7f9f00a6f000 r--p 00010000 08:01 5917910                    /usr/lib/jvm/java-7-openjdk-amd64/jre/lib/amd64/libnio.so
7f9f00a6f000-7f9f00a70000 rw-p 00011000 08:01 5917910                    /usr/lib/jvm/java-7-openjdk-amd64/jre/lib/amd64/libnio.so
7f9f00a70000-7f9f00aad000 r-xp 00000000 08:01 790495                     /lib/x86_64-linux-gnu/libpcre.so.3.13.1
7f9f00aad000-7f9f00cac000 ---p 0003d000 08:01 790495                     /lib/x86_64-linux-gnu/libpcre.so.3.13.1
7f9f00cac000-7f9f00cad000 r--p 0003c000 08:01 790495                     /lib/x86_64-linux-gnu/libpcre.so.3.13.1
7f9f00cad000-7f9f00cae000 rw-p 0003d000 08:01 790495                     /lib/x86_64-linux-gnu/libpcre.so.3.13.1
7f9f00cae000-7f9f00cb5000 r-xp 00000000 08:01 4726848                    /usr/lib/x86_64-linux-gnu/libffi.so.6.0.1
7f9f00cb5000-7f9f00eb4000 ---p 00007000 08:01 4726848                    /usr/lib/x86_64-linux-gnu/libffi.so.6.0.1
7f9f00eb4000-7f9f00eb5000 r--p 00006000 08:01 4726848                    /usr/lib/x86_64-linux-gnu/libffi.so.6.0.1
7f9f00eb5000-7f9f00eb6000 rw-p 00007000 08:01 4726848                    /usr/lib/x86_64-linux-gnu/libffi.so.6.0.1
7f9f00eb6000-7f9f00ecd000 r-xp 00000000 08:01 786614                     /lib/x86_64-linux-gnu/libresolv-2.19.so
7f9f00ecd000-7f9f010cd000 ---p 00017000 08:01 786614                     /lib/x86_64-linux-gnu/libresolv-2.19.so
7f9f010cd000-7f9f010ce000 r--p 00017000 08:01 786614                     /lib/x86_64-linux-gnu/libresolv-2.19.so
7f9f010ce000-7f9f010cf000 rw-p 00018000 08:01 786614                     /lib/x86_64-linux-gnu/libresolv-2.19.so
7f9f010cf000-7f9f010d1000 rw-p 00000000 00:00 0 
7f9f010d1000-7f9f010f1000 r-xp 00000000 08:01 790522                     /lib/x86_64-linux-gnu/libselinux.so.1
7f9f010f1000-7f9f012f0000 ---p 00020000 08:01 790522                     /lib/x86_64-linux-gnu/libselinux.so.1
7f9f012f0000-7f9f012f1000 r--p 0001f000 08:01 790522                     /lib/x86_64-linux-gnu/libselinux.so.1
7f9f012f1000-7f9f012f2000 rw-p 00020000 08:01 790522                     /lib/x86_64-linux-gnu/libselinux.so.1
7f9f012f2000-7f9f012f4000 rw-p 00000000 00:00 0 
7f9f012f4000-7f9f012f7000 r-xp 00000000 08:01 4726965                    /usr/lib/x86_64-linux-gnu/libgmodule-2.0.so.0.4000.0
7f9f012f7000-7f9f014f6000 ---p 00003000 08:01 4726965                    /usr/lib/x86_64-linux-gnu/libgmodule-2.0.so.0.4000.0
7f9f014f6000-7f9f014f7000 r--p 00002000 08:01 4726965                    /usr/lib/x86_64-linux-gnu/libgmodule-2.0.so.0.4000.0
7f9f014f7000-7f9f014f8000 rw-p 00003000 08:01 4726965                    /usr/lib/x86_64-linux-gnu/libgmodule-2.0.so.0.4000.0
7f9f014f8000-7f9f015fe000 r-xp 00000000 08:01 790423                     /lib/x86_64-linux-gnu/libglib-2.0.so.0.4000.0
7f9f015fe000-7f9f017fd000 ---p 00106000 08:01 790423                     /lib/x86_64-linux-gnu/libglib-2.0.so.0.4000.0
7f9f017fd000-7f9f017fe000 r--p 00105000 08:01 790423                     /lib/x86_64-linux-gnu/libglib-2.0.so.0.4000.0
7f9f017fe000-7f9f017ff000 rw-p 00106000 08:01 790423                     /lib/x86_64-linux-gnu/libglib-2.0.so.0.4000.0
7f9f017ff000-7f9f04000000 rw-p 00000000 00:00 0 
7f9f04000000-7f9f04030000 rw-p 00000000 00:00 0 
7f9f04030000-7f9f08000000 ---p 00000000 00:00 0 
7f9f08000000-7f9f08023000 rw-p 00000000 00:00 0 
7f9f08023000-7f9f0c000000 ---p 00000000 00:00 0 
7f9f0c000000-7f9f0c038000 rw-p 00000000 00:00 0 
7f9f0c038000-7f9f10000000 ---p 00000000 00:00 0 
7f9f10000000-7f9f10002000 r--s 00009000 08:01 7211419                    /home/raihan/.gradle/wrapper/dists/gradle-2.3-all/w01pvxy5gty3tegjrai84pm3/gradle-2.3/lib/plugins/commons-cli-1.2.jar
7f9f10002000-7f9f1000a000 r--s 00028000 08:01 7211455                    /home/raihan/.gradle/wrapper/dists/gradle-2.3-all/w01pvxy5gty3tegjrai84pm3/gradle-2.3/lib/plugins/xml-apis-1.3.04.jar
7f9f1000a000-7f9f10010000 r--s 0005b000 08:01 7211453                    /home/raihan/.gradle/wrapper/dists/gradle-2.3-all/w01pvxy5gty3tegjrai84pm3/gradle-2.3/lib/plugins/jcifs-1.3.17.jar
7f9f10010000-7f9f10016000 r--s 00031000 08:01 7211452                    /home/raihan/.gradle/wrapper/dists/gradle-2.3-all/w01pvxy5gty3tegjrai84pm3/gradle-2.3/lib/plugins/httpcore-4.2.2.jar
7f9f10016000-7f9f1001c000 r--s 00033000 08:01 7211451                    /home/raihan/.gradle/wrapper/dists/gradle-2.3-all/w01pvxy5gty3tegjrai84pm3/gradle-2.3/lib/plugins/commons-codec-1.6.jar
7f9f1001c000-7f9f1001f000 r--s 0001c000 08:01 7211450                    /home/raihan/.gradle/wrapper/dists/gradle-2.3-all/w01pvxy5gty3tegjrai84pm3/gradle-2.3/lib/plugins/nekohtml-1.9.14.jar
7f9f1001f000-7f9f10028000 r--s 00060000 08:01 7211449                    /home/raihan/.gradle/wrapper/dists/gradle-2.3-all/w01pvxy5gty3tegjrai84pm3/gradle-2.3/lib/plugins/httpclient-4.2.2.jar
7f9f10028000-7f9f1002a000 r--s 00007000 08:01 7211438                    /home/raihan/.gradle/wrapper/dists/gradle-2.3-all/w01pvxy5gty3tegjrai84pm3/gradle-2.3/lib/plugins/gradle-resources-http-2.3.jar
7f9f1002a000-7f9f1006a000 r--s 00277000 08:01 7211442                    /home/raihan/.gradle/wrapper/dists/gradle-2.3-all/w01pvxy5gty3tegjrai84pm3/gradle-2.3/lib/plugins/bcprov-jdk15on-1.51.jar
7f9f1006a000-7f9f1006e000 r--s 0001d000 08:01 7211441                    /home/raihan/.gradle/wrapper/dists/gradle-2.3-all/w01pvxy5gty3tegjrai84pm3/gradle-2.3/lib/plugins/xbean-reflect-3.4.jar
7f9f1006e000-7f9f10072000 r--s 0003d000 08:01 7211440                    /home/raihan/.gradle/wrapper/dists/gradle-2.3-all/w01pvxy5gty3tegjrai84pm3/gradle-2.3/lib/plugins/jsch-0.1.51.jar
7f9f10072000-7f9f1008b000 r--s 00129000 08:01 7211428                    /home/raihan/.gradle/wrapper/dists/gradle-2.3-all/w01pvxy5gty3tegjrai84pm3/gradle-2.3/lib/plugins/maven-ant-tasks-2.1.3.jar
7f9f1008b000-7f9f1009a000 r--s 000d9000 08:01 7211439                    /home/raihan/.gradle/wrapper/dists/gradle-2.3-all/w01pvxy5gty3tegjrai84pm3/gradle-2.3/lib/plugins/ivy-2.2.0.jar
7f9f1009a000-7f9f1009e000 r--s 0001e000 08:01 7211382                    /home/raihan/.gradle/wrapper/dists/gradle-2.3-all/w01pvxy5gty3tegjrai84pm3/gradle-2.3/lib/plugins/jarjar-aether-impl-1.13.1.jar
7f9f1009e000-7f9f100a1000 r--s 00027000 08:01 7211381                    /home/raihan/.gradle/wrapper/dists/gradle-2.3-all/w01pvxy5gty3tegjrai84pm3/gradle-2.3/lib/plugins/jarjar-maven-model-3.0.4.jar
7f9f100a1000-7f9f100a4000 r--s 0000b000 08:01 7211380                    /home/raihan/.gradle/wrapper/dists/gradle-2.3-all/w01pvxy5gty3tegjrai84pm3/gradle-2.3/lib/plugins/jarjar-maven-artifact-3.0.4.jar
7f9f100a4000-7f9f100a8000 r--s 0001e000 08:01 7211379                    /home/raihan/.gradle/wrapper/dists/gradle-2.3-all/w01pvxy5gty3tegjrai84pm3/gradle-2.3/lib/plugins/jarjar-aether-util-1.13.1.jar
7f9f100a8000-7f9f100aa000 r--s 00007000 08:01 7211378                    /home/raihan/.gradle/wrapper/dists/gradle-2.3-all/w01pvxy5gty3tegjrai84pm3/gradle-2.3/lib/plugins/jarjar-wagon-http-shared4-2.4.jar
7f9f100aa000-7f9f100b7000 r--s 00083000 08:01 7211377                    /home/raihan/.gradle/wrapper/dists/gradle-2.3-all/w01pvxy5gty3tegjrai84pm3/gradle-2.3/lib/plugins/jarjar-maven-core-3.0.4.jar
7f9f100b7000-7f9f100b9000 r--s 00003000 08:01 7211376                    /home/raihan/.gradle/wrapper/dists/gradle-2.3-all/w01pvxy5gty3tegjrai84pm3/gradle-2.3/lib/plugins/jarjar-aether-spi-1.13.1.jar
7f9f100b9000-7f9f100bb000 r--s 00009000 08:01 7211375                    /home/raihan/.gradle/wrapper/dists/gradle-2.3-all/w01pvxy5gty3tegjrai84pm3/gradle-2.3/lib/plugins/jarjar-maven-settings-builder-3.0.4.jar
7f9f100bb000-7f9f100bf000 r--s 00014000 08:01 7211374                    /home/raihan/.gradle/wrapper/dists/gradle-2.3-all/w01pvxy5gty3tegjrai84pm3/gradle-2.3/lib/plugins/jarjar-aether-api-1.13.1.jar
7f9f100bf000-7f9f100c0000 r--s 00002000 08:01 7211373                    /home/raihan/.gradle/wrapper/dists/gradle-2.3-all/w01pvxy5gty3tegjrai84pm3/gradle-2.3/lib/plugins/jarjar-wagon-http-2.4.jar
7f9f100c0000-7f9f100c7000 r--s 00042000 08:01 7211372                    /home/raihan/.gradle/wrapper/dists/gradle-2.3-all/w01pvxy5gty3tegjrai84pm3/gradle-2.3/lib/plugins/jarjar-maven-compat-3.0.4.jar
7f9f100c7000-7f9f100c9000 r--s 00006000 08:01 7211371                    /home/raihan/.gradle/wrapper/dists/gradle-2.3-all/w01pvxy5gty3tegjrai84pm3/gradle-2.3/lib/plugins/jarjar-aether-connector-wagon-1.13.1.jar
7f9f100c9000-7f9f100cb000 r--s 00000000 08:01 7211370                    /home/raihan/.gradle/wrapper/dists/gradle-2.3-all/w01pvxy5gty3tegjrai84pm3/gradle-2.3/lib/plugins/jarjar-plexus-component-annotations-1.5.5.jar
7f9f100cb000-7f9f100d0000 r--s 00022000 08:01 7211368                    /home/raihan/.gradle/wrapper/dists/gradle-2.3-all/w01pvxy5gty3tegjrai84pm3/gradle-2.3/lib/plugins/jarjar-maven-model-builder-3.0.4.jar
7f9f100d0000-7f9f10101000 rw-p 00000000 00:00 0 
7f9f10101000-7f9f10150000 r-xp 00000000 08:01 4726981                    /usr/lib/x86_64-linux-gnu/libgobject-2.0.so.0.4000.0
7f9f10150000-7f9f10350000 ---p 0004f000 08:01 4726981                    /usr/lib/x86_64-linux-gnu/libgobject-2.0.so.0.4000.0
7f9f10350000-7f9f10351000 r--p 0004f000 08:01 4726981                    /usr/lib/x86_64-linux-gnu/libgobject-2.0.so.0.4000.0
7f9f10351000-7f9f10352000 rw-p 00050000 08:01 4726981                    /usr/lib/x86_64-linux-gnu/libgobject-2.0.so.0.4000.0
7f9f10352000-7f9f104bd000 r-xp 00000000 08:01 4726951                    /usr/lib/x86_64-linux-gnu/libgio-2.0.so.0.4000.0
7f9f104bd000-7f9f106bd000 ---p 0016b000 08:01 4726951                    /usr/lib/x86_64-linux-gnu/libgio-2.0.so.0.4000.0
7f9f106bd000-7f9f106c1000 r--p 0016b000 08:01 4726951                    /usr/lib/x86_64-linux-gnu/libgio-2.0.so.0.4000.0
7f9f106c1000-7f9f106c3000 rw-p 0016f000 08:01 4726951                    /usr/lib/x86_64-linux-gnu/libgio-2.0.so.0.4000.0
7f9f106c3000-7f9f106c5000 rw-p 00000000 00:00 0 
7f9f106c5000-7f9f106dc000 r-xp 00000000 08:01 5917886                    /usr/lib/jvm/java-7-openjdk-amd64/jre/lib/amd64/libnet.so
7f9f106dc000-7f9f108db000 ---p 00017000 08:01 5917886                    /usr/lib/jvm/java-7-openjdk-amd64/jre/lib/amd64/libnet.so
7f9f108db000-7f9f108dc000 r--p 00016000 08:01 5917886                    /usr/lib/jvm/java-7-openjdk-amd64/jre/lib/amd64/libnet.so
7f9f108dc000-7f9f108dd000 rw-p 00017000 08:01 5917886                    /usr/lib/jvm/java-7-openjdk-amd64/jre/lib/amd64/libnet.so
7f9f108dd000-7f9f11000000 r--p 00000000 08:01 4725570                    /usr/lib/locale/locale-archive
7f9f11000000-7f9f11a80000 rwxp 00000000 00:00 0 
7f9f11a80000-7f9f14a48000 rw-p 00000000 00:00 0 
7f9f14a48000-7f9f18000000 ---p 00000000 00:00 0 
7f9f18000000-7f9f18002000 r--s 00006000 08:01 7211369                    /home/raihan/.gradle/wrapper/dists/gradle-2.3-all/w01pvxy5gty3tegjrai84pm3/gradle-2.3/lib/plugins/jarjar-plexus-sec-dispatcher-1.3.jar
7f9f18002000-7f9f18004000 r--s 0000b000 08:01 7211367                    /home/raihan/.gradle/wrapper/dists/gradle-2.3-all/w01pvxy5gty3tegjrai84pm3/gradle-2.3/lib/plugins/jarjar-maven-plugin-api-3.0.4.jar
7f9f18004000-7f9f18007000 r--s 0000a000 08:01 7211366                    /home/raihan/.gradle/wrapper/dists/gradle-2.3-all/w01pvxy5gty3tegjrai84pm3/gradle-2.3/lib/plugins/jarjar-plexus-classworlds-2.4.jar
7f9f18007000-7f9f1800b000 r--s 00035000 08:01 7211365                    /home/raihan/.gradle/wrapper/dists/gradle-2.3-all/w01pvxy5gty3tegjrai84pm3/gradle-2.3/lib/plugins/jarjar-plexus-utils-2.0.6.jar
7f9f1800b000-7f9f1800d000 r--s 0000e000 08:01 7211364                    /home/raihan/.gradle/wrapper/dists/gradle-2.3-all/w01pvxy5gty3tegjrai84pm3/gradle-2.3/lib/plugins/jarjar-plexus-interpolation-1.14.jar
7f9f1800d000-7f9f1800f000 r--s 00002000 08:01 7211363                    /home/raihan/.gradle/wrapper/dists/gradle-2.3-all/w01pvxy5gty3tegjrai84pm3/gradle-2.3/lib/plugins/jarjar-plexus-cipher-1.7.jar
7f9f1800f000-7f9f18011000 r--s 0000c000 08:01 7211362                    /home/raihan/.gradle/wrapper/dists/gradle-2.3-all/w01pvxy5gty3tegjrai84pm3/gradle-2.3/lib/plugins/jarjar-wagon-provider-api-2.4.jar
7f9f18011000-7f9f18013000 r--s 0000d000 08:01 7211361                    /home/raihan/.gradle/wrapper/dists/gradle-2.3-all/w01pvxy5gty3tegjrai84pm3/gradle-2.3/lib/plugins/jarjar-maven-aether-provider-3.0.4.jar
7f9f18013000-7f9f1801b000 r--s 00031000 08:01 7211360                    /home/raihan/.gradle/wrapper/dists/gradle-2.3-all/w01pvxy5gty3tegjrai84pm3/gradle-2.3/lib/plugins/jarjar-plexus-container-default-1.5.5.jar
7f9f1801b000-7f9f1801c000 r--s 00007000 08:01 7211359                    /home/raihan/.gradle/wrapper/dists/gradle-2.3-all/w01pvxy5gty3tegjrai84pm3/gradle-2.3/lib/plugins/jarjar-maven-repository-metadata-3.0.4.jar
7f9f1801c000-7f9f1801d000 r--s 0000b000 08:01 7211358                    /home/raihan/.gradle/wrapper/dists/gradle-2.3-all/w01pvxy5gty3tegjrai84pm3/gradle-2.3/lib/plugins/jarjar-maven-settings-3.0.4.jar
7f9f1801d000-7f9f18036000 r--s 000b7000 08:01 7211416                    /home/raihan/.gradle/wrapper/dists/gradle-2.3-all/w01pvxy5gty3tegjrai84pm3/gradle-2.3/lib/plugins/gradle-dependency-management-2.3.jar
7f9f18036000-7f9f18038000 r--s 00005000 08:01 7082233                    /home/raihan/.gradle/wrapper/dists/gradle-2.3-all/w01pvxy5gty3tegjrai84pm3/gradle-2.3/lib/gradle-wrapper-2.3.jar
7f9f18038000-7f9f18041000 r--s 0002c000 08:01 7082238                    /home/raihan/.gradle/wrapper/dists/gradle-2.3-all/w01pvxy5gty3tegjrai84pm3/gradle-2.3/lib/gradle-tooling-api-2.3.jar
7f9f18041000-7f9f18043000 r--s 00002000 08:01 7082262                    /home/raihan/.gradle/wrapper/dists/gradle-2.3-all/w01pvxy5gty3tegjrai84pm3/gradle-2.3/lib/gradle-open-api-2.3.jar
7f9f18043000-7f9f18049000 r--s 00032000 08:01 7082264                    /home/raihan/.gradle/wrapper/dists/gradle-2.3-all/w01pvxy5gty3tegjrai84pm3/gradle-2.3/lib/jaxen-1.1.jar
7f9f18049000-7f9f1804e000 r--s 00048000 08:01 7082263                    /home/raihan/.gradle/wrapper/dists/gradle-2.3-all/w01pvxy5gty3tegjrai84pm3/gradle-2.3/lib/dom4j-1.6.1.jar
7f9f1804e000-7f9f18059000 r--s 00059000 08:01 7082237                    /home/raihan/.gradle/wrapper/dists/gradle-2.3-all/w01pvxy5gty3tegjrai84pm3/gradle-2.3/lib/gradle-ui-2.3.jar
7f9f18059000-7f9f1805b000 r--s 00006000 08:01 7082258                    /home/raihan/.gradle/wrapper/dists/gradle-2.3-all/w01pvxy5gty3tegjrai84pm3/gradle-2.3/lib/gradle-resources-2.3.jar
7f9f1805b000-7f9f1805d000 r--s 00007000 08:01 7082280                    /home/raihan/.gradle/wrapper/dists/gradle-2.3-all/w01pvxy5gty3tegjrai84pm3/gradle-2.3/lib/objenesis-1.2.jar
7f9f1805d000-7f9f1805f000 r--s 00000000 08:01 7082279                    /home/raihan/.gradle/wrapper/dists/gradle-2.3-all/w01pvxy5gty3tegjrai84pm3/gradle-2.3/lib/minlog-1.2.jar
7f9f1805f000-7f9f18061000 r--s 0000f000 08:01 7082278                    /home/raihan/.gradle/wrapper/dists/gradle-2.3-all/w01pvxy5gty3tegjrai84pm3/gradle-2.3/lib/reflectasm-1.07-shaded.jar
7f9f18061000-7f9f18065000 r--s 00026000 08:01 7082269                    /home/raihan/.gradle/wrapper/dists/gradle-2.3-all/w01pvxy5gty3tegjrai84pm3/gradle-2.3/lib/kryo-2.20.jar
7f9f18065000-7f9f1806e000 r--s 00039000 08:01 7082257                    /home/raihan/.gradle/wrapper/dists/gradle-2.3-all/w01pvxy5gty3tegjrai84pm3/gradle-2.3/lib/gradle-messaging-2.3.jar
7f9f1806e000-7f9f1806f000 r--s 00003000 08:01 7082277                    /home/raihan/.gradle/wrapper/dists/gradle-2.3-all/w01pvxy5gty3tegjrai84pm3/gradle-2.3/lib/native-platform-freebsd-amd64-0.10.jar
7f9f1806f000-7f9f18070000 r--s 00003000 08:01 7082276                    /home/raihan/.gradle/wrapper/dists/gradle-2.3-all/w01pvxy5gty3tegjrai84pm3/gradle-2.3/lib/native-platform-freebsd-i386-0.10.jar
7f9f18070000-7f9f18071000 r--s 00005000 08:01 7082275                    /home/raihan/.gradle/wrapper/dists/gradle-2.3-all/w01pvxy5gty3tegjrai84pm3/gradle-2.3/lib/native-platform-windows-i386-0.10.jar
7f9f18071000-7f9f18072000 r--s 00005000 08:01 7082274                    /home/raihan/.gradle/wrapper/dists/gradle-2.3-all/w01pvxy5gty3tegjrai84pm3/gradle-2.3/lib/native-platform-windows-amd64-0.10.jar
7f9f18072000-7f9f18073000 r--s 00003000 08:01 7082273                    /home/raihan/.gradle/wrapper/dists/gradle-2.3-all/w01pvxy5gty3tegjrai84pm3/gradle-2.3/lib/native-platform-linux-i386-0.10.jar
7f9f18073000-7f9f18074000 r--s 00003000 08:01 7082272                    /home/raihan/.gradle/wrapper/dists/gradle-2.3-all/w01pvxy5gty3tegjrai84pm3/gradle-2.3/lib/native-platform-linux-amd64-0.10.jar
7f9f18074000-7f9f18075000 r--s 00002000 08:01 7082271                    /home/raihan/.gradle/wrapper/dists/gradle-2.3-all/w01pvxy5gty3tegjrai84pm3/gradle-2.3/lib/native-platform-osx-amd64-0.10.jar
7f9f18075000-7f9f18076000 r--s 00002000 08:01 7082270                    /home/raihan/.gradle/wrapper/dists/gradle-2.3-all/w01pvxy5gty3tegjrai84pm3/gradle-2.3/lib/native-platform-osx-i386-0.10.jar
7f9f18076000-7f9f18078000 r--s 00008000 08:01 7082267                    /home/raihan/.gradle/wrapper/dists/gradle-2.3-all/w01pvxy5gty3tegjrai84pm3/gradle-2.3/lib/jansi-1.2.1.jar
7f9f18078000-7f9f1807b000 r--s 0000d000 08:01 7082266                    /home/raihan/.gradle/wrapper/dists/gradle-2.3-all/w01pvxy5gty3tegjrai84pm3/gradle-2.3/lib/native-platform-0.10.jar
7f9f1807b000-7f9f1807f000 r--s 000e4000 08:01 7082265                    /home/raihan/.gradle/wrapper/dists/gradle-2.3-all/w01pvxy5gty3tegjrai84pm3/gradle-2.3/lib/jna-3.2.7.jar
7f9f1807f000-7f9f18081000 r--s 00008000 08:01 7082239                    /home/raihan/.gradle/wrapper/dists/gradle-2.3-all/w01pvxy5gty3tegjrai84pm3/gradle-2.3/lib/gradle-native-2.3.jar
7f9f18081000-7f9f18083000 r--s 00005000 08:01 7082236                    /home/raihan/.gradle/wrapper/dists/gradle-2.3-all/w01pvxy5gty3tegjrai84pm3/gradle-2.3/lib/gradle-cli-2.3.jar
7f9f18083000-7f9f18085000 r--s 0000a000 08:01 7082245                    /home/raihan/.gradle/wrapper/dists/gradle-2.3-all/w01pvxy5gty3tegjrai84pm3/gradle-2.3/lib/gradle-model-groovy-2.3.jar
7f9f18085000-7f9f18086000 r--s 00004000 08:01 7082256                    /home/raihan/.gradle/wrapper/dists/gradle-2.3-all/w01pvxy5gty3tegjrai84pm3/gradle-2.3/lib/gradle-base-services-groovy-2.3.jar
7f9f18086000-7f9f1808e000 r--s 00033000 08:01 7082244                    /home/raihan/.gradle/wrapper/dists/gradle-2.3-all/w01pvxy5gty3tegjrai84pm3/gradle-2.3/lib/gradle-model-core-2.3.jar
7f9f1808e000-7f9f1808f000 r--s 00000000 08:01 7082259                    /home/raihan/.gradle/wrapper/dists/gradle-2.3-all/w01pvxy5gty3tegjrai84pm3/gradle-2.3/lib/gradle-docs-2.3.jar
7f9f1808f000-7f9f18091000 r--s 00003000 08:01 7082261                    /home/raihan/.gradle/wrapper/dists/gradle-2.3-all/w01pvxy5gty3tegjrai84pm3/gradle-2.3/lib/jcl-over-slf4j-1.7.7.jar
7f9f18091000-7f9f18092000 r--s 00005000 08:01 7082260                    /home/raihan/.gradle/wrapper/dists/gradle-2.3-all/w01pvxy5gty3tegjrai84pm3/gradle-2.3/lib/log4j-over-slf4j-1.7.7.jar
7f9f18092000-7f9f18095000 r--s 0001b000 08:01 7082254                    /home/raihan/.gradle/wrapper/dists/gradle-2.3-all/w01pvxy5gty3tegjrai84pm3/gradle-2.3/lib/jarjar-1.3.jar
7f9f18095000-7f9f18097000 r--s 00000000 08:01 7082253                    /home/raihan/.gradle/wrapper/dists/gradle-2.3-all/w01pvxy5gty3tegjrai84pm3/gradle-2.3/lib/jul-to-slf4j-1.7.7.jar
7f9f18097000-7f9f1809d000 r--s 0003b000 08:01 7082251                    /home/raihan/.gradle/wrapper/dists/gradle-2.3-all/w01pvxy5gty3tegjrai84pm3/gradle-2.3/lib/logback-classic-1.0.13.jar
7f9f1809d000-7f9f180a7000 r--s 0005d000 08:01 7082250                    /home/raihan/.gradle/wrapper/dists/gradle-2.3-all/w01pvxy5gty3tegjrai84pm3/gradle-2.3/lib/logback-core-1.0.13.jar
7f9f180a7000-7f9f180aa000 r--s 00018000 08:01 7082249                    /home/raihan/.gradle/wrapper/dists/gradle-2.3-all/w01pvxy5gty3tegjrai84pm3/gradle-2.3/lib/commons-io-1.4.jar
7f9f180aa000-7f9f180b8000 r--s 0007f000 08:01 7082248                    /home/raihan/.gradle/wrapper/dists/gradle-2.3-all/w01pvxy5gty3tegjrai84pm3/gradle-2.3/lib/commons-collections-3.2.1.jar
7f9f180b8000-7f9f180bd000 r--s 00036000 08:01 7082246                    /home/raihan/.gradle/wrapper/dists/gradle-2.3-all/w01pvxy5gty3tegjrai84pm3/gradle-2.3/lib/asm-all-5.0.3.jar
7f9f180bd000-7f9f18129000 r--s 00688000 08:01 7082243                    /home/raihan/.gradle/wrapper/dists/gradle-2.3-all/w01pvxy5gty3tegjrai84pm3/gradle-2.3/lib/groovy-all-2.3.9.jar
7f9f18129000-7f9f1812e000 r--s 00041000 08:01 7082242                    /home/raihan/.gradle/wrapper/dists/gradle-2.3-all/w01pvxy5gty3tegjrai84pm3/gradle-2.3/lib/commons-lang-2.6.jar
7f9f1812e000-7f9f18156000 r--s 001cf000 08:01 7082241                    /home/raihan/.gradle/wrapper/dists/gradle-2.3-all/w01pvxy5gty3tegjrai84pm3/gradle-2.3/lib/guava-jdk5-17.0.jar
7f9f18156000-7f9f18158000 r--s 00006000 08:01 7082240                    /home/raihan/.gradle/wrapper/dists/gradle-2.3-all/w01pvxy5gty3tegjrai84pm3/gradle-2.3/lib/slf4j-api-1.7.7.jar
7f9f18158000-7f9f18177000 r--s 001cc000 08:01 7082247                    /home/raihan/.gradle/wrapper/dists/gradle-2.3-all/w01pvxy5gty3tegjrai84pm3/gradle-2.3/lib/ant-1.9.3.jar
7f9f18177000-7f9f1817d000 r--s 00028000 08:01 7082234                    /home/raihan/.gradle/wrapper/dists/gradle-2.3-all/w01pvxy5gty3tegjrai84pm3/gradle-2.3/lib/gradle-base-services-2.3.jar
7f9f1817d000-7f9f181af000 r--s 0019a000 08:01 7082235                    /home/raihan/.gradle/wrapper/dists/gradle-2.3-all/w01pvxy5gty3tegjrai84pm3/gradle-2.3/lib/gradle-core-2.3.jar
7f9f181af000-7f9f181b7000 r--s 0003e000 08:01 7082232                    /home/raihan/.gradle/wrapper/dists/gradle-2.3-all/w01pvxy5gty3tegjrai84pm3/gradle-2.3/lib/gradle-launcher-2.3.jar
7f9f181b7000-7f9f181ba000 r--s 0000f000 08:01 5917931                    /usr/lib/jvm/java-7-openjdk-amd64/jre/lib/ext/icedtea-sound.jar
7f9f181ba000-7f9f181bb000 ---p 00000000 00:00 0 
7f9f181bb000-7f9f182bb000 rw-p 00000000 00:00 0                          [stack:22809]
7f9f182bb000-7f9f182be000 ---p 00000000 00:00 0 
7f9f182be000-7f9f183bc000 rw-p 00000000 00:00 0                          [stack:22808]
7f9f183bc000-7f9f183bf000 ---p 00000000 00:00 0 
7f9f183bf000-7f9f184bd000 rw-p 00000000 00:00 0                          [stack:22807]
7f9f184bd000-7f9f184c0000 ---p 00000000 00:00 0 
7f9f184c0000-7f9f185be000 rw-p 00000000 00:00 0                          [stack:22806]
7f9f185be000-7f9f185c1000 ---p 00000000 00:00 0 
7f9f185c1000-7f9f186bf000 rw-p 00000000 00:00 0                          [stack:22805]
7f9f186bf000-7f9f186c2000 ---p 00000000 00:00 0 
7f9f186c2000-7f9f187c0000 rw-p 00000000 00:00 0                          [stack:22804]
7f9f187c0000-7f9f187c3000 ---p 00000000 00:00 0 
7f9f187c3000-7f9f188c1000 rw-p 00000000 00:00 0                          [stack:22803]
7f9f188c1000-7f9f188c2000 ---p 00000000 00:00 0 
7f9f188c2000-7f9f199bf000 rw-p 00000000 00:00 0                          [stack:22802]
7f9f199bf000-7f9f19b70000 r--s 01d30000 08:01 5508152                    /usr/lib/jvm/java-7-openjdk-amd64/jre/lib/rt.jar
7f9f19b70000-7f9f19ee9000 rw-p 00000000 00:00 0 
7f9f19ee9000-7f9f19eea000 ---p 00000000 00:00 0 
7f9f19eea000-7f9f19fea000 rw-p 00000000 00:00 0                          [stack:22801]
7f9f19fea000-7f9f19feb000 ---p 00000000 00:00 0 
7f9f19feb000-7f9f1a0eb000 rw-p 00000000 00:00 0                          [stack:22800]
7f9f1a0eb000-7f9f1a0ec000 ---p 00000000 00:00 0 
7f9f1a0ec000-7f9f1a1ec000 rw-p 00000000 00:00 0                          [stack:22799]
7f9f1a1ec000-7f9f1a1ed000 ---p 00000000 00:00 0 
7f9f1a1ed000-7f9f1a31f000 rw-p 00000000 00:00 0                          [stack:22798]
7f9f1a31f000-7f9f1a36d000 rw-p 00000000 00:00 0 
7f9f1a36d000-7f9f1a3ae000 rw-p 00000000 00:00 0 
7f9f1a3ae000-7f9f1a4c3000 rw-p 00000000 00:00 0 
7f9f1a4c3000-7f9f1a4f5000 rw-p 00000000 00:00 0 
7f9f1a4f5000-7f9f1a543000 rw-p 00000000 00:00 0 
7f9f1a543000-7f9f1a584000 rw-p 00000000 00:00 0 
7f9f1a584000-7f9f1a698000 rw-p 00000000 00:00 0 
7f9f1a698000-7f9f1a743000 rw-p 00000000 00:00 0 
7f9f1a743000-7f9f1a744000 rw-p 00000000 00:00 0 
7f9f1a744000-7f9f1a74c000 r-xp 00000000 08:01 5917892                    /usr/lib/jvm/java-7-openjdk-amd64/jre/lib/amd64/libzip.so
7f9f1a74c000-7f9f1a94b000 ---p 00008000 08:01 5917892                    /usr/lib/jvm/java-7-openjdk-amd64/jre/lib/amd64/libzip.so
7f9f1a94b000-7f9f1a94c000 r--p 00007000 08:01 5917892                    /usr/lib/jvm/java-7-openjdk-amd64/jre/lib/amd64/libzip.so
7f9f1a94c000-7f9f1a94d000 rw-p 00008000 08:01 5917892                    /usr/lib/jvm/java-7-openjdk-amd64/jre/lib/amd64/libzip.so
7f9f1a94d000-7f9f1a958000 r-xp 00000000 08:01 786646                     /lib/x86_64-linux-gnu/libnss_files-2.19.so
7f9f1a958000-7f9f1ab57000 ---p 0000b000 08:01 786646                     /lib/x86_64-linux-gnu/libnss_files-2.19.so
7f9f1ab57000-7f9f1ab58000 r--p 0000a000 08:01 786646                     /lib/x86_64-linux-gnu/libnss_files-2.19.so
7f9f1ab58000-7f9f1ab59000 rw-p 0000b000 08:01 786646                     /lib/x86_64-linux-gnu/libnss_files-2.19.so
7f9f1ab59000-7f9f1ab64000 r-xp 00000000 08:01 786638                     /lib/x86_64-linux-gnu/libnss_nis-2.19.so
7f9f1ab64000-7f9f1ad63000 ---p 0000b000 08:01 786638                     /lib/x86_64-linux-gnu/libnss_nis-2.19.so
7f9f1ad63000-7f9f1ad64000 r--p 0000a000 08:01 786638                     /lib/x86_64-linux-gnu/libnss_nis-2.19.so
7f9f1ad64000-7f9f1ad65000 rw-p 0000b000 08:01 786638                     /lib/x86_64-linux-gnu/libnss_nis-2.19.so
7f9f1ad65000-7f9f1ad7c000 r-xp 00000000 08:01 786634                     /lib/x86_64-linux-gnu/libnsl-2.19.so
7f9f1ad7c000-7f9f1af7b000 ---p 00017000 08:01 786634                     /lib/x86_64-linux-gnu/libnsl-2.19.so
7f9f1af7b000-7f9f1af7c000 r--p 00016000 08:01 786634                     /lib/x86_64-linux-gnu/libnsl-2.19.so
7f9f1af7c000-7f9f1af7d000 rw-p 00017000 08:01 786634                     /lib/x86_64-linux-gnu/libnsl-2.19.so
7f9f1af7d000-7f9f1af7f000 rw-p 00000000 00:00 0 
7f9f1af7f000-7f9f1af88000 r-xp 00000000 08:01 786633                     /lib/x86_64-linux-gnu/libnss_compat-2.19.so
7f9f1af88000-7f9f1b187000 ---p 00009000 08:01 786633                     /lib/x86_64-linux-gnu/libnss_compat-2.19.so
7f9f1b187000-7f9f1b188000 r--p 00008000 08:01 786633                     /lib/x86_64-linux-gnu/libnss_compat-2.19.so
7f9f1b188000-7f9f1b189000 rw-p 00009000 08:01 786633                     /lib/x86_64-linux-gnu/libnss_compat-2.19.so
7f9f1b189000-7f9f1b1b4000 r-xp 00000000 08:01 5917877                    /usr/lib/jvm/java-7-openjdk-amd64/jre/lib/amd64/libjava.so
7f9f1b1b4000-7f9f1b3b4000 ---p 0002b000 08:01 5917877                    /usr/lib/jvm/java-7-openjdk-amd64/jre/lib/amd64/libjava.so
7f9f1b3b4000-7f9f1b3b5000 r--p 0002b000 08:01 5917877                    /usr/lib/jvm/java-7-openjdk-amd64/jre/lib/amd64/libjava.so
7f9f1b3b5000-7f9f1b3b7000 rw-p 0002c000 08:01 5917877                    /usr/lib/jvm/java-7-openjdk-amd64/jre/lib/amd64/libjava.so
7f9f1b3b7000-7f9f1b3c7000 r-xp 00000000 08:01 5917878                    /usr/lib/jvm/java-7-openjdk-amd64/jre/lib/amd64/libverify.so
7f9f1b3c7000-7f9f1b5c6000 ---p 00010000 08:01 5917878                    /usr/lib/jvm/java-7-openjdk-amd64/jre/lib/amd64/libverify.so
7f9f1b5c6000-7f9f1b5c8000 r--p 0000f000 08:01 5917878                    /usr/lib/jvm/java-7-openjdk-amd64/jre/lib/amd64/libverify.so
7f9f1b5c8000-7f9f1b5c9000 rw-p 00011000 08:01 5917878                    /usr/lib/jvm/java-7-openjdk-amd64/jre/lib/amd64/libverify.so
7f9f1b5c9000-7f9f1b5d0000 r-xp 00000000 08:01 786642                     /lib/x86_64-linux-gnu/librt-2.19.so
7f9f1b5d0000-7f9f1b7cf000 ---p 00007000 08:01 786642                     /lib/x86_64-linux-gnu/librt-2.19.so
7f9f1b7cf000-7f9f1b7d0000 r--p 00006000 08:01 786642                     /lib/x86_64-linux-gnu/librt-2.19.so
7f9f1b7d0000-7f9f1b7d1000 rw-p 00007000 08:01 786642                     /lib/x86_64-linux-gnu/librt-2.19.so
7f9f1b7d1000-7f9f1b7e7000 r-xp 00000000 08:01 786612                     /lib/x86_64-linux-gnu/libgcc_s.so.1
7f9f1b7e7000-7f9f1b9e6000 ---p 00016000 08:01 786612                     /lib/x86_64-linux-gnu/libgcc_s.so.1
7f9f1b9e6000-7f9f1b9e7000 rw-p 00015000 08:01 786612                     /lib/x86_64-linux-gnu/libgcc_s.so.1
7f9f1b9e7000-7f9f1baec000 r-xp 00000000 08:01 786618                     /lib/x86_64-linux-gnu/libm-2.19.so
7f9f1baec000-7f9f1bceb000 ---p 00105000 08:01 786618                     /lib/x86_64-linux-gnu/libm-2.19.so
7f9f1bceb000-7f9f1bcec000 r--p 00104000 08:01 786618                     /lib/x86_64-linux-gnu/libm-2.19.so
7f9f1bcec000-7f9f1bced000 rw-p 00105000 08:01 786618                     /lib/x86_64-linux-gnu/libm-2.19.so
7f9f1bced000-7f9f1bdd3000 r-xp 00000000 08:01 4719935                    /usr/lib/x86_64-linux-gnu/libstdc++.so.6.0.19
7f9f1bdd3000-7f9f1bfd2000 ---p 000e6000 08:01 4719935                    /usr/lib/x86_64-linux-gnu/libstdc++.so.6.0.19
7f9f1bfd2000-7f9f1bfda000 r--p 000e5000 08:01 4719935                    /usr/lib/x86_64-linux-gnu/libstdc++.so.6.0.19
7f9f1bfda000-7f9f1bfdc000 rw-p 000ed000 08:01 4719935                    /usr/lib/x86_64-linux-gnu/libstdc++.so.6.0.19
7f9f1bfdc000-7f9f1bff1000 rw-p 00000000 00:00 0 
7f9f1bff1000-7f9f1cb15000 r-xp 00000000 08:01 5917890                    /usr/lib/jvm/java-7-openjdk-amd64/jre/lib/amd64/server/libjvm.so
7f9f1cb15000-7f9f1cd15000 ---p 00b24000 08:01 5917890                    /usr/lib/jvm/java-7-openjdk-amd64/jre/lib/amd64/server/libjvm.so
7f9f1cd15000-7f9f1cdaf000 r--p 00b24000 08:01 5917890                    /usr/lib/jvm/java-7-openjdk-amd64/jre/lib/amd64/server/libjvm.so
7f9f1cdaf000-7f9f1cdd2000 rw-p 00bbe000 08:01 5917890                    /usr/lib/jvm/java-7-openjdk-amd64/jre/lib/amd64/server/libjvm.so
7f9f1cdd2000-7f9f1ce00000 rw-p 00000000 00:00 0 
7f9f1ce00000-7f9f1ce18000 r-xp 00000000 08:01 790555                     /lib/x86_64-linux-gnu/libz.so.1.2.8
7f9f1ce18000-7f9f1d017000 ---p 00018000 08:01 790555                     /lib/x86_64-linux-gnu/libz.so.1.2.8
7f9f1d017000-7f9f1d018000 r--p 00017000 08:01 790555                     /lib/x86_64-linux-gnu/libz.so.1.2.8
7f9f1d018000-7f9f1d019000 rw-p 00018000 08:01 790555                     /lib/x86_64-linux-gnu/libz.so.1.2.8
7f9f1d019000-7f9f1d032000 r-xp 00000000 08:01 786635                     /lib/x86_64-linux-gnu/libpthread-2.19.so
7f9f1d032000-7f9f1d231000 ---p 00019000 08:01 786635                     /lib/x86_64-linux-gnu/libpthread-2.19.so
7f9f1d231000-7f9f1d232000 r--p 00018000 08:01 786635                     /lib/x86_64-linux-gnu/libpthread-2.19.so
7f9f1d232000-7f9f1d233000 rw-p 00019000 08:01 786635                     /lib/x86_64-linux-gnu/libpthread-2.19.so
7f9f1d233000-7f9f1d237000 rw-p 00000000 00:00 0 
7f9f1d237000-7f9f1d23a000 r-xp 00000000 08:01 786630                     /lib/x86_64-linux-gnu/libdl-2.19.so
7f9f1d23a000-7f9f1d439000 ---p 00003000 08:01 786630                     /lib/x86_64-linux-gnu/libdl-2.19.so
7f9f1d439000-7f9f1d43a000 r--p 00002000 08:01 786630                     /lib/x86_64-linux-gnu/libdl-2.19.so
7f9f1d43a000-7f9f1d43b000 rw-p 00003000 08:01 786630                     /lib/x86_64-linux-gnu/libdl-2.19.so
7f9f1d43b000-7f9f1d5f6000 r-xp 00000000 08:01 786643                     /lib/x86_64-linux-gnu/libc-2.19.so
7f9f1d5f6000-7f9f1d7f5000 ---p 001bb000 08:01 786643                     /lib/x86_64-linux-gnu/libc-2.19.so
7f9f1d7f5000-7f9f1d7f9000 r--p 001ba000 08:01 786643                     /lib/x86_64-linux-gnu/libc-2.19.so
7f9f1d7f9000-7f9f1d7fb000 rw-p 001be000 08:01 786643                     /lib/x86_64-linux-gnu/libc-2.19.so
7f9f1d7fb000-7f9f1d800000 rw-p 00000000 00:00 0 
7f9f1d800000-7f9f1d80d000 r-xp 00000000 08:01 5917907                    /usr/lib/jvm/java-7-openjdk-amd64/jre/lib/amd64/jli/libjli.so
7f9f1d80d000-7f9f1da0c000 ---p 0000d000 08:01 5917907                    /usr/lib/jvm/java-7-openjdk-amd64/jre/lib/amd64/jli/libjli.so
7f9f1da0c000-7f9f1da0d000 r--p 0000c000 08:01 5917907                    /usr/lib/jvm/java-7-openjdk-amd64/jre/lib/amd64/jli/libjli.so
7f9f1da0d000-7f9f1da0e000 rw-p 0000d000 08:01 5917907                    /usr/lib/jvm/java-7-openjdk-amd64/jre/lib/amd64/jli/libjli.so
7f9f1da0e000-7f9f1da31000 r-xp 00000000 08:01 786636                     /lib/x86_64-linux-gnu/ld-2.19.so
7f9f1da31000-7f9f1da32000 r--s 00000000 08:01 7082255                    /home/raihan/.gradle/wrapper/dists/gradle-2.3-all/w01pvxy5gty3tegjrai84pm3/gradle-2.3/lib/javax.inject-1.jar
7f9f1da32000-7f9f1da36000 r--s 00034000 08:01 5917930                    /usr/lib/jvm/java-7-openjdk-amd64/jre/lib/ext/sunjce_provider.jar
7f9f1da36000-7f9f1da79000 rw-p 00000000 00:00 0 
7f9f1da79000-7f9f1db0f000 rw-p 00000000 00:00 0 
7f9f1db0f000-7f9f1db12000 ---p 00000000 00:00 0 
7f9f1db12000-7f9f1dc15000 rw-p 00000000 00:00 0                          [stack:22797]
7f9f1dc15000-7f9f1dc16000 r--s 00000000 08:01 7082252                    /home/raihan/.gradle/wrapper/dists/gradle-2.3-all/w01pvxy5gty3tegjrai84pm3/gradle-2.3/lib/jcip-annotations-1.0.jar
7f9f1dc16000-7f9f1dc17000 r--s 00004000 08:01 7082268                    /home/raihan/.gradle/wrapper/dists/gradle-2.3-all/w01pvxy5gty3tegjrai84pm3/gradle-2.3/lib/ant-launcher-1.9.3.jar
7f9f1dc17000-7f9f1dc19000 r--s 00012000 08:01 5917929                    /usr/lib/jvm/java-7-openjdk-amd64/jre/lib/ext/zipfs.jar
7f9f1dc19000-7f9f1dc1b000 r--s 00006000 08:01 5118243                    /usr/share/java/java-atk-wrapper.jar
7f9f1dc1b000-7f9f1dc1f000 r--s 0003c000 08:01 5917933                    /usr/lib/jvm/java-7-openjdk-amd64/jre/lib/ext/sunpkcs11.jar
7f9f1dc1f000-7f9f1dc23000 r--s 00085000 08:01 5917932                    /usr/lib/jvm/java-7-openjdk-amd64/jre/lib/ext/localedata.jar
7f9f1dc23000-7f9f1dc24000 r--s 00002000 08:01 5917928                    /usr/lib/jvm/java-7-openjdk-amd64/jre/lib/ext/dnsns.jar
7f9f1dc24000-7f9f1dc2c000 rw-s 00000000 08:01 131976                     /tmp/hsperfdata_raihan/22795
7f9f1dc2c000-7f9f1dc2d000 rw-p 00000000 00:00 0 
7f9f1dc2d000-7f9f1dc2e000 ---p 00000000 00:00 0 
7f9f1dc2e000-7f9f1dc30000 rw-p 00000000 00:00 0 
7f9f1dc30000-7f9f1dc31000 r--p 00022000 08:01 786636                     /lib/x86_64-linux-gnu/ld-2.19.so
7f9f1dc31000-7f9f1dc32000 rw-p 00023000 08:01 786636                     /lib/x86_64-linux-gnu/ld-2.19.so
7f9f1dc32000-7f9f1dc33000 rw-p 00000000 00:00 0 
7fff7dc5b000-7fff7dc7c000 rw-p 00000000 00:00 0                          [stack]
7fff7ddfe000-7fff7de00000 r-xp 00000000 00:00 0                          [vdso]
ffffffffff600000-ffffffffff601000 r-xp 00000000 00:00 0                  [vsyscall]

VM Arguments:
jvm_args: -XX:MaxPermSize=256m -XX:+HeapDumpOnOutOfMemoryError -Xmx1024m -Dfile.encoding=UTF-8 -Duser.country=US -Duser.language=en -Duser.variant 
java_command: org.gradle.launcher.daemon.bootstrap.GradleDaemon 2.3 /home/raihan/.gradle/daemon 10800000 a6c41cd8-ca8e-44ea-8ce0-21a9a9e92b12 -XX:MaxPermSize=256m -XX:+HeapDumpOnOutOfMemoryError -Xmx1024m -Dfile.encoding=UTF-8 -Duser.country=US -Duser.language=en -Duser.variant
Launcher Type: SUN_STANDARD

Environment Variables:
PATH=/usr/local/sbin:/usr/local/bin:/usr/sbin:/usr/bin:/sbin:/bin:/usr/games:/usr/local/games
SHELL=/bin/bash
DISPLAY=:0

Signal Handlers:
SIGSEGV: [libjvm.so+0x9548f0], sa_mask[0]=0x7ffbfeff, sa_flags=0x10000004
SIGBUS: [libjvm.so+0x9548f0], sa_mask[0]=0x7ffbfeff, sa_flags=0x10000004
SIGFPE: [libjvm.so+0x7cb0b0], sa_mask[0]=0x7ffbfeff, sa_flags=0x10000004
SIGPIPE: [libjvm.so+0x7cb0b0], sa_mask[0]=0x7ffbfeff, sa_flags=0x10000004
SIGXFSZ: [libjvm.so+0x7cb0b0], sa_mask[0]=0x7ffbfeff, sa_flags=0x10000004
SIGILL: [libjvm.so+0x7cb0b0], sa_mask[0]=0x7ffbfeff, sa_flags=0x10000004
SIGUSR1: SIG_DFL, sa_mask[0]=0x00000000, sa_flags=0x00000000
SIGUSR2: [libjvm.so+0x7caf50], sa_mask[0]=0x00000004, sa_flags=0x10000004
SIGHUP: [libjvm.so+0x7cb130], sa_mask[0]=0x7ffbfeff, sa_flags=0x10000004
SIGINT: [libjvm.so+0x7cb130], sa_mask[0]=0x7ffbfeff, sa_flags=0x10000004
SIGTERM: [libjvm.so+0x7cb130], sa_mask[0]=0x7ffbfeff, sa_flags=0x10000004
SIGQUIT: [libjvm.so+0x7cb130], sa_mask[0]=0x7ffbfeff, sa_flags=0x10000004
SIGTRAP: SIG_DFL, sa_mask[0]=0x00000000, sa_flags=0x00000000


---------------  S Y S T E M  ---------------

OS:Ubuntu 14.04 (trusty)
uname:Linux 3.13.0-24-generic #46-Ubuntu SMP Thu Apr 10 19:11:08 UTC 2014 x86_64
libc:glibc 2.19 NPTL 2.19 
rlimit: STACK 8192k, CORE 0k, NPROC 30570, NOFILE 4096, AS infinity
load average:2.26 0.95 0.58

/proc/meminfo:
MemTotal:        3934516 kB
MemFree:          113172 kB
Buffers:             568 kB
Cached:           528732 kB
SwapCached:        37568 kB
Active:          1977300 kB
Inactive:         654712 kB
Active(anon):    1975160 kB
Inactive(anon):   637308 kB
Active(file):       2140 kB
Inactive(file):    17404 kB
Unevictable:          88 kB
Mlocked:              88 kB
SwapTotal:       4080636 kB
SwapFree:              0 kB
Dirty:                24 kB
Writeback:           164 kB
AnonPages:       2066764 kB
Mapped:           915324 kB
Shmem:            509696 kB
Slab:              95564 kB
SReclaimable:      33644 kB
SUnreclaim:        61920 kB
KernelStack:        7136 kB
PageTables:        93136 kB
NFS_Unstable:          0 kB
Bounce:                0 kB
WritebackTmp:          0 kB
CommitLimit:     6047892 kB
Committed_AS:   24712512 kB
VmallocTotal:   34359738367 kB
VmallocUsed:      553520 kB
VmallocChunk:   34359115072 kB
HardwareCorrupted:     0 kB
AnonHugePages:    204800 kB
HugePages_Total:       0
HugePages_Free:        0
HugePages_Rsvd:        0
HugePages_Surp:        0
Hugepagesize:       2048 kB
DirectMap4k:       83456 kB
DirectMap2M:     2951168 kB
DirectMap1G:     1048576 kB


CPU:total 4 (2 cores per cpu, 2 threads per core) family 6 model 61 stepping 4, cmov, cx8, fxsr, mmx, sse, sse2, sse3, ssse3, sse4.1, sse4.2, popcnt, avx, avx2, aes, erms, ht, tsc, tscinvbit

/proc/cpuinfo:
processor	: 0
vendor_id	: GenuineIntel
cpu family	: 6
model		: 61
model name	: Intel(R) Core(TM) i5-5200U CPU @ 2.20GHz
stepping	: 4
microcode	: 0x1f
cpu MHz		: 1300.000
cache size	: 3072 KB
physical id	: 0
siblings	: 4
core id		: 0
cpu cores	: 2
apicid		: 0
initial apicid	: 0
fpu		: yes
fpu_exception	: yes
cpuid level	: 20
wp		: yes
flags		: fpu vme de pse tsc msr pae mce cx8 apic sep mtrr pge mca cmov pat pse36 clflush dts acpi mmx fxsr sse sse2 ss ht tm pbe syscall nx pdpe1gb rdtscp lm constant_tsc arch_perfmon pebs bts rep_good nopl xtopology nonstop_tsc aperfmperf eagerfpu pni pclmulqdq dtes64 monitor ds_cpl vmx est tm2 ssse3 fma cx16 xtpr pdcm pcid sse4_1 sse4_2 x2apic movbe popcnt tsc_deadline_timer aes xsave avx f16c rdrand lahf_lm abm 3dnowprefetch ida arat epb xsaveopt pln pts dtherm tpr_shadow vnmi flexpriority ept vpid fsgsbase tsc_adjust bmi1 avx2 smep bmi2 erms invpcid rdseed adx smap
bogomips	: 4389.62
clflush size	: 64
cache_alignment	: 64
address sizes	: 39 bits physical, 48 bits virtual
power management:

processor	: 1
vendor_id	: GenuineIntel
cpu family	: 6
model		: 61
model name	: Intel(R) Core(TM) i5-5200U CPU @ 2.20GHz
stepping	: 4
microcode	: 0x1f
cpu MHz		: 2201.000
cache size	: 3072 KB
physical id	: 0
siblings	: 4
core id		: 0
cpu cores	: 2
apicid		: 1
initial apicid	: 1
fpu		: yes
fpu_exception	: yes
cpuid level	: 20
wp		: yes
flags		: fpu vme de pse tsc msr pae mce cx8 apic sep mtrr pge mca cmov pat pse36 clflush dts acpi mmx fxsr sse sse2 ss ht tm pbe syscall nx pdpe1gb rdtscp lm constant_tsc arch_perfmon pebs bts rep_good nopl xtopology nonstop_tsc aperfmperf eagerfpu pni pclmulqdq dtes64 monitor ds_cpl vmx est tm2 ssse3 fma cx16 xtpr pdcm pcid sse4_1 sse4_2 x2apic movbe popcnt tsc_deadline_timer aes xsave avx f16c rdrand lahf_lm abm 3dnowprefetch ida arat epb xsaveopt pln pts dtherm tpr_shadow vnmi flexpriority ept vpid fsgsbase tsc_adjust bmi1 avx2 smep bmi2 erms invpcid rdseed adx smap
bogomips	: 4389.62
clflush size	: 64
cache_alignment	: 64
address sizes	: 39 bits physical, 48 bits virtual
power management:

processor	: 2
vendor_id	: GenuineIntel
cpu family	: 6
model		: 61
model name	: Intel(R) Core(TM) i5-5200U CPU @ 2.20GHz
stepping	: 4
microcode	: 0x1f
cpu MHz		: 500.000
cache size	: 3072 KB
physical id	: 0
siblings	: 4
core id		: 1
cpu cores	: 2
apicid		: 2
initial apicid	: 2
fpu		: yes
fpu_exception	: yes
cpuid level	: 20
wp		: yes
flags		: fpu vme de pse tsc msr pae mce cx8 apic sep mtrr pge mca cmov pat pse36 clflush dts acpi mmx fxsr sse sse2 ss ht tm pbe syscall nx pdpe1gb rdtscp lm constant_tsc arch_perfmon pebs bts rep_good nopl xtopology nonstop_tsc aperfmperf eagerfpu pni pclmulqdq dtes64 monitor ds_cpl vmx est tm2 ssse3 fma cx16 xtpr pdcm pcid sse4_1 sse4_2 x2apic movbe popcnt tsc_deadline_timer aes xsave avx f16c rdrand lahf_lm abm 3dnowprefetch ida arat epb xsaveopt pln pts dtherm tpr_shadow vnmi flexpriority ept vpid fsgsbase tsc_adjust bmi1 avx2 smep bmi2 erms invpcid rdseed adx smap
bogomips	: 4389.62
clflush size	: 64
cache_alignment	: 64
address sizes	: 39 bits physical, 48 bits virtual
power management:

processor	: 3
vendor_id	: GenuineIntel
cpu family	: 6
model		: 61
model name	: Intel(R) Core(TM) i5-5200U CPU @ 2.20GHz
stepping	: 4
microcode	: 0x1f
cpu MHz		: 2000.000
cache size	: 3072 KB
physical id	: 0
siblings	: 4
core id		: 1
cpu cores	: 2
apicid		: 3
initial apicid	: 3
fpu		: yes
fpu_exception	: yes
cpuid level	: 20
wp		: yes
flags		: fpu vme de pse tsc msr pae mce cx8 apic sep mtrr pge mca cmov pat pse36 clflush dts acpi mmx fxsr sse sse2 ss ht tm pbe syscall nx pdpe1gb rdtscp lm constant_tsc arch_perfmon pebs bts rep_good nopl xtopology nonstop_tsc aperfmperf eagerfpu pni pclmulqdq dtes64 monitor ds_cpl vmx est tm2 ssse3 fma cx16 xtpr pdcm pcid sse4_1 sse4_2 x2apic movbe popcnt tsc_deadline_timer aes xsave avx f16c rdrand lahf_lm abm 3dnowprefetch ida arat epb xsaveopt pln pts dtherm tpr_shadow vnmi flexpriority ept vpid fsgsbase tsc_adjust bmi1 avx2 smep bmi2 erms invpcid rdseed adx smap
bogomips	: 4389.62
clflush size	: 64
cache_alignment	: 64
address sizes	: 39 bits physical, 48 bits virtual
power management:



Memory: 4k page, physical 3934516k(113172k free), swap 4080636k(0k free)

vm_info: OpenJDK 64-Bit Server VM (24.95-b01) for linux-amd64 JRE (1.7.0_95-b00), built on Mar 24 2016 06:13:32 by "buildd" with gcc 4.8.2

time: Mon Aug  8 12:10:57 2016
elapsed time: 48 seconds

