#
# There is insufficient memory for the Java Runtime Environment to continue.
# Native memory allocation (malloc) failed to allocate 133169152 bytes for committing reserved memory.
# Possible reasons:
#   The system is out of physical RAM or swap space
#   In 32 bit mode, the process size limit was hit
# Possible solutions:
#   Reduce memory load on the system
#   Increase physical memory or swap space
#   Check if swap backing store is full
#   Use 64 bit Java on a 64 bit OS
#   Decrease Java heap size (-Xmx/-Xms)
#   Decrease number of Java threads
#   Decrease Java thread stack sizes (-Xss)
#   Set larger code cache with -XX:ReservedCodeCacheSize=
# This output file may be truncated or incomplete.
#
#  Out of Memory Error (os_linux.cpp:2827), pid=13097, tid=140588851201792
#
# JRE version: OpenJDK Runtime Environment (7.0_95) (build 1.7.0_95-b00)
# Java VM: OpenJDK 64-Bit Server VM (24.95-b01 mixed mode linux-amd64 compressed oops)
# Derivative: IcedTea 2.6.4
# Distribution: Ubuntu 14.04 LTS, package 7u95-2.6.4-0ubuntu0.14.04.2
# Failed to write core dump. Core dumps have been disabled. To enable core dumping, try "ulimit -c unlimited" before starting Java again
#

---------------  T H R E A D  ---------------

Current thread (0x00007fdd60076000):  VMThread [stack: 0x00007fdd64790000,0x00007fdd64891000] [id=13108]

Stack: [0x00007fdd64790000,0x00007fdd64891000],  sp=0x00007fdd6488f490,  free space=1021k
Native frames: (J=compiled Java code, j=interpreted, Vv=VM code, C=native code)
V  [libjvm.so+0x953e15]
V  [libjvm.so+0x48fd94]
V  [libjvm.so+0x7cf87b]
V  [libjvm.so+0x7ca33f]
V  [libjvm.so+0x83dacb]
V  [libjvm.so+0x82d86b]
V  [libjvm.so+0x82da2b]
V  [libjvm.so+0x82e958]
V  [libjvm.so+0x8355b4]
V  [libjvm.so+0x83bc0d]
V  [libjvm.so+0x7f2083]
V  [libjvm.so+0x955814]
V  [libjvm.so+0x959917]
V  [libjvm.so+0x9583d8]
V  [libjvm.so+0x958839]
V  [libjvm.so+0x958c82]
V  [libjvm.so+0x7cc742]

VM_Operation (0x00007fdd69a55cd0): ParallelGCFailedAllocation, mode: safepoint, requested by thread 0x00007fdd6000a800


---------------  P R O C E S S  ---------------

Java Threads: ( => current thread )
  0x00007fdd600af800 JavaThread "Service Thread" daemon [_thread_blocked, id=13114, stack(0x00007fdd6418a000,0x00007fdd6428b000)]
  0x00007fdd600ad000 JavaThread "C2 CompilerThread1" daemon [_thread_blocked, id=13113, stack(0x00007fdd6428b000,0x00007fdd6438c000)]
  0x00007fdd600aa000 JavaThread "C2 CompilerThread0" daemon [_thread_blocked, id=13112, stack(0x00007fdd6438c000,0x00007fdd6448d000)]
  0x00007fdd600a8000 JavaThread "Signal Dispatcher" daemon [_thread_blocked, id=13111, stack(0x00007fdd6448d000,0x00007fdd6458e000)]
  0x00007fdd6007c000 JavaThread "Finalizer" daemon [_thread_blocked, id=13110, stack(0x00007fdd6458e000,0x00007fdd6468f000)]
  0x00007fdd6007a000 JavaThread "Reference Handler" daemon [_thread_blocked, id=13109, stack(0x00007fdd6468f000,0x00007fdd64790000)]
  0x00007fdd6000a800 JavaThread "main" [_thread_blocked, id=13103, stack(0x00007fdd69957000,0x00007fdd69a58000)]

Other Threads:
=>0x00007fdd60076000 VMThread [stack: 0x00007fdd64790000,0x00007fdd64891000] [id=13108]
  0x00007fdd600ba000 WatcherThread [stack: 0x00007fdd64089000,0x00007fdd6418a000] [id=13115]

VM state:at safepoint (normal execution)

VM Mutex/Monitor currently owned by a thread:  ([mutex/lock_event])
[0x00007fdd60006280] ExpandHeap_lock - owner thread: 0x00007fdd60076000
[0x00007fdd60006900] Threads_lock - owner thread: 0x00007fdd60076000
[0x00007fdd60006e00] Heap_lock - owner thread: 0x00007fdd6000a800

Heap
 PSYoungGen      total 246784K, used 33314K [0x00000000eaa80000, 0x0000000100000000, 0x0000000100000000)
  eden space 176640K, 0% used [0x00000000eaa80000,0x00000000eaa80000,0x00000000f5700000)
  from space 70144K, 47% used [0x00000000fbb80000,0x00000000fdc08a10,0x0000000100000000)
  to   space 86528K, 0% used [0x00000000f5700000,0x00000000f5700000,0x00000000fab80000)
 ParOldGen       total 242688K, used 242474K [0x00000000c0000000, 0x00000000ced00000, 0x00000000eaa80000)
  object space 242688K, 99% used [0x00000000c0000000,0x00000000ceccab90,0x00000000ced00000)
 PSPermGen       total 21504K, used 6159K [0x00000000b5a00000, 0x00000000b6f00000, 0x00000000c0000000)
  object space 21504K, 28% used [0x00000000b5a00000,0x00000000b6003c30,0x00000000b6f00000)

Card table byte_map: [0x00007fdd66338000,0x00007fdd6658c000] byte_map_base: 0x00007fdd65d8b000

Polling page: 0x00007fdd69a75000

Code Cache  [0x00007fdd5d000000, 0x00007fdd5d400000, 0x00007fdd60000000)
 total_blobs=1265 nmethods=1037 adapters=181 free_code_cache=45249Kb largest_free_block=46151744

Compilation events (10 events):
Event: 13.464 Thread 0x00007fdd600aa000 nmethod 1103 0x00007fdd5d309cd0 code [0x00007fdd5d309e40, 0x00007fdd5d30a418]
Event: 13.470 Thread 0x00007fdd600ad000 1104             com.android.dx.rop.cst.CstLiteral64::hashCode (15 bytes)
Event: 13.471 Thread 0x00007fdd600ad000 nmethod 1104 0x00007fdd5d2fac90 code [0x00007fdd5d2fadc0, 0x00007fdd5d2fae18]
Event: 13.523 Thread 0x00007fdd600aa000 1105             com.android.dx.ssa.SCCP::simulateStmt (481 bytes)
Event: 13.532 Thread 0x00007fdd600aa000 nmethod 1105 0x00007fdd5d0dce10 code [0x00007fdd5d0dd060, 0x00007fdd5d0dd9c8]
Event: 13.546 Thread 0x00007fdd600ad000 1106             com.android.dx.rop.code.Insn$BaseVisitor::visitThrowingInsn (1 bytes)
Event: 13.546 Thread 0x00007fdd600aa000 1107             com.android.dx.dex.code.RopTranslator$LocalVariableAwareTranslationVisitor::visitThrowingInsn (11 bytes)
Event: 13.547 Thread 0x00007fdd600ad000 nmethod 1106 0x00007fdd5d2faa90 code [0x00007fdd5d2fabc0, 0x00007fdd5d2fac18]
Event: 13.547 Thread 0x00007fdd600ad000 1108             com.android.dx.dex.code.RopTranslator$TranslationVisitor::visitThrowingInsn (118 bytes)
Event: 13.555 Thread 0x00007fdd600ad000 nmethod 1108 0x00007fdd5d0dbb50 code [0x00007fdd5d0dbd40, 0x00007fdd5d0dc2b0]

GC Heap History (10 events):
Event: 11.018 GC heap after
Heap after GC invocations=17 (full 3):
 PSYoungGen      total 239616K, used 30185K [0x00000000eaa80000, 0x00000000fc480000, 0x0000000100000000)
  eden space 195584K, 0% used [0x00000000eaa80000,0x00000000eaa80000,0x00000000f6980000)
  from space 44032K, 68% used [0x00000000f9980000,0x00000000fb6fa670,0x00000000fc480000)
  to   space 46592K, 0% used [0x00000000f6980000,0x00000000f6980000,0x00000000f9700000)
 ParOldGen       total 235520K, used 142415K [0x00000000c0000000, 0x00000000ce600000, 0x00000000eaa80000)
  object space 235520K, 60% used [0x00000000c0000000,0x00000000c8b13f30,0x00000000ce600000)
 PSPermGen       total 21504K, used 6124K [0x00000000b5a00000, 0x00000000b6f00000, 0x00000000c0000000)
  object space 21504K, 28% used [0x00000000b5a00000,0x00000000b5ffb170,0x00000000b6f00000)
}
Event: 11.520 GC heap before
{Heap before GC invocations=18 (full 3):
 PSYoungGen      total 239616K, used 225769K [0x00000000eaa80000, 0x00000000fc480000, 0x0000000100000000)
  eden space 195584K, 100% used [0x00000000eaa80000,0x00000000f6980000,0x00000000f6980000)
  from space 44032K, 68% used [0x00000000f9980000,0x00000000fb6fa670,0x00000000fc480000)
  to   space 46592K, 0% used [0x00000000f6980000,0x00000000f6980000,0x00000000f9700000)
 ParOldGen       total 235520K, used 142415K [0x00000000c0000000, 0x00000000ce600000, 0x00000000eaa80000)
  object space 235520K, 60% used [0x00000000c0000000,0x00000000c8b13f30,0x00000000ce600000)
 PSPermGen       total 21504K, used 6138K [0x00000000b5a00000, 0x00000000b6f00000, 0x00000000c0000000)
  object space 21504K, 28% used [0x00000000b5a00000,0x00000000b5ffeb38,0x00000000b6f00000)
Event: 11.603 GC heap after
Heap after GC invocations=18 (full 3):
 PSYoungGen      total 242176K, used 46570K [0x00000000eaa80000, 0x0000000100000000, 0x0000000100000000)
  eden space 195584K, 0% used [0x00000000eaa80000,0x00000000eaa80000,0x00000000f6980000)
  from space 46592K, 99% used [0x00000000f6980000,0x00000000f96fa870,0x00000000f9700000)
  to   space 60416K, 0% used [0x00000000fc500000,0x00000000fc500000,0x0000000100000000)
 ParOldGen       total 235520K, used 159575K [0x00000000c0000000, 0x00000000ce600000, 0x00000000eaa80000)
  object space 235520K, 67% used [0x00000000c0000000,0x00000000c9bd5e70,0x00000000ce600000)
 PSPermGen       total 21504K, used 6138K [0x00000000b5a00000, 0x00000000b6f00000, 0x00000000c0000000)
  object space 21504K, 28% used [0x00000000b5a00000,0x00000000b5ffeb38,0x00000000b6f00000)
}
Event: 12.129 GC heap before
{Heap before GC invocations=19 (full 3):
 PSYoungGen      total 242176K, used 242154K [0x00000000eaa80000, 0x0000000100000000, 0x0000000100000000)
  eden space 195584K, 100% used [0x00000000eaa80000,0x00000000f6980000,0x00000000f6980000)
  from space 46592K, 99% used [0x00000000f6980000,0x00000000f96fa870,0x00000000f9700000)
  to   space 60416K, 0% used [0x00000000fc500000,0x00000000fc500000,0x0000000100000000)
 ParOldGen       total 235520K, used 159575K [0x00000000c0000000, 0x00000000ce600000, 0x00000000eaa80000)
  object space 235520K, 67% used [0x00000000c0000000,0x00000000c9bd5e70,0x00000000ce600000)
 PSPermGen       total 21504K, used 6150K [0x00000000b5a00000, 0x00000000b6f00000, 0x00000000c0000000)
  object space 21504K, 28% used [0x00000000b5a00000,0x00000000b6001ad0,0x00000000b6f00000)
Event: 12.309 GC heap after
Heap after GC invocations=19 (full 3):
 PSYoungGen      total 269824K, used 60196K [0x00000000eaa80000, 0x0000000100000000, 0x0000000100000000)
  eden space 209408K, 0% used [0x00000000eaa80000,0x00000000eaa80000,0x00000000f7700000)
  from space 60416K, 99% used [0x00000000fc500000,0x00000000fffc9350,0x0000000100000000)
  to   space 70144K, 0% used [0x00000000f7700000,0x00000000f7700000,0x00000000fbb80000)
 ParOldGen       total 235520K, used 178556K [0x00000000c0000000, 0x00000000ce600000, 0x00000000eaa80000)
  object space 235520K, 75% used [0x00000000c0000000,0x00000000cae5f058,0x00000000ce600000)
 PSPermGen       total 21504K, used 6150K [0x00000000b5a00000, 0x00000000b6f00000, 0x00000000c0000000)
  object space 21504K, 28% used [0x00000000b5a00000,0x00000000b6001ad0,0x00000000b6f00000)
}
Event: 12.858 GC heap before
{Heap before GC invocations=20 (full 3):
 PSYoungGen      total 269824K, used 269604K [0x00000000eaa80000, 0x0000000100000000, 0x0000000100000000)
  eden space 209408K, 100% used [0x00000000eaa80000,0x00000000f7700000,0x00000000f7700000)
  from space 60416K, 99% used [0x00000000fc500000,0x00000000fffc9350,0x0000000100000000)
  to   space 70144K, 0% used [0x00000000f7700000,0x00000000f7700000,0x00000000fbb80000)
 ParOldGen       total 235520K, used 178556K [0x00000000c0000000, 0x00000000ce600000, 0x00000000eaa80000)
  object space 235520K, 75% used [0x00000000c0000000,0x00000000cae5f058,0x00000000ce600000)
 PSPermGen       total 21504K, used 6156K [0x00000000b5a00000, 0x00000000b6f00000, 0x00000000c0000000)
  object space 21504K, 28% used [0x00000000b5a00000,0x00000000b60033d8,0x00000000b6f00000)
Event: 12.951 GC heap after
Heap after GC invocations=20 (full 3):
 PSYoungGen      total 279552K, used 70112K [0x00000000eaa80000, 0x0000000100000000, 0x0000000100000000)
  eden space 209408K, 0% used [0x00000000eaa80000,0x00000000eaa80000,0x00000000f7700000)
  from space 70144K, 99% used [0x00000000f7700000,0x00000000fbb78020,0x00000000fbb80000)
  to   space 70144K, 0% used [0x00000000fbb80000,0x00000000fbb80000,0x0000000100000000)
 ParOldGen       total 235520K, used 196326K [0x00000000c0000000, 0x00000000ce600000, 0x00000000eaa80000)
  object space 235520K, 83% used [0x00000000c0000000,0x00000000cbfb9848,0x00000000ce600000)
 PSPermGen       total 21504K, used 6156K [0x00000000b5a00000, 0x00000000b6f00000, 0x00000000c0000000)
  object space 21504K, 28% used [0x00000000b5a00000,0x00000000b60033d8,0x00000000b6f00000)
}
Event: 13.557 GC heap before
{Heap before GC invocations=21 (full 3):
 PSYoungGen      total 279552K, used 279520K [0x00000000eaa80000, 0x0000000100000000, 0x0000000100000000)
  eden space 209408K, 100% used [0x00000000eaa80000,0x00000000f7700000,0x00000000f7700000)
  from space 70144K, 99% used [0x00000000f7700000,0x00000000fbb78020,0x00000000fbb80000)
  to   space 70144K, 0% used [0x00000000fbb80000,0x00000000fbb80000,0x0000000100000000)
 ParOldGen       total 235520K, used 196326K [0x00000000c0000000, 0x00000000ce600000, 0x00000000eaa80000)
  object space 235520K, 83% used [0x00000000c0000000,0x00000000cbfb9848,0x00000000ce600000)
 PSPermGen       total 21504K, used 6159K [0x00000000b5a00000, 0x00000000b6f00000, 0x00000000c0000000)
  object space 21504K, 28% used [0x00000000b5a00000,0x00000000b6003d30,0x00000000b6f00000)
Event: 13.675 GC heap after
Heap after GC invocations=21 (full 3):
 PSYoungGen      total 246784K, used 43188K [0x00000000eaa80000, 0x0000000100000000, 0x0000000100000000)
  eden space 176640K, 0% used [0x00000000eaa80000,0x00000000eaa80000,0x00000000f5700000)
  from space 70144K, 61% used [0x00000000fbb80000,0x00000000fe5ad1b8,0x0000000100000000)
  to   space 86528K, 0% used [0x00000000f5700000,0x00000000f5700000,0x00000000fab80000)
 ParOldGen       total 242688K, used 242432K [0x00000000c0000000, 0x00000000ced00000, 0x00000000eaa80000)
  object space 242688K, 99% used [0x00000000c0000000,0x00000000cecc0368,0x00000000ced00000)
 PSPermGen       total 21504K, used 6159K [0x00000000b5a00000, 0x00000000b6f00000, 0x00000000c0000000)
  object space 21504K, 28% used [0x00000000b5a00000,0x00000000b6003d30,0x00000000b6f00000)
}
Event: 13.675 GC heap before
{Heap before GC invocations=22 (full 4):
 PSYoungGen      total 246784K, used 43188K [0x00000000eaa80000, 0x0000000100000000, 0x0000000100000000)
  eden space 176640K, 0% used [0x00000000eaa80000,0x00000000eaa80000,0x00000000f5700000)
  from space 70144K, 61% used [0x00000000fbb80000,0x00000000fe5ad1b8,0x0000000100000000)
  to   space 86528K, 0% used [0x00000000f5700000,0x00000000f5700000,0x00000000fab80000)
 ParOldGen       total 242688K, used 242432K [0x00000000c0000000, 0x00000000ced00000, 0x00000000eaa80000)
  object space 242688K, 99% used [0x00000000c0000000,0x00000000cecc0368,0x00000000ced00000)
 PSPermGen       total 21504K, used 6159K [0x00000000b5a00000, 0x00000000b6f00000, 0x00000000c0000000)
  object space 21504K, 28% used [0x00000000b5a00000,0x00000000b6003d30,0x00000000b6f00000)

Deoptimization events (10 events):
Event: 13.100 Thread 0x00007fdd6000a800 Uncommon trap: reason=unstable_if action=reinterpret pc=0x00007fdd5d23ccbc method=java.util.BitSet.nextClearBit(I)I @ 70
Event: 13.102 Thread 0x00007fdd6000a800 Uncommon trap: reason=class_check action=maybe_recompile pc=0x00007fdd5d1b9480 method=com.android.dx.ssa.back.FirstFitLocalCombiningAllocator.findNextUnreservedRopReg(IILcom/android/dx/ssa/back/FirstFitLocalCombiningAllocator$Alignment;)I @ 60
Event: 13.256 Thread 0x00007fdd6000a800 Uncommon trap: reason=unstable_if action=reinterpret pc=0x00007fdd5d31b258 method=com.android.dx.rop.code.LocalVariableExtractor.processBlock(I)V @ 208
Event: 13.290 Thread 0x00007fdd6000a800 Uncommon trap: reason=class_check action=maybe_recompile pc=0x00007fdd5d30b4b4 method=com.android.dx.ssa.SCCP.replaceConstants()V @ 182
Event: 13.292 Thread 0x00007fdd6000a800 Uncommon trap: reason=class_check action=maybe_recompile pc=0x00007fdd5d30b4b4 method=com.android.dx.ssa.SCCP.replaceConstants()V @ 182
Event: 13.318 Thread 0x00007fdd6000a800 Uncommon trap: reason=unstable_if action=reinterpret pc=0x00007fdd5d2a9fd8 method=com.android.dx.rop.code.RegisterSpecSet.<init>(I)V @ 2
Event: 13.318 Thread 0x00007fdd6000a800 Uncommon trap: reason=unstable_if action=reinterpret pc=0x00007fdd5d14ad2c method=com.android.dx.rop.code.RegisterSpecSet.<init>(I)V @ 2
Event: 13.318 Thread 0x00007fdd6000a800 Uncommon trap: reason=unstable_if action=reinterpret pc=0x00007fdd5d221af0 method=com.android.dx.rop.code.RegisterSpecSet.<init>(I)V @ 2
Event: 13.444 Thread 0x00007fdd6000a800 Uncommon trap: reason=unstable_if action=reinterpret pc=0x00007fdd5d30cedc method=com.android.dx.ssa.back.IdenticalBlockCombiner.replaceSucc(Lcom/android/dx/rop/code/BasicBlock;II)V @ 30
Event: 13.482 Thread 0x00007fdd6000a800 Uncommon trap: reason=unstable_if action=reinterpret pc=0x00007fdd5d131ec0 method=com.android.dx.ssa.SCCP.simulateStmt(Lcom/android/dx/ssa/SsaInsn;)V @ 435

Internal exceptions (10 events):
Event: 6.745 Thread 0x00007fdd6000a800 Implicit null exception at 0x00007fdd5d185ee4 to 0x00007fdd5d1861f5
Event: 6.745 Thread 0x00007fdd6000a800 Implicit null exception at 0x00007fdd5d19ea12 to 0x00007fdd5d19fa85
Event: 6.745 Thread 0x00007fdd6000a800 Implicit null exception at 0x00007fdd5d0fdea7 to 0x00007fdd5d0fe1a1
Event: 6.745 Thread 0x00007fdd6000a800 Implicit null exception at 0x00007fdd5d19acf1 to 0x00007fdd5d19be71
Event: 6.745 Thread 0x00007fdd6000a800 Implicit null exception at 0x00007fdd5d0bc2f8 to 0x00007fdd5d0bc44d
Event: 8.253 Thread 0x00007fdd6000a800 Threw 0x00000000eacd7160 at /build/openjdk-7-HVzwJZ/openjdk-7-7u95-2.6.4/build/openjdk/hotspot/src/share/vm/prims/jvm.cpp:1322
Event: 8.257 Thread 0x00007fdd6000a800 Implicit null exception at 0x00007fdd5d2f4932 to 0x00007fdd5d2f4c79
Event: 9.077 Thread 0x00007fdd6000a800 Threw 0x00000000ec31d678 at /build/openjdk-7-HVzwJZ/openjdk-7-7u95-2.6.4/build/openjdk/hotspot/src/share/vm/prims/jvm.cpp:1322
Event: 9.135 Thread 0x00007fdd6000a800 Threw 0x00000000ecb71f00 at /build/openjdk-7-HVzwJZ/openjdk-7-7u95-2.6.4/build/openjdk/hotspot/src/share/vm/prims/jvm.cpp:1322
Event: 9.462 Thread 0x00007fdd6000a800 Threw 0x00000000f136c188 at /build/openjdk-7-HVzwJZ/openjdk-7-7u95-2.6.4/build/openjdk/hotspot/src/share/vm/prims/jvm.cpp:1322

Events (10 events):
Event: 13.318 Thread 0x00007fdd6000a800 DEOPT PACKING pc=0x00007fdd5d221af0 sp=0x00007fdd69a55f40
Event: 13.318 Thread 0x00007fdd6000a800 DEOPT UNPACKING pc=0x00007fdd5d039445 sp=0x00007fdd69a55ea0 mode 2
Event: 13.331 Thread 0x00007fdd600aa000 flushing nmethod 0x00007fdd5d3960d0
Event: 13.444 Thread 0x00007fdd6000a800 Uncommon trap: trap_request=0xffffff75 fr.pc=0x00007fdd5d30cedc
Event: 13.444 Thread 0x00007fdd6000a800 DEOPT PACKING pc=0x00007fdd5d30cedc sp=0x00007fdd69a55f60
Event: 13.444 Thread 0x00007fdd6000a800 DEOPT UNPACKING pc=0x00007fdd5d039445 sp=0x00007fdd69a55f28 mode 2
Event: 13.482 Thread 0x00007fdd6000a800 Uncommon trap: trap_request=0xffffff75 fr.pc=0x00007fdd5d131ec0
Event: 13.482 Thread 0x00007fdd6000a800 DEOPT PACKING pc=0x00007fdd5d131ec0 sp=0x00007fdd69a55f70
Event: 13.482 Thread 0x00007fdd6000a800 DEOPT UNPACKING pc=0x00007fdd5d039445 sp=0x00007fdd69a55f18 mode 2
Event: 13.556 Executing VM operation: ParallelGCFailedAllocation


Dynamic libraries:
00400000-00401000 r-xp 00000000 08:01 5508137                            /usr/lib/jvm/java-7-openjdk-amd64/jre/bin/java
00600000-00601000 r--p 00000000 08:01 5508137                            /usr/lib/jvm/java-7-openjdk-amd64/jre/bin/java
00601000-00602000 rw-p 00001000 08:01 5508137                            /usr/lib/jvm/java-7-openjdk-amd64/jre/bin/java
00e21000-00e42000 rw-p 00000000 00:00 0                                  [heap]
b5a00000-b6f00000 rw-p 00000000 00:00 0 
b6f00000-c0000000 rw-p 00000000 00:00 0 
c0000000-ced00000 rw-p 00000000 00:00 0 
d6c00000-eaa80000 rw-p 00000000 00:00 0 
eaa80000-100000000 rw-p 00000000 00:00 0 
7fdd20000000-7fdd20021000 rw-p 00000000 00:00 0 
7fdd20021000-7fdd24000000 ---p 00000000 00:00 0 
7fdd28000000-7fdd29c06000 rw-p 00000000 00:00 0 
7fdd29c06000-7fdd2c000000 ---p 00000000 00:00 0 
7fdd2c000000-7fdd2c021000 rw-p 00000000 00:00 0 
7fdd2c021000-7fdd30000000 ---p 00000000 00:00 0 
7fdd30000000-7fdd30021000 rw-p 00000000 00:00 0 
7fdd30021000-7fdd34000000 ---p 00000000 00:00 0 
7fdd34000000-7fdd35602000 rw-p 00000000 00:00 0 
7fdd35602000-7fdd38000000 ---p 00000000 00:00 0 
7fdd38000000-7fdd38021000 rw-p 00000000 00:00 0 
7fdd38021000-7fdd3c000000 ---p 00000000 00:00 0 
7fdd3c000000-7fdd3c021000 rw-p 00000000 00:00 0 
7fdd3c021000-7fdd40000000 ---p 00000000 00:00 0 
7fdd40000000-7fdd40021000 rw-p 00000000 00:00 0 
7fdd40021000-7fdd44000000 ---p 00000000 00:00 0 
7fdd44000000-7fdd44021000 rw-p 00000000 00:00 0 
7fdd44021000-7fdd48000000 ---p 00000000 00:00 0 
7fdd48000000-7fdd48021000 rw-p 00000000 00:00 0 
7fdd48021000-7fdd4c000000 ---p 00000000 00:00 0 
7fdd50000000-7fdd50021000 rw-p 00000000 00:00 0 
7fdd50021000-7fdd54000000 ---p 00000000 00:00 0 
7fdd54aef000-7fdd54b2c000 r-xp 00000000 08:01 790495                     /lib/x86_64-linux-gnu/libpcre.so.3.13.1
7fdd54b2c000-7fdd54d2b000 ---p 0003d000 08:01 790495                     /lib/x86_64-linux-gnu/libpcre.so.3.13.1
7fdd54d2b000-7fdd54d2c000 r--p 0003c000 08:01 790495                     /lib/x86_64-linux-gnu/libpcre.so.3.13.1
7fdd54d2c000-7fdd54d2d000 rw-p 0003d000 08:01 790495                     /lib/x86_64-linux-gnu/libpcre.so.3.13.1
7fdd54d2d000-7fdd54d34000 r-xp 00000000 08:01 4726848                    /usr/lib/x86_64-linux-gnu/libffi.so.6.0.1
7fdd54d34000-7fdd54f33000 ---p 00007000 08:01 4726848                    /usr/lib/x86_64-linux-gnu/libffi.so.6.0.1
7fdd54f33000-7fdd54f34000 r--p 00006000 08:01 4726848                    /usr/lib/x86_64-linux-gnu/libffi.so.6.0.1
7fdd54f34000-7fdd54f35000 rw-p 00007000 08:01 4726848                    /usr/lib/x86_64-linux-gnu/libffi.so.6.0.1
7fdd54f35000-7fdd54f4c000 r-xp 00000000 08:01 786614                     /lib/x86_64-linux-gnu/libresolv-2.19.so
7fdd54f4c000-7fdd5514c000 ---p 00017000 08:01 786614                     /lib/x86_64-linux-gnu/libresolv-2.19.so
7fdd5514c000-7fdd5514d000 r--p 00017000 08:01 786614                     /lib/x86_64-linux-gnu/libresolv-2.19.so
7fdd5514d000-7fdd5514e000 rw-p 00018000 08:01 786614                     /lib/x86_64-linux-gnu/libresolv-2.19.so
7fdd5514e000-7fdd55150000 rw-p 00000000 00:00 0 
7fdd55150000-7fdd55170000 r-xp 00000000 08:01 790522                     /lib/x86_64-linux-gnu/libselinux.so.1
7fdd55170000-7fdd5536f000 ---p 00020000 08:01 790522                     /lib/x86_64-linux-gnu/libselinux.so.1
7fdd5536f000-7fdd55370000 r--p 0001f000 08:01 790522                     /lib/x86_64-linux-gnu/libselinux.so.1
7fdd55370000-7fdd55371000 rw-p 00020000 08:01 790522                     /lib/x86_64-linux-gnu/libselinux.so.1
7fdd55371000-7fdd55373000 rw-p 00000000 00:00 0 
7fdd55373000-7fdd55376000 r-xp 00000000 08:01 4726965                    /usr/lib/x86_64-linux-gnu/libgmodule-2.0.so.0.4000.0
7fdd55376000-7fdd55575000 ---p 00003000 08:01 4726965                    /usr/lib/x86_64-linux-gnu/libgmodule-2.0.so.0.4000.0
7fdd55575000-7fdd55576000 r--p 00002000 08:01 4726965                    /usr/lib/x86_64-linux-gnu/libgmodule-2.0.so.0.4000.0
7fdd55576000-7fdd55577000 rw-p 00003000 08:01 4726965                    /usr/lib/x86_64-linux-gnu/libgmodule-2.0.so.0.4000.0
7fdd55577000-7fdd5567d000 r-xp 00000000 08:01 790423                     /lib/x86_64-linux-gnu/libglib-2.0.so.0.4000.0
7fdd5567d000-7fdd5587c000 ---p 00106000 08:01 790423                     /lib/x86_64-linux-gnu/libglib-2.0.so.0.4000.0
7fdd5587c000-7fdd5587d000 r--p 00105000 08:01 790423                     /lib/x86_64-linux-gnu/libglib-2.0.so.0.4000.0
7fdd5587d000-7fdd5587e000 rw-p 00106000 08:01 790423                     /lib/x86_64-linux-gnu/libglib-2.0.so.0.4000.0
7fdd5587e000-7fdd5587f000 rw-p 00000000 00:00 0 
7fdd5587f000-7fdd558ce000 r-xp 00000000 08:01 4726981                    /usr/lib/x86_64-linux-gnu/libgobject-2.0.so.0.4000.0
7fdd558ce000-7fdd55ace000 ---p 0004f000 08:01 4726981                    /usr/lib/x86_64-linux-gnu/libgobject-2.0.so.0.4000.0
7fdd55ace000-7fdd55acf000 r--p 0004f000 08:01 4726981                    /usr/lib/x86_64-linux-gnu/libgobject-2.0.so.0.4000.0
7fdd55acf000-7fdd55ad0000 rw-p 00050000 08:01 4726981                    /usr/lib/x86_64-linux-gnu/libgobject-2.0.so.0.4000.0
7fdd55ad0000-7fdd58000000 rw-p 00000000 00:00 0 
7fdd58000000-7fdd58021000 rw-p 00000000 00:00 0 
7fdd58021000-7fdd5c000000 ---p 00000000 00:00 0 
7fdd5c0b7000-7fdd5c222000 r-xp 00000000 08:01 4726951                    /usr/lib/x86_64-linux-gnu/libgio-2.0.so.0.4000.0
7fdd5c222000-7fdd5c422000 ---p 0016b000 08:01 4726951                    /usr/lib/x86_64-linux-gnu/libgio-2.0.so.0.4000.0
7fdd5c422000-7fdd5c426000 r--p 0016b000 08:01 4726951                    /usr/lib/x86_64-linux-gnu/libgio-2.0.so.0.4000.0
7fdd5c426000-7fdd5c428000 rw-p 0016f000 08:01 4726951                    /usr/lib/x86_64-linux-gnu/libgio-2.0.so.0.4000.0
7fdd5c428000-7fdd5c42a000 rw-p 00000000 00:00 0 
7fdd5c42a000-7fdd5c441000 r-xp 00000000 08:01 5917886                    /usr/lib/jvm/java-7-openjdk-amd64/jre/lib/amd64/libnet.so
7fdd5c441000-7fdd5c640000 ---p 00017000 08:01 5917886                    /usr/lib/jvm/java-7-openjdk-amd64/jre/lib/amd64/libnet.so
7fdd5c640000-7fdd5c641000 r--p 00016000 08:01 5917886                    /usr/lib/jvm/java-7-openjdk-amd64/jre/lib/amd64/libnet.so
7fdd5c641000-7fdd5c642000 rw-p 00017000 08:01 5917886                    /usr/lib/jvm/java-7-openjdk-amd64/jre/lib/amd64/libnet.so
7fdd5c642000-7fdd5c652000 r-xp 00000000 08:01 5917910                    /usr/lib/jvm/java-7-openjdk-amd64/jre/lib/amd64/libnio.so
7fdd5c652000-7fdd5c852000 ---p 00010000 08:01 5917910                    /usr/lib/jvm/java-7-openjdk-amd64/jre/lib/amd64/libnio.so
7fdd5c852000-7fdd5c853000 r--p 00010000 08:01 5917910                    /usr/lib/jvm/java-7-openjdk-amd64/jre/lib/amd64/libnio.so
7fdd5c853000-7fdd5c854000 rw-p 00011000 08:01 5917910                    /usr/lib/jvm/java-7-openjdk-amd64/jre/lib/amd64/libnio.so
7fdd5c854000-7fdd5c8dd000 r--s 0074b000 08:01 9579779                    /home/raihan/OpenSrpWorkSpace/opensrp-client/opensrp-mcare/build/intermediates/multi-dex/debug/allclasses.jar
7fdd5c8dd000-7fdd5d000000 r--p 00000000 08:01 4725570                    /usr/lib/locale/locale-archive
7fdd5d000000-7fdd5d400000 rwxp 00000000 00:00 0 
7fdd5d400000-7fdd602da000 rw-p 00000000 00:00 0 
7fdd602da000-7fdd64000000 ---p 00000000 00:00 0 
7fdd6402d000-7fdd6405e000 rw-p 00000000 00:00 0 
7fdd64077000-7fdd64086000 r--s 000dd000 08:01 6177003                    /home/raihan/android-sdk-linux/build-tools/21.1.2/lib/dx.jar
7fdd64086000-7fdd64089000 r--s 0000f000 08:01 5917931                    /usr/lib/jvm/java-7-openjdk-amd64/jre/lib/ext/icedtea-sound.jar
7fdd64089000-7fdd6408a000 ---p 00000000 00:00 0 
7fdd6408a000-7fdd6418a000 rw-p 00000000 00:00 0                          [stack:13115]
7fdd6418a000-7fdd6418d000 ---p 00000000 00:00 0 
7fdd6418d000-7fdd6428b000 rw-p 00000000 00:00 0                          [stack:13114]
7fdd6428b000-7fdd6428e000 ---p 00000000 00:00 0 
7fdd6428e000-7fdd6438c000 rw-p 00000000 00:00 0                          [stack:13113]
7fdd6438c000-7fdd6438f000 ---p 00000000 00:00 0 
7fdd6438f000-7fdd6448d000 rw-p 00000000 00:00 0                          [stack:13112]
7fdd6448d000-7fdd64490000 ---p 00000000 00:00 0 
7fdd64490000-7fdd6458e000 rw-p 00000000 00:00 0                          [stack:13111]
7fdd6458e000-7fdd64591000 ---p 00000000 00:00 0 
7fdd64591000-7fdd6468f000 rw-p 00000000 00:00 0                          [stack:13110]
7fdd6468f000-7fdd64692000 ---p 00000000 00:00 0 
7fdd64692000-7fdd64790000 rw-p 00000000 00:00 0                          [stack:13109]
7fdd64790000-7fdd64791000 ---p 00000000 00:00 0 
7fdd64791000-7fdd6588e000 rw-p 00000000 00:00 0                          [stack:13108]
7fdd6588e000-7fdd65a3f000 r--s 01d30000 08:01 5508152                    /usr/lib/jvm/java-7-openjdk-amd64/jre/lib/rt.jar
7fdd65a3f000-7fdd65d8b000 rw-p 00000000 00:00 0 
7fdd65d8b000-7fdd65d8c000 ---p 00000000 00:00 0 
7fdd65d8c000-7fdd65e8c000 rw-p 00000000 00:00 0                          [stack:13107]
7fdd65e8c000-7fdd65e8d000 ---p 00000000 00:00 0 
7fdd65e8d000-7fdd65f8d000 rw-p 00000000 00:00 0                          [stack:13106]
7fdd65f8d000-7fdd65f8e000 ---p 00000000 00:00 0 
7fdd65f8e000-7fdd6608e000 rw-p 00000000 00:00 0                          [stack:13105]
7fdd6608e000-7fdd6608f000 ---p 00000000 00:00 0 
7fdd6608f000-7fdd6619a000 rw-p 00000000 00:00 0                          [stack:13104]
7fdd6619a000-7fdd661e2000 rw-p 00000000 00:00 0 
7fdd661e2000-7fdd66259000 rw-p 00000000 00:00 0 
7fdd66259000-7fdd66338000 rw-p 00000000 00:00 0 
7fdd66338000-7fdd66343000 rw-p 00000000 00:00 0 
7fdd66343000-7fdd6638b000 rw-p 00000000 00:00 0 
7fdd6638b000-7fdd66402000 rw-p 00000000 00:00 0 
7fdd66402000-7fdd664e0000 rw-p 00000000 00:00 0 
7fdd664e0000-7fdd6658b000 rw-p 00000000 00:00 0 
7fdd6658b000-7fdd6658c000 rw-p 00000000 00:00 0 
7fdd6658c000-7fdd66594000 r-xp 00000000 08:01 5917892                    /usr/lib/jvm/java-7-openjdk-amd64/jre/lib/amd64/libzip.so
7fdd66594000-7fdd66793000 ---p 00008000 08:01 5917892                    /usr/lib/jvm/java-7-openjdk-amd64/jre/lib/amd64/libzip.so
7fdd66793000-7fdd66794000 r--p 00007000 08:01 5917892                    /usr/lib/jvm/java-7-openjdk-amd64/jre/lib/amd64/libzip.so
7fdd66794000-7fdd66795000 rw-p 00008000 08:01 5917892                    /usr/lib/jvm/java-7-openjdk-amd64/jre/lib/amd64/libzip.so
7fdd66795000-7fdd667a0000 r-xp 00000000 08:01 786646                     /lib/x86_64-linux-gnu/libnss_files-2.19.so
7fdd667a0000-7fdd6699f000 ---p 0000b000 08:01 786646                     /lib/x86_64-linux-gnu/libnss_files-2.19.so
7fdd6699f000-7fdd669a0000 r--p 0000a000 08:01 786646                     /lib/x86_64-linux-gnu/libnss_files-2.19.so
7fdd669a0000-7fdd669a1000 rw-p 0000b000 08:01 786646                     /lib/x86_64-linux-gnu/libnss_files-2.19.so
7fdd669a1000-7fdd669ac000 r-xp 00000000 08:01 786638                     /lib/x86_64-linux-gnu/libnss_nis-2.19.so
7fdd669ac000-7fdd66bab000 ---p 0000b000 08:01 786638                     /lib/x86_64-linux-gnu/libnss_nis-2.19.so
7fdd66bab000-7fdd66bac000 r--p 0000a000 08:01 786638                     /lib/x86_64-linux-gnu/libnss_nis-2.19.so
7fdd66bac000-7fdd66bad000 rw-p 0000b000 08:01 786638                     /lib/x86_64-linux-gnu/libnss_nis-2.19.so
7fdd66bad000-7fdd66bc4000 r-xp 00000000 08:01 786634                     /lib/x86_64-linux-gnu/libnsl-2.19.so
7fdd66bc4000-7fdd66dc3000 ---p 00017000 08:01 786634                     /lib/x86_64-linux-gnu/libnsl-2.19.so
7fdd66dc3000-7fdd66dc4000 r--p 00016000 08:01 786634                     /lib/x86_64-linux-gnu/libnsl-2.19.so
7fdd66dc4000-7fdd66dc5000 rw-p 00017000 08:01 786634                     /lib/x86_64-linux-gnu/libnsl-2.19.so
7fdd66dc5000-7fdd66dc7000 rw-p 00000000 00:00 0 
7fdd66dc7000-7fdd66dd0000 r-xp 00000000 08:01 786633                     /lib/x86_64-linux-gnu/libnss_compat-2.19.so
7fdd66dd0000-7fdd66fcf000 ---p 00009000 08:01 786633                     /lib/x86_64-linux-gnu/libnss_compat-2.19.so
7fdd66fcf000-7fdd66fd0000 r--p 00008000 08:01 786633                     /lib/x86_64-linux-gnu/libnss_compat-2.19.so
7fdd66fd0000-7fdd66fd1000 rw-p 00009000 08:01 786633                     /lib/x86_64-linux-gnu/libnss_compat-2.19.so
7fdd66fd1000-7fdd66ffc000 r-xp 00000000 08:01 5917877                    /usr/lib/jvm/java-7-openjdk-amd64/jre/lib/amd64/libjava.so
7fdd66ffc000-7fdd671fc000 ---p 0002b000 08:01 5917877                    /usr/lib/jvm/java-7-openjdk-amd64/jre/lib/amd64/libjava.so
7fdd671fc000-7fdd671fd000 r--p 0002b000 08:01 5917877                    /usr/lib/jvm/java-7-openjdk-amd64/jre/lib/amd64/libjava.so
7fdd671fd000-7fdd671ff000 rw-p 0002c000 08:01 5917877                    /usr/lib/jvm/java-7-openjdk-amd64/jre/lib/amd64/libjava.so
7fdd671ff000-7fdd6720f000 r-xp 00000000 08:01 5917878                    /usr/lib/jvm/java-7-openjdk-amd64/jre/lib/amd64/libverify.so
7fdd6720f000-7fdd6740e000 ---p 00010000 08:01 5917878                    /usr/lib/jvm/java-7-openjdk-amd64/jre/lib/amd64/libverify.so
7fdd6740e000-7fdd67410000 r--p 0000f000 08:01 5917878                    /usr/lib/jvm/java-7-openjdk-amd64/jre/lib/amd64/libverify.so
7fdd67410000-7fdd67411000 rw-p 00011000 08:01 5917878                    /usr/lib/jvm/java-7-openjdk-amd64/jre/lib/amd64/libverify.so
7fdd67411000-7fdd67418000 r-xp 00000000 08:01 786642                     /lib/x86_64-linux-gnu/librt-2.19.so
7fdd67418000-7fdd67617000 ---p 00007000 08:01 786642                     /lib/x86_64-linux-gnu/librt-2.19.so
7fdd67617000-7fdd67618000 r--p 00006000 08:01 786642                     /lib/x86_64-linux-gnu/librt-2.19.so
7fdd67618000-7fdd67619000 rw-p 00007000 08:01 786642                     /lib/x86_64-linux-gnu/librt-2.19.so
7fdd67619000-7fdd6762f000 r-xp 00000000 08:01 786612                     /lib/x86_64-linux-gnu/libgcc_s.so.1
7fdd6762f000-7fdd6782e000 ---p 00016000 08:01 786612                     /lib/x86_64-linux-gnu/libgcc_s.so.1
7fdd6782e000-7fdd6782f000 rw-p 00015000 08:01 786612                     /lib/x86_64-linux-gnu/libgcc_s.so.1
7fdd6782f000-7fdd67934000 r-xp 00000000 08:01 786618                     /lib/x86_64-linux-gnu/libm-2.19.so
7fdd67934000-7fdd67b33000 ---p 00105000 08:01 786618                     /lib/x86_64-linux-gnu/libm-2.19.so
7fdd67b33000-7fdd67b34000 r--p 00104000 08:01 786618                     /lib/x86_64-linux-gnu/libm-2.19.so
7fdd67b34000-7fdd67b35000 rw-p 00105000 08:01 786618                     /lib/x86_64-linux-gnu/libm-2.19.so
7fdd67b35000-7fdd67c1b000 r-xp 00000000 08:01 4721335                    /usr/lib/x86_64-linux-gnu/libstdc++.so.6.0.19
7fdd67c1b000-7fdd67e1a000 ---p 000e6000 08:01 4721335                    /usr/lib/x86_64-linux-gnu/libstdc++.so.6.0.19
7fdd67e1a000-7fdd67e22000 r--p 000e5000 08:01 4721335                    /usr/lib/x86_64-linux-gnu/libstdc++.so.6.0.19
7fdd67e22000-7fdd67e24000 rw-p 000ed000 08:01 4721335                    /usr/lib/x86_64-linux-gnu/libstdc++.so.6.0.19
7fdd67e24000-7fdd67e39000 rw-p 00000000 00:00 0 
7fdd67e39000-7fdd6895d000 r-xp 00000000 08:01 5917890                    /usr/lib/jvm/java-7-openjdk-amd64/jre/lib/amd64/server/libjvm.so
7fdd6895d000-7fdd68b5d000 ---p 00b24000 08:01 5917890                    /usr/lib/jvm/java-7-openjdk-amd64/jre/lib/amd64/server/libjvm.so
7fdd68b5d000-7fdd68bf7000 r--p 00b24000 08:01 5917890                    /usr/lib/jvm/java-7-openjdk-amd64/jre/lib/amd64/server/libjvm.so
7fdd68bf7000-7fdd68c1a000 rw-p 00bbe000 08:01 5917890                    /usr/lib/jvm/java-7-openjdk-amd64/jre/lib/amd64/server/libjvm.so
7fdd68c1a000-7fdd68c48000 rw-p 00000000 00:00 0 
7fdd68c48000-7fdd68c60000 r-xp 00000000 08:01 790555                     /lib/x86_64-linux-gnu/libz.so.1.2.8
7fdd68c60000-7fdd68e5f000 ---p 00018000 08:01 790555                     /lib/x86_64-linux-gnu/libz.so.1.2.8
7fdd68e5f000-7fdd68e60000 r--p 00017000 08:01 790555                     /lib/x86_64-linux-gnu/libz.so.1.2.8
7fdd68e60000-7fdd68e61000 rw-p 00018000 08:01 790555                     /lib/x86_64-linux-gnu/libz.so.1.2.8
7fdd68e61000-7fdd68e7a000 r-xp 00000000 08:01 786635                     /lib/x86_64-linux-gnu/libpthread-2.19.so
7fdd68e7a000-7fdd69079000 ---p 00019000 08:01 786635                     /lib/x86_64-linux-gnu/libpthread-2.19.so
7fdd69079000-7fdd6907a000 r--p 00018000 08:01 786635                     /lib/x86_64-linux-gnu/libpthread-2.19.so
7fdd6907a000-7fdd6907b000 rw-p 00019000 08:01 786635                     /lib/x86_64-linux-gnu/libpthread-2.19.so
7fdd6907b000-7fdd6907f000 rw-p 00000000 00:00 0 
7fdd6907f000-7fdd69082000 r-xp 00000000 08:01 786630                     /lib/x86_64-linux-gnu/libdl-2.19.so
7fdd69082000-7fdd69281000 ---p 00003000 08:01 786630                     /lib/x86_64-linux-gnu/libdl-2.19.so
7fdd69281000-7fdd69282000 r--p 00002000 08:01 786630                     /lib/x86_64-linux-gnu/libdl-2.19.so
7fdd69282000-7fdd69283000 rw-p 00003000 08:01 786630                     /lib/x86_64-linux-gnu/libdl-2.19.so
7fdd69283000-7fdd6943e000 r-xp 00000000 08:01 786643                     /lib/x86_64-linux-gnu/libc-2.19.so
7fdd6943e000-7fdd6963d000 ---p 001bb000 08:01 786643                     /lib/x86_64-linux-gnu/libc-2.19.so
7fdd6963d000-7fdd69641000 r--p 001ba000 08:01 786643                     /lib/x86_64-linux-gnu/libc-2.19.so
7fdd69641000-7fdd69643000 rw-p 001be000 08:01 786643                     /lib/x86_64-linux-gnu/libc-2.19.so
7fdd69643000-7fdd69648000 rw-p 00000000 00:00 0 
7fdd69648000-7fdd69655000 r-xp 00000000 08:01 5917907                    /usr/lib/jvm/java-7-openjdk-amd64/jre/lib/amd64/jli/libjli.so
7fdd69655000-7fdd69854000 ---p 0000d000 08:01 5917907                    /usr/lib/jvm/java-7-openjdk-amd64/jre/lib/amd64/jli/libjli.so
7fdd69854000-7fdd69855000 r--p 0000c000 08:01 5917907                    /usr/lib/jvm/java-7-openjdk-amd64/jre/lib/amd64/jli/libjli.so
7fdd69855000-7fdd69856000 rw-p 0000d000 08:01 5917907                    /usr/lib/jvm/java-7-openjdk-amd64/jre/lib/amd64/jli/libjli.so
7fdd69856000-7fdd69879000 r-xp 00000000 08:01 786636                     /lib/x86_64-linux-gnu/ld-2.19.so
7fdd6987b000-7fdd6987f000 r--s 00034000 08:01 5917930                    /usr/lib/jvm/java-7-openjdk-amd64/jre/lib/ext/sunjce_provider.jar
7fdd6987f000-7fdd698a7000 rw-p 00000000 00:00 0 
7fdd698a7000-7fdd69957000 rw-p 00000000 00:00 0 
7fdd69957000-7fdd6995a000 ---p 00000000 00:00 0 
7fdd6995a000-7fdd69a5d000 rw-p 00000000 00:00 0                          [stack:13103]
7fdd69a5e000-7fdd69a5f000 rw-p 00000000 00:00 0 
7fdd69a5f000-7fdd69a61000 r--s 00012000 08:01 5917929                    /usr/lib/jvm/java-7-openjdk-amd64/jre/lib/ext/zipfs.jar
7fdd69a61000-7fdd69a63000 r--s 00006000 08:01 5118243                    /usr/share/java/java-atk-wrapper.jar
7fdd69a63000-7fdd69a67000 r--s 0003c000 08:01 5917933                    /usr/lib/jvm/java-7-openjdk-amd64/jre/lib/ext/sunpkcs11.jar
7fdd69a67000-7fdd69a6b000 r--s 00085000 08:01 5917932                    /usr/lib/jvm/java-7-openjdk-amd64/jre/lib/ext/localedata.jar
7fdd69a6b000-7fdd69a6c000 r--s 00002000 08:01 5917928                    /usr/lib/jvm/java-7-openjdk-amd64/jre/lib/ext/dnsns.jar
7fdd69a6c000-7fdd69a74000 rw-s 00000000 08:01 131949                     /tmp/hsperfdata_raihan/13097
7fdd69a74000-7fdd69a75000 rw-p 00000000 00:00 0 
7fdd69a75000-7fdd69a76000 ---p 00000000 00:00 0 
7fdd69a76000-7fdd69a78000 rw-p 00000000 00:00 0 
7fdd69a78000-7fdd69a79000 r--p 00022000 08:01 786636                     /lib/x86_64-linux-gnu/ld-2.19.so
7fdd69a79000-7fdd69a7a000 rw-p 00023000 08:01 786636                     /lib/x86_64-linux-gnu/ld-2.19.so
7fdd69a7a000-7fdd69a7b000 rw-p 00000000 00:00 0 
7fffd4cbe000-7fffd4cdf000 rw-p 00000000 00:00 0                          [stack]
7fffd4dfe000-7fffd4e00000 r-xp 00000000 00:00 0                          [vdso]
ffffffffff600000-ffffffffff601000 r-xp 00000000 00:00 0                  [vsyscall]

VM Arguments:
jvm_args: -Xmx1024M -Dfile.encoding=UTF-8 -Duser.country=US -Duser.language=en -Duser.variant 
java_command: com.android.dx.command.Main --dex --multi-dex --main-dex-list /home/raihan/OpenSrpWorkSpace/opensrp-client/opensrp-mcare/build/intermediates/multi-dex/debug/maindexlist.txt --output /home/raihan/OpenSrpWorkSpace/opensrp-client/opensrp-mcare/build/intermediates/dex/debug /home/raihan/OpenSrpWorkSpace/opensrp-client/opensrp-mcare/build/intermediates/multi-dex/debug/allclasses.jar
Launcher Type: SUN_STANDARD

Environment Variables:
PATH=/usr/local/sbin:/usr/local/bin:/usr/sbin:/usr/bin:/sbin:/bin:/usr/games:/usr/local/games
SHELL=/bin/bash
DISPLAY=:0

Signal Handlers:
SIGSEGV: [libjvm.so+0x9548f0], sa_mask[0]=0x7ffbfeff, sa_flags=0x10000004
SIGBUS: [libjvm.so+0x9548f0], sa_mask[0]=0x7ffbfeff, sa_flags=0x10000004
SIGFPE: [libjvm.so+0x7cb0b0], sa_mask[0]=0x7ffbfeff, sa_flags=0x10000004
SIGPIPE: [libjvm.so+0x7cb0b0], sa_mask[0]=0x7ffbfeff, sa_flags=0x10000004
SIGXFSZ: [libjvm.so+0x7cb0b0], sa_mask[0]=0x7ffbfeff, sa_flags=0x10000004
SIGILL: [libjvm.so+0x7cb0b0], sa_mask[0]=0x7ffbfeff, sa_flags=0x10000004
SIGUSR1: SIG_DFL, sa_mask[0]=0x00000000, sa_flags=0x00000000
SIGUSR2: [libjvm.so+0x7caf50], sa_mask[0]=0x00000004, sa_flags=0x10000004
SIGHUP: [libjvm.so+0x7cb130], sa_mask[0]=0x7ffbfeff, sa_flags=0x10000004
SIGINT: [libjvm.so+0x7cb130], sa_mask[0]=0x7ffbfeff, sa_flags=0x10000004
SIGTERM: [libjvm.so+0x7cb130], sa_mask[0]=0x7ffbfeff, sa_flags=0x10000004
SIGQUIT: [libjvm.so+0x7cb130], sa_mask[0]=0x7ffbfeff, sa_flags=0x10000004
SIGTRAP: SIG_DFL, sa_mask[0]=0x00000000, sa_flags=0x00000000


---------------  S Y S T E M  ---------------

OS:Ubuntu 14.04 (trusty)
uname:Linux 3.13.0-24-generic #46-Ubuntu SMP Thu Apr 10 19:11:08 UTC 2014 x86_64
libc:glibc 2.19 NPTL 2.19 
rlimit: STACK 8192k, CORE 0k, NPROC 30570, NOFILE 4096, AS infinity
load average:2.15 1.32 0.86

/proc/meminfo:
MemTotal:        3934516 kB
MemFree:          112120 kB
Buffers:            1036 kB
Cached:           427932 kB
SwapCached:        34996 kB
Active:          2701804 kB
Inactive:         826092 kB
Active(anon):    2691476 kB
Inactive(anon):   811812 kB
Active(file):      10328 kB
Inactive(file):    14280 kB
Unevictable:          68 kB
Mlocked:              68 kB
SwapTotal:       4080636 kB
SwapFree:              0 kB
Dirty:                56 kB
Writeback:             0 kB
AnonPages:       3067132 kB
Mapped:           156408 kB
Shmem:            404372 kB
Slab:              91260 kB
SReclaimable:      44596 kB
SUnreclaim:        46664 kB
KernelStack:        6056 kB
PageTables:        76564 kB
NFS_Unstable:          0 kB
Bounce:                0 kB
WritebackTmp:          0 kB
CommitLimit:     6047892 kB
Committed_AS:   23579348 kB
VmallocTotal:   34359738367 kB
VmallocUsed:      553464 kB
VmallocChunk:   34359158540 kB
HardwareCorrupted:     0 kB
AnonHugePages:    499712 kB
HugePages_Total:       0
HugePages_Free:        0
HugePages_Rsvd:        0
HugePages_Surp:        0
Hugepagesize:       2048 kB
DirectMap4k:       67072 kB
DirectMap2M:     1918976 kB
DirectMap1G:     2097152 kB


CPU:total 4 (2 cores per cpu, 2 threads per core) family 6 model 61 stepping 4, cmov, cx8, fxsr, mmx, sse, sse2, sse3, ssse3, sse4.1, sse4.2, popcnt, avx, avx2, aes, erms, ht, tsc, tscinvbit

/proc/cpuinfo:
processor	: 0
vendor_id	: GenuineIntel
cpu family	: 6
model		: 61
model name	: Intel(R) Core(TM) i5-5200U CPU @ 2.20GHz
stepping	: 4
microcode	: 0x1f
cpu MHz		: 2201.000
cache size	: 3072 KB
physical id	: 0
siblings	: 4
core id		: 0
cpu cores	: 2
apicid		: 0
initial apicid	: 0
fpu		: yes
fpu_exception	: yes
cpuid level	: 20
wp		: yes
flags		: fpu vme de pse tsc msr pae mce cx8 apic sep mtrr pge mca cmov pat pse36 clflush dts acpi mmx fxsr sse sse2 ss ht tm pbe syscall nx pdpe1gb rdtscp lm constant_tsc arch_perfmon pebs bts rep_good nopl xtopology nonstop_tsc aperfmperf eagerfpu pni pclmulqdq dtes64 monitor ds_cpl vmx est tm2 ssse3 fma cx16 xtpr pdcm pcid sse4_1 sse4_2 x2apic movbe popcnt tsc_deadline_timer aes xsave avx f16c rdrand lahf_lm abm 3dnowprefetch ida arat epb xsaveopt pln pts dtherm tpr_shadow vnmi flexpriority ept vpid fsgsbase tsc_adjust bmi1 avx2 smep bmi2 erms invpcid rdseed adx smap
bogomips	: 4389.65
clflush size	: 64
cache_alignment	: 64
address sizes	: 39 bits physical, 48 bits virtual
power management:

processor	: 1
vendor_id	: GenuineIntel
cpu family	: 6
model		: 61
model name	: Intel(R) Core(TM) i5-5200U CPU @ 2.20GHz
stepping	: 4
microcode	: 0x1f
cpu MHz		: 600.000
cache size	: 3072 KB
physical id	: 0
siblings	: 4
core id		: 0
cpu cores	: 2
apicid		: 1
initial apicid	: 1
fpu		: yes
fpu_exception	: yes
cpuid level	: 20
wp		: yes
flags		: fpu vme de pse tsc msr pae mce cx8 apic sep mtrr pge mca cmov pat pse36 clflush dts acpi mmx fxsr sse sse2 ss ht tm pbe syscall nx pdpe1gb rdtscp lm constant_tsc arch_perfmon pebs bts rep_good nopl xtopology nonstop_tsc aperfmperf eagerfpu pni pclmulqdq dtes64 monitor ds_cpl vmx est tm2 ssse3 fma cx16 xtpr pdcm pcid sse4_1 sse4_2 x2apic movbe popcnt tsc_deadline_timer aes xsave avx f16c rdrand lahf_lm abm 3dnowprefetch ida arat epb xsaveopt pln pts dtherm tpr_shadow vnmi flexpriority ept vpid fsgsbase tsc_adjust bmi1 avx2 smep bmi2 erms invpcid rdseed adx smap
bogomips	: 4389.65
clflush size	: 64
cache_alignment	: 64
address sizes	: 39 bits physical, 48 bits virtual
power management:

processor	: 2
vendor_id	: GenuineIntel
cpu family	: 6
model		: 61
model name	: Intel(R) Core(TM) i5-5200U CPU @ 2.20GHz
stepping	: 4
microcode	: 0x1f
cpu MHz		: 2201.000
cache size	: 3072 KB
physical id	: 0
siblings	: 4
core id		: 1
cpu cores	: 2
apicid		: 2
initial apicid	: 2
fpu		: yes
fpu_exception	: yes
cpuid level	: 20
wp		: yes
flags		: fpu vme de pse tsc msr pae mce cx8 apic sep mtrr pge mca cmov pat pse36 clflush dts acpi mmx fxsr sse sse2 ss ht tm pbe syscall nx pdpe1gb rdtscp lm constant_tsc arch_perfmon pebs bts rep_good nopl xtopology nonstop_tsc aperfmperf eagerfpu pni pclmulqdq dtes64 monitor ds_cpl vmx est tm2 ssse3 fma cx16 xtpr pdcm pcid sse4_1 sse4_2 x2apic movbe popcnt tsc_deadline_timer aes xsave avx f16c rdrand lahf_lm abm 3dnowprefetch ida arat epb xsaveopt pln pts dtherm tpr_shadow vnmi flexpriority ept vpid fsgsbase tsc_adjust bmi1 avx2 smep bmi2 erms invpcid rdseed adx smap
bogomips	: 4389.65
clflush size	: 64
cache_alignment	: 64
address sizes	: 39 bits physical, 48 bits virtual
power management:

processor	: 3
vendor_id	: GenuineIntel
cpu family	: 6
model		: 61
model name	: Intel(R) Core(TM) i5-5200U CPU @ 2.20GHz
stepping	: 4
microcode	: 0x1f
cpu MHz		: 2201.000
cache size	: 3072 KB
physical id	: 0
siblings	: 4
core id		: 1
cpu cores	: 2
apicid		: 3
initial apicid	: 3
fpu		: yes
fpu_exception	: yes
cpuid level	: 20
wp		: yes
flags		: fpu vme de pse tsc msr pae mce cx8 apic sep mtrr pge mca cmov pat pse36 clflush dts acpi mmx fxsr sse sse2 ss ht tm pbe syscall nx pdpe1gb rdtscp lm constant_tsc arch_perfmon pebs bts rep_good nopl xtopology nonstop_tsc aperfmperf eagerfpu pni pclmulqdq dtes64 monitor ds_cpl vmx est tm2 ssse3 fma cx16 xtpr pdcm pcid sse4_1 sse4_2 x2apic movbe popcnt tsc_deadline_timer aes xsave avx f16c rdrand lahf_lm abm 3dnowprefetch ida arat epb xsaveopt pln pts dtherm tpr_shadow vnmi flexpriority ept vpid fsgsbase tsc_adjust bmi1 avx2 smep bmi2 erms invpcid rdseed adx smap
bogomips	: 4389.65
clflush size	: 64
cache_alignment	: 64
address sizes	: 39 bits physical, 48 bits virtual
power management:



Memory: 4k page, physical 3934516k(112120k free), swap 4080636k(0k free)

vm_info: OpenJDK 64-Bit Server VM (24.95-b01) for linux-amd64 JRE (1.7.0_95-b00), built on Mar 24 2016 06:13:32 by "buildd" with gcc 4.8.2

time: Mon Jun 27 16:07:56 2016
elapsed time: 14 seconds

