#
# There is insufficient memory for the Java Runtime Environment to continue.
# Native memory allocation (malloc) failed to allocate 157286400 bytes for committing reserved memory.
# Possible reasons:
#   The system is out of physical RAM or swap space
#   In 32 bit mode, the process size limit was hit
# Possible solutions:
#   Reduce memory load on the system
#   Increase physical memory or swap space
#   Check if swap backing store is full
#   Use 64 bit Java on a 64 bit OS
#   Decrease Java heap size (-Xmx/-Xms)
#   Decrease number of Java threads
#   Decrease Java thread stack sizes (-Xss)
#   Set larger code cache with -XX:ReservedCodeCacheSize=
# This output file may be truncated or incomplete.
#
#  Out of Memory Error (os_linux.cpp:2827), pid=7150, tid=140145939711744
#
# JRE version: OpenJDK Runtime Environment (7.0_95) (build 1.7.0_95-b00)
# Java VM: OpenJDK 64-Bit Server VM (24.95-b01 mixed mode linux-amd64 compressed oops)
# Derivative: IcedTea 2.6.4
# Distribution: Ubuntu 14.04 LTS, package 7u95-2.6.4-0ubuntu0.14.04.2
# Failed to write core dump. Core dumps have been disabled. To enable core dumping, try "ulimit -c unlimited" before starting Java again
#

---------------  T H R E A D  ---------------

Current thread (0x00007f7650076000):  VMThread [stack: 0x00007f7644e40000,0x00007f7644f41000] [id=7160]

Stack: [0x00007f7644e40000,0x00007f7644f41000],  sp=0x00007f7644f3f490,  free space=1021k
Native frames: (J=compiled Java code, j=interpreted, Vv=VM code, C=native code)
V  [libjvm.so+0x953e15]
V  [libjvm.so+0x48fd94]
V  [libjvm.so+0x7cf87b]
V  [libjvm.so+0x7ca33f]
V  [libjvm.so+0x83dacb]
V  [libjvm.so+0x82d86b]
V  [libjvm.so+0x82da2b]
V  [libjvm.so+0x82e958]
V  [libjvm.so+0x8355b4]
V  [libjvm.so+0x83bc0d]
V  [libjvm.so+0x7f2083]
V  [libjvm.so+0x955814]
V  [libjvm.so+0x959917]
V  [libjvm.so+0x9583d8]
V  [libjvm.so+0x958839]
V  [libjvm.so+0x958c82]
V  [libjvm.so+0x7cc742]

VM_Operation (0x00007f7657641f10): ParallelGCFailedAllocation, mode: safepoint, requested by thread 0x00007f765000a800


---------------  P R O C E S S  ---------------

Java Threads: ( => current thread )
  0x00007f76500af800 JavaThread "Service Thread" daemon [_thread_blocked, id=7166, stack(0x00007f7644117000,0x00007f7644218000)]
  0x00007f76500ad000 JavaThread "C2 CompilerThread1" daemon [_thread_blocked, id=7165, stack(0x00007f7644218000,0x00007f7644319000)]
  0x00007f76500aa000 JavaThread "C2 CompilerThread0" daemon [_thread_blocked, id=7164, stack(0x00007f7644319000,0x00007f764441a000)]
  0x00007f76500a8000 JavaThread "Signal Dispatcher" daemon [_thread_blocked, id=7163, stack(0x00007f764441a000,0x00007f764451b000)]
  0x00007f765007c000 JavaThread "Finalizer" daemon [_thread_blocked, id=7162, stack(0x00007f7644c3e000,0x00007f7644d3f000)]
  0x00007f765007a000 JavaThread "Reference Handler" daemon [_thread_blocked, id=7161, stack(0x00007f7644d3f000,0x00007f7644e40000)]
  0x00007f765000a800 JavaThread "main" [_thread_blocked, id=7155, stack(0x00007f7657543000,0x00007f7657644000)]

Other Threads:
=>0x00007f7650076000 VMThread [stack: 0x00007f7644e40000,0x00007f7644f41000] [id=7160]
  0x00007f76500ba000 WatcherThread [stack: 0x00007f7644016000,0x00007f7644117000] [id=7167]

VM state:at safepoint (normal execution)

VM Mutex/Monitor currently owned by a thread:  ([mutex/lock_event])
[0x00007f7650006280] ExpandHeap_lock - owner thread: 0x00007f7650076000
[0x00007f7650006900] Threads_lock - owner thread: 0x00007f7650076000
[0x00007f7650006e00] Heap_lock - owner thread: 0x00007f765000a800

Heap
 PSYoungGen      total 249856K, used 0K [0x00000000eaa80000, 0x0000000100000000, 0x0000000100000000)
  eden space 150016K, 0% used [0x00000000eaa80000,0x00000000eaa80000,0x00000000f3d00000)
  from space 99840K, 0% used [0x00000000f3d00000,0x00000000f3d00000,0x00000000f9e80000)
  to   space 97792K, 0% used [0x00000000fa080000,0x00000000fa080000,0x0000000100000000)
 ParOldGen       total 375296K, used 374534K [0x00000000c0000000, 0x00000000d6e80000, 0x00000000eaa80000)
  object space 375296K, 99% used [0x00000000c0000000,0x00000000d6dc1bf0,0x00000000d6e80000)
 PSPermGen       total 21504K, used 6170K [0x00000000b5a00000, 0x00000000b6f00000, 0x00000000c0000000)
  object space 21504K, 28% used [0x00000000b5a00000,0x00000000b6006990,0x00000000b6f00000)

Card table byte_map: [0x00007f764cdac000,0x00007f764d000000] byte_map_base: 0x00007f764c7ff000

Polling page: 0x00007f7657661000

Code Cache  [0x00007f764d000000, 0x00007f764d410000, 0x00007f7650000000)
 total_blobs=1281 nmethods=1053 adapters=181 free_code_cache=45123Kb largest_free_block=46077952

Compilation events (10 events):
Event: 16.374 Thread 0x00007f76500aa000 1132             com.android.dx.ssa.LiteralOpUpgrader$1::visitNonMoveInsn (203 bytes)
Event: 16.385 Thread 0x00007f76500ad000 1133             com.android.dx.rop.code.Rops::opPutField (97 bytes)
Event: 16.386 Thread 0x00007f76500ad000 nmethod 1133 0x00007f764d240490 code [0x00007f764d240600, 0x00007f764d240748]
Event: 16.397 Thread 0x00007f76500aa000 nmethod 1132 0x00007f764d30a7d0 code [0x00007f764d30ab40, 0x00007f764d30bb58]
Event: 16.426 Thread 0x00007f76500ad000 1134             com.android.dx.ssa.PhiInsn::<init> (26 bytes)
Event: 16.428 Thread 0x00007f76500ad000 nmethod 1134 0x00007f764d0d4cd0 code [0x00007f764d0d4e20, 0x00007f764d0d4f78]
Event: 16.455 Thread 0x00007f76500aa000 1135   !         java.util.zip.Inflater::inflate (113 bytes)
Event: 16.457 Thread 0x00007f76500ad000 1137   !         java.util.zip.InflaterInputStream::read (138 bytes)
Event: 16.457 Thread 0x00007f76500aa000 nmethod 1135 0x00007f764d0d6010 code [0x00007f764d0d6180, 0x00007f764d0d6648]
Event: 16.469 Thread 0x00007f76500ad000 nmethod 1137 0x00007f764d308ed0 code [0x00007f764d3090c0, 0x00007f764d309eb8]

GC Heap History (10 events):
Event: 14.300 GC heap after
Heap after GC invocations=21 (full 4):
 PSYoungGen      total 239616K, used 17216K [0x00000000eaa80000, 0x00000000ffa80000, 0x0000000100000000)
  eden space 222208K, 0% used [0x00000000eaa80000,0x00000000eaa80000,0x00000000f8380000)
  from space 17408K, 98% used [0x00000000f8380000,0x00000000f9450278,0x00000000f9480000)
  to   space 60928K, 0% used [0x00000000fbf00000,0x00000000fbf00000,0x00000000ffa80000)
 ParOldGen       total 375296K, used 246922K [0x00000000c0000000, 0x00000000d6e80000, 0x00000000eaa80000)
  object space 375296K, 65% used [0x00000000c0000000,0x00000000cf122a18,0x00000000d6e80000)
 PSPermGen       total 21504K, used 6162K [0x00000000b5a00000, 0x00000000b6f00000, 0x00000000c0000000)
  object space 21504K, 28% used [0x00000000b5a00000,0x00000000b60048e8,0x00000000b6f00000)
}
Event: 14.847 GC heap before
{Heap before GC invocations=22 (full 4):
 PSYoungGen      total 239616K, used 239424K [0x00000000eaa80000, 0x00000000ffa80000, 0x0000000100000000)
  eden space 222208K, 100% used [0x00000000eaa80000,0x00000000f8380000,0x00000000f8380000)
  from space 17408K, 98% used [0x00000000f8380000,0x00000000f9450278,0x00000000f9480000)
  to   space 60928K, 0% used [0x00000000fbf00000,0x00000000fbf00000,0x00000000ffa80000)
 ParOldGen       total 375296K, used 246922K [0x00000000c0000000, 0x00000000d6e80000, 0x00000000eaa80000)
  object space 375296K, 65% used [0x00000000c0000000,0x00000000cf122a18,0x00000000d6e80000)
 PSPermGen       total 21504K, used 6164K [0x00000000b5a00000, 0x00000000b6f00000, 0x00000000c0000000)
  object space 21504K, 28% used [0x00000000b5a00000,0x00000000b60052f0,0x00000000b6f00000)
Event: 14.904 GC heap after
Heap after GC invocations=22 (full 4):
 PSYoungGen      total 278528K, used 47744K [0x00000000eaa80000, 0x0000000100000000, 0x0000000100000000)
  eden space 217600K, 0% used [0x00000000eaa80000,0x00000000eaa80000,0x00000000f7f00000)
  from space 60928K, 78% used [0x00000000fbf00000,0x00000000feda0068,0x00000000ffa80000)
  to   space 65536K, 0% used [0x00000000f7f00000,0x00000000f7f00000,0x00000000fbf00000)
 ParOldGen       total 375296K, used 246922K [0x00000000c0000000, 0x00000000d6e80000, 0x00000000eaa80000)
  object space 375296K, 65% used [0x00000000c0000000,0x00000000cf122a18,0x00000000d6e80000)
 PSPermGen       total 21504K, used 6164K [0x00000000b5a00000, 0x00000000b6f00000, 0x00000000c0000000)
  object space 21504K, 28% used [0x00000000b5a00000,0x00000000b60052f0,0x00000000b6f00000)
}
Event: 15.473 GC heap before
{Heap before GC invocations=23 (full 4):
 PSYoungGen      total 278528K, used 265344K [0x00000000eaa80000, 0x0000000100000000, 0x0000000100000000)
  eden space 217600K, 100% used [0x00000000eaa80000,0x00000000f7f00000,0x00000000f7f00000)
  from space 60928K, 78% used [0x00000000fbf00000,0x00000000feda0068,0x00000000ffa80000)
  to   space 65536K, 0% used [0x00000000f7f00000,0x00000000f7f00000,0x00000000fbf00000)
 ParOldGen       total 375296K, used 246922K [0x00000000c0000000, 0x00000000d6e80000, 0x00000000eaa80000)
  object space 375296K, 65% used [0x00000000c0000000,0x00000000cf122a18,0x00000000d6e80000)
 PSPermGen       total 21504K, used 6166K [0x00000000b5a00000, 0x00000000b6f00000, 0x00000000c0000000)
  object space 21504K, 28% used [0x00000000b5a00000,0x00000000b6005b18,0x00000000b6f00000)
Event: 15.556 GC heap after
Heap after GC invocations=23 (full 4):
 PSYoungGen      total 283136K, used 65531K [0x00000000eaa80000, 0x0000000100000000, 0x0000000100000000)
  eden space 217600K, 0% used [0x00000000eaa80000,0x00000000eaa80000,0x00000000f7f00000)
  from space 65536K, 99% used [0x00000000f7f00000,0x00000000fbefeee0,0x00000000fbf00000)
  to   space 66560K, 0% used [0x00000000fbf00000,0x00000000fbf00000,0x0000000100000000)
 ParOldGen       total 375296K, used 258135K [0x00000000c0000000, 0x00000000d6e80000, 0x00000000eaa80000)
  object space 375296K, 68% used [0x00000000c0000000,0x00000000cfc15c90,0x00000000d6e80000)
 PSPermGen       total 21504K, used 6166K [0x00000000b5a00000, 0x00000000b6f00000, 0x00000000c0000000)
  object space 21504K, 28% used [0x00000000b5a00000,0x00000000b6005b18,0x00000000b6f00000)
}
Event: 16.030 GC heap before
{Heap before GC invocations=24 (full 4):
 PSYoungGen      total 283136K, used 283131K [0x00000000eaa80000, 0x0000000100000000, 0x0000000100000000)
  eden space 217600K, 100% used [0x00000000eaa80000,0x00000000f7f00000,0x00000000f7f00000)
  from space 65536K, 99% used [0x00000000f7f00000,0x00000000fbefeee0,0x00000000fbf00000)
  to   space 66560K, 0% used [0x00000000fbf00000,0x00000000fbf00000,0x0000000100000000)
 ParOldGen       total 375296K, used 258135K [0x00000000c0000000, 0x00000000d6e80000, 0x00000000eaa80000)
  object space 375296K, 68% used [0x00000000c0000000,0x00000000cfc15c90,0x00000000d6e80000)
 PSPermGen       total 21504K, used 6167K [0x00000000b5a00000, 0x00000000b6f00000, 0x00000000c0000000)
  object space 21504K, 28% used [0x00000000b5a00000,0x00000000b6005e58,0x00000000b6f00000)
Event: 16.157 GC heap after
Heap after GC invocations=24 (full 4):
 PSYoungGen      total 216576K, used 66536K [0x00000000eaa80000, 0x0000000100000000, 0x0000000100000000)
  eden space 150016K, 0% used [0x00000000eaa80000,0x00000000eaa80000,0x00000000f3d00000)
  from space 66560K, 99% used [0x00000000fbf00000,0x00000000ffffa358,0x0000000100000000)
  to   space 99840K, 0% used [0x00000000f3d00000,0x00000000f3d00000,0x00000000f9e80000)
 ParOldGen       total 375296K, used 289479K [0x00000000c0000000, 0x00000000d6e80000, 0x00000000eaa80000)
  object space 375296K, 77% used [0x00000000c0000000,0x00000000d1ab1c80,0x00000000d6e80000)
 PSPermGen       total 21504K, used 6167K [0x00000000b5a00000, 0x00000000b6f00000, 0x00000000c0000000)
  object space 21504K, 28% used [0x00000000b5a00000,0x00000000b6005e58,0x00000000b6f00000)
}
Event: 16.504 GC heap before
{Heap before GC invocations=25 (full 4):
 PSYoungGen      total 216576K, used 216552K [0x00000000eaa80000, 0x0000000100000000, 0x0000000100000000)
  eden space 150016K, 100% used [0x00000000eaa80000,0x00000000f3d00000,0x00000000f3d00000)
  from space 66560K, 99% used [0x00000000fbf00000,0x00000000ffffa358,0x0000000100000000)
  to   space 99840K, 0% used [0x00000000f3d00000,0x00000000f3d00000,0x00000000f9e80000)
 ParOldGen       total 375296K, used 289479K [0x00000000c0000000, 0x00000000d6e80000, 0x00000000eaa80000)
  object space 375296K, 77% used [0x00000000c0000000,0x00000000d1ab1c80,0x00000000d6e80000)
 PSPermGen       total 21504K, used 6170K [0x00000000b5a00000, 0x00000000b6f00000, 0x00000000c0000000)
  object space 21504K, 28% used [0x00000000b5a00000,0x00000000b6006a70,0x00000000b6f00000)
Event: 16.607 GC heap after
Heap after GC invocations=25 (full 4):
 PSYoungGen      total 249856K, used 49761K [0x00000000eaa80000, 0x0000000100000000, 0x0000000100000000)
  eden space 150016K, 0% used [0x00000000eaa80000,0x00000000eaa80000,0x00000000f3d00000)
  from space 99840K, 49% used [0x00000000f3d00000,0x00000000f6d986a8,0x00000000f9e80000)
  to   space 97792K, 0% used [0x00000000fa080000,0x00000000fa080000,0x0000000100000000)
 ParOldGen       total 375296K, used 330125K [0x00000000c0000000, 0x00000000d6e80000, 0x00000000eaa80000)
  object space 375296K, 87% used [0x00000000c0000000,0x00000000d4263778,0x00000000d6e80000)
 PSPermGen       total 21504K, used 6170K [0x00000000b5a00000, 0x00000000b6f00000, 0x00000000c0000000)
  object space 21504K, 28% used [0x00000000b5a00000,0x00000000b6006a70,0x00000000b6f00000)
}
Event: 16.607 GC heap before
{Heap before GC invocations=26 (full 5):
 PSYoungGen      total 249856K, used 49761K [0x00000000eaa80000, 0x0000000100000000, 0x0000000100000000)
  eden space 150016K, 0% used [0x00000000eaa80000,0x00000000eaa80000,0x00000000f3d00000)
  from space 99840K, 49% used [0x00000000f3d00000,0x00000000f6d986a8,0x00000000f9e80000)
  to   space 97792K, 0% used [0x00000000fa080000,0x00000000fa080000,0x0000000100000000)
 ParOldGen       total 375296K, used 330125K [0x00000000c0000000, 0x00000000d6e80000, 0x00000000eaa80000)
  object space 375296K, 87% used [0x00000000c0000000,0x00000000d4263778,0x00000000d6e80000)
 PSPermGen       total 21504K, used 6170K [0x00000000b5a00000, 0x00000000b6f00000, 0x00000000c0000000)
  object space 21504K, 28% used [0x00000000b5a00000,0x00000000b6006a70,0x00000000b6f00000)

Deoptimization events (10 events):
Event: 14.457 Thread 0x00007f765000a800 Uncommon trap: reason=unstable_if action=reinterpret pc=0x00007f764d293764 method=com.android.dx.ssa.back.IdenticalBlockCombiner.replaceSucc(Lcom/android/dx/rop/code/BasicBlock;II)V @ 30
Event: 14.494 Thread 0x00007f765000a800 Uncommon trap: reason=unstable_if action=reinterpret pc=0x00007f764d1028e4 method=com.android.dx.ssa.SCCP.simulateStmt(Lcom/android/dx/ssa/SsaInsn;)V @ 435
Event: 15.322 Thread 0x00007f765000a800 Uncommon trap: reason=bimorphic action=maybe_recompile pc=0x00007f764d3f1f50 method=com.android.dx.cf.code.BytecodeArray.parseInstruction(ILcom/android/dx/cf/code/BytecodeArray$Visitor;)I @ 1447
Event: 15.322 Thread 0x00007f765000a800 Uncommon trap: reason=bimorphic action=maybe_recompile pc=0x00007f764d3f1f50 method=com.android.dx.cf.code.BytecodeArray.parseInstruction(ILcom/android/dx/cf/code/BytecodeArray$Visitor;)I @ 1447
Event: 15.639 Thread 0x00007f765000a800 Uncommon trap: reason=bimorphic action=maybe_recompile pc=0x00007f764d324a68 method=com.android.dx.ssa.NormalSsaInsn.changeOneSource(ILcom/android/dx/rop/code/RegisterSpec;)V @ 113
Event: 15.639 Thread 0x00007f765000a800 Uncommon trap: reason=bimorphic action=maybe_recompile pc=0x00007f764d324a68 method=com.android.dx.ssa.NormalSsaInsn.changeOneSource(ILcom/android/dx/rop/code/RegisterSpec;)V @ 113
Event: 15.639 Thread 0x00007f765000a800 Uncommon trap: reason=bimorphic action=maybe_recompile pc=0x00007f764d324a68 method=com.android.dx.ssa.NormalSsaInsn.changeOneSource(ILcom/android/dx/rop/code/RegisterSpec;)V @ 113
Event: 15.639 Thread 0x00007f765000a800 Uncommon trap: reason=bimorphic action=maybe_recompile pc=0x00007f764d324a68 method=com.android.dx.ssa.NormalSsaInsn.changeOneSource(ILcom/android/dx/rop/code/RegisterSpec;)V @ 113
Event: 16.351 Thread 0x00007f765000a800 Uncommon trap: reason=bimorphic action=maybe_recompile pc=0x00007f764d224954 method=com.android.dx.ssa.LiteralOpUpgrader.tryReplacingWithConstant(Lcom/android/dx/ssa/NormalSsaInsn;)Z @ 62
Event: 16.391 Thread 0x00007f765000a800 Uncommon trap: reason=bimorphic action=maybe_recompile pc=0x00007f764d1750d4 method=com.android.dx.ssa.LiteralOpUpgrader.tryReplacingWithConstant(Lcom/android/dx/ssa/NormalSsaInsn;)Z @ 62

Internal exceptions (10 events):
Event: 6.600 Thread 0x00007f765000a800 Implicit null exception at 0x00007f764d0b0031 to 0x00007f764d0b06d9
Event: 6.600 Thread 0x00007f765000a800 Implicit null exception at 0x00007f764d196064 to 0x00007f764d196375
Event: 6.601 Thread 0x00007f765000a800 Implicit null exception at 0x00007f764d17821a to 0x00007f764d1794b1
Event: 6.601 Thread 0x00007f765000a800 Implicit null exception at 0x00007f764d0e3927 to 0x00007f764d0e3c21
Event: 6.601 Thread 0x00007f765000a800 Implicit null exception at 0x00007f764d0b5438 to 0x00007f764d0b558d
Event: 7.461 Thread 0x00007f765000a800 Threw 0x00000000f35a0b10 at /build/openjdk-7-HVzwJZ/openjdk-7-7u95-2.6.4/build/openjdk/hotspot/src/share/vm/prims/jvm.cpp:1322
Event: 7.462 Thread 0x00007f765000a800 Implicit null exception at 0x00007f764d2f1872 to 0x00007f764d2f1bb9
Event: 8.970 Thread 0x00007f765000a800 Threw 0x00000000ebaac9d8 at /build/openjdk-7-HVzwJZ/openjdk-7-7u95-2.6.4/build/openjdk/hotspot/src/share/vm/prims/jvm.cpp:1322
Event: 9.048 Thread 0x00007f765000a800 Threw 0x00000000ec301f90 at /build/openjdk-7-HVzwJZ/openjdk-7-7u95-2.6.4/build/openjdk/hotspot/src/share/vm/prims/jvm.cpp:1322
Event: 9.400 Thread 0x00007f765000a800 Threw 0x00000000f0b1a758 at /build/openjdk-7-HVzwJZ/openjdk-7-7u95-2.6.4/build/openjdk/hotspot/src/share/vm/prims/jvm.cpp:1322

Events (10 events):
Event: 15.639 Thread 0x00007f765000a800 DEOPT UNPACKING pc=0x00007f764d039445 sp=0x00007f7657641e68 mode 2
Event: 16.030 Executing VM operation: ParallelGCFailedAllocation
Event: 16.157 Executing VM operation: ParallelGCFailedAllocation done
Event: 16.351 Thread 0x00007f765000a800 Uncommon trap: trap_request=0xffffffc6 fr.pc=0x00007f764d224954
Event: 16.351 Thread 0x00007f765000a800 DEOPT PACKING pc=0x00007f764d224954 sp=0x00007f7657641f10
Event: 16.351 Thread 0x00007f765000a800 DEOPT UNPACKING pc=0x00007f764d039445 sp=0x00007f7657641dd8 mode 2
Event: 16.391 Thread 0x00007f765000a800 Uncommon trap: trap_request=0xffffffc6 fr.pc=0x00007f764d1750d4
Event: 16.391 Thread 0x00007f765000a800 DEOPT PACKING pc=0x00007f764d1750d4 sp=0x00007f7657641e80
Event: 16.391 Thread 0x00007f765000a800 DEOPT UNPACKING pc=0x00007f764d039445 sp=0x00007f7657641dc0 mode 2
Event: 16.503 Executing VM operation: ParallelGCFailedAllocation


Dynamic libraries:
00400000-00401000 r-xp 00000000 08:01 5508137                            /usr/lib/jvm/java-7-openjdk-amd64/jre/bin/java
00600000-00601000 r--p 00000000 08:01 5508137                            /usr/lib/jvm/java-7-openjdk-amd64/jre/bin/java
00601000-00602000 rw-p 00001000 08:01 5508137                            /usr/lib/jvm/java-7-openjdk-amd64/jre/bin/java
00839000-0085a000 rw-p 00000000 00:00 0                                  [heap]
b5a00000-b6f00000 rw-p 00000000 00:00 0 
b6f00000-c0000000 rw-p 00000000 00:00 0 
c0000000-d6e80000 rw-p 00000000 00:00 0 
e0480000-eaa80000 rw-p 00000000 00:00 0 
eaa80000-100000000 rw-p 00000000 00:00 0 
7f7610000000-7f7610021000 rw-p 00000000 00:00 0 
7f7610021000-7f7614000000 ---p 00000000 00:00 0 
7f7618000000-7f7619ab5000 rw-p 00000000 00:00 0 
7f7619ab5000-7f761c000000 ---p 00000000 00:00 0 
7f761c000000-7f761c021000 rw-p 00000000 00:00 0 
7f761c021000-7f7620000000 ---p 00000000 00:00 0 
7f7620000000-7f7620021000 rw-p 00000000 00:00 0 
7f7620021000-7f7624000000 ---p 00000000 00:00 0 
7f7624000000-7f7625300000 rw-p 00000000 00:00 0 
7f7625300000-7f7628000000 ---p 00000000 00:00 0 
7f7628000000-7f7628021000 rw-p 00000000 00:00 0 
7f7628021000-7f762c000000 ---p 00000000 00:00 0 
7f762c000000-7f762c021000 rw-p 00000000 00:00 0 
7f762c021000-7f7630000000 ---p 00000000 00:00 0 
7f7630000000-7f7630021000 rw-p 00000000 00:00 0 
7f7630021000-7f7634000000 ---p 00000000 00:00 0 
7f7634000000-7f7634021000 rw-p 00000000 00:00 0 
7f7634021000-7f7638000000 ---p 00000000 00:00 0 
7f7638000000-7f7638021000 rw-p 00000000 00:00 0 
7f7638021000-7f763c000000 ---p 00000000 00:00 0 
7f763e7af000-7f763e7e0000 rw-p 00000000 00:00 0 
7f763e7e0000-7f763e81d000 r-xp 00000000 08:01 790495                     /lib/x86_64-linux-gnu/libpcre.so.3.13.1
7f763e81d000-7f763ea1c000 ---p 0003d000 08:01 790495                     /lib/x86_64-linux-gnu/libpcre.so.3.13.1
7f763ea1c000-7f763ea1d000 r--p 0003c000 08:01 790495                     /lib/x86_64-linux-gnu/libpcre.so.3.13.1
7f763ea1d000-7f763ea1e000 rw-p 0003d000 08:01 790495                     /lib/x86_64-linux-gnu/libpcre.so.3.13.1
7f763ea1e000-7f763ea25000 r-xp 00000000 08:01 4726848                    /usr/lib/x86_64-linux-gnu/libffi.so.6.0.1
7f763ea25000-7f763ec24000 ---p 00007000 08:01 4726848                    /usr/lib/x86_64-linux-gnu/libffi.so.6.0.1
7f763ec24000-7f763ec25000 r--p 00006000 08:01 4726848                    /usr/lib/x86_64-linux-gnu/libffi.so.6.0.1
7f763ec25000-7f763ec26000 rw-p 00007000 08:01 4726848                    /usr/lib/x86_64-linux-gnu/libffi.so.6.0.1
7f763ec26000-7f763ec3d000 r-xp 00000000 08:01 786614                     /lib/x86_64-linux-gnu/libresolv-2.19.so
7f763ec3d000-7f763ee3d000 ---p 00017000 08:01 786614                     /lib/x86_64-linux-gnu/libresolv-2.19.so
7f763ee3d000-7f763ee3e000 r--p 00017000 08:01 786614                     /lib/x86_64-linux-gnu/libresolv-2.19.so
7f763ee3e000-7f763ee3f000 rw-p 00018000 08:01 786614                     /lib/x86_64-linux-gnu/libresolv-2.19.so
7f763ee3f000-7f763ee41000 rw-p 00000000 00:00 0 
7f763ee41000-7f763ee61000 r-xp 00000000 08:01 790522                     /lib/x86_64-linux-gnu/libselinux.so.1
7f763ee61000-7f763f060000 ---p 00020000 08:01 790522                     /lib/x86_64-linux-gnu/libselinux.so.1
7f763f060000-7f763f061000 r--p 0001f000 08:01 790522                     /lib/x86_64-linux-gnu/libselinux.so.1
7f763f061000-7f763f062000 rw-p 00020000 08:01 790522                     /lib/x86_64-linux-gnu/libselinux.so.1
7f763f062000-7f763f064000 rw-p 00000000 00:00 0 
7f763f064000-7f763f067000 r-xp 00000000 08:01 4726965                    /usr/lib/x86_64-linux-gnu/libgmodule-2.0.so.0.4000.0
7f763f067000-7f763f266000 ---p 00003000 08:01 4726965                    /usr/lib/x86_64-linux-gnu/libgmodule-2.0.so.0.4000.0
7f763f266000-7f763f267000 r--p 00002000 08:01 4726965                    /usr/lib/x86_64-linux-gnu/libgmodule-2.0.so.0.4000.0
7f763f267000-7f763f268000 rw-p 00003000 08:01 4726965                    /usr/lib/x86_64-linux-gnu/libgmodule-2.0.so.0.4000.0
7f763f268000-7f763f36e000 r-xp 00000000 08:01 790423                     /lib/x86_64-linux-gnu/libglib-2.0.so.0.4000.0
7f763f36e000-7f763f56d000 ---p 00106000 08:01 790423                     /lib/x86_64-linux-gnu/libglib-2.0.so.0.4000.0
7f763f56d000-7f763f56e000 r--p 00105000 08:01 790423                     /lib/x86_64-linux-gnu/libglib-2.0.so.0.4000.0
7f763f56e000-7f763f56f000 rw-p 00106000 08:01 790423                     /lib/x86_64-linux-gnu/libglib-2.0.so.0.4000.0
7f763f56f000-7f763f570000 rw-p 00000000 00:00 0 
7f763f570000-7f763f5bf000 r-xp 00000000 08:01 4726981                    /usr/lib/x86_64-linux-gnu/libgobject-2.0.so.0.4000.0
7f763f5bf000-7f763f7bf000 ---p 0004f000 08:01 4726981                    /usr/lib/x86_64-linux-gnu/libgobject-2.0.so.0.4000.0
7f763f7bf000-7f763f7c0000 r--p 0004f000 08:01 4726981                    /usr/lib/x86_64-linux-gnu/libgobject-2.0.so.0.4000.0
7f763f7c0000-7f763f7c1000 rw-p 00050000 08:01 4726981                    /usr/lib/x86_64-linux-gnu/libgobject-2.0.so.0.4000.0
7f763f7c1000-7f763f92c000 r-xp 00000000 08:01 4726951                    /usr/lib/x86_64-linux-gnu/libgio-2.0.so.0.4000.0
7f763f92c000-7f763fb2c000 ---p 0016b000 08:01 4726951                    /usr/lib/x86_64-linux-gnu/libgio-2.0.so.0.4000.0
7f763fb2c000-7f763fb30000 r--p 0016b000 08:01 4726951                    /usr/lib/x86_64-linux-gnu/libgio-2.0.so.0.4000.0
7f763fb30000-7f763fb32000 rw-p 0016f000 08:01 4726951                    /usr/lib/x86_64-linux-gnu/libgio-2.0.so.0.4000.0
7f763fb32000-7f763fb34000 rw-p 00000000 00:00 0 
7f763fb4d000-7f763fb64000 r-xp 00000000 08:01 5917886                    /usr/lib/jvm/java-7-openjdk-amd64/jre/lib/amd64/libnet.so
7f763fb64000-7f763fd63000 ---p 00017000 08:01 5917886                    /usr/lib/jvm/java-7-openjdk-amd64/jre/lib/amd64/libnet.so
7f763fd63000-7f763fd64000 r--p 00016000 08:01 5917886                    /usr/lib/jvm/java-7-openjdk-amd64/jre/lib/amd64/libnet.so
7f763fd64000-7f763fd65000 rw-p 00017000 08:01 5917886                    /usr/lib/jvm/java-7-openjdk-amd64/jre/lib/amd64/libnet.so
7f763fd65000-7f763fd75000 r-xp 00000000 08:01 5917910                    /usr/lib/jvm/java-7-openjdk-amd64/jre/lib/amd64/libnio.so
7f763fd75000-7f763ff75000 ---p 00010000 08:01 5917910                    /usr/lib/jvm/java-7-openjdk-amd64/jre/lib/amd64/libnio.so
7f763ff75000-7f763ff76000 r--p 00010000 08:01 5917910                    /usr/lib/jvm/java-7-openjdk-amd64/jre/lib/amd64/libnio.so
7f763ff76000-7f763ff77000 rw-p 00011000 08:01 5917910                    /usr/lib/jvm/java-7-openjdk-amd64/jre/lib/amd64/libnio.so
7f763ff77000-7f7640000000 r--s 0074b000 08:01 8271093                    /home/raihan/OpenSrpWorkSpace/opensrp-client/opensrp-mcare/build/intermediates/multi-dex/debug/allclasses.jar
7f7640000000-7f7640021000 rw-p 00000000 00:00 0 
7f7640021000-7f7644000000 ---p 00000000 00:00 0 
7f7644007000-7f7644016000 r--s 000dd000 08:01 6177003                    /home/raihan/android-sdk-linux/build-tools/21.1.2/lib/dx.jar
7f7644016000-7f7644017000 ---p 00000000 00:00 0 
7f7644017000-7f7644117000 rw-p 00000000 00:00 0                          [stack:7167]
7f7644117000-7f764411a000 ---p 00000000 00:00 0 
7f764411a000-7f7644218000 rw-p 00000000 00:00 0                          [stack:7166]
7f7644218000-7f764421b000 ---p 00000000 00:00 0 
7f764421b000-7f7644319000 rw-p 00000000 00:00 0                          [stack:7165]
7f7644319000-7f764431c000 ---p 00000000 00:00 0 
7f764431c000-7f764441a000 rw-p 00000000 00:00 0                          [stack:7164]
7f764441a000-7f764441d000 ---p 00000000 00:00 0 
7f764441d000-7f764451b000 rw-p 00000000 00:00 0                          [stack:7163]
7f764451b000-7f7644c3e000 r--p 00000000 08:01 4725570                    /usr/lib/locale/locale-archive
7f7644c3e000-7f7644c41000 ---p 00000000 00:00 0 
7f7644c41000-7f7644d3f000 rw-p 00000000 00:00 0                          [stack:7162]
7f7644d3f000-7f7644d42000 ---p 00000000 00:00 0 
7f7644d42000-7f7644e40000 rw-p 00000000 00:00 0                          [stack:7161]
7f7644e40000-7f7644e41000 ---p 00000000 00:00 0 
7f7644e41000-7f7648000000 rw-p 00000000 00:00 0                          [stack:7160]
7f7648000000-7f7648021000 rw-p 00000000 00:00 0 
7f7648021000-7f764c000000 ---p 00000000 00:00 0 
7f764c008000-7f764c00b000 r--s 0000f000 08:01 5917931                    /usr/lib/jvm/java-7-openjdk-amd64/jre/lib/ext/icedtea-sound.jar
7f764c00b000-7f764c458000 rw-p 00000000 00:00 0 
7f764c458000-7f764c609000 r--s 01d30000 08:01 5508152                    /usr/lib/jvm/java-7-openjdk-amd64/jre/lib/rt.jar
7f764c609000-7f764c955000 rw-p 00000000 00:00 0 
7f764c955000-7f764c956000 ---p 00000000 00:00 0 
7f764c956000-7f764ca56000 rw-p 00000000 00:00 0                          [stack:7159]
7f764ca56000-7f764ca57000 ---p 00000000 00:00 0 
7f764ca57000-7f764cb57000 rw-p 00000000 00:00 0                          [stack:7158]
7f764cb57000-7f764cb58000 ---p 00000000 00:00 0 
7f764cb58000-7f764cc58000 rw-p 00000000 00:00 0                          [stack:7157]
7f764cc58000-7f764cc59000 ---p 00000000 00:00 0 
7f764cc59000-7f764cd64000 rw-p 00000000 00:00 0                          [stack:7156]
7f764cd64000-7f764cdac000 rw-p 00000000 00:00 0 
7f764cdac000-7f764cdb7000 rw-p 00000000 00:00 0 
7f764cdb7000-7f764cdff000 rw-p 00000000 00:00 0 
7f764cdff000-7f764ceb7000 rw-p 00000000 00:00 0 
7f764ceb7000-7f764cf54000 rw-p 00000000 00:00 0 
7f764cf54000-7f764cfff000 rw-p 00000000 00:00 0 
7f764cfff000-7f764d000000 rw-p 00000000 00:00 0 
7f764d000000-7f764d410000 rwxp 00000000 00:00 0 
7f764d410000-7f765030a000 rw-p 00000000 00:00 0 
7f765030a000-7f7654000000 ---p 00000000 00:00 0 
7f7654001000-7f76540da000 rw-p 00000000 00:00 0 
7f76540da000-7f7654178000 rw-p 00000000 00:00 0 
7f7654178000-7f7654180000 r-xp 00000000 08:01 5917892                    /usr/lib/jvm/java-7-openjdk-amd64/jre/lib/amd64/libzip.so
7f7654180000-7f765437f000 ---p 00008000 08:01 5917892                    /usr/lib/jvm/java-7-openjdk-amd64/jre/lib/amd64/libzip.so
7f765437f000-7f7654380000 r--p 00007000 08:01 5917892                    /usr/lib/jvm/java-7-openjdk-amd64/jre/lib/amd64/libzip.so
7f7654380000-7f7654381000 rw-p 00008000 08:01 5917892                    /usr/lib/jvm/java-7-openjdk-amd64/jre/lib/amd64/libzip.so
7f7654381000-7f765438c000 r-xp 00000000 08:01 786646                     /lib/x86_64-linux-gnu/libnss_files-2.19.so
7f765438c000-7f765458b000 ---p 0000b000 08:01 786646                     /lib/x86_64-linux-gnu/libnss_files-2.19.so
7f765458b000-7f765458c000 r--p 0000a000 08:01 786646                     /lib/x86_64-linux-gnu/libnss_files-2.19.so
7f765458c000-7f765458d000 rw-p 0000b000 08:01 786646                     /lib/x86_64-linux-gnu/libnss_files-2.19.so
7f765458d000-7f7654598000 r-xp 00000000 08:01 786638                     /lib/x86_64-linux-gnu/libnss_nis-2.19.so
7f7654598000-7f7654797000 ---p 0000b000 08:01 786638                     /lib/x86_64-linux-gnu/libnss_nis-2.19.so
7f7654797000-7f7654798000 r--p 0000a000 08:01 786638                     /lib/x86_64-linux-gnu/libnss_nis-2.19.so
7f7654798000-7f7654799000 rw-p 0000b000 08:01 786638                     /lib/x86_64-linux-gnu/libnss_nis-2.19.so
7f7654799000-7f76547b0000 r-xp 00000000 08:01 786634                     /lib/x86_64-linux-gnu/libnsl-2.19.so
7f76547b0000-7f76549af000 ---p 00017000 08:01 786634                     /lib/x86_64-linux-gnu/libnsl-2.19.so
7f76549af000-7f76549b0000 r--p 00016000 08:01 786634                     /lib/x86_64-linux-gnu/libnsl-2.19.so
7f76549b0000-7f76549b1000 rw-p 00017000 08:01 786634                     /lib/x86_64-linux-gnu/libnsl-2.19.so
7f76549b1000-7f76549b3000 rw-p 00000000 00:00 0 
7f76549b3000-7f76549bc000 r-xp 00000000 08:01 786633                     /lib/x86_64-linux-gnu/libnss_compat-2.19.so
7f76549bc000-7f7654bbb000 ---p 00009000 08:01 786633                     /lib/x86_64-linux-gnu/libnss_compat-2.19.so
7f7654bbb000-7f7654bbc000 r--p 00008000 08:01 786633                     /lib/x86_64-linux-gnu/libnss_compat-2.19.so
7f7654bbc000-7f7654bbd000 rw-p 00009000 08:01 786633                     /lib/x86_64-linux-gnu/libnss_compat-2.19.so
7f7654bbd000-7f7654be8000 r-xp 00000000 08:01 5917877                    /usr/lib/jvm/java-7-openjdk-amd64/jre/lib/amd64/libjava.so
7f7654be8000-7f7654de8000 ---p 0002b000 08:01 5917877                    /usr/lib/jvm/java-7-openjdk-amd64/jre/lib/amd64/libjava.so
7f7654de8000-7f7654de9000 r--p 0002b000 08:01 5917877                    /usr/lib/jvm/java-7-openjdk-amd64/jre/lib/amd64/libjava.so
7f7654de9000-7f7654deb000 rw-p 0002c000 08:01 5917877                    /usr/lib/jvm/java-7-openjdk-amd64/jre/lib/amd64/libjava.so
7f7654deb000-7f7654dfb000 r-xp 00000000 08:01 5917878                    /usr/lib/jvm/java-7-openjdk-amd64/jre/lib/amd64/libverify.so
7f7654dfb000-7f7654ffa000 ---p 00010000 08:01 5917878                    /usr/lib/jvm/java-7-openjdk-amd64/jre/lib/amd64/libverify.so
7f7654ffa000-7f7654ffc000 r--p 0000f000 08:01 5917878                    /usr/lib/jvm/java-7-openjdk-amd64/jre/lib/amd64/libverify.so
7f7654ffc000-7f7654ffd000 rw-p 00011000 08:01 5917878                    /usr/lib/jvm/java-7-openjdk-amd64/jre/lib/amd64/libverify.so
7f7654ffd000-7f7655004000 r-xp 00000000 08:01 786642                     /lib/x86_64-linux-gnu/librt-2.19.so
7f7655004000-7f7655203000 ---p 00007000 08:01 786642                     /lib/x86_64-linux-gnu/librt-2.19.so
7f7655203000-7f7655204000 r--p 00006000 08:01 786642                     /lib/x86_64-linux-gnu/librt-2.19.so
7f7655204000-7f7655205000 rw-p 00007000 08:01 786642                     /lib/x86_64-linux-gnu/librt-2.19.so
7f7655205000-7f765521b000 r-xp 00000000 08:01 786612                     /lib/x86_64-linux-gnu/libgcc_s.so.1
7f765521b000-7f765541a000 ---p 00016000 08:01 786612                     /lib/x86_64-linux-gnu/libgcc_s.so.1
7f765541a000-7f765541b000 rw-p 00015000 08:01 786612                     /lib/x86_64-linux-gnu/libgcc_s.so.1
7f765541b000-7f7655520000 r-xp 00000000 08:01 786618                     /lib/x86_64-linux-gnu/libm-2.19.so
7f7655520000-7f765571f000 ---p 00105000 08:01 786618                     /lib/x86_64-linux-gnu/libm-2.19.so
7f765571f000-7f7655720000 r--p 00104000 08:01 786618                     /lib/x86_64-linux-gnu/libm-2.19.so
7f7655720000-7f7655721000 rw-p 00105000 08:01 786618                     /lib/x86_64-linux-gnu/libm-2.19.so
7f7655721000-7f7655807000 r-xp 00000000 08:01 4719935                    /usr/lib/x86_64-linux-gnu/libstdc++.so.6.0.19
7f7655807000-7f7655a06000 ---p 000e6000 08:01 4719935                    /usr/lib/x86_64-linux-gnu/libstdc++.so.6.0.19
7f7655a06000-7f7655a0e000 r--p 000e5000 08:01 4719935                    /usr/lib/x86_64-linux-gnu/libstdc++.so.6.0.19
7f7655a0e000-7f7655a10000 rw-p 000ed000 08:01 4719935                    /usr/lib/x86_64-linux-gnu/libstdc++.so.6.0.19
7f7655a10000-7f7655a25000 rw-p 00000000 00:00 0 
7f7655a25000-7f7656549000 r-xp 00000000 08:01 5917890                    /usr/lib/jvm/java-7-openjdk-amd64/jre/lib/amd64/server/libjvm.so
7f7656549000-7f7656749000 ---p 00b24000 08:01 5917890                    /usr/lib/jvm/java-7-openjdk-amd64/jre/lib/amd64/server/libjvm.so
7f7656749000-7f76567e3000 r--p 00b24000 08:01 5917890                    /usr/lib/jvm/java-7-openjdk-amd64/jre/lib/amd64/server/libjvm.so
7f76567e3000-7f7656806000 rw-p 00bbe000 08:01 5917890                    /usr/lib/jvm/java-7-openjdk-amd64/jre/lib/amd64/server/libjvm.so
7f7656806000-7f7656834000 rw-p 00000000 00:00 0 
7f7656834000-7f765684c000 r-xp 00000000 08:01 790555                     /lib/x86_64-linux-gnu/libz.so.1.2.8
7f765684c000-7f7656a4b000 ---p 00018000 08:01 790555                     /lib/x86_64-linux-gnu/libz.so.1.2.8
7f7656a4b000-7f7656a4c000 r--p 00017000 08:01 790555                     /lib/x86_64-linux-gnu/libz.so.1.2.8
7f7656a4c000-7f7656a4d000 rw-p 00018000 08:01 790555                     /lib/x86_64-linux-gnu/libz.so.1.2.8
7f7656a4d000-7f7656a66000 r-xp 00000000 08:01 786635                     /lib/x86_64-linux-gnu/libpthread-2.19.so
7f7656a66000-7f7656c65000 ---p 00019000 08:01 786635                     /lib/x86_64-linux-gnu/libpthread-2.19.so
7f7656c65000-7f7656c66000 r--p 00018000 08:01 786635                     /lib/x86_64-linux-gnu/libpthread-2.19.so
7f7656c66000-7f7656c67000 rw-p 00019000 08:01 786635                     /lib/x86_64-linux-gnu/libpthread-2.19.so
7f7656c67000-7f7656c6b000 rw-p 00000000 00:00 0 
7f7656c6b000-7f7656c6e000 r-xp 00000000 08:01 786630                     /lib/x86_64-linux-gnu/libdl-2.19.so
7f7656c6e000-7f7656e6d000 ---p 00003000 08:01 786630                     /lib/x86_64-linux-gnu/libdl-2.19.so
7f7656e6d000-7f7656e6e000 r--p 00002000 08:01 786630                     /lib/x86_64-linux-gnu/libdl-2.19.so
7f7656e6e000-7f7656e6f000 rw-p 00003000 08:01 786630                     /lib/x86_64-linux-gnu/libdl-2.19.so
7f7656e6f000-7f765702a000 r-xp 00000000 08:01 786643                     /lib/x86_64-linux-gnu/libc-2.19.so
7f765702a000-7f7657229000 ---p 001bb000 08:01 786643                     /lib/x86_64-linux-gnu/libc-2.19.so
7f7657229000-7f765722d000 r--p 001ba000 08:01 786643                     /lib/x86_64-linux-gnu/libc-2.19.so
7f765722d000-7f765722f000 rw-p 001be000 08:01 786643                     /lib/x86_64-linux-gnu/libc-2.19.so
7f765722f000-7f7657234000 rw-p 00000000 00:00 0 
7f7657234000-7f7657241000 r-xp 00000000 08:01 5917907                    /usr/lib/jvm/java-7-openjdk-amd64/jre/lib/amd64/jli/libjli.so
7f7657241000-7f7657440000 ---p 0000d000 08:01 5917907                    /usr/lib/jvm/java-7-openjdk-amd64/jre/lib/amd64/jli/libjli.so
7f7657440000-7f7657441000 r--p 0000c000 08:01 5917907                    /usr/lib/jvm/java-7-openjdk-amd64/jre/lib/amd64/jli/libjli.so
7f7657441000-7f7657442000 rw-p 0000d000 08:01 5917907                    /usr/lib/jvm/java-7-openjdk-amd64/jre/lib/amd64/jli/libjli.so
7f7657442000-7f7657465000 r-xp 00000000 08:01 786636                     /lib/x86_64-linux-gnu/ld-2.19.so
7f7657467000-7f765746b000 r--s 00034000 08:01 5917930                    /usr/lib/jvm/java-7-openjdk-amd64/jre/lib/ext/sunjce_provider.jar
7f765746b000-7f7657494000 rw-p 00000000 00:00 0 
7f7657494000-7f7657543000 rw-p 00000000 00:00 0 
7f7657543000-7f7657546000 ---p 00000000 00:00 0 
7f7657546000-7f7657649000 rw-p 00000000 00:00 0                          [stack:7155]
7f765764a000-7f765764b000 rw-p 00000000 00:00 0 
7f765764b000-7f765764d000 r--s 00012000 08:01 5917929                    /usr/lib/jvm/java-7-openjdk-amd64/jre/lib/ext/zipfs.jar
7f765764d000-7f765764f000 r--s 00006000 08:01 5118243                    /usr/share/java/java-atk-wrapper.jar
7f765764f000-7f7657653000 r--s 0003c000 08:01 5917933                    /usr/lib/jvm/java-7-openjdk-amd64/jre/lib/ext/sunpkcs11.jar
7f7657653000-7f7657657000 r--s 00085000 08:01 5917932                    /usr/lib/jvm/java-7-openjdk-amd64/jre/lib/ext/localedata.jar
7f7657657000-7f7657658000 r--s 00002000 08:01 5917928                    /usr/lib/jvm/java-7-openjdk-amd64/jre/lib/ext/dnsns.jar
7f7657658000-7f7657660000 rw-s 00000000 08:01 131985                     /tmp/hsperfdata_raihan/7150
7f7657660000-7f7657661000 rw-p 00000000 00:00 0 
7f7657661000-7f7657662000 ---p 00000000 00:00 0 
7f7657662000-7f7657664000 rw-p 00000000 00:00 0 
7f7657664000-7f7657665000 r--p 00022000 08:01 786636                     /lib/x86_64-linux-gnu/ld-2.19.so
7f7657665000-7f7657666000 rw-p 00023000 08:01 786636                     /lib/x86_64-linux-gnu/ld-2.19.so
7f7657666000-7f7657667000 rw-p 00000000 00:00 0 
7fff2ea46000-7fff2ea67000 rw-p 00000000 00:00 0                          [stack]
7fff2eb73000-7fff2eb75000 r-xp 00000000 00:00 0                          [vdso]
ffffffffff600000-ffffffffff601000 r-xp 00000000 00:00 0                  [vsyscall]

VM Arguments:
jvm_args: -Xmx1024M -Dfile.encoding=UTF-8 -Duser.country=US -Duser.language=en -Duser.variant 
java_command: com.android.dx.command.Main --dex --multi-dex --main-dex-list /home/raihan/OpenSrpWorkSpace/opensrp-client/opensrp-mcare/build/intermediates/multi-dex/debug/maindexlist.txt --output /home/raihan/OpenSrpWorkSpace/opensrp-client/opensrp-mcare/build/intermediates/dex/debug /home/raihan/OpenSrpWorkSpace/opensrp-client/opensrp-mcare/build/intermediates/multi-dex/debug/allclasses.jar
Launcher Type: SUN_STANDARD

Environment Variables:
PATH=/usr/local/sbin:/usr/local/bin:/usr/sbin:/usr/bin:/sbin:/bin:/usr/games:/usr/local/games
SHELL=/bin/bash
DISPLAY=:0

Signal Handlers:
SIGSEGV: [libjvm.so+0x9548f0], sa_mask[0]=0x7ffbfeff, sa_flags=0x10000004
SIGBUS: [libjvm.so+0x9548f0], sa_mask[0]=0x7ffbfeff, sa_flags=0x10000004
SIGFPE: [libjvm.so+0x7cb0b0], sa_mask[0]=0x7ffbfeff, sa_flags=0x10000004
SIGPIPE: [libjvm.so+0x7cb0b0], sa_mask[0]=0x7ffbfeff, sa_flags=0x10000004
SIGXFSZ: [libjvm.so+0x7cb0b0], sa_mask[0]=0x7ffbfeff, sa_flags=0x10000004
SIGILL: [libjvm.so+0x7cb0b0], sa_mask[0]=0x7ffbfeff, sa_flags=0x10000004
SIGUSR1: SIG_DFL, sa_mask[0]=0x00000000, sa_flags=0x00000000
SIGUSR2: [libjvm.so+0x7caf50], sa_mask[0]=0x00000004, sa_flags=0x10000004
SIGHUP: [libjvm.so+0x7cb130], sa_mask[0]=0x7ffbfeff, sa_flags=0x10000004
SIGINT: [libjvm.so+0x7cb130], sa_mask[0]=0x7ffbfeff, sa_flags=0x10000004
SIGTERM: [libjvm.so+0x7cb130], sa_mask[0]=0x7ffbfeff, sa_flags=0x10000004
SIGQUIT: [libjvm.so+0x7cb130], sa_mask[0]=0x7ffbfeff, sa_flags=0x10000004
SIGTRAP: SIG_DFL, sa_mask[0]=0x00000000, sa_flags=0x00000000


---------------  S Y S T E M  ---------------

OS:Ubuntu 14.04 (trusty)
uname:Linux 3.13.0-24-generic #46-Ubuntu SMP Thu Apr 10 19:11:08 UTC 2014 x86_64
libc:glibc 2.19 NPTL 2.19 
rlimit: STACK 8192k, CORE 0k, NPROC 30570, NOFILE 4096, AS infinity
load average:2.10 1.28 1.26

/proc/meminfo:
MemTotal:        3934516 kB
MemFree:          122972 kB
Buffers:            1500 kB
Cached:           318300 kB
SwapCached:        12948 kB
Active:          2732568 kB
Inactive:         777316 kB
Active(anon):    2730528 kB
Inactive(anon):   756604 kB
Active(file):       2040 kB
Inactive(file):    20712 kB
Unevictable:          68 kB
Mlocked:              68 kB
SwapTotal:       4080636 kB
SwapFree:            276 kB
Dirty:               200 kB
Writeback:             0 kB
AnonPages:       3179184 kB
Mapped:            15208 kB
Shmem:            296712 kB
Slab:             101616 kB
SReclaimable:      45124 kB
SUnreclaim:        56492 kB
KernelStack:        6656 kB
PageTables:        89360 kB
NFS_Unstable:          0 kB
Bounce:                0 kB
WritebackTmp:          0 kB
CommitLimit:     6047892 kB
Committed_AS:   24372848 kB
VmallocTotal:   34359738367 kB
VmallocUsed:      551508 kB
VmallocChunk:   34359115072 kB
HardwareCorrupted:     0 kB
AnonHugePages:    196608 kB
HugePages_Total:       0
HugePages_Free:        0
HugePages_Rsvd:        0
HugePages_Surp:        0
Hugepagesize:       2048 kB
DirectMap4k:       83456 kB
DirectMap2M:     2951168 kB
DirectMap1G:     1048576 kB


CPU:total 4 (2 cores per cpu, 2 threads per core) family 6 model 61 stepping 4, cmov, cx8, fxsr, mmx, sse, sse2, sse3, ssse3, sse4.1, sse4.2, popcnt, avx, avx2, aes, erms, ht, tsc, tscinvbit

/proc/cpuinfo:
processor	: 0
vendor_id	: GenuineIntel
cpu family	: 6
model		: 61
model name	: Intel(R) Core(TM) i5-5200U CPU @ 2.20GHz
stepping	: 4
microcode	: 0x1f
cpu MHz		: 1800.000
cache size	: 3072 KB
physical id	: 0
siblings	: 4
core id		: 0
cpu cores	: 2
apicid		: 0
initial apicid	: 0
fpu		: yes
fpu_exception	: yes
cpuid level	: 20
wp		: yes
flags		: fpu vme de pse tsc msr pae mce cx8 apic sep mtrr pge mca cmov pat pse36 clflush dts acpi mmx fxsr sse sse2 ss ht tm pbe syscall nx pdpe1gb rdtscp lm constant_tsc arch_perfmon pebs bts rep_good nopl xtopology nonstop_tsc aperfmperf eagerfpu pni pclmulqdq dtes64 monitor ds_cpl vmx est tm2 ssse3 fma cx16 xtpr pdcm pcid sse4_1 sse4_2 x2apic movbe popcnt tsc_deadline_timer aes xsave avx f16c rdrand lahf_lm abm 3dnowprefetch ida arat epb xsaveopt pln pts dtherm tpr_shadow vnmi flexpriority ept vpid fsgsbase tsc_adjust bmi1 avx2 smep bmi2 erms invpcid rdseed adx smap
bogomips	: 4389.62
clflush size	: 64
cache_alignment	: 64
address sizes	: 39 bits physical, 48 bits virtual
power management:

processor	: 1
vendor_id	: GenuineIntel
cpu family	: 6
model		: 61
model name	: Intel(R) Core(TM) i5-5200U CPU @ 2.20GHz
stepping	: 4
microcode	: 0x1f
cpu MHz		: 2201.000
cache size	: 3072 KB
physical id	: 0
siblings	: 4
core id		: 0
cpu cores	: 2
apicid		: 1
initial apicid	: 1
fpu		: yes
fpu_exception	: yes
cpuid level	: 20
wp		: yes
flags		: fpu vme de pse tsc msr pae mce cx8 apic sep mtrr pge mca cmov pat pse36 clflush dts acpi mmx fxsr sse sse2 ss ht tm pbe syscall nx pdpe1gb rdtscp lm constant_tsc arch_perfmon pebs bts rep_good nopl xtopology nonstop_tsc aperfmperf eagerfpu pni pclmulqdq dtes64 monitor ds_cpl vmx est tm2 ssse3 fma cx16 xtpr pdcm pcid sse4_1 sse4_2 x2apic movbe popcnt tsc_deadline_timer aes xsave avx f16c rdrand lahf_lm abm 3dnowprefetch ida arat epb xsaveopt pln pts dtherm tpr_shadow vnmi flexpriority ept vpid fsgsbase tsc_adjust bmi1 avx2 smep bmi2 erms invpcid rdseed adx smap
bogomips	: 4389.62
clflush size	: 64
cache_alignment	: 64
address sizes	: 39 bits physical, 48 bits virtual
power management:

processor	: 2
vendor_id	: GenuineIntel
cpu family	: 6
model		: 61
model name	: Intel(R) Core(TM) i5-5200U CPU @ 2.20GHz
stepping	: 4
microcode	: 0x1f
cpu MHz		: 2201.000
cache size	: 3072 KB
physical id	: 0
siblings	: 4
core id		: 1
cpu cores	: 2
apicid		: 2
initial apicid	: 2
fpu		: yes
fpu_exception	: yes
cpuid level	: 20
wp		: yes
flags		: fpu vme de pse tsc msr pae mce cx8 apic sep mtrr pge mca cmov pat pse36 clflush dts acpi mmx fxsr sse sse2 ss ht tm pbe syscall nx pdpe1gb rdtscp lm constant_tsc arch_perfmon pebs bts rep_good nopl xtopology nonstop_tsc aperfmperf eagerfpu pni pclmulqdq dtes64 monitor ds_cpl vmx est tm2 ssse3 fma cx16 xtpr pdcm pcid sse4_1 sse4_2 x2apic movbe popcnt tsc_deadline_timer aes xsave avx f16c rdrand lahf_lm abm 3dnowprefetch ida arat epb xsaveopt pln pts dtherm tpr_shadow vnmi flexpriority ept vpid fsgsbase tsc_adjust bmi1 avx2 smep bmi2 erms invpcid rdseed adx smap
bogomips	: 4389.62
clflush size	: 64
cache_alignment	: 64
address sizes	: 39 bits physical, 48 bits virtual
power management:

processor	: 3
vendor_id	: GenuineIntel
cpu family	: 6
model		: 61
model name	: Intel(R) Core(TM) i5-5200U CPU @ 2.20GHz
stepping	: 4
microcode	: 0x1f
cpu MHz		: 1500.000
cache size	: 3072 KB
physical id	: 0
siblings	: 4
core id		: 1
cpu cores	: 2
apicid		: 3
initial apicid	: 3
fpu		: yes
fpu_exception	: yes
cpuid level	: 20
wp		: yes
flags		: fpu vme de pse tsc msr pae mce cx8 apic sep mtrr pge mca cmov pat pse36 clflush dts acpi mmx fxsr sse sse2 ss ht tm pbe syscall nx pdpe1gb rdtscp lm constant_tsc arch_perfmon pebs bts rep_good nopl xtopology nonstop_tsc aperfmperf eagerfpu pni pclmulqdq dtes64 monitor ds_cpl vmx est tm2 ssse3 fma cx16 xtpr pdcm pcid sse4_1 sse4_2 x2apic movbe popcnt tsc_deadline_timer aes xsave avx f16c rdrand lahf_lm abm 3dnowprefetch ida arat epb xsaveopt pln pts dtherm tpr_shadow vnmi flexpriority ept vpid fsgsbase tsc_adjust bmi1 avx2 smep bmi2 erms invpcid rdseed adx smap
bogomips	: 4389.62
clflush size	: 64
cache_alignment	: 64
address sizes	: 39 bits physical, 48 bits virtual
power management:



Memory: 4k page, physical 3934516k(122972k free), swap 4080636k(276k free)

vm_info: OpenJDK 64-Bit Server VM (24.95-b01) for linux-amd64 JRE (1.7.0_95-b00), built on Mar 24 2016 06:13:32 by "buildd" with gcc 4.8.2

time: Mon Aug  8 13:36:47 2016
elapsed time: 17 seconds

