#
# There is insufficient memory for the Java Runtime Environment to continue.
# Native memory allocation (malloc) failed to allocate 186122240 bytes for committing reserved memory.
# Possible reasons:
#   The system is out of physical RAM or swap space
#   In 32 bit mode, the process size limit was hit
# Possible solutions:
#   Reduce memory load on the system
#   Increase physical memory or swap space
#   Check if swap backing store is full
#   Use 64 bit Java on a 64 bit OS
#   Decrease Java heap size (-Xmx/-Xms)
#   Decrease number of Java threads
#   Decrease Java thread stack sizes (-Xss)
#   Set larger code cache with -XX:ReservedCodeCacheSize=
# This output file may be truncated or incomplete.
#
#  Out of Memory Error (os_linux.cpp:2827), pid=11898, tid=140461606364928
#
# JRE version: OpenJDK Runtime Environment (7.0_95) (build 1.7.0_95-b00)
# Java VM: OpenJDK 64-Bit Server VM (24.95-b01 mixed mode linux-amd64 compressed oops)
# Derivative: IcedTea 2.6.4
# Distribution: Ubuntu 14.04 LTS, package 7u95-2.6.4-0ubuntu0.14.04.2
# Failed to write core dump. Core dumps have been disabled. To enable core dumping, try "ulimit -c unlimited" before starting Java again
#

---------------  T H R E A D  ---------------

Current thread (0x00007fbfc8076000):  VMThread [stack: 0x00007fbfc416e000,0x00007fbfc426f000] [id=11907]

Stack: [0x00007fbfc416e000,0x00007fbfc426f000],  sp=0x00007fbfc426d490,  free space=1021k
Native frames: (J=compiled Java code, j=interpreted, Vv=VM code, C=native code)
V  [libjvm.so+0x953e15]
V  [libjvm.so+0x48fd94]
V  [libjvm.so+0x7cf87b]
V  [libjvm.so+0x7ca33f]
V  [libjvm.so+0x83dacb]
V  [libjvm.so+0x82d86b]
V  [libjvm.so+0x82da2b]
V  [libjvm.so+0x82e958]
V  [libjvm.so+0x8355b4]
V  [libjvm.so+0x83bc0d]
V  [libjvm.so+0x7f2083]
V  [libjvm.so+0x955814]
V  [libjvm.so+0x959917]
V  [libjvm.so+0x9583d8]
V  [libjvm.so+0x958839]
V  [libjvm.so+0x958c82]
V  [libjvm.so+0x7cc742]

VM_Operation (0x00007fbfd0447e50): ParallelGCFailedAllocation, mode: safepoint, requested by thread 0x00007fbfc800a800


---------------  P R O C E S S  ---------------

Java Threads: ( => current thread )
  0x00007fbfc80af800 JavaThread "Service Thread" daemon [_thread_blocked, id=11913, stack(0x00007fbfbcea8000,0x00007fbfbcfa9000)]
  0x00007fbfc80ad000 JavaThread "C2 CompilerThread1" daemon [_thread_blocked, id=11912, stack(0x00007fbfbcfa9000,0x00007fbfbd0aa000)]
  0x00007fbfc80aa000 JavaThread "C2 CompilerThread0" daemon [_thread_blocked, id=11911, stack(0x00007fbfbd0aa000,0x00007fbfbd1ab000)]
  0x00007fbfc80a8000 JavaThread "Signal Dispatcher" daemon [_thread_blocked, id=11910, stack(0x00007fbfbd1ab000,0x00007fbfbd2ac000)]
  0x00007fbfc807c000 JavaThread "Finalizer" daemon [_thread_blocked, id=11909, stack(0x00007fbfbd9cf000,0x00007fbfbdad0000)]
  0x00007fbfc807a000 JavaThread "Reference Handler" daemon [_thread_blocked, id=11908, stack(0x00007fbfc406d000,0x00007fbfc416e000)]
  0x00007fbfc800a800 JavaThread "main" [_thread_blocked, id=11902, stack(0x00007fbfd0349000,0x00007fbfd044a000)]

Other Threads:
=>0x00007fbfc8076000 VMThread [stack: 0x00007fbfc416e000,0x00007fbfc426f000] [id=11907]
  0x00007fbfc80ba000 WatcherThread [stack: 0x00007fbfbcda7000,0x00007fbfbcea8000] [id=11914]

VM state:at safepoint (normal execution)

VM Mutex/Monitor currently owned by a thread:  ([mutex/lock_event])
[0x00007fbfc80062e0] ExpandHeap_lock - owner thread: 0x00007fbfc8076000
[0x00007fbfc8006960] Threads_lock - owner thread: 0x00007fbfc8076000
[0x00007fbfc8006e60] Heap_lock - owner thread: 0x00007fbfc800a800

Heap
 PSYoungGen      total 230400K, used 0K [0x00000000eaa80000, 0x00000000ffd00000, 0x0000000100000000)
  eden space 117248K, 0% used [0x00000000eaa80000,0x00000000eaa80000,0x00000000f1d00000)
  from space 113152K, 0% used [0x00000000f8e80000,0x00000000f8e80000,0x00000000ffd00000)
  to   space 114688K, 0% used [0x00000000f1d00000,0x00000000f1d00000,0x00000000f8d00000)
 ParOldGen       total 475648K, used 471521K [0x00000000c0000000, 0x00000000dd080000, 0x00000000eaa80000)
  object space 475648K, 99% used [0x00000000c0000000,0x00000000dcc78780,0x00000000dd080000)
 PSPermGen       total 21504K, used 6204K [0x00000000b5a00000, 0x00000000b6f00000, 0x00000000c0000000)
  object space 21504K, 28% used [0x00000000b5a00000,0x00000000b600f290,0x00000000b6f00000)

Card table byte_map: [0x00007fbfccd2a000,0x00007fbfccf7e000] byte_map_base: 0x00007fbfcc77d000

Polling page: 0x00007fbfd0467000

Code Cache  [0x00007fbfc5000000, 0x00007fbfc5430000, 0x00007fbfc8000000)
 total_blobs=1304 nmethods=1076 adapters=181 free_code_cache=45023Kb largest_free_block=45942592

Compilation events (10 events):
Event: 24.785 Thread 0x00007fbfc80aa000 1166             com.android.dx.rop.cst.CstDouble::getType (4 bytes)
Event: 24.785 Thread 0x00007fbfc80aa000 nmethod 1166 0x00007fbfc53fedd0 code [0x00007fbfc53fef00, 0x00007fbfc53fef58]
Event: 24.851 Thread 0x00007fbfc80ad000 1167   !         com.android.dx.cf.code.BytecodeArray::parseInstruction (2764 bytes)
Event: 25.001 Thread 0x00007fbfc80aa000 1168             com.android.dx.ssa.back.FirstFitLocalCombiningAllocator::fitPlanForRange (250 bytes)
Event: 25.037 Thread 0x00007fbfc80aa000 nmethod 1168 0x00007fbfc5352050 code [0x00007fbfc53522a0, 0x00007fbfc5353170]
Event: 25.079 Thread 0x00007fbfc80aa000 1169             java.util.zip.Inflater::ensureOpen (47 bytes)
Event: 25.080 Thread 0x00007fbfc80aa000 nmethod 1169 0x00007fbfc5333690 code [0x00007fbfc53337e0, 0x00007fbfc5333878]
Event: 25.085 Thread 0x00007fbfc80aa000 1170             java.lang.ref.Reference::<init> (25 bytes)
Event: 25.086 Thread 0x00007fbfc80aa000 nmethod 1170 0x00007fbfc533a050 code [0x00007fbfc533a180, 0x00007fbfc533a218]
Event: 25.153 Thread 0x00007fbfc80ad000 nmethod 1167 0x00007fbfc541ee50 code [0x00007fbfc5420600, 0x00007fbfc5427160]

GC Heap History (10 events):
Event: 23.537 GC heap after
Heap after GC invocations=26 (full 4):
 PSYoungGen      total 224768K, used 98357K [0x00000000eaa80000, 0x0000000100000000, 0x0000000100000000)
  eden space 117248K, 0% used [0x00000000eaa80000,0x00000000eaa80000,0x00000000f1d00000)
  from space 107520K, 91% used [0x00000000f9700000,0x00000000ff70d5f8,0x0000000100000000)
  to   space 116224K, 0% used [0x00000000f1d00000,0x00000000f1d00000,0x00000000f8e80000)
 ParOldGen       total 475648K, used 312064K [0x00000000c0000000, 0x00000000dd080000, 0x00000000eaa80000)
  object space 475648K, 65% used [0x00000000c0000000,0x00000000d30c0000,0x00000000dd080000)
 PSPermGen       total 21504K, used 6201K [0x00000000b5a00000, 0x00000000b6f00000, 0x00000000c0000000)
  object space 21504K, 28% used [0x00000000b5a00000,0x00000000b600e448,0x00000000b6f00000)
}
Event: 23.844 GC heap before
{Heap before GC invocations=27 (full 4):
 PSYoungGen      total 224768K, used 215605K [0x00000000eaa80000, 0x0000000100000000, 0x0000000100000000)
  eden space 117248K, 100% used [0x00000000eaa80000,0x00000000f1d00000,0x00000000f1d00000)
  from space 107520K, 91% used [0x00000000f9700000,0x00000000ff70d5f8,0x0000000100000000)
  to   space 116224K, 0% used [0x00000000f1d00000,0x00000000f1d00000,0x00000000f8e80000)
 ParOldGen       total 475648K, used 312064K [0x00000000c0000000, 0x00000000dd080000, 0x00000000eaa80000)
  object space 475648K, 65% used [0x00000000c0000000,0x00000000d30c0000,0x00000000dd080000)
 PSPermGen       total 21504K, used 6202K [0x00000000b5a00000, 0x00000000b6f00000, 0x00000000c0000000)
  object space 21504K, 28% used [0x00000000b5a00000,0x00000000b600e970,0x00000000b6f00000)
Event: 23.975 GC heap after
Heap after GC invocations=27 (full 4):
 PSYoungGen      total 233472K, used 78907K [0x00000000eaa80000, 0x0000000100000000, 0x0000000100000000)
  eden space 117248K, 0% used [0x00000000eaa80000,0x00000000eaa80000,0x00000000f1d00000)
  from space 116224K, 67% used [0x00000000f1d00000,0x00000000f6a0ec00,0x00000000f8e80000)
  to   space 116224K, 0% used [0x00000000f8e80000,0x00000000f8e80000,0x0000000100000000)
 ParOldGen       total 475648K, used 346886K [0x00000000c0000000, 0x00000000dd080000, 0x00000000eaa80000)
  object space 475648K, 72% used [0x00000000c0000000,0x00000000d52c18d8,0x00000000dd080000)
 PSPermGen       total 21504K, used 6202K [0x00000000b5a00000, 0x00000000b6f00000, 0x00000000c0000000)
  object space 21504K, 28% used [0x00000000b5a00000,0x00000000b600e970,0x00000000b6f00000)
}
Event: 24.326 GC heap before
{Heap before GC invocations=28 (full 4):
 PSYoungGen      total 233472K, used 196155K [0x00000000eaa80000, 0x0000000100000000, 0x0000000100000000)
  eden space 117248K, 100% used [0x00000000eaa80000,0x00000000f1d00000,0x00000000f1d00000)
  from space 116224K, 67% used [0x00000000f1d00000,0x00000000f6a0ec00,0x00000000f8e80000)
  to   space 116224K, 0% used [0x00000000f8e80000,0x00000000f8e80000,0x0000000100000000)
 ParOldGen       total 475648K, used 346886K [0x00000000c0000000, 0x00000000dd080000, 0x00000000eaa80000)
  object space 475648K, 72% used [0x00000000c0000000,0x00000000d52c18d8,0x00000000dd080000)
 PSPermGen       total 21504K, used 6203K [0x00000000b5a00000, 0x00000000b6f00000, 0x00000000c0000000)
  object space 21504K, 28% used [0x00000000b5a00000,0x00000000b600ece8,0x00000000b6f00000)
Event: 24.515 GC heap after
Heap after GC invocations=28 (full 4):
 PSYoungGen      total 233472K, used 56500K [0x00000000eaa80000, 0x0000000100000000, 0x0000000100000000)
  eden space 117248K, 0% used [0x00000000eaa80000,0x00000000eaa80000,0x00000000f1d00000)
  from space 116224K, 48% used [0x00000000f8e80000,0x00000000fc5ad098,0x0000000100000000)
  to   space 116224K, 0% used [0x00000000f1d00000,0x00000000f1d00000,0x00000000f8e80000)
 ParOldGen       total 475648K, used 385101K [0x00000000c0000000, 0x00000000dd080000, 0x00000000eaa80000)
  object space 475648K, 80% used [0x00000000c0000000,0x00000000d7813638,0x00000000dd080000)
 PSPermGen       total 21504K, used 6203K [0x00000000b5a00000, 0x00000000b6f00000, 0x00000000c0000000)
  object space 21504K, 28% used [0x00000000b5a00000,0x00000000b600ece8,0x00000000b6f00000)
}
Event: 24.856 GC heap before
{Heap before GC invocations=29 (full 4):
 PSYoungGen      total 233472K, used 173748K [0x00000000eaa80000, 0x0000000100000000, 0x0000000100000000)
  eden space 117248K, 100% used [0x00000000eaa80000,0x00000000f1d00000,0x00000000f1d00000)
  from space 116224K, 48% used [0x00000000f8e80000,0x00000000fc5ad098,0x0000000100000000)
  to   space 116224K, 0% used [0x00000000f1d00000,0x00000000f1d00000,0x00000000f8e80000)
 ParOldGen       total 475648K, used 385101K [0x00000000c0000000, 0x00000000dd080000, 0x00000000eaa80000)
  object space 475648K, 80% used [0x00000000c0000000,0x00000000d7813638,0x00000000dd080000)
 PSPermGen       total 21504K, used 6204K [0x00000000b5a00000, 0x00000000b6f00000, 0x00000000c0000000)
  object space 21504K, 28% used [0x00000000b5a00000,0x00000000b600f3b0,0x00000000b6f00000)
Event: 24.936 GC heap after
Heap after GC invocations=29 (full 4):
 PSYoungGen      total 233472K, used 47712K [0x00000000eaa80000, 0x0000000100000000, 0x0000000100000000)
  eden space 117248K, 0% used [0x00000000eaa80000,0x00000000eaa80000,0x00000000f1d00000)
  from space 116224K, 41% used [0x00000000f1d00000,0x00000000f4b98158,0x00000000f8e80000)
  to   space 116224K, 0% used [0x00000000f8e80000,0x00000000f8e80000,0x0000000100000000)
 ParOldGen       total 475648K, used 410425K [0x00000000c0000000, 0x00000000dd080000, 0x00000000eaa80000)
  object space 475648K, 86% used [0x00000000c0000000,0x00000000d90ce690,0x00000000dd080000)
 PSPermGen       total 21504K, used 6204K [0x00000000b5a00000, 0x00000000b6f00000, 0x00000000c0000000)
  object space 21504K, 28% used [0x00000000b5a00000,0x00000000b600f3b0,0x00000000b6f00000)
}
Event: 25.276 GC heap before
{Heap before GC invocations=30 (full 4):
 PSYoungGen      total 233472K, used 164960K [0x00000000eaa80000, 0x0000000100000000, 0x0000000100000000)
  eden space 117248K, 100% used [0x00000000eaa80000,0x00000000f1d00000,0x00000000f1d00000)
  from space 116224K, 41% used [0x00000000f1d00000,0x00000000f4b98158,0x00000000f8e80000)
  to   space 116224K, 0% used [0x00000000f8e80000,0x00000000f8e80000,0x0000000100000000)
 ParOldGen       total 475648K, used 410425K [0x00000000c0000000, 0x00000000dd080000, 0x00000000eaa80000)
  object space 475648K, 86% used [0x00000000c0000000,0x00000000d90ce690,0x00000000dd080000)
 PSPermGen       total 21504K, used 6204K [0x00000000b5a00000, 0x00000000b6f00000, 0x00000000c0000000)
  object space 21504K, 28% used [0x00000000b5a00000,0x00000000b600f3b0,0x00000000b6f00000)
Event: 25.362 GC heap after
Heap after GC invocations=30 (full 4):
 PSYoungGen      total 230400K, used 31555K [0x00000000eaa80000, 0x00000000ffd00000, 0x0000000100000000)
  eden space 117248K, 0% used [0x00000000eaa80000,0x00000000eaa80000,0x00000000f1d00000)
  from space 113152K, 27% used [0x00000000f8e80000,0x00000000fad50fb0,0x00000000ffd00000)
  to   space 114688K, 0% used [0x00000000f1d00000,0x00000000f1d00000,0x00000000f8d00000)
 ParOldGen       total 475648K, used 441589K [0x00000000c0000000, 0x00000000dd080000, 0x00000000eaa80000)
  object space 475648K, 92% used [0x00000000c0000000,0x00000000daf3d640,0x00000000dd080000)
 PSPermGen       total 21504K, used 6204K [0x00000000b5a00000, 0x00000000b6f00000, 0x00000000c0000000)
  object space 21504K, 28% used [0x00000000b5a00000,0x00000000b600f3b0,0x00000000b6f00000)
}
Event: 25.362 GC heap before
{Heap before GC invocations=31 (full 5):
 PSYoungGen      total 230400K, used 31555K [0x00000000eaa80000, 0x00000000ffd00000, 0x0000000100000000)
  eden space 117248K, 0% used [0x00000000eaa80000,0x00000000eaa80000,0x00000000f1d00000)
  from space 113152K, 27% used [0x00000000f8e80000,0x00000000fad50fb0,0x00000000ffd00000)
  to   space 114688K, 0% used [0x00000000f1d00000,0x00000000f1d00000,0x00000000f8d00000)
 ParOldGen       total 475648K, used 441589K [0x00000000c0000000, 0x00000000dd080000, 0x00000000eaa80000)
  object space 475648K, 92% used [0x00000000c0000000,0x00000000daf3d640,0x00000000dd080000)
 PSPermGen       total 21504K, used 6204K [0x00000000b5a00000, 0x00000000b6f00000, 0x00000000c0000000)
  object space 21504K, 28% used [0x00000000b5a00000,0x00000000b600f3b0,0x00000000b6f00000)

Deoptimization events (10 events):
Event: 22.710 Thread 0x00007fbfc800a800 Uncommon trap: reason=bimorphic action=maybe_recompile pc=0x00007fbfc53e088c method=com.android.dx.cf.code.BytecodeArray.parseInstruction(ILcom/android/dx/cf/code/BytecodeArray$Visitor;)I @ 1099
Event: 23.082 Thread 0x00007fbfc800a800 Uncommon trap: reason=unstable_if action=reinterpret pc=0x00007fbfc5241644 method=java.util.BitSet.nextClearBit(I)I @ 70
Event: 23.082 Thread 0x00007fbfc800a800 Uncommon trap: reason=unstable_if action=reinterpret pc=0x00007fbfc522f748 method=java.util.BitSet.nextClearBit(I)I @ 70
Event: 23.083 Thread 0x00007fbfc800a800 Uncommon trap: reason=unstable_if action=reinterpret pc=0x00007fbfc52be158 method=java.util.BitSet.nextClearBit(I)I @ 70
Event: 23.085 Thread 0x00007fbfc800a800 Uncommon trap: reason=unstable_if action=reinterpret pc=0x00007fbfc511fbb4 method=java.util.BitSet.nextClearBit(I)I @ 70
Event: 23.085 Thread 0x00007fbfc800a800 Uncommon trap: reason=unstable_if action=reinterpret pc=0x00007fbfc52945fc method=java.util.BitSet.nextClearBit(I)I @ 70
Event: 23.087 Thread 0x00007fbfc800a800 Uncommon trap: reason=unstable_if action=reinterpret pc=0x00007fbfc52d3648 method=java.util.BitSet.nextClearBit(I)I @ 70
Event: 24.154 Thread 0x00007fbfc800a800 Uncommon trap: reason=unstable_if action=reinterpret pc=0x00007fbfc53c6f10 method=com.android.dx.cf.code.Ropper.processBlock(Lcom/android/dx/cf/code/ByteBlock;Lcom/android/dx/cf/code/Frame;[I)V @ 651
Event: 24.846 Thread 0x00007fbfc800a800 Uncommon trap: reason=bimorphic action=maybe_recompile pc=0x00007fbfc5405710 method=com.android.dx.cf.code.BytecodeArray.parseInstruction(ILcom/android/dx/cf/code/BytecodeArray$Visitor;)I @ 1447
Event: 24.846 Thread 0x00007fbfc800a800 Uncommon trap: reason=bimorphic action=maybe_recompile pc=0x00007fbfc5405710 method=com.android.dx.cf.code.BytecodeArray.parseInstruction(ILcom/android/dx/cf/code/BytecodeArray$Visitor;)I @ 1447

Internal exceptions (10 events):
Event: 9.758 Thread 0x00007fbfc800a800 Implicit null exception at 0x00007fbfc50b0cb1 to 0x00007fbfc50b1359
Event: 9.759 Thread 0x00007fbfc800a800 Implicit null exception at 0x00007fbfc5137bd1 to 0x00007fbfc5137db1
Event: 9.759 Thread 0x00007fbfc800a800 Implicit null exception at 0x00007fbfc51811b8 to 0x00007fbfc51825e9
Event: 9.759 Thread 0x00007fbfc800a800 Implicit null exception at 0x00007fbfc52058c8 to 0x00007fbfc5205aad
Event: 9.759 Thread 0x00007fbfc800a800 Implicit null exception at 0x00007fbfc50ebb14 to 0x00007fbfc50ebcdd
Event: 9.760 Thread 0x00007fbfc800a800 Implicit null exception at 0x00007fbfc50bab78 to 0x00007fbfc50baccd
Event: 12.881 Thread 0x00007fbfc800a800 Threw 0x00000000f2bc6a08 at /build/openjdk-7-HVzwJZ/openjdk-7-7u95-2.6.4/build/openjdk/hotspot/src/share/vm/prims/jvm.cpp:1322
Event: 13.636 Thread 0x00007fbfc800a800 Threw 0x00000000ed5f0158 at /build/openjdk-7-HVzwJZ/openjdk-7-7u95-2.6.4/build/openjdk/hotspot/src/share/vm/prims/jvm.cpp:1322
Event: 17.365 Thread 0x00007fbfc800a800 Threw 0x00000000f68acd00 at /build/openjdk-7-HVzwJZ/openjdk-7-7u95-2.6.4/build/openjdk/hotspot/src/share/vm/prims/jvm.cpp:1322
Event: 18.132 Thread 0x00007fbfc800a800 Implicit null exception at 0x00007fbfc53d44cf to 0x00007fbfc53d6225

Events (10 events):
Event: 24.846 Thread 0x00007fbfc800a800 Uncommon trap: trap_request=0xffffffc6 fr.pc=0x00007fbfc5405710
Event: 24.846 Thread 0x00007fbfc800a800 DEOPT PACKING pc=0x00007fbfc5405710 sp=0x00007fbfd0447ee0
Event: 24.846 Thread 0x00007fbfc800a800 DEOPT UNPACKING pc=0x00007fbfc5039445 sp=0x00007fbfd0447e90 mode 2
Event: 24.846 Thread 0x00007fbfc800a800 Uncommon trap: trap_request=0xffffffc6 fr.pc=0x00007fbfc5405710
Event: 24.846 Thread 0x00007fbfc800a800 DEOPT PACKING pc=0x00007fbfc5405710 sp=0x00007fbfd0447e10
Event: 24.846 Thread 0x00007fbfc800a800 DEOPT UNPACKING pc=0x00007fbfc5039445 sp=0x00007fbfd0447dc0 mode 2
Event: 24.856 Executing VM operation: ParallelGCFailedAllocation
Event: 24.936 Executing VM operation: ParallelGCFailedAllocation done
Event: 25.153 Thread 0x00007fbfc80ad000 flushing nmethod 0x00007fbfc50c3a50
Event: 25.275 Executing VM operation: ParallelGCFailedAllocation


Dynamic libraries:
00400000-00401000 r-xp 00000000 08:01 5508137                            /usr/lib/jvm/java-7-openjdk-amd64/jre/bin/java
00600000-00601000 r--p 00000000 08:01 5508137                            /usr/lib/jvm/java-7-openjdk-amd64/jre/bin/java
00601000-00602000 rw-p 00001000 08:01 5508137                            /usr/lib/jvm/java-7-openjdk-amd64/jre/bin/java
014e1000-01502000 rw-p 00000000 00:00 0                                  [heap]
b5a00000-b6f00000 rw-p 00000000 00:00 0 
b6f00000-c0000000 rw-p 00000000 00:00 0 
c0000000-dd080000 rw-p 00000000 00:00 0 
e8200000-eaa80000 rw-p 00000000 00:00 0 
eaa80000-ffd00000 rw-p 00000000 00:00 0 
ffd00000-100000000 ---p 00000000 00:00 0 
7fbf88000000-7fbf88021000 rw-p 00000000 00:00 0 
7fbf88021000-7fbf8c000000 ---p 00000000 00:00 0 
7fbf90000000-7fbf912c0000 rw-p 00000000 00:00 0 
7fbf912c0000-7fbf94000000 ---p 00000000 00:00 0 
7fbf94000000-7fbf94021000 rw-p 00000000 00:00 0 
7fbf94021000-7fbf98000000 ---p 00000000 00:00 0 
7fbf98000000-7fbf98021000 rw-p 00000000 00:00 0 
7fbf98021000-7fbf9c000000 ---p 00000000 00:00 0 
7fbf9c000000-7fbf9de1c000 rw-p 00000000 00:00 0 
7fbf9de1c000-7fbfa0000000 ---p 00000000 00:00 0 
7fbfa0000000-7fbfa0021000 rw-p 00000000 00:00 0 
7fbfa0021000-7fbfa4000000 ---p 00000000 00:00 0 
7fbfa4000000-7fbfa4021000 rw-p 00000000 00:00 0 
7fbfa4021000-7fbfa8000000 ---p 00000000 00:00 0 
7fbfa8000000-7fbfa8021000 rw-p 00000000 00:00 0 
7fbfa8021000-7fbfac000000 ---p 00000000 00:00 0 
7fbfac000000-7fbfac021000 rw-p 00000000 00:00 0 
7fbfac021000-7fbfb0000000 ---p 00000000 00:00 0 
7fbfb0000000-7fbfb0021000 rw-p 00000000 00:00 0 
7fbfb0021000-7fbfb4000000 ---p 00000000 00:00 0 
7fbfb7578000-7fbfb75b5000 r-xp 00000000 08:01 790495                     /lib/x86_64-linux-gnu/libpcre.so.3.13.1
7fbfb75b5000-7fbfb77b4000 ---p 0003d000 08:01 790495                     /lib/x86_64-linux-gnu/libpcre.so.3.13.1
7fbfb77b4000-7fbfb77b5000 r--p 0003c000 08:01 790495                     /lib/x86_64-linux-gnu/libpcre.so.3.13.1
7fbfb77b5000-7fbfb77b6000 rw-p 0003d000 08:01 790495                     /lib/x86_64-linux-gnu/libpcre.so.3.13.1
7fbfb77b6000-7fbfb77bd000 r-xp 00000000 08:01 4726848                    /usr/lib/x86_64-linux-gnu/libffi.so.6.0.1
7fbfb77bd000-7fbfb79bc000 ---p 00007000 08:01 4726848                    /usr/lib/x86_64-linux-gnu/libffi.so.6.0.1
7fbfb79bc000-7fbfb79bd000 r--p 00006000 08:01 4726848                    /usr/lib/x86_64-linux-gnu/libffi.so.6.0.1
7fbfb79bd000-7fbfb79be000 rw-p 00007000 08:01 4726848                    /usr/lib/x86_64-linux-gnu/libffi.so.6.0.1
7fbfb79be000-7fbfb79d5000 r-xp 00000000 08:01 786614                     /lib/x86_64-linux-gnu/libresolv-2.19.so
7fbfb79d5000-7fbfb7bd5000 ---p 00017000 08:01 786614                     /lib/x86_64-linux-gnu/libresolv-2.19.so
7fbfb7bd5000-7fbfb7bd6000 r--p 00017000 08:01 786614                     /lib/x86_64-linux-gnu/libresolv-2.19.so
7fbfb7bd6000-7fbfb7bd7000 rw-p 00018000 08:01 786614                     /lib/x86_64-linux-gnu/libresolv-2.19.so
7fbfb7bd7000-7fbfb7bd9000 rw-p 00000000 00:00 0 
7fbfb7bd9000-7fbfb7bf9000 r-xp 00000000 08:01 790522                     /lib/x86_64-linux-gnu/libselinux.so.1
7fbfb7bf9000-7fbfb7df8000 ---p 00020000 08:01 790522                     /lib/x86_64-linux-gnu/libselinux.so.1
7fbfb7df8000-7fbfb7df9000 r--p 0001f000 08:01 790522                     /lib/x86_64-linux-gnu/libselinux.so.1
7fbfb7df9000-7fbfb7dfa000 rw-p 00020000 08:01 790522                     /lib/x86_64-linux-gnu/libselinux.so.1
7fbfb7dfa000-7fbfb7dfc000 rw-p 00000000 00:00 0 
7fbfb7dfc000-7fbfb7dff000 r-xp 00000000 08:01 4726965                    /usr/lib/x86_64-linux-gnu/libgmodule-2.0.so.0.4000.0
7fbfb7dff000-7fbfb7ffe000 ---p 00003000 08:01 4726965                    /usr/lib/x86_64-linux-gnu/libgmodule-2.0.so.0.4000.0
7fbfb7ffe000-7fbfb7fff000 r--p 00002000 08:01 4726965                    /usr/lib/x86_64-linux-gnu/libgmodule-2.0.so.0.4000.0
7fbfb7fff000-7fbfb8000000 rw-p 00003000 08:01 4726965                    /usr/lib/x86_64-linux-gnu/libgmodule-2.0.so.0.4000.0
7fbfb8000000-7fbfb8021000 rw-p 00000000 00:00 0 
7fbfb8021000-7fbfbc000000 ---p 00000000 00:00 0 
7fbfbc000000-7fbfbc106000 r-xp 00000000 08:01 790423                     /lib/x86_64-linux-gnu/libglib-2.0.so.0.4000.0
7fbfbc106000-7fbfbc305000 ---p 00106000 08:01 790423                     /lib/x86_64-linux-gnu/libglib-2.0.so.0.4000.0
7fbfbc305000-7fbfbc306000 r--p 00105000 08:01 790423                     /lib/x86_64-linux-gnu/libglib-2.0.so.0.4000.0
7fbfbc306000-7fbfbc307000 rw-p 00106000 08:01 790423                     /lib/x86_64-linux-gnu/libglib-2.0.so.0.4000.0
7fbfbc307000-7fbfbc308000 rw-p 00000000 00:00 0 
7fbfbc308000-7fbfbc357000 r-xp 00000000 08:01 4726981                    /usr/lib/x86_64-linux-gnu/libgobject-2.0.so.0.4000.0
7fbfbc357000-7fbfbc557000 ---p 0004f000 08:01 4726981                    /usr/lib/x86_64-linux-gnu/libgobject-2.0.so.0.4000.0
7fbfbc557000-7fbfbc558000 r--p 0004f000 08:01 4726981                    /usr/lib/x86_64-linux-gnu/libgobject-2.0.so.0.4000.0
7fbfbc558000-7fbfbc559000 rw-p 00050000 08:01 4726981                    /usr/lib/x86_64-linux-gnu/libgobject-2.0.so.0.4000.0
7fbfbc559000-7fbfbc6c4000 r-xp 00000000 08:01 4726951                    /usr/lib/x86_64-linux-gnu/libgio-2.0.so.0.4000.0
7fbfbc6c4000-7fbfbc8c4000 ---p 0016b000 08:01 4726951                    /usr/lib/x86_64-linux-gnu/libgio-2.0.so.0.4000.0
7fbfbc8c4000-7fbfbc8c8000 r--p 0016b000 08:01 4726951                    /usr/lib/x86_64-linux-gnu/libgio-2.0.so.0.4000.0
7fbfbc8c8000-7fbfbc8ca000 rw-p 0016f000 08:01 4726951                    /usr/lib/x86_64-linux-gnu/libgio-2.0.so.0.4000.0
7fbfbc8ca000-7fbfbc8cc000 rw-p 00000000 00:00 0 
7fbfbc8cc000-7fbfbc8e3000 r-xp 00000000 08:01 5917886                    /usr/lib/jvm/java-7-openjdk-amd64/jre/lib/amd64/libnet.so
7fbfbc8e3000-7fbfbcae2000 ---p 00017000 08:01 5917886                    /usr/lib/jvm/java-7-openjdk-amd64/jre/lib/amd64/libnet.so
7fbfbcae2000-7fbfbcae3000 r--p 00016000 08:01 5917886                    /usr/lib/jvm/java-7-openjdk-amd64/jre/lib/amd64/libnet.so
7fbfbcae3000-7fbfbcae4000 rw-p 00017000 08:01 5917886                    /usr/lib/jvm/java-7-openjdk-amd64/jre/lib/amd64/libnet.so
7fbfbcae4000-7fbfbcaf4000 r-xp 00000000 08:01 5917910                    /usr/lib/jvm/java-7-openjdk-amd64/jre/lib/amd64/libnio.so
7fbfbcaf4000-7fbfbccf4000 ---p 00010000 08:01 5917910                    /usr/lib/jvm/java-7-openjdk-amd64/jre/lib/amd64/libnio.so
7fbfbccf4000-7fbfbccf5000 r--p 00010000 08:01 5917910                    /usr/lib/jvm/java-7-openjdk-amd64/jre/lib/amd64/libnio.so
7fbfbccf5000-7fbfbccf6000 rw-p 00011000 08:01 5917910                    /usr/lib/jvm/java-7-openjdk-amd64/jre/lib/amd64/libnio.so
7fbfbccf6000-7fbfbcda7000 r--s 00b7e000 08:01 11801501                   /home/raihan/OpenSrpWorkSpace/opensrp-client-dghs-demo/opensrp-dghs/build/intermediates/multi-dex/armv7/debug/allclasses.jar
7fbfbcda7000-7fbfbcda8000 ---p 00000000 00:00 0 
7fbfbcda8000-7fbfbcea8000 rw-p 00000000 00:00 0                          [stack:11914]
7fbfbcea8000-7fbfbceab000 ---p 00000000 00:00 0 
7fbfbceab000-7fbfbcfa9000 rw-p 00000000 00:00 0                          [stack:11913]
7fbfbcfa9000-7fbfbcfac000 ---p 00000000 00:00 0 
7fbfbcfac000-7fbfbd0aa000 rw-p 00000000 00:00 0                          [stack:11912]
7fbfbd0aa000-7fbfbd0ad000 ---p 00000000 00:00 0 
7fbfbd0ad000-7fbfbd1ab000 rw-p 00000000 00:00 0                          [stack:11911]
7fbfbd1ab000-7fbfbd1ae000 ---p 00000000 00:00 0 
7fbfbd1ae000-7fbfbd2ac000 rw-p 00000000 00:00 0                          [stack:11910]
7fbfbd2ac000-7fbfbd9cf000 r--p 00000000 08:01 4725570                    /usr/lib/locale/locale-archive
7fbfbd9cf000-7fbfbd9d2000 ---p 00000000 00:00 0 
7fbfbd9d2000-7fbfc0000000 rw-p 00000000 00:00 0                          [stack:11909]
7fbfc0000000-7fbfc0021000 rw-p 00000000 00:00 0 
7fbfc0021000-7fbfc4000000 ---p 00000000 00:00 0 
7fbfc4023000-7fbfc4054000 rw-p 00000000 00:00 0 
7fbfc406d000-7fbfc4070000 ---p 00000000 00:00 0 
7fbfc4070000-7fbfc416e000 rw-p 00000000 00:00 0                          [stack:11908]
7fbfc416e000-7fbfc416f000 ---p 00000000 00:00 0 
7fbfc416f000-7fbfc5000000 rw-p 00000000 00:00 0                          [stack:11907]
7fbfc5000000-7fbfc5430000 rwxp 00000000 00:00 0 
7fbfc5430000-7fbfc836f000 rw-p 00000000 00:00 0 
7fbfc836f000-7fbfcc000000 ---p 00000000 00:00 0 
7fbfcc002000-7fbfcc011000 r--s 000dd000 08:01 6177003                    /home/raihan/android-sdk-linux/build-tools/21.1.2/lib/dx.jar
7fbfcc011000-7fbfcc014000 r--s 0000f000 08:01 5917931                    /usr/lib/jvm/java-7-openjdk-amd64/jre/lib/ext/icedtea-sound.jar
7fbfcc014000-7fbfcc280000 rw-p 00000000 00:00 0 
7fbfcc280000-7fbfcc431000 r--s 01d30000 08:01 5508152                    /usr/lib/jvm/java-7-openjdk-amd64/jre/lib/rt.jar
7fbfcc431000-7fbfcc77d000 rw-p 00000000 00:00 0 
7fbfcc77d000-7fbfcc77e000 ---p 00000000 00:00 0 
7fbfcc77e000-7fbfcc87e000 rw-p 00000000 00:00 0                          [stack:11906]
7fbfcc87e000-7fbfcc87f000 ---p 00000000 00:00 0 
7fbfcc87f000-7fbfcc97f000 rw-p 00000000 00:00 0                          [stack:11905]
7fbfcc97f000-7fbfcc980000 ---p 00000000 00:00 0 
7fbfcc980000-7fbfcca80000 rw-p 00000000 00:00 0                          [stack:11904]
7fbfcca80000-7fbfcca81000 ---p 00000000 00:00 0 
7fbfcca81000-7fbfccb8c000 rw-p 00000000 00:00 0                          [stack:11903]
7fbfccb8c000-7fbfccbd4000 rw-p 00000000 00:00 0 
7fbfccbd4000-7fbfcccbd000 rw-p 00000000 00:00 0 
7fbfcccbd000-7fbfccd2a000 rw-p 00000000 00:00 0 
7fbfccd2a000-7fbfccd35000 rw-p 00000000 00:00 0 
7fbfccd35000-7fbfccd7d000 rw-p 00000000 00:00 0 
7fbfccd7d000-7fbfcce66000 rw-p 00000000 00:00 0 
7fbfcce66000-7fbfcced2000 rw-p 00000000 00:00 0 
7fbfcced2000-7fbfccf7c000 rw-p 00000000 00:00 0 
7fbfccf7c000-7fbfccf7d000 ---p 00000000 00:00 0 
7fbfccf7d000-7fbfccf7e000 rw-p 00000000 00:00 0 
7fbfccf7e000-7fbfccf86000 r-xp 00000000 08:01 5917892                    /usr/lib/jvm/java-7-openjdk-amd64/jre/lib/amd64/libzip.so
7fbfccf86000-7fbfcd185000 ---p 00008000 08:01 5917892                    /usr/lib/jvm/java-7-openjdk-amd64/jre/lib/amd64/libzip.so
7fbfcd185000-7fbfcd186000 r--p 00007000 08:01 5917892                    /usr/lib/jvm/java-7-openjdk-amd64/jre/lib/amd64/libzip.so
7fbfcd186000-7fbfcd187000 rw-p 00008000 08:01 5917892                    /usr/lib/jvm/java-7-openjdk-amd64/jre/lib/amd64/libzip.so
7fbfcd187000-7fbfcd192000 r-xp 00000000 08:01 786646                     /lib/x86_64-linux-gnu/libnss_files-2.19.so
7fbfcd192000-7fbfcd391000 ---p 0000b000 08:01 786646                     /lib/x86_64-linux-gnu/libnss_files-2.19.so
7fbfcd391000-7fbfcd392000 r--p 0000a000 08:01 786646                     /lib/x86_64-linux-gnu/libnss_files-2.19.so
7fbfcd392000-7fbfcd393000 rw-p 0000b000 08:01 786646                     /lib/x86_64-linux-gnu/libnss_files-2.19.so
7fbfcd393000-7fbfcd39e000 r-xp 00000000 08:01 786638                     /lib/x86_64-linux-gnu/libnss_nis-2.19.so
7fbfcd39e000-7fbfcd59d000 ---p 0000b000 08:01 786638                     /lib/x86_64-linux-gnu/libnss_nis-2.19.so
7fbfcd59d000-7fbfcd59e000 r--p 0000a000 08:01 786638                     /lib/x86_64-linux-gnu/libnss_nis-2.19.so
7fbfcd59e000-7fbfcd59f000 rw-p 0000b000 08:01 786638                     /lib/x86_64-linux-gnu/libnss_nis-2.19.so
7fbfcd59f000-7fbfcd5b6000 r-xp 00000000 08:01 786634                     /lib/x86_64-linux-gnu/libnsl-2.19.so
7fbfcd5b6000-7fbfcd7b5000 ---p 00017000 08:01 786634                     /lib/x86_64-linux-gnu/libnsl-2.19.so
7fbfcd7b5000-7fbfcd7b6000 r--p 00016000 08:01 786634                     /lib/x86_64-linux-gnu/libnsl-2.19.so
7fbfcd7b6000-7fbfcd7b7000 rw-p 00017000 08:01 786634                     /lib/x86_64-linux-gnu/libnsl-2.19.so
7fbfcd7b7000-7fbfcd7b9000 rw-p 00000000 00:00 0 
7fbfcd7b9000-7fbfcd7c2000 r-xp 00000000 08:01 786633                     /lib/x86_64-linux-gnu/libnss_compat-2.19.so
7fbfcd7c2000-7fbfcd9c1000 ---p 00009000 08:01 786633                     /lib/x86_64-linux-gnu/libnss_compat-2.19.so
7fbfcd9c1000-7fbfcd9c2000 r--p 00008000 08:01 786633                     /lib/x86_64-linux-gnu/libnss_compat-2.19.so
7fbfcd9c2000-7fbfcd9c3000 rw-p 00009000 08:01 786633                     /lib/x86_64-linux-gnu/libnss_compat-2.19.so
7fbfcd9c3000-7fbfcd9ee000 r-xp 00000000 08:01 5917877                    /usr/lib/jvm/java-7-openjdk-amd64/jre/lib/amd64/libjava.so
7fbfcd9ee000-7fbfcdbee000 ---p 0002b000 08:01 5917877                    /usr/lib/jvm/java-7-openjdk-amd64/jre/lib/amd64/libjava.so
7fbfcdbee000-7fbfcdbef000 r--p 0002b000 08:01 5917877                    /usr/lib/jvm/java-7-openjdk-amd64/jre/lib/amd64/libjava.so
7fbfcdbef000-7fbfcdbf1000 rw-p 0002c000 08:01 5917877                    /usr/lib/jvm/java-7-openjdk-amd64/jre/lib/amd64/libjava.so
7fbfcdbf1000-7fbfcdc01000 r-xp 00000000 08:01 5917878                    /usr/lib/jvm/java-7-openjdk-amd64/jre/lib/amd64/libverify.so
7fbfcdc01000-7fbfcde00000 ---p 00010000 08:01 5917878                    /usr/lib/jvm/java-7-openjdk-amd64/jre/lib/amd64/libverify.so
7fbfcde00000-7fbfcde02000 r--p 0000f000 08:01 5917878                    /usr/lib/jvm/java-7-openjdk-amd64/jre/lib/amd64/libverify.so
7fbfcde02000-7fbfcde03000 rw-p 00011000 08:01 5917878                    /usr/lib/jvm/java-7-openjdk-amd64/jre/lib/amd64/libverify.so
7fbfcde03000-7fbfcde0a000 r-xp 00000000 08:01 786642                     /lib/x86_64-linux-gnu/librt-2.19.so
7fbfcde0a000-7fbfce009000 ---p 00007000 08:01 786642                     /lib/x86_64-linux-gnu/librt-2.19.so
7fbfce009000-7fbfce00a000 r--p 00006000 08:01 786642                     /lib/x86_64-linux-gnu/librt-2.19.so
7fbfce00a000-7fbfce00b000 rw-p 00007000 08:01 786642                     /lib/x86_64-linux-gnu/librt-2.19.so
7fbfce00b000-7fbfce021000 r-xp 00000000 08:01 786612                     /lib/x86_64-linux-gnu/libgcc_s.so.1
7fbfce021000-7fbfce220000 ---p 00016000 08:01 786612                     /lib/x86_64-linux-gnu/libgcc_s.so.1
7fbfce220000-7fbfce221000 rw-p 00015000 08:01 786612                     /lib/x86_64-linux-gnu/libgcc_s.so.1
7fbfce221000-7fbfce326000 r-xp 00000000 08:01 786618                     /lib/x86_64-linux-gnu/libm-2.19.so
7fbfce326000-7fbfce525000 ---p 00105000 08:01 786618                     /lib/x86_64-linux-gnu/libm-2.19.so
7fbfce525000-7fbfce526000 r--p 00104000 08:01 786618                     /lib/x86_64-linux-gnu/libm-2.19.so
7fbfce526000-7fbfce527000 rw-p 00105000 08:01 786618                     /lib/x86_64-linux-gnu/libm-2.19.so
7fbfce527000-7fbfce60d000 r-xp 00000000 08:01 4719935                    /usr/lib/x86_64-linux-gnu/libstdc++.so.6.0.19
7fbfce60d000-7fbfce80c000 ---p 000e6000 08:01 4719935                    /usr/lib/x86_64-linux-gnu/libstdc++.so.6.0.19
7fbfce80c000-7fbfce814000 r--p 000e5000 08:01 4719935                    /usr/lib/x86_64-linux-gnu/libstdc++.so.6.0.19
7fbfce814000-7fbfce816000 rw-p 000ed000 08:01 4719935                    /usr/lib/x86_64-linux-gnu/libstdc++.so.6.0.19
7fbfce816000-7fbfce82b000 rw-p 00000000 00:00 0 
7fbfce82b000-7fbfcf34f000 r-xp 00000000 08:01 5917890                    /usr/lib/jvm/java-7-openjdk-amd64/jre/lib/amd64/server/libjvm.so
7fbfcf34f000-7fbfcf54f000 ---p 00b24000 08:01 5917890                    /usr/lib/jvm/java-7-openjdk-amd64/jre/lib/amd64/server/libjvm.so
7fbfcf54f000-7fbfcf5e9000 r--p 00b24000 08:01 5917890                    /usr/lib/jvm/java-7-openjdk-amd64/jre/lib/amd64/server/libjvm.so
7fbfcf5e9000-7fbfcf60c000 rw-p 00bbe000 08:01 5917890                    /usr/lib/jvm/java-7-openjdk-amd64/jre/lib/amd64/server/libjvm.so
7fbfcf60c000-7fbfcf63a000 rw-p 00000000 00:00 0 
7fbfcf63a000-7fbfcf652000 r-xp 00000000 08:01 790555                     /lib/x86_64-linux-gnu/libz.so.1.2.8
7fbfcf652000-7fbfcf851000 ---p 00018000 08:01 790555                     /lib/x86_64-linux-gnu/libz.so.1.2.8
7fbfcf851000-7fbfcf852000 r--p 00017000 08:01 790555                     /lib/x86_64-linux-gnu/libz.so.1.2.8
7fbfcf852000-7fbfcf853000 rw-p 00018000 08:01 790555                     /lib/x86_64-linux-gnu/libz.so.1.2.8
7fbfcf853000-7fbfcf86c000 r-xp 00000000 08:01 786635                     /lib/x86_64-linux-gnu/libpthread-2.19.so
7fbfcf86c000-7fbfcfa6b000 ---p 00019000 08:01 786635                     /lib/x86_64-linux-gnu/libpthread-2.19.so
7fbfcfa6b000-7fbfcfa6c000 r--p 00018000 08:01 786635                     /lib/x86_64-linux-gnu/libpthread-2.19.so
7fbfcfa6c000-7fbfcfa6d000 rw-p 00019000 08:01 786635                     /lib/x86_64-linux-gnu/libpthread-2.19.so
7fbfcfa6d000-7fbfcfa71000 rw-p 00000000 00:00 0 
7fbfcfa71000-7fbfcfa74000 r-xp 00000000 08:01 786630                     /lib/x86_64-linux-gnu/libdl-2.19.so
7fbfcfa74000-7fbfcfc73000 ---p 00003000 08:01 786630                     /lib/x86_64-linux-gnu/libdl-2.19.so
7fbfcfc73000-7fbfcfc74000 r--p 00002000 08:01 786630                     /lib/x86_64-linux-gnu/libdl-2.19.so
7fbfcfc74000-7fbfcfc75000 rw-p 00003000 08:01 786630                     /lib/x86_64-linux-gnu/libdl-2.19.so
7fbfcfc75000-7fbfcfe30000 r-xp 00000000 08:01 786643                     /lib/x86_64-linux-gnu/libc-2.19.so
7fbfcfe30000-7fbfd002f000 ---p 001bb000 08:01 786643                     /lib/x86_64-linux-gnu/libc-2.19.so
7fbfd002f000-7fbfd0033000 r--p 001ba000 08:01 786643                     /lib/x86_64-linux-gnu/libc-2.19.so
7fbfd0033000-7fbfd0035000 rw-p 001be000 08:01 786643                     /lib/x86_64-linux-gnu/libc-2.19.so
7fbfd0035000-7fbfd003a000 rw-p 00000000 00:00 0 
7fbfd003a000-7fbfd0047000 r-xp 00000000 08:01 5917907                    /usr/lib/jvm/java-7-openjdk-amd64/jre/lib/amd64/jli/libjli.so
7fbfd0047000-7fbfd0246000 ---p 0000d000 08:01 5917907                    /usr/lib/jvm/java-7-openjdk-amd64/jre/lib/amd64/jli/libjli.so
7fbfd0246000-7fbfd0247000 r--p 0000c000 08:01 5917907                    /usr/lib/jvm/java-7-openjdk-amd64/jre/lib/amd64/jli/libjli.so
7fbfd0247000-7fbfd0248000 rw-p 0000d000 08:01 5917907                    /usr/lib/jvm/java-7-openjdk-amd64/jre/lib/amd64/jli/libjli.so
7fbfd0248000-7fbfd026b000 r-xp 00000000 08:01 786636                     /lib/x86_64-linux-gnu/ld-2.19.so
7fbfd026d000-7fbfd0271000 r--s 00034000 08:01 5917930                    /usr/lib/jvm/java-7-openjdk-amd64/jre/lib/ext/sunjce_provider.jar
7fbfd0271000-7fbfd029a000 rw-p 00000000 00:00 0 
7fbfd029a000-7fbfd0349000 rw-p 00000000 00:00 0 
7fbfd0349000-7fbfd034c000 ---p 00000000 00:00 0 
7fbfd034c000-7fbfd044f000 rw-p 00000000 00:00 0                          [stack:11902]
7fbfd0450000-7fbfd0451000 rw-p 00000000 00:00 0 
7fbfd0451000-7fbfd0453000 r--s 00012000 08:01 5917929                    /usr/lib/jvm/java-7-openjdk-amd64/jre/lib/ext/zipfs.jar
7fbfd0453000-7fbfd0455000 r--s 00006000 08:01 5118243                    /usr/share/java/java-atk-wrapper.jar
7fbfd0455000-7fbfd0459000 r--s 0003c000 08:01 5917933                    /usr/lib/jvm/java-7-openjdk-amd64/jre/lib/ext/sunpkcs11.jar
7fbfd0459000-7fbfd045d000 r--s 00085000 08:01 5917932                    /usr/lib/jvm/java-7-openjdk-amd64/jre/lib/ext/localedata.jar
7fbfd045d000-7fbfd045e000 r--s 00002000 08:01 5917928                    /usr/lib/jvm/java-7-openjdk-amd64/jre/lib/ext/dnsns.jar
7fbfd045e000-7fbfd0466000 rw-s 00000000 08:01 131903                     /tmp/hsperfdata_raihan/11898
7fbfd0466000-7fbfd0467000 rw-p 00000000 00:00 0 
7fbfd0467000-7fbfd0468000 ---p 00000000 00:00 0 
7fbfd0468000-7fbfd046a000 rw-p 00000000 00:00 0 
7fbfd046a000-7fbfd046b000 r--p 00022000 08:01 786636                     /lib/x86_64-linux-gnu/ld-2.19.so
7fbfd046b000-7fbfd046c000 rw-p 00023000 08:01 786636                     /lib/x86_64-linux-gnu/ld-2.19.so
7fbfd046c000-7fbfd046d000 rw-p 00000000 00:00 0 
7fffd0cf0000-7fffd0d11000 rw-p 00000000 00:00 0                          [stack]
7fffd0dfe000-7fffd0e00000 r-xp 00000000 00:00 0                          [vdso]
ffffffffff600000-ffffffffff601000 r-xp 00000000 00:00 0                  [vsyscall]

VM Arguments:
jvm_args: -Xmx1024M -Dfile.encoding=UTF-8 -Duser.country=US -Duser.language=en -Duser.variant 
java_command: com.android.dx.command.Main --dex --multi-dex --main-dex-list /home/raihan/OpenSrpWorkSpace/opensrp-client-dghs-demo/opensrp-dghs/build/intermediates/multi-dex/armv7/debug/maindexlist.txt --output /home/raihan/OpenSrpWorkSpace/opensrp-client-dghs-demo/opensrp-dghs/build/intermediates/dex/armv7/debug /home/raihan/OpenSrpWorkSpace/opensrp-client-dghs-demo/opensrp-dghs/build/intermediates/multi-dex/armv7/debug/allclasses.jar
Launcher Type: SUN_STANDARD

Environment Variables:
PATH=/usr/local/sbin:/usr/local/bin:/usr/sbin:/usr/bin:/sbin:/bin:/usr/games:/usr/local/games
SHELL=/bin/bash
DISPLAY=:0

Signal Handlers:
SIGSEGV: [libjvm.so+0x9548f0], sa_mask[0]=0x7ffbfeff, sa_flags=0x10000004
SIGBUS: [libjvm.so+0x9548f0], sa_mask[0]=0x7ffbfeff, sa_flags=0x10000004
SIGFPE: [libjvm.so+0x7cb0b0], sa_mask[0]=0x7ffbfeff, sa_flags=0x10000004
SIGPIPE: [libjvm.so+0x7cb0b0], sa_mask[0]=0x7ffbfeff, sa_flags=0x10000004
SIGXFSZ: [libjvm.so+0x7cb0b0], sa_mask[0]=0x7ffbfeff, sa_flags=0x10000004
SIGILL: [libjvm.so+0x7cb0b0], sa_mask[0]=0x7ffbfeff, sa_flags=0x10000004
SIGUSR1: SIG_DFL, sa_mask[0]=0x00000000, sa_flags=0x00000000
SIGUSR2: [libjvm.so+0x7caf50], sa_mask[0]=0x00000004, sa_flags=0x10000004
SIGHUP: [libjvm.so+0x7cb130], sa_mask[0]=0x7ffbfeff, sa_flags=0x10000004
SIGINT: [libjvm.so+0x7cb130], sa_mask[0]=0x7ffbfeff, sa_flags=0x10000004
SIGTERM: [libjvm.so+0x7cb130], sa_mask[0]=0x7ffbfeff, sa_flags=0x10000004
SIGQUIT: [libjvm.so+0x7cb130], sa_mask[0]=0x7ffbfeff, sa_flags=0x10000004
SIGTRAP: SIG_DFL, sa_mask[0]=0x00000000, sa_flags=0x00000000


---------------  S Y S T E M  ---------------

OS:Ubuntu 14.04 (trusty)
uname:Linux 3.13.0-24-generic #46-Ubuntu SMP Thu Apr 10 19:11:08 UTC 2014 x86_64
libc:glibc 2.19 NPTL 2.19 
rlimit: STACK 8192k, CORE 0k, NPROC 30570, NOFILE 4096, AS infinity
load average:2.75 1.09 0.67

/proc/meminfo:
MemTotal:        3934516 kB
MemFree:          123564 kB
Buffers:            2340 kB
Cached:           286044 kB
SwapCached:        71100 kB
Active:          2733196 kB
Inactive:         799248 kB
Active(anon):    2717364 kB
Inactive(anon):   761032 kB
Active(file):      15832 kB
Inactive(file):    38216 kB
Unevictable:          68 kB
Mlocked:              68 kB
SwapTotal:       4080636 kB
SwapFree:              0 kB
Dirty:               256 kB
Writeback:             0 kB
AnonPages:       3174120 kB
Mapped:            75972 kB
Shmem:            234148 kB
Slab:              85992 kB
SReclaimable:      36728 kB
SUnreclaim:        49264 kB
KernelStack:        6736 kB
PageTables:        93044 kB
NFS_Unstable:          0 kB
Bounce:                0 kB
WritebackTmp:          0 kB
CommitLimit:     6047892 kB
Committed_AS:   24785924 kB
VmallocTotal:   34359738367 kB
VmallocUsed:      551444 kB
VmallocChunk:   34359178204 kB
HardwareCorrupted:     0 kB
AnonHugePages:    452608 kB
HugePages_Total:       0
HugePages_Free:        0
HugePages_Rsvd:        0
HugePages_Surp:        0
Hugepagesize:       2048 kB
DirectMap4k:       79360 kB
DirectMap2M:     2955264 kB
DirectMap1G:     1048576 kB


CPU:total 4 (2 cores per cpu, 2 threads per core) family 6 model 61 stepping 4, cmov, cx8, fxsr, mmx, sse, sse2, sse3, ssse3, sse4.1, sse4.2, popcnt, avx, avx2, aes, erms, ht, tsc, tscinvbit

/proc/cpuinfo:
processor	: 0
vendor_id	: GenuineIntel
cpu family	: 6
model		: 61
model name	: Intel(R) Core(TM) i5-5200U CPU @ 2.20GHz
stepping	: 4
microcode	: 0x1f
cpu MHz		: 500.000
cache size	: 3072 KB
physical id	: 0
siblings	: 4
core id		: 0
cpu cores	: 2
apicid		: 0
initial apicid	: 0
fpu		: yes
fpu_exception	: yes
cpuid level	: 20
wp		: yes
flags		: fpu vme de pse tsc msr pae mce cx8 apic sep mtrr pge mca cmov pat pse36 clflush dts acpi mmx fxsr sse sse2 ss ht tm pbe syscall nx pdpe1gb rdtscp lm constant_tsc arch_perfmon pebs bts rep_good nopl xtopology nonstop_tsc aperfmperf eagerfpu pni pclmulqdq dtes64 monitor ds_cpl vmx est tm2 ssse3 fma cx16 xtpr pdcm pcid sse4_1 sse4_2 x2apic movbe popcnt tsc_deadline_timer aes xsave avx f16c rdrand lahf_lm abm 3dnowprefetch ida arat epb xsaveopt pln pts dtherm tpr_shadow vnmi flexpriority ept vpid fsgsbase tsc_adjust bmi1 avx2 smep bmi2 erms invpcid rdseed adx smap
bogomips	: 4389.82
clflush size	: 64
cache_alignment	: 64
address sizes	: 39 bits physical, 48 bits virtual
power management:

processor	: 1
vendor_id	: GenuineIntel
cpu family	: 6
model		: 61
model name	: Intel(R) Core(TM) i5-5200U CPU @ 2.20GHz
stepping	: 4
microcode	: 0x1f
cpu MHz		: 2201.000
cache size	: 3072 KB
physical id	: 0
siblings	: 4
core id		: 0
cpu cores	: 2
apicid		: 1
initial apicid	: 1
fpu		: yes
fpu_exception	: yes
cpuid level	: 20
wp		: yes
flags		: fpu vme de pse tsc msr pae mce cx8 apic sep mtrr pge mca cmov pat pse36 clflush dts acpi mmx fxsr sse sse2 ss ht tm pbe syscall nx pdpe1gb rdtscp lm constant_tsc arch_perfmon pebs bts rep_good nopl xtopology nonstop_tsc aperfmperf eagerfpu pni pclmulqdq dtes64 monitor ds_cpl vmx est tm2 ssse3 fma cx16 xtpr pdcm pcid sse4_1 sse4_2 x2apic movbe popcnt tsc_deadline_timer aes xsave avx f16c rdrand lahf_lm abm 3dnowprefetch ida arat epb xsaveopt pln pts dtherm tpr_shadow vnmi flexpriority ept vpid fsgsbase tsc_adjust bmi1 avx2 smep bmi2 erms invpcid rdseed adx smap
bogomips	: 4389.82
clflush size	: 64
cache_alignment	: 64
address sizes	: 39 bits physical, 48 bits virtual
power management:

processor	: 2
vendor_id	: GenuineIntel
cpu family	: 6
model		: 61
model name	: Intel(R) Core(TM) i5-5200U CPU @ 2.20GHz
stepping	: 4
microcode	: 0x1f
cpu MHz		: 500.000
cache size	: 3072 KB
physical id	: 0
siblings	: 4
core id		: 1
cpu cores	: 2
apicid		: 2
initial apicid	: 2
fpu		: yes
fpu_exception	: yes
cpuid level	: 20
wp		: yes
flags		: fpu vme de pse tsc msr pae mce cx8 apic sep mtrr pge mca cmov pat pse36 clflush dts acpi mmx fxsr sse sse2 ss ht tm pbe syscall nx pdpe1gb rdtscp lm constant_tsc arch_perfmon pebs bts rep_good nopl xtopology nonstop_tsc aperfmperf eagerfpu pni pclmulqdq dtes64 monitor ds_cpl vmx est tm2 ssse3 fma cx16 xtpr pdcm pcid sse4_1 sse4_2 x2apic movbe popcnt tsc_deadline_timer aes xsave avx f16c rdrand lahf_lm abm 3dnowprefetch ida arat epb xsaveopt pln pts dtherm tpr_shadow vnmi flexpriority ept vpid fsgsbase tsc_adjust bmi1 avx2 smep bmi2 erms invpcid rdseed adx smap
bogomips	: 4389.82
clflush size	: 64
cache_alignment	: 64
address sizes	: 39 bits physical, 48 bits virtual
power management:

processor	: 3
vendor_id	: GenuineIntel
cpu family	: 6
model		: 61
model name	: Intel(R) Core(TM) i5-5200U CPU @ 2.20GHz
stepping	: 4
microcode	: 0x1f
cpu MHz		: 1300.000
cache size	: 3072 KB
physical id	: 0
siblings	: 4
core id		: 1
cpu cores	: 2
apicid		: 3
initial apicid	: 3
fpu		: yes
fpu_exception	: yes
cpuid level	: 20
wp		: yes
flags		: fpu vme de pse tsc msr pae mce cx8 apic sep mtrr pge mca cmov pat pse36 clflush dts acpi mmx fxsr sse sse2 ss ht tm pbe syscall nx pdpe1gb rdtscp lm constant_tsc arch_perfmon pebs bts rep_good nopl xtopology nonstop_tsc aperfmperf eagerfpu pni pclmulqdq dtes64 monitor ds_cpl vmx est tm2 ssse3 fma cx16 xtpr pdcm pcid sse4_1 sse4_2 x2apic movbe popcnt tsc_deadline_timer aes xsave avx f16c rdrand lahf_lm abm 3dnowprefetch ida arat epb xsaveopt pln pts dtherm tpr_shadow vnmi flexpriority ept vpid fsgsbase tsc_adjust bmi1 avx2 smep bmi2 erms invpcid rdseed adx smap
bogomips	: 4389.82
clflush size	: 64
cache_alignment	: 64
address sizes	: 39 bits physical, 48 bits virtual
power management:



Memory: 4k page, physical 3934516k(123564k free), swap 4080636k(0k free)

vm_info: OpenJDK 64-Bit Server VM (24.95-b01) for linux-amd64 JRE (1.7.0_95-b00), built on Mar 24 2016 06:13:32 by "buildd" with gcc 4.8.2

time: Thu Aug 11 17:06:06 2016
elapsed time: 28 seconds

