#
# There is insufficient memory for the Java Runtime Environment to continue.
# Native memory allocation (malloc) failed to allocate 28835840 bytes for committing reserved memory.
# Possible reasons:
#   The system is out of physical RAM or swap space
#   In 32 bit mode, the process size limit was hit
# Possible solutions:
#   Reduce memory load on the system
#   Increase physical memory or swap space
#   Check if swap backing store is full
#   Use 64 bit Java on a 64 bit OS
#   Decrease Java heap size (-Xmx/-Xms)
#   Decrease number of Java threads
#   Decrease Java thread stack sizes (-Xss)
#   Set larger code cache with -XX:ReservedCodeCacheSize=
# This output file may be truncated or incomplete.
#
#  Out of Memory Error (os_linux.cpp:2827), pid=8068, tid=139656862430976
#
# JRE version: OpenJDK Runtime Environment (7.0_95) (build 1.7.0_95-b00)
# Java VM: OpenJDK 64-Bit Server VM (24.95-b01 mixed mode linux-amd64 compressed oops)
# Derivative: IcedTea 2.6.4
# Distribution: Ubuntu 14.04 LTS, package 7u95-2.6.4-0ubuntu0.14.04.2
# Failed to write core dump. Core dumps have been disabled. To enable core dumping, try "ulimit -c unlimited" before starting Java again
#

---------------  T H R E A D  ---------------

Current thread (0x00007f0470076000):  VMThread [stack: 0x00007f04659cf000,0x00007f0465ad0000] [id=8078]

Stack: [0x00007f04659cf000,0x00007f0465ad0000],  sp=0x00007f0465ace490,  free space=1021k
Native frames: (J=compiled Java code, j=interpreted, Vv=VM code, C=native code)
V  [libjvm.so+0x953e15]
V  [libjvm.so+0x48fd94]
V  [libjvm.so+0x7cf87b]
V  [libjvm.so+0x7ca33f]
V  [libjvm.so+0x83dacb]
V  [libjvm.so+0x83e930]
V  [libjvm.so+0x83f01b]
V  [libjvm.so+0x83b258]
V  [libjvm.so+0x83bac8]
V  [libjvm.so+0x7f2083]
V  [libjvm.so+0x955814]
V  [libjvm.so+0x959917]
V  [libjvm.so+0x9583d8]
V  [libjvm.so+0x958839]
V  [libjvm.so+0x958c82]
V  [libjvm.so+0x7cc742]

VM_Operation (0x00007f0478264c00): ParallelGCFailedAllocation, mode: safepoint, requested by thread 0x00007f047000a800


---------------  P R O C E S S  ---------------

Java Threads: ( => current thread )
  0x00007f04700af800 JavaThread "Service Thread" daemon [_thread_blocked, id=8084, stack(0x00007f0464ca6000,0x00007f0464da7000)]
  0x00007f04700ad000 JavaThread "C2 CompilerThread1" daemon [_thread_blocked, id=8083, stack(0x00007f0464da7000,0x00007f0464ea8000)]
  0x00007f04700aa000 JavaThread "C2 CompilerThread0" daemon [_thread_blocked, id=8082, stack(0x00007f0464ea8000,0x00007f0464fa9000)]
  0x00007f04700a8000 JavaThread "Signal Dispatcher" daemon [_thread_blocked, id=8081, stack(0x00007f0464fa9000,0x00007f04650aa000)]
  0x00007f047007c000 JavaThread "Finalizer" daemon [_thread_blocked, id=8080, stack(0x00007f04657cd000,0x00007f04658ce000)]
  0x00007f047007a000 JavaThread "Reference Handler" daemon [_thread_blocked, id=8079, stack(0x00007f04658ce000,0x00007f04659cf000)]
  0x00007f047000a800 JavaThread "main" [_thread_blocked, id=8073, stack(0x00007f0478166000,0x00007f0478267000)]

Other Threads:
=>0x00007f0470076000 VMThread [stack: 0x00007f04659cf000,0x00007f0465ad0000] [id=8078]
  0x00007f04700ba000 WatcherThread [stack: 0x00007f0464ba5000,0x00007f0464ca6000] [id=8085]

VM state:at safepoint (normal execution)

VM Mutex/Monitor currently owned by a thread:  ([mutex/lock_event])
[0x00007f0470006960] Threads_lock - owner thread: 0x00007f0470076000
[0x00007f0470006e60] Heap_lock - owner thread: 0x00007f047000a800

Heap
 PSYoungGen      total 274432K, used 45031K [0x00000000eaa80000, 0x00000000fe480000, 0x0000000100000000)
  eden space 229376K, 0% used [0x00000000eaa80000,0x00000000eaa80000,0x00000000f8a80000)
  from space 45056K, 99% used [0x00000000fb880000,0x00000000fe479cb0,0x00000000fe480000)
  to   space 31232K, 0% used [0x00000000f8a80000,0x00000000f8a80000,0x00000000fa900000)
 ParOldGen       total 142848K, used 89529K [0x00000000c0000000, 0x00000000c8b80000, 0x00000000eaa80000)
  object space 142848K, 62% used [0x00000000c0000000,0x00000000c576e598,0x00000000c8b80000)
 PSPermGen       total 21504K, used 6114K [0x00000000b5a00000, 0x00000000b6f00000, 0x00000000c0000000)
  object space 21504K, 28% used [0x00000000b5a00000,0x00000000b5ff8800,0x00000000b6f00000)

Card table byte_map: [0x00007f0474b47000,0x00007f0474d9b000] byte_map_base: 0x00007f047459a000

Polling page: 0x00007f0478284000

Code Cache  [0x00007f046d000000, 0x00007f046d3c0000, 0x00007f0470000000)
 total_blobs=1110 nmethods=882 adapters=181 free_code_cache=45427Kb largest_free_block=46413376

Compilation events (10 events):
Event: 12.528 Thread 0x00007f04700aa000  914             com.android.dx.cf.direct.DirectClassFile::getAccessFlags (9 bytes)
Event: 12.529 Thread 0x00007f04700aa000 nmethod 914 0x00007f046d25f6d0 code [0x00007f046d25f820, 0x00007f046d25f8e8]
Event: 12.529 Thread 0x00007f04700aa000  915             com.android.dx.cf.direct.DirectClassFile::getAttributes (9 bytes)
Event: 12.530 Thread 0x00007f04700aa000 nmethod 915 0x00007f046d37e310 code [0x00007f046d37e440, 0x00007f046d37e4b8]
Event: 12.559 Thread 0x00007f04700aa000  916             com.android.dx.cf.code.ExecutionStack::makeInitialized (51 bytes)
Event: 12.561 Thread 0x00007f04700aa000 nmethod 916 0x00007f046d37f550 code [0x00007f046d37f6a0, 0x00007f046d37f7f8]
Event: 12.610 Thread 0x00007f04700aa000  917             com.android.dx.cf.code.BaseMachine::auxTargetArg (6 bytes)
Event: 12.610 Thread 0x00007f04700aa000 nmethod 917 0x00007f046d263dd0 code [0x00007f046d263f00, 0x00007f046d263f58]
Event: 12.691 Thread 0x00007f04700aa000  918             com.android.dx.cf.direct.StdAttributeFactory::parse0 (532 bytes)
Event: 12.808 Thread 0x00007f04700aa000 nmethod 918 0x00007f046d3b2210 code [0x00007f046d3b2ae0, 0x00007f046d3b6a30]

GC Heap History (10 events):
Event: 7.885 GC heap after
Heap after GC invocations=7 (full 0):
 PSYoungGen      total 135680K, used 14314K [0x00000000eaa80000, 0x00000000fc780000, 0x0000000100000000)
  eden space 121344K, 0% used [0x00000000eaa80000,0x00000000eaa80000,0x00000000f2100000)
  from space 14336K, 99% used [0x00000000f2100000,0x00000000f2efa898,0x00000000f2f00000)
  to   space 24576K, 0% used [0x00000000faf80000,0x00000000faf80000,0x00000000fc780000)
 ParOldGen       total 40960K, used 39789K [0x00000000c0000000, 0x00000000c2800000, 0x00000000eaa80000)
  object space 40960K, 97% used [0x00000000c0000000,0x00000000c26db4b8,0x00000000c2800000)
 PSPermGen       total 21504K, used 6044K [0x00000000b5a00000, 0x00000000b6f00000, 0x00000000c0000000)
  object space 21504K, 28% used [0x00000000b5a00000,0x00000000b5fe73c0,0x00000000b6f00000)
}
Event: 7.886 GC heap before
{Heap before GC invocations=8 (full 1):
 PSYoungGen      total 135680K, used 14314K [0x00000000eaa80000, 0x00000000fc780000, 0x0000000100000000)
  eden space 121344K, 0% used [0x00000000eaa80000,0x00000000eaa80000,0x00000000f2100000)
  from space 14336K, 99% used [0x00000000f2100000,0x00000000f2efa898,0x00000000f2f00000)
  to   space 24576K, 0% used [0x00000000faf80000,0x00000000faf80000,0x00000000fc780000)
 ParOldGen       total 40960K, used 39789K [0x00000000c0000000, 0x00000000c2800000, 0x00000000eaa80000)
  object space 40960K, 97% used [0x00000000c0000000,0x00000000c26db4b8,0x00000000c2800000)
 PSPermGen       total 21504K, used 6044K [0x00000000b5a00000, 0x00000000b6f00000, 0x00000000c0000000)
  object space 21504K, 28% used [0x00000000b5a00000,0x00000000b5fe73c0,0x00000000b6f00000)
Event: 8.373 GC heap after
Heap after GC invocations=8 (full 1):
 PSYoungGen      total 135680K, used 10186K [0x00000000eaa80000, 0x00000000fc780000, 0x0000000100000000)
  eden space 121344K, 0% used [0x00000000eaa80000,0x00000000eaa80000,0x00000000f2100000)
  from space 14336K, 71% used [0x00000000f2100000,0x00000000f2af29f8,0x00000000f2f00000)
  to   space 24576K, 0% used [0x00000000faf80000,0x00000000faf80000,0x00000000fc780000)
 ParOldGen       total 81408K, used 40832K [0x00000000c0000000, 0x00000000c4f80000, 0x00000000eaa80000)
  object space 81408K, 50% used [0x00000000c0000000,0x00000000c27e0060,0x00000000c4f80000)
 PSPermGen       total 21504K, used 6040K [0x00000000b5a00000, 0x00000000b6f00000, 0x00000000c0000000)
  object space 21504K, 28% used [0x00000000b5a00000,0x00000000b5fe6278,0x00000000b6f00000)
}
Event: 9.209 GC heap before
{Heap before GC invocations=9 (full 1):
 PSYoungGen      total 135680K, used 131530K [0x00000000eaa80000, 0x00000000fc780000, 0x0000000100000000)
  eden space 121344K, 100% used [0x00000000eaa80000,0x00000000f2100000,0x00000000f2100000)
  from space 14336K, 71% used [0x00000000f2100000,0x00000000f2af29f8,0x00000000f2f00000)
  to   space 24576K, 0% used [0x00000000faf80000,0x00000000faf80000,0x00000000fc780000)
 ParOldGen       total 81408K, used 40832K [0x00000000c0000000, 0x00000000c4f80000, 0x00000000eaa80000)
  object space 81408K, 50% used [0x00000000c0000000,0x00000000c27e0060,0x00000000c4f80000)
 PSPermGen       total 21504K, used 6088K [0x00000000b5a00000, 0x00000000b6f00000, 0x00000000c0000000)
  object space 21504K, 28% used [0x00000000b5a00000,0x00000000b5ff2108,0x00000000b6f00000)
Event: 9.271 GC heap after
Heap after GC invocations=9 (full 1):
 PSYoungGen      total 189952K, used 24575K [0x00000000eaa80000, 0x00000000fc780000, 0x0000000100000000)
  eden space 165376K, 0% used [0x00000000eaa80000,0x00000000eaa80000,0x00000000f4c00000)
  from space 24576K, 99% used [0x00000000faf80000,0x00000000fc77fca0,0x00000000fc780000)
  to   space 31232K, 0% used [0x00000000f8a80000,0x00000000f8a80000,0x00000000fa900000)
 ParOldGen       total 81408K, used 45794K [0x00000000c0000000, 0x00000000c4f80000, 0x00000000eaa80000)
  object space 81408K, 56% used [0x00000000c0000000,0x00000000c2cb8be8,0x00000000c4f80000)
 PSPermGen       total 21504K, used 6088K [0x00000000b5a00000, 0x00000000b6f00000, 0x00000000c0000000)
  object space 21504K, 28% used [0x00000000b5a00000,0x00000000b5ff2108,0x00000000b6f00000)
}
Event: 10.193 GC heap before
{Heap before GC invocations=10 (full 1):
 PSYoungGen      total 189952K, used 189951K [0x00000000eaa80000, 0x00000000fc780000, 0x0000000100000000)
  eden space 165376K, 100% used [0x00000000eaa80000,0x00000000f4c00000,0x00000000f4c00000)
  from space 24576K, 99% used [0x00000000faf80000,0x00000000fc77fca0,0x00000000fc780000)
  to   space 31232K, 0% used [0x00000000f8a80000,0x00000000f8a80000,0x00000000fa900000)
 ParOldGen       total 81408K, used 45794K [0x00000000c0000000, 0x00000000c4f80000, 0x00000000eaa80000)
  object space 81408K, 56% used [0x00000000c0000000,0x00000000c2cb8be8,0x00000000c4f80000)
 PSPermGen       total 21504K, used 6099K [0x00000000b5a00000, 0x00000000b6f00000, 0x00000000c0000000)
  object space 21504K, 28% used [0x00000000b5a00000,0x00000000b5ff4c08,0x00000000b6f00000)
Event: 10.702 GC heap after
Heap after GC invocations=10 (full 1):
 PSYoungGen      total 260608K, used 31225K [0x00000000eaa80000, 0x00000000fe480000, 0x0000000100000000)
  eden space 229376K, 0% used [0x00000000eaa80000,0x00000000eaa80000,0x00000000f8a80000)
  from space 31232K, 99% used [0x00000000f8a80000,0x00000000fa8fe7b0,0x00000000fa900000)
  to   space 45056K, 0% used [0x00000000fb880000,0x00000000fb880000,0x00000000fe480000)
 ParOldGen       total 81408K, used 67278K [0x00000000c0000000, 0x00000000c4f80000, 0x00000000eaa80000)
  object space 81408K, 82% used [0x00000000c0000000,0x00000000c41b38f8,0x00000000c4f80000)
 PSPermGen       total 21504K, used 6099K [0x00000000b5a00000, 0x00000000b6f00000, 0x00000000c0000000)
  object space 21504K, 28% used [0x00000000b5a00000,0x00000000b5ff4c08,0x00000000b6f00000)
}
Event: 10.702 GC heap before
{Heap before GC invocations=11 (full 2):
 PSYoungGen      total 260608K, used 31225K [0x00000000eaa80000, 0x00000000fe480000, 0x0000000100000000)
  eden space 229376K, 0% used [0x00000000eaa80000,0x00000000eaa80000,0x00000000f8a80000)
  from space 31232K, 99% used [0x00000000f8a80000,0x00000000fa8fe7b0,0x00000000fa900000)
  to   space 45056K, 0% used [0x00000000fb880000,0x00000000fb880000,0x00000000fe480000)
 ParOldGen       total 81408K, used 67278K [0x00000000c0000000, 0x00000000c4f80000, 0x00000000eaa80000)
  object space 81408K, 82% used [0x00000000c0000000,0x00000000c41b38f8,0x00000000c4f80000)
 PSPermGen       total 21504K, used 6099K [0x00000000b5a00000, 0x00000000b6f00000, 0x00000000c0000000)
  object space 21504K, 28% used [0x00000000b5a00000,0x00000000b5ff4c08,0x00000000b6f00000)
Event: 11.632 GC heap after
Heap after GC invocations=11 (full 2):
 PSYoungGen      total 260608K, used 15823K [0x00000000eaa80000, 0x00000000fe480000, 0x0000000100000000)
  eden space 229376K, 0% used [0x00000000eaa80000,0x00000000eaa80000,0x00000000f8a80000)
  from space 31232K, 50% used [0x00000000f8a80000,0x00000000f99f3d30,0x00000000fa900000)
  to   space 45056K, 0% used [0x00000000fb880000,0x00000000fb880000,0x00000000fe480000)
 ParOldGen       total 142848K, used 81390K [0x00000000c0000000, 0x00000000c8b80000, 0x00000000eaa80000)
  object space 142848K, 56% used [0x00000000c0000000,0x00000000c4f7b858,0x00000000c8b80000)
 PSPermGen       total 21504K, used 6098K [0x00000000b5a00000, 0x00000000b6f00000, 0x00000000c0000000)
  object space 21504K, 28% used [0x00000000b5a00000,0x00000000b5ff4a48,0x00000000b6f00000)
}
Event: 12.998 GC heap before
{Heap before GC invocations=12 (full 2):
 PSYoungGen      total 260608K, used 245199K [0x00000000eaa80000, 0x00000000fe480000, 0x0000000100000000)
  eden space 229376K, 100% used [0x00000000eaa80000,0x00000000f8a80000,0x00000000f8a80000)
  from space 31232K, 50% used [0x00000000f8a80000,0x00000000f99f3d30,0x00000000fa900000)
  to   space 45056K, 0% used [0x00000000fb880000,0x00000000fb880000,0x00000000fe480000)
 ParOldGen       total 142848K, used 81390K [0x00000000c0000000, 0x00000000c8b80000, 0x00000000eaa80000)
  object space 142848K, 56% used [0x00000000c0000000,0x00000000c4f7b858,0x00000000c8b80000)
 PSPermGen       total 21504K, used 6114K [0x00000000b5a00000, 0x00000000b6f00000, 0x00000000c0000000)
  object space 21504K, 28% used [0x00000000b5a00000,0x00000000b5ff8800,0x00000000b6f00000)

Deoptimization events (10 events):
Event: 9.835 Thread 0x00007f047000a800 Uncommon trap: reason=bimorphic action=maybe_recompile pc=0x00007f046d36e4c8 method=com.android.dx.cf.code.BytecodeArray.parseInstruction(ILcom/android/dx/cf/code/BytecodeArray$Visitor;)I @ 2484
Event: 9.983 Thread 0x00007f047000a800 Uncommon trap: reason=unstable_if action=reinterpret pc=0x00007f046d1d0690 method=com.android.dx.cf.direct.StdAttributeFactory.parse0(Lcom/android/dx/cf/direct/DirectClassFile;ILjava/lang/String;IILcom/android/dx/cf/iface/ParseObserver;)Lcom/android/dx/cf
Event: 10.066 Thread 0x00007f047000a800 Uncommon trap: reason=unstable_if action=reinterpret pc=0x00007f046d348aa4 method=com.android.dx.dex.file.DexFile.internIfAppropriate(Lcom/android/dx/rop/cst/Constant;)V @ 48
Event: 11.886 Thread 0x00007f047000a800 Uncommon trap: reason=bimorphic action=maybe_recompile pc=0x00007f046d38a2bc method=com.android.dx.cf.code.BytecodeArray.parseInstruction(ILcom/android/dx/cf/code/BytecodeArray$Visitor;)I @ 1287
Event: 11.886 Thread 0x00007f047000a800 Uncommon trap: reason=bimorphic action=maybe_recompile pc=0x00007f046d38a2bc method=com.android.dx.cf.code.BytecodeArray.parseInstruction(ILcom/android/dx/cf/code/BytecodeArray$Visitor;)I @ 1287
Event: 11.924 Thread 0x00007f047000a800 Uncommon trap: reason=unloaded action=reinterpret pc=0x00007f046d2e1888 method=com.android.dx.cf.code.Ropper.addSetupBlocks()V @ 261
Event: 12.026 Thread 0x00007f047000a800 Uncommon trap: reason=unstable_if action=reinterpret pc=0x00007f046d139900 method=com.android.dx.ssa.SsaBasicBlock.scheduleMovesFromPhis()V @ 63
Event: 12.026 Thread 0x00007f047000a800 Uncommon trap: reason=unstable_if action=reinterpret pc=0x00007f046d1c1708 method=com.android.dx.ssa.SsaBasicBlock.scheduleMovesFromPhis()V @ 63
Event: 12.076 Thread 0x00007f047000a800 Uncommon trap: reason=unstable_if action=reinterpret pc=0x00007f046d2b2078 method=com.android.dx.ssa.back.FirstFitLocalCombiningAllocator.handleCheckCastResults()V @ 302
Event: 12.457 Thread 0x00007f047000a800 Uncommon trap: reason=unstable_if action=reinterpret pc=0x00007f046d0d802c method=com.android.dx.cf.code.ConcreteMethod.<init>(Lcom/android/dx/cf/iface/Method;ILcom/android/dx/rop/cst/CstString;ZZ)V @ 14

Internal exceptions (10 events):
Event: 8.618 Thread 0x00007f047000a800 Threw 0x00000000ed8b3180 at /build/openjdk-7-HVzwJZ/openjdk-7-7u95-2.6.4/build/openjdk/hotspot/src/share/vm/prims/jvm.cpp:1322
Event: 8.619 Thread 0x00007f047000a800 Threw 0x00000000ed8b6748 at /build/openjdk-7-HVzwJZ/openjdk-7-7u95-2.6.4/build/openjdk/hotspot/src/share/vm/prims/jvm.cpp:1322
Event: 8.622 Thread 0x00007f047000a800 Threw 0x00000000ed8c3860 at /build/openjdk-7-HVzwJZ/openjdk-7-7u95-2.6.4/build/openjdk/hotspot/src/share/vm/prims/jvm.cpp:1322
Event: 9.745 Thread 0x00007f047000a800 Implicit null exception at 0x00007f046d0cf5ca to 0x00007f046d0cf7e9
Event: 9.745 Thread 0x00007f047000a800 Implicit null exception at 0x00007f046d0afc31 to 0x00007f046d0b02d9
Event: 9.745 Thread 0x00007f047000a800 Implicit null exception at 0x00007f046d165be4 to 0x00007f046d165ef5
Event: 9.746 Thread 0x00007f047000a800 Implicit null exception at 0x00007f046d0e41db to 0x00007f046d0e44f1
Event: 9.746 Thread 0x00007f047000a800 Implicit null exception at 0x00007f046d17c67a to 0x00007f046d17d285
Event: 9.746 Thread 0x00007f047000a800 Implicit null exception at 0x00007f046d0fb927 to 0x00007f046d0fbc21
Event: 9.746 Thread 0x00007f047000a800 Implicit null exception at 0x00007f046d0b51b8 to 0x00007f046d0b530d

Events (10 events):
Event: 12.026 Thread 0x00007f047000a800 Uncommon trap: trap_request=0xffffff75 fr.pc=0x00007f046d1c1708
Event: 12.026 Thread 0x00007f047000a800 DEOPT PACKING pc=0x00007f046d1c1708 sp=0x00007f0478264eb0
Event: 12.026 Thread 0x00007f047000a800 DEOPT UNPACKING pc=0x00007f046d039445 sp=0x00007f0478264e60 mode 2
Event: 12.076 Thread 0x00007f047000a800 Uncommon trap: trap_request=0xffffff75 fr.pc=0x00007f046d2b2078
Event: 12.076 Thread 0x00007f047000a800 DEOPT PACKING pc=0x00007f046d2b2078 sp=0x00007f0478264e80
Event: 12.076 Thread 0x00007f047000a800 DEOPT UNPACKING pc=0x00007f046d039445 sp=0x00007f0478264e18 mode 2
Event: 12.457 Thread 0x00007f047000a800 Uncommon trap: trap_request=0xffffff75 fr.pc=0x00007f046d0d802c
Event: 12.457 Thread 0x00007f047000a800 DEOPT PACKING pc=0x00007f046d0d802c sp=0x00007f0478265010
Event: 12.457 Thread 0x00007f047000a800 DEOPT UNPACKING pc=0x00007f046d039445 sp=0x00007f0478264ff0 mode 2
Event: 12.972 Executing VM operation: ParallelGCFailedAllocation


Dynamic libraries:
00400000-00401000 r-xp 00000000 08:01 5508137                            /usr/lib/jvm/java-7-openjdk-amd64/jre/bin/java
00600000-00601000 r--p 00000000 08:01 5508137                            /usr/lib/jvm/java-7-openjdk-amd64/jre/bin/java
00601000-00602000 rw-p 00001000 08:01 5508137                            /usr/lib/jvm/java-7-openjdk-amd64/jre/bin/java
018b7000-018d8000 rw-p 00000000 00:00 0                                  [heap]
b5a00000-b6f00000 rw-p 00000000 00:00 0 
b6f00000-c0000000 rw-p 00000000 00:00 0 
c0000000-c8b80000 rw-p 00000000 00:00 0 
c8b80000-eaa80000 rw-p 00000000 00:00 0 
eaa80000-fe480000 rw-p 00000000 00:00 0 
7f0437270000-7f04372ad000 r-xp 00000000 08:01 790495                     /lib/x86_64-linux-gnu/libpcre.so.3.13.1
7f04372ad000-7f04374ac000 ---p 0003d000 08:01 790495                     /lib/x86_64-linux-gnu/libpcre.so.3.13.1
7f04374ac000-7f04374ad000 r--p 0003c000 08:01 790495                     /lib/x86_64-linux-gnu/libpcre.so.3.13.1
7f04374ad000-7f04374ae000 rw-p 0003d000 08:01 790495                     /lib/x86_64-linux-gnu/libpcre.so.3.13.1
7f04374ae000-7f04374b5000 r-xp 00000000 08:01 4726848                    /usr/lib/x86_64-linux-gnu/libffi.so.6.0.1
7f04374b5000-7f04376b4000 ---p 00007000 08:01 4726848                    /usr/lib/x86_64-linux-gnu/libffi.so.6.0.1
7f04376b4000-7f04376b5000 r--p 00006000 08:01 4726848                    /usr/lib/x86_64-linux-gnu/libffi.so.6.0.1
7f04376b5000-7f04376b6000 rw-p 00007000 08:01 4726848                    /usr/lib/x86_64-linux-gnu/libffi.so.6.0.1
7f04376b6000-7f04376cd000 r-xp 00000000 08:01 786614                     /lib/x86_64-linux-gnu/libresolv-2.19.so
7f04376cd000-7f04378cd000 ---p 00017000 08:01 786614                     /lib/x86_64-linux-gnu/libresolv-2.19.so
7f04378cd000-7f04378ce000 r--p 00017000 08:01 786614                     /lib/x86_64-linux-gnu/libresolv-2.19.so
7f04378ce000-7f04378cf000 rw-p 00018000 08:01 786614                     /lib/x86_64-linux-gnu/libresolv-2.19.so
7f04378cf000-7f04378d1000 rw-p 00000000 00:00 0 
7f04378d1000-7f04378f1000 r-xp 00000000 08:01 790522                     /lib/x86_64-linux-gnu/libselinux.so.1
7f04378f1000-7f0437af0000 ---p 00020000 08:01 790522                     /lib/x86_64-linux-gnu/libselinux.so.1
7f0437af0000-7f0437af1000 r--p 0001f000 08:01 790522                     /lib/x86_64-linux-gnu/libselinux.so.1
7f0437af1000-7f0437af2000 rw-p 00020000 08:01 790522                     /lib/x86_64-linux-gnu/libselinux.so.1
7f0437af2000-7f0437af4000 rw-p 00000000 00:00 0 
7f0437af4000-7f0437af7000 r-xp 00000000 08:01 4726965                    /usr/lib/x86_64-linux-gnu/libgmodule-2.0.so.0.4000.0
7f0437af7000-7f0437cf6000 ---p 00003000 08:01 4726965                    /usr/lib/x86_64-linux-gnu/libgmodule-2.0.so.0.4000.0
7f0437cf6000-7f0437cf7000 r--p 00002000 08:01 4726965                    /usr/lib/x86_64-linux-gnu/libgmodule-2.0.so.0.4000.0
7f0437cf7000-7f0437cf8000 rw-p 00003000 08:01 4726965                    /usr/lib/x86_64-linux-gnu/libgmodule-2.0.so.0.4000.0
7f0437cf8000-7f0437dfe000 r-xp 00000000 08:01 790423                     /lib/x86_64-linux-gnu/libglib-2.0.so.0.4000.0
7f0437dfe000-7f0437ffd000 ---p 00106000 08:01 790423                     /lib/x86_64-linux-gnu/libglib-2.0.so.0.4000.0
7f0437ffd000-7f0437ffe000 r--p 00105000 08:01 790423                     /lib/x86_64-linux-gnu/libglib-2.0.so.0.4000.0
7f0437ffe000-7f0437fff000 rw-p 00106000 08:01 790423                     /lib/x86_64-linux-gnu/libglib-2.0.so.0.4000.0
7f0437fff000-7f0438000000 rw-p 00000000 00:00 0 
7f0438000000-7f0438021000 rw-p 00000000 00:00 0 
7f0438021000-7f043c000000 ---p 00000000 00:00 0 
7f043c000000-7f043c021000 rw-p 00000000 00:00 0 
7f043c021000-7f0440000000 ---p 00000000 00:00 0 
7f0440000000-7f0441803000 rw-p 00000000 00:00 0 
7f0441803000-7f0444000000 ---p 00000000 00:00 0 
7f0444000000-7f0445a60000 rw-p 00000000 00:00 0 
7f0445a60000-7f0448000000 ---p 00000000 00:00 0 
7f0448000000-7f0448021000 rw-p 00000000 00:00 0 
7f0448021000-7f044c000000 ---p 00000000 00:00 0 
7f044c000000-7f044c021000 rw-p 00000000 00:00 0 
7f044c021000-7f0450000000 ---p 00000000 00:00 0 
7f0450000000-7f0450021000 rw-p 00000000 00:00 0 
7f0450021000-7f0454000000 ---p 00000000 00:00 0 
7f0454000000-7f0454021000 rw-p 00000000 00:00 0 
7f0454021000-7f0458000000 ---p 00000000 00:00 0 
7f0458000000-7f0458021000 rw-p 00000000 00:00 0 
7f0458021000-7f045c000000 ---p 00000000 00:00 0 
7f045c000000-7f045c021000 rw-p 00000000 00:00 0 
7f045c021000-7f0460000000 ---p 00000000 00:00 0 
7f0460000000-7f0460021000 rw-p 00000000 00:00 0 
7f0460021000-7f0464000000 ---p 00000000 00:00 0 
7f0464106000-7f0464155000 r-xp 00000000 08:01 4726981                    /usr/lib/x86_64-linux-gnu/libgobject-2.0.so.0.4000.0
7f0464155000-7f0464355000 ---p 0004f000 08:01 4726981                    /usr/lib/x86_64-linux-gnu/libgobject-2.0.so.0.4000.0
7f0464355000-7f0464356000 r--p 0004f000 08:01 4726981                    /usr/lib/x86_64-linux-gnu/libgobject-2.0.so.0.4000.0
7f0464356000-7f0464357000 rw-p 00050000 08:01 4726981                    /usr/lib/x86_64-linux-gnu/libgobject-2.0.so.0.4000.0
7f0464357000-7f04644c2000 r-xp 00000000 08:01 4726951                    /usr/lib/x86_64-linux-gnu/libgio-2.0.so.0.4000.0
7f04644c2000-7f04646c2000 ---p 0016b000 08:01 4726951                    /usr/lib/x86_64-linux-gnu/libgio-2.0.so.0.4000.0
7f04646c2000-7f04646c6000 r--p 0016b000 08:01 4726951                    /usr/lib/x86_64-linux-gnu/libgio-2.0.so.0.4000.0
7f04646c6000-7f04646c8000 rw-p 0016f000 08:01 4726951                    /usr/lib/x86_64-linux-gnu/libgio-2.0.so.0.4000.0
7f04646c8000-7f04646ca000 rw-p 00000000 00:00 0 
7f04646ca000-7f04646e1000 r-xp 00000000 08:01 5917886                    /usr/lib/jvm/java-7-openjdk-amd64/jre/lib/amd64/libnet.so
7f04646e1000-7f04648e0000 ---p 00017000 08:01 5917886                    /usr/lib/jvm/java-7-openjdk-amd64/jre/lib/amd64/libnet.so
7f04648e0000-7f04648e1000 r--p 00016000 08:01 5917886                    /usr/lib/jvm/java-7-openjdk-amd64/jre/lib/amd64/libnet.so
7f04648e1000-7f04648e2000 rw-p 00017000 08:01 5917886                    /usr/lib/jvm/java-7-openjdk-amd64/jre/lib/amd64/libnet.so
7f04648e2000-7f04648f2000 r-xp 00000000 08:01 5917910                    /usr/lib/jvm/java-7-openjdk-amd64/jre/lib/amd64/libnio.so
7f04648f2000-7f0464af2000 ---p 00010000 08:01 5917910                    /usr/lib/jvm/java-7-openjdk-amd64/jre/lib/amd64/libnio.so
7f0464af2000-7f0464af3000 r--p 00010000 08:01 5917910                    /usr/lib/jvm/java-7-openjdk-amd64/jre/lib/amd64/libnio.so
7f0464af3000-7f0464af4000 rw-p 00011000 08:01 5917910                    /usr/lib/jvm/java-7-openjdk-amd64/jre/lib/amd64/libnio.so
7f0464af4000-7f0464ba5000 r--s 00b7d000 08:01 11801501                   /home/raihan/OpenSrpWorkSpace/opensrp-client-dghs-demo/opensrp-dghs/build/intermediates/multi-dex/armv7/debug/allclasses.jar
7f0464ba5000-7f0464ba6000 ---p 00000000 00:00 0 
7f0464ba6000-7f0464ca6000 rw-p 00000000 00:00 0                          [stack:8085]
7f0464ca6000-7f0464ca9000 ---p 00000000 00:00 0 
7f0464ca9000-7f0464da7000 rw-p 00000000 00:00 0                          [stack:8084]
7f0464da7000-7f0464daa000 ---p 00000000 00:00 0 
7f0464daa000-7f0464ea8000 rw-p 00000000 00:00 0                          [stack:8083]
7f0464ea8000-7f0464eab000 ---p 00000000 00:00 0 
7f0464eab000-7f0464fa9000 rw-p 00000000 00:00 0                          [stack:8082]
7f0464fa9000-7f0464fac000 ---p 00000000 00:00 0 
7f0464fac000-7f04650aa000 rw-p 00000000 00:00 0                          [stack:8081]
7f04650aa000-7f04657cd000 r--p 00000000 08:01 4725570                    /usr/lib/locale/locale-archive
7f04657cd000-7f04657d0000 ---p 00000000 00:00 0 
7f04657d0000-7f04658ce000 rw-p 00000000 00:00 0                          [stack:8080]
7f04658ce000-7f04658d1000 ---p 00000000 00:00 0 
7f04658d1000-7f04659cf000 rw-p 00000000 00:00 0                          [stack:8079]
7f04659cf000-7f04659d0000 ---p 00000000 00:00 0 
7f04659d0000-7f0468000000 rw-p 00000000 00:00 0                          [stack:8078]
7f0468000000-7f0468021000 rw-p 00000000 00:00 0 
7f0468021000-7f046c000000 ---p 00000000 00:00 0 
7f046c044000-7f046c075000 rw-p 00000000 00:00 0 
7f046c08e000-7f046d000000 rw-p 00000000 00:00 0 
7f046d000000-7f046d3c0000 rwxp 00000000 00:00 0 
7f046d3c0000-7f04702a1000 rw-p 00000000 00:00 0 
7f04702a1000-7f0474000000 ---p 00000000 00:00 0 
7f0474000000-7f047400f000 r--s 000dd000 08:01 6177003                    /home/raihan/android-sdk-linux/build-tools/21.1.2/lib/dx.jar
7f047400f000-7f0474012000 r--s 0000f000 08:01 5917931                    /usr/lib/jvm/java-7-openjdk-amd64/jre/lib/ext/icedtea-sound.jar
7f0474012000-7f047409d000 rw-p 00000000 00:00 0 
7f047409d000-7f047424e000 r--s 01d30000 08:01 5508152                    /usr/lib/jvm/java-7-openjdk-amd64/jre/lib/rt.jar
7f047424e000-7f047459a000 rw-p 00000000 00:00 0 
7f047459a000-7f047459b000 ---p 00000000 00:00 0 
7f047459b000-7f047469b000 rw-p 00000000 00:00 0                          [stack:8077]
7f047469b000-7f047469c000 ---p 00000000 00:00 0 
7f047469c000-7f047479c000 rw-p 00000000 00:00 0                          [stack:8076]
7f047479c000-7f047479d000 ---p 00000000 00:00 0 
7f047479d000-7f047489d000 rw-p 00000000 00:00 0                          [stack:8075]
7f047489d000-7f047489e000 ---p 00000000 00:00 0 
7f047489e000-7f04749a9000 rw-p 00000000 00:00 0                          [stack:8074]
7f04749a9000-7f04749f1000 rw-p 00000000 00:00 0 
7f04749f1000-7f0474a37000 rw-p 00000000 00:00 0 
7f0474a37000-7f0474b47000 rw-p 00000000 00:00 0 
7f0474b47000-7f0474b52000 rw-p 00000000 00:00 0 
7f0474b52000-7f0474b9a000 rw-p 00000000 00:00 0 
7f0474b9a000-7f0474be0000 rw-p 00000000 00:00 0 
7f0474be0000-7f0474cef000 rw-p 00000000 00:00 0 
7f0474cef000-7f0474d8d000 rw-p 00000000 00:00 0 
7f0474d8d000-7f0474d9a000 rw-p 00000000 00:00 0 
7f0474d9a000-7f0474d9b000 rw-p 00000000 00:00 0 
7f0474d9b000-7f0474da3000 r-xp 00000000 08:01 5917892                    /usr/lib/jvm/java-7-openjdk-amd64/jre/lib/amd64/libzip.so
7f0474da3000-7f0474fa2000 ---p 00008000 08:01 5917892                    /usr/lib/jvm/java-7-openjdk-amd64/jre/lib/amd64/libzip.so
7f0474fa2000-7f0474fa3000 r--p 00007000 08:01 5917892                    /usr/lib/jvm/java-7-openjdk-amd64/jre/lib/amd64/libzip.so
7f0474fa3000-7f0474fa4000 rw-p 00008000 08:01 5917892                    /usr/lib/jvm/java-7-openjdk-amd64/jre/lib/amd64/libzip.so
7f0474fa4000-7f0474faf000 r-xp 00000000 08:01 786646                     /lib/x86_64-linux-gnu/libnss_files-2.19.so
7f0474faf000-7f04751ae000 ---p 0000b000 08:01 786646                     /lib/x86_64-linux-gnu/libnss_files-2.19.so
7f04751ae000-7f04751af000 r--p 0000a000 08:01 786646                     /lib/x86_64-linux-gnu/libnss_files-2.19.so
7f04751af000-7f04751b0000 rw-p 0000b000 08:01 786646                     /lib/x86_64-linux-gnu/libnss_files-2.19.so
7f04751b0000-7f04751bb000 r-xp 00000000 08:01 786638                     /lib/x86_64-linux-gnu/libnss_nis-2.19.so
7f04751bb000-7f04753ba000 ---p 0000b000 08:01 786638                     /lib/x86_64-linux-gnu/libnss_nis-2.19.so
7f04753ba000-7f04753bb000 r--p 0000a000 08:01 786638                     /lib/x86_64-linux-gnu/libnss_nis-2.19.so
7f04753bb000-7f04753bc000 rw-p 0000b000 08:01 786638                     /lib/x86_64-linux-gnu/libnss_nis-2.19.so
7f04753bc000-7f04753d3000 r-xp 00000000 08:01 786634                     /lib/x86_64-linux-gnu/libnsl-2.19.so
7f04753d3000-7f04755d2000 ---p 00017000 08:01 786634                     /lib/x86_64-linux-gnu/libnsl-2.19.so
7f04755d2000-7f04755d3000 r--p 00016000 08:01 786634                     /lib/x86_64-linux-gnu/libnsl-2.19.so
7f04755d3000-7f04755d4000 rw-p 00017000 08:01 786634                     /lib/x86_64-linux-gnu/libnsl-2.19.so
7f04755d4000-7f04755d6000 rw-p 00000000 00:00 0 
7f04755d6000-7f04755df000 r-xp 00000000 08:01 786633                     /lib/x86_64-linux-gnu/libnss_compat-2.19.so
7f04755df000-7f04757de000 ---p 00009000 08:01 786633                     /lib/x86_64-linux-gnu/libnss_compat-2.19.so
7f04757de000-7f04757df000 r--p 00008000 08:01 786633                     /lib/x86_64-linux-gnu/libnss_compat-2.19.so
7f04757df000-7f04757e0000 rw-p 00009000 08:01 786633                     /lib/x86_64-linux-gnu/libnss_compat-2.19.so
7f04757e0000-7f047580b000 r-xp 00000000 08:01 5917877                    /usr/lib/jvm/java-7-openjdk-amd64/jre/lib/amd64/libjava.so
7f047580b000-7f0475a0b000 ---p 0002b000 08:01 5917877                    /usr/lib/jvm/java-7-openjdk-amd64/jre/lib/amd64/libjava.so
7f0475a0b000-7f0475a0c000 r--p 0002b000 08:01 5917877                    /usr/lib/jvm/java-7-openjdk-amd64/jre/lib/amd64/libjava.so
7f0475a0c000-7f0475a0e000 rw-p 0002c000 08:01 5917877                    /usr/lib/jvm/java-7-openjdk-amd64/jre/lib/amd64/libjava.so
7f0475a0e000-7f0475a1e000 r-xp 00000000 08:01 5917878                    /usr/lib/jvm/java-7-openjdk-amd64/jre/lib/amd64/libverify.so
7f0475a1e000-7f0475c1d000 ---p 00010000 08:01 5917878                    /usr/lib/jvm/java-7-openjdk-amd64/jre/lib/amd64/libverify.so
7f0475c1d000-7f0475c1f000 r--p 0000f000 08:01 5917878                    /usr/lib/jvm/java-7-openjdk-amd64/jre/lib/amd64/libverify.so
7f0475c1f000-7f0475c20000 rw-p 00011000 08:01 5917878                    /usr/lib/jvm/java-7-openjdk-amd64/jre/lib/amd64/libverify.so
7f0475c20000-7f0475c27000 r-xp 00000000 08:01 786642                     /lib/x86_64-linux-gnu/librt-2.19.so
7f0475c27000-7f0475e26000 ---p 00007000 08:01 786642                     /lib/x86_64-linux-gnu/librt-2.19.so
7f0475e26000-7f0475e27000 r--p 00006000 08:01 786642                     /lib/x86_64-linux-gnu/librt-2.19.so
7f0475e27000-7f0475e28000 rw-p 00007000 08:01 786642                     /lib/x86_64-linux-gnu/librt-2.19.so
7f0475e28000-7f0475e3e000 r-xp 00000000 08:01 786612                     /lib/x86_64-linux-gnu/libgcc_s.so.1
7f0475e3e000-7f047603d000 ---p 00016000 08:01 786612                     /lib/x86_64-linux-gnu/libgcc_s.so.1
7f047603d000-7f047603e000 rw-p 00015000 08:01 786612                     /lib/x86_64-linux-gnu/libgcc_s.so.1
7f047603e000-7f0476143000 r-xp 00000000 08:01 786618                     /lib/x86_64-linux-gnu/libm-2.19.so
7f0476143000-7f0476342000 ---p 00105000 08:01 786618                     /lib/x86_64-linux-gnu/libm-2.19.so
7f0476342000-7f0476343000 r--p 00104000 08:01 786618                     /lib/x86_64-linux-gnu/libm-2.19.so
7f0476343000-7f0476344000 rw-p 00105000 08:01 786618                     /lib/x86_64-linux-gnu/libm-2.19.so
7f0476344000-7f047642a000 r-xp 00000000 08:01 4719935                    /usr/lib/x86_64-linux-gnu/libstdc++.so.6.0.19
7f047642a000-7f0476629000 ---p 000e6000 08:01 4719935                    /usr/lib/x86_64-linux-gnu/libstdc++.so.6.0.19
7f0476629000-7f0476631000 r--p 000e5000 08:01 4719935                    /usr/lib/x86_64-linux-gnu/libstdc++.so.6.0.19
7f0476631000-7f0476633000 rw-p 000ed000 08:01 4719935                    /usr/lib/x86_64-linux-gnu/libstdc++.so.6.0.19
7f0476633000-7f0476648000 rw-p 00000000 00:00 0 
7f0476648000-7f047716c000 r-xp 00000000 08:01 5917890                    /usr/lib/jvm/java-7-openjdk-amd64/jre/lib/amd64/server/libjvm.so
7f047716c000-7f047736c000 ---p 00b24000 08:01 5917890                    /usr/lib/jvm/java-7-openjdk-amd64/jre/lib/amd64/server/libjvm.so
7f047736c000-7f0477406000 r--p 00b24000 08:01 5917890                    /usr/lib/jvm/java-7-openjdk-amd64/jre/lib/amd64/server/libjvm.so
7f0477406000-7f0477429000 rw-p 00bbe000 08:01 5917890                    /usr/lib/jvm/java-7-openjdk-amd64/jre/lib/amd64/server/libjvm.so
7f0477429000-7f0477457000 rw-p 00000000 00:00 0 
7f0477457000-7f047746f000 r-xp 00000000 08:01 790555                     /lib/x86_64-linux-gnu/libz.so.1.2.8
7f047746f000-7f047766e000 ---p 00018000 08:01 790555                     /lib/x86_64-linux-gnu/libz.so.1.2.8
7f047766e000-7f047766f000 r--p 00017000 08:01 790555                     /lib/x86_64-linux-gnu/libz.so.1.2.8
7f047766f000-7f0477670000 rw-p 00018000 08:01 790555                     /lib/x86_64-linux-gnu/libz.so.1.2.8
7f0477670000-7f0477689000 r-xp 00000000 08:01 786635                     /lib/x86_64-linux-gnu/libpthread-2.19.so
7f0477689000-7f0477888000 ---p 00019000 08:01 786635                     /lib/x86_64-linux-gnu/libpthread-2.19.so
7f0477888000-7f0477889000 r--p 00018000 08:01 786635                     /lib/x86_64-linux-gnu/libpthread-2.19.so
7f0477889000-7f047788a000 rw-p 00019000 08:01 786635                     /lib/x86_64-linux-gnu/libpthread-2.19.so
7f047788a000-7f047788e000 rw-p 00000000 00:00 0 
7f047788e000-7f0477891000 r-xp 00000000 08:01 786630                     /lib/x86_64-linux-gnu/libdl-2.19.so
7f0477891000-7f0477a90000 ---p 00003000 08:01 786630                     /lib/x86_64-linux-gnu/libdl-2.19.so
7f0477a90000-7f0477a91000 r--p 00002000 08:01 786630                     /lib/x86_64-linux-gnu/libdl-2.19.so
7f0477a91000-7f0477a92000 rw-p 00003000 08:01 786630                     /lib/x86_64-linux-gnu/libdl-2.19.so
7f0477a92000-7f0477c4d000 r-xp 00000000 08:01 786643                     /lib/x86_64-linux-gnu/libc-2.19.so
7f0477c4d000-7f0477e4c000 ---p 001bb000 08:01 786643                     /lib/x86_64-linux-gnu/libc-2.19.so
7f0477e4c000-7f0477e50000 r--p 001ba000 08:01 786643                     /lib/x86_64-linux-gnu/libc-2.19.so
7f0477e50000-7f0477e52000 rw-p 001be000 08:01 786643                     /lib/x86_64-linux-gnu/libc-2.19.so
7f0477e52000-7f0477e57000 rw-p 00000000 00:00 0 
7f0477e57000-7f0477e64000 r-xp 00000000 08:01 5917907                    /usr/lib/jvm/java-7-openjdk-amd64/jre/lib/amd64/jli/libjli.so
7f0477e64000-7f0478063000 ---p 0000d000 08:01 5917907                    /usr/lib/jvm/java-7-openjdk-amd64/jre/lib/amd64/jli/libjli.so
7f0478063000-7f0478064000 r--p 0000c000 08:01 5917907                    /usr/lib/jvm/java-7-openjdk-amd64/jre/lib/amd64/jli/libjli.so
7f0478064000-7f0478065000 rw-p 0000d000 08:01 5917907                    /usr/lib/jvm/java-7-openjdk-amd64/jre/lib/amd64/jli/libjli.so
7f0478065000-7f0478088000 r-xp 00000000 08:01 786636                     /lib/x86_64-linux-gnu/ld-2.19.so
7f047808a000-7f047808e000 r--s 00034000 08:01 5917930                    /usr/lib/jvm/java-7-openjdk-amd64/jre/lib/ext/sunjce_provider.jar
7f047808e000-7f04780b5000 rw-p 00000000 00:00 0 
7f04780b5000-7f0478166000 rw-p 00000000 00:00 0 
7f0478166000-7f0478169000 ---p 00000000 00:00 0 
7f0478169000-7f047826c000 rw-p 00000000 00:00 0                          [stack:8073]
7f047826d000-7f047826e000 rw-p 00000000 00:00 0 
7f047826e000-7f0478270000 r--s 00012000 08:01 5917929                    /usr/lib/jvm/java-7-openjdk-amd64/jre/lib/ext/zipfs.jar
7f0478270000-7f0478272000 r--s 00006000 08:01 5118243                    /usr/share/java/java-atk-wrapper.jar
7f0478272000-7f0478276000 r--s 0003c000 08:01 5917933                    /usr/lib/jvm/java-7-openjdk-amd64/jre/lib/ext/sunpkcs11.jar
7f0478276000-7f047827a000 r--s 00085000 08:01 5917932                    /usr/lib/jvm/java-7-openjdk-amd64/jre/lib/ext/localedata.jar
7f047827a000-7f047827b000 r--s 00002000 08:01 5917928                    /usr/lib/jvm/java-7-openjdk-amd64/jre/lib/ext/dnsns.jar
7f047827b000-7f0478283000 rw-s 00000000 08:01 131907                     /tmp/hsperfdata_raihan/8068
7f0478283000-7f0478284000 rw-p 00000000 00:00 0 
7f0478284000-7f0478285000 ---p 00000000 00:00 0 
7f0478285000-7f0478287000 rw-p 00000000 00:00 0 
7f0478287000-7f0478288000 r--p 00022000 08:01 786636                     /lib/x86_64-linux-gnu/ld-2.19.so
7f0478288000-7f0478289000 rw-p 00023000 08:01 786636                     /lib/x86_64-linux-gnu/ld-2.19.so
7f0478289000-7f047828a000 rw-p 00000000 00:00 0 
7fffcba56000-7fffcba77000 rw-p 00000000 00:00 0                          [stack]
7fffcbb5b000-7fffcbb5d000 r-xp 00000000 00:00 0                          [vdso]
ffffffffff600000-ffffffffff601000 r-xp 00000000 00:00 0                  [vsyscall]

VM Arguments:
jvm_args: -Xmx1024M -Dfile.encoding=UTF-8 -Duser.country=US -Duser.language=en -Duser.variant 
java_command: com.android.dx.command.Main --dex --multi-dex --main-dex-list /home/raihan/OpenSrpWorkSpace/opensrp-client-dghs-demo/opensrp-dghs/build/intermediates/multi-dex/armv7/debug/maindexlist.txt --output /home/raihan/OpenSrpWorkSpace/opensrp-client-dghs-demo/opensrp-dghs/build/intermediates/dex/armv7/debug /home/raihan/OpenSrpWorkSpace/opensrp-client-dghs-demo/opensrp-dghs/build/intermediates/multi-dex/armv7/debug/allclasses.jar
Launcher Type: SUN_STANDARD

Environment Variables:
PATH=/usr/local/sbin:/usr/local/bin:/usr/sbin:/usr/bin:/sbin:/bin:/usr/games:/usr/local/games
SHELL=/bin/bash
DISPLAY=:0

Signal Handlers:
SIGSEGV: [libjvm.so+0x9548f0], sa_mask[0]=0x7ffbfeff, sa_flags=0x10000004
SIGBUS: [libjvm.so+0x9548f0], sa_mask[0]=0x7ffbfeff, sa_flags=0x10000004
SIGFPE: [libjvm.so+0x7cb0b0], sa_mask[0]=0x7ffbfeff, sa_flags=0x10000004
SIGPIPE: [libjvm.so+0x7cb0b0], sa_mask[0]=0x7ffbfeff, sa_flags=0x10000004
SIGXFSZ: [libjvm.so+0x7cb0b0], sa_mask[0]=0x7ffbfeff, sa_flags=0x10000004
SIGILL: [libjvm.so+0x7cb0b0], sa_mask[0]=0x7ffbfeff, sa_flags=0x10000004
SIGUSR1: SIG_DFL, sa_mask[0]=0x00000000, sa_flags=0x00000000
SIGUSR2: [libjvm.so+0x7caf50], sa_mask[0]=0x00000004, sa_flags=0x10000004
SIGHUP: [libjvm.so+0x7cb130], sa_mask[0]=0x7ffbfeff, sa_flags=0x10000004
SIGINT: [libjvm.so+0x7cb130], sa_mask[0]=0x7ffbfeff, sa_flags=0x10000004
SIGTERM: [libjvm.so+0x7cb130], sa_mask[0]=0x7ffbfeff, sa_flags=0x10000004
SIGQUIT: [libjvm.so+0x7cb130], sa_mask[0]=0x7ffbfeff, sa_flags=0x10000004
SIGTRAP: SIG_DFL, sa_mask[0]=0x00000000, sa_flags=0x00000000


---------------  S Y S T E M  ---------------

OS:Ubuntu 14.04 (trusty)
uname:Linux 3.13.0-24-generic #46-Ubuntu SMP Thu Apr 10 19:11:08 UTC 2014 x86_64
libc:glibc 2.19 NPTL 2.19 
rlimit: STACK 8192k, CORE 0k, NPROC 30570, NOFILE 4096, AS infinity
load average:2.74 1.69 1.56

/proc/meminfo:
MemTotal:        3934516 kB
MemFree:           87528 kB
Buffers:             220 kB
Cached:           519092 kB
SwapCached:         5136 kB
Active:          2777860 kB
Inactive:         766968 kB
Active(anon):    2771252 kB
Inactive(anon):   759924 kB
Active(file):       6608 kB
Inactive(file):     7044 kB
Unevictable:         100 kB
Mlocked:             100 kB
SwapTotal:       4080636 kB
SwapFree:              0 kB
Dirty:                 0 kB
Writeback:             0 kB
AnonPages:       3022864 kB
Mapped:            96928 kB
Shmem:            505508 kB
Slab:              91572 kB
SReclaimable:      36976 kB
SUnreclaim:        54596 kB
KernelStack:        7416 kB
PageTables:       101472 kB
NFS_Unstable:          0 kB
Bounce:                0 kB
WritebackTmp:          0 kB
CommitLimit:     6047892 kB
Committed_AS:   26733600 kB
VmallocTotal:   34359738367 kB
VmallocUsed:      551508 kB
VmallocChunk:   34359176668 kB
HardwareCorrupted:     0 kB
AnonHugePages:     36864 kB
HugePages_Total:       0
HugePages_Free:        0
HugePages_Rsvd:        0
HugePages_Surp:        0
Hugepagesize:       2048 kB
DirectMap4k:       97792 kB
DirectMap2M:     3985408 kB
DirectMap1G:           0 kB


CPU:total 4 (2 cores per cpu, 2 threads per core) family 6 model 61 stepping 4, cmov, cx8, fxsr, mmx, sse, sse2, sse3, ssse3, sse4.1, sse4.2, popcnt, avx, avx2, aes, erms, ht, tsc, tscinvbit

/proc/cpuinfo:
processor	: 0
vendor_id	: GenuineIntel
cpu family	: 6
model		: 61
model name	: Intel(R) Core(TM) i5-5200U CPU @ 2.20GHz
stepping	: 4
microcode	: 0x1f
cpu MHz		: 2201.000
cache size	: 3072 KB
physical id	: 0
siblings	: 4
core id		: 0
cpu cores	: 2
apicid		: 0
initial apicid	: 0
fpu		: yes
fpu_exception	: yes
cpuid level	: 20
wp		: yes
flags		: fpu vme de pse tsc msr pae mce cx8 apic sep mtrr pge mca cmov pat pse36 clflush dts acpi mmx fxsr sse sse2 ss ht tm pbe syscall nx pdpe1gb rdtscp lm constant_tsc arch_perfmon pebs bts rep_good nopl xtopology nonstop_tsc aperfmperf eagerfpu pni pclmulqdq dtes64 monitor ds_cpl vmx est tm2 ssse3 fma cx16 xtpr pdcm pcid sse4_1 sse4_2 x2apic movbe popcnt tsc_deadline_timer aes xsave avx f16c rdrand lahf_lm abm 3dnowprefetch ida arat epb xsaveopt pln pts dtherm tpr_shadow vnmi flexpriority ept vpid fsgsbase tsc_adjust bmi1 avx2 smep bmi2 erms invpcid rdseed adx smap
bogomips	: 4390.01
clflush size	: 64
cache_alignment	: 64
address sizes	: 39 bits physical, 48 bits virtual
power management:

processor	: 1
vendor_id	: GenuineIntel
cpu family	: 6
model		: 61
model name	: Intel(R) Core(TM) i5-5200U CPU @ 2.20GHz
stepping	: 4
microcode	: 0x1f
cpu MHz		: 2201.000
cache size	: 3072 KB
physical id	: 0
siblings	: 4
core id		: 0
cpu cores	: 2
apicid		: 1
initial apicid	: 1
fpu		: yes
fpu_exception	: yes
cpuid level	: 20
wp		: yes
flags		: fpu vme de pse tsc msr pae mce cx8 apic sep mtrr pge mca cmov pat pse36 clflush dts acpi mmx fxsr sse sse2 ss ht tm pbe syscall nx pdpe1gb rdtscp lm constant_tsc arch_perfmon pebs bts rep_good nopl xtopology nonstop_tsc aperfmperf eagerfpu pni pclmulqdq dtes64 monitor ds_cpl vmx est tm2 ssse3 fma cx16 xtpr pdcm pcid sse4_1 sse4_2 x2apic movbe popcnt tsc_deadline_timer aes xsave avx f16c rdrand lahf_lm abm 3dnowprefetch ida arat epb xsaveopt pln pts dtherm tpr_shadow vnmi flexpriority ept vpid fsgsbase tsc_adjust bmi1 avx2 smep bmi2 erms invpcid rdseed adx smap
bogomips	: 4390.01
clflush size	: 64
cache_alignment	: 64
address sizes	: 39 bits physical, 48 bits virtual
power management:

processor	: 2
vendor_id	: GenuineIntel
cpu family	: 6
model		: 61
model name	: Intel(R) Core(TM) i5-5200U CPU @ 2.20GHz
stepping	: 4
microcode	: 0x1f
cpu MHz		: 2201.000
cache size	: 3072 KB
physical id	: 0
siblings	: 4
core id		: 1
cpu cores	: 2
apicid		: 2
initial apicid	: 2
fpu		: yes
fpu_exception	: yes
cpuid level	: 20
wp		: yes
flags		: fpu vme de pse tsc msr pae mce cx8 apic sep mtrr pge mca cmov pat pse36 clflush dts acpi mmx fxsr sse sse2 ss ht tm pbe syscall nx pdpe1gb rdtscp lm constant_tsc arch_perfmon pebs bts rep_good nopl xtopology nonstop_tsc aperfmperf eagerfpu pni pclmulqdq dtes64 monitor ds_cpl vmx est tm2 ssse3 fma cx16 xtpr pdcm pcid sse4_1 sse4_2 x2apic movbe popcnt tsc_deadline_timer aes xsave avx f16c rdrand lahf_lm abm 3dnowprefetch ida arat epb xsaveopt pln pts dtherm tpr_shadow vnmi flexpriority ept vpid fsgsbase tsc_adjust bmi1 avx2 smep bmi2 erms invpcid rdseed adx smap
bogomips	: 4390.01
clflush size	: 64
cache_alignment	: 64
address sizes	: 39 bits physical, 48 bits virtual
power management:

processor	: 3
vendor_id	: GenuineIntel
cpu family	: 6
model		: 61
model name	: Intel(R) Core(TM) i5-5200U CPU @ 2.20GHz
stepping	: 4
microcode	: 0x1f
cpu MHz		: 500.000
cache size	: 3072 KB
physical id	: 0
siblings	: 4
core id		: 1
cpu cores	: 2
apicid		: 3
initial apicid	: 3
fpu		: yes
fpu_exception	: yes
cpuid level	: 20
wp		: yes
flags		: fpu vme de pse tsc msr pae mce cx8 apic sep mtrr pge mca cmov pat pse36 clflush dts acpi mmx fxsr sse sse2 ss ht tm pbe syscall nx pdpe1gb rdtscp lm constant_tsc arch_perfmon pebs bts rep_good nopl xtopology nonstop_tsc aperfmperf eagerfpu pni pclmulqdq dtes64 monitor ds_cpl vmx est tm2 ssse3 fma cx16 xtpr pdcm pcid sse4_1 sse4_2 x2apic movbe popcnt tsc_deadline_timer aes xsave avx f16c rdrand lahf_lm abm 3dnowprefetch ida arat epb xsaveopt pln pts dtherm tpr_shadow vnmi flexpriority ept vpid fsgsbase tsc_adjust bmi1 avx2 smep bmi2 erms invpcid rdseed adx smap
bogomips	: 4390.01
clflush size	: 64
cache_alignment	: 64
address sizes	: 39 bits physical, 48 bits virtual
power management:



Memory: 4k page, physical 3934516k(88400k free), swap 4080636k(0k free)

vm_info: OpenJDK 64-Bit Server VM (24.95-b01) for linux-amd64 JRE (1.7.0_95-b00), built on Mar 24 2016 06:13:32 by "buildd" with gcc 4.8.2

time: Wed Aug 10 13:10:25 2016
elapsed time: 15 seconds

