#
# There is insufficient memory for the Java Runtime Environment to continue.
# Native memory allocation (malloc) failed to allocate 134217728 bytes for committing reserved memory.
# Possible reasons:
#   The system is out of physical RAM or swap space
#   In 32 bit mode, the process size limit was hit
# Possible solutions:
#   Reduce memory load on the system
#   Increase physical memory or swap space
#   Check if swap backing store is full
#   Use 64 bit Java on a 64 bit OS
#   Decrease Java heap size (-Xmx/-Xms)
#   Decrease number of Java threads
#   Decrease Java thread stack sizes (-Xss)
#   Set larger code cache with -XX:ReservedCodeCacheSize=
# This output file may be truncated or incomplete.
#
#  Out of Memory Error (os_linux.cpp:2827), pid=27635, tid=140604408317696
#
# JRE version: OpenJDK Runtime Environment (7.0_95) (build 1.7.0_95-b00)
# Java VM: OpenJDK 64-Bit Server VM (24.95-b01 mixed mode linux-amd64 compressed oops)
# Derivative: IcedTea 2.6.4
# Distribution: Ubuntu 14.04 LTS, package 7u95-2.6.4-0ubuntu0.14.04.2
# Failed to write core dump. Core dumps have been disabled. To enable core dumping, try "ulimit -c unlimited" before starting Java again
#

---------------  T H R E A D  ---------------

Current thread (0x00007fe110076000):  VMThread [stack: 0x00007fe103bfc000,0x00007fe103cfd000] [id=27645]

Stack: [0x00007fe103bfc000,0x00007fe103cfd000],  sp=0x00007fe103cfb490,  free space=1021k
Native frames: (J=compiled Java code, j=interpreted, Vv=VM code, C=native code)
V  [libjvm.so+0x953e15]
V  [libjvm.so+0x48fd94]
V  [libjvm.so+0x7cf87b]
V  [libjvm.so+0x7ca33f]
V  [libjvm.so+0x83dacb]
V  [libjvm.so+0x82d86b]
V  [libjvm.so+0x82da2b]
V  [libjvm.so+0x82e958]
V  [libjvm.so+0x8355b4]
V  [libjvm.so+0x83bc0d]
V  [libjvm.so+0x7f2083]
V  [libjvm.so+0x955814]
V  [libjvm.so+0x959917]
V  [libjvm.so+0x9583d8]
V  [libjvm.so+0x958839]
V  [libjvm.so+0x958c82]
V  [libjvm.so+0x7cc742]

VM_Operation (0x00007fe1164ecf10): ParallelGCFailedAllocation, mode: safepoint, requested by thread 0x00007fe11000a800


---------------  P R O C E S S  ---------------

Java Threads: ( => current thread )
  0x00007fe1100af800 JavaThread "Service Thread" daemon [_thread_blocked, id=27651, stack(0x00007fe102ed3000,0x00007fe102fd4000)]
  0x00007fe1100ad000 JavaThread "C2 CompilerThread1" daemon [_thread_blocked, id=27650, stack(0x00007fe102fd4000,0x00007fe1030d5000)]
  0x00007fe1100aa000 JavaThread "C2 CompilerThread0" daemon [_thread_blocked, id=27649, stack(0x00007fe1030d5000,0x00007fe1031d6000)]
  0x00007fe1100a8000 JavaThread "Signal Dispatcher" daemon [_thread_blocked, id=27648, stack(0x00007fe1031d6000,0x00007fe1032d7000)]
  0x00007fe11007c000 JavaThread "Finalizer" daemon [_thread_blocked, id=27647, stack(0x00007fe1039fa000,0x00007fe103afb000)]
  0x00007fe11007a000 JavaThread "Reference Handler" daemon [_thread_blocked, id=27646, stack(0x00007fe103afb000,0x00007fe103bfc000)]
  0x00007fe11000a800 JavaThread "main" [_thread_blocked, id=27640, stack(0x00007fe1163ee000,0x00007fe1164ef000)]

Other Threads:
=>0x00007fe110076000 VMThread [stack: 0x00007fe103bfc000,0x00007fe103cfd000] [id=27645]
  0x00007fe1100ba000 WatcherThread [stack: 0x00007fe102dd2000,0x00007fe102ed3000] [id=27652]

VM state:at safepoint (normal execution)

VM Mutex/Monitor currently owned by a thread:  ([mutex/lock_event])
[0x00007fe1100062c0] ExpandHeap_lock - owner thread: 0x00007fe110076000
[0x00007fe110006940] Threads_lock - owner thread: 0x00007fe110076000
[0x00007fe110006e40] Heap_lock - owner thread: 0x00007fe11000a800

Heap
 PSYoungGen      total 276480K, used 27964K [0x00000000eaa80000, 0x0000000100000000, 0x0000000100000000)
  eden space 203264K, 0% used [0x00000000eaa80000,0x00000000eaa80000,0x00000000f7100000)
  from space 73216K, 38% used [0x00000000f7100000,0x00000000f8c4f330,0x00000000fb880000)
  to   space 70656K, 0% used [0x00000000fbb00000,0x00000000fbb00000,0x0000000100000000)
 ParOldGen       total 238592K, used 238242K [0x00000000c0000000, 0x00000000ce900000, 0x00000000eaa80000)
  object space 238592K, 99% used [0x00000000c0000000,0x00000000ce8a8b00,0x00000000ce900000)
 PSPermGen       total 21504K, used 6153K [0x00000000b5a00000, 0x00000000b6f00000, 0x00000000c0000000)
  object space 21504K, 28% used [0x00000000b5a00000,0x00000000b60024d0,0x00000000b6f00000)

Card table byte_map: [0x00007fe10bd1f000,0x00007fe10bf73000] byte_map_base: 0x00007fe10b772000

Polling page: 0x00007fe11650c000

Code Cache  [0x00007fe10bf73000, 0x00007fe10c363000, 0x00007fe10ef73000)
 total_blobs=1244 nmethods=1016 adapters=181 free_code_cache=45304Kb largest_free_block=46241216

Compilation events (10 events):
Event: 18.938 Thread 0x00007fe1100aa000 nmethod 1091 0x00007fe10c2444d0 code [0x00007fe10c244600, 0x00007fe10c244658]
Event: 18.939 Thread 0x00007fe1100aa000 1092             java.util.Arrays::copyOf (19 bytes)
Event: 18.946 Thread 0x00007fe1100aa000 nmethod 1092 0x00007fe10c003090 code [0x00007fe10c0031e0, 0x00007fe10c003378]
Event: 18.946 Thread 0x00007fe1100aa000 1093             com.android.dx.ssa.back.IdenticalBlockCombiner::replaceSucc (83 bytes)
Event: 18.950 Thread 0x00007fe1100ad000 nmethod 1090 0x00007fe10c23f6d0 code [0x00007fe10c23f820, 0x00007fe10c23f9d8]
Event: 18.958 Thread 0x00007fe1100aa000 nmethod 1093 0x00007fe10c245950 code [0x00007fe10c245b20, 0x00007fe10c246170]
Event: 18.978 Thread 0x00007fe1100ad000 1094   !         com.android.dx.rop.type.Type::putIntern (50 bytes)
Event: 18.993 Thread 0x00007fe1100ad000 nmethod 1094 0x00007fe10c2bfed0 code [0x00007fe10c2c0060, 0x00007fe10c2c08c8]
Event: 19.004 Thread 0x00007fe1100aa000 1095             com.android.dx.ssa.back.FirstFitLocalCombiningAllocator::isEven (12 bytes)
Event: 19.004 Thread 0x00007fe1100aa000 nmethod 1095 0x00007fe10bfe1c50 code [0x00007fe10bfe1d80, 0x00007fe10bfe1db8]

GC Heap History (10 events):
Event: 10.838 GC heap after
Heap after GC invocations=16 (full 3):
 PSYoungGen      total 217600K, used 10487K [0x00000000eaa80000, 0x00000000fc800000, 0x0000000100000000)
  eden space 173568K, 0% used [0x00000000eaa80000,0x00000000eaa80000,0x00000000f5400000)
  from space 44032K, 23% used [0x00000000f5400000,0x00000000f5e3dc50,0x00000000f7f00000)
  to   space 45568K, 0% used [0x00000000f9b80000,0x00000000f9b80000,0x00000000fc800000)
 ParOldGen       total 232960K, used 138939K [0x00000000c0000000, 0x00000000ce380000, 0x00000000eaa80000)
  object space 232960K, 59% used [0x00000000c0000000,0x00000000c87aeee8,0x00000000ce380000)
 PSPermGen       total 21504K, used 6119K [0x00000000b5a00000, 0x00000000b6f00000, 0x00000000c0000000)
  object space 21504K, 28% used [0x00000000b5a00000,0x00000000b5ff9fc0,0x00000000b6f00000)
}
Event: 11.883 GC heap before
{Heap before GC invocations=17 (full 3):
 PSYoungGen      total 217600K, used 184055K [0x00000000eaa80000, 0x00000000fc800000, 0x0000000100000000)
  eden space 173568K, 100% used [0x00000000eaa80000,0x00000000f5400000,0x00000000f5400000)
  from space 44032K, 23% used [0x00000000f5400000,0x00000000f5e3dc50,0x00000000f7f00000)
  to   space 45568K, 0% used [0x00000000f9b80000,0x00000000f9b80000,0x00000000fc800000)
 ParOldGen       total 232960K, used 138939K [0x00000000c0000000, 0x00000000ce380000, 0x00000000eaa80000)
  object space 232960K, 59% used [0x00000000c0000000,0x00000000c87aeee8,0x00000000ce380000)
 PSPermGen       total 21504K, used 6126K [0x00000000b5a00000, 0x00000000b6f00000, 0x00000000c0000000)
  object space 21504K, 28% used [0x00000000b5a00000,0x00000000b5ffbb38,0x00000000b6f00000)
Event: 12.444 GC heap after
Heap after GC invocations=17 (full 3):
 PSYoungGen      total 242176K, used 38486K [0x00000000eaa80000, 0x00000000fd300000, 0x0000000100000000)
  eden space 196608K, 0% used [0x00000000eaa80000,0x00000000eaa80000,0x00000000f6a80000)
  from space 45568K, 84% used [0x00000000f9b80000,0x00000000fc1159f8,0x00000000fc800000)
  to   space 50176K, 0% used [0x00000000f6a80000,0x00000000f6a80000,0x00000000f9b80000)
 ParOldGen       total 232960K, used 138939K [0x00000000c0000000, 0x00000000ce380000, 0x00000000eaa80000)
  object space 232960K, 59% used [0x00000000c0000000,0x00000000c87aeee8,0x00000000ce380000)
 PSPermGen       total 21504K, used 6126K [0x00000000b5a00000, 0x00000000b6f00000, 0x00000000c0000000)
  object space 21504K, 28% used [0x00000000b5a00000,0x00000000b5ffbb38,0x00000000b6f00000)
}
Event: 13.711 GC heap before
{Heap before GC invocations=18 (full 3):
 PSYoungGen      total 242176K, used 235094K [0x00000000eaa80000, 0x00000000fd300000, 0x0000000100000000)
  eden space 196608K, 100% used [0x00000000eaa80000,0x00000000f6a80000,0x00000000f6a80000)
  from space 45568K, 84% used [0x00000000f9b80000,0x00000000fc1159f8,0x00000000fc800000)
  to   space 50176K, 0% used [0x00000000f6a80000,0x00000000f6a80000,0x00000000f9b80000)
 ParOldGen       total 232960K, used 138939K [0x00000000c0000000, 0x00000000ce380000, 0x00000000eaa80000)
  object space 232960K, 59% used [0x00000000c0000000,0x00000000c87aeee8,0x00000000ce380000)
 PSPermGen       total 21504K, used 6133K [0x00000000b5a00000, 0x00000000b6f00000, 0x00000000c0000000)
  object space 21504K, 28% used [0x00000000b5a00000,0x00000000b5ffd7b8,0x00000000b6f00000)
Event: 13.807 GC heap after
Heap after GC invocations=18 (full 3):
 PSYoungGen      total 246784K, used 50170K [0x00000000eaa80000, 0x0000000100000000, 0x0000000100000000)
  eden space 196608K, 0% used [0x00000000eaa80000,0x00000000eaa80000,0x00000000f6a80000)
  from space 50176K, 99% used [0x00000000f6a80000,0x00000000f9b7e900,0x00000000f9b80000)
  to   space 65024K, 0% used [0x00000000fc080000,0x00000000fc080000,0x0000000100000000)
 ParOldGen       total 232960K, used 157084K [0x00000000c0000000, 0x00000000ce380000, 0x00000000eaa80000)
  object space 232960K, 67% used [0x00000000c0000000,0x00000000c9967398,0x00000000ce380000)
 PSPermGen       total 21504K, used 6133K [0x00000000b5a00000, 0x00000000b6f00000, 0x00000000c0000000)
  object space 21504K, 28% used [0x00000000b5a00000,0x00000000b5ffd7b8,0x00000000b6f00000)
}
Event: 14.354 GC heap before
{Heap before GC invocations=19 (full 3):
 PSYoungGen      total 246784K, used 246778K [0x00000000eaa80000, 0x0000000100000000, 0x0000000100000000)
  eden space 196608K, 100% used [0x00000000eaa80000,0x00000000f6a80000,0x00000000f6a80000)
  from space 50176K, 99% used [0x00000000f6a80000,0x00000000f9b7e900,0x00000000f9b80000)
  to   space 65024K, 0% used [0x00000000fc080000,0x00000000fc080000,0x0000000100000000)
 ParOldGen       total 232960K, used 157084K [0x00000000c0000000, 0x00000000ce380000, 0x00000000eaa80000)
  object space 232960K, 67% used [0x00000000c0000000,0x00000000c9967398,0x00000000ce380000)
 PSPermGen       total 21504K, used 6138K [0x00000000b5a00000, 0x00000000b6f00000, 0x00000000c0000000)
  object space 21504K, 28% used [0x00000000b5a00000,0x00000000b5ffe9e0,0x00000000b6f00000)
Event: 18.175 GC heap after
Heap after GC invocations=19 (full 3):
 PSYoungGen      total 268288K, used 57738K [0x00000000eaa80000, 0x0000000100000000, 0x0000000100000000)
  eden space 203264K, 0% used [0x00000000eaa80000,0x00000000eaa80000,0x00000000f7100000)
  from space 65024K, 88% used [0x00000000fc080000,0x00000000ff8e2aa0,0x0000000100000000)
  to   space 73216K, 0% used [0x00000000f7100000,0x00000000f7100000,0x00000000fb880000)
 ParOldGen       total 232960K, used 179467K [0x00000000c0000000, 0x00000000ce380000, 0x00000000eaa80000)
  object space 232960K, 77% used [0x00000000c0000000,0x00000000caf42e40,0x00000000ce380000)
 PSPermGen       total 21504K, used 6138K [0x00000000b5a00000, 0x00000000b6f00000, 0x00000000c0000000)
  object space 21504K, 28% used [0x00000000b5a00000,0x00000000b5ffe9e0,0x00000000b6f00000)
}
Event: 19.077 GC heap before
{Heap before GC invocations=20 (full 3):
 PSYoungGen      total 268288K, used 261002K [0x00000000eaa80000, 0x0000000100000000, 0x0000000100000000)
  eden space 203264K, 100% used [0x00000000eaa80000,0x00000000f7100000,0x00000000f7100000)
  from space 65024K, 88% used [0x00000000fc080000,0x00000000ff8e2aa0,0x0000000100000000)
  to   space 73216K, 0% used [0x00000000f7100000,0x00000000f7100000,0x00000000fb880000)
 ParOldGen       total 232960K, used 179467K [0x00000000c0000000, 0x00000000ce380000, 0x00000000eaa80000)
  object space 232960K, 77% used [0x00000000c0000000,0x00000000caf42e40,0x00000000ce380000)
 PSPermGen       total 21504K, used 6153K [0x00000000b5a00000, 0x00000000b6f00000, 0x00000000c0000000)
  object space 21504K, 28% used [0x00000000b5a00000,0x00000000b60024f0,0x00000000b6f00000)
Event: 19.330 GC heap after
Heap after GC invocations=20 (full 3):
 PSYoungGen      total 276480K, used 33337K [0x00000000eaa80000, 0x0000000100000000, 0x0000000100000000)
  eden space 203264K, 0% used [0x00000000eaa80000,0x00000000eaa80000,0x00000000f7100000)
  from space 73216K, 45% used [0x00000000f7100000,0x00000000f918e608,0x00000000fb880000)
  to   space 70656K, 0% used [0x00000000fbb00000,0x00000000fbb00000,0x0000000100000000)
 ParOldGen       total 238592K, used 236743K [0x00000000c0000000, 0x00000000ce900000, 0x00000000eaa80000)
  object space 238592K, 99% used [0x00000000c0000000,0x00000000ce731e20,0x00000000ce900000)
 PSPermGen       total 21504K, used 6153K [0x00000000b5a00000, 0x00000000b6f00000, 0x00000000c0000000)
  object space 21504K, 28% used [0x00000000b5a00000,0x00000000b60024f0,0x00000000b6f00000)
}
Event: 19.331 GC heap before
{Heap before GC invocations=21 (full 4):
 PSYoungGen      total 276480K, used 33337K [0x00000000eaa80000, 0x0000000100000000, 0x0000000100000000)
  eden space 203264K, 0% used [0x00000000eaa80000,0x00000000eaa80000,0x00000000f7100000)
  from space 73216K, 45% used [0x00000000f7100000,0x00000000f918e608,0x00000000fb880000)
  to   space 70656K, 0% used [0x00000000fbb00000,0x00000000fbb00000,0x0000000100000000)
 ParOldGen       total 238592K, used 236743K [0x00000000c0000000, 0x00000000ce900000, 0x00000000eaa80000)
  object space 238592K, 99% used [0x00000000c0000000,0x00000000ce731e20,0x00000000ce900000)
 PSPermGen       total 21504K, used 6153K [0x00000000b5a00000, 0x00000000b6f00000, 0x00000000c0000000)
  object space 21504K, 28% used [0x00000000b5a00000,0x00000000b60024f0,0x00000000b6f00000)

Deoptimization events (10 events):
Event: 13.324 Thread 0x00007fe11000a800 Uncommon trap: reason=class_check action=maybe_recompile pc=0x00007fe10c229b34 method=com.android.dx.ssa.SCCP.simulateBranch(Lcom/android/dx/ssa/SsaInsn;)V @ 145
Event: 13.377 Thread 0x00007fe11000a800 Uncommon trap: reason=class_check action=maybe_recompile pc=0x00007fe10c240a28 method=com.android.dx.ssa.SCCP.replaceConstants()V @ 182
Event: 13.381 Thread 0x00007fe11000a800 Uncommon trap: reason=class_check action=maybe_recompile pc=0x00007fe10c240a28 method=com.android.dx.ssa.SCCP.replaceConstants()V @ 182
Event: 13.405 Thread 0x00007fe11000a800 Uncommon trap: reason=bimorphic action=maybe_recompile pc=0x00007fe10c2d0da8 method=com.android.dx.ssa.NormalSsaInsn.changeOneSource(ILcom/android/dx/rop/code/RegisterSpec;)V @ 113
Event: 13.405 Thread 0x00007fe11000a800 Uncommon trap: reason=bimorphic action=maybe_recompile pc=0x00007fe10c2d0da8 method=com.android.dx.ssa.NormalSsaInsn.changeOneSource(ILcom/android/dx/rop/code/RegisterSpec;)V @ 113
Event: 13.405 Thread 0x00007fe11000a800 Uncommon trap: reason=bimorphic action=maybe_recompile pc=0x00007fe10c2d0da8 method=com.android.dx.ssa.NormalSsaInsn.changeOneSource(ILcom/android/dx/rop/code/RegisterSpec;)V @ 113
Event: 13.405 Thread 0x00007fe11000a800 Uncommon trap: reason=bimorphic action=maybe_recompile pc=0x00007fe10c2d0da8 method=com.android.dx.ssa.NormalSsaInsn.changeOneSource(ILcom/android/dx/rop/code/RegisterSpec;)V @ 113
Event: 13.469 Thread 0x00007fe11000a800 Uncommon trap: reason=bimorphic action=maybe_recompile pc=0x00007fe10c2356bc method=com.android.dx.ssa.LiteralOpUpgrader.tryReplacingWithConstant(Lcom/android/dx/ssa/NormalSsaInsn;)Z @ 62
Event: 13.511 Thread 0x00007fe11000a800 Uncommon trap: reason=bimorphic action=maybe_recompile pc=0x00007fe10c2356bc method=com.android.dx.ssa.LiteralOpUpgrader.tryReplacingWithConstant(Lcom/android/dx/ssa/NormalSsaInsn;)Z @ 62
Event: 13.972 Thread 0x00007fe11000a800 Uncommon trap: reason=unstable_if action=reinterpret pc=0x00007fe10c23542c method=com.android.dx.ssa.LiteralOpUpgrader$1.visitNonMoveInsn(Lcom/android/dx/ssa/NormalSsaInsn;)V @ 137

Internal exceptions (10 events):
Event: 6.137 Thread 0x00007fe11000a800 Threw 0x00000000ec2fa2f0 at /build/openjdk-7-HVzwJZ/openjdk-7-7u95-2.6.4/build/openjdk/hotspot/src/share/vm/prims/jvm.cpp:1322
Event: 7.082 Thread 0x00007fe11000a800 Implicit null exception at 0x00007fe10c04838a to 0x00007fe10c0485a9
Event: 7.082 Thread 0x00007fe11000a800 Implicit null exception at 0x00007fe10c01e7b1 to 0x00007fe10c01ee59
Event: 7.082 Thread 0x00007fe11000a800 Implicit null exception at 0x00007fe10c0d8c64 to 0x00007fe10c0d8f75
Event: 7.082 Thread 0x00007fe11000a800 Implicit null exception at 0x00007fe10c18d79b to 0x00007fe10c18dab1
Event: 7.083 Thread 0x00007fe11000a800 Implicit null exception at 0x00007fe10c0efeba to 0x00007fe10c0f0ac5
Event: 7.083 Thread 0x00007fe11000a800 Implicit null exception at 0x00007fe10c07ea27 to 0x00007fe10c07ed21
Event: 7.083 Thread 0x00007fe11000a800 Implicit null exception at 0x00007fe10c015278 to 0x00007fe10c0153cd
Event: 9.359 Thread 0x00007fe11000a800 Threw 0x00000000f0ccd7c0 at /build/openjdk-7-HVzwJZ/openjdk-7-7u95-2.6.4/build/openjdk/hotspot/src/share/vm/prims/jvm.cpp:1322
Event: 11.138 Thread 0x00007fe11000a800 Threw 0x00000000ec4c5dc0 at /build/openjdk-7-HVzwJZ/openjdk-7-7u95-2.6.4/build/openjdk/hotspot/src/share/vm/prims/jvm.cpp:1322

Events (10 events):
Event: 13.867 Thread 0x00007fe1100ad000 flushing nmethod 0x00007fe10c2bf610
Event: 13.972 Thread 0x00007fe11000a800 Uncommon trap: trap_request=0xffffff75 fr.pc=0x00007fe10c23542c
Event: 13.972 Thread 0x00007fe11000a800 DEOPT PACKING pc=0x00007fe10c23542c sp=0x00007fe1164ed060
Event: 13.972 Thread 0x00007fe11000a800 DEOPT UNPACKING pc=0x00007fe10bfac445 sp=0x00007fe1164ed020 mode 2
Event: 14.354 Executing VM operation: ParallelGCFailedAllocation
Event: 18.200 Executing VM operation: ParallelGCFailedAllocation done
Event: 18.918 Thread 0x00007fe1100aa000 flushing nmethod 0x00007fe10c003210
Event: 18.938 Thread 0x00007fe1100aa000 flushing nmethod 0x00007fe10c0a64d0
Event: 18.958 Thread 0x00007fe1100aa000 flushing nmethod 0x00007fe10c15b150
Event: 19.055 Executing VM operation: ParallelGCFailedAllocation


Dynamic libraries:
00400000-00401000 r-xp 00000000 08:01 5508137                            /usr/lib/jvm/java-7-openjdk-amd64/jre/bin/java
00600000-00601000 r--p 00000000 08:01 5508137                            /usr/lib/jvm/java-7-openjdk-amd64/jre/bin/java
00601000-00602000 rw-p 00001000 08:01 5508137                            /usr/lib/jvm/java-7-openjdk-amd64/jre/bin/java
0172a000-0174b000 rw-p 00000000 00:00 0                                  [heap]
b5a00000-b6f00000 rw-p 00000000 00:00 0 
b6f00000-c0000000 rw-p 00000000 00:00 0 
c0000000-ce900000 rw-p 00000000 00:00 0 
d6900000-eaa80000 rw-p 00000000 00:00 0 
eaa80000-100000000 rw-p 00000000 00:00 0 
7fe0d4000000-7fe0d4021000 rw-p 00000000 00:00 0 
7fe0d4021000-7fe0d8000000 ---p 00000000 00:00 0 
7fe0d8000000-7fe0d8021000 rw-p 00000000 00:00 0 
7fe0d8021000-7fe0dc000000 ---p 00000000 00:00 0 
7fe0dc000000-7fe0dd923000 rw-p 00000000 00:00 0 
7fe0dd923000-7fe0e0000000 ---p 00000000 00:00 0 
7fe0e0000000-7fe0e17d0000 rw-p 00000000 00:00 0 
7fe0e17d0000-7fe0e4000000 ---p 00000000 00:00 0 
7fe0e4000000-7fe0e4021000 rw-p 00000000 00:00 0 
7fe0e4021000-7fe0e8000000 ---p 00000000 00:00 0 
7fe0e8000000-7fe0e8021000 rw-p 00000000 00:00 0 
7fe0e8021000-7fe0ec000000 ---p 00000000 00:00 0 
7fe0ec000000-7fe0ec021000 rw-p 00000000 00:00 0 
7fe0ec021000-7fe0f0000000 ---p 00000000 00:00 0 
7fe0f0000000-7fe0f0021000 rw-p 00000000 00:00 0 
7fe0f0021000-7fe0f4000000 ---p 00000000 00:00 0 
7fe0f4000000-7fe0f4021000 rw-p 00000000 00:00 0 
7fe0f4021000-7fe0f8000000 ---p 00000000 00:00 0 
7fe0f8000000-7fe0f8021000 rw-p 00000000 00:00 0 
7fe0f8021000-7fe0fc000000 ---p 00000000 00:00 0 
7fe0fc000000-7fe0fc021000 rw-p 00000000 00:00 0 
7fe0fc021000-7fe100000000 ---p 00000000 00:00 0 
7fe101623000-7fe101654000 rw-p 00000000 00:00 0 
7fe101654000-7fe101691000 r-xp 00000000 08:01 790495                     /lib/x86_64-linux-gnu/libpcre.so.3.13.1
7fe101691000-7fe101890000 ---p 0003d000 08:01 790495                     /lib/x86_64-linux-gnu/libpcre.so.3.13.1
7fe101890000-7fe101891000 r--p 0003c000 08:01 790495                     /lib/x86_64-linux-gnu/libpcre.so.3.13.1
7fe101891000-7fe101892000 rw-p 0003d000 08:01 790495                     /lib/x86_64-linux-gnu/libpcre.so.3.13.1
7fe101892000-7fe101899000 r-xp 00000000 08:01 4726848                    /usr/lib/x86_64-linux-gnu/libffi.so.6.0.1
7fe101899000-7fe101a98000 ---p 00007000 08:01 4726848                    /usr/lib/x86_64-linux-gnu/libffi.so.6.0.1
7fe101a98000-7fe101a99000 r--p 00006000 08:01 4726848                    /usr/lib/x86_64-linux-gnu/libffi.so.6.0.1
7fe101a99000-7fe101a9a000 rw-p 00007000 08:01 4726848                    /usr/lib/x86_64-linux-gnu/libffi.so.6.0.1
7fe101a9a000-7fe101ab1000 r-xp 00000000 08:01 786614                     /lib/x86_64-linux-gnu/libresolv-2.19.so
7fe101ab1000-7fe101cb1000 ---p 00017000 08:01 786614                     /lib/x86_64-linux-gnu/libresolv-2.19.so
7fe101cb1000-7fe101cb2000 r--p 00017000 08:01 786614                     /lib/x86_64-linux-gnu/libresolv-2.19.so
7fe101cb2000-7fe101cb3000 rw-p 00018000 08:01 786614                     /lib/x86_64-linux-gnu/libresolv-2.19.so
7fe101cb3000-7fe101cb5000 rw-p 00000000 00:00 0 
7fe101cb5000-7fe101cd5000 r-xp 00000000 08:01 790522                     /lib/x86_64-linux-gnu/libselinux.so.1
7fe101cd5000-7fe101ed4000 ---p 00020000 08:01 790522                     /lib/x86_64-linux-gnu/libselinux.so.1
7fe101ed4000-7fe101ed5000 r--p 0001f000 08:01 790522                     /lib/x86_64-linux-gnu/libselinux.so.1
7fe101ed5000-7fe101ed6000 rw-p 00020000 08:01 790522                     /lib/x86_64-linux-gnu/libselinux.so.1
7fe101ed6000-7fe101ed8000 rw-p 00000000 00:00 0 
7fe101ed8000-7fe101edb000 r-xp 00000000 08:01 4726965                    /usr/lib/x86_64-linux-gnu/libgmodule-2.0.so.0.4000.0
7fe101edb000-7fe1020da000 ---p 00003000 08:01 4726965                    /usr/lib/x86_64-linux-gnu/libgmodule-2.0.so.0.4000.0
7fe1020da000-7fe1020db000 r--p 00002000 08:01 4726965                    /usr/lib/x86_64-linux-gnu/libgmodule-2.0.so.0.4000.0
7fe1020db000-7fe1020dc000 rw-p 00003000 08:01 4726965                    /usr/lib/x86_64-linux-gnu/libgmodule-2.0.so.0.4000.0
7fe1020dc000-7fe1021e2000 r-xp 00000000 08:01 790423                     /lib/x86_64-linux-gnu/libglib-2.0.so.0.4000.0
7fe1021e2000-7fe1023e1000 ---p 00106000 08:01 790423                     /lib/x86_64-linux-gnu/libglib-2.0.so.0.4000.0
7fe1023e1000-7fe1023e2000 r--p 00105000 08:01 790423                     /lib/x86_64-linux-gnu/libglib-2.0.so.0.4000.0
7fe1023e2000-7fe1023e3000 rw-p 00106000 08:01 790423                     /lib/x86_64-linux-gnu/libglib-2.0.so.0.4000.0
7fe1023e3000-7fe1023e4000 rw-p 00000000 00:00 0 
7fe1023e4000-7fe102433000 r-xp 00000000 08:01 4726981                    /usr/lib/x86_64-linux-gnu/libgobject-2.0.so.0.4000.0
7fe102433000-7fe102633000 ---p 0004f000 08:01 4726981                    /usr/lib/x86_64-linux-gnu/libgobject-2.0.so.0.4000.0
7fe102633000-7fe102634000 r--p 0004f000 08:01 4726981                    /usr/lib/x86_64-linux-gnu/libgobject-2.0.so.0.4000.0
7fe102634000-7fe102635000 rw-p 00050000 08:01 4726981                    /usr/lib/x86_64-linux-gnu/libgobject-2.0.so.0.4000.0
7fe102635000-7fe1027a0000 r-xp 00000000 08:01 4726951                    /usr/lib/x86_64-linux-gnu/libgio-2.0.so.0.4000.0
7fe1027a0000-7fe1029a0000 ---p 0016b000 08:01 4726951                    /usr/lib/x86_64-linux-gnu/libgio-2.0.so.0.4000.0
7fe1029a0000-7fe1029a4000 r--p 0016b000 08:01 4726951                    /usr/lib/x86_64-linux-gnu/libgio-2.0.so.0.4000.0
7fe1029a4000-7fe1029a6000 rw-p 0016f000 08:01 4726951                    /usr/lib/x86_64-linux-gnu/libgio-2.0.so.0.4000.0
7fe1029a6000-7fe1029a8000 rw-p 00000000 00:00 0 
7fe1029a8000-7fe1029bf000 r-xp 00000000 08:01 5917886                    /usr/lib/jvm/java-7-openjdk-amd64/jre/lib/amd64/libnet.so
7fe1029bf000-7fe102bbe000 ---p 00017000 08:01 5917886                    /usr/lib/jvm/java-7-openjdk-amd64/jre/lib/amd64/libnet.so
7fe102bbe000-7fe102bbf000 r--p 00016000 08:01 5917886                    /usr/lib/jvm/java-7-openjdk-amd64/jre/lib/amd64/libnet.so
7fe102bbf000-7fe102bc0000 rw-p 00017000 08:01 5917886                    /usr/lib/jvm/java-7-openjdk-amd64/jre/lib/amd64/libnet.so
7fe102bc0000-7fe102bd0000 r-xp 00000000 08:01 5917910                    /usr/lib/jvm/java-7-openjdk-amd64/jre/lib/amd64/libnio.so
7fe102bd0000-7fe102dd0000 ---p 00010000 08:01 5917910                    /usr/lib/jvm/java-7-openjdk-amd64/jre/lib/amd64/libnio.so
7fe102dd0000-7fe102dd1000 r--p 00010000 08:01 5917910                    /usr/lib/jvm/java-7-openjdk-amd64/jre/lib/amd64/libnio.so
7fe102dd1000-7fe102dd2000 rw-p 00011000 08:01 5917910                    /usr/lib/jvm/java-7-openjdk-amd64/jre/lib/amd64/libnio.so
7fe102dd2000-7fe102dd3000 ---p 00000000 00:00 0 
7fe102dd3000-7fe102ed3000 rw-p 00000000 00:00 0                          [stack:27652]
7fe102ed3000-7fe102ed6000 ---p 00000000 00:00 0 
7fe102ed6000-7fe102fd4000 rw-p 00000000 00:00 0                          [stack:27651]
7fe102fd4000-7fe102fd7000 ---p 00000000 00:00 0 
7fe102fd7000-7fe1030d5000 rw-p 00000000 00:00 0                          [stack:27650]
7fe1030d5000-7fe1030d8000 ---p 00000000 00:00 0 
7fe1030d8000-7fe1031d6000 rw-p 00000000 00:00 0                          [stack:27649]
7fe1031d6000-7fe1031d9000 ---p 00000000 00:00 0 
7fe1031d9000-7fe1032d7000 rw-p 00000000 00:00 0                          [stack:27648]
7fe1032d7000-7fe1039fa000 r--p 00000000 08:01 4725570                    /usr/lib/locale/locale-archive
7fe1039fa000-7fe1039fd000 ---p 00000000 00:00 0 
7fe1039fd000-7fe103afb000 rw-p 00000000 00:00 0                          [stack:27647]
7fe103afb000-7fe103afe000 ---p 00000000 00:00 0 
7fe103afe000-7fe103bfc000 rw-p 00000000 00:00 0                          [stack:27646]
7fe103bfc000-7fe103bfd000 ---p 00000000 00:00 0 
7fe103bfd000-7fe104000000 rw-p 00000000 00:00 0                          [stack:27645]
7fe104000000-7fe104021000 rw-p 00000000 00:00 0 
7fe104021000-7fe108000000 ---p 00000000 00:00 0 
7fe108036000-7fe1080e7000 r--s 00b7e000 08:01 10626936                   /home/raihan/OpenSrpWorkSpace/opensrp-client-dghs-demo/opensrp-dghs/build/intermediates/multi-dex/x86/debug/allclasses.jar
7fe1080e7000-7fe108dc0000 rw-p 00000000 00:00 0 
7fe108dc0000-7fe108f71000 r--s 01d30000 08:01 5508152                    /usr/lib/jvm/java-7-openjdk-amd64/jre/lib/rt.jar
7fe108f71000-7fe10b7c5000 rw-p 00000000 00:00 0 
7fe10b7c5000-7fe10b7c6000 ---p 00000000 00:00 0 
7fe10b7c6000-7fe10b8c6000 rw-p 00000000 00:00 0                          [stack:27644]
7fe10b8c6000-7fe10b8c7000 ---p 00000000 00:00 0 
7fe10b8c7000-7fe10b9c7000 rw-p 00000000 00:00 0                          [stack:27643]
7fe10b9c7000-7fe10b9c8000 ---p 00000000 00:00 0 
7fe10b9c8000-7fe10bac8000 rw-p 00000000 00:00 0                          [stack:27642]
7fe10bac8000-7fe10bac9000 ---p 00000000 00:00 0 
7fe10bac9000-7fe10bc3e000 rw-p 00000000 00:00 0                          [stack:27641]
7fe10bc3e000-7fe10bd1f000 rw-p 00000000 00:00 0 
7fe10bd1f000-7fe10bd2a000 rw-p 00000000 00:00 0 
7fe10bd2a000-7fe10bd72000 rw-p 00000000 00:00 0 
7fe10bd72000-7fe10bde7000 rw-p 00000000 00:00 0 
7fe10bde7000-7fe10bec7000 rw-p 00000000 00:00 0 
7fe10bec7000-7fe10bf72000 rw-p 00000000 00:00 0 
7fe10bf72000-7fe10bf73000 rw-p 00000000 00:00 0 
7fe10bf73000-7fe10c363000 rwxp 00000000 00:00 0 
7fe10c363000-7fe10ef73000 rw-p 00000000 00:00 0 
7fe10ef73000-7fe10ef7b000 r-xp 00000000 08:01 5917892                    /usr/lib/jvm/java-7-openjdk-amd64/jre/lib/amd64/libzip.so
7fe10ef7b000-7fe10f17a000 ---p 00008000 08:01 5917892                    /usr/lib/jvm/java-7-openjdk-amd64/jre/lib/amd64/libzip.so
7fe10f17a000-7fe10f17b000 r--p 00007000 08:01 5917892                    /usr/lib/jvm/java-7-openjdk-amd64/jre/lib/amd64/libzip.so
7fe10f17b000-7fe10f17c000 rw-p 00008000 08:01 5917892                    /usr/lib/jvm/java-7-openjdk-amd64/jre/lib/amd64/libzip.so
7fe10f17c000-7fe10f187000 r-xp 00000000 08:01 786646                     /lib/x86_64-linux-gnu/libnss_files-2.19.so
7fe10f187000-7fe10f386000 ---p 0000b000 08:01 786646                     /lib/x86_64-linux-gnu/libnss_files-2.19.so
7fe10f386000-7fe10f387000 r--p 0000a000 08:01 786646                     /lib/x86_64-linux-gnu/libnss_files-2.19.so
7fe10f387000-7fe10f388000 rw-p 0000b000 08:01 786646                     /lib/x86_64-linux-gnu/libnss_files-2.19.so
7fe10f388000-7fe10f393000 r-xp 00000000 08:01 786638                     /lib/x86_64-linux-gnu/libnss_nis-2.19.so
7fe10f393000-7fe10f592000 ---p 0000b000 08:01 786638                     /lib/x86_64-linux-gnu/libnss_nis-2.19.so
7fe10f592000-7fe10f593000 r--p 0000a000 08:01 786638                     /lib/x86_64-linux-gnu/libnss_nis-2.19.so
7fe10f593000-7fe10f594000 rw-p 0000b000 08:01 786638                     /lib/x86_64-linux-gnu/libnss_nis-2.19.so
7fe10f594000-7fe10f5ab000 r-xp 00000000 08:01 786634                     /lib/x86_64-linux-gnu/libnsl-2.19.so
7fe10f5ab000-7fe10f7aa000 ---p 00017000 08:01 786634                     /lib/x86_64-linux-gnu/libnsl-2.19.so
7fe10f7aa000-7fe10f7ab000 r--p 00016000 08:01 786634                     /lib/x86_64-linux-gnu/libnsl-2.19.so
7fe10f7ab000-7fe10f7ac000 rw-p 00017000 08:01 786634                     /lib/x86_64-linux-gnu/libnsl-2.19.so
7fe10f7ac000-7fe10f7ae000 rw-p 00000000 00:00 0 
7fe10f7ae000-7fe10f7b7000 r-xp 00000000 08:01 786633                     /lib/x86_64-linux-gnu/libnss_compat-2.19.so
7fe10f7b7000-7fe10f9b6000 ---p 00009000 08:01 786633                     /lib/x86_64-linux-gnu/libnss_compat-2.19.so
7fe10f9b6000-7fe10f9b7000 r--p 00008000 08:01 786633                     /lib/x86_64-linux-gnu/libnss_compat-2.19.so
7fe10f9b7000-7fe10f9b8000 rw-p 00009000 08:01 786633                     /lib/x86_64-linux-gnu/libnss_compat-2.19.so
7fe10f9b8000-7fe10f9e3000 r-xp 00000000 08:01 5917877                    /usr/lib/jvm/java-7-openjdk-amd64/jre/lib/amd64/libjava.so
7fe10f9e3000-7fe10fbe3000 ---p 0002b000 08:01 5917877                    /usr/lib/jvm/java-7-openjdk-amd64/jre/lib/amd64/libjava.so
7fe10fbe3000-7fe10fbe4000 r--p 0002b000 08:01 5917877                    /usr/lib/jvm/java-7-openjdk-amd64/jre/lib/amd64/libjava.so
7fe10fbe4000-7fe10fbe6000 rw-p 0002c000 08:01 5917877                    /usr/lib/jvm/java-7-openjdk-amd64/jre/lib/amd64/libjava.so
7fe10fbe6000-7fe10fbf6000 r-xp 00000000 08:01 5917878                    /usr/lib/jvm/java-7-openjdk-amd64/jre/lib/amd64/libverify.so
7fe10fbf6000-7fe10fdf5000 ---p 00010000 08:01 5917878                    /usr/lib/jvm/java-7-openjdk-amd64/jre/lib/amd64/libverify.so
7fe10fdf5000-7fe10fdf7000 r--p 0000f000 08:01 5917878                    /usr/lib/jvm/java-7-openjdk-amd64/jre/lib/amd64/libverify.so
7fe10fdf7000-7fe10fdf8000 rw-p 00011000 08:01 5917878                    /usr/lib/jvm/java-7-openjdk-amd64/jre/lib/amd64/libverify.so
7fe10fdf8000-7fe10fdff000 r-xp 00000000 08:01 786642                     /lib/x86_64-linux-gnu/librt-2.19.so
7fe10fdff000-7fe10fffe000 ---p 00007000 08:01 786642                     /lib/x86_64-linux-gnu/librt-2.19.so
7fe10fffe000-7fe10ffff000 r--p 00006000 08:01 786642                     /lib/x86_64-linux-gnu/librt-2.19.so
7fe10ffff000-7fe110000000 rw-p 00007000 08:01 786642                     /lib/x86_64-linux-gnu/librt-2.19.so
7fe110000000-7fe1102e2000 rw-p 00000000 00:00 0 
7fe1102e2000-7fe114000000 ---p 00000000 00:00 0 
7fe114002000-7fe114011000 r--s 000dd000 08:01 6177003                    /home/raihan/android-sdk-linux/build-tools/21.1.2/lib/dx.jar
7fe114011000-7fe114014000 r--s 0000f000 08:01 5917931                    /usr/lib/jvm/java-7-openjdk-amd64/jre/lib/ext/icedtea-sound.jar
7fe114014000-7fe114068000 rw-p 00000000 00:00 0 
7fe114068000-7fe1140b0000 rw-p 00000000 00:00 0 
7fe1140b0000-7fe1140c6000 r-xp 00000000 08:01 786612                     /lib/x86_64-linux-gnu/libgcc_s.so.1
7fe1140c6000-7fe1142c5000 ---p 00016000 08:01 786612                     /lib/x86_64-linux-gnu/libgcc_s.so.1
7fe1142c5000-7fe1142c6000 rw-p 00015000 08:01 786612                     /lib/x86_64-linux-gnu/libgcc_s.so.1
7fe1142c6000-7fe1143cb000 r-xp 00000000 08:01 786618                     /lib/x86_64-linux-gnu/libm-2.19.so
7fe1143cb000-7fe1145ca000 ---p 00105000 08:01 786618                     /lib/x86_64-linux-gnu/libm-2.19.so
7fe1145ca000-7fe1145cb000 r--p 00104000 08:01 786618                     /lib/x86_64-linux-gnu/libm-2.19.so
7fe1145cb000-7fe1145cc000 rw-p 00105000 08:01 786618                     /lib/x86_64-linux-gnu/libm-2.19.so
7fe1145cc000-7fe1146b2000 r-xp 00000000 08:01 4719935                    /usr/lib/x86_64-linux-gnu/libstdc++.so.6.0.19
7fe1146b2000-7fe1148b1000 ---p 000e6000 08:01 4719935                    /usr/lib/x86_64-linux-gnu/libstdc++.so.6.0.19
7fe1148b1000-7fe1148b9000 r--p 000e5000 08:01 4719935                    /usr/lib/x86_64-linux-gnu/libstdc++.so.6.0.19
7fe1148b9000-7fe1148bb000 rw-p 000ed000 08:01 4719935                    /usr/lib/x86_64-linux-gnu/libstdc++.so.6.0.19
7fe1148bb000-7fe1148d0000 rw-p 00000000 00:00 0 
7fe1148d0000-7fe1153f4000 r-xp 00000000 08:01 5917890                    /usr/lib/jvm/java-7-openjdk-amd64/jre/lib/amd64/server/libjvm.so
7fe1153f4000-7fe1155f4000 ---p 00b24000 08:01 5917890                    /usr/lib/jvm/java-7-openjdk-amd64/jre/lib/amd64/server/libjvm.so
7fe1155f4000-7fe11568e000 r--p 00b24000 08:01 5917890                    /usr/lib/jvm/java-7-openjdk-amd64/jre/lib/amd64/server/libjvm.so
7fe11568e000-7fe1156b1000 rw-p 00bbe000 08:01 5917890                    /usr/lib/jvm/java-7-openjdk-amd64/jre/lib/amd64/server/libjvm.so
7fe1156b1000-7fe1156df000 rw-p 00000000 00:00 0 
7fe1156df000-7fe1156f7000 r-xp 00000000 08:01 790555                     /lib/x86_64-linux-gnu/libz.so.1.2.8
7fe1156f7000-7fe1158f6000 ---p 00018000 08:01 790555                     /lib/x86_64-linux-gnu/libz.so.1.2.8
7fe1158f6000-7fe1158f7000 r--p 00017000 08:01 790555                     /lib/x86_64-linux-gnu/libz.so.1.2.8
7fe1158f7000-7fe1158f8000 rw-p 00018000 08:01 790555                     /lib/x86_64-linux-gnu/libz.so.1.2.8
7fe1158f8000-7fe115911000 r-xp 00000000 08:01 786635                     /lib/x86_64-linux-gnu/libpthread-2.19.so
7fe115911000-7fe115b10000 ---p 00019000 08:01 786635                     /lib/x86_64-linux-gnu/libpthread-2.19.so
7fe115b10000-7fe115b11000 r--p 00018000 08:01 786635                     /lib/x86_64-linux-gnu/libpthread-2.19.so
7fe115b11000-7fe115b12000 rw-p 00019000 08:01 786635                     /lib/x86_64-linux-gnu/libpthread-2.19.so
7fe115b12000-7fe115b16000 rw-p 00000000 00:00 0 
7fe115b16000-7fe115b19000 r-xp 00000000 08:01 786630                     /lib/x86_64-linux-gnu/libdl-2.19.so
7fe115b19000-7fe115d18000 ---p 00003000 08:01 786630                     /lib/x86_64-linux-gnu/libdl-2.19.so
7fe115d18000-7fe115d19000 r--p 00002000 08:01 786630                     /lib/x86_64-linux-gnu/libdl-2.19.so
7fe115d19000-7fe115d1a000 rw-p 00003000 08:01 786630                     /lib/x86_64-linux-gnu/libdl-2.19.so
7fe115d1a000-7fe115ed5000 r-xp 00000000 08:01 786643                     /lib/x86_64-linux-gnu/libc-2.19.so
7fe115ed5000-7fe1160d4000 ---p 001bb000 08:01 786643                     /lib/x86_64-linux-gnu/libc-2.19.so
7fe1160d4000-7fe1160d8000 r--p 001ba000 08:01 786643                     /lib/x86_64-linux-gnu/libc-2.19.so
7fe1160d8000-7fe1160da000 rw-p 001be000 08:01 786643                     /lib/x86_64-linux-gnu/libc-2.19.so
7fe1160da000-7fe1160df000 rw-p 00000000 00:00 0 
7fe1160df000-7fe1160ec000 r-xp 00000000 08:01 5917907                    /usr/lib/jvm/java-7-openjdk-amd64/jre/lib/amd64/jli/libjli.so
7fe1160ec000-7fe1162eb000 ---p 0000d000 08:01 5917907                    /usr/lib/jvm/java-7-openjdk-amd64/jre/lib/amd64/jli/libjli.so
7fe1162eb000-7fe1162ec000 r--p 0000c000 08:01 5917907                    /usr/lib/jvm/java-7-openjdk-amd64/jre/lib/amd64/jli/libjli.so
7fe1162ec000-7fe1162ed000 rw-p 0000d000 08:01 5917907                    /usr/lib/jvm/java-7-openjdk-amd64/jre/lib/amd64/jli/libjli.so
7fe1162ed000-7fe116310000 r-xp 00000000 08:01 786636                     /lib/x86_64-linux-gnu/ld-2.19.so
7fe116312000-7fe116316000 r--s 00034000 08:01 5917930                    /usr/lib/jvm/java-7-openjdk-amd64/jre/lib/ext/sunjce_provider.jar
7fe116316000-7fe11633e000 rw-p 00000000 00:00 0 
7fe11633e000-7fe1163ee000 rw-p 00000000 00:00 0 
7fe1163ee000-7fe1163f1000 ---p 00000000 00:00 0 
7fe1163f1000-7fe1164f4000 rw-p 00000000 00:00 0                          [stack:27640]
7fe1164f5000-7fe1164f6000 rw-p 00000000 00:00 0 
7fe1164f6000-7fe1164f8000 r--s 00012000 08:01 5917929                    /usr/lib/jvm/java-7-openjdk-amd64/jre/lib/ext/zipfs.jar
7fe1164f8000-7fe1164fa000 r--s 00006000 08:01 5118243                    /usr/share/java/java-atk-wrapper.jar
7fe1164fa000-7fe1164fe000 r--s 0003c000 08:01 5917933                    /usr/lib/jvm/java-7-openjdk-amd64/jre/lib/ext/sunpkcs11.jar
7fe1164fe000-7fe116502000 r--s 00085000 08:01 5917932                    /usr/lib/jvm/java-7-openjdk-amd64/jre/lib/ext/localedata.jar
7fe116502000-7fe116503000 r--s 00002000 08:01 5917928                    /usr/lib/jvm/java-7-openjdk-amd64/jre/lib/ext/dnsns.jar
7fe116503000-7fe11650b000 rw-s 00000000 08:01 131950                     /tmp/hsperfdata_raihan/27635
7fe11650b000-7fe11650c000 rw-p 00000000 00:00 0 
7fe11650c000-7fe11650d000 ---p 00000000 00:00 0 
7fe11650d000-7fe11650f000 rw-p 00000000 00:00 0 
7fe11650f000-7fe116510000 r--p 00022000 08:01 786636                     /lib/x86_64-linux-gnu/ld-2.19.so
7fe116510000-7fe116511000 rw-p 00023000 08:01 786636                     /lib/x86_64-linux-gnu/ld-2.19.so
7fe116511000-7fe116512000 rw-p 00000000 00:00 0 
7fffd4656000-7fffd4677000 rw-p 00000000 00:00 0                          [stack]
7fffd47fe000-7fffd4800000 r-xp 00000000 00:00 0                          [vdso]
ffffffffff600000-ffffffffff601000 r-xp 00000000 00:00 0                  [vsyscall]

VM Arguments:
jvm_args: -Xmx1024M -Dfile.encoding=UTF-8 -Duser.country=US -Duser.language=en -Duser.variant 
java_command: com.android.dx.command.Main --dex --multi-dex --main-dex-list /home/raihan/OpenSrpWorkSpace/opensrp-client-dghs-demo/opensrp-dghs/build/intermediates/multi-dex/x86/debug/maindexlist.txt --output /home/raihan/OpenSrpWorkSpace/opensrp-client-dghs-demo/opensrp-dghs/build/intermediates/dex/x86/debug /home/raihan/OpenSrpWorkSpace/opensrp-client-dghs-demo/opensrp-dghs/build/intermediates/multi-dex/x86/debug/allclasses.jar
Launcher Type: SUN_STANDARD

Environment Variables:
PATH=/usr/local/sbin:/usr/local/bin:/usr/sbin:/usr/bin:/sbin:/bin:/usr/games:/usr/local/games
SHELL=/bin/bash
DISPLAY=:0

Signal Handlers:
SIGSEGV: [libjvm.so+0x9548f0], sa_mask[0]=0x7ffbfeff, sa_flags=0x10000004
SIGBUS: [libjvm.so+0x9548f0], sa_mask[0]=0x7ffbfeff, sa_flags=0x10000004
SIGFPE: [libjvm.so+0x7cb0b0], sa_mask[0]=0x7ffbfeff, sa_flags=0x10000004
SIGPIPE: [libjvm.so+0x7cb0b0], sa_mask[0]=0x7ffbfeff, sa_flags=0x10000004
SIGXFSZ: [libjvm.so+0x7cb0b0], sa_mask[0]=0x7ffbfeff, sa_flags=0x10000004
SIGILL: [libjvm.so+0x7cb0b0], sa_mask[0]=0x7ffbfeff, sa_flags=0x10000004
SIGUSR1: SIG_DFL, sa_mask[0]=0x00000000, sa_flags=0x00000000
SIGUSR2: [libjvm.so+0x7caf50], sa_mask[0]=0x00000004, sa_flags=0x10000004
SIGHUP: [libjvm.so+0x7cb130], sa_mask[0]=0x7ffbfeff, sa_flags=0x10000004
SIGINT: [libjvm.so+0x7cb130], sa_mask[0]=0x7ffbfeff, sa_flags=0x10000004
SIGTERM: [libjvm.so+0x7cb130], sa_mask[0]=0x7ffbfeff, sa_flags=0x10000004
SIGQUIT: [libjvm.so+0x7cb130], sa_mask[0]=0x7ffbfeff, sa_flags=0x10000004
SIGTRAP: SIG_DFL, sa_mask[0]=0x00000000, sa_flags=0x00000000


---------------  S Y S T E M  ---------------

OS:Ubuntu 14.04 (trusty)
uname:Linux 3.13.0-24-generic #46-Ubuntu SMP Thu Apr 10 19:11:08 UTC 2014 x86_64
libc:glibc 2.19 NPTL 2.19 
rlimit: STACK 8192k, CORE 0k, NPROC 30570, NOFILE 4096, AS infinity
load average:2.84 2.20 1.63

/proc/meminfo:
MemTotal:        3934516 kB
MemFree:           92112 kB
Buffers:             692 kB
Cached:           406624 kB
SwapCached:        63628 kB
Active:          2776236 kB
Inactive:         785176 kB
Active(anon):    2760808 kB
Inactive(anon):   770280 kB
Active(file):      15428 kB
Inactive(file):    14896 kB
Unevictable:          68 kB
Mlocked:              68 kB
SwapTotal:       4080636 kB
SwapFree:             16 kB
Dirty:                36 kB
Writeback:            16 kB
AnonPages:       3094464 kB
Mapped:            57060 kB
Shmem:            376496 kB
Slab:              92596 kB
SReclaimable:      41608 kB
SUnreclaim:        50988 kB
KernelStack:        6544 kB
PageTables:        84612 kB
NFS_Unstable:          0 kB
Bounce:                0 kB
WritebackTmp:          0 kB
CommitLimit:     6047892 kB
Committed_AS:   24427960 kB
VmallocTotal:   34359738367 kB
VmallocUsed:      553592 kB
VmallocChunk:   34359155724 kB
HardwareCorrupted:     0 kB
AnonHugePages:    370688 kB
HugePages_Total:       0
HugePages_Free:        0
HugePages_Rsvd:        0
HugePages_Surp:        0
Hugepagesize:       2048 kB
DirectMap4k:       89600 kB
DirectMap2M:     3993600 kB
DirectMap1G:           0 kB


CPU:total 4 (2 cores per cpu, 2 threads per core) family 6 model 61 stepping 4, cmov, cx8, fxsr, mmx, sse, sse2, sse3, ssse3, sse4.1, sse4.2, popcnt, avx, avx2, aes, erms, ht, tsc, tscinvbit

/proc/cpuinfo:
processor	: 0
vendor_id	: GenuineIntel
cpu family	: 6
model		: 61
model name	: Intel(R) Core(TM) i5-5200U CPU @ 2.20GHz
stepping	: 4
microcode	: 0x1f
cpu MHz		: 1100.000
cache size	: 3072 KB
physical id	: 0
siblings	: 4
core id		: 0
cpu cores	: 2
apicid		: 0
initial apicid	: 0
fpu		: yes
fpu_exception	: yes
cpuid level	: 20
wp		: yes
flags		: fpu vme de pse tsc msr pae mce cx8 apic sep mtrr pge mca cmov pat pse36 clflush dts acpi mmx fxsr sse sse2 ss ht tm pbe syscall nx pdpe1gb rdtscp lm constant_tsc arch_perfmon pebs bts rep_good nopl xtopology nonstop_tsc aperfmperf eagerfpu pni pclmulqdq dtes64 monitor ds_cpl vmx est tm2 ssse3 fma cx16 xtpr pdcm pcid sse4_1 sse4_2 x2apic movbe popcnt tsc_deadline_timer aes xsave avx f16c rdrand lahf_lm abm 3dnowprefetch ida arat epb xsaveopt pln pts dtherm tpr_shadow vnmi flexpriority ept vpid fsgsbase tsc_adjust bmi1 avx2 smep bmi2 erms invpcid rdseed adx smap
bogomips	: 4389.82
clflush size	: 64
cache_alignment	: 64
address sizes	: 39 bits physical, 48 bits virtual
power management:

processor	: 1
vendor_id	: GenuineIntel
cpu family	: 6
model		: 61
model name	: Intel(R) Core(TM) i5-5200U CPU @ 2.20GHz
stepping	: 4
microcode	: 0x1f
cpu MHz		: 500.000
cache size	: 3072 KB
physical id	: 0
siblings	: 4
core id		: 0
cpu cores	: 2
apicid		: 1
initial apicid	: 1
fpu		: yes
fpu_exception	: yes
cpuid level	: 20
wp		: yes
flags		: fpu vme de pse tsc msr pae mce cx8 apic sep mtrr pge mca cmov pat pse36 clflush dts acpi mmx fxsr sse sse2 ss ht tm pbe syscall nx pdpe1gb rdtscp lm constant_tsc arch_perfmon pebs bts rep_good nopl xtopology nonstop_tsc aperfmperf eagerfpu pni pclmulqdq dtes64 monitor ds_cpl vmx est tm2 ssse3 fma cx16 xtpr pdcm pcid sse4_1 sse4_2 x2apic movbe popcnt tsc_deadline_timer aes xsave avx f16c rdrand lahf_lm abm 3dnowprefetch ida arat epb xsaveopt pln pts dtherm tpr_shadow vnmi flexpriority ept vpid fsgsbase tsc_adjust bmi1 avx2 smep bmi2 erms invpcid rdseed adx smap
bogomips	: 4389.82
clflush size	: 64
cache_alignment	: 64
address sizes	: 39 bits physical, 48 bits virtual
power management:

processor	: 2
vendor_id	: GenuineIntel
cpu family	: 6
model		: 61
model name	: Intel(R) Core(TM) i5-5200U CPU @ 2.20GHz
stepping	: 4
microcode	: 0x1f
cpu MHz		: 2201.000
cache size	: 3072 KB
physical id	: 0
siblings	: 4
core id		: 1
cpu cores	: 2
apicid		: 2
initial apicid	: 2
fpu		: yes
fpu_exception	: yes
cpuid level	: 20
wp		: yes
flags		: fpu vme de pse tsc msr pae mce cx8 apic sep mtrr pge mca cmov pat pse36 clflush dts acpi mmx fxsr sse sse2 ss ht tm pbe syscall nx pdpe1gb rdtscp lm constant_tsc arch_perfmon pebs bts rep_good nopl xtopology nonstop_tsc aperfmperf eagerfpu pni pclmulqdq dtes64 monitor ds_cpl vmx est tm2 ssse3 fma cx16 xtpr pdcm pcid sse4_1 sse4_2 x2apic movbe popcnt tsc_deadline_timer aes xsave avx f16c rdrand lahf_lm abm 3dnowprefetch ida arat epb xsaveopt pln pts dtherm tpr_shadow vnmi flexpriority ept vpid fsgsbase tsc_adjust bmi1 avx2 smep bmi2 erms invpcid rdseed adx smap
bogomips	: 4389.82
clflush size	: 64
cache_alignment	: 64
address sizes	: 39 bits physical, 48 bits virtual
power management:

processor	: 3
vendor_id	: GenuineIntel
cpu family	: 6
model		: 61
model name	: Intel(R) Core(TM) i5-5200U CPU @ 2.20GHz
stepping	: 4
microcode	: 0x1f
cpu MHz		: 2201.000
cache size	: 3072 KB
physical id	: 0
siblings	: 4
core id		: 1
cpu cores	: 2
apicid		: 3
initial apicid	: 3
fpu		: yes
fpu_exception	: yes
cpuid level	: 20
wp		: yes
flags		: fpu vme de pse tsc msr pae mce cx8 apic sep mtrr pge mca cmov pat pse36 clflush dts acpi mmx fxsr sse sse2 ss ht tm pbe syscall nx pdpe1gb rdtscp lm constant_tsc arch_perfmon pebs bts rep_good nopl xtopology nonstop_tsc aperfmperf eagerfpu pni pclmulqdq dtes64 monitor ds_cpl vmx est tm2 ssse3 fma cx16 xtpr pdcm pcid sse4_1 sse4_2 x2apic movbe popcnt tsc_deadline_timer aes xsave avx f16c rdrand lahf_lm abm 3dnowprefetch ida arat epb xsaveopt pln pts dtherm tpr_shadow vnmi flexpriority ept vpid fsgsbase tsc_adjust bmi1 avx2 smep bmi2 erms invpcid rdseed adx smap
bogomips	: 4389.82
clflush size	: 64
cache_alignment	: 64
address sizes	: 39 bits physical, 48 bits virtual
power management:



Memory: 4k page, physical 3934516k(91988k free), swap 4080636k(8k free)

vm_info: OpenJDK 64-Bit Server VM (24.95-b01) for linux-amd64 JRE (1.7.0_95-b00), built on Mar 24 2016 06:13:32 by "buildd" with gcc 4.8.2

time: Wed Aug 17 16:00:54 2016
elapsed time: 21 seconds

