#
# There is insufficient memory for the Java Runtime Environment to continue.
# Native memory allocation (malloc) failed to allocate 24641536 bytes for committing reserved memory.
# Possible reasons:
#   The system is out of physical RAM or swap space
#   In 32 bit mode, the process size limit was hit
# Possible solutions:
#   Reduce memory load on the system
#   Increase physical memory or swap space
#   Check if swap backing store is full
#   Use 64 bit Java on a 64 bit OS
#   Decrease Java heap size (-Xmx/-Xms)
#   Decrease number of Java threads
#   Decrease Java thread stack sizes (-Xss)
#   Set larger code cache with -XX:ReservedCodeCacheSize=
# This output file may be truncated or incomplete.
#
#  Out of Memory Error (os_linux.cpp:2827), pid=31805, tid=139946215040768
#
# JRE version: OpenJDK Runtime Environment (7.0_95) (build 1.7.0_95-b00)
# Java VM: OpenJDK 64-Bit Server VM (24.95-b01 mixed mode linux-amd64 compressed oops)
# Derivative: IcedTea 2.6.4
# Distribution: Ubuntu 14.04 LTS, package 7u95-2.6.4-0ubuntu0.14.04.2
# Failed to write core dump. Core dumps have been disabled. To enable core dumping, try "ulimit -c unlimited" before starting Java again
#

---------------  T H R E A D  ---------------

Current thread (0x00007f47c8076000):  VMThread [stack: 0x00007f47c45f6000,0x00007f47c46f7000] [id=31815]

Stack: [0x00007f47c45f6000,0x00007f47c46f7000],  sp=0x00007f47c46f5490,  free space=1021k
Native frames: (J=compiled Java code, j=interpreted, Vv=VM code, C=native code)
V  [libjvm.so+0x953e15]
V  [libjvm.so+0x48fd94]
V  [libjvm.so+0x7cf87b]
V  [libjvm.so+0x7ca33f]
V  [libjvm.so+0x83dacb]
V  [libjvm.so+0x83e930]
V  [libjvm.so+0x83f01b]
V  [libjvm.so+0x83b258]
V  [libjvm.so+0x83bac8]
V  [libjvm.so+0x7f2083]
V  [libjvm.so+0x955814]
V  [libjvm.so+0x959917]
V  [libjvm.so+0x9583d8]
V  [libjvm.so+0x958839]
V  [libjvm.so+0x958c82]
V  [libjvm.so+0x7cc742]

VM_Operation (0x00007f47d08d5c10): ParallelGCFailedAllocation, mode: safepoint, requested by thread 0x00007f47c800a800


---------------  P R O C E S S  ---------------

Java Threads: ( => current thread )
  0x00007f47c80b1800 JavaThread "Service Thread" daemon [_thread_blocked, id=31821, stack(0x00007f47b52ac000,0x00007f47b53ad000)]
  0x00007f47c80af000 JavaThread "C2 CompilerThread1" daemon [_thread_blocked, id=31820, stack(0x00007f47c40f1000,0x00007f47c41f2000)]
  0x00007f47c80ac000 JavaThread "C2 CompilerThread0" daemon [_thread_blocked, id=31819, stack(0x00007f47c41f2000,0x00007f47c42f3000)]
  0x00007f47c80aa000 JavaThread "Signal Dispatcher" daemon [_thread_blocked, id=31818, stack(0x00007f47c42f3000,0x00007f47c43f4000)]
  0x00007f47c807c000 JavaThread "Finalizer" daemon [_thread_blocked, id=31817, stack(0x00007f47c43f4000,0x00007f47c44f5000)]
  0x00007f47c807a000 JavaThread "Reference Handler" daemon [_thread_blocked, id=31816, stack(0x00007f47c44f5000,0x00007f47c45f6000)]
  0x00007f47c800a800 JavaThread "main" [_thread_blocked, id=31810, stack(0x00007f47d07d7000,0x00007f47d08d8000)]

Other Threads:
=>0x00007f47c8076000 VMThread [stack: 0x00007f47c45f6000,0x00007f47c46f7000] [id=31815]
  0x00007f47c80bc000 WatcherThread [stack: 0x00007f47b51ab000,0x00007f47b52ac000] [id=31822]

VM state:at safepoint (normal execution)

VM Mutex/Monitor currently owned by a thread:  ([mutex/lock_event])
[0x00007f47c8006960] Threads_lock - owner thread: 0x00007f47c8076000
[0x00007f47c8006e60] Heap_lock - owner thread: 0x00007f47c800a800

Heap
 PSYoungGen      total 243200K, used 30248K [0x00000000eaa80000, 0x00000000fd900000, 0x0000000100000000)
  eden space 193536K, 0% used [0x00000000eaa80000,0x00000000eaa80000,0x00000000f6780000)
  from space 49664K, 60% used [0x00000000f6780000,0x00000000f850a120,0x00000000f9800000)
  to   space 50176K, 0% used [0x00000000f9800000,0x00000000f9800000,0x00000000fc900000)
 ParOldGen       total 227328K, used 210576K [0x00000000c0000000, 0x00000000cde00000, 0x00000000eaa80000)
  object space 227328K, 92% used [0x00000000c0000000,0x00000000ccda4240,0x00000000cde00000)
 PSPermGen       total 21504K, used 6136K [0x00000000b5a00000, 0x00000000b6f00000, 0x00000000c0000000)
  object space 21504K, 28% used [0x00000000b5a00000,0x00000000b5ffe3b0,0x00000000b6f00000)

Card table byte_map: [0x00007f47cd1b8000,0x00007f47cd40c000] byte_map_base: 0x00007f47ccc0b000

Polling page: 0x00007f47d08f5000

Code Cache  [0x00007f47c5000000, 0x00007f47c53f0000, 0x00007f47c8000000)
 total_blobs=1239 nmethods=1011 adapters=181 free_code_cache=45264Kb largest_free_block=46217792

Compilation events (10 events):
Event: 21.253 Thread 0x00007f47c80ac000 nmethod 1085 0x00007f47c52cd090 code [0x00007f47c52cd240, 0x00007f47c52cd758]
Event: 21.254 Thread 0x00007f47c80af000 nmethod 1088 0x00007f47c50b9a90 code [0x00007f47c50b9be0, 0x00007f47c50b9d18]
Event: 21.365 Thread 0x00007f47c80ac000 1089             java.util.DualPivotQuicksort::sort (1195 bytes)
Event: 21.389 Thread 0x00007f47c80af000 1090             com.android.dx.dex.file.DexFile::getFieldIds (5 bytes)
Event: 21.389 Thread 0x00007f47c80af000 nmethod 1090 0x00007f47c53eaf50 code [0x00007f47c53eb080, 0x00007f47c53eb0d8]
Event: 21.530 Thread 0x00007f47c80ac000 nmethod 1089 0x00007f47c5379c90 code [0x00007f47c5379f00, 0x00007f47c537b8c0]
Event: 21.561 Thread 0x00007f47c80af000 1091  s          com.android.dx.dex.file.FieldIdsSection::intern (55 bytes)
Event: 21.593 Thread 0x00007f47c80ac000 1092   !         com.android.dx.dex.cf.CfTranslator::processFields (251 bytes)
Event: 21.598 Thread 0x00007f47c80af000 nmethod 1091 0x00007f47c5137710 code [0x00007f47c51378c0, 0x00007f47c51380f0]
Event: 21.624 Thread 0x00007f47c80ac000 nmethod 1092 0x00007f47c51cf450 code [0x00007f47c51cf7a0, 0x00007f47c51d06d8]

GC Heap History (10 events):
Event: 13.998 GC heap after
Heap after GC invocations=17 (full 2):
 PSYoungGen      total 178176K, used 30176K [0x00000000eaa80000, 0x00000000fa500000, 0x0000000100000000)
  eden space 147968K, 0% used [0x00000000eaa80000,0x00000000eaa80000,0x00000000f3b00000)
  from space 30208K, 99% used [0x00000000f3b00000,0x00000000f58782e8,0x00000000f5880000)
  to   space 40960K, 0% used [0x00000000f7d00000,0x00000000f7d00000,0x00000000fa500000)
 ParOldGen       total 138240K, used 107577K [0x00000000c0000000, 0x00000000c8700000, 0x00000000eaa80000)
  object space 138240K, 77% used [0x00000000c0000000,0x00000000c690e670,0x00000000c8700000)
 PSPermGen       total 21504K, used 6114K [0x00000000b5a00000, 0x00000000b6f00000, 0x00000000c0000000)
  object space 21504K, 28% used [0x00000000b5a00000,0x00000000b5ff88a8,0x00000000b6f00000)
}
Event: 14.913 GC heap before
{Heap before GC invocations=18 (full 2):
 PSYoungGen      total 178176K, used 178144K [0x00000000eaa80000, 0x00000000fa500000, 0x0000000100000000)
  eden space 147968K, 100% used [0x00000000eaa80000,0x00000000f3b00000,0x00000000f3b00000)
  from space 30208K, 99% used [0x00000000f3b00000,0x00000000f58782e8,0x00000000f5880000)
  to   space 40960K, 0% used [0x00000000f7d00000,0x00000000f7d00000,0x00000000fa500000)
 ParOldGen       total 138240K, used 107577K [0x00000000c0000000, 0x00000000c8700000, 0x00000000eaa80000)
  object space 138240K, 77% used [0x00000000c0000000,0x00000000c690e670,0x00000000c8700000)
 PSPermGen       total 21504K, used 6123K [0x00000000b5a00000, 0x00000000b6f00000, 0x00000000c0000000)
  object space 21504K, 28% used [0x00000000b5a00000,0x00000000b5ffad48,0x00000000b6f00000)
Event: 15.047 GC heap after
Heap after GC invocations=18 (full 2):
 PSYoungGen      total 214528K, used 25456K [0x00000000eaa80000, 0x00000000fab00000, 0x0000000100000000)
  eden space 173568K, 0% used [0x00000000eaa80000,0x00000000eaa80000,0x00000000f5400000)
  from space 40960K, 62% used [0x00000000f7d00000,0x00000000f95dc1f0,0x00000000fa500000)
  to   space 41984K, 0% used [0x00000000f5400000,0x00000000f5400000,0x00000000f7d00000)
 ParOldGen       total 138240K, used 137878K [0x00000000c0000000, 0x00000000c8700000, 0x00000000eaa80000)
  object space 138240K, 99% used [0x00000000c0000000,0x00000000c86a5aa8,0x00000000c8700000)
 PSPermGen       total 21504K, used 6123K [0x00000000b5a00000, 0x00000000b6f00000, 0x00000000c0000000)
  object space 21504K, 28% used [0x00000000b5a00000,0x00000000b5ffad48,0x00000000b6f00000)
}
Event: 15.047 GC heap before
{Heap before GC invocations=19 (full 3):
 PSYoungGen      total 214528K, used 25456K [0x00000000eaa80000, 0x00000000fab00000, 0x0000000100000000)
  eden space 173568K, 0% used [0x00000000eaa80000,0x00000000eaa80000,0x00000000f5400000)
  from space 40960K, 62% used [0x00000000f7d00000,0x00000000f95dc1f0,0x00000000fa500000)
  to   space 41984K, 0% used [0x00000000f5400000,0x00000000f5400000,0x00000000f7d00000)
 ParOldGen       total 138240K, used 137878K [0x00000000c0000000, 0x00000000c8700000, 0x00000000eaa80000)
  object space 138240K, 99% used [0x00000000c0000000,0x00000000c86a5aa8,0x00000000c8700000)
 PSPermGen       total 21504K, used 6123K [0x00000000b5a00000, 0x00000000b6f00000, 0x00000000c0000000)
  object space 21504K, 28% used [0x00000000b5a00000,0x00000000b5ffad48,0x00000000b6f00000)
Event: 16.158 GC heap after
Heap after GC invocations=19 (full 3):
 PSYoungGen      total 214528K, used 20695K [0x00000000eaa80000, 0x00000000fab00000, 0x0000000100000000)
  eden space 173568K, 0% used [0x00000000eaa80000,0x00000000eaa80000,0x00000000f5400000)
  from space 40960K, 50% used [0x00000000f7d00000,0x00000000f9135ec8,0x00000000fa500000)
  to   space 41984K, 0% used [0x00000000f5400000,0x00000000f5400000,0x00000000f7d00000)
 ParOldGen       total 227328K, used 137831K [0x00000000c0000000, 0x00000000cde00000, 0x00000000eaa80000)
  object space 227328K, 60% used [0x00000000c0000000,0x00000000c8699f50,0x00000000cde00000)
 PSPermGen       total 21504K, used 6122K [0x00000000b5a00000, 0x00000000b6f00000, 0x00000000c0000000)
  object space 21504K, 28% used [0x00000000b5a00000,0x00000000b5ffaba8,0x00000000b6f00000)
}
Event: 17.333 GC heap before
{Heap before GC invocations=20 (full 3):
 PSYoungGen      total 214528K, used 194263K [0x00000000eaa80000, 0x00000000fab00000, 0x0000000100000000)
  eden space 173568K, 100% used [0x00000000eaa80000,0x00000000f5400000,0x00000000f5400000)
  from space 40960K, 50% used [0x00000000f7d00000,0x00000000f9135ec8,0x00000000fa500000)
  to   space 41984K, 0% used [0x00000000f5400000,0x00000000f5400000,0x00000000f7d00000)
 ParOldGen       total 227328K, used 137831K [0x00000000c0000000, 0x00000000cde00000, 0x00000000eaa80000)
  object space 227328K, 60% used [0x00000000c0000000,0x00000000c8699f50,0x00000000cde00000)
 PSPermGen       total 21504K, used 6128K [0x00000000b5a00000, 0x00000000b6f00000, 0x00000000c0000000)
  object space 21504K, 28% used [0x00000000b5a00000,0x00000000b5ffc210,0x00000000b6f00000)
Event: 17.452 GC heap after
Heap after GC invocations=20 (full 3):
 PSYoungGen      total 215552K, used 41965K [0x00000000eaa80000, 0x00000000fc900000, 0x0000000100000000)
  eden space 173568K, 0% used [0x00000000eaa80000,0x00000000eaa80000,0x00000000f5400000)
  from space 41984K, 99% used [0x00000000f5400000,0x00000000f7cfb6c0,0x00000000f7d00000)
  to   space 50176K, 0% used [0x00000000f9800000,0x00000000f9800000,0x00000000fc900000)
 ParOldGen       total 227328K, used 142193K [0x00000000c0000000, 0x00000000cde00000, 0x00000000eaa80000)
  object space 227328K, 62% used [0x00000000c0000000,0x00000000c8adc690,0x00000000cde00000)
 PSPermGen       total 21504K, used 6128K [0x00000000b5a00000, 0x00000000b6f00000, 0x00000000c0000000)
  object space 21504K, 28% used [0x00000000b5a00000,0x00000000b5ffc210,0x00000000b6f00000)
}
Event: 18.177 GC heap before
{Heap before GC invocations=21 (full 3):
 PSYoungGen      total 215552K, used 215533K [0x00000000eaa80000, 0x00000000fc900000, 0x0000000100000000)
  eden space 173568K, 100% used [0x00000000eaa80000,0x00000000f5400000,0x00000000f5400000)
  from space 41984K, 99% used [0x00000000f5400000,0x00000000f7cfb6c0,0x00000000f7d00000)
  to   space 50176K, 0% used [0x00000000f9800000,0x00000000f9800000,0x00000000fc900000)
 ParOldGen       total 227328K, used 142193K [0x00000000c0000000, 0x00000000cde00000, 0x00000000eaa80000)
  object space 227328K, 62% used [0x00000000c0000000,0x00000000c8adc690,0x00000000cde00000)
 PSPermGen       total 21504K, used 6132K [0x00000000b5a00000, 0x00000000b6f00000, 0x00000000c0000000)
  object space 21504K, 28% used [0x00000000b5a00000,0x00000000b5ffd040,0x00000000b6f00000)
Event: 19.491 GC heap after
Heap after GC invocations=21 (full 3):
 PSYoungGen      total 243712K, used 27347K [0x00000000eaa80000, 0x00000000fd900000, 0x0000000100000000)
  eden space 193536K, 0% used [0x00000000eaa80000,0x00000000eaa80000,0x00000000f6780000)
  from space 50176K, 54% used [0x00000000f9800000,0x00000000fb2b4f38,0x00000000fc900000)
  to   space 49664K, 0% used [0x00000000f6780000,0x00000000f6780000,0x00000000f9800000)
 ParOldGen       total 227328K, used 184314K [0x00000000c0000000, 0x00000000cde00000, 0x00000000eaa80000)
  object space 227328K, 81% used [0x00000000c0000000,0x00000000cb3fea18,0x00000000cde00000)
 PSPermGen       total 21504K, used 6132K [0x00000000b5a00000, 0x00000000b6f00000, 0x00000000c0000000)
  object space 21504K, 28% used [0x00000000b5a00000,0x00000000b5ffd040,0x00000000b6f00000)
}
Event: 21.665 GC heap before
{Heap before GC invocations=22 (full 3):
 PSYoungGen      total 243712K, used 220883K [0x00000000eaa80000, 0x00000000fd900000, 0x0000000100000000)
  eden space 193536K, 100% used [0x00000000eaa80000,0x00000000f6780000,0x00000000f6780000)
  from space 50176K, 54% used [0x00000000f9800000,0x00000000fb2b4f38,0x00000000fc900000)
  to   space 49664K, 0% used [0x00000000f6780000,0x00000000f6780000,0x00000000f9800000)
 ParOldGen       total 227328K, used 184314K [0x00000000c0000000, 0x00000000cde00000, 0x00000000eaa80000)
  object space 227328K, 81% used [0x00000000c0000000,0x00000000cb3fea18,0x00000000cde00000)
 PSPermGen       total 21504K, used 6136K [0x00000000b5a00000, 0x00000000b6f00000, 0x00000000c0000000)
  object space 21504K, 28% used [0x00000000b5a00000,0x00000000b5ffe3b0,0x00000000b6f00000)

Deoptimization events (10 events):
Event: 17.487 Thread 0x00007f47c800a800 Uncommon trap: reason=class_check action=maybe_recompile pc=0x00007f47c50c2f30 method=com.android.dx.ssa.SCCP.simulateBranch(Lcom/android/dx/ssa/SsaInsn;)V @ 145
Event: 17.554 Thread 0x00007f47c800a800 Uncommon trap: reason=class_check action=maybe_recompile pc=0x00007f47c53c3ee8 method=com.android.dx.ssa.SCCP.replaceConstants()V @ 182
Event: 17.558 Thread 0x00007f47c800a800 Uncommon trap: reason=class_check action=maybe_recompile pc=0x00007f47c53c3ee8 method=com.android.dx.ssa.SCCP.replaceConstants()V @ 182
Event: 17.625 Thread 0x00007f47c800a800 Uncommon trap: reason=bimorphic action=maybe_recompile pc=0x00007f47c53693a8 method=com.android.dx.ssa.NormalSsaInsn.changeOneSource(ILcom/android/dx/rop/code/RegisterSpec;)V @ 113
Event: 17.625 Thread 0x00007f47c800a800 Uncommon trap: reason=bimorphic action=maybe_recompile pc=0x00007f47c53693a8 method=com.android.dx.ssa.NormalSsaInsn.changeOneSource(ILcom/android/dx/rop/code/RegisterSpec;)V @ 113
Event: 17.625 Thread 0x00007f47c800a800 Uncommon trap: reason=bimorphic action=maybe_recompile pc=0x00007f47c53693a8 method=com.android.dx.ssa.NormalSsaInsn.changeOneSource(ILcom/android/dx/rop/code/RegisterSpec;)V @ 113
Event: 17.625 Thread 0x00007f47c800a800 Uncommon trap: reason=bimorphic action=maybe_recompile pc=0x00007f47c53693a8 method=com.android.dx.ssa.NormalSsaInsn.changeOneSource(ILcom/android/dx/rop/code/RegisterSpec;)V @ 113
Event: 17.705 Thread 0x00007f47c800a800 Uncommon trap: reason=bimorphic action=maybe_recompile pc=0x00007f47c5187974 method=com.android.dx.ssa.LiteralOpUpgrader.tryReplacingWithConstant(Lcom/android/dx/ssa/NormalSsaInsn;)Z @ 62
Event: 17.755 Thread 0x00007f47c800a800 Uncommon trap: reason=bimorphic action=maybe_recompile pc=0x00007f47c5187974 method=com.android.dx.ssa.LiteralOpUpgrader.tryReplacingWithConstant(Lcom/android/dx/ssa/NormalSsaInsn;)Z @ 62
Event: 20.495 Thread 0x00007f47c800a800 Uncommon trap: reason=unstable_if action=reinterpret pc=0x00007f47c51876ec method=com.android.dx.ssa.LiteralOpUpgrader$1.visitNonMoveInsn(Lcom/android/dx/ssa/NormalSsaInsn;)V @ 137

Internal exceptions (10 events):
Event: 9.137 Thread 0x00007f47c800a800 Threw 0x00000000eb881e28 at /build/openjdk-7-HVzwJZ/openjdk-7-7u95-2.6.4/build/openjdk/hotspot/src/share/vm/prims/jvm.cpp:1322
Event: 10.933 Thread 0x00007f47c800a800 Implicit null exception at 0x00007f47c50d028a to 0x00007f47c50d04a9
Event: 10.933 Thread 0x00007f47c800a800 Implicit null exception at 0x00007f47c50b9bb1 to 0x00007f47c50ba259
Event: 10.933 Thread 0x00007f47c800a800 Implicit null exception at 0x00007f47c517f864 to 0x00007f47c517fb75
Event: 10.934 Thread 0x00007f47c800a800 Implicit null exception at 0x00007f47c50e5a9b to 0x00007f47c50e5db1
Event: 10.934 Thread 0x00007f47c800a800 Implicit null exception at 0x00007f47c5176b39 to 0x00007f47c5177745
Event: 10.935 Thread 0x00007f47c800a800 Implicit null exception at 0x00007f47c50f71e7 to 0x00007f47c50f74e1
Event: 10.935 Thread 0x00007f47c800a800 Implicit null exception at 0x00007f47c50bbd78 to 0x00007f47c50bbecd
Event: 14.091 Thread 0x00007f47c800a800 Threw 0x00000000eb7eaa40 at /build/openjdk-7-HVzwJZ/openjdk-7-7u95-2.6.4/build/openjdk/hotspot/src/share/vm/prims/jvm.cpp:1322
Event: 14.739 Thread 0x00007f47c800a800 Threw 0x00000000f1b98eb8 at /build/openjdk-7-HVzwJZ/openjdk-7-7u95-2.6.4/build/openjdk/hotspot/src/share/vm/prims/jvm.cpp:1322

Events (10 events):
Event: 18.116 Thread 0x00007f47c80af000 flushing nmethod 0x00007f47c536d310
Event: 18.177 Executing VM operation: ParallelGCFailedAllocation
Event: 19.517 Executing VM operation: ParallelGCFailedAllocation done
Event: 20.485 Thread 0x00007f47c800a800 Uncommon trap: trap_request=0xffffff75 fr.pc=0x00007f47c51876ec
Event: 20.502 Thread 0x00007f47c800a800 DEOPT PACKING pc=0x00007f47c51876ec sp=0x00007f47d08d6060
Event: 20.512 Thread 0x00007f47c800a800 DEOPT UNPACKING pc=0x00007f47c5039445 sp=0x00007f47d08d6020 mode 2
Event: 21.253 Thread 0x00007f47c80ac000 flushing nmethod 0x00007f47c5136cd0
Event: 21.389 Thread 0x00007f47c80af000 flushing nmethod 0x00007f47c51b0b50
Event: 21.530 Thread 0x00007f47c80ac000 flushing nmethod 0x00007f47c51cbfd0
Event: 21.664 Executing VM operation: ParallelGCFailedAllocation


Dynamic libraries:
00400000-00401000 r-xp 00000000 08:01 5508137                            /usr/lib/jvm/java-7-openjdk-amd64/jre/bin/java
00600000-00601000 r--p 00000000 08:01 5508137                            /usr/lib/jvm/java-7-openjdk-amd64/jre/bin/java
00601000-00602000 rw-p 00001000 08:01 5508137                            /usr/lib/jvm/java-7-openjdk-amd64/jre/bin/java
0222f000-02250000 rw-p 00000000 00:00 0                                  [heap]
b5a00000-b6f00000 rw-p 00000000 00:00 0 
b6f00000-c0000000 rw-p 00000000 00:00 0 
c0000000-cde00000 rw-p 00000000 00:00 0 
cde00000-eaa80000 rw-p 00000000 00:00 0 
eaa80000-fd900000 rw-p 00000000 00:00 0 
ff080000-100000000 rw-p 00000000 00:00 0 
7f478f99f000-7f478f9dc000 r-xp 00000000 08:01 790495                     /lib/x86_64-linux-gnu/libpcre.so.3.13.1
7f478f9dc000-7f478fbdb000 ---p 0003d000 08:01 790495                     /lib/x86_64-linux-gnu/libpcre.so.3.13.1
7f478fbdb000-7f478fbdc000 r--p 0003c000 08:01 790495                     /lib/x86_64-linux-gnu/libpcre.so.3.13.1
7f478fbdc000-7f478fbdd000 rw-p 0003d000 08:01 790495                     /lib/x86_64-linux-gnu/libpcre.so.3.13.1
7f478fbdd000-7f478fbe4000 r-xp 00000000 08:01 4726848                    /usr/lib/x86_64-linux-gnu/libffi.so.6.0.1
7f478fbe4000-7f478fde3000 ---p 00007000 08:01 4726848                    /usr/lib/x86_64-linux-gnu/libffi.so.6.0.1
7f478fde3000-7f478fde4000 r--p 00006000 08:01 4726848                    /usr/lib/x86_64-linux-gnu/libffi.so.6.0.1
7f478fde4000-7f478fde5000 rw-p 00007000 08:01 4726848                    /usr/lib/x86_64-linux-gnu/libffi.so.6.0.1
7f478fde5000-7f478fdfc000 r-xp 00000000 08:01 786614                     /lib/x86_64-linux-gnu/libresolv-2.19.so
7f478fdfc000-7f478fffc000 ---p 00017000 08:01 786614                     /lib/x86_64-linux-gnu/libresolv-2.19.so
7f478fffc000-7f478fffd000 r--p 00017000 08:01 786614                     /lib/x86_64-linux-gnu/libresolv-2.19.so
7f478fffd000-7f478fffe000 rw-p 00018000 08:01 786614                     /lib/x86_64-linux-gnu/libresolv-2.19.so
7f478fffe000-7f4790000000 rw-p 00000000 00:00 0 
7f4790000000-7f4790021000 rw-p 00000000 00:00 0 
7f4790021000-7f4794000000 ---p 00000000 00:00 0 
7f4794000000-7f4794021000 rw-p 00000000 00:00 0 
7f4794021000-7f4798000000 ---p 00000000 00:00 0 
7f4798000000-7f4799a14000 rw-p 00000000 00:00 0 
7f4799a14000-7f479c000000 ---p 00000000 00:00 0 
7f479c000000-7f479d3b8000 rw-p 00000000 00:00 0 
7f479d3b8000-7f47a0000000 ---p 00000000 00:00 0 
7f47a0000000-7f47a0021000 rw-p 00000000 00:00 0 
7f47a0021000-7f47a4000000 ---p 00000000 00:00 0 
7f47a4000000-7f47a4021000 rw-p 00000000 00:00 0 
7f47a4021000-7f47a8000000 ---p 00000000 00:00 0 
7f47a8000000-7f47a8021000 rw-p 00000000 00:00 0 
7f47a8021000-7f47ac000000 ---p 00000000 00:00 0 
7f47ac000000-7f47ac021000 rw-p 00000000 00:00 0 
7f47ac021000-7f47b0000000 ---p 00000000 00:00 0 
7f47b0000000-7f47b0021000 rw-p 00000000 00:00 0 
7f47b0021000-7f47b4000000 ---p 00000000 00:00 0 
7f47b405d000-7f47b408e000 rw-p 00000000 00:00 0 
7f47b408e000-7f47b40ae000 r-xp 00000000 08:01 790522                     /lib/x86_64-linux-gnu/libselinux.so.1
7f47b40ae000-7f47b42ad000 ---p 00020000 08:01 790522                     /lib/x86_64-linux-gnu/libselinux.so.1
7f47b42ad000-7f47b42ae000 r--p 0001f000 08:01 790522                     /lib/x86_64-linux-gnu/libselinux.so.1
7f47b42ae000-7f47b42af000 rw-p 00020000 08:01 790522                     /lib/x86_64-linux-gnu/libselinux.so.1
7f47b42af000-7f47b42b1000 rw-p 00000000 00:00 0 
7f47b42b1000-7f47b42b4000 r-xp 00000000 08:01 4726965                    /usr/lib/x86_64-linux-gnu/libgmodule-2.0.so.0.4000.0
7f47b42b4000-7f47b44b3000 ---p 00003000 08:01 4726965                    /usr/lib/x86_64-linux-gnu/libgmodule-2.0.so.0.4000.0
7f47b44b3000-7f47b44b4000 r--p 00002000 08:01 4726965                    /usr/lib/x86_64-linux-gnu/libgmodule-2.0.so.0.4000.0
7f47b44b4000-7f47b44b5000 rw-p 00003000 08:01 4726965                    /usr/lib/x86_64-linux-gnu/libgmodule-2.0.so.0.4000.0
7f47b44b5000-7f47b45bb000 r-xp 00000000 08:01 790423                     /lib/x86_64-linux-gnu/libglib-2.0.so.0.4000.0
7f47b45bb000-7f47b47ba000 ---p 00106000 08:01 790423                     /lib/x86_64-linux-gnu/libglib-2.0.so.0.4000.0
7f47b47ba000-7f47b47bb000 r--p 00105000 08:01 790423                     /lib/x86_64-linux-gnu/libglib-2.0.so.0.4000.0
7f47b47bb000-7f47b47bc000 rw-p 00106000 08:01 790423                     /lib/x86_64-linux-gnu/libglib-2.0.so.0.4000.0
7f47b47bc000-7f47b47bd000 rw-p 00000000 00:00 0 
7f47b47bd000-7f47b480c000 r-xp 00000000 08:01 4726981                    /usr/lib/x86_64-linux-gnu/libgobject-2.0.so.0.4000.0
7f47b480c000-7f47b4a0c000 ---p 0004f000 08:01 4726981                    /usr/lib/x86_64-linux-gnu/libgobject-2.0.so.0.4000.0
7f47b4a0c000-7f47b4a0d000 r--p 0004f000 08:01 4726981                    /usr/lib/x86_64-linux-gnu/libgobject-2.0.so.0.4000.0
7f47b4a0d000-7f47b4a0e000 rw-p 00050000 08:01 4726981                    /usr/lib/x86_64-linux-gnu/libgobject-2.0.so.0.4000.0
7f47b4a0e000-7f47b4b79000 r-xp 00000000 08:01 4726951                    /usr/lib/x86_64-linux-gnu/libgio-2.0.so.0.4000.0
7f47b4b79000-7f47b4d79000 ---p 0016b000 08:01 4726951                    /usr/lib/x86_64-linux-gnu/libgio-2.0.so.0.4000.0
7f47b4d79000-7f47b4d7d000 r--p 0016b000 08:01 4726951                    /usr/lib/x86_64-linux-gnu/libgio-2.0.so.0.4000.0
7f47b4d7d000-7f47b4d7f000 rw-p 0016f000 08:01 4726951                    /usr/lib/x86_64-linux-gnu/libgio-2.0.so.0.4000.0
7f47b4d7f000-7f47b4d81000 rw-p 00000000 00:00 0 
7f47b4d81000-7f47b4d98000 r-xp 00000000 08:01 5917886                    /usr/lib/jvm/java-7-openjdk-amd64/jre/lib/amd64/libnet.so
7f47b4d98000-7f47b4f97000 ---p 00017000 08:01 5917886                    /usr/lib/jvm/java-7-openjdk-amd64/jre/lib/amd64/libnet.so
7f47b4f97000-7f47b4f98000 r--p 00016000 08:01 5917886                    /usr/lib/jvm/java-7-openjdk-amd64/jre/lib/amd64/libnet.so
7f47b4f98000-7f47b4f99000 rw-p 00017000 08:01 5917886                    /usr/lib/jvm/java-7-openjdk-amd64/jre/lib/amd64/libnet.so
7f47b4f99000-7f47b4fa9000 r-xp 00000000 08:01 5917910                    /usr/lib/jvm/java-7-openjdk-amd64/jre/lib/amd64/libnio.so
7f47b4fa9000-7f47b51a9000 ---p 00010000 08:01 5917910                    /usr/lib/jvm/java-7-openjdk-amd64/jre/lib/amd64/libnio.so
7f47b51a9000-7f47b51aa000 r--p 00010000 08:01 5917910                    /usr/lib/jvm/java-7-openjdk-amd64/jre/lib/amd64/libnio.so
7f47b51aa000-7f47b51ab000 rw-p 00011000 08:01 5917910                    /usr/lib/jvm/java-7-openjdk-amd64/jre/lib/amd64/libnio.so
7f47b51ab000-7f47b51ac000 ---p 00000000 00:00 0 
7f47b51ac000-7f47b52ac000 rw-p 00000000 00:00 0                          [stack:31822]
7f47b52ac000-7f47b52af000 ---p 00000000 00:00 0 
7f47b52af000-7f47b53ad000 rw-p 00000000 00:00 0                          [stack:31821]
7f47b53ad000-7f47b5ad0000 r--p 00000000 08:01 4725570                    /usr/lib/locale/locale-archive
7f47b5ad0000-7f47b8000000 rw-p 00000000 00:00 0 
7f47b8000000-7f47b8021000 rw-p 00000000 00:00 0 
7f47b8021000-7f47bc000000 ---p 00000000 00:00 0 
7f47bc000000-7f47bc021000 rw-p 00000000 00:00 0 
7f47bc021000-7f47c0000000 ---p 00000000 00:00 0 
7f47c0000000-7f47c0021000 rw-p 00000000 00:00 0 
7f47c0021000-7f47c4000000 ---p 00000000 00:00 0 
7f47c403f000-7f47c40f1000 r--s 00b7c000 08:01 14828518                   /home/raihan/OpenSrpWorkSpace/opensrp-client-dghs-demo/opensrp-dghs/build/intermediates/multi-dex/armv7/debug/allclasses.jar
7f47c40f1000-7f47c40f4000 ---p 00000000 00:00 0 
7f47c40f4000-7f47c41f2000 rw-p 00000000 00:00 0                          [stack:31820]
7f47c41f2000-7f47c41f5000 ---p 00000000 00:00 0 
7f47c41f5000-7f47c42f3000 rw-p 00000000 00:00 0                          [stack:31819]
7f47c42f3000-7f47c42f6000 ---p 00000000 00:00 0 
7f47c42f6000-7f47c43f4000 rw-p 00000000 00:00 0                          [stack:31818]
7f47c43f4000-7f47c43f7000 ---p 00000000 00:00 0 
7f47c43f7000-7f47c44f5000 rw-p 00000000 00:00 0                          [stack:31817]
7f47c44f5000-7f47c44f8000 ---p 00000000 00:00 0 
7f47c44f8000-7f47c45f6000 rw-p 00000000 00:00 0                          [stack:31816]
7f47c45f6000-7f47c45f7000 ---p 00000000 00:00 0 
7f47c45f7000-7f47c5000000 rw-p 00000000 00:00 0                          [stack:31815]
7f47c5000000-7f47c53f0000 rwxp 00000000 00:00 0 
7f47c53f0000-7f47c82d0000 rw-p 00000000 00:00 0 
7f47c82d0000-7f47cc000000 ---p 00000000 00:00 0 
7f47cc008000-7f47cc017000 r--s 000dd000 08:01 6177003                    /home/raihan/android-sdk-linux/build-tools/21.1.2/lib/dx.jar
7f47cc017000-7f47cc01a000 r--s 0000f000 08:01 5917931                    /usr/lib/jvm/java-7-openjdk-amd64/jre/lib/ext/icedtea-sound.jar
7f47cc01a000-7f47cc70e000 rw-p 00000000 00:00 0 
7f47cc70e000-7f47cc8bf000 r--s 01d30000 08:01 5508152                    /usr/lib/jvm/java-7-openjdk-amd64/jre/lib/rt.jar
7f47cc8bf000-7f47ccc0b000 rw-p 00000000 00:00 0 
7f47ccc0b000-7f47ccc0c000 ---p 00000000 00:00 0 
7f47ccc0c000-7f47ccd0c000 rw-p 00000000 00:00 0                          [stack:31814]
7f47ccd0c000-7f47ccd0d000 ---p 00000000 00:00 0 
7f47ccd0d000-7f47cce0d000 rw-p 00000000 00:00 0                          [stack:31813]
7f47cce0d000-7f47cce0e000 ---p 00000000 00:00 0 
7f47cce0e000-7f47ccf0e000 rw-p 00000000 00:00 0                          [stack:31812]
7f47ccf0e000-7f47ccf0f000 ---p 00000000 00:00 0 
7f47ccf0f000-7f47cd01a000 rw-p 00000000 00:00 0                          [stack:31811]
7f47cd01a000-7f47cd062000 rw-p 00000000 00:00 0 
7f47cd062000-7f47cd0d1000 rw-p 00000000 00:00 0 
7f47cd0d1000-7f47cd1b8000 rw-p 00000000 00:00 0 
7f47cd1b8000-7f47cd1c3000 rw-p 00000000 00:00 0 
7f47cd1c3000-7f47cd20b000 rw-p 00000000 00:00 0 
7f47cd20b000-7f47cd27a000 rw-p 00000000 00:00 0 
7f47cd27a000-7f47cd360000 rw-p 00000000 00:00 0 
7f47cd360000-7f47cd3f8000 rw-p 00000000 00:00 0 
7f47cd3f8000-7f47cd40b000 rw-p 00000000 00:00 0 
7f47cd40b000-7f47cd40c000 rw-p 00000000 00:00 0 
7f47cd40c000-7f47cd414000 r-xp 00000000 08:01 5917892                    /usr/lib/jvm/java-7-openjdk-amd64/jre/lib/amd64/libzip.so
7f47cd414000-7f47cd613000 ---p 00008000 08:01 5917892                    /usr/lib/jvm/java-7-openjdk-amd64/jre/lib/amd64/libzip.so
7f47cd613000-7f47cd614000 r--p 00007000 08:01 5917892                    /usr/lib/jvm/java-7-openjdk-amd64/jre/lib/amd64/libzip.so
7f47cd614000-7f47cd615000 rw-p 00008000 08:01 5917892                    /usr/lib/jvm/java-7-openjdk-amd64/jre/lib/amd64/libzip.so
7f47cd615000-7f47cd620000 r-xp 00000000 08:01 786646                     /lib/x86_64-linux-gnu/libnss_files-2.19.so
7f47cd620000-7f47cd81f000 ---p 0000b000 08:01 786646                     /lib/x86_64-linux-gnu/libnss_files-2.19.so
7f47cd81f000-7f47cd820000 r--p 0000a000 08:01 786646                     /lib/x86_64-linux-gnu/libnss_files-2.19.so
7f47cd820000-7f47cd821000 rw-p 0000b000 08:01 786646                     /lib/x86_64-linux-gnu/libnss_files-2.19.so
7f47cd821000-7f47cd82c000 r-xp 00000000 08:01 786638                     /lib/x86_64-linux-gnu/libnss_nis-2.19.so
7f47cd82c000-7f47cda2b000 ---p 0000b000 08:01 786638                     /lib/x86_64-linux-gnu/libnss_nis-2.19.so
7f47cda2b000-7f47cda2c000 r--p 0000a000 08:01 786638                     /lib/x86_64-linux-gnu/libnss_nis-2.19.so
7f47cda2c000-7f47cda2d000 rw-p 0000b000 08:01 786638                     /lib/x86_64-linux-gnu/libnss_nis-2.19.so
7f47cda2d000-7f47cda44000 r-xp 00000000 08:01 786634                     /lib/x86_64-linux-gnu/libnsl-2.19.so
7f47cda44000-7f47cdc43000 ---p 00017000 08:01 786634                     /lib/x86_64-linux-gnu/libnsl-2.19.so
7f47cdc43000-7f47cdc44000 r--p 00016000 08:01 786634                     /lib/x86_64-linux-gnu/libnsl-2.19.so
7f47cdc44000-7f47cdc45000 rw-p 00017000 08:01 786634                     /lib/x86_64-linux-gnu/libnsl-2.19.so
7f47cdc45000-7f47cdc47000 rw-p 00000000 00:00 0 
7f47cdc47000-7f47cdc50000 r-xp 00000000 08:01 786633                     /lib/x86_64-linux-gnu/libnss_compat-2.19.so
7f47cdc50000-7f47cde4f000 ---p 00009000 08:01 786633                     /lib/x86_64-linux-gnu/libnss_compat-2.19.so
7f47cde4f000-7f47cde50000 r--p 00008000 08:01 786633                     /lib/x86_64-linux-gnu/libnss_compat-2.19.so
7f47cde50000-7f47cde51000 rw-p 00009000 08:01 786633                     /lib/x86_64-linux-gnu/libnss_compat-2.19.so
7f47cde51000-7f47cde7c000 r-xp 00000000 08:01 5917877                    /usr/lib/jvm/java-7-openjdk-amd64/jre/lib/amd64/libjava.so
7f47cde7c000-7f47ce07c000 ---p 0002b000 08:01 5917877                    /usr/lib/jvm/java-7-openjdk-amd64/jre/lib/amd64/libjava.so
7f47ce07c000-7f47ce07d000 r--p 0002b000 08:01 5917877                    /usr/lib/jvm/java-7-openjdk-amd64/jre/lib/amd64/libjava.so
7f47ce07d000-7f47ce07f000 rw-p 0002c000 08:01 5917877                    /usr/lib/jvm/java-7-openjdk-amd64/jre/lib/amd64/libjava.so
7f47ce07f000-7f47ce08f000 r-xp 00000000 08:01 5917878                    /usr/lib/jvm/java-7-openjdk-amd64/jre/lib/amd64/libverify.so
7f47ce08f000-7f47ce28e000 ---p 00010000 08:01 5917878                    /usr/lib/jvm/java-7-openjdk-amd64/jre/lib/amd64/libverify.so
7f47ce28e000-7f47ce290000 r--p 0000f000 08:01 5917878                    /usr/lib/jvm/java-7-openjdk-amd64/jre/lib/amd64/libverify.so
7f47ce290000-7f47ce291000 rw-p 00011000 08:01 5917878                    /usr/lib/jvm/java-7-openjdk-amd64/jre/lib/amd64/libverify.so
7f47ce291000-7f47ce298000 r-xp 00000000 08:01 786642                     /lib/x86_64-linux-gnu/librt-2.19.so
7f47ce298000-7f47ce497000 ---p 00007000 08:01 786642                     /lib/x86_64-linux-gnu/librt-2.19.so
7f47ce497000-7f47ce498000 r--p 00006000 08:01 786642                     /lib/x86_64-linux-gnu/librt-2.19.so
7f47ce498000-7f47ce499000 rw-p 00007000 08:01 786642                     /lib/x86_64-linux-gnu/librt-2.19.so
7f47ce499000-7f47ce4af000 r-xp 00000000 08:01 786612                     /lib/x86_64-linux-gnu/libgcc_s.so.1
7f47ce4af000-7f47ce6ae000 ---p 00016000 08:01 786612                     /lib/x86_64-linux-gnu/libgcc_s.so.1
7f47ce6ae000-7f47ce6af000 rw-p 00015000 08:01 786612                     /lib/x86_64-linux-gnu/libgcc_s.so.1
7f47ce6af000-7f47ce7b4000 r-xp 00000000 08:01 786618                     /lib/x86_64-linux-gnu/libm-2.19.so
7f47ce7b4000-7f47ce9b3000 ---p 00105000 08:01 786618                     /lib/x86_64-linux-gnu/libm-2.19.so
7f47ce9b3000-7f47ce9b4000 r--p 00104000 08:01 786618                     /lib/x86_64-linux-gnu/libm-2.19.so
7f47ce9b4000-7f47ce9b5000 rw-p 00105000 08:01 786618                     /lib/x86_64-linux-gnu/libm-2.19.so
7f47ce9b5000-7f47cea9b000 r-xp 00000000 08:01 4721335                    /usr/lib/x86_64-linux-gnu/libstdc++.so.6.0.19
7f47cea9b000-7f47cec9a000 ---p 000e6000 08:01 4721335                    /usr/lib/x86_64-linux-gnu/libstdc++.so.6.0.19
7f47cec9a000-7f47ceca2000 r--p 000e5000 08:01 4721335                    /usr/lib/x86_64-linux-gnu/libstdc++.so.6.0.19
7f47ceca2000-7f47ceca4000 rw-p 000ed000 08:01 4721335                    /usr/lib/x86_64-linux-gnu/libstdc++.so.6.0.19
7f47ceca4000-7f47cecb9000 rw-p 00000000 00:00 0 
7f47cecb9000-7f47cf7dd000 r-xp 00000000 08:01 5917890                    /usr/lib/jvm/java-7-openjdk-amd64/jre/lib/amd64/server/libjvm.so
7f47cf7dd000-7f47cf9dd000 ---p 00b24000 08:01 5917890                    /usr/lib/jvm/java-7-openjdk-amd64/jre/lib/amd64/server/libjvm.so
7f47cf9dd000-7f47cfa77000 r--p 00b24000 08:01 5917890                    /usr/lib/jvm/java-7-openjdk-amd64/jre/lib/amd64/server/libjvm.so
7f47cfa77000-7f47cfa9a000 rw-p 00bbe000 08:01 5917890                    /usr/lib/jvm/java-7-openjdk-amd64/jre/lib/amd64/server/libjvm.so
7f47cfa9a000-7f47cfac8000 rw-p 00000000 00:00 0 
7f47cfac8000-7f47cfae0000 r-xp 00000000 08:01 790555                     /lib/x86_64-linux-gnu/libz.so.1.2.8
7f47cfae0000-7f47cfcdf000 ---p 00018000 08:01 790555                     /lib/x86_64-linux-gnu/libz.so.1.2.8
7f47cfcdf000-7f47cfce0000 r--p 00017000 08:01 790555                     /lib/x86_64-linux-gnu/libz.so.1.2.8
7f47cfce0000-7f47cfce1000 rw-p 00018000 08:01 790555                     /lib/x86_64-linux-gnu/libz.so.1.2.8
7f47cfce1000-7f47cfcfa000 r-xp 00000000 08:01 786635                     /lib/x86_64-linux-gnu/libpthread-2.19.so
7f47cfcfa000-7f47cfef9000 ---p 00019000 08:01 786635                     /lib/x86_64-linux-gnu/libpthread-2.19.so
7f47cfef9000-7f47cfefa000 r--p 00018000 08:01 786635                     /lib/x86_64-linux-gnu/libpthread-2.19.so
7f47cfefa000-7f47cfefb000 rw-p 00019000 08:01 786635                     /lib/x86_64-linux-gnu/libpthread-2.19.so
7f47cfefb000-7f47cfeff000 rw-p 00000000 00:00 0 
7f47cfeff000-7f47cff02000 r-xp 00000000 08:01 786630                     /lib/x86_64-linux-gnu/libdl-2.19.so
7f47cff02000-7f47d0101000 ---p 00003000 08:01 786630                     /lib/x86_64-linux-gnu/libdl-2.19.so
7f47d0101000-7f47d0102000 r--p 00002000 08:01 786630                     /lib/x86_64-linux-gnu/libdl-2.19.so
7f47d0102000-7f47d0103000 rw-p 00003000 08:01 786630                     /lib/x86_64-linux-gnu/libdl-2.19.so
7f47d0103000-7f47d02be000 r-xp 00000000 08:01 786643                     /lib/x86_64-linux-gnu/libc-2.19.so
7f47d02be000-7f47d04bd000 ---p 001bb000 08:01 786643                     /lib/x86_64-linux-gnu/libc-2.19.so
7f47d04bd000-7f47d04c1000 r--p 001ba000 08:01 786643                     /lib/x86_64-linux-gnu/libc-2.19.so
7f47d04c1000-7f47d04c3000 rw-p 001be000 08:01 786643                     /lib/x86_64-linux-gnu/libc-2.19.so
7f47d04c3000-7f47d04c8000 rw-p 00000000 00:00 0 
7f47d04c8000-7f47d04d5000 r-xp 00000000 08:01 5917907                    /usr/lib/jvm/java-7-openjdk-amd64/jre/lib/amd64/jli/libjli.so
7f47d04d5000-7f47d06d4000 ---p 0000d000 08:01 5917907                    /usr/lib/jvm/java-7-openjdk-amd64/jre/lib/amd64/jli/libjli.so
7f47d06d4000-7f47d06d5000 r--p 0000c000 08:01 5917907                    /usr/lib/jvm/java-7-openjdk-amd64/jre/lib/amd64/jli/libjli.so
7f47d06d5000-7f47d06d6000 rw-p 0000d000 08:01 5917907                    /usr/lib/jvm/java-7-openjdk-amd64/jre/lib/amd64/jli/libjli.so
7f47d06d6000-7f47d06f9000 r-xp 00000000 08:01 786636                     /lib/x86_64-linux-gnu/ld-2.19.so
7f47d06fb000-7f47d06ff000 r--s 00034000 08:01 5917930                    /usr/lib/jvm/java-7-openjdk-amd64/jre/lib/ext/sunjce_provider.jar
7f47d06ff000-7f47d0727000 rw-p 00000000 00:00 0 
7f47d0727000-7f47d07d7000 rw-p 00000000 00:00 0 
7f47d07d7000-7f47d07da000 ---p 00000000 00:00 0 
7f47d07da000-7f47d08dd000 rw-p 00000000 00:00 0                          [stack:31810]
7f47d08de000-7f47d08df000 rw-p 00000000 00:00 0 
7f47d08df000-7f47d08e1000 r--s 00012000 08:01 5917929                    /usr/lib/jvm/java-7-openjdk-amd64/jre/lib/ext/zipfs.jar
7f47d08e1000-7f47d08e3000 r--s 00006000 08:01 5118243                    /usr/share/java/java-atk-wrapper.jar
7f47d08e3000-7f47d08e7000 r--s 0003c000 08:01 5917933                    /usr/lib/jvm/java-7-openjdk-amd64/jre/lib/ext/sunpkcs11.jar
7f47d08e7000-7f47d08eb000 r--s 00085000 08:01 5917932                    /usr/lib/jvm/java-7-openjdk-amd64/jre/lib/ext/localedata.jar
7f47d08eb000-7f47d08ec000 r--s 00002000 08:01 5917928                    /usr/lib/jvm/java-7-openjdk-amd64/jre/lib/ext/dnsns.jar
7f47d08ec000-7f47d08f4000 rw-s 00000000 08:01 131940                     /tmp/hsperfdata_raihan/31805
7f47d08f4000-7f47d08f5000 rw-p 00000000 00:00 0 
7f47d08f5000-7f47d08f6000 ---p 00000000 00:00 0 
7f47d08f6000-7f47d08f8000 rw-p 00000000 00:00 0 
7f47d08f8000-7f47d08f9000 r--p 00022000 08:01 786636                     /lib/x86_64-linux-gnu/ld-2.19.so
7f47d08f9000-7f47d08fa000 rw-p 00023000 08:01 786636                     /lib/x86_64-linux-gnu/ld-2.19.so
7f47d08fa000-7f47d08fb000 rw-p 00000000 00:00 0 
7ffff70fe000-7ffff711f000 rw-p 00000000 00:00 0                          [stack]
7ffff71fe000-7ffff7200000 r-xp 00000000 00:00 0                          [vdso]
ffffffffff600000-ffffffffff601000 r-xp 00000000 00:00 0                  [vsyscall]

VM Arguments:
jvm_args: -Xmx1024M -Dfile.encoding=UTF-8 -Duser.country=US -Duser.language=en -Duser.variant 
java_command: com.android.dx.command.Main --dex --multi-dex --main-dex-list /home/raihan/OpenSrpWorkSpace/opensrp-client-dghs-demo/opensrp-dghs/build/intermediates/multi-dex/armv7/debug/maindexlist.txt --output /home/raihan/OpenSrpWorkSpace/opensrp-client-dghs-demo/opensrp-dghs/build/intermediates/dex/armv7/debug /home/raihan/OpenSrpWorkSpace/opensrp-client-dghs-demo/opensrp-dghs/build/intermediates/multi-dex/armv7/debug/allclasses.jar
Launcher Type: SUN_STANDARD

Environment Variables:
PATH=/usr/local/sbin:/usr/local/bin:/usr/sbin:/usr/bin:/sbin:/bin:/usr/games:/usr/local/games
SHELL=/bin/bash
DISPLAY=:0

Signal Handlers:
SIGSEGV: [libjvm.so+0x9548f0], sa_mask[0]=0x7ffbfeff, sa_flags=0x10000004
SIGBUS: [libjvm.so+0x9548f0], sa_mask[0]=0x7ffbfeff, sa_flags=0x10000004
SIGFPE: [libjvm.so+0x7cb0b0], sa_mask[0]=0x7ffbfeff, sa_flags=0x10000004
SIGPIPE: [libjvm.so+0x7cb0b0], sa_mask[0]=0x7ffbfeff, sa_flags=0x10000004
SIGXFSZ: [libjvm.so+0x7cb0b0], sa_mask[0]=0x7ffbfeff, sa_flags=0x10000004
SIGILL: [libjvm.so+0x7cb0b0], sa_mask[0]=0x7ffbfeff, sa_flags=0x10000004
SIGUSR1: SIG_DFL, sa_mask[0]=0x00000000, sa_flags=0x00000000
SIGUSR2: [libjvm.so+0x7caf50], sa_mask[0]=0x00000004, sa_flags=0x10000004
SIGHUP: [libjvm.so+0x7cb130], sa_mask[0]=0x7ffbfeff, sa_flags=0x10000004
SIGINT: [libjvm.so+0x7cb130], sa_mask[0]=0x7ffbfeff, sa_flags=0x10000004
SIGTERM: [libjvm.so+0x7cb130], sa_mask[0]=0x7ffbfeff, sa_flags=0x10000004
SIGQUIT: [libjvm.so+0x7cb130], sa_mask[0]=0x7ffbfeff, sa_flags=0x10000004
SIGTRAP: SIG_DFL, sa_mask[0]=0x00000000, sa_flags=0x00000000


---------------  S Y S T E M  ---------------

OS:Ubuntu 14.04 (trusty)
uname:Linux 3.13.0-24-generic #46-Ubuntu SMP Thu Apr 10 19:11:08 UTC 2014 x86_64
libc:glibc 2.19 NPTL 2.19 
rlimit: STACK 8192k, CORE 0k, NPROC 30570, NOFILE 4096, AS infinity
load average:2.23 1.42 1.07

/proc/meminfo:
MemTotal:        3934516 kB
MemFree:           87856 kB
Buffers:             268 kB
Cached:           361344 kB
SwapCached:        10088 kB
Active:          2687412 kB
Inactive:         848864 kB
Active(anon):    2678564 kB
Inactive(anon):   839556 kB
Active(file):       8848 kB
Inactive(file):     9308 kB
Unevictable:          88 kB
Mlocked:              88 kB
SwapTotal:       4080636 kB
SwapFree:              0 kB
Dirty:                 0 kB
Writeback:            36 kB
AnonPages:       3168148 kB
Mapped:           117288 kB
Shmem:            343420 kB
Slab:              88944 kB
SReclaimable:      36868 kB
SUnreclaim:        52076 kB
KernelStack:        7160 kB
PageTables:        93648 kB
NFS_Unstable:          0 kB
Bounce:                0 kB
WritebackTmp:          0 kB
CommitLimit:     6047892 kB
Committed_AS:   27868564 kB
VmallocTotal:   34359738367 kB
VmallocUsed:      551428 kB
VmallocChunk:   34359092860 kB
HardwareCorrupted:     0 kB
AnonHugePages:    319488 kB
HugePages_Total:       0
HugePages_Free:        0
HugePages_Rsvd:        0
HugePages_Surp:        0
Hugepagesize:       2048 kB
DirectMap4k:       67072 kB
DirectMap2M:     1918976 kB
DirectMap1G:     2097152 kB


CPU:total 4 (2 cores per cpu, 2 threads per core) family 6 model 61 stepping 4, cmov, cx8, fxsr, mmx, sse, sse2, sse3, ssse3, sse4.1, sse4.2, popcnt, avx, avx2, aes, erms, ht, tsc, tscinvbit

/proc/cpuinfo:
processor	: 0
vendor_id	: GenuineIntel
cpu family	: 6
model		: 61
model name	: Intel(R) Core(TM) i5-5200U CPU @ 2.20GHz
stepping	: 4
microcode	: 0x1f
cpu MHz		: 2201.000
cache size	: 3072 KB
physical id	: 0
siblings	: 4
core id		: 0
cpu cores	: 2
apicid		: 0
initial apicid	: 0
fpu		: yes
fpu_exception	: yes
cpuid level	: 20
wp		: yes
flags		: fpu vme de pse tsc msr pae mce cx8 apic sep mtrr pge mca cmov pat pse36 clflush dts acpi mmx fxsr sse sse2 ss ht tm pbe syscall nx pdpe1gb rdtscp lm constant_tsc arch_perfmon pebs bts rep_good nopl xtopology nonstop_tsc aperfmperf eagerfpu pni pclmulqdq dtes64 monitor ds_cpl vmx est tm2 ssse3 fma cx16 xtpr pdcm pcid sse4_1 sse4_2 x2apic movbe popcnt tsc_deadline_timer aes xsave avx f16c rdrand lahf_lm abm 3dnowprefetch ida arat epb xsaveopt pln pts dtherm tpr_shadow vnmi flexpriority ept vpid fsgsbase tsc_adjust bmi1 avx2 smep bmi2 erms invpcid rdseed adx smap
bogomips	: 4389.65
clflush size	: 64
cache_alignment	: 64
address sizes	: 39 bits physical, 48 bits virtual
power management:

processor	: 1
vendor_id	: GenuineIntel
cpu family	: 6
model		: 61
model name	: Intel(R) Core(TM) i5-5200U CPU @ 2.20GHz
stepping	: 4
microcode	: 0x1f
cpu MHz		: 2201.000
cache size	: 3072 KB
physical id	: 0
siblings	: 4
core id		: 0
cpu cores	: 2
apicid		: 1
initial apicid	: 1
fpu		: yes
fpu_exception	: yes
cpuid level	: 20
wp		: yes
flags		: fpu vme de pse tsc msr pae mce cx8 apic sep mtrr pge mca cmov pat pse36 clflush dts acpi mmx fxsr sse sse2 ss ht tm pbe syscall nx pdpe1gb rdtscp lm constant_tsc arch_perfmon pebs bts rep_good nopl xtopology nonstop_tsc aperfmperf eagerfpu pni pclmulqdq dtes64 monitor ds_cpl vmx est tm2 ssse3 fma cx16 xtpr pdcm pcid sse4_1 sse4_2 x2apic movbe popcnt tsc_deadline_timer aes xsave avx f16c rdrand lahf_lm abm 3dnowprefetch ida arat epb xsaveopt pln pts dtherm tpr_shadow vnmi flexpriority ept vpid fsgsbase tsc_adjust bmi1 avx2 smep bmi2 erms invpcid rdseed adx smap
bogomips	: 4389.65
clflush size	: 64
cache_alignment	: 64
address sizes	: 39 bits physical, 48 bits virtual
power management:

processor	: 2
vendor_id	: GenuineIntel
cpu family	: 6
model		: 61
model name	: Intel(R) Core(TM) i5-5200U CPU @ 2.20GHz
stepping	: 4
microcode	: 0x1f
cpu MHz		: 2201.000
cache size	: 3072 KB
physical id	: 0
siblings	: 4
core id		: 1
cpu cores	: 2
apicid		: 2
initial apicid	: 2
fpu		: yes
fpu_exception	: yes
cpuid level	: 20
wp		: yes
flags		: fpu vme de pse tsc msr pae mce cx8 apic sep mtrr pge mca cmov pat pse36 clflush dts acpi mmx fxsr sse sse2 ss ht tm pbe syscall nx pdpe1gb rdtscp lm constant_tsc arch_perfmon pebs bts rep_good nopl xtopology nonstop_tsc aperfmperf eagerfpu pni pclmulqdq dtes64 monitor ds_cpl vmx est tm2 ssse3 fma cx16 xtpr pdcm pcid sse4_1 sse4_2 x2apic movbe popcnt tsc_deadline_timer aes xsave avx f16c rdrand lahf_lm abm 3dnowprefetch ida arat epb xsaveopt pln pts dtherm tpr_shadow vnmi flexpriority ept vpid fsgsbase tsc_adjust bmi1 avx2 smep bmi2 erms invpcid rdseed adx smap
bogomips	: 4389.65
clflush size	: 64
cache_alignment	: 64
address sizes	: 39 bits physical, 48 bits virtual
power management:

processor	: 3
vendor_id	: GenuineIntel
cpu family	: 6
model		: 61
model name	: Intel(R) Core(TM) i5-5200U CPU @ 2.20GHz
stepping	: 4
microcode	: 0x1f
cpu MHz		: 2201.000
cache size	: 3072 KB
physical id	: 0
siblings	: 4
core id		: 1
cpu cores	: 2
apicid		: 3
initial apicid	: 3
fpu		: yes
fpu_exception	: yes
cpuid level	: 20
wp		: yes
flags		: fpu vme de pse tsc msr pae mce cx8 apic sep mtrr pge mca cmov pat pse36 clflush dts acpi mmx fxsr sse sse2 ss ht tm pbe syscall nx pdpe1gb rdtscp lm constant_tsc arch_perfmon pebs bts rep_good nopl xtopology nonstop_tsc aperfmperf eagerfpu pni pclmulqdq dtes64 monitor ds_cpl vmx est tm2 ssse3 fma cx16 xtpr pdcm pcid sse4_1 sse4_2 x2apic movbe popcnt tsc_deadline_timer aes xsave avx f16c rdrand lahf_lm abm 3dnowprefetch ida arat epb xsaveopt pln pts dtherm tpr_shadow vnmi flexpriority ept vpid fsgsbase tsc_adjust bmi1 avx2 smep bmi2 erms invpcid rdseed adx smap
bogomips	: 4389.65
clflush size	: 64
cache_alignment	: 64
address sizes	: 39 bits physical, 48 bits virtual
power management:



Memory: 4k page, physical 3934516k(87908k free), swap 4080636k(0k free)

vm_info: OpenJDK 64-Bit Server VM (24.95-b01) for linux-amd64 JRE (1.7.0_95-b00), built on Mar 24 2016 06:13:32 by "buildd" with gcc 4.8.2

time: Wed Jun 29 15:13:27 2016
elapsed time: 22 seconds

