#
# There is insufficient memory for the Java Runtime Environment to continue.
# Native memory allocation (malloc) failed to allocate 175636480 bytes for committing reserved memory.
# Possible reasons:
#   The system is out of physical RAM or swap space
#   In 32 bit mode, the process size limit was hit
# Possible solutions:
#   Reduce memory load on the system
#   Increase physical memory or swap space
#   Check if swap backing store is full
#   Use 64 bit Java on a 64 bit OS
#   Decrease Java heap size (-Xmx/-Xms)
#   Decrease number of Java threads
#   Decrease Java thread stack sizes (-Xss)
#   Set larger code cache with -XX:ReservedCodeCacheSize=
# This output file may be truncated or incomplete.
#
#  Out of Memory Error (os_linux.cpp:2827), pid=22799, tid=139694353217280
#
# JRE version: OpenJDK Runtime Environment (7.0_95) (build 1.7.0_95-b00)
# Java VM: OpenJDK 64-Bit Server VM (24.95-b01 mixed mode linux-amd64 compressed oops)
# Derivative: IcedTea 2.6.4
# Distribution: Ubuntu 14.04 LTS, package 7u95-2.6.4-0ubuntu0.14.04.2
# Failed to write core dump. Core dumps have been disabled. To enable core dumping, try "ulimit -c unlimited" before starting Java again
#

---------------  T H R E A D  ---------------

Current thread (0x00007f0d28076000):  VMThread [stack: 0x00007f0d203cf000,0x00007f0d204d0000] [id=22810]

Stack: [0x00007f0d203cf000,0x00007f0d204d0000],  sp=0x00007f0d204ce490,  free space=1021k
Native frames: (J=compiled Java code, j=interpreted, Vv=VM code, C=native code)
V  [libjvm.so+0x953e15]
V  [libjvm.so+0x48fd94]
V  [libjvm.so+0x7cf87b]
V  [libjvm.so+0x7ca33f]
V  [libjvm.so+0x83dacb]
V  [libjvm.so+0x82d86b]
V  [libjvm.so+0x82da2b]
V  [libjvm.so+0x82e958]
V  [libjvm.so+0x8355b4]
V  [libjvm.so+0x83bc0d]
V  [libjvm.so+0x7f2083]
V  [libjvm.so+0x955814]
V  [libjvm.so+0x959917]
V  [libjvm.so+0x9583d8]
V  [libjvm.so+0x958839]
V  [libjvm.so+0x958c82]
V  [libjvm.so+0x7cc742]

VM_Operation (0x00007f0d2ebc7e70): ParallelGCFailedAllocation, mode: safepoint, requested by thread 0x00007f0d2800a800


---------------  P R O C E S S  ---------------

Java Threads: ( => current thread )
  0x00007f0d280af800 JavaThread "Service Thread" daemon [_thread_blocked, id=22816, stack(0x00007f0d135da000,0x00007f0d136db000)]
  0x00007f0d280ad000 JavaThread "C2 CompilerThread1" daemon [_thread_blocked, id=22815, stack(0x00007f0d136db000,0x00007f0d137dc000)]
  0x00007f0d280aa000 JavaThread "C2 CompilerThread0" daemon [_thread_blocked, id=22814, stack(0x00007f0d137dc000,0x00007f0d138dd000)]
  0x00007f0d280a8000 JavaThread "Signal Dispatcher" daemon [_thread_blocked, id=22813, stack(0x00007f0d200cc000,0x00007f0d201cd000)]
  0x00007f0d2807c000 JavaThread "Finalizer" daemon [_thread_blocked, id=22812, stack(0x00007f0d201cd000,0x00007f0d202ce000)]
  0x00007f0d2807a000 JavaThread "Reference Handler" daemon [_thread_blocked, id=22811, stack(0x00007f0d202ce000,0x00007f0d203cf000)]
  0x00007f0d2800a800 JavaThread "main" [_thread_blocked, id=22805, stack(0x00007f0d2eac9000,0x00007f0d2ebca000)]

Other Threads:
=>0x00007f0d28076000 VMThread [stack: 0x00007f0d203cf000,0x00007f0d204d0000] [id=22810]
  0x00007f0d280ba000 WatcherThread [stack: 0x00007f0d134d9000,0x00007f0d135da000] [id=22817]

VM state:at safepoint (normal execution)

VM Mutex/Monitor currently owned by a thread:  ([mutex/lock_event])
[0x00007f0d280062e0] ExpandHeap_lock - owner thread: 0x00007f0d28076000
[0x00007f0d28006960] Threads_lock - owner thread: 0x00007f0d28076000
[0x00007f0d28006e60] Heap_lock - owner thread: 0x00007f0d2800a800

Heap
 PSYoungGen      total 233472K, used 42703K [0x00000000eaa80000, 0x0000000100000000, 0x0000000100000000)
  eden space 117248K, 0% used [0x00000000eaa80000,0x00000000eaa80000,0x00000000f1d00000)
  from space 116224K, 36% used [0x00000000f1d00000,0x00000000f46b3fe0,0x00000000f8e80000)
  to   space 116224K, 0% used [0x00000000f8e80000,0x00000000f8e80000,0x0000000100000000)
 ParOldGen       total 515584K, used 515313K [0x00000000c0000000, 0x00000000df780000, 0x00000000eaa80000)
  object space 515584K, 99% used [0x00000000c0000000,0x00000000df73c498,0x00000000df780000)
 PSPermGen       total 21504K, used 6217K [0x00000000b5a00000, 0x00000000b6f00000, 0x00000000c0000000)
  object space 21504K, 28% used [0x00000000b5a00000,0x00000000b6012648,0x00000000b6f00000)

Card table byte_map: [0x00007f0d24367000,0x00007f0d245bb000] byte_map_base: 0x00007f0d23dba000

Polling page: 0x00007f0d2ebe7000

Code Cache  [0x00007f0d245bb000, 0x00007f0d24a1b000, 0x00007f0d275bb000)
 total_blobs=1351 nmethods=1123 adapters=181 free_code_cache=44865Kb largest_free_block=45778880

Compilation events (10 events):
Event: 21.242 Thread 0x00007f0d280ad000 1212   !         java.util.zip.InflaterInputStream::read (138 bytes)
Event: 21.255 Thread 0x00007f0d280ad000 nmethod 1212 0x00007f0d24843a10 code [0x00007f0d24843c00, 0x00007f0d248449f8]
Event: 21.556 Thread 0x00007f0d280aa000 1213             com.android.dx.util.ByteArray$MyInputStream::available (13 bytes)
Event: 21.556 Thread 0x00007f0d280aa000 nmethod 1213 0x00007f0d248f6090 code [0x00007f0d248f61c0, 0x00007f0d248f6238]
Event: 21.664 Thread 0x00007f0d280aa000 1215             com.android.dx.dex.file.MethodAnnotationStruct::<init> (43 bytes)
Event: 21.664 Thread 0x00007f0d280ad000 1214             com.android.dx.dex.file.AnnotationsDirectoryItem::addMethodAnnotations (44 bytes)
Event: 21.664 Thread 0x00007f0d280aa000 nmethod 1215 0x00007f0d248193d0 code [0x00007f0d24819520, 0x00007f0d248195d8]
Event: 21.666 Thread 0x00007f0d280aa000 1216             com.android.dx.dex.file.ClassDefItem::addMethodAnnotations (11 bytes)
Event: 21.669 Thread 0x00007f0d280ad000 nmethod 1214 0x00007f0d247ba610 code [0x00007f0d247ba7c0, 0x00007f0d247babe8]
Event: 21.670 Thread 0x00007f0d280aa000 nmethod 1216 0x00007f0d247b9ad0 code [0x00007f0d247b9c80, 0x00007f0d247ba0c8]

GC Heap History (10 events):
Event: 20.332 GC heap after
Heap after GC invocations=34 (full 5):
 PSYoungGen      total 231424K, used 31248K [0x00000000eaa80000, 0x00000000ff600000, 0x0000000100000000)
  eden space 117248K, 0% used [0x00000000eaa80000,0x00000000eaa80000,0x00000000f1d00000)
  from space 114176K, 27% used [0x00000000f1d00000,0x00000000f3b84288,0x00000000f8c80000)
  to   space 108032K, 0% used [0x00000000f8c80000,0x00000000f8c80000,0x00000000ff600000)
 ParOldGen       total 515584K, used 449706K [0x00000000c0000000, 0x00000000df780000, 0x00000000eaa80000)
  object space 515584K, 87% used [0x00000000c0000000,0x00000000db72a8c0,0x00000000df780000)
 PSPermGen       total 21504K, used 6204K [0x00000000b5a00000, 0x00000000b6f00000, 0x00000000c0000000)
  object space 21504K, 28% used [0x00000000b5a00000,0x00000000b600f2a0,0x00000000b6f00000)
}
Event: 20.585 GC heap before
{Heap before GC invocations=35 (full 5):
 PSYoungGen      total 231424K, used 148496K [0x00000000eaa80000, 0x00000000ff600000, 0x0000000100000000)
  eden space 117248K, 100% used [0x00000000eaa80000,0x00000000f1d00000,0x00000000f1d00000)
  from space 114176K, 27% used [0x00000000f1d00000,0x00000000f3b84288,0x00000000f8c80000)
  to   space 108032K, 0% used [0x00000000f8c80000,0x00000000f8c80000,0x00000000ff600000)
 ParOldGen       total 515584K, used 449706K [0x00000000c0000000, 0x00000000df780000, 0x00000000eaa80000)
  object space 515584K, 87% used [0x00000000c0000000,0x00000000db72a8c0,0x00000000df780000)
 PSPermGen       total 21504K, used 6207K [0x00000000b5a00000, 0x00000000b6f00000, 0x00000000c0000000)
  object space 21504K, 28% used [0x00000000b5a00000,0x00000000b600ffe8,0x00000000b6f00000)
Event: 20.633 GC heap after
Heap after GC invocations=35 (full 5):
 PSYoungGen      total 232448K, used 48449K [0x00000000eaa80000, 0x00000000ff400000, 0x0000000100000000)
  eden space 126464K, 0% used [0x00000000eaa80000,0x00000000eaa80000,0x00000000f2600000)
  from space 105984K, 45% used [0x00000000f8c80000,0x00000000fbbd0688,0x00000000ff400000)
  to   space 104960K, 0% used [0x00000000f2600000,0x00000000f2600000,0x00000000f8c80000)
 ParOldGen       total 515584K, used 449706K [0x00000000c0000000, 0x00000000df780000, 0x00000000eaa80000)
  object space 515584K, 87% used [0x00000000c0000000,0x00000000db72a8c0,0x00000000df780000)
 PSPermGen       total 21504K, used 6207K [0x00000000b5a00000, 0x00000000b6f00000, 0x00000000c0000000)
  object space 21504K, 28% used [0x00000000b5a00000,0x00000000b600ffe8,0x00000000b6f00000)
}
Event: 20.994 GC heap before
{Heap before GC invocations=36 (full 5):
 PSYoungGen      total 232448K, used 174913K [0x00000000eaa80000, 0x00000000ff400000, 0x0000000100000000)
  eden space 126464K, 100% used [0x00000000eaa80000,0x00000000f2600000,0x00000000f2600000)
  from space 105984K, 45% used [0x00000000f8c80000,0x00000000fbbd0688,0x00000000ff400000)
  to   space 104960K, 0% used [0x00000000f2600000,0x00000000f2600000,0x00000000f8c80000)
 ParOldGen       total 515584K, used 449706K [0x00000000c0000000, 0x00000000df780000, 0x00000000eaa80000)
  object space 515584K, 87% used [0x00000000c0000000,0x00000000db72a8c0,0x00000000df780000)
 PSPermGen       total 21504K, used 6208K [0x00000000b5a00000, 0x00000000b6f00000, 0x00000000c0000000)
  object space 21504K, 28% used [0x00000000b5a00000,0x00000000b60102a8,0x00000000b6f00000)
Event: 21.061 GC heap after
Heap after GC invocations=36 (full 5):
 PSYoungGen      total 231424K, used 70046K [0x00000000eaa80000, 0x0000000100000000, 0x0000000100000000)
  eden space 126464K, 0% used [0x00000000eaa80000,0x00000000eaa80000,0x00000000f2600000)
  from space 104960K, 66% used [0x00000000f2600000,0x00000000f6a67848,0x00000000f8c80000)
  to   space 109568K, 0% used [0x00000000f9500000,0x00000000f9500000,0x0000000100000000)
 ParOldGen       total 515584K, used 449706K [0x00000000c0000000, 0x00000000df780000, 0x00000000eaa80000)
  object space 515584K, 87% used [0x00000000c0000000,0x00000000db72a8c0,0x00000000df780000)
 PSPermGen       total 21504K, used 6208K [0x00000000b5a00000, 0x00000000b6f00000, 0x00000000c0000000)
  object space 21504K, 28% used [0x00000000b5a00000,0x00000000b60102a8,0x00000000b6f00000)
}
Event: 21.343 GC heap before
{Heap before GC invocations=37 (full 5):
 PSYoungGen      total 231424K, used 196510K [0x00000000eaa80000, 0x0000000100000000, 0x0000000100000000)
  eden space 126464K, 100% used [0x00000000eaa80000,0x00000000f2600000,0x00000000f2600000)
  from space 104960K, 66% used [0x00000000f2600000,0x00000000f6a67848,0x00000000f8c80000)
  to   space 109568K, 0% used [0x00000000f9500000,0x00000000f9500000,0x0000000100000000)
 ParOldGen       total 515584K, used 449706K [0x00000000c0000000, 0x00000000df780000, 0x00000000eaa80000)
  object space 515584K, 87% used [0x00000000c0000000,0x00000000db72a8c0,0x00000000df780000)
 PSPermGen       total 21504K, used 6212K [0x00000000b5a00000, 0x00000000b6f00000, 0x00000000c0000000)
  object space 21504K, 28% used [0x00000000b5a00000,0x00000000b6011210,0x00000000b6f00000)
Event: 21.426 GC heap after
Heap after GC invocations=37 (full 5):
 PSYoungGen      total 226816K, used 90945K [0x00000000eaa80000, 0x0000000100000000, 0x0000000100000000)
  eden space 117248K, 0% used [0x00000000eaa80000,0x00000000eaa80000,0x00000000f1d00000)
  from space 109568K, 83% used [0x00000000f9500000,0x00000000fedd0648,0x0000000100000000)
  to   space 116224K, 0% used [0x00000000f1d00000,0x00000000f1d00000,0x00000000f8e80000)
 ParOldGen       total 515584K, used 449706K [0x00000000c0000000, 0x00000000df780000, 0x00000000eaa80000)
  object space 515584K, 87% used [0x00000000c0000000,0x00000000db72a8c0,0x00000000df780000)
 PSPermGen       total 21504K, used 6212K [0x00000000b5a00000, 0x00000000b6f00000, 0x00000000c0000000)
  object space 21504K, 28% used [0x00000000b5a00000,0x00000000b6011210,0x00000000b6f00000)
}
Event: 21.683 GC heap before
{Heap before GC invocations=38 (full 5):
 PSYoungGen      total 226816K, used 208193K [0x00000000eaa80000, 0x0000000100000000, 0x0000000100000000)
  eden space 117248K, 100% used [0x00000000eaa80000,0x00000000f1d00000,0x00000000f1d00000)
  from space 109568K, 83% used [0x00000000f9500000,0x00000000fedd0648,0x0000000100000000)
  to   space 116224K, 0% used [0x00000000f1d00000,0x00000000f1d00000,0x00000000f8e80000)
 ParOldGen       total 515584K, used 449706K [0x00000000c0000000, 0x00000000df780000, 0x00000000eaa80000)
  object space 515584K, 87% used [0x00000000c0000000,0x00000000db72a8c0,0x00000000df780000)
 PSPermGen       total 21504K, used 6217K [0x00000000b5a00000, 0x00000000b6f00000, 0x00000000c0000000)
  object space 21504K, 28% used [0x00000000b5a00000,0x00000000b6012788,0x00000000b6f00000)
Event: 21.795 GC heap after
Heap after GC invocations=38 (full 5):
 PSYoungGen      total 233472K, used 79282K [0x00000000eaa80000, 0x0000000100000000, 0x0000000100000000)
  eden space 117248K, 0% used [0x00000000eaa80000,0x00000000eaa80000,0x00000000f1d00000)
  from space 116224K, 68% used [0x00000000f1d00000,0x00000000f6a6c988,0x00000000f8e80000)
  to   space 116224K, 0% used [0x00000000f8e80000,0x00000000f8e80000,0x0000000100000000)
 ParOldGen       total 515584K, used 480539K [0x00000000c0000000, 0x00000000df780000, 0x00000000eaa80000)
  object space 515584K, 93% used [0x00000000c0000000,0x00000000dd546dc0,0x00000000df780000)
 PSPermGen       total 21504K, used 6217K [0x00000000b5a00000, 0x00000000b6f00000, 0x00000000c0000000)
  object space 21504K, 28% used [0x00000000b5a00000,0x00000000b6012788,0x00000000b6f00000)
}
Event: 21.804 GC heap before
{Heap before GC invocations=39 (full 6):
 PSYoungGen      total 233472K, used 79282K [0x00000000eaa80000, 0x0000000100000000, 0x0000000100000000)
  eden space 117248K, 0% used [0x00000000eaa80000,0x00000000eaa80000,0x00000000f1d00000)
  from space 116224K, 68% used [0x00000000f1d00000,0x00000000f6a6c988,0x00000000f8e80000)
  to   space 116224K, 0% used [0x00000000f8e80000,0x00000000f8e80000,0x0000000100000000)
 ParOldGen       total 515584K, used 480539K [0x00000000c0000000, 0x00000000df780000, 0x00000000eaa80000)
  object space 515584K, 93% used [0x00000000c0000000,0x00000000dd546dc0,0x00000000df780000)
 PSPermGen       total 21504K, used 6217K [0x00000000b5a00000, 0x00000000b6f00000, 0x00000000c0000000)
  object space 21504K, 28% used [0x00000000b5a00000,0x00000000b6012788,0x00000000b6f00000)

Deoptimization events (10 events):
Event: 18.387 Thread 0x00007f0d2800a800 Uncommon trap: reason=unstable_if action=reinterpret pc=0x00007f0d2484fc34 method=java.util.BitSet.nextClearBit(I)I @ 70
Event: 18.387 Thread 0x00007f0d2800a800 Uncommon trap: reason=unstable_if action=reinterpret pc=0x00007f0d2471fbf4 method=java.util.BitSet.nextClearBit(I)I @ 70
Event: 18.387 Thread 0x00007f0d2800a800 Uncommon trap: reason=unstable_if action=reinterpret pc=0x00007f0d2472047c method=java.util.BitSet.nextClearBit(I)I @ 70
Event: 18.389 Thread 0x00007f0d2800a800 Uncommon trap: reason=unstable_if action=reinterpret pc=0x00007f0d2485afcc method=java.util.BitSet.nextClearBit(I)I @ 70
Event: 18.721 Thread 0x00007f0d2800a800 Uncommon trap: reason=class_check action=maybe_recompile pc=0x00007f0d24763664 method=com.android.dx.ssa.SCCP.replaceConstants()V @ 182
Event: 19.321 Thread 0x00007f0d2800a800 Uncommon trap: reason=unstable_if action=reinterpret pc=0x00007f0d24939180 method=com.android.dx.cf.code.Ropper.processBlock(Lcom/android/dx/cf/code/ByteBlock;Lcom/android/dx/cf/code/Frame;[I)V @ 651
Event: 19.841 Thread 0x00007f0d2800a800 Uncommon trap: reason=bimorphic action=maybe_recompile pc=0x00007f0d249cb714 method=com.android.dx.cf.code.BytecodeArray.parseInstruction(ILcom/android/dx/cf/code/BytecodeArray$Visitor;)I @ 1447
Event: 19.841 Thread 0x00007f0d2800a800 Uncommon trap: reason=bimorphic action=maybe_recompile pc=0x00007f0d249cb714 method=com.android.dx.cf.code.BytecodeArray.parseInstruction(ILcom/android/dx/cf/code/BytecodeArray$Visitor;)I @ 1447
Event: 20.786 Thread 0x00007f0d2800a800 Uncommon trap: reason=bimorphic action=maybe_recompile pc=0x00007f0d249f598c method=com.android.dx.cf.code.BytecodeArray.parseInstruction(ILcom/android/dx/cf/code/BytecodeArray$Visitor;)I @ 1987
Event: 20.786 Thread 0x00007f0d2800a800 Uncommon trap: reason=bimorphic action=maybe_recompile pc=0x00007f0d249f598c method=com.android.dx.cf.code.BytecodeArray.parseInstruction(ILcom/android/dx/cf/code/BytecodeArray$Visitor;)I @ 1987

Internal exceptions (10 events):
Event: 7.555 Thread 0x00007f0d2800a800 Implicit null exception at 0x00007f0d247415b8 to 0x00007f0d24742851
Event: 7.555 Thread 0x00007f0d2800a800 Implicit null exception at 0x00007f0d2467351b to 0x00007f0d24673831
Event: 7.555 Thread 0x00007f0d2800a800 Implicit null exception at 0x00007f0d246b1367 to 0x00007f0d246b1661
Event: 7.556 Thread 0x00007f0d2800a800 Implicit null exception at 0x00007f0d246789b8 to 0x00007f0d24678b0d
Event: 9.546 Thread 0x00007f0d2800a800 Threw 0x00000000f07b7848 at /build/openjdk-7-HVzwJZ/openjdk-7-7u95-2.6.4/build/openjdk/hotspot/src/share/vm/prims/jvm.cpp:1322
Event: 10.725 Thread 0x00007f0d2800a800 Threw 0x00000000ec2145c8 at /build/openjdk-7-HVzwJZ/openjdk-7-7u95-2.6.4/build/openjdk/hotspot/src/share/vm/prims/jvm.cpp:1322
Event: 10.951 Thread 0x00007f0d2800a800 Implicit null exception at 0x00007f0d247f1d84 to 0x00007f0d247f1ffe
Event: 12.899 Thread 0x00007f0d2800a800 Threw 0x00000000f6a852d8 at /build/openjdk-7-HVzwJZ/openjdk-7-7u95-2.6.4/build/openjdk/hotspot/src/share/vm/prims/jvm.cpp:1322
Event: 14.250 Thread 0x00007f0d2800a800 Implicit null exception at 0x00007f0d249b2ecc to 0x00007f0d249b3947
Event: 14.591 Thread 0x00007f0d2800a800 Implicit null exception at 0x00007f0d249434db to 0x00007f0d24944ab9

Events (10 events):
Event: 20.786 Thread 0x00007f0d2800a800 DEOPT UNPACKING pc=0x00007f0d245f4445 sp=0x00007f0d2ebc7e80 mode 2
Event: 20.786 Thread 0x00007f0d2800a800 Uncommon trap: trap_request=0xffffffc6 fr.pc=0x00007f0d249f598c
Event: 20.786 Thread 0x00007f0d2800a800 DEOPT PACKING pc=0x00007f0d249f598c sp=0x00007f0d2ebc7df0
Event: 20.786 Thread 0x00007f0d2800a800 DEOPT UNPACKING pc=0x00007f0d245f4445 sp=0x00007f0d2ebc7db0 mode 2
Event: 20.994 Executing VM operation: ParallelGCFailedAllocation
Event: 21.062 Executing VM operation: ParallelGCFailedAllocation done
Event: 21.342 Executing VM operation: ParallelGCFailedAllocation
Event: 21.426 Executing VM operation: ParallelGCFailedAllocation done
Event: 21.670 Thread 0x00007f0d280aa000 flushing nmethod 0x00007f0d246d0250
Event: 21.683 Executing VM operation: ParallelGCFailedAllocation


Dynamic libraries:
00400000-00401000 r-xp 00000000 08:01 5508137                            /usr/lib/jvm/java-7-openjdk-amd64/jre/bin/java
00600000-00601000 r--p 00000000 08:01 5508137                            /usr/lib/jvm/java-7-openjdk-amd64/jre/bin/java
00601000-00602000 rw-p 00001000 08:01 5508137                            /usr/lib/jvm/java-7-openjdk-amd64/jre/bin/java
0079a000-007bb000 rw-p 00000000 00:00 0                                  [heap]
b5a00000-b6f00000 rw-p 00000000 00:00 0 
b6f00000-c0000000 rw-p 00000000 00:00 0 
c0000000-df780000 rw-p 00000000 00:00 0 
e9f00000-eaa80000 rw-p 00000000 00:00 0 
eaa80000-100000000 rw-p 00000000 00:00 0 
7f0cec000000-7f0cec021000 rw-p 00000000 00:00 0 
7f0cec021000-7f0cf0000000 ---p 00000000 00:00 0 
7f0cf0000000-7f0cf0021000 rw-p 00000000 00:00 0 
7f0cf0021000-7f0cf4000000 ---p 00000000 00:00 0 
7f0cf4000000-7f0cf5bba000 rw-p 00000000 00:00 0 
7f0cf5bba000-7f0cf8000000 ---p 00000000 00:00 0 
7f0cf8000000-7f0cf919e000 rw-p 00000000 00:00 0 
7f0cf919e000-7f0cfc000000 ---p 00000000 00:00 0 
7f0cfc000000-7f0cfc021000 rw-p 00000000 00:00 0 
7f0cfc021000-7f0d00000000 ---p 00000000 00:00 0 
7f0d00000000-7f0d00021000 rw-p 00000000 00:00 0 
7f0d00021000-7f0d04000000 ---p 00000000 00:00 0 
7f0d04000000-7f0d04022000 rw-p 00000000 00:00 0 
7f0d04022000-7f0d08000000 ---p 00000000 00:00 0 
7f0d08000000-7f0d08021000 rw-p 00000000 00:00 0 
7f0d08021000-7f0d0c000000 ---p 00000000 00:00 0 
7f0d0c000000-7f0d0c021000 rw-p 00000000 00:00 0 
7f0d0c021000-7f0d10000000 ---p 00000000 00:00 0 
7f0d11d11000-7f0d11d42000 rw-p 00000000 00:00 0 
7f0d11d42000-7f0d11d7f000 r-xp 00000000 08:01 790495                     /lib/x86_64-linux-gnu/libpcre.so.3.13.1
7f0d11d7f000-7f0d11f7e000 ---p 0003d000 08:01 790495                     /lib/x86_64-linux-gnu/libpcre.so.3.13.1
7f0d11f7e000-7f0d11f7f000 r--p 0003c000 08:01 790495                     /lib/x86_64-linux-gnu/libpcre.so.3.13.1
7f0d11f7f000-7f0d11f80000 rw-p 0003d000 08:01 790495                     /lib/x86_64-linux-gnu/libpcre.so.3.13.1
7f0d11f80000-7f0d11f87000 r-xp 00000000 08:01 4726848                    /usr/lib/x86_64-linux-gnu/libffi.so.6.0.1
7f0d11f87000-7f0d12186000 ---p 00007000 08:01 4726848                    /usr/lib/x86_64-linux-gnu/libffi.so.6.0.1
7f0d12186000-7f0d12187000 r--p 00006000 08:01 4726848                    /usr/lib/x86_64-linux-gnu/libffi.so.6.0.1
7f0d12187000-7f0d12188000 rw-p 00007000 08:01 4726848                    /usr/lib/x86_64-linux-gnu/libffi.so.6.0.1
7f0d12188000-7f0d1219f000 r-xp 00000000 08:01 786614                     /lib/x86_64-linux-gnu/libresolv-2.19.so
7f0d1219f000-7f0d1239f000 ---p 00017000 08:01 786614                     /lib/x86_64-linux-gnu/libresolv-2.19.so
7f0d1239f000-7f0d123a0000 r--p 00017000 08:01 786614                     /lib/x86_64-linux-gnu/libresolv-2.19.so
7f0d123a0000-7f0d123a1000 rw-p 00018000 08:01 786614                     /lib/x86_64-linux-gnu/libresolv-2.19.so
7f0d123a1000-7f0d123a3000 rw-p 00000000 00:00 0 
7f0d123a3000-7f0d123c3000 r-xp 00000000 08:01 790522                     /lib/x86_64-linux-gnu/libselinux.so.1
7f0d123c3000-7f0d125c2000 ---p 00020000 08:01 790522                     /lib/x86_64-linux-gnu/libselinux.so.1
7f0d125c2000-7f0d125c3000 r--p 0001f000 08:01 790522                     /lib/x86_64-linux-gnu/libselinux.so.1
7f0d125c3000-7f0d125c4000 rw-p 00020000 08:01 790522                     /lib/x86_64-linux-gnu/libselinux.so.1
7f0d125c4000-7f0d125c6000 rw-p 00000000 00:00 0 
7f0d125c6000-7f0d125c9000 r-xp 00000000 08:01 4726965                    /usr/lib/x86_64-linux-gnu/libgmodule-2.0.so.0.4000.0
7f0d125c9000-7f0d127c8000 ---p 00003000 08:01 4726965                    /usr/lib/x86_64-linux-gnu/libgmodule-2.0.so.0.4000.0
7f0d127c8000-7f0d127c9000 r--p 00002000 08:01 4726965                    /usr/lib/x86_64-linux-gnu/libgmodule-2.0.so.0.4000.0
7f0d127c9000-7f0d127ca000 rw-p 00003000 08:01 4726965                    /usr/lib/x86_64-linux-gnu/libgmodule-2.0.so.0.4000.0
7f0d127ca000-7f0d128d0000 r-xp 00000000 08:01 790423                     /lib/x86_64-linux-gnu/libglib-2.0.so.0.4000.0
7f0d128d0000-7f0d12acf000 ---p 00106000 08:01 790423                     /lib/x86_64-linux-gnu/libglib-2.0.so.0.4000.0
7f0d12acf000-7f0d12ad0000 r--p 00105000 08:01 790423                     /lib/x86_64-linux-gnu/libglib-2.0.so.0.4000.0
7f0d12ad0000-7f0d12ad1000 rw-p 00106000 08:01 790423                     /lib/x86_64-linux-gnu/libglib-2.0.so.0.4000.0
7f0d12ad1000-7f0d12ad2000 rw-p 00000000 00:00 0 
7f0d12ad2000-7f0d12b21000 r-xp 00000000 08:01 4726981                    /usr/lib/x86_64-linux-gnu/libgobject-2.0.so.0.4000.0
7f0d12b21000-7f0d12d21000 ---p 0004f000 08:01 4726981                    /usr/lib/x86_64-linux-gnu/libgobject-2.0.so.0.4000.0
7f0d12d21000-7f0d12d22000 r--p 0004f000 08:01 4726981                    /usr/lib/x86_64-linux-gnu/libgobject-2.0.so.0.4000.0
7f0d12d22000-7f0d12d23000 rw-p 00050000 08:01 4726981                    /usr/lib/x86_64-linux-gnu/libgobject-2.0.so.0.4000.0
7f0d12d23000-7f0d12e8e000 r-xp 00000000 08:01 4726951                    /usr/lib/x86_64-linux-gnu/libgio-2.0.so.0.4000.0
7f0d12e8e000-7f0d1308e000 ---p 0016b000 08:01 4726951                    /usr/lib/x86_64-linux-gnu/libgio-2.0.so.0.4000.0
7f0d1308e000-7f0d13092000 r--p 0016b000 08:01 4726951                    /usr/lib/x86_64-linux-gnu/libgio-2.0.so.0.4000.0
7f0d13092000-7f0d13094000 rw-p 0016f000 08:01 4726951                    /usr/lib/x86_64-linux-gnu/libgio-2.0.so.0.4000.0
7f0d13094000-7f0d13096000 rw-p 00000000 00:00 0 
7f0d130af000-7f0d130c6000 r-xp 00000000 08:01 5917886                    /usr/lib/jvm/java-7-openjdk-amd64/jre/lib/amd64/libnet.so
7f0d130c6000-7f0d132c5000 ---p 00017000 08:01 5917886                    /usr/lib/jvm/java-7-openjdk-amd64/jre/lib/amd64/libnet.so
7f0d132c5000-7f0d132c6000 r--p 00016000 08:01 5917886                    /usr/lib/jvm/java-7-openjdk-amd64/jre/lib/amd64/libnet.so
7f0d132c6000-7f0d132c7000 rw-p 00017000 08:01 5917886                    /usr/lib/jvm/java-7-openjdk-amd64/jre/lib/amd64/libnet.so
7f0d132c7000-7f0d132d7000 r-xp 00000000 08:01 5917910                    /usr/lib/jvm/java-7-openjdk-amd64/jre/lib/amd64/libnio.so
7f0d132d7000-7f0d134d7000 ---p 00010000 08:01 5917910                    /usr/lib/jvm/java-7-openjdk-amd64/jre/lib/amd64/libnio.so
7f0d134d7000-7f0d134d8000 r--p 00010000 08:01 5917910                    /usr/lib/jvm/java-7-openjdk-amd64/jre/lib/amd64/libnio.so
7f0d134d8000-7f0d134d9000 rw-p 00011000 08:01 5917910                    /usr/lib/jvm/java-7-openjdk-amd64/jre/lib/amd64/libnio.so
7f0d134d9000-7f0d134da000 ---p 00000000 00:00 0 
7f0d134da000-7f0d135da000 rw-p 00000000 00:00 0                          [stack:22817]
7f0d135da000-7f0d135dd000 ---p 00000000 00:00 0 
7f0d135dd000-7f0d136db000 rw-p 00000000 00:00 0                          [stack:22816]
7f0d136db000-7f0d136de000 ---p 00000000 00:00 0 
7f0d136de000-7f0d137dc000 rw-p 00000000 00:00 0                          [stack:22815]
7f0d137dc000-7f0d137df000 ---p 00000000 00:00 0 
7f0d137df000-7f0d138dd000 rw-p 00000000 00:00 0                          [stack:22814]
7f0d138dd000-7f0d14000000 r--p 00000000 08:01 4725570                    /usr/lib/locale/locale-archive
7f0d14000000-7f0d14021000 rw-p 00000000 00:00 0 
7f0d14021000-7f0d18000000 ---p 00000000 00:00 0 
7f0d18000000-7f0d18021000 rw-p 00000000 00:00 0 
7f0d18021000-7f0d1c000000 ---p 00000000 00:00 0 
7f0d1c000000-7f0d1c021000 rw-p 00000000 00:00 0 
7f0d1c021000-7f0d20000000 ---p 00000000 00:00 0 
7f0d2000c000-7f0d200bd000 r--s 00b7e000 08:01 14828518                   /home/raihan/OpenSrpWorkSpace/opensrp-client-dghs-demo/opensrp-dghs/build/intermediates/multi-dex/armv7/debug/allclasses.jar
7f0d200bd000-7f0d200cc000 r--s 000dd000 08:01 6177003                    /home/raihan/android-sdk-linux/build-tools/21.1.2/lib/dx.jar
7f0d200cc000-7f0d200cf000 ---p 00000000 00:00 0 
7f0d200cf000-7f0d201cd000 rw-p 00000000 00:00 0                          [stack:22813]
7f0d201cd000-7f0d201d0000 ---p 00000000 00:00 0 
7f0d201d0000-7f0d202ce000 rw-p 00000000 00:00 0                          [stack:22812]
7f0d202ce000-7f0d202d1000 ---p 00000000 00:00 0 
7f0d202d1000-7f0d203cf000 rw-p 00000000 00:00 0                          [stack:22811]
7f0d203cf000-7f0d203d0000 ---p 00000000 00:00 0 
7f0d203d0000-7f0d21463000 rw-p 00000000 00:00 0                          [stack:22810]
7f0d21463000-7f0d21614000 r--s 01d30000 08:01 5508152                    /usr/lib/jvm/java-7-openjdk-amd64/jre/lib/rt.jar
7f0d21614000-7f0d23e0d000 rw-p 00000000 00:00 0 
7f0d23e0d000-7f0d23e0e000 ---p 00000000 00:00 0 
7f0d23e0e000-7f0d23f0e000 rw-p 00000000 00:00 0                          [stack:22809]
7f0d23f0e000-7f0d23f0f000 ---p 00000000 00:00 0 
7f0d23f0f000-7f0d2400f000 rw-p 00000000 00:00 0                          [stack:22808]
7f0d2400f000-7f0d24010000 ---p 00000000 00:00 0 
7f0d24010000-7f0d24110000 rw-p 00000000 00:00 0                          [stack:22807]
7f0d24110000-7f0d24111000 ---p 00000000 00:00 0 
7f0d24111000-7f0d2430d000 rw-p 00000000 00:00 0                          [stack:22806]
7f0d2430d000-7f0d24367000 rw-p 00000000 00:00 0 
7f0d24367000-7f0d24372000 rw-p 00000000 00:00 0 
7f0d24372000-7f0d243ba000 rw-p 00000000 00:00 0 
7f0d243ba000-7f0d244b6000 rw-p 00000000 00:00 0 
7f0d244b6000-7f0d2450f000 rw-p 00000000 00:00 0 
7f0d2450f000-7f0d245ba000 rw-p 00000000 00:00 0 
7f0d245ba000-7f0d245bb000 rw-p 00000000 00:00 0 
7f0d245bb000-7f0d24a1b000 rwxp 00000000 00:00 0 
7f0d24a1b000-7f0d275bb000 rw-p 00000000 00:00 0 
7f0d275bb000-7f0d275c3000 r-xp 00000000 08:01 5917892                    /usr/lib/jvm/java-7-openjdk-amd64/jre/lib/amd64/libzip.so
7f0d275c3000-7f0d277c2000 ---p 00008000 08:01 5917892                    /usr/lib/jvm/java-7-openjdk-amd64/jre/lib/amd64/libzip.so
7f0d277c2000-7f0d277c3000 r--p 00007000 08:01 5917892                    /usr/lib/jvm/java-7-openjdk-amd64/jre/lib/amd64/libzip.so
7f0d277c3000-7f0d277c4000 rw-p 00008000 08:01 5917892                    /usr/lib/jvm/java-7-openjdk-amd64/jre/lib/amd64/libzip.so
7f0d277c4000-7f0d277cf000 r-xp 00000000 08:01 786646                     /lib/x86_64-linux-gnu/libnss_files-2.19.so
7f0d277cf000-7f0d279ce000 ---p 0000b000 08:01 786646                     /lib/x86_64-linux-gnu/libnss_files-2.19.so
7f0d279ce000-7f0d279cf000 r--p 0000a000 08:01 786646                     /lib/x86_64-linux-gnu/libnss_files-2.19.so
7f0d279cf000-7f0d279d0000 rw-p 0000b000 08:01 786646                     /lib/x86_64-linux-gnu/libnss_files-2.19.so
7f0d279d0000-7f0d279db000 r-xp 00000000 08:01 786638                     /lib/x86_64-linux-gnu/libnss_nis-2.19.so
7f0d279db000-7f0d27bda000 ---p 0000b000 08:01 786638                     /lib/x86_64-linux-gnu/libnss_nis-2.19.so
7f0d27bda000-7f0d27bdb000 r--p 0000a000 08:01 786638                     /lib/x86_64-linux-gnu/libnss_nis-2.19.so
7f0d27bdb000-7f0d27bdc000 rw-p 0000b000 08:01 786638                     /lib/x86_64-linux-gnu/libnss_nis-2.19.so
7f0d27bdc000-7f0d27bf3000 r-xp 00000000 08:01 786634                     /lib/x86_64-linux-gnu/libnsl-2.19.so
7f0d27bf3000-7f0d27df2000 ---p 00017000 08:01 786634                     /lib/x86_64-linux-gnu/libnsl-2.19.so
7f0d27df2000-7f0d27df3000 r--p 00016000 08:01 786634                     /lib/x86_64-linux-gnu/libnsl-2.19.so
7f0d27df3000-7f0d27df4000 rw-p 00017000 08:01 786634                     /lib/x86_64-linux-gnu/libnsl-2.19.so
7f0d27df4000-7f0d27df6000 rw-p 00000000 00:00 0 
7f0d27df6000-7f0d27dff000 r-xp 00000000 08:01 786633                     /lib/x86_64-linux-gnu/libnss_compat-2.19.so
7f0d27dff000-7f0d27ffe000 ---p 00009000 08:01 786633                     /lib/x86_64-linux-gnu/libnss_compat-2.19.so
7f0d27ffe000-7f0d27fff000 r--p 00008000 08:01 786633                     /lib/x86_64-linux-gnu/libnss_compat-2.19.so
7f0d27fff000-7f0d28000000 rw-p 00009000 08:01 786633                     /lib/x86_64-linux-gnu/libnss_compat-2.19.so
7f0d28000000-7f0d2839b000 rw-p 00000000 00:00 0 
7f0d2839b000-7f0d2c000000 ---p 00000000 00:00 0 
7f0d2c000000-7f0d2c003000 r--s 0000f000 08:01 5917931                    /usr/lib/jvm/java-7-openjdk-amd64/jre/lib/ext/icedtea-sound.jar
7f0d2c003000-7f0d2c0fb000 rw-p 00000000 00:00 0 
7f0d2c0fb000-7f0d2c143000 rw-p 00000000 00:00 0 
7f0d2c143000-7f0d2c16e000 r-xp 00000000 08:01 5917877                    /usr/lib/jvm/java-7-openjdk-amd64/jre/lib/amd64/libjava.so
7f0d2c16e000-7f0d2c36e000 ---p 0002b000 08:01 5917877                    /usr/lib/jvm/java-7-openjdk-amd64/jre/lib/amd64/libjava.so
7f0d2c36e000-7f0d2c36f000 r--p 0002b000 08:01 5917877                    /usr/lib/jvm/java-7-openjdk-amd64/jre/lib/amd64/libjava.so
7f0d2c36f000-7f0d2c371000 rw-p 0002c000 08:01 5917877                    /usr/lib/jvm/java-7-openjdk-amd64/jre/lib/amd64/libjava.so
7f0d2c371000-7f0d2c381000 r-xp 00000000 08:01 5917878                    /usr/lib/jvm/java-7-openjdk-amd64/jre/lib/amd64/libverify.so
7f0d2c381000-7f0d2c580000 ---p 00010000 08:01 5917878                    /usr/lib/jvm/java-7-openjdk-amd64/jre/lib/amd64/libverify.so
7f0d2c580000-7f0d2c582000 r--p 0000f000 08:01 5917878                    /usr/lib/jvm/java-7-openjdk-amd64/jre/lib/amd64/libverify.so
7f0d2c582000-7f0d2c583000 rw-p 00011000 08:01 5917878                    /usr/lib/jvm/java-7-openjdk-amd64/jre/lib/amd64/libverify.so
7f0d2c583000-7f0d2c58a000 r-xp 00000000 08:01 786642                     /lib/x86_64-linux-gnu/librt-2.19.so
7f0d2c58a000-7f0d2c789000 ---p 00007000 08:01 786642                     /lib/x86_64-linux-gnu/librt-2.19.so
7f0d2c789000-7f0d2c78a000 r--p 00006000 08:01 786642                     /lib/x86_64-linux-gnu/librt-2.19.so
7f0d2c78a000-7f0d2c78b000 rw-p 00007000 08:01 786642                     /lib/x86_64-linux-gnu/librt-2.19.so
7f0d2c78b000-7f0d2c7a1000 r-xp 00000000 08:01 786612                     /lib/x86_64-linux-gnu/libgcc_s.so.1
7f0d2c7a1000-7f0d2c9a0000 ---p 00016000 08:01 786612                     /lib/x86_64-linux-gnu/libgcc_s.so.1
7f0d2c9a0000-7f0d2c9a1000 rw-p 00015000 08:01 786612                     /lib/x86_64-linux-gnu/libgcc_s.so.1
7f0d2c9a1000-7f0d2caa6000 r-xp 00000000 08:01 786618                     /lib/x86_64-linux-gnu/libm-2.19.so
7f0d2caa6000-7f0d2cca5000 ---p 00105000 08:01 786618                     /lib/x86_64-linux-gnu/libm-2.19.so
7f0d2cca5000-7f0d2cca6000 r--p 00104000 08:01 786618                     /lib/x86_64-linux-gnu/libm-2.19.so
7f0d2cca6000-7f0d2cca7000 rw-p 00105000 08:01 786618                     /lib/x86_64-linux-gnu/libm-2.19.so
7f0d2cca7000-7f0d2cd8d000 r-xp 00000000 08:01 4721335                    /usr/lib/x86_64-linux-gnu/libstdc++.so.6.0.19
7f0d2cd8d000-7f0d2cf8c000 ---p 000e6000 08:01 4721335                    /usr/lib/x86_64-linux-gnu/libstdc++.so.6.0.19
7f0d2cf8c000-7f0d2cf94000 r--p 000e5000 08:01 4721335                    /usr/lib/x86_64-linux-gnu/libstdc++.so.6.0.19
7f0d2cf94000-7f0d2cf96000 rw-p 000ed000 08:01 4721335                    /usr/lib/x86_64-linux-gnu/libstdc++.so.6.0.19
7f0d2cf96000-7f0d2cfab000 rw-p 00000000 00:00 0 
7f0d2cfab000-7f0d2dacf000 r-xp 00000000 08:01 5917890                    /usr/lib/jvm/java-7-openjdk-amd64/jre/lib/amd64/server/libjvm.so
7f0d2dacf000-7f0d2dccf000 ---p 00b24000 08:01 5917890                    /usr/lib/jvm/java-7-openjdk-amd64/jre/lib/amd64/server/libjvm.so
7f0d2dccf000-7f0d2dd69000 r--p 00b24000 08:01 5917890                    /usr/lib/jvm/java-7-openjdk-amd64/jre/lib/amd64/server/libjvm.so
7f0d2dd69000-7f0d2dd8c000 rw-p 00bbe000 08:01 5917890                    /usr/lib/jvm/java-7-openjdk-amd64/jre/lib/amd64/server/libjvm.so
7f0d2dd8c000-7f0d2ddba000 rw-p 00000000 00:00 0 
7f0d2ddba000-7f0d2ddd2000 r-xp 00000000 08:01 790555                     /lib/x86_64-linux-gnu/libz.so.1.2.8
7f0d2ddd2000-7f0d2dfd1000 ---p 00018000 08:01 790555                     /lib/x86_64-linux-gnu/libz.so.1.2.8
7f0d2dfd1000-7f0d2dfd2000 r--p 00017000 08:01 790555                     /lib/x86_64-linux-gnu/libz.so.1.2.8
7f0d2dfd2000-7f0d2dfd3000 rw-p 00018000 08:01 790555                     /lib/x86_64-linux-gnu/libz.so.1.2.8
7f0d2dfd3000-7f0d2dfec000 r-xp 00000000 08:01 786635                     /lib/x86_64-linux-gnu/libpthread-2.19.so
7f0d2dfec000-7f0d2e1eb000 ---p 00019000 08:01 786635                     /lib/x86_64-linux-gnu/libpthread-2.19.so
7f0d2e1eb000-7f0d2e1ec000 r--p 00018000 08:01 786635                     /lib/x86_64-linux-gnu/libpthread-2.19.so
7f0d2e1ec000-7f0d2e1ed000 rw-p 00019000 08:01 786635                     /lib/x86_64-linux-gnu/libpthread-2.19.so
7f0d2e1ed000-7f0d2e1f1000 rw-p 00000000 00:00 0 
7f0d2e1f1000-7f0d2e1f4000 r-xp 00000000 08:01 786630                     /lib/x86_64-linux-gnu/libdl-2.19.so
7f0d2e1f4000-7f0d2e3f3000 ---p 00003000 08:01 786630                     /lib/x86_64-linux-gnu/libdl-2.19.so
7f0d2e3f3000-7f0d2e3f4000 r--p 00002000 08:01 786630                     /lib/x86_64-linux-gnu/libdl-2.19.so
7f0d2e3f4000-7f0d2e3f5000 rw-p 00003000 08:01 786630                     /lib/x86_64-linux-gnu/libdl-2.19.so
7f0d2e3f5000-7f0d2e5b0000 r-xp 00000000 08:01 786643                     /lib/x86_64-linux-gnu/libc-2.19.so
7f0d2e5b0000-7f0d2e7af000 ---p 001bb000 08:01 786643                     /lib/x86_64-linux-gnu/libc-2.19.so
7f0d2e7af000-7f0d2e7b3000 r--p 001ba000 08:01 786643                     /lib/x86_64-linux-gnu/libc-2.19.so
7f0d2e7b3000-7f0d2e7b5000 rw-p 001be000 08:01 786643                     /lib/x86_64-linux-gnu/libc-2.19.so
7f0d2e7b5000-7f0d2e7ba000 rw-p 00000000 00:00 0 
7f0d2e7ba000-7f0d2e7c7000 r-xp 00000000 08:01 5917907                    /usr/lib/jvm/java-7-openjdk-amd64/jre/lib/amd64/jli/libjli.so
7f0d2e7c7000-7f0d2e9c6000 ---p 0000d000 08:01 5917907                    /usr/lib/jvm/java-7-openjdk-amd64/jre/lib/amd64/jli/libjli.so
7f0d2e9c6000-7f0d2e9c7000 r--p 0000c000 08:01 5917907                    /usr/lib/jvm/java-7-openjdk-amd64/jre/lib/amd64/jli/libjli.so
7f0d2e9c7000-7f0d2e9c8000 rw-p 0000d000 08:01 5917907                    /usr/lib/jvm/java-7-openjdk-amd64/jre/lib/amd64/jli/libjli.so
7f0d2e9c8000-7f0d2e9eb000 r-xp 00000000 08:01 786636                     /lib/x86_64-linux-gnu/ld-2.19.so
7f0d2e9ed000-7f0d2e9f1000 r--s 00034000 08:01 5917930                    /usr/lib/jvm/java-7-openjdk-amd64/jre/lib/ext/sunjce_provider.jar
7f0d2e9f1000-7f0d2ea1b000 rw-p 00000000 00:00 0 
7f0d2ea1b000-7f0d2eac9000 rw-p 00000000 00:00 0 
7f0d2eac9000-7f0d2eacc000 ---p 00000000 00:00 0 
7f0d2eacc000-7f0d2ebcf000 rw-p 00000000 00:00 0                          [stack:22805]
7f0d2ebd0000-7f0d2ebd1000 rw-p 00000000 00:00 0 
7f0d2ebd1000-7f0d2ebd3000 r--s 00012000 08:01 5917929                    /usr/lib/jvm/java-7-openjdk-amd64/jre/lib/ext/zipfs.jar
7f0d2ebd3000-7f0d2ebd5000 r--s 00006000 08:01 5118243                    /usr/share/java/java-atk-wrapper.jar
7f0d2ebd5000-7f0d2ebd9000 r--s 0003c000 08:01 5917933                    /usr/lib/jvm/java-7-openjdk-amd64/jre/lib/ext/sunpkcs11.jar
7f0d2ebd9000-7f0d2ebdd000 r--s 00085000 08:01 5917932                    /usr/lib/jvm/java-7-openjdk-amd64/jre/lib/ext/localedata.jar
7f0d2ebdd000-7f0d2ebde000 r--s 00002000 08:01 5917928                    /usr/lib/jvm/java-7-openjdk-amd64/jre/lib/ext/dnsns.jar
7f0d2ebde000-7f0d2ebe6000 rw-s 00000000 08:01 131916                     /tmp/hsperfdata_raihan/22799
7f0d2ebe6000-7f0d2ebe7000 rw-p 00000000 00:00 0 
7f0d2ebe7000-7f0d2ebe8000 ---p 00000000 00:00 0 
7f0d2ebe8000-7f0d2ebea000 rw-p 00000000 00:00 0 
7f0d2ebea000-7f0d2ebeb000 r--p 00022000 08:01 786636                     /lib/x86_64-linux-gnu/ld-2.19.so
7f0d2ebeb000-7f0d2ebec000 rw-p 00023000 08:01 786636                     /lib/x86_64-linux-gnu/ld-2.19.so
7f0d2ebec000-7f0d2ebed000 rw-p 00000000 00:00 0 
7fff3fc31000-7fff3fc52000 rw-p 00000000 00:00 0                          [stack]
7fff3fdfe000-7fff3fe00000 r-xp 00000000 00:00 0                          [vdso]
ffffffffff600000-ffffffffff601000 r-xp 00000000 00:00 0                  [vsyscall]

VM Arguments:
jvm_args: -Xmx1024M -Dfile.encoding=UTF-8 -Duser.country=US -Duser.language=en -Duser.variant 
java_command: com.android.dx.command.Main --dex --multi-dex --main-dex-list /home/raihan/OpenSrpWorkSpace/opensrp-client-dghs-demo/opensrp-dghs/build/intermediates/multi-dex/armv7/debug/maindexlist.txt --output /home/raihan/OpenSrpWorkSpace/opensrp-client-dghs-demo/opensrp-dghs/build/intermediates/dex/armv7/debug /home/raihan/OpenSrpWorkSpace/opensrp-client-dghs-demo/opensrp-dghs/build/intermediates/multi-dex/armv7/debug/allclasses.jar
Launcher Type: SUN_STANDARD

Environment Variables:
PATH=/usr/local/sbin:/usr/local/bin:/usr/sbin:/usr/bin:/sbin:/bin:/usr/games:/usr/local/games
SHELL=/bin/bash
DISPLAY=:0

Signal Handlers:
SIGSEGV: [libjvm.so+0x9548f0], sa_mask[0]=0x7ffbfeff, sa_flags=0x10000004
SIGBUS: [libjvm.so+0x9548f0], sa_mask[0]=0x7ffbfeff, sa_flags=0x10000004
SIGFPE: [libjvm.so+0x7cb0b0], sa_mask[0]=0x7ffbfeff, sa_flags=0x10000004
SIGPIPE: [libjvm.so+0x7cb0b0], sa_mask[0]=0x7ffbfeff, sa_flags=0x10000004
SIGXFSZ: [libjvm.so+0x7cb0b0], sa_mask[0]=0x7ffbfeff, sa_flags=0x10000004
SIGILL: [libjvm.so+0x7cb0b0], sa_mask[0]=0x7ffbfeff, sa_flags=0x10000004
SIGUSR1: SIG_DFL, sa_mask[0]=0x00000000, sa_flags=0x00000000
SIGUSR2: [libjvm.so+0x7caf50], sa_mask[0]=0x00000004, sa_flags=0x10000004
SIGHUP: [libjvm.so+0x7cb130], sa_mask[0]=0x7ffbfeff, sa_flags=0x10000004
SIGINT: [libjvm.so+0x7cb130], sa_mask[0]=0x7ffbfeff, sa_flags=0x10000004
SIGTERM: [libjvm.so+0x7cb130], sa_mask[0]=0x7ffbfeff, sa_flags=0x10000004
SIGQUIT: [libjvm.so+0x7cb130], sa_mask[0]=0x7ffbfeff, sa_flags=0x10000004
SIGTRAP: SIG_DFL, sa_mask[0]=0x00000000, sa_flags=0x00000000


---------------  S Y S T E M  ---------------

OS:Ubuntu 14.04 (trusty)
uname:Linux 3.13.0-24-generic #46-Ubuntu SMP Thu Apr 10 19:11:08 UTC 2014 x86_64
libc:glibc 2.19 NPTL 2.19 
rlimit: STACK 8192k, CORE 0k, NPROC 30570, NOFILE 4096, AS infinity
load average:1.27 1.26 0.76

/proc/meminfo:
MemTotal:        3934516 kB
MemFree:          122856 kB
Buffers:            1000 kB
Cached:           306924 kB
SwapCached:        11328 kB
Active:          2745968 kB
Inactive:         766836 kB
Active(anon):    2730532 kB
Inactive(anon):   749616 kB
Active(file):      15436 kB
Inactive(file):    17220 kB
Unevictable:          68 kB
Mlocked:              68 kB
SwapTotal:       4080636 kB
SwapFree:          44064 kB
Dirty:                68 kB
Writeback:             0 kB
AnonPages:       3195472 kB
Mapped:            27376 kB
Shmem:            274788 kB
Slab:              88976 kB
SReclaimable:      39492 kB
SUnreclaim:        49484 kB
KernelStack:        6592 kB
PageTables:        84872 kB
NFS_Unstable:          0 kB
Bounce:                0 kB
WritebackTmp:          0 kB
CommitLimit:     6047892 kB
Committed_AS:   26234832 kB
VmallocTotal:   34359738367 kB
VmallocUsed:      551428 kB
VmallocChunk:   34359115952 kB
HardwareCorrupted:     0 kB
AnonHugePages:    419840 kB
HugePages_Total:       0
HugePages_Free:        0
HugePages_Rsvd:        0
HugePages_Surp:        0
Hugepagesize:       2048 kB
DirectMap4k:       67072 kB
DirectMap2M:     1918976 kB
DirectMap1G:     2097152 kB


CPU:total 4 (2 cores per cpu, 2 threads per core) family 6 model 61 stepping 4, cmov, cx8, fxsr, mmx, sse, sse2, sse3, ssse3, sse4.1, sse4.2, popcnt, avx, avx2, aes, erms, ht, tsc, tscinvbit

/proc/cpuinfo:
processor	: 0
vendor_id	: GenuineIntel
cpu family	: 6
model		: 61
model name	: Intel(R) Core(TM) i5-5200U CPU @ 2.20GHz
stepping	: 4
microcode	: 0x1f
cpu MHz		: 2000.000
cache size	: 3072 KB
physical id	: 0
siblings	: 4
core id		: 0
cpu cores	: 2
apicid		: 0
initial apicid	: 0
fpu		: yes
fpu_exception	: yes
cpuid level	: 20
wp		: yes
flags		: fpu vme de pse tsc msr pae mce cx8 apic sep mtrr pge mca cmov pat pse36 clflush dts acpi mmx fxsr sse sse2 ss ht tm pbe syscall nx pdpe1gb rdtscp lm constant_tsc arch_perfmon pebs bts rep_good nopl xtopology nonstop_tsc aperfmperf eagerfpu pni pclmulqdq dtes64 monitor ds_cpl vmx est tm2 ssse3 fma cx16 xtpr pdcm pcid sse4_1 sse4_2 x2apic movbe popcnt tsc_deadline_timer aes xsave avx f16c rdrand lahf_lm abm 3dnowprefetch ida arat epb xsaveopt pln pts dtherm tpr_shadow vnmi flexpriority ept vpid fsgsbase tsc_adjust bmi1 avx2 smep bmi2 erms invpcid rdseed adx smap
bogomips	: 4389.65
clflush size	: 64
cache_alignment	: 64
address sizes	: 39 bits physical, 48 bits virtual
power management:

processor	: 1
vendor_id	: GenuineIntel
cpu family	: 6
model		: 61
model name	: Intel(R) Core(TM) i5-5200U CPU @ 2.20GHz
stepping	: 4
microcode	: 0x1f
cpu MHz		: 500.000
cache size	: 3072 KB
physical id	: 0
siblings	: 4
core id		: 0
cpu cores	: 2
apicid		: 1
initial apicid	: 1
fpu		: yes
fpu_exception	: yes
cpuid level	: 20
wp		: yes
flags		: fpu vme de pse tsc msr pae mce cx8 apic sep mtrr pge mca cmov pat pse36 clflush dts acpi mmx fxsr sse sse2 ss ht tm pbe syscall nx pdpe1gb rdtscp lm constant_tsc arch_perfmon pebs bts rep_good nopl xtopology nonstop_tsc aperfmperf eagerfpu pni pclmulqdq dtes64 monitor ds_cpl vmx est tm2 ssse3 fma cx16 xtpr pdcm pcid sse4_1 sse4_2 x2apic movbe popcnt tsc_deadline_timer aes xsave avx f16c rdrand lahf_lm abm 3dnowprefetch ida arat epb xsaveopt pln pts dtherm tpr_shadow vnmi flexpriority ept vpid fsgsbase tsc_adjust bmi1 avx2 smep bmi2 erms invpcid rdseed adx smap
bogomips	: 4389.65
clflush size	: 64
cache_alignment	: 64
address sizes	: 39 bits physical, 48 bits virtual
power management:

processor	: 2
vendor_id	: GenuineIntel
cpu family	: 6
model		: 61
model name	: Intel(R) Core(TM) i5-5200U CPU @ 2.20GHz
stepping	: 4
microcode	: 0x1f
cpu MHz		: 2201.000
cache size	: 3072 KB
physical id	: 0
siblings	: 4
core id		: 1
cpu cores	: 2
apicid		: 2
initial apicid	: 2
fpu		: yes
fpu_exception	: yes
cpuid level	: 20
wp		: yes
flags		: fpu vme de pse tsc msr pae mce cx8 apic sep mtrr pge mca cmov pat pse36 clflush dts acpi mmx fxsr sse sse2 ss ht tm pbe syscall nx pdpe1gb rdtscp lm constant_tsc arch_perfmon pebs bts rep_good nopl xtopology nonstop_tsc aperfmperf eagerfpu pni pclmulqdq dtes64 monitor ds_cpl vmx est tm2 ssse3 fma cx16 xtpr pdcm pcid sse4_1 sse4_2 x2apic movbe popcnt tsc_deadline_timer aes xsave avx f16c rdrand lahf_lm abm 3dnowprefetch ida arat epb xsaveopt pln pts dtherm tpr_shadow vnmi flexpriority ept vpid fsgsbase tsc_adjust bmi1 avx2 smep bmi2 erms invpcid rdseed adx smap
bogomips	: 4389.65
clflush size	: 64
cache_alignment	: 64
address sizes	: 39 bits physical, 48 bits virtual
power management:

processor	: 3
vendor_id	: GenuineIntel
cpu family	: 6
model		: 61
model name	: Intel(R) Core(TM) i5-5200U CPU @ 2.20GHz
stepping	: 4
microcode	: 0x1f
cpu MHz		: 900.000
cache size	: 3072 KB
physical id	: 0
siblings	: 4
core id		: 1
cpu cores	: 2
apicid		: 3
initial apicid	: 3
fpu		: yes
fpu_exception	: yes
cpuid level	: 20
wp		: yes
flags		: fpu vme de pse tsc msr pae mce cx8 apic sep mtrr pge mca cmov pat pse36 clflush dts acpi mmx fxsr sse sse2 ss ht tm pbe syscall nx pdpe1gb rdtscp lm constant_tsc arch_perfmon pebs bts rep_good nopl xtopology nonstop_tsc aperfmperf eagerfpu pni pclmulqdq dtes64 monitor ds_cpl vmx est tm2 ssse3 fma cx16 xtpr pdcm pcid sse4_1 sse4_2 x2apic movbe popcnt tsc_deadline_timer aes xsave avx f16c rdrand lahf_lm abm 3dnowprefetch ida arat epb xsaveopt pln pts dtherm tpr_shadow vnmi flexpriority ept vpid fsgsbase tsc_adjust bmi1 avx2 smep bmi2 erms invpcid rdseed adx smap
bogomips	: 4389.65
clflush size	: 64
cache_alignment	: 64
address sizes	: 39 bits physical, 48 bits virtual
power management:



Memory: 4k page, physical 3934516k(122856k free), swap 4080636k(44064k free)

vm_info: OpenJDK 64-Bit Server VM (24.95-b01) for linux-amd64 JRE (1.7.0_95-b00), built on Mar 24 2016 06:13:32 by "buildd" with gcc 4.8.2

time: Tue Jun 28 16:07:05 2016
elapsed time: 24 seconds

