#
# There is insufficient memory for the Java Runtime Environment to continue.
# Native memory allocation (malloc) failed to allocate 55574528 bytes for committing reserved memory.
# Possible reasons:
#   The system is out of physical RAM or swap space
#   In 32 bit mode, the process size limit was hit
# Possible solutions:
#   Reduce memory load on the system
#   Increase physical memory or swap space
#   Check if swap backing store is full
#   Use 64 bit Java on a 64 bit OS
#   Decrease Java heap size (-Xmx/-Xms)
#   Decrease number of Java threads
#   Decrease Java thread stack sizes (-Xss)
#   Set larger code cache with -XX:ReservedCodeCacheSize=
# This output file may be truncated or incomplete.
#
#  Out of Memory Error (os_linux.cpp:2827), pid=22708, tid=139934670993152
#
# JRE version: OpenJDK Runtime Environment (7.0_95) (build 1.7.0_95-b00)
# Java VM: OpenJDK 64-Bit Server VM (24.95-b01 mixed mode linux-amd64 compressed oops)
# Derivative: IcedTea 2.6.4
# Distribution: Ubuntu 14.04 LTS, package 7u95-2.6.4-0ubuntu0.14.04.2
# Failed to write core dump. Core dumps have been disabled. To enable core dumping, try "ulimit -c unlimited" before starting Java again
#

---------------  T H R E A D  ---------------

Current thread (0x00007f4518076000):  VMThread [stack: 0x00007f45144b3000,0x00007f45145b4000] [id=22718]

Stack: [0x00007f45144b3000,0x00007f45145b4000],  sp=0x00007f45145b2490,  free space=1021k
Native frames: (J=compiled Java code, j=interpreted, Vv=VM code, C=native code)
V  [libjvm.so+0x953e15]
V  [libjvm.so+0x48fd94]
V  [libjvm.so+0x7cf87b]
V  [libjvm.so+0x7ca33f]
V  [libjvm.so+0x83dacb]
V  [libjvm.so+0x82d86b]
V  [libjvm.so+0x82da2b]
V  [libjvm.so+0x82e958]
V  [libjvm.so+0x8355b4]
V  [libjvm.so+0x83bc0d]
V  [libjvm.so+0x7f2083]
V  [libjvm.so+0x955814]
V  [libjvm.so+0x959917]
V  [libjvm.so+0x9583d8]
V  [libjvm.so+0x958839]
V  [libjvm.so+0x958c82]
V  [libjvm.so+0x7cc742]

VM_Operation (0x00007f4520791e50): ParallelGCFailedAllocation, mode: safepoint, requested by thread 0x00007f451800a800


---------------  P R O C E S S  ---------------

Java Threads: ( => current thread )
  0x00007f45180af800 JavaThread "Service Thread" daemon [_thread_blocked, id=22724, stack(0x00007f450d1ab000,0x00007f450d2ac000)]
  0x00007f45180ad000 JavaThread "C2 CompilerThread1" daemon [_thread_blocked, id=22723, stack(0x00007f450d2ac000,0x00007f450d3ad000)]
  0x00007f45180aa000 JavaThread "C2 CompilerThread0" daemon [_thread_blocked, id=22722, stack(0x00007f45140af000,0x00007f45141b0000)]
  0x00007f45180a8000 JavaThread "Signal Dispatcher" daemon [_thread_blocked, id=22721, stack(0x00007f45141b0000,0x00007f45142b1000)]
  0x00007f451807c000 JavaThread "Finalizer" daemon [_thread_blocked, id=22720, stack(0x00007f45142b1000,0x00007f45143b2000)]
  0x00007f451807a000 JavaThread "Reference Handler" daemon [_thread_blocked, id=22719, stack(0x00007f45143b2000,0x00007f45144b3000)]
  0x00007f451800a800 JavaThread "main" [_thread_blocked, id=22713, stack(0x00007f4520693000,0x00007f4520794000)]

Other Threads:
=>0x00007f4518076000 VMThread [stack: 0x00007f45144b3000,0x00007f45145b4000] [id=22718]
  0x00007f45180ba000 WatcherThread [stack: 0x00007f450d0aa000,0x00007f450d1ab000] [id=22725]

VM state:at safepoint (normal execution)

VM Mutex/Monitor currently owned by a thread:  ([mutex/lock_event])
[0x00007f45180062e0] ExpandHeap_lock - owner thread: 0x00007f4518076000
[0x00007f4518006960] Threads_lock - owner thread: 0x00007f4518076000
[0x00007f4518006e60] Heap_lock - owner thread: 0x00007f451800a800

Heap
 PSYoungGen      total 233472K, used 0K [0x00000000eaa80000, 0x0000000100000000, 0x0000000100000000)
  eden space 117248K, 0% used [0x00000000eaa80000,0x00000000eaa80000,0x00000000f1d00000)
  from space 116224K, 0% used [0x00000000f8e80000,0x00000000f8e80000,0x0000000100000000)
  to   space 116224K, 0% used [0x00000000f1d00000,0x00000000f1d00000,0x00000000f8e80000)
 ParOldGen       total 644608K, used 633459K [0x00000000c0000000, 0x00000000e7580000, 0x00000000eaa80000)
  object space 644608K, 98% used [0x00000000c0000000,0x00000000e6a9cd08,0x00000000e7580000)
 PSPermGen       total 21504K, used 6225K [0x00000000b5a00000, 0x00000000b6f00000, 0x00000000c0000000)
  object space 21504K, 28% used [0x00000000b5a00000,0x00000000b60144c8,0x00000000b6f00000)

Card table byte_map: [0x00007f451d074000,0x00007f451d2c8000] byte_map_base: 0x00007f451cac7000

Polling page: 0x00007f45207b1000

Code Cache  [0x00007f4515000000, 0x00007f4515460000, 0x00007f4518000000)
 total_blobs=1353 nmethods=1125 adapters=181 free_code_cache=45013Kb largest_free_block=45803264

Compilation events (10 events):
Event: 24.318 Thread 0x00007f45180ad000 1226             com.android.dx.ssa.back.FirstFitLocalCombiningAllocator$Alignment$1::nextClearBit (26 bytes)
Event: 24.320 Thread 0x00007f45180ad000 nmethod 1226 0x00007f45151d6090 code [0x00007f45151d6200, 0x00007f45151d6498]
Event: 24.598 Thread 0x00007f45180aa000 1227             com.android.dx.rop.code.Rops::opAput (97 bytes)
Event: 24.600 Thread 0x00007f45180aa000 nmethod 1227 0x00007f45151c1d10 code [0x00007f45151c1e80, 0x00007f45151c1fc8]
Event: 24.847 Thread 0x00007f45180ad000 1228             java.lang.ref.Reference::access$100 (4 bytes)
Event: 24.848 Thread 0x00007f45180ad000 nmethod 1228 0x00007f4515284890 code [0x00007f45152849c0, 0x00007f4515284a18]
Event: 24.848 Thread 0x00007f45180ad000 1229             java.lang.System$2::invokeFinalize (5 bytes)
Event: 24.849 Thread 0x00007f45180ad000 nmethod 1229 0x00007f4515284650 code [0x00007f45152847a0, 0x00007f4515284818]
Event: 24.849 Thread 0x00007f45180ad000 1230             java.lang.ref.Reference::clear (6 bytes)
Event: 24.849 Thread 0x00007f45180ad000 nmethod 1230 0x00007f45151d5e90 code [0x00007f45151d5fc0, 0x00007f45151d6018]

GC Heap History (10 events):
Event: 23.637 GC heap after
Heap after GC invocations=38 (full 6):
 PSYoungGen      total 229376K, used 95380K [0x00000000eaa80000, 0x0000000100000000, 0x0000000100000000)
  eden space 117248K, 0% used [0x00000000eaa80000,0x00000000eaa80000,0x00000000f1d00000)
  from space 112128K, 85% used [0x00000000f9280000,0x00000000fefa5148,0x0000000100000000)
  to   space 116224K, 0% used [0x00000000f1d00000,0x00000000f1d00000,0x00000000f8e80000)
 ParOldGen       total 644608K, used 464408K [0x00000000c0000000, 0x00000000e7580000, 0x00000000eaa80000)
  object space 644608K, 72% used [0x00000000c0000000,0x00000000dc586060,0x00000000e7580000)
 PSPermGen       total 21504K, used 6219K [0x00000000b5a00000, 0x00000000b6f00000, 0x00000000c0000000)
  object space 21504K, 28% used [0x00000000b5a00000,0x00000000b6012ca0,0x00000000b6f00000)
}
Event: 23.934 GC heap before
{Heap before GC invocations=39 (full 6):
 PSYoungGen      total 229376K, used 212628K [0x00000000eaa80000, 0x0000000100000000, 0x0000000100000000)
  eden space 117248K, 100% used [0x00000000eaa80000,0x00000000f1d00000,0x00000000f1d00000)
  from space 112128K, 85% used [0x00000000f9280000,0x00000000fefa5148,0x0000000100000000)
  to   space 116224K, 0% used [0x00000000f1d00000,0x00000000f1d00000,0x00000000f8e80000)
 ParOldGen       total 644608K, used 464408K [0x00000000c0000000, 0x00000000e7580000, 0x00000000eaa80000)
  object space 644608K, 72% used [0x00000000c0000000,0x00000000dc586060,0x00000000e7580000)
 PSPermGen       total 21504K, used 6220K [0x00000000b5a00000, 0x00000000b6f00000, 0x00000000c0000000)
  object space 21504K, 28% used [0x00000000b5a00000,0x00000000b6013228,0x00000000b6f00000)
Event: 24.057 GC heap after
Heap after GC invocations=39 (full 6):
 PSYoungGen      total 233472K, used 80405K [0x00000000eaa80000, 0x0000000100000000, 0x0000000100000000)
  eden space 117248K, 0% used [0x00000000eaa80000,0x00000000eaa80000,0x00000000f1d00000)
  from space 116224K, 69% used [0x00000000f1d00000,0x00000000f6b85528,0x00000000f8e80000)
  to   space 116224K, 0% used [0x00000000f8e80000,0x00000000f8e80000,0x0000000100000000)
 ParOldGen       total 644608K, used 498259K [0x00000000c0000000, 0x00000000e7580000, 0x00000000eaa80000)
  object space 644608K, 77% used [0x00000000c0000000,0x00000000de694f00,0x00000000e7580000)
 PSPermGen       total 21504K, used 6220K [0x00000000b5a00000, 0x00000000b6f00000, 0x00000000c0000000)
  object space 21504K, 28% used [0x00000000b5a00000,0x00000000b6013228,0x00000000b6f00000)
}
Event: 24.363 GC heap before
{Heap before GC invocations=40 (full 6):
 PSYoungGen      total 233472K, used 197653K [0x00000000eaa80000, 0x0000000100000000, 0x0000000100000000)
  eden space 117248K, 100% used [0x00000000eaa80000,0x00000000f1d00000,0x00000000f1d00000)
  from space 116224K, 69% used [0x00000000f1d00000,0x00000000f6b85528,0x00000000f8e80000)
  to   space 116224K, 0% used [0x00000000f8e80000,0x00000000f8e80000,0x0000000100000000)
 ParOldGen       total 644608K, used 498259K [0x00000000c0000000, 0x00000000e7580000, 0x00000000eaa80000)
  object space 644608K, 77% used [0x00000000c0000000,0x00000000de694f00,0x00000000e7580000)
 PSPermGen       total 21504K, used 6222K [0x00000000b5a00000, 0x00000000b6f00000, 0x00000000c0000000)
  object space 21504K, 28% used [0x00000000b5a00000,0x00000000b60138b8,0x00000000b6f00000)
Event: 24.492 GC heap after
Heap after GC invocations=40 (full 6):
 PSYoungGen      total 233472K, used 63394K [0x00000000eaa80000, 0x0000000100000000, 0x0000000100000000)
  eden space 117248K, 0% used [0x00000000eaa80000,0x00000000eaa80000,0x00000000f1d00000)
  from space 116224K, 54% used [0x00000000f8e80000,0x00000000fcc68ac8,0x0000000100000000)
  to   space 116224K, 0% used [0x00000000f1d00000,0x00000000f1d00000,0x00000000f8e80000)
 ParOldGen       total 644608K, used 538529K [0x00000000c0000000, 0x00000000e7580000, 0x00000000eaa80000)
  object space 644608K, 83% used [0x00000000c0000000,0x00000000e0de87c0,0x00000000e7580000)
 PSPermGen       total 21504K, used 6222K [0x00000000b5a00000, 0x00000000b6f00000, 0x00000000c0000000)
  object space 21504K, 28% used [0x00000000b5a00000,0x00000000b60138b8,0x00000000b6f00000)
}
Event: 24.740 GC heap before
{Heap before GC invocations=41 (full 6):
 PSYoungGen      total 233472K, used 180642K [0x00000000eaa80000, 0x0000000100000000, 0x0000000100000000)
  eden space 117248K, 100% used [0x00000000eaa80000,0x00000000f1d00000,0x00000000f1d00000)
  from space 116224K, 54% used [0x00000000f8e80000,0x00000000fcc68ac8,0x0000000100000000)
  to   space 116224K, 0% used [0x00000000f1d00000,0x00000000f1d00000,0x00000000f8e80000)
 ParOldGen       total 644608K, used 538529K [0x00000000c0000000, 0x00000000e7580000, 0x00000000eaa80000)
  object space 644608K, 83% used [0x00000000c0000000,0x00000000e0de87c0,0x00000000e7580000)
 PSPermGen       total 21504K, used 6223K [0x00000000b5a00000, 0x00000000b6f00000, 0x00000000c0000000)
  object space 21504K, 28% used [0x00000000b5a00000,0x00000000b6013e60,0x00000000b6f00000)
Event: 24.847 GC heap after
Heap after GC invocations=41 (full 6):
 PSYoungGen      total 233472K, used 41071K [0x00000000eaa80000, 0x0000000100000000, 0x0000000100000000)
  eden space 117248K, 0% used [0x00000000eaa80000,0x00000000eaa80000,0x00000000f1d00000)
  from space 116224K, 35% used [0x00000000f1d00000,0x00000000f451be28,0x00000000f8e80000)
  to   space 116224K, 0% used [0x00000000f8e80000,0x00000000f8e80000,0x0000000100000000)
 ParOldGen       total 644608K, used 578265K [0x00000000c0000000, 0x00000000e7580000, 0x00000000eaa80000)
  object space 644608K, 89% used [0x00000000c0000000,0x00000000e34b6538,0x00000000e7580000)
 PSPermGen       total 21504K, used 6223K [0x00000000b5a00000, 0x00000000b6f00000, 0x00000000c0000000)
  object space 21504K, 28% used [0x00000000b5a00000,0x00000000b6013e60,0x00000000b6f00000)
}
Event: 25.134 GC heap before
{Heap before GC invocations=42 (full 6):
 PSYoungGen      total 233472K, used 158319K [0x00000000eaa80000, 0x0000000100000000, 0x0000000100000000)
  eden space 117248K, 100% used [0x00000000eaa80000,0x00000000f1d00000,0x00000000f1d00000)
  from space 116224K, 35% used [0x00000000f1d00000,0x00000000f451be28,0x00000000f8e80000)
  to   space 116224K, 0% used [0x00000000f8e80000,0x00000000f8e80000,0x0000000100000000)
 ParOldGen       total 644608K, used 578265K [0x00000000c0000000, 0x00000000e7580000, 0x00000000eaa80000)
  object space 644608K, 89% used [0x00000000c0000000,0x00000000e34b6538,0x00000000e7580000)
 PSPermGen       total 21504K, used 6225K [0x00000000b5a00000, 0x00000000b6f00000, 0x00000000c0000000)
  object space 21504K, 28% used [0x00000000b5a00000,0x00000000b60144e8,0x00000000b6f00000)
Event: 25.374 GC heap after
Heap after GC invocations=42 (full 6):
 PSYoungGen      total 233472K, used 19045K [0x00000000eaa80000, 0x0000000100000000, 0x0000000100000000)
  eden space 117248K, 0% used [0x00000000eaa80000,0x00000000eaa80000,0x00000000f1d00000)
  from space 116224K, 16% used [0x00000000f8e80000,0x00000000fa119450,0x0000000100000000)
  to   space 116224K, 0% used [0x00000000f1d00000,0x00000000f1d00000,0x00000000f8e80000)
 ParOldGen       total 644608K, used 618762K [0x00000000c0000000, 0x00000000e7580000, 0x00000000eaa80000)
  object space 644608K, 95% used [0x00000000c0000000,0x00000000e5c42ac0,0x00000000e7580000)
 PSPermGen       total 21504K, used 6225K [0x00000000b5a00000, 0x00000000b6f00000, 0x00000000c0000000)
  object space 21504K, 28% used [0x00000000b5a00000,0x00000000b60144e8,0x00000000b6f00000)
}
Event: 25.381 GC heap before
{Heap before GC invocations=43 (full 7):
 PSYoungGen      total 233472K, used 19045K [0x00000000eaa80000, 0x0000000100000000, 0x0000000100000000)
  eden space 117248K, 0% used [0x00000000eaa80000,0x00000000eaa80000,0x00000000f1d00000)
  from space 116224K, 16% used [0x00000000f8e80000,0x00000000fa119450,0x0000000100000000)
  to   space 116224K, 0% used [0x00000000f1d00000,0x00000000f1d00000,0x00000000f8e80000)
 ParOldGen       total 644608K, used 618762K [0x00000000c0000000, 0x00000000e7580000, 0x00000000eaa80000)
  object space 644608K, 95% used [0x00000000c0000000,0x00000000e5c42ac0,0x00000000e7580000)
 PSPermGen       total 21504K, used 6225K [0x00000000b5a00000, 0x00000000b6f00000, 0x00000000c0000000)
  object space 21504K, 28% used [0x00000000b5a00000,0x00000000b60144e8,0x00000000b6f00000)

Deoptimization events (10 events):
Event: 16.938 Thread 0x00007f451800a800 Uncommon trap: reason=unstable_if action=reinterpret pc=0x00007f45150fb388 method=java.util.BitSet.nextClearBit(I)I @ 70
Event: 16.938 Thread 0x00007f451800a800 Uncommon trap: reason=unstable_if action=reinterpret pc=0x00007f45152af218 method=java.util.BitSet.nextClearBit(I)I @ 70
Event: 16.938 Thread 0x00007f451800a800 Uncommon trap: reason=unstable_if action=reinterpret pc=0x00007f451506b168 method=java.util.BitSet.nextClearBit(I)I @ 70
Event: 16.938 Thread 0x00007f451800a800 Uncommon trap: reason=unstable_if action=reinterpret pc=0x00007f45152c9c3c method=java.util.BitSet.nextClearBit(I)I @ 70
Event: 16.940 Thread 0x00007f451800a800 Uncommon trap: reason=unstable_if action=reinterpret pc=0x00007f451513a24c method=java.util.BitSet.nextClearBit(I)I @ 70
Event: 19.601 Thread 0x00007f451800a800 Uncommon trap: reason=unstable_if action=reinterpret pc=0x00007f45153f5810 method=com.android.dx.cf.code.Ropper.processBlock(Lcom/android/dx/cf/code/ByteBlock;Lcom/android/dx/cf/code/Frame;[I)V @ 651
Event: 20.119 Thread 0x00007f451800a800 Uncommon trap: reason=bimorphic action=maybe_recompile pc=0x00007f451541d1ec method=com.android.dx.cf.code.BytecodeArray.parseInstruction(ILcom/android/dx/cf/code/BytecodeArray$Visitor;)I @ 1447
Event: 20.120 Thread 0x00007f451800a800 Uncommon trap: reason=bimorphic action=maybe_recompile pc=0x00007f451541d1ec method=com.android.dx.cf.code.BytecodeArray.parseInstruction(ILcom/android/dx/cf/code/BytecodeArray$Visitor;)I @ 1447
Event: 22.657 Thread 0x00007f451800a800 Uncommon trap: reason=bimorphic action=maybe_recompile pc=0x00007f451542ca88 method=com.android.dx.cf.code.BytecodeArray.parseInstruction(ILcom/android/dx/cf/code/BytecodeArray$Visitor;)I @ 1987
Event: 22.658 Thread 0x00007f451800a800 Uncommon trap: reason=bimorphic action=maybe_recompile pc=0x00007f451542ca88 method=com.android.dx.cf.code.BytecodeArray.parseInstruction(ILcom/android/dx/cf/code/BytecodeArray$Visitor;)I @ 1987

Internal exceptions (10 events):
Event: 7.080 Thread 0x00007f451800a800 Implicit null exception at 0x00007f45150aef0a to 0x00007f45150af3cd
Event: 7.080 Thread 0x00007f451800a800 Implicit null exception at 0x00007f45150b0ba4 to 0x00007f45150b0eb5
Event: 7.081 Thread 0x00007f451800a800 Implicit null exception at 0x00007f451521b89b to 0x00007f451521bbb1
Event: 7.081 Thread 0x00007f451800a800 Implicit null exception at 0x00007f4515161595 to 0x00007f4515162181
Event: 7.081 Thread 0x00007f451800a800 Implicit null exception at 0x00007f45150e18e7 to 0x00007f45150e1be1
Event: 7.081 Thread 0x00007f451800a800 Implicit null exception at 0x00007f45150bc438 to 0x00007f45150bc58d
Event: 9.067 Thread 0x00007f451800a800 Threw 0x00000000f031f050 at /build/openjdk-7-HVzwJZ/openjdk-7-7u95-2.6.4/build/openjdk/hotspot/src/share/vm/prims/jvm.cpp:1322
Event: 10.272 Thread 0x00007f451800a800 Threw 0x00000000eae7a638 at /build/openjdk-7-HVzwJZ/openjdk-7-7u95-2.6.4/build/openjdk/hotspot/src/share/vm/prims/jvm.cpp:1322
Event: 13.746 Thread 0x00007f451800a800 Threw 0x00000000f29e6290 at /build/openjdk-7-HVzwJZ/openjdk-7-7u95-2.6.4/build/openjdk/hotspot/src/share/vm/prims/jvm.cpp:1322
Event: 14.517 Thread 0x00007f451800a800 Implicit null exception at 0x00007f45153aaa0f to 0x00007f45153ac765

Events (10 events):
Event: 23.797 Thread 0x00007f45180aa000 flushing nmethod 0x00007f4515284650
Event: 23.797 Thread 0x00007f45180aa000 flushing nmethod 0x00007f451528a690
Event: 23.799 Thread 0x00007f45180aa000 flushing nmethod 0x00007f45153a89d0
Event: 23.934 Executing VM operation: ParallelGCFailedAllocation
Event: 24.057 Executing VM operation: ParallelGCFailedAllocation done
Event: 24.363 Executing VM operation: ParallelGCFailedAllocation
Event: 24.492 Executing VM operation: ParallelGCFailedAllocation done
Event: 24.740 Executing VM operation: ParallelGCFailedAllocation
Event: 24.847 Executing VM operation: ParallelGCFailedAllocation done
Event: 25.134 Executing VM operation: ParallelGCFailedAllocation


Dynamic libraries:
00400000-00401000 r-xp 00000000 08:01 5508137                            /usr/lib/jvm/java-7-openjdk-amd64/jre/bin/java
00600000-00601000 r--p 00000000 08:01 5508137                            /usr/lib/jvm/java-7-openjdk-amd64/jre/bin/java
00601000-00602000 rw-p 00001000 08:01 5508137                            /usr/lib/jvm/java-7-openjdk-amd64/jre/bin/java
019fb000-01a1c000 rw-p 00000000 00:00 0                                  [heap]
b5a00000-b6f00000 rw-p 00000000 00:00 0 
b6f00000-c0000000 rw-p 00000000 00:00 0 
c0000000-e7580000 rw-p 00000000 00:00 0 
eaa80000-100000000 rw-p 00000000 00:00 0 
7f44df77c000-7f44df7b9000 r-xp 00000000 08:01 790495                     /lib/x86_64-linux-gnu/libpcre.so.3.13.1
7f44df7b9000-7f44df9b8000 ---p 0003d000 08:01 790495                     /lib/x86_64-linux-gnu/libpcre.so.3.13.1
7f44df9b8000-7f44df9b9000 r--p 0003c000 08:01 790495                     /lib/x86_64-linux-gnu/libpcre.so.3.13.1
7f44df9b9000-7f44df9ba000 rw-p 0003d000 08:01 790495                     /lib/x86_64-linux-gnu/libpcre.so.3.13.1
7f44df9ba000-7f44df9c1000 r-xp 00000000 08:01 4726848                    /usr/lib/x86_64-linux-gnu/libffi.so.6.0.1
7f44df9c1000-7f44dfbc0000 ---p 00007000 08:01 4726848                    /usr/lib/x86_64-linux-gnu/libffi.so.6.0.1
7f44dfbc0000-7f44dfbc1000 r--p 00006000 08:01 4726848                    /usr/lib/x86_64-linux-gnu/libffi.so.6.0.1
7f44dfbc1000-7f44dfbc2000 rw-p 00007000 08:01 4726848                    /usr/lib/x86_64-linux-gnu/libffi.so.6.0.1
7f44dfbc2000-7f44dfbd9000 r-xp 00000000 08:01 786614                     /lib/x86_64-linux-gnu/libresolv-2.19.so
7f44dfbd9000-7f44dfdd9000 ---p 00017000 08:01 786614                     /lib/x86_64-linux-gnu/libresolv-2.19.so
7f44dfdd9000-7f44dfdda000 r--p 00017000 08:01 786614                     /lib/x86_64-linux-gnu/libresolv-2.19.so
7f44dfdda000-7f44dfddb000 rw-p 00018000 08:01 786614                     /lib/x86_64-linux-gnu/libresolv-2.19.so
7f44dfddb000-7f44dfddd000 rw-p 00000000 00:00 0 
7f44dfddd000-7f44dfdfd000 r-xp 00000000 08:01 790522                     /lib/x86_64-linux-gnu/libselinux.so.1
7f44dfdfd000-7f44dfffc000 ---p 00020000 08:01 790522                     /lib/x86_64-linux-gnu/libselinux.so.1
7f44dfffc000-7f44dfffd000 r--p 0001f000 08:01 790522                     /lib/x86_64-linux-gnu/libselinux.so.1
7f44dfffd000-7f44dfffe000 rw-p 00020000 08:01 790522                     /lib/x86_64-linux-gnu/libselinux.so.1
7f44dfffe000-7f44e0000000 rw-p 00000000 00:00 0 
7f44e0000000-7f44e0021000 rw-p 00000000 00:00 0 
7f44e0021000-7f44e4000000 ---p 00000000 00:00 0 
7f44e4000000-7f44e4021000 rw-p 00000000 00:00 0 
7f44e4021000-7f44e8000000 ---p 00000000 00:00 0 
7f44e8000000-7f44e9725000 rw-p 00000000 00:00 0 
7f44e9725000-7f44ec000000 ---p 00000000 00:00 0 
7f44ec000000-7f44ed6c2000 rw-p 00000000 00:00 0 
7f44ed6c2000-7f44f0000000 ---p 00000000 00:00 0 
7f44f0000000-7f44f0021000 rw-p 00000000 00:00 0 
7f44f0021000-7f44f4000000 ---p 00000000 00:00 0 
7f44f4000000-7f44f4021000 rw-p 00000000 00:00 0 
7f44f4021000-7f44f8000000 ---p 00000000 00:00 0 
7f44f8000000-7f44f8021000 rw-p 00000000 00:00 0 
7f44f8021000-7f44fc000000 ---p 00000000 00:00 0 
7f44fc000000-7f44fc021000 rw-p 00000000 00:00 0 
7f44fc021000-7f4500000000 ---p 00000000 00:00 0 
7f4500000000-7f4500021000 rw-p 00000000 00:00 0 
7f4500021000-7f4504000000 ---p 00000000 00:00 0 
7f4504000000-7f4504021000 rw-p 00000000 00:00 0 
7f4504021000-7f4508000000 ---p 00000000 00:00 0 
7f4508000000-7f4508021000 rw-p 00000000 00:00 0 
7f4508021000-7f450c000000 ---p 00000000 00:00 0 
7f450c0ff000-7f450c102000 r-xp 00000000 08:01 4726965                    /usr/lib/x86_64-linux-gnu/libgmodule-2.0.so.0.4000.0
7f450c102000-7f450c301000 ---p 00003000 08:01 4726965                    /usr/lib/x86_64-linux-gnu/libgmodule-2.0.so.0.4000.0
7f450c301000-7f450c302000 r--p 00002000 08:01 4726965                    /usr/lib/x86_64-linux-gnu/libgmodule-2.0.so.0.4000.0
7f450c302000-7f450c303000 rw-p 00003000 08:01 4726965                    /usr/lib/x86_64-linux-gnu/libgmodule-2.0.so.0.4000.0
7f450c303000-7f450c409000 r-xp 00000000 08:01 790423                     /lib/x86_64-linux-gnu/libglib-2.0.so.0.4000.0
7f450c409000-7f450c608000 ---p 00106000 08:01 790423                     /lib/x86_64-linux-gnu/libglib-2.0.so.0.4000.0
7f450c608000-7f450c609000 r--p 00105000 08:01 790423                     /lib/x86_64-linux-gnu/libglib-2.0.so.0.4000.0
7f450c609000-7f450c60a000 rw-p 00106000 08:01 790423                     /lib/x86_64-linux-gnu/libglib-2.0.so.0.4000.0
7f450c60a000-7f450c60b000 rw-p 00000000 00:00 0 
7f450c60b000-7f450c65a000 r-xp 00000000 08:01 4726981                    /usr/lib/x86_64-linux-gnu/libgobject-2.0.so.0.4000.0
7f450c65a000-7f450c85a000 ---p 0004f000 08:01 4726981                    /usr/lib/x86_64-linux-gnu/libgobject-2.0.so.0.4000.0
7f450c85a000-7f450c85b000 r--p 0004f000 08:01 4726981                    /usr/lib/x86_64-linux-gnu/libgobject-2.0.so.0.4000.0
7f450c85b000-7f450c85c000 rw-p 00050000 08:01 4726981                    /usr/lib/x86_64-linux-gnu/libgobject-2.0.so.0.4000.0
7f450c85c000-7f450c9c7000 r-xp 00000000 08:01 4726951                    /usr/lib/x86_64-linux-gnu/libgio-2.0.so.0.4000.0
7f450c9c7000-7f450cbc7000 ---p 0016b000 08:01 4726951                    /usr/lib/x86_64-linux-gnu/libgio-2.0.so.0.4000.0
7f450cbc7000-7f450cbcb000 r--p 0016b000 08:01 4726951                    /usr/lib/x86_64-linux-gnu/libgio-2.0.so.0.4000.0
7f450cbcb000-7f450cbcd000 rw-p 0016f000 08:01 4726951                    /usr/lib/x86_64-linux-gnu/libgio-2.0.so.0.4000.0
7f450cbcd000-7f450cbcf000 rw-p 00000000 00:00 0 
7f450cbcf000-7f450cbe6000 r-xp 00000000 08:01 5917886                    /usr/lib/jvm/java-7-openjdk-amd64/jre/lib/amd64/libnet.so
7f450cbe6000-7f450cde5000 ---p 00017000 08:01 5917886                    /usr/lib/jvm/java-7-openjdk-amd64/jre/lib/amd64/libnet.so
7f450cde5000-7f450cde6000 r--p 00016000 08:01 5917886                    /usr/lib/jvm/java-7-openjdk-amd64/jre/lib/amd64/libnet.so
7f450cde6000-7f450cde7000 rw-p 00017000 08:01 5917886                    /usr/lib/jvm/java-7-openjdk-amd64/jre/lib/amd64/libnet.so
7f450cde7000-7f450cdf7000 r-xp 00000000 08:01 5917910                    /usr/lib/jvm/java-7-openjdk-amd64/jre/lib/amd64/libnio.so
7f450cdf7000-7f450cff7000 ---p 00010000 08:01 5917910                    /usr/lib/jvm/java-7-openjdk-amd64/jre/lib/amd64/libnio.so
7f450cff7000-7f450cff8000 r--p 00010000 08:01 5917910                    /usr/lib/jvm/java-7-openjdk-amd64/jre/lib/amd64/libnio.so
7f450cff8000-7f450cff9000 rw-p 00011000 08:01 5917910                    /usr/lib/jvm/java-7-openjdk-amd64/jre/lib/amd64/libnio.so
7f450cff9000-7f450d0aa000 r--s 00b7e000 08:01 14828518                   /home/raihan/OpenSrpWorkSpace/opensrp-client-dghs-demo/opensrp-dghs/build/intermediates/multi-dex/armv7/debug/allclasses.jar
7f450d0aa000-7f450d0ab000 ---p 00000000 00:00 0 
7f450d0ab000-7f450d1ab000 rw-p 00000000 00:00 0                          [stack:22725]
7f450d1ab000-7f450d1ae000 ---p 00000000 00:00 0 
7f450d1ae000-7f450d2ac000 rw-p 00000000 00:00 0                          [stack:22724]
7f450d2ac000-7f450d2af000 ---p 00000000 00:00 0 
7f450d2af000-7f450d3ad000 rw-p 00000000 00:00 0                          [stack:22723]
7f450d3ad000-7f450dad0000 r--p 00000000 08:01 4725570                    /usr/lib/locale/locale-archive
7f450dad0000-7f4510000000 rw-p 00000000 00:00 0 
7f4510000000-7f4510021000 rw-p 00000000 00:00 0 
7f4510021000-7f4514000000 ---p 00000000 00:00 0 
7f4514065000-7f4514096000 rw-p 00000000 00:00 0 
7f45140af000-7f45140b2000 ---p 00000000 00:00 0 
7f45140b2000-7f45141b0000 rw-p 00000000 00:00 0                          [stack:22722]
7f45141b0000-7f45141b3000 ---p 00000000 00:00 0 
7f45141b3000-7f45142b1000 rw-p 00000000 00:00 0                          [stack:22721]
7f45142b1000-7f45142b4000 ---p 00000000 00:00 0 
7f45142b4000-7f45143b2000 rw-p 00000000 00:00 0                          [stack:22720]
7f45143b2000-7f45143b5000 ---p 00000000 00:00 0 
7f45143b5000-7f45144b3000 rw-p 00000000 00:00 0                          [stack:22719]
7f45144b3000-7f45144b4000 ---p 00000000 00:00 0 
7f45144b4000-7f4515000000 rw-p 00000000 00:00 0                          [stack:22718]
7f4515000000-7f4515460000 rwxp 00000000 00:00 0 
7f4515460000-7f45183c3000 rw-p 00000000 00:00 0 
7f45183c3000-7f451c000000 ---p 00000000 00:00 0 
7f451c007000-7f451c016000 r--s 000dd000 08:01 6177003                    /home/raihan/android-sdk-linux/build-tools/21.1.2/lib/dx.jar
7f451c016000-7f451c019000 r--s 0000f000 08:01 5917931                    /usr/lib/jvm/java-7-openjdk-amd64/jre/lib/ext/icedtea-sound.jar
7f451c019000-7f451c5ca000 rw-p 00000000 00:00 0 
7f451c5ca000-7f451c77b000 r--s 01d30000 08:01 5508152                    /usr/lib/jvm/java-7-openjdk-amd64/jre/lib/rt.jar
7f451c77b000-7f451cac7000 rw-p 00000000 00:00 0 
7f451cac7000-7f451cac8000 ---p 00000000 00:00 0 
7f451cac8000-7f451cbc8000 rw-p 00000000 00:00 0                          [stack:22717]
7f451cbc8000-7f451cbc9000 ---p 00000000 00:00 0 
7f451cbc9000-7f451ccc9000 rw-p 00000000 00:00 0                          [stack:22716]
7f451ccc9000-7f451ccca000 ---p 00000000 00:00 0 
7f451ccca000-7f451cdca000 rw-p 00000000 00:00 0                          [stack:22715]
7f451cdca000-7f451cdcb000 ---p 00000000 00:00 0 
7f451cdcb000-7f451ced6000 rw-p 00000000 00:00 0                          [stack:22714]
7f451ced6000-7f451cf1e000 rw-p 00000000 00:00 0 
7f451cf1e000-7f451d059000 rw-p 00000000 00:00 0 
7f451d059000-7f451d074000 rw-p 00000000 00:00 0 
7f451d074000-7f451d07f000 rw-p 00000000 00:00 0 
7f451d07f000-7f451d0c7000 rw-p 00000000 00:00 0 
7f451d0c7000-7f451d202000 rw-p 00000000 00:00 0 
7f451d202000-7f451d21c000 rw-p 00000000 00:00 0 
7f451d21c000-7f451d2c7000 rw-p 00000000 00:00 0 
7f451d2c7000-7f451d2c8000 rw-p 00000000 00:00 0 
7f451d2c8000-7f451d2d0000 r-xp 00000000 08:01 5917892                    /usr/lib/jvm/java-7-openjdk-amd64/jre/lib/amd64/libzip.so
7f451d2d0000-7f451d4cf000 ---p 00008000 08:01 5917892                    /usr/lib/jvm/java-7-openjdk-amd64/jre/lib/amd64/libzip.so
7f451d4cf000-7f451d4d0000 r--p 00007000 08:01 5917892                    /usr/lib/jvm/java-7-openjdk-amd64/jre/lib/amd64/libzip.so
7f451d4d0000-7f451d4d1000 rw-p 00008000 08:01 5917892                    /usr/lib/jvm/java-7-openjdk-amd64/jre/lib/amd64/libzip.so
7f451d4d1000-7f451d4dc000 r-xp 00000000 08:01 786646                     /lib/x86_64-linux-gnu/libnss_files-2.19.so
7f451d4dc000-7f451d6db000 ---p 0000b000 08:01 786646                     /lib/x86_64-linux-gnu/libnss_files-2.19.so
7f451d6db000-7f451d6dc000 r--p 0000a000 08:01 786646                     /lib/x86_64-linux-gnu/libnss_files-2.19.so
7f451d6dc000-7f451d6dd000 rw-p 0000b000 08:01 786646                     /lib/x86_64-linux-gnu/libnss_files-2.19.so
7f451d6dd000-7f451d6e8000 r-xp 00000000 08:01 786638                     /lib/x86_64-linux-gnu/libnss_nis-2.19.so
7f451d6e8000-7f451d8e7000 ---p 0000b000 08:01 786638                     /lib/x86_64-linux-gnu/libnss_nis-2.19.so
7f451d8e7000-7f451d8e8000 r--p 0000a000 08:01 786638                     /lib/x86_64-linux-gnu/libnss_nis-2.19.so
7f451d8e8000-7f451d8e9000 rw-p 0000b000 08:01 786638                     /lib/x86_64-linux-gnu/libnss_nis-2.19.so
7f451d8e9000-7f451d900000 r-xp 00000000 08:01 786634                     /lib/x86_64-linux-gnu/libnsl-2.19.so
7f451d900000-7f451daff000 ---p 00017000 08:01 786634                     /lib/x86_64-linux-gnu/libnsl-2.19.so
7f451daff000-7f451db00000 r--p 00016000 08:01 786634                     /lib/x86_64-linux-gnu/libnsl-2.19.so
7f451db00000-7f451db01000 rw-p 00017000 08:01 786634                     /lib/x86_64-linux-gnu/libnsl-2.19.so
7f451db01000-7f451db03000 rw-p 00000000 00:00 0 
7f451db03000-7f451db0c000 r-xp 00000000 08:01 786633                     /lib/x86_64-linux-gnu/libnss_compat-2.19.so
7f451db0c000-7f451dd0b000 ---p 00009000 08:01 786633                     /lib/x86_64-linux-gnu/libnss_compat-2.19.so
7f451dd0b000-7f451dd0c000 r--p 00008000 08:01 786633                     /lib/x86_64-linux-gnu/libnss_compat-2.19.so
7f451dd0c000-7f451dd0d000 rw-p 00009000 08:01 786633                     /lib/x86_64-linux-gnu/libnss_compat-2.19.so
7f451dd0d000-7f451dd38000 r-xp 00000000 08:01 5917877                    /usr/lib/jvm/java-7-openjdk-amd64/jre/lib/amd64/libjava.so
7f451dd38000-7f451df38000 ---p 0002b000 08:01 5917877                    /usr/lib/jvm/java-7-openjdk-amd64/jre/lib/amd64/libjava.so
7f451df38000-7f451df39000 r--p 0002b000 08:01 5917877                    /usr/lib/jvm/java-7-openjdk-amd64/jre/lib/amd64/libjava.so
7f451df39000-7f451df3b000 rw-p 0002c000 08:01 5917877                    /usr/lib/jvm/java-7-openjdk-amd64/jre/lib/amd64/libjava.so
7f451df3b000-7f451df4b000 r-xp 00000000 08:01 5917878                    /usr/lib/jvm/java-7-openjdk-amd64/jre/lib/amd64/libverify.so
7f451df4b000-7f451e14a000 ---p 00010000 08:01 5917878                    /usr/lib/jvm/java-7-openjdk-amd64/jre/lib/amd64/libverify.so
7f451e14a000-7f451e14c000 r--p 0000f000 08:01 5917878                    /usr/lib/jvm/java-7-openjdk-amd64/jre/lib/amd64/libverify.so
7f451e14c000-7f451e14d000 rw-p 00011000 08:01 5917878                    /usr/lib/jvm/java-7-openjdk-amd64/jre/lib/amd64/libverify.so
7f451e14d000-7f451e154000 r-xp 00000000 08:01 786642                     /lib/x86_64-linux-gnu/librt-2.19.so
7f451e154000-7f451e353000 ---p 00007000 08:01 786642                     /lib/x86_64-linux-gnu/librt-2.19.so
7f451e353000-7f451e354000 r--p 00006000 08:01 786642                     /lib/x86_64-linux-gnu/librt-2.19.so
7f451e354000-7f451e355000 rw-p 00007000 08:01 786642                     /lib/x86_64-linux-gnu/librt-2.19.so
7f451e355000-7f451e36b000 r-xp 00000000 08:01 786612                     /lib/x86_64-linux-gnu/libgcc_s.so.1
7f451e36b000-7f451e56a000 ---p 00016000 08:01 786612                     /lib/x86_64-linux-gnu/libgcc_s.so.1
7f451e56a000-7f451e56b000 rw-p 00015000 08:01 786612                     /lib/x86_64-linux-gnu/libgcc_s.so.1
7f451e56b000-7f451e670000 r-xp 00000000 08:01 786618                     /lib/x86_64-linux-gnu/libm-2.19.so
7f451e670000-7f451e86f000 ---p 00105000 08:01 786618                     /lib/x86_64-linux-gnu/libm-2.19.so
7f451e86f000-7f451e870000 r--p 00104000 08:01 786618                     /lib/x86_64-linux-gnu/libm-2.19.so
7f451e870000-7f451e871000 rw-p 00105000 08:01 786618                     /lib/x86_64-linux-gnu/libm-2.19.so
7f451e871000-7f451e957000 r-xp 00000000 08:01 4721335                    /usr/lib/x86_64-linux-gnu/libstdc++.so.6.0.19
7f451e957000-7f451eb56000 ---p 000e6000 08:01 4721335                    /usr/lib/x86_64-linux-gnu/libstdc++.so.6.0.19
7f451eb56000-7f451eb5e000 r--p 000e5000 08:01 4721335                    /usr/lib/x86_64-linux-gnu/libstdc++.so.6.0.19
7f451eb5e000-7f451eb60000 rw-p 000ed000 08:01 4721335                    /usr/lib/x86_64-linux-gnu/libstdc++.so.6.0.19
7f451eb60000-7f451eb75000 rw-p 00000000 00:00 0 
7f451eb75000-7f451f699000 r-xp 00000000 08:01 5917890                    /usr/lib/jvm/java-7-openjdk-amd64/jre/lib/amd64/server/libjvm.so
7f451f699000-7f451f899000 ---p 00b24000 08:01 5917890                    /usr/lib/jvm/java-7-openjdk-amd64/jre/lib/amd64/server/libjvm.so
7f451f899000-7f451f933000 r--p 00b24000 08:01 5917890                    /usr/lib/jvm/java-7-openjdk-amd64/jre/lib/amd64/server/libjvm.so
7f451f933000-7f451f956000 rw-p 00bbe000 08:01 5917890                    /usr/lib/jvm/java-7-openjdk-amd64/jre/lib/amd64/server/libjvm.so
7f451f956000-7f451f984000 rw-p 00000000 00:00 0 
7f451f984000-7f451f99c000 r-xp 00000000 08:01 790555                     /lib/x86_64-linux-gnu/libz.so.1.2.8
7f451f99c000-7f451fb9b000 ---p 00018000 08:01 790555                     /lib/x86_64-linux-gnu/libz.so.1.2.8
7f451fb9b000-7f451fb9c000 r--p 00017000 08:01 790555                     /lib/x86_64-linux-gnu/libz.so.1.2.8
7f451fb9c000-7f451fb9d000 rw-p 00018000 08:01 790555                     /lib/x86_64-linux-gnu/libz.so.1.2.8
7f451fb9d000-7f451fbb6000 r-xp 00000000 08:01 786635                     /lib/x86_64-linux-gnu/libpthread-2.19.so
7f451fbb6000-7f451fdb5000 ---p 00019000 08:01 786635                     /lib/x86_64-linux-gnu/libpthread-2.19.so
7f451fdb5000-7f451fdb6000 r--p 00018000 08:01 786635                     /lib/x86_64-linux-gnu/libpthread-2.19.so
7f451fdb6000-7f451fdb7000 rw-p 00019000 08:01 786635                     /lib/x86_64-linux-gnu/libpthread-2.19.so
7f451fdb7000-7f451fdbb000 rw-p 00000000 00:00 0 
7f451fdbb000-7f451fdbe000 r-xp 00000000 08:01 786630                     /lib/x86_64-linux-gnu/libdl-2.19.so
7f451fdbe000-7f451ffbd000 ---p 00003000 08:01 786630                     /lib/x86_64-linux-gnu/libdl-2.19.so
7f451ffbd000-7f451ffbe000 r--p 00002000 08:01 786630                     /lib/x86_64-linux-gnu/libdl-2.19.so
7f451ffbe000-7f451ffbf000 rw-p 00003000 08:01 786630                     /lib/x86_64-linux-gnu/libdl-2.19.so
7f451ffbf000-7f452017a000 r-xp 00000000 08:01 786643                     /lib/x86_64-linux-gnu/libc-2.19.so
7f452017a000-7f4520379000 ---p 001bb000 08:01 786643                     /lib/x86_64-linux-gnu/libc-2.19.so
7f4520379000-7f452037d000 r--p 001ba000 08:01 786643                     /lib/x86_64-linux-gnu/libc-2.19.so
7f452037d000-7f452037f000 rw-p 001be000 08:01 786643                     /lib/x86_64-linux-gnu/libc-2.19.so
7f452037f000-7f4520384000 rw-p 00000000 00:00 0 
7f4520384000-7f4520391000 r-xp 00000000 08:01 5917907                    /usr/lib/jvm/java-7-openjdk-amd64/jre/lib/amd64/jli/libjli.so
7f4520391000-7f4520590000 ---p 0000d000 08:01 5917907                    /usr/lib/jvm/java-7-openjdk-amd64/jre/lib/amd64/jli/libjli.so
7f4520590000-7f4520591000 r--p 0000c000 08:01 5917907                    /usr/lib/jvm/java-7-openjdk-amd64/jre/lib/amd64/jli/libjli.so
7f4520591000-7f4520592000 rw-p 0000d000 08:01 5917907                    /usr/lib/jvm/java-7-openjdk-amd64/jre/lib/amd64/jli/libjli.so
7f4520592000-7f45205b5000 r-xp 00000000 08:01 786636                     /lib/x86_64-linux-gnu/ld-2.19.so
7f45205b7000-7f45205bb000 r--s 00034000 08:01 5917930                    /usr/lib/jvm/java-7-openjdk-amd64/jre/lib/ext/sunjce_provider.jar
7f45205bb000-7f45205e5000 rw-p 00000000 00:00 0 
7f45205e5000-7f4520693000 rw-p 00000000 00:00 0 
7f4520693000-7f4520696000 ---p 00000000 00:00 0 
7f4520696000-7f4520799000 rw-p 00000000 00:00 0                          [stack:22713]
7f452079a000-7f452079b000 rw-p 00000000 00:00 0 
7f452079b000-7f452079d000 r--s 00012000 08:01 5917929                    /usr/lib/jvm/java-7-openjdk-amd64/jre/lib/ext/zipfs.jar
7f452079d000-7f452079f000 r--s 00006000 08:01 5118243                    /usr/share/java/java-atk-wrapper.jar
7f452079f000-7f45207a3000 r--s 0003c000 08:01 5917933                    /usr/lib/jvm/java-7-openjdk-amd64/jre/lib/ext/sunpkcs11.jar
7f45207a3000-7f45207a7000 r--s 00085000 08:01 5917932                    /usr/lib/jvm/java-7-openjdk-amd64/jre/lib/ext/localedata.jar
7f45207a7000-7f45207a8000 r--s 00002000 08:01 5917928                    /usr/lib/jvm/java-7-openjdk-amd64/jre/lib/ext/dnsns.jar
7f45207a8000-7f45207b0000 rw-s 00000000 08:01 131910                     /tmp/hsperfdata_raihan/22708
7f45207b0000-7f45207b1000 rw-p 00000000 00:00 0 
7f45207b1000-7f45207b2000 ---p 00000000 00:00 0 
7f45207b2000-7f45207b4000 rw-p 00000000 00:00 0 
7f45207b4000-7f45207b5000 r--p 00022000 08:01 786636                     /lib/x86_64-linux-gnu/ld-2.19.so
7f45207b5000-7f45207b6000 rw-p 00023000 08:01 786636                     /lib/x86_64-linux-gnu/ld-2.19.so
7f45207b6000-7f45207b7000 rw-p 00000000 00:00 0 
7fff16038000-7fff16059000 rw-p 00000000 00:00 0                          [stack]
7fff16117000-7fff16119000 r-xp 00000000 00:00 0                          [vdso]
ffffffffff600000-ffffffffff601000 r-xp 00000000 00:00 0                  [vsyscall]

VM Arguments:
jvm_args: -Xmx1024M -Dfile.encoding=UTF-8 -Duser.country=US -Duser.language=en -Duser.variant 
java_command: com.android.dx.command.Main --dex --multi-dex --main-dex-list /home/raihan/OpenSrpWorkSpace/opensrp-client-dghs-demo/opensrp-dghs/build/intermediates/multi-dex/armv7/debug/maindexlist.txt --output /home/raihan/OpenSrpWorkSpace/opensrp-client-dghs-demo/opensrp-dghs/build/intermediates/dex/armv7/debug /home/raihan/OpenSrpWorkSpace/opensrp-client-dghs-demo/opensrp-dghs/build/intermediates/multi-dex/armv7/debug/allclasses.jar
Launcher Type: SUN_STANDARD

Environment Variables:
PATH=/usr/local/sbin:/usr/local/bin:/usr/sbin:/usr/bin:/sbin:/bin:/usr/games:/usr/local/games
SHELL=/bin/bash
DISPLAY=:0

Signal Handlers:
SIGSEGV: [libjvm.so+0x9548f0], sa_mask[0]=0x7ffbfeff, sa_flags=0x10000004
SIGBUS: [libjvm.so+0x9548f0], sa_mask[0]=0x7ffbfeff, sa_flags=0x10000004
SIGFPE: [libjvm.so+0x7cb0b0], sa_mask[0]=0x7ffbfeff, sa_flags=0x10000004
SIGPIPE: [libjvm.so+0x7cb0b0], sa_mask[0]=0x7ffbfeff, sa_flags=0x10000004
SIGXFSZ: [libjvm.so+0x7cb0b0], sa_mask[0]=0x7ffbfeff, sa_flags=0x10000004
SIGILL: [libjvm.so+0x7cb0b0], sa_mask[0]=0x7ffbfeff, sa_flags=0x10000004
SIGUSR1: SIG_DFL, sa_mask[0]=0x00000000, sa_flags=0x00000000
SIGUSR2: [libjvm.so+0x7caf50], sa_mask[0]=0x00000004, sa_flags=0x10000004
SIGHUP: [libjvm.so+0x7cb130], sa_mask[0]=0x7ffbfeff, sa_flags=0x10000004
SIGINT: [libjvm.so+0x7cb130], sa_mask[0]=0x7ffbfeff, sa_flags=0x10000004
SIGTERM: [libjvm.so+0x7cb130], sa_mask[0]=0x7ffbfeff, sa_flags=0x10000004
SIGQUIT: [libjvm.so+0x7cb130], sa_mask[0]=0x7ffbfeff, sa_flags=0x10000004
SIGTRAP: SIG_DFL, sa_mask[0]=0x00000000, sa_flags=0x00000000


---------------  S Y S T E M  ---------------

OS:Ubuntu 14.04 (trusty)
uname:Linux 3.13.0-24-generic #46-Ubuntu SMP Thu Apr 10 19:11:08 UTC 2014 x86_64
libc:glibc 2.19 NPTL 2.19 
rlimit: STACK 8192k, CORE 0k, NPROC 30570, NOFILE 4096, AS infinity
load average:2.59 1.57 0.74

/proc/meminfo:
MemTotal:        3934516 kB
MemFree:           87872 kB
Buffers:            1284 kB
Cached:           304968 kB
SwapCached:         6868 kB
Active:          2833816 kB
Inactive:         719136 kB
Active(anon):    2828692 kB
Inactive(anon):   690700 kB
Active(file):       5124 kB
Inactive(file):    28436 kB
Unevictable:          68 kB
Mlocked:              68 kB
SwapTotal:       4080636 kB
SwapFree:             12 kB
Dirty:                40 kB
Writeback:             0 kB
AnonPages:       3241336 kB
Mapped:            14740 kB
Shmem:            272272 kB
Slab:              84532 kB
SReclaimable:      35048 kB
SUnreclaim:        49484 kB
KernelStack:        6608 kB
PageTables:        85032 kB
NFS_Unstable:          0 kB
Bounce:                0 kB
WritebackTmp:          0 kB
CommitLimit:     6047892 kB
Committed_AS:   26343388 kB
VmallocTotal:   34359738367 kB
VmallocUsed:      551428 kB
VmallocChunk:   34359115952 kB
HardwareCorrupted:     0 kB
AnonHugePages:    423936 kB
HugePages_Total:       0
HugePages_Free:        0
HugePages_Rsvd:        0
HugePages_Surp:        0
Hugepagesize:       2048 kB
DirectMap4k:       67072 kB
DirectMap2M:     1918976 kB
DirectMap1G:     2097152 kB


CPU:total 4 (2 cores per cpu, 2 threads per core) family 6 model 61 stepping 4, cmov, cx8, fxsr, mmx, sse, sse2, sse3, ssse3, sse4.1, sse4.2, popcnt, avx, avx2, aes, erms, ht, tsc, tscinvbit

/proc/cpuinfo:
processor	: 0
vendor_id	: GenuineIntel
cpu family	: 6
model		: 61
model name	: Intel(R) Core(TM) i5-5200U CPU @ 2.20GHz
stepping	: 4
microcode	: 0x1f
cpu MHz		: 500.000
cache size	: 3072 KB
physical id	: 0
siblings	: 4
core id		: 0
cpu cores	: 2
apicid		: 0
initial apicid	: 0
fpu		: yes
fpu_exception	: yes
cpuid level	: 20
wp		: yes
flags		: fpu vme de pse tsc msr pae mce cx8 apic sep mtrr pge mca cmov pat pse36 clflush dts acpi mmx fxsr sse sse2 ss ht tm pbe syscall nx pdpe1gb rdtscp lm constant_tsc arch_perfmon pebs bts rep_good nopl xtopology nonstop_tsc aperfmperf eagerfpu pni pclmulqdq dtes64 monitor ds_cpl vmx est tm2 ssse3 fma cx16 xtpr pdcm pcid sse4_1 sse4_2 x2apic movbe popcnt tsc_deadline_timer aes xsave avx f16c rdrand lahf_lm abm 3dnowprefetch ida arat epb xsaveopt pln pts dtherm tpr_shadow vnmi flexpriority ept vpid fsgsbase tsc_adjust bmi1 avx2 smep bmi2 erms invpcid rdseed adx smap
bogomips	: 4389.65
clflush size	: 64
cache_alignment	: 64
address sizes	: 39 bits physical, 48 bits virtual
power management:

processor	: 1
vendor_id	: GenuineIntel
cpu family	: 6
model		: 61
model name	: Intel(R) Core(TM) i5-5200U CPU @ 2.20GHz
stepping	: 4
microcode	: 0x1f
cpu MHz		: 2201.000
cache size	: 3072 KB
physical id	: 0
siblings	: 4
core id		: 0
cpu cores	: 2
apicid		: 1
initial apicid	: 1
fpu		: yes
fpu_exception	: yes
cpuid level	: 20
wp		: yes
flags		: fpu vme de pse tsc msr pae mce cx8 apic sep mtrr pge mca cmov pat pse36 clflush dts acpi mmx fxsr sse sse2 ss ht tm pbe syscall nx pdpe1gb rdtscp lm constant_tsc arch_perfmon pebs bts rep_good nopl xtopology nonstop_tsc aperfmperf eagerfpu pni pclmulqdq dtes64 monitor ds_cpl vmx est tm2 ssse3 fma cx16 xtpr pdcm pcid sse4_1 sse4_2 x2apic movbe popcnt tsc_deadline_timer aes xsave avx f16c rdrand lahf_lm abm 3dnowprefetch ida arat epb xsaveopt pln pts dtherm tpr_shadow vnmi flexpriority ept vpid fsgsbase tsc_adjust bmi1 avx2 smep bmi2 erms invpcid rdseed adx smap
bogomips	: 4389.65
clflush size	: 64
cache_alignment	: 64
address sizes	: 39 bits physical, 48 bits virtual
power management:

processor	: 2
vendor_id	: GenuineIntel
cpu family	: 6
model		: 61
model name	: Intel(R) Core(TM) i5-5200U CPU @ 2.20GHz
stepping	: 4
microcode	: 0x1f
cpu MHz		: 2201.000
cache size	: 3072 KB
physical id	: 0
siblings	: 4
core id		: 1
cpu cores	: 2
apicid		: 2
initial apicid	: 2
fpu		: yes
fpu_exception	: yes
cpuid level	: 20
wp		: yes
flags		: fpu vme de pse tsc msr pae mce cx8 apic sep mtrr pge mca cmov pat pse36 clflush dts acpi mmx fxsr sse sse2 ss ht tm pbe syscall nx pdpe1gb rdtscp lm constant_tsc arch_perfmon pebs bts rep_good nopl xtopology nonstop_tsc aperfmperf eagerfpu pni pclmulqdq dtes64 monitor ds_cpl vmx est tm2 ssse3 fma cx16 xtpr pdcm pcid sse4_1 sse4_2 x2apic movbe popcnt tsc_deadline_timer aes xsave avx f16c rdrand lahf_lm abm 3dnowprefetch ida arat epb xsaveopt pln pts dtherm tpr_shadow vnmi flexpriority ept vpid fsgsbase tsc_adjust bmi1 avx2 smep bmi2 erms invpcid rdseed adx smap
bogomips	: 4389.65
clflush size	: 64
cache_alignment	: 64
address sizes	: 39 bits physical, 48 bits virtual
power management:

processor	: 3
vendor_id	: GenuineIntel
cpu family	: 6
model		: 61
model name	: Intel(R) Core(TM) i5-5200U CPU @ 2.20GHz
stepping	: 4
microcode	: 0x1f
cpu MHz		: 600.000
cache size	: 3072 KB
physical id	: 0
siblings	: 4
core id		: 1
cpu cores	: 2
apicid		: 3
initial apicid	: 3
fpu		: yes
fpu_exception	: yes
cpuid level	: 20
wp		: yes
flags		: fpu vme de pse tsc msr pae mce cx8 apic sep mtrr pge mca cmov pat pse36 clflush dts acpi mmx fxsr sse sse2 ss ht tm pbe syscall nx pdpe1gb rdtscp lm constant_tsc arch_perfmon pebs bts rep_good nopl xtopology nonstop_tsc aperfmperf eagerfpu pni pclmulqdq dtes64 monitor ds_cpl vmx est tm2 ssse3 fma cx16 xtpr pdcm pcid sse4_1 sse4_2 x2apic movbe popcnt tsc_deadline_timer aes xsave avx f16c rdrand lahf_lm abm 3dnowprefetch ida arat epb xsaveopt pln pts dtherm tpr_shadow vnmi flexpriority ept vpid fsgsbase tsc_adjust bmi1 avx2 smep bmi2 erms invpcid rdseed adx smap
bogomips	: 4389.65
clflush size	: 64
cache_alignment	: 64
address sizes	: 39 bits physical, 48 bits virtual
power management:



Memory: 4k page, physical 3934516k(87872k free), swap 4080636k(16k free)

vm_info: OpenJDK 64-Bit Server VM (24.95-b01) for linux-amd64 JRE (1.7.0_95-b00), built on Mar 24 2016 06:13:32 by "buildd" with gcc 4.8.2

time: Tue Jun 28 16:03:56 2016
elapsed time: 28 seconds

