#
# There is insufficient memory for the Java Runtime Environment to continue.
# Native memory allocation (malloc) failed to allocate 158859264 bytes for committing reserved memory.
# Possible reasons:
#   The system is out of physical RAM or swap space
#   In 32 bit mode, the process size limit was hit
# Possible solutions:
#   Reduce memory load on the system
#   Increase physical memory or swap space
#   Check if swap backing store is full
#   Use 64 bit Java on a 64 bit OS
#   Decrease Java heap size (-Xmx/-Xms)
#   Decrease number of Java threads
#   Decrease Java thread stack sizes (-Xss)
#   Set larger code cache with -XX:ReservedCodeCacheSize=
# This output file may be truncated or incomplete.
#
#  Out of Memory Error (os_linux.cpp:2827), pid=14395, tid=139734637393664
#
# JRE version: OpenJDK Runtime Environment (7.0_95) (build 1.7.0_95-b00)
# Java VM: OpenJDK 64-Bit Server VM (24.95-b01 mixed mode linux-amd64 compressed oops)
# Derivative: IcedTea 2.6.4
# Distribution: Ubuntu 14.04 LTS, package 7u95-2.6.4-0ubuntu0.14.04.2
# Failed to write core dump. Core dumps have been disabled. To enable core dumping, try "ulimit -c unlimited" before starting Java again
#

---------------  T H R E A D  ---------------

Current thread (0x00007f168c076000):  VMThread [stack: 0x00007f16815cb000,0x00007f16816cc000] [id=14406]

Stack: [0x00007f16815cb000,0x00007f16816cc000],  sp=0x00007f16816ca490,  free space=1021k
Native frames: (J=compiled Java code, j=interpreted, Vv=VM code, C=native code)
V  [libjvm.so+0x953e15]
V  [libjvm.so+0x48fd94]
V  [libjvm.so+0x7cf87b]
V  [libjvm.so+0x7ca33f]
V  [libjvm.so+0x83dacb]
V  [libjvm.so+0x82d86b]
V  [libjvm.so+0x82da2b]
V  [libjvm.so+0x82e958]
V  [libjvm.so+0x8355b4]
V  [libjvm.so+0x83bc0d]
V  [libjvm.so+0x7f2083]
V  [libjvm.so+0x955814]
V  [libjvm.so+0x959917]
V  [libjvm.so+0x9583d8]
V  [libjvm.so+0x958839]
V  [libjvm.so+0x958c82]
V  [libjvm.so+0x7cc742]

VM_Operation (0x00007f1693efee50): ParallelGCFailedAllocation, mode: safepoint, requested by thread 0x00007f168c00a800


---------------  P R O C E S S  ---------------

Java Threads: ( => current thread )
  0x00007f168c0af800 JavaThread "Service Thread" daemon [_thread_blocked, id=14412, stack(0x00007f16808a2000,0x00007f16809a3000)]
  0x00007f168c0ad000 JavaThread "C2 CompilerThread1" daemon [_thread_blocked, id=14411, stack(0x00007f16809a3000,0x00007f1680aa4000)]
  0x00007f168c0aa000 JavaThread "C2 CompilerThread0" daemon [_thread_blocked, id=14410, stack(0x00007f1680aa4000,0x00007f1680ba5000)]
  0x00007f168c0a8000 JavaThread "Signal Dispatcher" daemon [_thread_blocked, id=14409, stack(0x00007f1680ba5000,0x00007f1680ca6000)]
  0x00007f168c07c000 JavaThread "Finalizer" daemon [_thread_blocked, id=14408, stack(0x00007f16813c9000,0x00007f16814ca000)]
  0x00007f168c07a000 JavaThread "Reference Handler" daemon [_thread_blocked, id=14407, stack(0x00007f16814ca000,0x00007f16815cb000)]
  0x00007f168c00a800 JavaThread "main" [_thread_blocked, id=14401, stack(0x00007f1693e00000,0x00007f1693f01000)]

Other Threads:
=>0x00007f168c076000 VMThread [stack: 0x00007f16815cb000,0x00007f16816cc000] [id=14406]
  0x00007f168c0ba000 WatcherThread [stack: 0x00007f16807a1000,0x00007f16808a2000] [id=14413]

VM state:at safepoint (normal execution)

VM Mutex/Monitor currently owned by a thread:  ([mutex/lock_event])
[0x00007f168c006370] ExpandHeap_lock - owner thread: 0x00007f168c076000
[0x00007f168c0069f0] Threads_lock - owner thread: 0x00007f168c076000
[0x00007f168c006ef0] Heap_lock - owner thread: 0x00007f168c00a800

Heap
 PSYoungGen      total 233472K, used 0K [0x00000000eaa80000, 0x0000000100000000, 0x0000000100000000)
  eden space 117248K, 0% used [0x00000000eaa80000,0x00000000eaa80000,0x00000000f1d00000)
  from space 116224K, 0% used [0x00000000f1d00000,0x00000000f1d00000,0x00000000f8e80000)
  to   space 116224K, 0% used [0x00000000f8e80000,0x00000000f8e80000,0x0000000100000000)
 ParOldGen       total 530432K, used 510280K [0x00000000c0000000, 0x00000000e0600000, 0x00000000eaa80000)
  object space 530432K, 96% used [0x00000000c0000000,0x00000000df252080,0x00000000e0600000)
 PSPermGen       total 21504K, used 6217K [0x00000000b5a00000, 0x00000000b6f00000, 0x00000000c0000000)
  object space 21504K, 28% used [0x00000000b5a00000,0x00000000b6012540,0x00000000b6f00000)

Card table byte_map: [0x00007f16907de000,0x00007f1690a32000] byte_map_base: 0x00007f1690231000

Polling page: 0x00007f1693f1b000

Code Cache  [0x00007f1689000000, 0x00007f1689440000, 0x00007f168c000000)
 total_blobs=1325 nmethods=1097 adapters=181 free_code_cache=45135Kb largest_free_block=45914944

Compilation events (10 events):
Event: 22.801 Thread 0x00007f168c0aa000 nmethod 1181 0x00007f1689307f50 code [0x00007f16893080e0, 0x00007f16893084f8]
Event: 22.827 Thread 0x00007f168c0aa000 1182             com.android.dx.cf.attrib.RawAttribute::byteLength (11 bytes)
Event: 22.828 Thread 0x00007f168c0aa000 nmethod 1182 0x00007f1689267010 code [0x00007f1689267140, 0x00007f16892671b8]
Event: 22.903 Thread 0x00007f168c0ad000 nmethod 1180 0x00007f16893b0510 code [0x00007f16893b1ce0, 0x00007f16893b8700]
Event: 23.061 Thread 0x00007f168c0aa000 1183             com.android.dx.command.dexer.Main::fixPath (56 bytes)
Event: 23.066 Thread 0x00007f168c0aa000 nmethod 1183 0x00007f1689307690 code [0x00007f1689307800, 0x00007f1689307af8]
Event: 23.291 Thread 0x00007f168c0aa000 1184             com.android.dx.cf.attrib.AttSignature::byteLength (3 bytes)
Event: 23.291 Thread 0x00007f168c0aa000 nmethod 1184 0x00007f1689259190 code [0x00007f16892592c0, 0x00007f1689259318]
Event: 23.431 Thread 0x00007f168c0ad000 1185             java.util.Arrays::copyOf (19 bytes)
Event: 23.434 Thread 0x00007f168c0ad000 nmethod 1185 0x00007f16891d91d0 code [0x00007f16891d9320, 0x00007f16891d9518]

GC Heap History (10 events):
Event: 21.932 GC heap after
Heap after GC invocations=32 (full 5):
 PSYoungGen      total 233472K, used 32593K [0x00000000eaa80000, 0x0000000100000000, 0x0000000100000000)
  eden space 117248K, 0% used [0x00000000eaa80000,0x00000000eaa80000,0x00000000f1d00000)
  from space 116224K, 28% used [0x00000000f1d00000,0x00000000f3cd46d0,0x00000000f8e80000)
  to   space 116224K, 0% used [0x00000000f8e80000,0x00000000f8e80000,0x0000000100000000)
 ParOldGen       total 530432K, used 406047K [0x00000000c0000000, 0x00000000e0600000, 0x00000000eaa80000)
  object space 530432K, 76% used [0x00000000c0000000,0x00000000d8c87fc8,0x00000000e0600000)
 PSPermGen       total 21504K, used 6207K [0x00000000b5a00000, 0x00000000b6f00000, 0x00000000c0000000)
  object space 21504K, 28% used [0x00000000b5a00000,0x00000000b600fc30,0x00000000b6f00000)
}
Event: 22.208 GC heap before
{Heap before GC invocations=33 (full 5):
 PSYoungGen      total 233472K, used 149841K [0x00000000eaa80000, 0x0000000100000000, 0x0000000100000000)
  eden space 117248K, 100% used [0x00000000eaa80000,0x00000000f1d00000,0x00000000f1d00000)
  from space 116224K, 28% used [0x00000000f1d00000,0x00000000f3cd46d0,0x00000000f8e80000)
  to   space 116224K, 0% used [0x00000000f8e80000,0x00000000f8e80000,0x0000000100000000)
 ParOldGen       total 530432K, used 406047K [0x00000000c0000000, 0x00000000e0600000, 0x00000000eaa80000)
  object space 530432K, 76% used [0x00000000c0000000,0x00000000d8c87fc8,0x00000000e0600000)
 PSPermGen       total 21504K, used 6207K [0x00000000b5a00000, 0x00000000b6f00000, 0x00000000c0000000)
  object space 21504K, 28% used [0x00000000b5a00000,0x00000000b600fe20,0x00000000b6f00000)
Event: 22.273 GC heap after
Heap after GC invocations=33 (full 5):
 PSYoungGen      total 233472K, used 19910K [0x00000000eaa80000, 0x0000000100000000, 0x0000000100000000)
  eden space 117248K, 0% used [0x00000000eaa80000,0x00000000eaa80000,0x00000000f1d00000)
  from space 116224K, 17% used [0x00000000f8e80000,0x00000000fa1f1918,0x0000000100000000)
  to   space 116224K, 0% used [0x00000000f1d00000,0x00000000f1d00000,0x00000000f8e80000)
 ParOldGen       total 530432K, used 437999K [0x00000000c0000000, 0x00000000e0600000, 0x00000000eaa80000)
  object space 530432K, 82% used [0x00000000c0000000,0x00000000dabbbc30,0x00000000e0600000)
 PSPermGen       total 21504K, used 6207K [0x00000000b5a00000, 0x00000000b6f00000, 0x00000000c0000000)
  object space 21504K, 28% used [0x00000000b5a00000,0x00000000b600fe20,0x00000000b6f00000)
}
Event: 22.622 GC heap before
{Heap before GC invocations=34 (full 5):
 PSYoungGen      total 233472K, used 137158K [0x00000000eaa80000, 0x0000000100000000, 0x0000000100000000)
  eden space 117248K, 100% used [0x00000000eaa80000,0x00000000f1d00000,0x00000000f1d00000)
  from space 116224K, 17% used [0x00000000f8e80000,0x00000000fa1f1918,0x0000000100000000)
  to   space 116224K, 0% used [0x00000000f1d00000,0x00000000f1d00000,0x00000000f8e80000)
 ParOldGen       total 530432K, used 437999K [0x00000000c0000000, 0x00000000e0600000, 0x00000000eaa80000)
  object space 530432K, 82% used [0x00000000c0000000,0x00000000dabbbc30,0x00000000e0600000)
 PSPermGen       total 21504K, used 6211K [0x00000000b5a00000, 0x00000000b6f00000, 0x00000000c0000000)
  object space 21504K, 28% used [0x00000000b5a00000,0x00000000b6010d60,0x00000000b6f00000)
Event: 22.682 GC heap after
Heap after GC invocations=34 (full 5):
 PSYoungGen      total 233472K, used 18636K [0x00000000eaa80000, 0x0000000100000000, 0x0000000100000000)
  eden space 117248K, 0% used [0x00000000eaa80000,0x00000000eaa80000,0x00000000f1d00000)
  from space 116224K, 16% used [0x00000000f1d00000,0x00000000f2f33140,0x00000000f8e80000)
  to   space 116224K, 0% used [0x00000000f8e80000,0x00000000f8e80000,0x0000000100000000)
 ParOldGen       total 530432K, used 456679K [0x00000000c0000000, 0x00000000e0600000, 0x00000000eaa80000)
  object space 530432K, 86% used [0x00000000c0000000,0x00000000dbdf9ee8,0x00000000e0600000)
 PSPermGen       total 21504K, used 6211K [0x00000000b5a00000, 0x00000000b6f00000, 0x00000000c0000000)
  object space 21504K, 28% used [0x00000000b5a00000,0x00000000b6010d60,0x00000000b6f00000)
}
Event: 23.077 GC heap before
{Heap before GC invocations=35 (full 5):
 PSYoungGen      total 233472K, used 135884K [0x00000000eaa80000, 0x0000000100000000, 0x0000000100000000)
  eden space 117248K, 100% used [0x00000000eaa80000,0x00000000f1d00000,0x00000000f1d00000)
  from space 116224K, 16% used [0x00000000f1d00000,0x00000000f2f33140,0x00000000f8e80000)
  to   space 116224K, 0% used [0x00000000f8e80000,0x00000000f8e80000,0x0000000100000000)
 ParOldGen       total 530432K, used 456679K [0x00000000c0000000, 0x00000000e0600000, 0x00000000eaa80000)
  object space 530432K, 86% used [0x00000000c0000000,0x00000000dbdf9ee8,0x00000000e0600000)
 PSPermGen       total 21504K, used 6216K [0x00000000b5a00000, 0x00000000b6f00000, 0x00000000c0000000)
  object space 21504K, 28% used [0x00000000b5a00000,0x00000000b60121e0,0x00000000b6f00000)
Event: 23.140 GC heap after
Heap after GC invocations=35 (full 5):
 PSYoungGen      total 233472K, used 19276K [0x00000000eaa80000, 0x0000000100000000, 0x0000000100000000)
  eden space 117248K, 0% used [0x00000000eaa80000,0x00000000eaa80000,0x00000000f1d00000)
  from space 116224K, 16% used [0x00000000f8e80000,0x00000000fa153160,0x0000000100000000)
  to   space 116224K, 0% used [0x00000000f1d00000,0x00000000f1d00000,0x00000000f8e80000)
 ParOldGen       total 530432K, used 474540K [0x00000000c0000000, 0x00000000e0600000, 0x00000000eaa80000)
  object space 530432K, 89% used [0x00000000c0000000,0x00000000dcf6b0d0,0x00000000e0600000)
 PSPermGen       total 21504K, used 6216K [0x00000000b5a00000, 0x00000000b6f00000, 0x00000000c0000000)
  object space 21504K, 28% used [0x00000000b5a00000,0x00000000b60121e0,0x00000000b6f00000)
}
Event: 23.474 GC heap before
{Heap before GC invocations=36 (full 5):
 PSYoungGen      total 233472K, used 136524K [0x00000000eaa80000, 0x0000000100000000, 0x0000000100000000)
  eden space 117248K, 100% used [0x00000000eaa80000,0x00000000f1d00000,0x00000000f1d00000)
  from space 116224K, 16% used [0x00000000f8e80000,0x00000000fa153160,0x0000000100000000)
  to   space 116224K, 0% used [0x00000000f1d00000,0x00000000f1d00000,0x00000000f8e80000)
 ParOldGen       total 530432K, used 474540K [0x00000000c0000000, 0x00000000e0600000, 0x00000000eaa80000)
  object space 530432K, 89% used [0x00000000c0000000,0x00000000dcf6b0d0,0x00000000e0600000)
 PSPermGen       total 21504K, used 6217K [0x00000000b5a00000, 0x00000000b6f00000, 0x00000000c0000000)
  object space 21504K, 28% used [0x00000000b5a00000,0x00000000b6012560,0x00000000b6f00000)
Event: 23.541 GC heap after
Heap after GC invocations=36 (full 5):
 PSYoungGen      total 233472K, used 18733K [0x00000000eaa80000, 0x0000000100000000, 0x0000000100000000)
  eden space 117248K, 0% used [0x00000000eaa80000,0x00000000eaa80000,0x00000000f1d00000)
  from space 116224K, 16% used [0x00000000f1d00000,0x00000000f2f4b780,0x00000000f8e80000)
  to   space 116224K, 0% used [0x00000000f8e80000,0x00000000f8e80000,0x0000000100000000)
 ParOldGen       total 530432K, used 492934K [0x00000000c0000000, 0x00000000e0600000, 0x00000000eaa80000)
  object space 530432K, 92% used [0x00000000c0000000,0x00000000de161be0,0x00000000e0600000)
 PSPermGen       total 21504K, used 6217K [0x00000000b5a00000, 0x00000000b6f00000, 0x00000000c0000000)
  object space 21504K, 28% used [0x00000000b5a00000,0x00000000b6012560,0x00000000b6f00000)
}
Event: 23.541 GC heap before
{Heap before GC invocations=37 (full 6):
 PSYoungGen      total 233472K, used 18733K [0x00000000eaa80000, 0x0000000100000000, 0x0000000100000000)
  eden space 117248K, 0% used [0x00000000eaa80000,0x00000000eaa80000,0x00000000f1d00000)
  from space 116224K, 16% used [0x00000000f1d00000,0x00000000f2f4b780,0x00000000f8e80000)
  to   space 116224K, 0% used [0x00000000f8e80000,0x00000000f8e80000,0x0000000100000000)
 ParOldGen       total 530432K, used 492934K [0x00000000c0000000, 0x00000000e0600000, 0x00000000eaa80000)
  object space 530432K, 92% used [0x00000000c0000000,0x00000000de161be0,0x00000000e0600000)
 PSPermGen       total 21504K, used 6217K [0x00000000b5a00000, 0x00000000b6f00000, 0x00000000c0000000)
  object space 21504K, 28% used [0x00000000b5a00000,0x00000000b6012560,0x00000000b6f00000)

Deoptimization events (10 events):
Event: 17.360 Thread 0x00007f168c00a800 Uncommon trap: reason=unstable_if action=reinterpret pc=0x00007f1689416938 method=com.android.dx.rop.code.AccessFlags.isNative(I)Z @ 5
Event: 17.360 Thread 0x00007f168c00a800 Uncommon trap: reason=unstable_if action=reinterpret pc=0x00007f168919c9f0 method=com.android.dx.rop.code.AccessFlags.isNative(I)Z @ 5
Event: 17.400 Thread 0x00007f168c00a800 Uncommon trap: reason=unstable_if action=reinterpret pc=0x00007f168928f4c8 method=com.android.dx.util.IntList.equals(Ljava/lang/Object;)Z @ 2
Event: 17.673 Thread 0x00007f168c00a800 Uncommon trap: reason=bimorphic action=maybe_recompile pc=0x00007f16893fe044 method=com.android.dx.cf.code.BytecodeArray.parseInstruction(ILcom/android/dx/cf/code/BytecodeArray$Visitor;)I @ 1987
Event: 17.673 Thread 0x00007f168c00a800 Uncommon trap: reason=bimorphic action=maybe_recompile pc=0x00007f16893fe044 method=com.android.dx.cf.code.BytecodeArray.parseInstruction(ILcom/android/dx/cf/code/BytecodeArray$Visitor;)I @ 1987
Event: 22.483 Thread 0x00007f168c00a800 Uncommon trap: reason=unstable_if action=reinterpret pc=0x00007f168917e708 method=com.android.dx.rop.code.RegisterSpecSet.<init>(I)V @ 2
Event: 22.483 Thread 0x00007f168c00a800 Uncommon trap: reason=unstable_if action=reinterpret pc=0x00007f168930262c method=com.android.dx.rop.code.RegisterSpecSet.<init>(I)V @ 2
Event: 22.755 Thread 0x00007f168c00a800 Uncommon trap: reason=bimorphic action=maybe_recompile pc=0x00007f1689420098 method=com.android.dx.cf.code.BytecodeArray.parseInstruction(ILcom/android/dx/cf/code/BytecodeArray$Visitor;)I @ 1035
Event: 22.756 Thread 0x00007f168c00a800 Uncommon trap: reason=bimorphic action=maybe_recompile pc=0x00007f1689420114 method=com.android.dx.cf.code.BytecodeArray.parseInstruction(ILcom/android/dx/cf/code/BytecodeArray$Visitor;)I @ 1051
Event: 22.756 Thread 0x00007f168c00a800 Uncommon trap: reason=bimorphic action=maybe_recompile pc=0x00007f1689420114 method=com.android.dx.cf.code.BytecodeArray.parseInstruction(ILcom/android/dx/cf/code/BytecodeArray$Visitor;)I @ 1051

Internal exceptions (10 events):
Event: 5.874 Thread 0x00007f168c00a800 Implicit null exception at 0x00007f168917e761 to 0x00007f168917f2cd
Event: 5.874 Thread 0x00007f168c00a800 Implicit null exception at 0x00007f16890fc427 to 0x00007f16890fc721
Event: 5.874 Thread 0x00007f168c00a800 Implicit null exception at 0x00007f16890b34b8 to 0x00007f16890b360d
Event: 6.032 Thread 0x00007f168c00a800 Implicit null exception at 0x00007f16892fedcb to 0x00007f1689301969
Event: 7.172 Thread 0x00007f168c00a800 Threw 0x00000000eaf8a870 at /build/openjdk-7-HVzwJZ/openjdk-7-7u95-2.6.4/build/openjdk/hotspot/src/share/vm/prims/jvm.cpp:1322
Event: 7.174 Thread 0x00007f168c00a800 Implicit null exception at 0x00007f16892dc4d2 to 0x00007f16892dc7f5
Event: 8.587 Thread 0x00007f168c00a800 Threw 0x00000000f1049b80 at /build/openjdk-7-HVzwJZ/openjdk-7-7u95-2.6.4/build/openjdk/hotspot/src/share/vm/prims/jvm.cpp:1322
Event: 9.428 Thread 0x00007f168c00a800 Threw 0x00000000edfc3d88 at /build/openjdk-7-HVzwJZ/openjdk-7-7u95-2.6.4/build/openjdk/hotspot/src/share/vm/prims/jvm.cpp:1322
Event: 12.265 Thread 0x00007f168c00a800 Threw 0x00000000f0faa4c0 at /build/openjdk-7-HVzwJZ/openjdk-7-7u95-2.6.4/build/openjdk/hotspot/src/share/vm/prims/jvm.cpp:1322
Event: 16.215 Thread 0x00007f168c00a800 Implicit null exception at 0x00007f16893d96ef to 0x00007f16893da7b9

Events (10 events):
Event: 22.756 Thread 0x00007f168c00a800 DEOPT UNPACKING pc=0x00007f1689039445 sp=0x00007f1693efee48 mode 2
Event: 22.756 Thread 0x00007f168c00a800 Uncommon trap: trap_request=0xffffffc6 fr.pc=0x00007f1689420114
Event: 22.756 Thread 0x00007f168c00a800 DEOPT PACKING pc=0x00007f1689420114 sp=0x00007f1693efee80
Event: 22.756 Thread 0x00007f168c00a800 DEOPT UNPACKING pc=0x00007f1689039445 sp=0x00007f1693efee48 mode 2
Event: 22.756 Thread 0x00007f168c00a800 Uncommon trap: trap_request=0xffffffc6 fr.pc=0x00007f1689420114
Event: 22.756 Thread 0x00007f168c00a800 DEOPT PACKING pc=0x00007f1689420114 sp=0x00007f1693efee80
Event: 22.756 Thread 0x00007f168c00a800 DEOPT UNPACKING pc=0x00007f1689039445 sp=0x00007f1693efee48 mode 2
Event: 23.077 Executing VM operation: ParallelGCFailedAllocation
Event: 23.140 Executing VM operation: ParallelGCFailedAllocation done
Event: 23.474 Executing VM operation: ParallelGCFailedAllocation


Dynamic libraries:
00400000-00401000 r-xp 00000000 08:01 5508137                            /usr/lib/jvm/java-7-openjdk-amd64/jre/bin/java
00600000-00601000 r--p 00000000 08:01 5508137                            /usr/lib/jvm/java-7-openjdk-amd64/jre/bin/java
00601000-00602000 rw-p 00001000 08:01 5508137                            /usr/lib/jvm/java-7-openjdk-amd64/jre/bin/java
0180a000-0182b000 rw-p 00000000 00:00 0                                  [heap]
b5a00000-b6f00000 rw-p 00000000 00:00 0 
b6f00000-c0000000 rw-p 00000000 00:00 0 
c0000000-e0600000 rw-p 00000000 00:00 0 
e9d80000-eaa80000 rw-p 00000000 00:00 0 
eaa80000-100000000 rw-p 00000000 00:00 0 
7f164c000000-7f164c021000 rw-p 00000000 00:00 0 
7f164c021000-7f1650000000 ---p 00000000 00:00 0 
7f1650000000-7f1650021000 rw-p 00000000 00:00 0 
7f1650021000-7f1654000000 ---p 00000000 00:00 0 
7f1654000000-7f1655bd6000 rw-p 00000000 00:00 0 
7f1655bd6000-7f1658000000 ---p 00000000 00:00 0 
7f1658000000-7f1659ff3000 rw-p 00000000 00:00 0 
7f1659ff3000-7f165c000000 ---p 00000000 00:00 0 
7f165c000000-7f165c021000 rw-p 00000000 00:00 0 
7f165c021000-7f1660000000 ---p 00000000 00:00 0 
7f1660000000-7f1660021000 rw-p 00000000 00:00 0 
7f1660021000-7f1664000000 ---p 00000000 00:00 0 
7f1664000000-7f1664021000 rw-p 00000000 00:00 0 
7f1664021000-7f1668000000 ---p 00000000 00:00 0 
7f1668000000-7f1668021000 rw-p 00000000 00:00 0 
7f1668021000-7f166c000000 ---p 00000000 00:00 0 
7f166c000000-7f166c021000 rw-p 00000000 00:00 0 
7f166c021000-7f1670000000 ---p 00000000 00:00 0 
7f1674000000-7f1674021000 rw-p 00000000 00:00 0 
7f1674021000-7f1678000000 ---p 00000000 00:00 0 
7f167b01f000-7f167b05c000 r-xp 00000000 08:01 790495                     /lib/x86_64-linux-gnu/libpcre.so.3.13.1
7f167b05c000-7f167b25b000 ---p 0003d000 08:01 790495                     /lib/x86_64-linux-gnu/libpcre.so.3.13.1
7f167b25b000-7f167b25c000 r--p 0003c000 08:01 790495                     /lib/x86_64-linux-gnu/libpcre.so.3.13.1
7f167b25c000-7f167b25d000 rw-p 0003d000 08:01 790495                     /lib/x86_64-linux-gnu/libpcre.so.3.13.1
7f167b25d000-7f167b264000 r-xp 00000000 08:01 4726848                    /usr/lib/x86_64-linux-gnu/libffi.so.6.0.1
7f167b264000-7f167b463000 ---p 00007000 08:01 4726848                    /usr/lib/x86_64-linux-gnu/libffi.so.6.0.1
7f167b463000-7f167b464000 r--p 00006000 08:01 4726848                    /usr/lib/x86_64-linux-gnu/libffi.so.6.0.1
7f167b464000-7f167b465000 rw-p 00007000 08:01 4726848                    /usr/lib/x86_64-linux-gnu/libffi.so.6.0.1
7f167b465000-7f167b47c000 r-xp 00000000 08:01 786614                     /lib/x86_64-linux-gnu/libresolv-2.19.so
7f167b47c000-7f167b67c000 ---p 00017000 08:01 786614                     /lib/x86_64-linux-gnu/libresolv-2.19.so
7f167b67c000-7f167b67d000 r--p 00017000 08:01 786614                     /lib/x86_64-linux-gnu/libresolv-2.19.so
7f167b67d000-7f167b67e000 rw-p 00018000 08:01 786614                     /lib/x86_64-linux-gnu/libresolv-2.19.so
7f167b67e000-7f167b680000 rw-p 00000000 00:00 0 
7f167b680000-7f167b6a0000 r-xp 00000000 08:01 790522                     /lib/x86_64-linux-gnu/libselinux.so.1
7f167b6a0000-7f167b89f000 ---p 00020000 08:01 790522                     /lib/x86_64-linux-gnu/libselinux.so.1
7f167b89f000-7f167b8a0000 r--p 0001f000 08:01 790522                     /lib/x86_64-linux-gnu/libselinux.so.1
7f167b8a0000-7f167b8a1000 rw-p 00020000 08:01 790522                     /lib/x86_64-linux-gnu/libselinux.so.1
7f167b8a1000-7f167b8a3000 rw-p 00000000 00:00 0 
7f167b8a3000-7f167b8a6000 r-xp 00000000 08:01 4726965                    /usr/lib/x86_64-linux-gnu/libgmodule-2.0.so.0.4000.0
7f167b8a6000-7f167baa5000 ---p 00003000 08:01 4726965                    /usr/lib/x86_64-linux-gnu/libgmodule-2.0.so.0.4000.0
7f167baa5000-7f167baa6000 r--p 00002000 08:01 4726965                    /usr/lib/x86_64-linux-gnu/libgmodule-2.0.so.0.4000.0
7f167baa6000-7f167baa7000 rw-p 00003000 08:01 4726965                    /usr/lib/x86_64-linux-gnu/libgmodule-2.0.so.0.4000.0
7f167baa7000-7f167bbad000 r-xp 00000000 08:01 790423                     /lib/x86_64-linux-gnu/libglib-2.0.so.0.4000.0
7f167bbad000-7f167bdac000 ---p 00106000 08:01 790423                     /lib/x86_64-linux-gnu/libglib-2.0.so.0.4000.0
7f167bdac000-7f167bdad000 r--p 00105000 08:01 790423                     /lib/x86_64-linux-gnu/libglib-2.0.so.0.4000.0
7f167bdad000-7f167bdae000 rw-p 00106000 08:01 790423                     /lib/x86_64-linux-gnu/libglib-2.0.so.0.4000.0
7f167bdae000-7f167bdaf000 rw-p 00000000 00:00 0 
7f167bdaf000-7f167bdfe000 r-xp 00000000 08:01 4726981                    /usr/lib/x86_64-linux-gnu/libgobject-2.0.so.0.4000.0
7f167bdfe000-7f167bffe000 ---p 0004f000 08:01 4726981                    /usr/lib/x86_64-linux-gnu/libgobject-2.0.so.0.4000.0
7f167bffe000-7f167bfff000 r--p 0004f000 08:01 4726981                    /usr/lib/x86_64-linux-gnu/libgobject-2.0.so.0.4000.0
7f167bfff000-7f167c000000 rw-p 00050000 08:01 4726981                    /usr/lib/x86_64-linux-gnu/libgobject-2.0.so.0.4000.0
7f167c000000-7f167c021000 rw-p 00000000 00:00 0 
7f167c021000-7f1680000000 ---p 00000000 00:00 0 
7f1680004000-7f168016f000 r-xp 00000000 08:01 4726951                    /usr/lib/x86_64-linux-gnu/libgio-2.0.so.0.4000.0
7f168016f000-7f168036f000 ---p 0016b000 08:01 4726951                    /usr/lib/x86_64-linux-gnu/libgio-2.0.so.0.4000.0
7f168036f000-7f1680373000 r--p 0016b000 08:01 4726951                    /usr/lib/x86_64-linux-gnu/libgio-2.0.so.0.4000.0
7f1680373000-7f1680375000 rw-p 0016f000 08:01 4726951                    /usr/lib/x86_64-linux-gnu/libgio-2.0.so.0.4000.0
7f1680375000-7f1680377000 rw-p 00000000 00:00 0 
7f1680377000-7f168038e000 r-xp 00000000 08:01 5917886                    /usr/lib/jvm/java-7-openjdk-amd64/jre/lib/amd64/libnet.so
7f168038e000-7f168058d000 ---p 00017000 08:01 5917886                    /usr/lib/jvm/java-7-openjdk-amd64/jre/lib/amd64/libnet.so
7f168058d000-7f168058e000 r--p 00016000 08:01 5917886                    /usr/lib/jvm/java-7-openjdk-amd64/jre/lib/amd64/libnet.so
7f168058e000-7f168058f000 rw-p 00017000 08:01 5917886                    /usr/lib/jvm/java-7-openjdk-amd64/jre/lib/amd64/libnet.so
7f168058f000-7f168059f000 r-xp 00000000 08:01 5917910                    /usr/lib/jvm/java-7-openjdk-amd64/jre/lib/amd64/libnio.so
7f168059f000-7f168079f000 ---p 00010000 08:01 5917910                    /usr/lib/jvm/java-7-openjdk-amd64/jre/lib/amd64/libnio.so
7f168079f000-7f16807a0000 r--p 00010000 08:01 5917910                    /usr/lib/jvm/java-7-openjdk-amd64/jre/lib/amd64/libnio.so
7f16807a0000-7f16807a1000 rw-p 00011000 08:01 5917910                    /usr/lib/jvm/java-7-openjdk-amd64/jre/lib/amd64/libnio.so
7f16807a1000-7f16807a2000 ---p 00000000 00:00 0 
7f16807a2000-7f16808a2000 rw-p 00000000 00:00 0                          [stack:14413]
7f16808a2000-7f16808a5000 ---p 00000000 00:00 0 
7f16808a5000-7f16809a3000 rw-p 00000000 00:00 0                          [stack:14412]
7f16809a3000-7f16809a6000 ---p 00000000 00:00 0 
7f16809a6000-7f1680aa4000 rw-p 00000000 00:00 0                          [stack:14411]
7f1680aa4000-7f1680aa7000 ---p 00000000 00:00 0 
7f1680aa7000-7f1680ba5000 rw-p 00000000 00:00 0                          [stack:14410]
7f1680ba5000-7f1680ba8000 ---p 00000000 00:00 0 
7f1680ba8000-7f1680ca6000 rw-p 00000000 00:00 0                          [stack:14409]
7f1680ca6000-7f16813c9000 r--p 00000000 08:01 4725570                    /usr/lib/locale/locale-archive
7f16813c9000-7f16813cc000 ---p 00000000 00:00 0 
7f16813cc000-7f16814ca000 rw-p 00000000 00:00 0                          [stack:14408]
7f16814ca000-7f16814cd000 ---p 00000000 00:00 0 
7f16814cd000-7f16815cb000 rw-p 00000000 00:00 0                          [stack:14407]
7f16815cb000-7f16815cc000 ---p 00000000 00:00 0 
7f16815cc000-7f1684000000 rw-p 00000000 00:00 0                          [stack:14406]
7f1684000000-7f1684021000 rw-p 00000000 00:00 0 
7f1684021000-7f1688000000 ---p 00000000 00:00 0 
7f1688039000-7f168806a000 rw-p 00000000 00:00 0 
7f168806a000-7f16880f1000 r--s 0072f000 08:01 7605290                    /home/raihan/OpenSrpWorkSpace/opensrp-client-dghs-demo/opensrp-dghs/build/intermediates/multi-dex/debug/allclasses.jar
7f16880f1000-7f1688bfc000 rw-p 00000000 00:00 0 
7f1688bfc000-7f1688dad000 r--s 01d30000 08:01 5508152                    /usr/lib/jvm/java-7-openjdk-amd64/jre/lib/rt.jar
7f1688dad000-7f1689000000 rw-p 00000000 00:00 0 
7f1689000000-7f1689440000 rwxp 00000000 00:00 0 
7f1689440000-7f168c36d000 rw-p 00000000 00:00 0 
7f168c36d000-7f1690000000 ---p 00000000 00:00 0 
7f169003b000-7f169004a000 r--s 000dd000 08:01 6177003                    /home/raihan/android-sdk-linux/build-tools/21.1.2/lib/dx.jar
7f169004a000-7f1690231000 rw-p 00000000 00:00 0 
7f1690231000-7f1690232000 ---p 00000000 00:00 0 
7f1690232000-7f1690332000 rw-p 00000000 00:00 0                          [stack:14405]
7f1690332000-7f1690333000 ---p 00000000 00:00 0 
7f1690333000-7f1690433000 rw-p 00000000 00:00 0                          [stack:14404]
7f1690433000-7f1690434000 ---p 00000000 00:00 0 
7f1690434000-7f1690534000 rw-p 00000000 00:00 0                          [stack:14403]
7f1690534000-7f1690535000 ---p 00000000 00:00 0 
7f1690535000-7f1690640000 rw-p 00000000 00:00 0                          [stack:14402]
7f1690640000-7f1690688000 rw-p 00000000 00:00 0 
7f1690688000-7f169078b000 rw-p 00000000 00:00 0 
7f169078b000-7f16907de000 rw-p 00000000 00:00 0 
7f16907de000-7f16907e9000 rw-p 00000000 00:00 0 
7f16907e9000-7f1690831000 rw-p 00000000 00:00 0 
7f1690831000-7f1690934000 rw-p 00000000 00:00 0 
7f1690934000-7f1690986000 rw-p 00000000 00:00 0 
7f1690986000-7f1690a31000 rw-p 00000000 00:00 0 
7f1690a31000-7f1690a32000 rw-p 00000000 00:00 0 
7f1690a32000-7f1690a3a000 r-xp 00000000 08:01 5917892                    /usr/lib/jvm/java-7-openjdk-amd64/jre/lib/amd64/libzip.so
7f1690a3a000-7f1690c39000 ---p 00008000 08:01 5917892                    /usr/lib/jvm/java-7-openjdk-amd64/jre/lib/amd64/libzip.so
7f1690c39000-7f1690c3a000 r--p 00007000 08:01 5917892                    /usr/lib/jvm/java-7-openjdk-amd64/jre/lib/amd64/libzip.so
7f1690c3a000-7f1690c3b000 rw-p 00008000 08:01 5917892                    /usr/lib/jvm/java-7-openjdk-amd64/jre/lib/amd64/libzip.so
7f1690c3b000-7f1690c46000 r-xp 00000000 08:01 786646                     /lib/x86_64-linux-gnu/libnss_files-2.19.so
7f1690c46000-7f1690e45000 ---p 0000b000 08:01 786646                     /lib/x86_64-linux-gnu/libnss_files-2.19.so
7f1690e45000-7f1690e46000 r--p 0000a000 08:01 786646                     /lib/x86_64-linux-gnu/libnss_files-2.19.so
7f1690e46000-7f1690e47000 rw-p 0000b000 08:01 786646                     /lib/x86_64-linux-gnu/libnss_files-2.19.so
7f1690e47000-7f1690e52000 r-xp 00000000 08:01 786638                     /lib/x86_64-linux-gnu/libnss_nis-2.19.so
7f1690e52000-7f1691051000 ---p 0000b000 08:01 786638                     /lib/x86_64-linux-gnu/libnss_nis-2.19.so
7f1691051000-7f1691052000 r--p 0000a000 08:01 786638                     /lib/x86_64-linux-gnu/libnss_nis-2.19.so
7f1691052000-7f1691053000 rw-p 0000b000 08:01 786638                     /lib/x86_64-linux-gnu/libnss_nis-2.19.so
7f1691053000-7f169106a000 r-xp 00000000 08:01 786634                     /lib/x86_64-linux-gnu/libnsl-2.19.so
7f169106a000-7f1691269000 ---p 00017000 08:01 786634                     /lib/x86_64-linux-gnu/libnsl-2.19.so
7f1691269000-7f169126a000 r--p 00016000 08:01 786634                     /lib/x86_64-linux-gnu/libnsl-2.19.so
7f169126a000-7f169126b000 rw-p 00017000 08:01 786634                     /lib/x86_64-linux-gnu/libnsl-2.19.so
7f169126b000-7f169126d000 rw-p 00000000 00:00 0 
7f169126d000-7f1691276000 r-xp 00000000 08:01 786633                     /lib/x86_64-linux-gnu/libnss_compat-2.19.so
7f1691276000-7f1691475000 ---p 00009000 08:01 786633                     /lib/x86_64-linux-gnu/libnss_compat-2.19.so
7f1691475000-7f1691476000 r--p 00008000 08:01 786633                     /lib/x86_64-linux-gnu/libnss_compat-2.19.so
7f1691476000-7f1691477000 rw-p 00009000 08:01 786633                     /lib/x86_64-linux-gnu/libnss_compat-2.19.so
7f1691477000-7f16914a2000 r-xp 00000000 08:01 5917877                    /usr/lib/jvm/java-7-openjdk-amd64/jre/lib/amd64/libjava.so
7f16914a2000-7f16916a2000 ---p 0002b000 08:01 5917877                    /usr/lib/jvm/java-7-openjdk-amd64/jre/lib/amd64/libjava.so
7f16916a2000-7f16916a3000 r--p 0002b000 08:01 5917877                    /usr/lib/jvm/java-7-openjdk-amd64/jre/lib/amd64/libjava.so
7f16916a3000-7f16916a5000 rw-p 0002c000 08:01 5917877                    /usr/lib/jvm/java-7-openjdk-amd64/jre/lib/amd64/libjava.so
7f16916a5000-7f16916b5000 r-xp 00000000 08:01 5917878                    /usr/lib/jvm/java-7-openjdk-amd64/jre/lib/amd64/libverify.so
7f16916b5000-7f16918b4000 ---p 00010000 08:01 5917878                    /usr/lib/jvm/java-7-openjdk-amd64/jre/lib/amd64/libverify.so
7f16918b4000-7f16918b6000 r--p 0000f000 08:01 5917878                    /usr/lib/jvm/java-7-openjdk-amd64/jre/lib/amd64/libverify.so
7f16918b6000-7f16918b7000 rw-p 00011000 08:01 5917878                    /usr/lib/jvm/java-7-openjdk-amd64/jre/lib/amd64/libverify.so
7f16918b7000-7f16918be000 r-xp 00000000 08:01 786642                     /lib/x86_64-linux-gnu/librt-2.19.so
7f16918be000-7f1691abd000 ---p 00007000 08:01 786642                     /lib/x86_64-linux-gnu/librt-2.19.so
7f1691abd000-7f1691abe000 r--p 00006000 08:01 786642                     /lib/x86_64-linux-gnu/librt-2.19.so
7f1691abe000-7f1691abf000 rw-p 00007000 08:01 786642                     /lib/x86_64-linux-gnu/librt-2.19.so
7f1691abf000-7f1691ad5000 r-xp 00000000 08:01 786612                     /lib/x86_64-linux-gnu/libgcc_s.so.1
7f1691ad5000-7f1691cd4000 ---p 00016000 08:01 786612                     /lib/x86_64-linux-gnu/libgcc_s.so.1
7f1691cd4000-7f1691cd5000 rw-p 00015000 08:01 786612                     /lib/x86_64-linux-gnu/libgcc_s.so.1
7f1691cd5000-7f1691dda000 r-xp 00000000 08:01 786618                     /lib/x86_64-linux-gnu/libm-2.19.so
7f1691dda000-7f1691fd9000 ---p 00105000 08:01 786618                     /lib/x86_64-linux-gnu/libm-2.19.so
7f1691fd9000-7f1691fda000 r--p 00104000 08:01 786618                     /lib/x86_64-linux-gnu/libm-2.19.so
7f1691fda000-7f1691fdb000 rw-p 00105000 08:01 786618                     /lib/x86_64-linux-gnu/libm-2.19.so
7f1691fdb000-7f16920c1000 r-xp 00000000 08:01 4721335                    /usr/lib/x86_64-linux-gnu/libstdc++.so.6.0.19
7f16920c1000-7f16922c0000 ---p 000e6000 08:01 4721335                    /usr/lib/x86_64-linux-gnu/libstdc++.so.6.0.19
7f16922c0000-7f16922c8000 r--p 000e5000 08:01 4721335                    /usr/lib/x86_64-linux-gnu/libstdc++.so.6.0.19
7f16922c8000-7f16922ca000 rw-p 000ed000 08:01 4721335                    /usr/lib/x86_64-linux-gnu/libstdc++.so.6.0.19
7f16922ca000-7f16922df000 rw-p 00000000 00:00 0 
7f16922df000-7f1692e03000 r-xp 00000000 08:01 5917890                    /usr/lib/jvm/java-7-openjdk-amd64/jre/lib/amd64/server/libjvm.so
7f1692e03000-7f1693003000 ---p 00b24000 08:01 5917890                    /usr/lib/jvm/java-7-openjdk-amd64/jre/lib/amd64/server/libjvm.so
7f1693003000-7f169309d000 r--p 00b24000 08:01 5917890                    /usr/lib/jvm/java-7-openjdk-amd64/jre/lib/amd64/server/libjvm.so
7f169309d000-7f16930c0000 rw-p 00bbe000 08:01 5917890                    /usr/lib/jvm/java-7-openjdk-amd64/jre/lib/amd64/server/libjvm.so
7f16930c0000-7f16930ee000 rw-p 00000000 00:00 0 
7f16930ee000-7f1693106000 r-xp 00000000 08:01 790555                     /lib/x86_64-linux-gnu/libz.so.1.2.8
7f1693106000-7f1693305000 ---p 00018000 08:01 790555                     /lib/x86_64-linux-gnu/libz.so.1.2.8
7f1693305000-7f1693306000 r--p 00017000 08:01 790555                     /lib/x86_64-linux-gnu/libz.so.1.2.8
7f1693306000-7f1693307000 rw-p 00018000 08:01 790555                     /lib/x86_64-linux-gnu/libz.so.1.2.8
7f1693307000-7f1693320000 r-xp 00000000 08:01 786635                     /lib/x86_64-linux-gnu/libpthread-2.19.so
7f1693320000-7f169351f000 ---p 00019000 08:01 786635                     /lib/x86_64-linux-gnu/libpthread-2.19.so
7f169351f000-7f1693520000 r--p 00018000 08:01 786635                     /lib/x86_64-linux-gnu/libpthread-2.19.so
7f1693520000-7f1693521000 rw-p 00019000 08:01 786635                     /lib/x86_64-linux-gnu/libpthread-2.19.so
7f1693521000-7f1693525000 rw-p 00000000 00:00 0 
7f1693525000-7f1693528000 r-xp 00000000 08:01 786630                     /lib/x86_64-linux-gnu/libdl-2.19.so
7f1693528000-7f1693727000 ---p 00003000 08:01 786630                     /lib/x86_64-linux-gnu/libdl-2.19.so
7f1693727000-7f1693728000 r--p 00002000 08:01 786630                     /lib/x86_64-linux-gnu/libdl-2.19.so
7f1693728000-7f1693729000 rw-p 00003000 08:01 786630                     /lib/x86_64-linux-gnu/libdl-2.19.so
7f1693729000-7f16938e4000 r-xp 00000000 08:01 786643                     /lib/x86_64-linux-gnu/libc-2.19.so
7f16938e4000-7f1693ae3000 ---p 001bb000 08:01 786643                     /lib/x86_64-linux-gnu/libc-2.19.so
7f1693ae3000-7f1693ae7000 r--p 001ba000 08:01 786643                     /lib/x86_64-linux-gnu/libc-2.19.so
7f1693ae7000-7f1693ae9000 rw-p 001be000 08:01 786643                     /lib/x86_64-linux-gnu/libc-2.19.so
7f1693ae9000-7f1693aee000 rw-p 00000000 00:00 0 
7f1693aee000-7f1693afb000 r-xp 00000000 08:01 5917907                    /usr/lib/jvm/java-7-openjdk-amd64/jre/lib/amd64/jli/libjli.so
7f1693afb000-7f1693cfa000 ---p 0000d000 08:01 5917907                    /usr/lib/jvm/java-7-openjdk-amd64/jre/lib/amd64/jli/libjli.so
7f1693cfa000-7f1693cfb000 r--p 0000c000 08:01 5917907                    /usr/lib/jvm/java-7-openjdk-amd64/jre/lib/amd64/jli/libjli.so
7f1693cfb000-7f1693cfc000 rw-p 0000d000 08:01 5917907                    /usr/lib/jvm/java-7-openjdk-amd64/jre/lib/amd64/jli/libjli.so
7f1693cfc000-7f1693d1f000 r-xp 00000000 08:01 786636                     /lib/x86_64-linux-gnu/ld-2.19.so
7f1693d1f000-7f1693d22000 r--s 0000f000 08:01 5917931                    /usr/lib/jvm/java-7-openjdk-amd64/jre/lib/ext/icedtea-sound.jar
7f1693d22000-7f1693d26000 r--s 00034000 08:01 5917930                    /usr/lib/jvm/java-7-openjdk-amd64/jre/lib/ext/sunjce_provider.jar
7f1693d26000-7f1693d28000 r--s 00012000 08:01 5917929                    /usr/lib/jvm/java-7-openjdk-amd64/jre/lib/ext/zipfs.jar
7f1693d28000-7f1693d51000 rw-p 00000000 00:00 0 
7f1693d51000-7f1693e00000 rw-p 00000000 00:00 0 
7f1693e00000-7f1693e03000 ---p 00000000 00:00 0 
7f1693e03000-7f1693f07000 rw-p 00000000 00:00 0                          [stack:14401]
7f1693f07000-7f1693f09000 r--s 00006000 08:01 5118243                    /usr/share/java/java-atk-wrapper.jar
7f1693f09000-7f1693f0d000 r--s 0003c000 08:01 5917933                    /usr/lib/jvm/java-7-openjdk-amd64/jre/lib/ext/sunpkcs11.jar
7f1693f0d000-7f1693f11000 r--s 00085000 08:01 5917932                    /usr/lib/jvm/java-7-openjdk-amd64/jre/lib/ext/localedata.jar
7f1693f11000-7f1693f12000 r--s 00002000 08:01 5917928                    /usr/lib/jvm/java-7-openjdk-amd64/jre/lib/ext/dnsns.jar
7f1693f12000-7f1693f1a000 rw-s 00000000 08:01 131567                     /tmp/hsperfdata_raihan/14395
7f1693f1a000-7f1693f1b000 rw-p 00000000 00:00 0 
7f1693f1b000-7f1693f1c000 ---p 00000000 00:00 0 
7f1693f1c000-7f1693f1e000 rw-p 00000000 00:00 0 
7f1693f1e000-7f1693f1f000 r--p 00022000 08:01 786636                     /lib/x86_64-linux-gnu/ld-2.19.so
7f1693f1f000-7f1693f20000 rw-p 00023000 08:01 786636                     /lib/x86_64-linux-gnu/ld-2.19.so
7f1693f20000-7f1693f21000 rw-p 00000000 00:00 0 
7fff1f26e000-7fff1f28f000 rw-p 00000000 00:00 0                          [stack]
7fff1f3c6000-7fff1f3c8000 r-xp 00000000 00:00 0                          [vdso]
ffffffffff600000-ffffffffff601000 r-xp 00000000 00:00 0                  [vsyscall]

VM Arguments:
jvm_args: -Xmx1024M -Dfile.encoding=UTF-8 -Duser.country=US -Duser.language=en -Duser.variant 
java_command: com.android.dx.command.Main --dex --multi-dex --main-dex-list /home/raihan/OpenSrpWorkSpace/opensrp-client-dghs-demo/opensrp-dghs/build/intermediates/multi-dex/debug/maindexlist.txt --output /home/raihan/OpenSrpWorkSpace/opensrp-client-dghs-demo/opensrp-dghs/build/intermediates/dex/debug /home/raihan/OpenSrpWorkSpace/opensrp-client-dghs-demo/opensrp-dghs/build/intermediates/multi-dex/debug/allclasses.jar
Launcher Type: SUN_STANDARD

Environment Variables:
PATH=/usr/local/sbin:/usr/local/bin:/usr/sbin:/usr/bin:/sbin:/bin:/usr/games:/usr/local/games
LD_LIBRARY_PATH=android-studio/bin:
SHELL=/bin/bash
DISPLAY=:0

Signal Handlers:
SIGSEGV: [libjvm.so+0x9548f0], sa_mask[0]=0x7ffbfeff, sa_flags=0x10000004
SIGBUS: [libjvm.so+0x9548f0], sa_mask[0]=0x7ffbfeff, sa_flags=0x10000004
SIGFPE: [libjvm.so+0x7cb0b0], sa_mask[0]=0x7ffbfeff, sa_flags=0x10000004
SIGPIPE: [libjvm.so+0x7cb0b0], sa_mask[0]=0x7ffbfeff, sa_flags=0x10000004
SIGXFSZ: [libjvm.so+0x7cb0b0], sa_mask[0]=0x7ffbfeff, sa_flags=0x10000004
SIGILL: [libjvm.so+0x7cb0b0], sa_mask[0]=0x7ffbfeff, sa_flags=0x10000004
SIGUSR1: SIG_DFL, sa_mask[0]=0x00000000, sa_flags=0x00000000
SIGUSR2: [libjvm.so+0x7caf50], sa_mask[0]=0x00000004, sa_flags=0x10000004
SIGHUP: [libjvm.so+0x7cb130], sa_mask[0]=0x7ffbfeff, sa_flags=0x10000004
SIGINT: [libjvm.so+0x7cb130], sa_mask[0]=0x7ffbfeff, sa_flags=0x10000004
SIGTERM: [libjvm.so+0x7cb130], sa_mask[0]=0x7ffbfeff, sa_flags=0x10000004
SIGQUIT: [libjvm.so+0x7cb130], sa_mask[0]=0x7ffbfeff, sa_flags=0x10000004
SIGTRAP: SIG_DFL, sa_mask[0]=0x00000000, sa_flags=0x00000000


---------------  S Y S T E M  ---------------

OS:Ubuntu 14.04 (trusty)
uname:Linux 3.13.0-24-generic #46-Ubuntu SMP Thu Apr 10 19:11:08 UTC 2014 x86_64
libc:glibc 2.19 NPTL 2.19 
rlimit: STACK 8192k, CORE 0k, NPROC 30570, NOFILE 4096, AS infinity
load average:2.27 1.21 0.83

/proc/meminfo:
MemTotal:        3934516 kB
MemFree:           96648 kB
Buffers:             856 kB
Cached:           767368 kB
SwapCached:        48056 kB
Active:          1797348 kB
Inactive:         820660 kB
Active(anon):    1783872 kB
Inactive(anon):   804392 kB
Active(file):      13476 kB
Inactive(file):    16268 kB
Unevictable:          80 kB
Mlocked:              80 kB
SwapTotal:       4080636 kB
SwapFree:              0 kB
Dirty:               140 kB
Writeback:            16 kB
AnonPages:       1804732 kB
Mapped:           959968 kB
Shmem:            737768 kB
Slab:              95496 kB
SReclaimable:      40052 kB
SUnreclaim:        55444 kB
KernelStack:        6504 kB
PageTables:        82140 kB
NFS_Unstable:          0 kB
Bounce:                0 kB
WritebackTmp:          0 kB
CommitLimit:     6047892 kB
Committed_AS:   14958452 kB
VmallocTotal:   34359738367 kB
VmallocUsed:      553488 kB
VmallocChunk:   34359175124 kB
HardwareCorrupted:     0 kB
AnonHugePages:     53248 kB
HugePages_Total:       0
HugePages_Free:        0
HugePages_Rsvd:        0
HugePages_Surp:        0
Hugepagesize:       2048 kB
DirectMap4k:       65024 kB
DirectMap2M:     1921024 kB
DirectMap1G:     2097152 kB


CPU:total 4 (2 cores per cpu, 2 threads per core) family 6 model 61 stepping 4, cmov, cx8, fxsr, mmx, sse, sse2, sse3, ssse3, sse4.1, sse4.2, popcnt, avx, avx2, aes, erms, ht, tsc, tscinvbit

/proc/cpuinfo:
processor	: 0
vendor_id	: GenuineIntel
cpu family	: 6
model		: 61
model name	: Intel(R) Core(TM) i5-5200U CPU @ 2.20GHz
stepping	: 4
microcode	: 0x1f
cpu MHz		: 1300.000
cache size	: 3072 KB
physical id	: 0
siblings	: 4
core id		: 0
cpu cores	: 2
apicid		: 0
initial apicid	: 0
fpu		: yes
fpu_exception	: yes
cpuid level	: 20
wp		: yes
flags		: fpu vme de pse tsc msr pae mce cx8 apic sep mtrr pge mca cmov pat pse36 clflush dts acpi mmx fxsr sse sse2 ss ht tm pbe syscall nx pdpe1gb rdtscp lm constant_tsc arch_perfmon pebs bts rep_good nopl xtopology nonstop_tsc aperfmperf eagerfpu pni pclmulqdq dtes64 monitor ds_cpl vmx est tm2 ssse3 fma cx16 xtpr pdcm pcid sse4_1 sse4_2 x2apic movbe popcnt tsc_deadline_timer aes xsave avx f16c rdrand lahf_lm abm 3dnowprefetch ida arat epb xsaveopt pln pts dtherm tpr_shadow vnmi flexpriority ept vpid fsgsbase tsc_adjust bmi1 avx2 smep bmi2 erms invpcid rdseed adx smap
bogomips	: 4390.05
clflush size	: 64
cache_alignment	: 64
address sizes	: 39 bits physical, 48 bits virtual
power management:

processor	: 1
vendor_id	: GenuineIntel
cpu family	: 6
model		: 61
model name	: Intel(R) Core(TM) i5-5200U CPU @ 2.20GHz
stepping	: 4
microcode	: 0x1f
cpu MHz		: 2201.000
cache size	: 3072 KB
physical id	: 0
siblings	: 4
core id		: 0
cpu cores	: 2
apicid		: 1
initial apicid	: 1
fpu		: yes
fpu_exception	: yes
cpuid level	: 20
wp		: yes
flags		: fpu vme de pse tsc msr pae mce cx8 apic sep mtrr pge mca cmov pat pse36 clflush dts acpi mmx fxsr sse sse2 ss ht tm pbe syscall nx pdpe1gb rdtscp lm constant_tsc arch_perfmon pebs bts rep_good nopl xtopology nonstop_tsc aperfmperf eagerfpu pni pclmulqdq dtes64 monitor ds_cpl vmx est tm2 ssse3 fma cx16 xtpr pdcm pcid sse4_1 sse4_2 x2apic movbe popcnt tsc_deadline_timer aes xsave avx f16c rdrand lahf_lm abm 3dnowprefetch ida arat epb xsaveopt pln pts dtherm tpr_shadow vnmi flexpriority ept vpid fsgsbase tsc_adjust bmi1 avx2 smep bmi2 erms invpcid rdseed adx smap
bogomips	: 4390.05
clflush size	: 64
cache_alignment	: 64
address sizes	: 39 bits physical, 48 bits virtual
power management:

processor	: 2
vendor_id	: GenuineIntel
cpu family	: 6
model		: 61
model name	: Intel(R) Core(TM) i5-5200U CPU @ 2.20GHz
stepping	: 4
microcode	: 0x1f
cpu MHz		: 2201.000
cache size	: 3072 KB
physical id	: 0
siblings	: 4
core id		: 1
cpu cores	: 2
apicid		: 2
initial apicid	: 2
fpu		: yes
fpu_exception	: yes
cpuid level	: 20
wp		: yes
flags		: fpu vme de pse tsc msr pae mce cx8 apic sep mtrr pge mca cmov pat pse36 clflush dts acpi mmx fxsr sse sse2 ss ht tm pbe syscall nx pdpe1gb rdtscp lm constant_tsc arch_perfmon pebs bts rep_good nopl xtopology nonstop_tsc aperfmperf eagerfpu pni pclmulqdq dtes64 monitor ds_cpl vmx est tm2 ssse3 fma cx16 xtpr pdcm pcid sse4_1 sse4_2 x2apic movbe popcnt tsc_deadline_timer aes xsave avx f16c rdrand lahf_lm abm 3dnowprefetch ida arat epb xsaveopt pln pts dtherm tpr_shadow vnmi flexpriority ept vpid fsgsbase tsc_adjust bmi1 avx2 smep bmi2 erms invpcid rdseed adx smap
bogomips	: 4390.05
clflush size	: 64
cache_alignment	: 64
address sizes	: 39 bits physical, 48 bits virtual
power management:

processor	: 3
vendor_id	: GenuineIntel
cpu family	: 6
model		: 61
model name	: Intel(R) Core(TM) i5-5200U CPU @ 2.20GHz
stepping	: 4
microcode	: 0x1f
cpu MHz		: 1300.000
cache size	: 3072 KB
physical id	: 0
siblings	: 4
core id		: 1
cpu cores	: 2
apicid		: 3
initial apicid	: 3
fpu		: yes
fpu_exception	: yes
cpuid level	: 20
wp		: yes
flags		: fpu vme de pse tsc msr pae mce cx8 apic sep mtrr pge mca cmov pat pse36 clflush dts acpi mmx fxsr sse sse2 ss ht tm pbe syscall nx pdpe1gb rdtscp lm constant_tsc arch_perfmon pebs bts rep_good nopl xtopology nonstop_tsc aperfmperf eagerfpu pni pclmulqdq dtes64 monitor ds_cpl vmx est tm2 ssse3 fma cx16 xtpr pdcm pcid sse4_1 sse4_2 x2apic movbe popcnt tsc_deadline_timer aes xsave avx f16c rdrand lahf_lm abm 3dnowprefetch ida arat epb xsaveopt pln pts dtherm tpr_shadow vnmi flexpriority ept vpid fsgsbase tsc_adjust bmi1 avx2 smep bmi2 erms invpcid rdseed adx smap
bogomips	: 4390.05
clflush size	: 64
cache_alignment	: 64
address sizes	: 39 bits physical, 48 bits virtual
power management:



Memory: 4k page, physical 3934516k(96648k free), swap 4080636k(0k free)

vm_info: OpenJDK 64-Bit Server VM (24.95-b01) for linux-amd64 JRE (1.7.0_95-b00), built on Mar 24 2016 06:13:32 by "buildd" with gcc 4.8.2

time: Mon Apr 11 19:14:43 2016
elapsed time: 26 seconds

