#
# There is insufficient memory for the Java Runtime Environment to continue.
# Native memory allocation (malloc) failed to allocate 189267968 bytes for committing reserved memory.
# Possible reasons:
#   The system is out of physical RAM or swap space
#   In 32 bit mode, the process size limit was hit
# Possible solutions:
#   Reduce memory load on the system
#   Increase physical memory or swap space
#   Check if swap backing store is full
#   Use 64 bit Java on a 64 bit OS
#   Decrease Java heap size (-Xmx/-Xms)
#   Decrease number of Java threads
#   Decrease Java thread stack sizes (-Xss)
#   Set larger code cache with -XX:ReservedCodeCacheSize=
# This output file may be truncated or incomplete.
#
#  Out of Memory Error (os_linux.cpp:2827), pid=30744, tid=140571668522752
#
# JRE version: OpenJDK Runtime Environment (7.0_95) (build 1.7.0_95-b00)
# Java VM: OpenJDK 64-Bit Server VM (24.95-b01 mixed mode linux-amd64 compressed oops)
# Derivative: IcedTea 2.6.4
# Distribution: Ubuntu 14.04 LTS, package 7u95-2.6.4-0ubuntu0.14.04.2
# Failed to write core dump. Core dumps have been disabled. To enable core dumping, try "ulimit -c unlimited" before starting Java again
#

---------------  T H R E A D  ---------------

Current thread (0x00007fd96c076000):  VMThread [stack: 0x00007fd9644e2000,0x00007fd9645e3000] [id=30753]

Stack: [0x00007fd9644e2000,0x00007fd9645e3000],  sp=0x00007fd9645e1490,  free space=1021k
Native frames: (J=compiled Java code, j=interpreted, Vv=VM code, C=native code)
V  [libjvm.so+0x953e15]
V  [libjvm.so+0x48fd94]
V  [libjvm.so+0x7cf87b]
V  [libjvm.so+0x7ca33f]
V  [libjvm.so+0x83dacb]
V  [libjvm.so+0x82d86b]
V  [libjvm.so+0x82da2b]
V  [libjvm.so+0x82e958]
V  [libjvm.so+0x8355b4]
V  [libjvm.so+0x83bc0d]
V  [libjvm.so+0x7f2083]
V  [libjvm.so+0x955814]
V  [libjvm.so+0x959917]
V  [libjvm.so+0x9583d8]
V  [libjvm.so+0x958839]
V  [libjvm.so+0x958c82]
V  [libjvm.so+0x7cc742]

VM_Operation (0x00007fd972cd8ec0): ParallelGCFailedAllocation, mode: safepoint, requested by thread 0x00007fd96c00a800


---------------  P R O C E S S  ---------------

Java Threads: ( => current thread )
  0x00007fd96c0af800 JavaThread "Service Thread" daemon [_thread_blocked, id=30759, stack(0x00007fd95f6db000,0x00007fd95f7dc000)]
  0x00007fd96c0ad000 JavaThread "C2 CompilerThread1" daemon [_thread_blocked, id=30758, stack(0x00007fd95f7dc000,0x00007fd95f8dd000)]
  0x00007fd96c0aa000 JavaThread "C2 CompilerThread0" daemon [_thread_blocked, id=30757, stack(0x00007fd9640de000,0x00007fd9641df000)]
  0x00007fd96c0a8000 JavaThread "Signal Dispatcher" daemon [_thread_blocked, id=30756, stack(0x00007fd9641df000,0x00007fd9642e0000)]
  0x00007fd96c07c000 JavaThread "Finalizer" daemon [_thread_blocked, id=30755, stack(0x00007fd9642e0000,0x00007fd9643e1000)]
  0x00007fd96c07a000 JavaThread "Reference Handler" daemon [_thread_blocked, id=30754, stack(0x00007fd9643e1000,0x00007fd9644e2000)]
  0x00007fd96c00a800 JavaThread "main" [_thread_blocked, id=30748, stack(0x00007fd972bda000,0x00007fd972cdb000)]

Other Threads:
=>0x00007fd96c076000 VMThread [stack: 0x00007fd9644e2000,0x00007fd9645e3000] [id=30753]
  0x00007fd96c0c2000 WatcherThread [stack: 0x00007fd95f5da000,0x00007fd95f6db000] [id=30760]

VM state:at safepoint (normal execution)

VM Mutex/Monitor currently owned by a thread:  ([mutex/lock_event])
[0x00007fd96c0062c0] ExpandHeap_lock - owner thread: 0x00007fd96c076000
[0x00007fd96c006940] Threads_lock - owner thread: 0x00007fd96c076000
[0x00007fd96c006e40] Heap_lock - owner thread: 0x00007fd96c00a800

Heap
 PSYoungGen      total 233472K, used 40269K [0x00000000eaa80000, 0x0000000100000000, 0x0000000100000000)
  eden space 117248K, 0% used [0x00000000eaa80000,0x00000000eaa80000,0x00000000f1d00000)
  from space 116224K, 34% used [0x00000000f1d00000,0x00000000f44535e8,0x00000000f8e80000)
  to   space 116224K, 0% used [0x00000000f8e80000,0x00000000f8e80000,0x0000000100000000)
 ParOldGen       total 514048K, used 513886K [0x00000000c0000000, 0x00000000df600000, 0x00000000eaa80000)
  object space 514048K, 99% used [0x00000000c0000000,0x00000000df5d7918,0x00000000df600000)
 PSPermGen       total 21504K, used 6223K [0x00000000b5a00000, 0x00000000b6f00000, 0x00000000c0000000)
  object space 21504K, 28% used [0x00000000b5a00000,0x00000000b6013cf0,0x00000000b6f00000)

Card table byte_map: [0x00007fd968571000,0x00007fd9687c5000] byte_map_base: 0x00007fd967fc4000

Polling page: 0x00007fd972cf8000

Code Cache  [0x00007fd9687c5000, 0x00007fd968c05000, 0x00007fd96b7c5000)
 total_blobs=1326 nmethods=1098 adapters=181 free_code_cache=44999Kb largest_free_block=45904640

Compilation events (10 events):
Event: 21.415 Thread 0x00007fd96c0ad000 nmethod 1192 0x00007fd968a5d2d0 code [0x00007fd968a5d460, 0x00007fd968a5d8d8]
Event: 21.648 Thread 0x00007fd96c0aa000 nmethod 1191 0x00007fd968bedd50 code [0x00007fd968bef4c0, 0x00007fd968bf5a00]
Event: 21.864 Thread 0x00007fd96c0ad000 1193   !         java.util.zip.InflaterInputStream::read (138 bytes)
Event: 21.864 Thread 0x00007fd96c0aa000 1194   !         java.util.zip.Inflater::inflate (113 bytes)
Event: 21.867 Thread 0x00007fd96c0aa000 nmethod 1194 0x00007fd968a53c90 code [0x00007fd968a53e00, 0x00007fd968a542c8]
Event: 21.877 Thread 0x00007fd96c0ad000 nmethod 1193 0x00007fd9689e4090 code [0x00007fd9689e4280, 0x00007fd9689e5078]
Event: 22.102 Thread 0x00007fd96c0aa000 1196             java.util.Arrays::copyOf (19 bytes)
Event: 22.104 Thread 0x00007fd96c0aa000 nmethod 1196 0x00007fd9689e3c50 code [0x00007fd9689e3da0, 0x00007fd9689e3f98]
Event: 22.251 Thread 0x00007fd96c0ad000 1197             java.io.FilterInputStream::available (8 bytes)
Event: 22.252 Thread 0x00007fd96c0ad000 nmethod 1197 0x00007fd968a539d0 code [0x00007fd968a53b20, 0x00007fd968a53bb8]

GC Heap History (10 events):
Event: 20.746 GC heap after
Heap after GC invocations=34 (full 5):
 PSYoungGen      total 224256K, used 99350K [0x00000000eaa80000, 0x0000000100000000, 0x0000000100000000)
  eden space 124416K, 0% used [0x00000000eaa80000,0x00000000eaa80000,0x00000000f2400000)
  from space 99840K, 99% used [0x00000000f2400000,0x00000000f85059a8,0x00000000f8580000)
  to   space 116224K, 0% used [0x00000000f8e80000,0x00000000f8e80000,0x0000000100000000)
 ParOldGen       total 514048K, used 379582K [0x00000000c0000000, 0x00000000df600000, 0x00000000eaa80000)
  object space 514048K, 73% used [0x00000000c0000000,0x00000000d72afbb8,0x00000000df600000)
 PSPermGen       total 21504K, used 6207K [0x00000000b5a00000, 0x00000000b6f00000, 0x00000000c0000000)
  object space 21504K, 28% used [0x00000000b5a00000,0x00000000b600ff18,0x00000000b6f00000)
}
Event: 21.027 GC heap before
{Heap before GC invocations=35 (full 5):
 PSYoungGen      total 224256K, used 223766K [0x00000000eaa80000, 0x0000000100000000, 0x0000000100000000)
  eden space 124416K, 100% used [0x00000000eaa80000,0x00000000f2400000,0x00000000f2400000)
  from space 99840K, 99% used [0x00000000f2400000,0x00000000f85059a8,0x00000000f8580000)
  to   space 116224K, 0% used [0x00000000f8e80000,0x00000000f8e80000,0x0000000100000000)
 ParOldGen       total 514048K, used 379582K [0x00000000c0000000, 0x00000000df600000, 0x00000000eaa80000)
  object space 514048K, 73% used [0x00000000c0000000,0x00000000d72afbb8,0x00000000df600000)
 PSPermGen       total 21504K, used 6211K [0x00000000b5a00000, 0x00000000b6f00000, 0x00000000c0000000)
  object space 21504K, 28% used [0x00000000b5a00000,0x00000000b6010c08,0x00000000b6f00000)
Event: 21.147 GC heap after
Heap after GC invocations=35 (full 5):
 PSYoungGen      total 233472K, used 94558K [0x00000000eaa80000, 0x0000000100000000, 0x0000000100000000)
  eden space 117248K, 0% used [0x00000000eaa80000,0x00000000eaa80000,0x00000000f1d00000)
  from space 116224K, 81% used [0x00000000f8e80000,0x00000000fead7830,0x0000000100000000)
  to   space 116224K, 0% used [0x00000000f1d00000,0x00000000f1d00000,0x00000000f8e80000)
 ParOldGen       total 514048K, used 402421K [0x00000000c0000000, 0x00000000df600000, 0x00000000eaa80000)
  object space 514048K, 78% used [0x00000000c0000000,0x00000000d88fd7d0,0x00000000df600000)
 PSPermGen       total 21504K, used 6211K [0x00000000b5a00000, 0x00000000b6f00000, 0x00000000c0000000)
  object space 21504K, 28% used [0x00000000b5a00000,0x00000000b6010c08,0x00000000b6f00000)
}
Event: 21.492 GC heap before
{Heap before GC invocations=36 (full 5):
 PSYoungGen      total 233472K, used 211806K [0x00000000eaa80000, 0x0000000100000000, 0x0000000100000000)
  eden space 117248K, 100% used [0x00000000eaa80000,0x00000000f1d00000,0x00000000f1d00000)
  from space 116224K, 81% used [0x00000000f8e80000,0x00000000fead7830,0x0000000100000000)
  to   space 116224K, 0% used [0x00000000f1d00000,0x00000000f1d00000,0x00000000f8e80000)
 ParOldGen       total 514048K, used 402421K [0x00000000c0000000, 0x00000000df600000, 0x00000000eaa80000)
  object space 514048K, 78% used [0x00000000c0000000,0x00000000d88fd7d0,0x00000000df600000)
 PSPermGen       total 21504K, used 6214K [0x00000000b5a00000, 0x00000000b6f00000, 0x00000000c0000000)
  object space 21504K, 28% used [0x00000000b5a00000,0x00000000b6011960,0x00000000b6f00000)
Event: 21.632 GC heap after
Heap after GC invocations=36 (full 5):
 PSYoungGen      total 233472K, used 89727K [0x00000000eaa80000, 0x0000000100000000, 0x0000000100000000)
  eden space 117248K, 0% used [0x00000000eaa80000,0x00000000eaa80000,0x00000000f1d00000)
  from space 116224K, 77% used [0x00000000f1d00000,0x00000000f749fe00,0x00000000f8e80000)
  to   space 116224K, 0% used [0x00000000f8e80000,0x00000000f8e80000,0x0000000100000000)
 ParOldGen       total 514048K, used 427338K [0x00000000c0000000, 0x00000000df600000, 0x00000000eaa80000)
  object space 514048K, 83% used [0x00000000c0000000,0x00000000da152ae0,0x00000000df600000)
 PSPermGen       total 21504K, used 6214K [0x00000000b5a00000, 0x00000000b6f00000, 0x00000000c0000000)
  object space 21504K, 28% used [0x00000000b5a00000,0x00000000b6011960,0x00000000b6f00000)
}
Event: 21.919 GC heap before
{Heap before GC invocations=37 (full 5):
 PSYoungGen      total 233472K, used 206975K [0x00000000eaa80000, 0x0000000100000000, 0x0000000100000000)
  eden space 117248K, 100% used [0x00000000eaa80000,0x00000000f1d00000,0x00000000f1d00000)
  from space 116224K, 77% used [0x00000000f1d00000,0x00000000f749fe00,0x00000000f8e80000)
  to   space 116224K, 0% used [0x00000000f8e80000,0x00000000f8e80000,0x0000000100000000)
 ParOldGen       total 514048K, used 427338K [0x00000000c0000000, 0x00000000df600000, 0x00000000eaa80000)
  object space 514048K, 83% used [0x00000000c0000000,0x00000000da152ae0,0x00000000df600000)
 PSPermGen       total 21504K, used 6220K [0x00000000b5a00000, 0x00000000b6f00000, 0x00000000c0000000)
  object space 21504K, 28% used [0x00000000b5a00000,0x00000000b60130c0,0x00000000b6f00000)
Event: 22.053 GC heap after
Heap after GC invocations=37 (full 5):
 PSYoungGen      total 233472K, used 75666K [0x00000000eaa80000, 0x0000000100000000, 0x0000000100000000)
  eden space 117248K, 0% used [0x00000000eaa80000,0x00000000eaa80000,0x00000000f1d00000)
  from space 116224K, 65% used [0x00000000f8e80000,0x00000000fd864af0,0x0000000100000000)
  to   space 116224K, 0% used [0x00000000f1d00000,0x00000000f1d00000,0x00000000f8e80000)
 ParOldGen       total 514048K, used 461216K [0x00000000c0000000, 0x00000000df600000, 0x00000000eaa80000)
  object space 514048K, 89% used [0x00000000c0000000,0x00000000dc268060,0x00000000df600000)
 PSPermGen       total 21504K, used 6220K [0x00000000b5a00000, 0x00000000b6f00000, 0x00000000c0000000)
  object space 21504K, 28% used [0x00000000b5a00000,0x00000000b60130c0,0x00000000b6f00000)
}
Event: 22.335 GC heap before
{Heap before GC invocations=38 (full 5):
 PSYoungGen      total 233472K, used 192914K [0x00000000eaa80000, 0x0000000100000000, 0x0000000100000000)
  eden space 117248K, 100% used [0x00000000eaa80000,0x00000000f1d00000,0x00000000f1d00000)
  from space 116224K, 65% used [0x00000000f8e80000,0x00000000fd864af0,0x0000000100000000)
  to   space 116224K, 0% used [0x00000000f1d00000,0x00000000f1d00000,0x00000000f8e80000)
 ParOldGen       total 514048K, used 461216K [0x00000000c0000000, 0x00000000df600000, 0x00000000eaa80000)
  object space 514048K, 89% used [0x00000000c0000000,0x00000000dc268060,0x00000000df600000)
 PSPermGen       total 21504K, used 6223K [0x00000000b5a00000, 0x00000000b6f00000, 0x00000000c0000000)
  object space 21504K, 28% used [0x00000000b5a00000,0x00000000b6013e70,0x00000000b6f00000)
Event: 22.477 GC heap after
Heap after GC invocations=38 (full 5):
 PSYoungGen      total 233472K, used 59414K [0x00000000eaa80000, 0x0000000100000000, 0x0000000100000000)
  eden space 117248K, 0% used [0x00000000eaa80000,0x00000000eaa80000,0x00000000f1d00000)
  from space 116224K, 51% used [0x00000000f1d00000,0x00000000f57058d8,0x00000000f8e80000)
  to   space 116224K, 0% used [0x00000000f8e80000,0x00000000f8e80000,0x0000000100000000)
 ParOldGen       total 514048K, used 496873K [0x00000000c0000000, 0x00000000df600000, 0x00000000eaa80000)
  object space 514048K, 96% used [0x00000000c0000000,0x00000000de53a660,0x00000000df600000)
 PSPermGen       total 21504K, used 6223K [0x00000000b5a00000, 0x00000000b6f00000, 0x00000000c0000000)
  object space 21504K, 28% used [0x00000000b5a00000,0x00000000b6013e70,0x00000000b6f00000)
}
Event: 22.478 GC heap before
{Heap before GC invocations=39 (full 6):
 PSYoungGen      total 233472K, used 59414K [0x00000000eaa80000, 0x0000000100000000, 0x0000000100000000)
  eden space 117248K, 0% used [0x00000000eaa80000,0x00000000eaa80000,0x00000000f1d00000)
  from space 116224K, 51% used [0x00000000f1d00000,0x00000000f57058d8,0x00000000f8e80000)
  to   space 116224K, 0% used [0x00000000f8e80000,0x00000000f8e80000,0x0000000100000000)
 ParOldGen       total 514048K, used 496873K [0x00000000c0000000, 0x00000000df600000, 0x00000000eaa80000)
  object space 514048K, 96% used [0x00000000c0000000,0x00000000de53a660,0x00000000df600000)
 PSPermGen       total 21504K, used 6223K [0x00000000b5a00000, 0x00000000b6f00000, 0x00000000c0000000)
  object space 21504K, 28% used [0x00000000b5a00000,0x00000000b6013e70,0x00000000b6f00000)

Deoptimization events (10 events):
Event: 18.945 Thread 0x00007fd96c00a800 Uncommon trap: reason=unstable_if action=reinterpret pc=0x00007fd9689469b4 method=java.util.BitSet.nextClearBit(I)I @ 70
Event: 18.945 Thread 0x00007fd96c00a800 Uncommon trap: reason=unstable_if action=reinterpret pc=0x00007fd968a84d7c method=java.util.BitSet.nextClearBit(I)I @ 70
Event: 18.947 Thread 0x00007fd96c00a800 Uncommon trap: reason=unstable_if action=reinterpret pc=0x00007fd9689888cc method=java.util.BitSet.nextClearBit(I)I @ 70
Event: 19.195 Thread 0x00007fd96c00a800 Uncommon trap: reason=unstable_if action=reinterpret pc=0x00007fd9688dca5c method=com.android.dx.cf.code.Merger.mergeType(Lcom/android/dx/rop/type/TypeBearer;Lcom/android/dx/rop/type/TypeBearer;)Lcom/android/dx/rop/type/TypeBearer; @ 77
Event: 19.732 Thread 0x00007fd96c00a800 Uncommon trap: reason=unstable_if action=reinterpret pc=0x00007fd968b3e81c method=com.android.dx.cf.code.Ropper.processBlock(Lcom/android/dx/cf/code/ByteBlock;Lcom/android/dx/cf/code/Frame;[I)V @ 651
Event: 20.192 Thread 0x00007fd96c00a800 Uncommon trap: reason=bimorphic action=maybe_recompile pc=0x00007fd968bc48ec method=com.android.dx.cf.code.BytecodeArray.parseInstruction(ILcom/android/dx/cf/code/BytecodeArray$Visitor;)I @ 1447
Event: 20.192 Thread 0x00007fd96c00a800 Uncommon trap: reason=bimorphic action=maybe_recompile pc=0x00007fd968bc48ec method=com.android.dx.cf.code.BytecodeArray.parseInstruction(ILcom/android/dx/cf/code/BytecodeArray$Visitor;)I @ 1447
Event: 21.346 Thread 0x00007fd96c00a800 Uncommon trap: reason=bimorphic action=maybe_recompile pc=0x00007fd968be09ec method=com.android.dx.cf.code.BytecodeArray.parseInstruction(ILcom/android/dx/cf/code/BytecodeArray$Visitor;)I @ 1987
Event: 21.346 Thread 0x00007fd96c00a800 Uncommon trap: reason=bimorphic action=maybe_recompile pc=0x00007fd968be09ec method=com.android.dx.cf.code.BytecodeArray.parseInstruction(ILcom/android/dx/cf/code/BytecodeArray$Visitor;)I @ 1987
Event: 21.636 Thread 0x00007fd96c07a000 Uncommon trap: reason=unstable_if action=reinterpret pc=0x00007fd968b14610 method=sun.misc.VM.addFinalRefCount(I)V @ 14

Internal exceptions (10 events):
Event: 7.105 Thread 0x00007fd96c00a800 Implicit null exception at 0x00007fd9688829b1 to 0x00007fd968883059
Event: 7.105 Thread 0x00007fd96c00a800 Implicit null exception at 0x00007fd9688ec2a4 to 0x00007fd9688ec5b5
Event: 7.105 Thread 0x00007fd96c00a800 Implicit null exception at 0x00007fd9689cf7db to 0x00007fd9689cfaf1
Event: 7.106 Thread 0x00007fd96c00a800 Implicit null exception at 0x00007fd96893a1b9 to 0x00007fd96893adc5
Event: 7.106 Thread 0x00007fd96c00a800 Implicit null exception at 0x00007fd9688a6467 to 0x00007fd9688a6761
Event: 7.106 Thread 0x00007fd96c00a800 Implicit null exception at 0x00007fd9688805b8 to 0x00007fd96888070d
Event: 9.189 Thread 0x00007fd96c00a800 Threw 0x00000000f07b9638 at /build/openjdk-7-HVzwJZ/openjdk-7-7u95-2.6.4/build/openjdk/hotspot/src/share/vm/prims/jvm.cpp:1322
Event: 10.335 Thread 0x00007fd96c00a800 Threw 0x00000000ebeed8e8 at /build/openjdk-7-HVzwJZ/openjdk-7-7u95-2.6.4/build/openjdk/hotspot/src/share/vm/prims/jvm.cpp:1322
Event: 13.649 Thread 0x00007fd96c00a800 Threw 0x00000000eb1e6ba0 at /build/openjdk-7-HVzwJZ/openjdk-7-7u95-2.6.4/build/openjdk/hotspot/src/share/vm/prims/jvm.cpp:1322
Event: 14.465 Thread 0x00007fd96c00a800 Implicit null exception at 0x00007fd968b599cf to 0x00007fd968b5b721

Events (10 events):
Event: 21.346 Thread 0x00007fd96c00a800 DEOPT UNPACKING pc=0x00007fd9687fe445 sp=0x00007fd972cd8db0 mode 2
Event: 21.492 Executing VM operation: ParallelGCFailedAllocation
Event: 21.632 Executing VM operation: ParallelGCFailedAllocation done
Event: 21.636 Thread 0x00007fd96c07a000 Uncommon trap: trap_request=0xffffff75 fr.pc=0x00007fd968b14610
Event: 21.636 Thread 0x00007fd96c07a000 DEOPT PACKING pc=0x00007fd968b14610 sp=0x00007fd9644e08e0
Event: 21.636 Thread 0x00007fd96c07a000 DEOPT UNPACKING pc=0x00007fd9687fe445 sp=0x00007fd9644e08a0 mode 2
Event: 21.919 Executing VM operation: ParallelGCFailedAllocation
Event: 22.053 Executing VM operation: ParallelGCFailedAllocation done
Event: 22.104 Thread 0x00007fd96c0aa000 flushing nmethod 0x00007fd9688ed210
Event: 22.335 Executing VM operation: ParallelGCFailedAllocation


Dynamic libraries:
00400000-00401000 r-xp 00000000 08:01 5508137                            /usr/lib/jvm/java-7-openjdk-amd64/jre/bin/java
00600000-00601000 r--p 00000000 08:01 5508137                            /usr/lib/jvm/java-7-openjdk-amd64/jre/bin/java
00601000-00602000 rw-p 00001000 08:01 5508137                            /usr/lib/jvm/java-7-openjdk-amd64/jre/bin/java
01958000-01979000 rw-p 00000000 00:00 0                                  [heap]
b5a00000-b6f00000 rw-p 00000000 00:00 0 
b6f00000-c0000000 rw-p 00000000 00:00 0 
c0000000-df600000 rw-p 00000000 00:00 0 
eaa80000-100000000 rw-p 00000000 00:00 0 
7fd928000000-7fd928021000 rw-p 00000000 00:00 0 
7fd928021000-7fd92c000000 ---p 00000000 00:00 0 
7fd930000000-7fd931d0b000 rw-p 00000000 00:00 0 
7fd931d0b000-7fd934000000 ---p 00000000 00:00 0 
7fd934000000-7fd934021000 rw-p 00000000 00:00 0 
7fd934021000-7fd938000000 ---p 00000000 00:00 0 
7fd938000000-7fd938021000 rw-p 00000000 00:00 0 
7fd938021000-7fd93c000000 ---p 00000000 00:00 0 
7fd93c000000-7fd93cfd1000 rw-p 00000000 00:00 0 
7fd93cfd1000-7fd940000000 ---p 00000000 00:00 0 
7fd940000000-7fd940021000 rw-p 00000000 00:00 0 
7fd940021000-7fd944000000 ---p 00000000 00:00 0 
7fd944000000-7fd944021000 rw-p 00000000 00:00 0 
7fd944021000-7fd948000000 ---p 00000000 00:00 0 
7fd948000000-7fd948021000 rw-p 00000000 00:00 0 
7fd948021000-7fd94c000000 ---p 00000000 00:00 0 
7fd94c000000-7fd94c021000 rw-p 00000000 00:00 0 
7fd94c021000-7fd950000000 ---p 00000000 00:00 0 
7fd950000000-7fd950021000 rw-p 00000000 00:00 0 
7fd950021000-7fd954000000 ---p 00000000 00:00 0 
7fd958000000-7fd958021000 rw-p 00000000 00:00 0 
7fd958021000-7fd95c000000 ---p 00000000 00:00 0 
7fd95de2b000-7fd95de5c000 rw-p 00000000 00:00 0 
7fd95de5c000-7fd95de99000 r-xp 00000000 08:01 790495                     /lib/x86_64-linux-gnu/libpcre.so.3.13.1
7fd95de99000-7fd95e098000 ---p 0003d000 08:01 790495                     /lib/x86_64-linux-gnu/libpcre.so.3.13.1
7fd95e098000-7fd95e099000 r--p 0003c000 08:01 790495                     /lib/x86_64-linux-gnu/libpcre.so.3.13.1
7fd95e099000-7fd95e09a000 rw-p 0003d000 08:01 790495                     /lib/x86_64-linux-gnu/libpcre.so.3.13.1
7fd95e09a000-7fd95e0a1000 r-xp 00000000 08:01 4726848                    /usr/lib/x86_64-linux-gnu/libffi.so.6.0.1
7fd95e0a1000-7fd95e2a0000 ---p 00007000 08:01 4726848                    /usr/lib/x86_64-linux-gnu/libffi.so.6.0.1
7fd95e2a0000-7fd95e2a1000 r--p 00006000 08:01 4726848                    /usr/lib/x86_64-linux-gnu/libffi.so.6.0.1
7fd95e2a1000-7fd95e2a2000 rw-p 00007000 08:01 4726848                    /usr/lib/x86_64-linux-gnu/libffi.so.6.0.1
7fd95e2a2000-7fd95e2b9000 r-xp 00000000 08:01 786614                     /lib/x86_64-linux-gnu/libresolv-2.19.so
7fd95e2b9000-7fd95e4b9000 ---p 00017000 08:01 786614                     /lib/x86_64-linux-gnu/libresolv-2.19.so
7fd95e4b9000-7fd95e4ba000 r--p 00017000 08:01 786614                     /lib/x86_64-linux-gnu/libresolv-2.19.so
7fd95e4ba000-7fd95e4bb000 rw-p 00018000 08:01 786614                     /lib/x86_64-linux-gnu/libresolv-2.19.so
7fd95e4bb000-7fd95e4bd000 rw-p 00000000 00:00 0 
7fd95e4bd000-7fd95e4dd000 r-xp 00000000 08:01 790522                     /lib/x86_64-linux-gnu/libselinux.so.1
7fd95e4dd000-7fd95e6dc000 ---p 00020000 08:01 790522                     /lib/x86_64-linux-gnu/libselinux.so.1
7fd95e6dc000-7fd95e6dd000 r--p 0001f000 08:01 790522                     /lib/x86_64-linux-gnu/libselinux.so.1
7fd95e6dd000-7fd95e6de000 rw-p 00020000 08:01 790522                     /lib/x86_64-linux-gnu/libselinux.so.1
7fd95e6de000-7fd95e6e0000 rw-p 00000000 00:00 0 
7fd95e6e0000-7fd95e6e3000 r-xp 00000000 08:01 4726965                    /usr/lib/x86_64-linux-gnu/libgmodule-2.0.so.0.4000.0
7fd95e6e3000-7fd95e8e2000 ---p 00003000 08:01 4726965                    /usr/lib/x86_64-linux-gnu/libgmodule-2.0.so.0.4000.0
7fd95e8e2000-7fd95e8e3000 r--p 00002000 08:01 4726965                    /usr/lib/x86_64-linux-gnu/libgmodule-2.0.so.0.4000.0
7fd95e8e3000-7fd95e8e4000 rw-p 00003000 08:01 4726965                    /usr/lib/x86_64-linux-gnu/libgmodule-2.0.so.0.4000.0
7fd95e8e4000-7fd95e9ea000 r-xp 00000000 08:01 790423                     /lib/x86_64-linux-gnu/libglib-2.0.so.0.4000.0
7fd95e9ea000-7fd95ebe9000 ---p 00106000 08:01 790423                     /lib/x86_64-linux-gnu/libglib-2.0.so.0.4000.0
7fd95ebe9000-7fd95ebea000 r--p 00105000 08:01 790423                     /lib/x86_64-linux-gnu/libglib-2.0.so.0.4000.0
7fd95ebea000-7fd95ebeb000 rw-p 00106000 08:01 790423                     /lib/x86_64-linux-gnu/libglib-2.0.so.0.4000.0
7fd95ebeb000-7fd95ebec000 rw-p 00000000 00:00 0 
7fd95ebec000-7fd95ec3b000 r-xp 00000000 08:01 4726981                    /usr/lib/x86_64-linux-gnu/libgobject-2.0.so.0.4000.0
7fd95ec3b000-7fd95ee3b000 ---p 0004f000 08:01 4726981                    /usr/lib/x86_64-linux-gnu/libgobject-2.0.so.0.4000.0
7fd95ee3b000-7fd95ee3c000 r--p 0004f000 08:01 4726981                    /usr/lib/x86_64-linux-gnu/libgobject-2.0.so.0.4000.0
7fd95ee3c000-7fd95ee3d000 rw-p 00050000 08:01 4726981                    /usr/lib/x86_64-linux-gnu/libgobject-2.0.so.0.4000.0
7fd95ee3d000-7fd95efa8000 r-xp 00000000 08:01 4726951                    /usr/lib/x86_64-linux-gnu/libgio-2.0.so.0.4000.0
7fd95efa8000-7fd95f1a8000 ---p 0016b000 08:01 4726951                    /usr/lib/x86_64-linux-gnu/libgio-2.0.so.0.4000.0
7fd95f1a8000-7fd95f1ac000 r--p 0016b000 08:01 4726951                    /usr/lib/x86_64-linux-gnu/libgio-2.0.so.0.4000.0
7fd95f1ac000-7fd95f1ae000 rw-p 0016f000 08:01 4726951                    /usr/lib/x86_64-linux-gnu/libgio-2.0.so.0.4000.0
7fd95f1ae000-7fd95f1b0000 rw-p 00000000 00:00 0 
7fd95f1b0000-7fd95f1c7000 r-xp 00000000 08:01 5917886                    /usr/lib/jvm/java-7-openjdk-amd64/jre/lib/amd64/libnet.so
7fd95f1c7000-7fd95f3c6000 ---p 00017000 08:01 5917886                    /usr/lib/jvm/java-7-openjdk-amd64/jre/lib/amd64/libnet.so
7fd95f3c6000-7fd95f3c7000 r--p 00016000 08:01 5917886                    /usr/lib/jvm/java-7-openjdk-amd64/jre/lib/amd64/libnet.so
7fd95f3c7000-7fd95f3c8000 rw-p 00017000 08:01 5917886                    /usr/lib/jvm/java-7-openjdk-amd64/jre/lib/amd64/libnet.so
7fd95f3c8000-7fd95f3d8000 r-xp 00000000 08:01 5917910                    /usr/lib/jvm/java-7-openjdk-amd64/jre/lib/amd64/libnio.so
7fd95f3d8000-7fd95f5d8000 ---p 00010000 08:01 5917910                    /usr/lib/jvm/java-7-openjdk-amd64/jre/lib/amd64/libnio.so
7fd95f5d8000-7fd95f5d9000 r--p 00010000 08:01 5917910                    /usr/lib/jvm/java-7-openjdk-amd64/jre/lib/amd64/libnio.so
7fd95f5d9000-7fd95f5da000 rw-p 00011000 08:01 5917910                    /usr/lib/jvm/java-7-openjdk-amd64/jre/lib/amd64/libnio.so
7fd95f5da000-7fd95f5db000 ---p 00000000 00:00 0 
7fd95f5db000-7fd95f6db000 rw-p 00000000 00:00 0                          [stack:30760]
7fd95f6db000-7fd95f6de000 ---p 00000000 00:00 0 
7fd95f6de000-7fd95f7dc000 rw-p 00000000 00:00 0                          [stack:30759]
7fd95f7dc000-7fd95f7df000 ---p 00000000 00:00 0 
7fd95f7df000-7fd95f8dd000 rw-p 00000000 00:00 0                          [stack:30758]
7fd95f8dd000-7fd960000000 r--p 00000000 08:01 4725570                    /usr/lib/locale/locale-archive
7fd960000000-7fd960021000 rw-p 00000000 00:00 0 
7fd960021000-7fd964000000 ---p 00000000 00:00 0 
7fd96401a000-7fd9640cc000 r--s 00b7c000 08:01 14694443                   /home/raihan/OpenSrpWorkSpace/opensrp-client-dghs-demo/opensrp-dghs/build/intermediates/multi-dex/x86/debug/allclasses.jar
7fd9640cc000-7fd9640db000 r--s 000dd000 08:01 6177003                    /home/raihan/android-sdk-linux/build-tools/21.1.2/lib/dx.jar
7fd9640db000-7fd9640de000 r--s 0000f000 08:01 5917931                    /usr/lib/jvm/java-7-openjdk-amd64/jre/lib/ext/icedtea-sound.jar
7fd9640de000-7fd9640e1000 ---p 00000000 00:00 0 
7fd9640e1000-7fd9641df000 rw-p 00000000 00:00 0                          [stack:30757]
7fd9641df000-7fd9641e2000 ---p 00000000 00:00 0 
7fd9641e2000-7fd9642e0000 rw-p 00000000 00:00 0                          [stack:30756]
7fd9642e0000-7fd9642e3000 ---p 00000000 00:00 0 
7fd9642e3000-7fd9643e1000 rw-p 00000000 00:00 0                          [stack:30755]
7fd9643e1000-7fd9643e4000 ---p 00000000 00:00 0 
7fd9643e4000-7fd9644e2000 rw-p 00000000 00:00 0                          [stack:30754]
7fd9644e2000-7fd9644e3000 ---p 00000000 00:00 0 
7fd9644e3000-7fd9655bf000 rw-p 00000000 00:00 0                          [stack:30753]
7fd9655bf000-7fd965770000 r--s 01d30000 08:01 5508152                    /usr/lib/jvm/java-7-openjdk-amd64/jre/lib/rt.jar
7fd965770000-7fd967fc4000 rw-p 00000000 00:00 0 
7fd967fc4000-7fd967fc5000 ---p 00000000 00:00 0 
7fd967fc5000-7fd9680c5000 rw-p 00000000 00:00 0                          [stack:30752]
7fd9680c5000-7fd9680c6000 ---p 00000000 00:00 0 
7fd9680c6000-7fd9681c6000 rw-p 00000000 00:00 0                          [stack:30751]
7fd9681c6000-7fd9681c7000 ---p 00000000 00:00 0 
7fd9681c7000-7fd9682c7000 rw-p 00000000 00:00 0                          [stack:30750]
7fd9682c7000-7fd9682c8000 ---p 00000000 00:00 0 
7fd9682c8000-7fd9683d3000 rw-p 00000000 00:00 0                          [stack:30749]
7fd9683d3000-7fd96841b000 rw-p 00000000 00:00 0 
7fd96841b000-7fd968516000 rw-p 00000000 00:00 0 
7fd968516000-7fd968571000 rw-p 00000000 00:00 0 
7fd968571000-7fd96857c000 rw-p 00000000 00:00 0 
7fd96857c000-7fd9685c4000 rw-p 00000000 00:00 0 
7fd9685c4000-7fd9686bf000 rw-p 00000000 00:00 0 
7fd9686bf000-7fd968719000 rw-p 00000000 00:00 0 
7fd968719000-7fd9687c4000 rw-p 00000000 00:00 0 
7fd9687c4000-7fd9687c5000 rw-p 00000000 00:00 0 
7fd9687c5000-7fd968c05000 rwxp 00000000 00:00 0 
7fd968c05000-7fd96b7c5000 rw-p 00000000 00:00 0 
7fd96b7c5000-7fd96b7cd000 r-xp 00000000 08:01 5917892                    /usr/lib/jvm/java-7-openjdk-amd64/jre/lib/amd64/libzip.so
7fd96b7cd000-7fd96b9cc000 ---p 00008000 08:01 5917892                    /usr/lib/jvm/java-7-openjdk-amd64/jre/lib/amd64/libzip.so
7fd96b9cc000-7fd96b9cd000 r--p 00007000 08:01 5917892                    /usr/lib/jvm/java-7-openjdk-amd64/jre/lib/amd64/libzip.so
7fd96b9cd000-7fd96b9ce000 rw-p 00008000 08:01 5917892                    /usr/lib/jvm/java-7-openjdk-amd64/jre/lib/amd64/libzip.so
7fd96b9ce000-7fd96b9d9000 r-xp 00000000 08:01 786646                     /lib/x86_64-linux-gnu/libnss_files-2.19.so
7fd96b9d9000-7fd96bbd8000 ---p 0000b000 08:01 786646                     /lib/x86_64-linux-gnu/libnss_files-2.19.so
7fd96bbd8000-7fd96bbd9000 r--p 0000a000 08:01 786646                     /lib/x86_64-linux-gnu/libnss_files-2.19.so
7fd96bbd9000-7fd96bbda000 rw-p 0000b000 08:01 786646                     /lib/x86_64-linux-gnu/libnss_files-2.19.so
7fd96bbda000-7fd96bbe5000 r-xp 00000000 08:01 786638                     /lib/x86_64-linux-gnu/libnss_nis-2.19.so
7fd96bbe5000-7fd96bde4000 ---p 0000b000 08:01 786638                     /lib/x86_64-linux-gnu/libnss_nis-2.19.so
7fd96bde4000-7fd96bde5000 r--p 0000a000 08:01 786638                     /lib/x86_64-linux-gnu/libnss_nis-2.19.so
7fd96bde5000-7fd96bde6000 rw-p 0000b000 08:01 786638                     /lib/x86_64-linux-gnu/libnss_nis-2.19.so
7fd96bde6000-7fd96bdfd000 r-xp 00000000 08:01 786634                     /lib/x86_64-linux-gnu/libnsl-2.19.so
7fd96bdfd000-7fd96bffc000 ---p 00017000 08:01 786634                     /lib/x86_64-linux-gnu/libnsl-2.19.so
7fd96bffc000-7fd96bffd000 r--p 00016000 08:01 786634                     /lib/x86_64-linux-gnu/libnsl-2.19.so
7fd96bffd000-7fd96bffe000 rw-p 00017000 08:01 786634                     /lib/x86_64-linux-gnu/libnsl-2.19.so
7fd96bffe000-7fd96c000000 rw-p 00000000 00:00 0 
7fd96c000000-7fd96c397000 rw-p 00000000 00:00 0 
7fd96c397000-7fd970000000 ---p 00000000 00:00 0 
7fd970001000-7fd97004a000 rw-p 00000000 00:00 0 
7fd97004a000-7fd970053000 r-xp 00000000 08:01 786633                     /lib/x86_64-linux-gnu/libnss_compat-2.19.so
7fd970053000-7fd970252000 ---p 00009000 08:01 786633                     /lib/x86_64-linux-gnu/libnss_compat-2.19.so
7fd970252000-7fd970253000 r--p 00008000 08:01 786633                     /lib/x86_64-linux-gnu/libnss_compat-2.19.so
7fd970253000-7fd970254000 rw-p 00009000 08:01 786633                     /lib/x86_64-linux-gnu/libnss_compat-2.19.so
7fd970254000-7fd97027f000 r-xp 00000000 08:01 5917877                    /usr/lib/jvm/java-7-openjdk-amd64/jre/lib/amd64/libjava.so
7fd97027f000-7fd97047f000 ---p 0002b000 08:01 5917877                    /usr/lib/jvm/java-7-openjdk-amd64/jre/lib/amd64/libjava.so
7fd97047f000-7fd970480000 r--p 0002b000 08:01 5917877                    /usr/lib/jvm/java-7-openjdk-amd64/jre/lib/amd64/libjava.so
7fd970480000-7fd970482000 rw-p 0002c000 08:01 5917877                    /usr/lib/jvm/java-7-openjdk-amd64/jre/lib/amd64/libjava.so
7fd970482000-7fd970492000 r-xp 00000000 08:01 5917878                    /usr/lib/jvm/java-7-openjdk-amd64/jre/lib/amd64/libverify.so
7fd970492000-7fd970691000 ---p 00010000 08:01 5917878                    /usr/lib/jvm/java-7-openjdk-amd64/jre/lib/amd64/libverify.so
7fd970691000-7fd970693000 r--p 0000f000 08:01 5917878                    /usr/lib/jvm/java-7-openjdk-amd64/jre/lib/amd64/libverify.so
7fd970693000-7fd970694000 rw-p 00011000 08:01 5917878                    /usr/lib/jvm/java-7-openjdk-amd64/jre/lib/amd64/libverify.so
7fd970694000-7fd97069b000 r-xp 00000000 08:01 786642                     /lib/x86_64-linux-gnu/librt-2.19.so
7fd97069b000-7fd97089a000 ---p 00007000 08:01 786642                     /lib/x86_64-linux-gnu/librt-2.19.so
7fd97089a000-7fd97089b000 r--p 00006000 08:01 786642                     /lib/x86_64-linux-gnu/librt-2.19.so
7fd97089b000-7fd97089c000 rw-p 00007000 08:01 786642                     /lib/x86_64-linux-gnu/librt-2.19.so
7fd97089c000-7fd9708b2000 r-xp 00000000 08:01 786612                     /lib/x86_64-linux-gnu/libgcc_s.so.1
7fd9708b2000-7fd970ab1000 ---p 00016000 08:01 786612                     /lib/x86_64-linux-gnu/libgcc_s.so.1
7fd970ab1000-7fd970ab2000 rw-p 00015000 08:01 786612                     /lib/x86_64-linux-gnu/libgcc_s.so.1
7fd970ab2000-7fd970bb7000 r-xp 00000000 08:01 786618                     /lib/x86_64-linux-gnu/libm-2.19.so
7fd970bb7000-7fd970db6000 ---p 00105000 08:01 786618                     /lib/x86_64-linux-gnu/libm-2.19.so
7fd970db6000-7fd970db7000 r--p 00104000 08:01 786618                     /lib/x86_64-linux-gnu/libm-2.19.so
7fd970db7000-7fd970db8000 rw-p 00105000 08:01 786618                     /lib/x86_64-linux-gnu/libm-2.19.so
7fd970db8000-7fd970e9e000 r-xp 00000000 08:01 4721335                    /usr/lib/x86_64-linux-gnu/libstdc++.so.6.0.19
7fd970e9e000-7fd97109d000 ---p 000e6000 08:01 4721335                    /usr/lib/x86_64-linux-gnu/libstdc++.so.6.0.19
7fd97109d000-7fd9710a5000 r--p 000e5000 08:01 4721335                    /usr/lib/x86_64-linux-gnu/libstdc++.so.6.0.19
7fd9710a5000-7fd9710a7000 rw-p 000ed000 08:01 4721335                    /usr/lib/x86_64-linux-gnu/libstdc++.so.6.0.19
7fd9710a7000-7fd9710bc000 rw-p 00000000 00:00 0 
7fd9710bc000-7fd971be0000 r-xp 00000000 08:01 5917890                    /usr/lib/jvm/java-7-openjdk-amd64/jre/lib/amd64/server/libjvm.so
7fd971be0000-7fd971de0000 ---p 00b24000 08:01 5917890                    /usr/lib/jvm/java-7-openjdk-amd64/jre/lib/amd64/server/libjvm.so
7fd971de0000-7fd971e7a000 r--p 00b24000 08:01 5917890                    /usr/lib/jvm/java-7-openjdk-amd64/jre/lib/amd64/server/libjvm.so
7fd971e7a000-7fd971e9d000 rw-p 00bbe000 08:01 5917890                    /usr/lib/jvm/java-7-openjdk-amd64/jre/lib/amd64/server/libjvm.so
7fd971e9d000-7fd971ecb000 rw-p 00000000 00:00 0 
7fd971ecb000-7fd971ee3000 r-xp 00000000 08:01 790555                     /lib/x86_64-linux-gnu/libz.so.1.2.8
7fd971ee3000-7fd9720e2000 ---p 00018000 08:01 790555                     /lib/x86_64-linux-gnu/libz.so.1.2.8
7fd9720e2000-7fd9720e3000 r--p 00017000 08:01 790555                     /lib/x86_64-linux-gnu/libz.so.1.2.8
7fd9720e3000-7fd9720e4000 rw-p 00018000 08:01 790555                     /lib/x86_64-linux-gnu/libz.so.1.2.8
7fd9720e4000-7fd9720fd000 r-xp 00000000 08:01 786635                     /lib/x86_64-linux-gnu/libpthread-2.19.so
7fd9720fd000-7fd9722fc000 ---p 00019000 08:01 786635                     /lib/x86_64-linux-gnu/libpthread-2.19.so
7fd9722fc000-7fd9722fd000 r--p 00018000 08:01 786635                     /lib/x86_64-linux-gnu/libpthread-2.19.so
7fd9722fd000-7fd9722fe000 rw-p 00019000 08:01 786635                     /lib/x86_64-linux-gnu/libpthread-2.19.so
7fd9722fe000-7fd972302000 rw-p 00000000 00:00 0 
7fd972302000-7fd972305000 r-xp 00000000 08:01 786630                     /lib/x86_64-linux-gnu/libdl-2.19.so
7fd972305000-7fd972504000 ---p 00003000 08:01 786630                     /lib/x86_64-linux-gnu/libdl-2.19.so
7fd972504000-7fd972505000 r--p 00002000 08:01 786630                     /lib/x86_64-linux-gnu/libdl-2.19.so
7fd972505000-7fd972506000 rw-p 00003000 08:01 786630                     /lib/x86_64-linux-gnu/libdl-2.19.so
7fd972506000-7fd9726c1000 r-xp 00000000 08:01 786643                     /lib/x86_64-linux-gnu/libc-2.19.so
7fd9726c1000-7fd9728c0000 ---p 001bb000 08:01 786643                     /lib/x86_64-linux-gnu/libc-2.19.so
7fd9728c0000-7fd9728c4000 r--p 001ba000 08:01 786643                     /lib/x86_64-linux-gnu/libc-2.19.so
7fd9728c4000-7fd9728c6000 rw-p 001be000 08:01 786643                     /lib/x86_64-linux-gnu/libc-2.19.so
7fd9728c6000-7fd9728cb000 rw-p 00000000 00:00 0 
7fd9728cb000-7fd9728d8000 r-xp 00000000 08:01 5917907                    /usr/lib/jvm/java-7-openjdk-amd64/jre/lib/amd64/jli/libjli.so
7fd9728d8000-7fd972ad7000 ---p 0000d000 08:01 5917907                    /usr/lib/jvm/java-7-openjdk-amd64/jre/lib/amd64/jli/libjli.so
7fd972ad7000-7fd972ad8000 r--p 0000c000 08:01 5917907                    /usr/lib/jvm/java-7-openjdk-amd64/jre/lib/amd64/jli/libjli.so
7fd972ad8000-7fd972ad9000 rw-p 0000d000 08:01 5917907                    /usr/lib/jvm/java-7-openjdk-amd64/jre/lib/amd64/jli/libjli.so
7fd972ad9000-7fd972afc000 r-xp 00000000 08:01 786636                     /lib/x86_64-linux-gnu/ld-2.19.so
7fd972afe000-7fd972b02000 r--s 00034000 08:01 5917930                    /usr/lib/jvm/java-7-openjdk-amd64/jre/lib/ext/sunjce_provider.jar
7fd972b02000-7fd972b2b000 rw-p 00000000 00:00 0 
7fd972b2b000-7fd972bda000 rw-p 00000000 00:00 0 
7fd972bda000-7fd972bdd000 ---p 00000000 00:00 0 
7fd972bdd000-7fd972ce0000 rw-p 00000000 00:00 0                          [stack:30748]
7fd972ce1000-7fd972ce2000 rw-p 00000000 00:00 0 
7fd972ce2000-7fd972ce4000 r--s 00012000 08:01 5917929                    /usr/lib/jvm/java-7-openjdk-amd64/jre/lib/ext/zipfs.jar
7fd972ce4000-7fd972ce6000 r--s 00006000 08:01 5118243                    /usr/share/java/java-atk-wrapper.jar
7fd972ce6000-7fd972cea000 r--s 0003c000 08:01 5917933                    /usr/lib/jvm/java-7-openjdk-amd64/jre/lib/ext/sunpkcs11.jar
7fd972cea000-7fd972cee000 r--s 00085000 08:01 5917932                    /usr/lib/jvm/java-7-openjdk-amd64/jre/lib/ext/localedata.jar
7fd972cee000-7fd972cef000 r--s 00002000 08:01 5917928                    /usr/lib/jvm/java-7-openjdk-amd64/jre/lib/ext/dnsns.jar
7fd972cef000-7fd972cf7000 rw-s 00000000 08:01 131934                     /tmp/hsperfdata_raihan/30744
7fd972cf7000-7fd972cf8000 rw-p 00000000 00:00 0 
7fd972cf8000-7fd972cf9000 ---p 00000000 00:00 0 
7fd972cf9000-7fd972cfb000 rw-p 00000000 00:00 0 
7fd972cfb000-7fd972cfc000 r--p 00022000 08:01 786636                     /lib/x86_64-linux-gnu/ld-2.19.so
7fd972cfc000-7fd972cfd000 rw-p 00023000 08:01 786636                     /lib/x86_64-linux-gnu/ld-2.19.so
7fd972cfd000-7fd972cfe000 rw-p 00000000 00:00 0 
7fffceeca000-7fffceeeb000 rw-p 00000000 00:00 0                          [stack]
7fffceffe000-7fffcf000000 r-xp 00000000 00:00 0                          [vdso]
ffffffffff600000-ffffffffff601000 r-xp 00000000 00:00 0                  [vsyscall]

VM Arguments:
jvm_args: -Xmx1024M -Dfile.encoding=UTF-8 -Duser.country=US -Duser.language=en -Duser.variant 
java_command: com.android.dx.command.Main --dex --multi-dex --main-dex-list /home/raihan/OpenSrpWorkSpace/opensrp-client-dghs-demo/opensrp-dghs/build/intermediates/multi-dex/x86/debug/maindexlist.txt --output /home/raihan/OpenSrpWorkSpace/opensrp-client-dghs-demo/opensrp-dghs/build/intermediates/dex/x86/debug /home/raihan/OpenSrpWorkSpace/opensrp-client-dghs-demo/opensrp-dghs/build/intermediates/multi-dex/x86/debug/allclasses.jar
Launcher Type: SUN_STANDARD

Environment Variables:
PATH=/usr/local/sbin:/usr/local/bin:/usr/sbin:/usr/bin:/sbin:/bin:/usr/games:/usr/local/games
SHELL=/bin/bash
DISPLAY=:0

Signal Handlers:
SIGSEGV: [libjvm.so+0x9548f0], sa_mask[0]=0x7ffbfeff, sa_flags=0x10000004
SIGBUS: [libjvm.so+0x9548f0], sa_mask[0]=0x7ffbfeff, sa_flags=0x10000004
SIGFPE: [libjvm.so+0x7cb0b0], sa_mask[0]=0x7ffbfeff, sa_flags=0x10000004
SIGPIPE: [libjvm.so+0x7cb0b0], sa_mask[0]=0x7ffbfeff, sa_flags=0x10000004
SIGXFSZ: [libjvm.so+0x7cb0b0], sa_mask[0]=0x7ffbfeff, sa_flags=0x10000004
SIGILL: [libjvm.so+0x7cb0b0], sa_mask[0]=0x7ffbfeff, sa_flags=0x10000004
SIGUSR1: SIG_DFL, sa_mask[0]=0x00000000, sa_flags=0x00000000
SIGUSR2: [libjvm.so+0x7caf50], sa_mask[0]=0x00000004, sa_flags=0x10000004
SIGHUP: [libjvm.so+0x7cb130], sa_mask[0]=0x7ffbfeff, sa_flags=0x10000004
SIGINT: [libjvm.so+0x7cb130], sa_mask[0]=0x7ffbfeff, sa_flags=0x10000004
SIGTERM: [libjvm.so+0x7cb130], sa_mask[0]=0x7ffbfeff, sa_flags=0x10000004
SIGQUIT: [libjvm.so+0x7cb130], sa_mask[0]=0x7ffbfeff, sa_flags=0x10000004
SIGTRAP: SIG_DFL, sa_mask[0]=0x00000000, sa_flags=0x00000000


---------------  S Y S T E M  ---------------

OS:Ubuntu 14.04 (trusty)
uname:Linux 3.13.0-24-generic #46-Ubuntu SMP Thu Apr 10 19:11:08 UTC 2014 x86_64
libc:glibc 2.19 NPTL 2.19 
rlimit: STACK 8192k, CORE 0k, NPROC 30570, NOFILE 4096, AS infinity
load average:1.69 0.76 0.57

/proc/meminfo:
MemTotal:        3934516 kB
MemFree:          101416 kB
Buffers:             892 kB
Cached:           316524 kB
SwapCached:        32704 kB
Active:          2756832 kB
Inactive:         770260 kB
Active(anon):    2752752 kB
Inactive(anon):   759292 kB
Active(file):       4080 kB
Inactive(file):    10968 kB
Unevictable:          88 kB
Mlocked:              88 kB
SwapTotal:       4080636 kB
SwapFree:              0 kB
Dirty:                32 kB
Writeback:             0 kB
AnonPages:       3180728 kB
Mapped:            50236 kB
Shmem:            302092 kB
Slab:              87844 kB
SReclaimable:      37092 kB
SUnreclaim:        50752 kB
KernelStack:        6680 kB
PageTables:        90180 kB
NFS_Unstable:          0 kB
Bounce:                0 kB
WritebackTmp:          0 kB
CommitLimit:     6047892 kB
Committed_AS:   26977232 kB
VmallocTotal:   34359738367 kB
VmallocUsed:      551428 kB
VmallocChunk:   34359092860 kB
HardwareCorrupted:     0 kB
AnonHugePages:    323584 kB
HugePages_Total:       0
HugePages_Free:        0
HugePages_Rsvd:        0
HugePages_Surp:        0
Hugepagesize:       2048 kB
DirectMap4k:       67072 kB
DirectMap2M:     1918976 kB
DirectMap1G:     2097152 kB


CPU:total 4 (2 cores per cpu, 2 threads per core) family 6 model 61 stepping 4, cmov, cx8, fxsr, mmx, sse, sse2, sse3, ssse3, sse4.1, sse4.2, popcnt, avx, avx2, aes, erms, ht, tsc, tscinvbit

/proc/cpuinfo:
processor	: 0
vendor_id	: GenuineIntel
cpu family	: 6
model		: 61
model name	: Intel(R) Core(TM) i5-5200U CPU @ 2.20GHz
stepping	: 4
microcode	: 0x1f
cpu MHz		: 2000.000
cache size	: 3072 KB
physical id	: 0
siblings	: 4
core id		: 0
cpu cores	: 2
apicid		: 0
initial apicid	: 0
fpu		: yes
fpu_exception	: yes
cpuid level	: 20
wp		: yes
flags		: fpu vme de pse tsc msr pae mce cx8 apic sep mtrr pge mca cmov pat pse36 clflush dts acpi mmx fxsr sse sse2 ss ht tm pbe syscall nx pdpe1gb rdtscp lm constant_tsc arch_perfmon pebs bts rep_good nopl xtopology nonstop_tsc aperfmperf eagerfpu pni pclmulqdq dtes64 monitor ds_cpl vmx est tm2 ssse3 fma cx16 xtpr pdcm pcid sse4_1 sse4_2 x2apic movbe popcnt tsc_deadline_timer aes xsave avx f16c rdrand lahf_lm abm 3dnowprefetch ida arat epb xsaveopt pln pts dtherm tpr_shadow vnmi flexpriority ept vpid fsgsbase tsc_adjust bmi1 avx2 smep bmi2 erms invpcid rdseed adx smap
bogomips	: 4389.65
clflush size	: 64
cache_alignment	: 64
address sizes	: 39 bits physical, 48 bits virtual
power management:

processor	: 1
vendor_id	: GenuineIntel
cpu family	: 6
model		: 61
model name	: Intel(R) Core(TM) i5-5200U CPU @ 2.20GHz
stepping	: 4
microcode	: 0x1f
cpu MHz		: 2201.000
cache size	: 3072 KB
physical id	: 0
siblings	: 4
core id		: 0
cpu cores	: 2
apicid		: 1
initial apicid	: 1
fpu		: yes
fpu_exception	: yes
cpuid level	: 20
wp		: yes
flags		: fpu vme de pse tsc msr pae mce cx8 apic sep mtrr pge mca cmov pat pse36 clflush dts acpi mmx fxsr sse sse2 ss ht tm pbe syscall nx pdpe1gb rdtscp lm constant_tsc arch_perfmon pebs bts rep_good nopl xtopology nonstop_tsc aperfmperf eagerfpu pni pclmulqdq dtes64 monitor ds_cpl vmx est tm2 ssse3 fma cx16 xtpr pdcm pcid sse4_1 sse4_2 x2apic movbe popcnt tsc_deadline_timer aes xsave avx f16c rdrand lahf_lm abm 3dnowprefetch ida arat epb xsaveopt pln pts dtherm tpr_shadow vnmi flexpriority ept vpid fsgsbase tsc_adjust bmi1 avx2 smep bmi2 erms invpcid rdseed adx smap
bogomips	: 4389.65
clflush size	: 64
cache_alignment	: 64
address sizes	: 39 bits physical, 48 bits virtual
power management:

processor	: 2
vendor_id	: GenuineIntel
cpu family	: 6
model		: 61
model name	: Intel(R) Core(TM) i5-5200U CPU @ 2.20GHz
stepping	: 4
microcode	: 0x1f
cpu MHz		: 700.000
cache size	: 3072 KB
physical id	: 0
siblings	: 4
core id		: 1
cpu cores	: 2
apicid		: 2
initial apicid	: 2
fpu		: yes
fpu_exception	: yes
cpuid level	: 20
wp		: yes
flags		: fpu vme de pse tsc msr pae mce cx8 apic sep mtrr pge mca cmov pat pse36 clflush dts acpi mmx fxsr sse sse2 ss ht tm pbe syscall nx pdpe1gb rdtscp lm constant_tsc arch_perfmon pebs bts rep_good nopl xtopology nonstop_tsc aperfmperf eagerfpu pni pclmulqdq dtes64 monitor ds_cpl vmx est tm2 ssse3 fma cx16 xtpr pdcm pcid sse4_1 sse4_2 x2apic movbe popcnt tsc_deadline_timer aes xsave avx f16c rdrand lahf_lm abm 3dnowprefetch ida arat epb xsaveopt pln pts dtherm tpr_shadow vnmi flexpriority ept vpid fsgsbase tsc_adjust bmi1 avx2 smep bmi2 erms invpcid rdseed adx smap
bogomips	: 4389.65
clflush size	: 64
cache_alignment	: 64
address sizes	: 39 bits physical, 48 bits virtual
power management:

processor	: 3
vendor_id	: GenuineIntel
cpu family	: 6
model		: 61
model name	: Intel(R) Core(TM) i5-5200U CPU @ 2.20GHz
stepping	: 4
microcode	: 0x1f
cpu MHz		: 2201.000
cache size	: 3072 KB
physical id	: 0
siblings	: 4
core id		: 1
cpu cores	: 2
apicid		: 3
initial apicid	: 3
fpu		: yes
fpu_exception	: yes
cpuid level	: 20
wp		: yes
flags		: fpu vme de pse tsc msr pae mce cx8 apic sep mtrr pge mca cmov pat pse36 clflush dts acpi mmx fxsr sse sse2 ss ht tm pbe syscall nx pdpe1gb rdtscp lm constant_tsc arch_perfmon pebs bts rep_good nopl xtopology nonstop_tsc aperfmperf eagerfpu pni pclmulqdq dtes64 monitor ds_cpl vmx est tm2 ssse3 fma cx16 xtpr pdcm pcid sse4_1 sse4_2 x2apic movbe popcnt tsc_deadline_timer aes xsave avx f16c rdrand lahf_lm abm 3dnowprefetch ida arat epb xsaveopt pln pts dtherm tpr_shadow vnmi flexpriority ept vpid fsgsbase tsc_adjust bmi1 avx2 smep bmi2 erms invpcid rdseed adx smap
bogomips	: 4389.65
clflush size	: 64
cache_alignment	: 64
address sizes	: 39 bits physical, 48 bits virtual
power management:



Memory: 4k page, physical 3934516k(101168k free), swap 4080636k(0k free)

vm_info: OpenJDK 64-Bit Server VM (24.95-b01) for linux-amd64 JRE (1.7.0_95-b00), built on Mar 24 2016 06:13:32 by "buildd" with gcc 4.8.2

time: Wed Jun 29 14:24:11 2016
elapsed time: 25 seconds

