#
# There is insufficient memory for the Java Runtime Environment to continue.
# Native memory allocation (malloc) failed to allocate 69730304 bytes for committing reserved memory.
# Possible reasons:
#   The system is out of physical RAM or swap space
#   In 32 bit mode, the process size limit was hit
# Possible solutions:
#   Reduce memory load on the system
#   Increase physical memory or swap space
#   Check if swap backing store is full
#   Use 64 bit Java on a 64 bit OS
#   Decrease Java heap size (-Xmx/-Xms)
#   Decrease number of Java threads
#   Decrease Java thread stack sizes (-Xss)
#   Set larger code cache with -XX:ReservedCodeCacheSize=
# This output file may be truncated or incomplete.
#
#  Out of Memory Error (os_linux.cpp:2827), pid=21752, tid=139940770866944
#
# JRE version: OpenJDK Runtime Environment (7.0_95) (build 1.7.0_95-b00)
# Java VM: OpenJDK 64-Bit Server VM (24.95-b01 mixed mode linux-amd64 compressed oops)
# Derivative: IcedTea 2.6.4
# Distribution: Ubuntu 14.04 LTS, package 7u95-2.6.4-0ubuntu0.14.04.2
# Failed to write core dump. Core dumps have been disabled. To enable core dumping, try "ulimit -c unlimited" before starting Java again
#

---------------  T H R E A D  ---------------

Current thread (0x00007f4694076000):  VMThread [stack: 0x00007f467fdfe000,0x00007f467feff000] [id=21761]

Stack: [0x00007f467fdfe000,0x00007f467feff000],  sp=0x00007f467fefd490,  free space=1021k
Native frames: (J=compiled Java code, j=interpreted, Vv=VM code, C=native code)
V  [libjvm.so+0x953e15]
V  [libjvm.so+0x48fd94]
V  [libjvm.so+0x7cf87b]
V  [libjvm.so+0x7ca33f]
V  [libjvm.so+0x83dacb]
V  [libjvm.so+0x82d86b]
V  [libjvm.so+0x82da2b]
V  [libjvm.so+0x82e958]
V  [libjvm.so+0x8355b4]
V  [libjvm.so+0x83bc0d]
V  [libjvm.so+0x7f2083]
V  [libjvm.so+0x955814]
V  [libjvm.so+0x959917]
V  [libjvm.so+0x9583d8]
V  [libjvm.so+0x958839]
V  [libjvm.so+0x958c82]
V  [libjvm.so+0x7cc742]

VM_Operation (0x00007f469a6f0e30): ParallelGCFailedAllocation, mode: safepoint, requested by thread 0x00007f469400a800


---------------  P R O C E S S  ---------------

Java Threads: ( => current thread )
  0x00007f46940af800 JavaThread "Service Thread" daemon [_thread_blocked, id=21767, stack(0x00007f467f0d5000,0x00007f467f1d6000)]
  0x00007f46940ad000 JavaThread "C2 CompilerThread1" daemon [_thread_blocked, id=21766, stack(0x00007f467f1d6000,0x00007f467f2d7000)]
  0x00007f46940aa000 JavaThread "C2 CompilerThread0" daemon [_thread_blocked, id=21765, stack(0x00007f467f2d7000,0x00007f467f3d8000)]
  0x00007f46940a8000 JavaThread "Signal Dispatcher" daemon [_thread_blocked, id=21764, stack(0x00007f467f3d8000,0x00007f467f4d9000)]
  0x00007f469407c000 JavaThread "Finalizer" daemon [_thread_blocked, id=21763, stack(0x00007f467fbfc000,0x00007f467fcfd000)]
  0x00007f469407a000 JavaThread "Reference Handler" daemon [_thread_blocked, id=21762, stack(0x00007f467fcfd000,0x00007f467fdfe000)]
  0x00007f469400a800 JavaThread "main" [_thread_blocked, id=21756, stack(0x00007f469a5f2000,0x00007f469a6f3000)]

Other Threads:
=>0x00007f4694076000 VMThread [stack: 0x00007f467fdfe000,0x00007f467feff000] [id=21761]
  0x00007f46940ba000 WatcherThread [stack: 0x00007f467efd4000,0x00007f467f0d5000] [id=21768]

VM state:at safepoint (normal execution)

VM Mutex/Monitor currently owned by a thread:  ([mutex/lock_event])
[0x00007f46940062c0] ExpandHeap_lock - owner thread: 0x00007f4694076000
[0x00007f4694006940] Threads_lock - owner thread: 0x00007f4694076000
[0x00007f4694006e40] Heap_lock - owner thread: 0x00007f469400a800

Heap
 PSYoungGen      total 261120K, used 31016K [0x00000000eaa80000, 0x0000000100000000, 0x0000000100000000)
  eden space 223744K, 0% used [0x00000000eaa80000,0x00000000eaa80000,0x00000000f8500000)
  from space 37376K, 82% used [0x00000000f8500000,0x00000000fa34a358,0x00000000fa980000)
  to   space 64000K, 0% used [0x00000000fc180000,0x00000000fc180000,0x0000000100000000)
 ParOldGen       total 141824K, used 141786K [0x00000000c0000000, 0x00000000c8a80000, 0x00000000eaa80000)
  object space 141824K, 99% used [0x00000000c0000000,0x00000000c8a76990,0x00000000c8a80000)
 PSPermGen       total 21504K, used 6128K [0x00000000b5a00000, 0x00000000b6f00000, 0x00000000c0000000)
  object space 21504K, 28% used [0x00000000b5a00000,0x00000000b5ffc318,0x00000000b6f00000)

Card table byte_map: [0x00007f468ff27000,0x00007f469017b000] byte_map_base: 0x00007f468f97a000

Polling page: 0x00007f469a710000

Code Cache  [0x00007f469017b000, 0x00007f469058b000, 0x00007f469317b000)
 total_blobs=1238 nmethods=1010 adapters=181 free_code_cache=45086Kb largest_free_block=46092416

Compilation events (10 events):
Event: 16.694 Thread 0x00007f46940ad000 nmethod 1057 0x00007f4690564690 code [0x00007f4690564800, 0x00007f4690564a58]
Event: 16.713 Thread 0x00007f46940ad000 1058             com.android.dx.rop.code.ThrowingInsn::getCatches (5 bytes)
Event: 16.714 Thread 0x00007f46940ad000 nmethod 1058 0x00007f46905693d0 code [0x00007f4690569500, 0x00007f4690569558]
Event: 16.719 Thread 0x00007f46940ad000 1059             com.android.dx.cf.code.Ropper::mergeAndWorkAsNecessary (102 bytes)
Event: 16.724 Thread 0x00007f46940ad000 nmethod 1059 0x00007f4690571ad0 code [0x00007f4690571ca0, 0x00007f46905722f0]
Event: 16.729 Thread 0x00007f46940ad000 1060   !         com.android.dx.cf.code.Ropper::processBlock (1101 bytes)
Event: 16.748 Thread 0x00007f46940aa000 nmethod 1056 0x00007f4690581450 code [0x00007f46905817c0, 0x00007f4690582e28]
Event: 16.765 Thread 0x00007f46940aa000 1061             com.android.dx.rop.cst.CstBaseMethodRef::getPrototype (5 bytes)
Event: 16.766 Thread 0x00007f46940aa000 nmethod 1061 0x00007f469056f510 code [0x00007f469056f640, 0x00007f469056f698]
Event: 16.785 Thread 0x00007f46940aa000 1062             com.android.dx.cf.code.Ropper::addOrReplaceBlock (66 bytes)

GC Heap History (10 events):
Event: 9.549 GC heap after
Heap after GC invocations=9 (full 1):
 PSYoungGen      total 230400K, used 25059K [0x00000000eaa80000, 0x00000000fc880000, 0x0000000100000000)
  eden space 205312K, 0% used [0x00000000eaa80000,0x00000000eaa80000,0x00000000f7300000)
  from space 25088K, 99% used [0x00000000fb000000,0x00000000fc878cb0,0x00000000fc880000)
  to   space 31744K, 0% used [0x00000000f8a80000,0x00000000f8a80000,0x00000000fa980000)
 ParOldGen       total 75776K, used 46028K [0x00000000c0000000, 0x00000000c4a00000, 0x00000000eaa80000)
  object space 75776K, 60% used [0x00000000c0000000,0x00000000c2cf32d8,0x00000000c4a00000)
 PSPermGen       total 21504K, used 6092K [0x00000000b5a00000, 0x00000000b6f00000, 0x00000000c0000000)
  object space 21504K, 28% used [0x00000000b5a00000,0x00000000b5ff3390,0x00000000b6f00000)
}
Event: 10.548 GC heap before
{Heap before GC invocations=10 (full 1):
 PSYoungGen      total 230400K, used 230371K [0x00000000eaa80000, 0x00000000fc880000, 0x0000000100000000)
  eden space 205312K, 100% used [0x00000000eaa80000,0x00000000f7300000,0x00000000f7300000)
  from space 25088K, 99% used [0x00000000fb000000,0x00000000fc878cb0,0x00000000fc880000)
  to   space 31744K, 0% used [0x00000000f8a80000,0x00000000f8a80000,0x00000000fa980000)
 ParOldGen       total 75776K, used 46028K [0x00000000c0000000, 0x00000000c4a00000, 0x00000000eaa80000)
  object space 75776K, 60% used [0x00000000c0000000,0x00000000c2cf32d8,0x00000000c4a00000)
 PSPermGen       total 21504K, used 6103K [0x00000000b5a00000, 0x00000000b6f00000, 0x00000000c0000000)
  object space 21504K, 28% used [0x00000000b5a00000,0x00000000b5ff5f00,0x00000000b6f00000)
Event: 14.223 GC heap after
Heap after GC invocations=10 (full 1):
 PSYoungGen      total 261120K, used 31717K [0x00000000eaa80000, 0x0000000100000000, 0x0000000100000000)
  eden space 229376K, 0% used [0x00000000eaa80000,0x00000000eaa80000,0x00000000f8a80000)
  from space 31744K, 99% used [0x00000000f8a80000,0x00000000fa979488,0x00000000fa980000)
  to   space 48128K, 0% used [0x00000000fd100000,0x00000000fd100000,0x0000000100000000)
 ParOldGen       total 75776K, used 73496K [0x00000000c0000000, 0x00000000c4a00000, 0x00000000eaa80000)
  object space 75776K, 96% used [0x00000000c0000000,0x00000000c47c6040,0x00000000c4a00000)
 PSPermGen       total 21504K, used 6103K [0x00000000b5a00000, 0x00000000b6f00000, 0x00000000c0000000)
  object space 21504K, 28% used [0x00000000b5a00000,0x00000000b5ff5f00,0x00000000b6f00000)
}
Event: 14.228 GC heap before
{Heap before GC invocations=11 (full 2):
 PSYoungGen      total 261120K, used 31717K [0x00000000eaa80000, 0x0000000100000000, 0x0000000100000000)
  eden space 229376K, 0% used [0x00000000eaa80000,0x00000000eaa80000,0x00000000f8a80000)
  from space 31744K, 99% used [0x00000000f8a80000,0x00000000fa979488,0x00000000fa980000)
  to   space 48128K, 0% used [0x00000000fd100000,0x00000000fd100000,0x0000000100000000)
 ParOldGen       total 75776K, used 73496K [0x00000000c0000000, 0x00000000c4a00000, 0x00000000eaa80000)
  object space 75776K, 96% used [0x00000000c0000000,0x00000000c47c6040,0x00000000c4a00000)
 PSPermGen       total 21504K, used 6103K [0x00000000b5a00000, 0x00000000b6f00000, 0x00000000c0000000)
  object space 21504K, 28% used [0x00000000b5a00000,0x00000000b5ff5f00,0x00000000b6f00000)
Event: 14.859 GC heap after
Heap after GC invocations=11 (full 2):
 PSYoungGen      total 261120K, used 28014K [0x00000000eaa80000, 0x0000000100000000, 0x0000000100000000)
  eden space 229376K, 0% used [0x00000000eaa80000,0x00000000eaa80000,0x00000000f8a80000)
  from space 31744K, 88% used [0x00000000f8a80000,0x00000000fa5db960,0x00000000fa980000)
  to   space 48128K, 0% used [0x00000000fd100000,0x00000000fd100000,0x0000000100000000)
 ParOldGen       total 121856K, used 75425K [0x00000000c0000000, 0x00000000c7700000, 0x00000000eaa80000)
  object space 121856K, 61% used [0x00000000c0000000,0x00000000c49a8778,0x00000000c7700000)
 PSPermGen       total 21504K, used 6103K [0x00000000b5a00000, 0x00000000b6f00000, 0x00000000c0000000)
  object space 21504K, 28% used [0x00000000b5a00000,0x00000000b5ff5cc0,0x00000000b6f00000)
}
Event: 15.767 GC heap before
{Heap before GC invocations=12 (full 2):
 PSYoungGen      total 261120K, used 257390K [0x00000000eaa80000, 0x0000000100000000, 0x0000000100000000)
  eden space 229376K, 100% used [0x00000000eaa80000,0x00000000f8a80000,0x00000000f8a80000)
  from space 31744K, 88% used [0x00000000f8a80000,0x00000000fa5db960,0x00000000fa980000)
  to   space 48128K, 0% used [0x00000000fd100000,0x00000000fd100000,0x0000000100000000)
 ParOldGen       total 121856K, used 75425K [0x00000000c0000000, 0x00000000c7700000, 0x00000000eaa80000)
  object space 121856K, 61% used [0x00000000c0000000,0x00000000c49a8778,0x00000000c7700000)
 PSPermGen       total 21504K, used 6119K [0x00000000b5a00000, 0x00000000b6f00000, 0x00000000c0000000)
  object space 21504K, 28% used [0x00000000b5a00000,0x00000000b5ff9df8,0x00000000b6f00000)
Event: 15.896 GC heap after
Heap after GC invocations=12 (full 2):
 PSYoungGen      total 271872K, used 48113K [0x00000000eaa80000, 0x0000000100000000, 0x0000000100000000)
  eden space 223744K, 0% used [0x00000000eaa80000,0x00000000eaa80000,0x00000000f8500000)
  from space 48128K, 99% used [0x00000000fd100000,0x00000000ffffc638,0x0000000100000000)
  to   space 62976K, 0% used [0x00000000f8500000,0x00000000f8500000,0x00000000fc280000)
 ParOldGen       total 121856K, used 93058K [0x00000000c0000000, 0x00000000c7700000, 0x00000000eaa80000)
  object space 121856K, 76% used [0x00000000c0000000,0x00000000c5ae0900,0x00000000c7700000)
 PSPermGen       total 21504K, used 6119K [0x00000000b5a00000, 0x00000000b6f00000, 0x00000000c0000000)
  object space 21504K, 28% used [0x00000000b5a00000,0x00000000b5ff9df8,0x00000000b6f00000)
}
Event: 16.797 GC heap before
{Heap before GC invocations=13 (full 2):
 PSYoungGen      total 271872K, used 271857K [0x00000000eaa80000, 0x0000000100000000, 0x0000000100000000)
  eden space 223744K, 100% used [0x00000000eaa80000,0x00000000f8500000,0x00000000f8500000)
  from space 48128K, 99% used [0x00000000fd100000,0x00000000ffffc638,0x0000000100000000)
  to   space 62976K, 0% used [0x00000000f8500000,0x00000000f8500000,0x00000000fc280000)
 ParOldGen       total 121856K, used 93058K [0x00000000c0000000, 0x00000000c7700000, 0x00000000eaa80000)
  object space 121856K, 76% used [0x00000000c0000000,0x00000000c5ae0900,0x00000000c7700000)
 PSPermGen       total 21504K, used 6129K [0x00000000b5a00000, 0x00000000b6f00000, 0x00000000c0000000)
  object space 21504K, 28% used [0x00000000b5a00000,0x00000000b5ffc458,0x00000000b6f00000)
Event: 16.908 GC heap after
Heap after GC invocations=13 (full 2):
 PSYoungGen      total 261120K, used 36949K [0x00000000eaa80000, 0x0000000100000000, 0x0000000100000000)
  eden space 223744K, 0% used [0x00000000eaa80000,0x00000000eaa80000,0x00000000f8500000)
  from space 37376K, 98% used [0x00000000f8500000,0x00000000fa915790,0x00000000fa980000)
  to   space 64000K, 0% used [0x00000000fc180000,0x00000000fc180000,0x0000000100000000)
 ParOldGen       total 141824K, used 141444K [0x00000000c0000000, 0x00000000c8a80000, 0x00000000eaa80000)
  object space 141824K, 99% used [0x00000000c0000000,0x00000000c8a21228,0x00000000c8a80000)
 PSPermGen       total 21504K, used 6129K [0x00000000b5a00000, 0x00000000b6f00000, 0x00000000c0000000)
  object space 21504K, 28% used [0x00000000b5a00000,0x00000000b5ffc458,0x00000000b6f00000)
}
Event: 16.915 GC heap before
{Heap before GC invocations=14 (full 3):
 PSYoungGen      total 261120K, used 36949K [0x00000000eaa80000, 0x0000000100000000, 0x0000000100000000)
  eden space 223744K, 0% used [0x00000000eaa80000,0x00000000eaa80000,0x00000000f8500000)
  from space 37376K, 98% used [0x00000000f8500000,0x00000000fa915790,0x00000000fa980000)
  to   space 64000K, 0% used [0x00000000fc180000,0x00000000fc180000,0x0000000100000000)
 ParOldGen       total 141824K, used 141444K [0x00000000c0000000, 0x00000000c8a80000, 0x00000000eaa80000)
  object space 141824K, 99% used [0x00000000c0000000,0x00000000c8a21228,0x00000000c8a80000)
 PSPermGen       total 21504K, used 6129K [0x00000000b5a00000, 0x00000000b6f00000, 0x00000000c0000000)
  object space 21504K, 28% used [0x00000000b5a00000,0x00000000b5ffc458,0x00000000b6f00000)

Deoptimization events (10 events):
Event: 15.458 Thread 0x00007f469400a800 Uncommon trap: reason=unstable_if action=reinterpret pc=0x00007f469045a81c method=com.android.dx.cf.code.ConcreteMethod.<init>(Lcom/android/dx/cf/iface/Method;ILcom/android/dx/rop/cst/CstString;ZZ)V @ 14
Event: 15.693 Thread 0x00007f469400a800 Uncommon trap: reason=class_check action=maybe_recompile pc=0x00007f469029ab34 method=com.android.dx.rop.code.Insn.equalsHandleNulls(Ljava/lang/Object;Ljava/lang/Object;)Z @ 11
Event: 15.693 Thread 0x00007f469400a800 Uncommon trap: reason=unstable_if action=reinterpret pc=0x00007f469038a7d4 method=com.android.dx.rop.code.Insn.contentEquals(Lcom/android/dx/rop/code/Insn;)Z @ 47
Event: 15.695 Thread 0x00007f469400a800 Uncommon trap: reason=class_check action=maybe_recompile pc=0x00007f469029ab34 method=com.android.dx.rop.code.Insn.equalsHandleNulls(Ljava/lang/Object;Ljava/lang/Object;)Z @ 11
Event: 15.719 Thread 0x00007f469400a800 Uncommon trap: reason=unstable_if action=reinterpret pc=0x00007f4690407898 method=com.android.dx.ssa.SCCP.simulateBranch(Lcom/android/dx/ssa/SsaInsn;)V @ 548
Event: 15.719 Thread 0x00007f469400a800 Uncommon trap: reason=unstable_if action=reinterpret pc=0x00007f46903deff0 method=com.android.dx.ssa.SCCP.run()V @ 179
Event: 16.427 Thread 0x00007f469400a800 Uncommon trap: reason=class_check action=maybe_recompile pc=0x00007f4690285474 method=com.android.dx.ssa.SCCP.simulateBranch(Lcom/android/dx/ssa/SsaInsn;)V @ 145
Event: 16.438 Thread 0x00007f469400a800 Uncommon trap: reason=unstable_if action=reinterpret pc=0x00007f4690264a28 method=com.android.dx.cf.code.Ropper.addOrReplaceBlock(Lcom/android/dx/rop/code/BasicBlock;Lcom/android/dx/util/IntList;)Z @ 24
Event: 16.637 Thread 0x00007f469400a800 Uncommon trap: reason=unstable_if action=reinterpret pc=0x00007f46904cfa50 method=com.android.dx.cf.code.RopperMachine.run(Lcom/android/dx/cf/code/Frame;II)V @ 356
Event: 16.637 Thread 0x00007f469400a800 Uncommon trap: reason=unstable_if action=reinterpret pc=0x00007f46904ba720 method=com.android.dx.cf.code.Ropper.processBlock(Lcom/android/dx/cf/code/ByteBlock;Lcom/android/dx/cf/code/Frame;[I)V @ 791

Internal exceptions (10 events):
Event: 8.997 Thread 0x00007f469400a800 Threw 0x00000000ed716e08 at /build/openjdk-7-HVzwJZ/openjdk-7-7u95-2.6.4/build/openjdk/hotspot/src/share/vm/prims/jvm.cpp:1322
Event: 10.000 Thread 0x00007f469400a800 Implicit null exception at 0x00007f469024ae4a to 0x00007f469024b069
Event: 10.001 Thread 0x00007f469400a800 Implicit null exception at 0x00007f469023e771 to 0x00007f469023ee19
Event: 10.001 Thread 0x00007f469400a800 Implicit null exception at 0x00007f46902ace64 to 0x00007f46902ad175
Event: 10.001 Thread 0x00007f469400a800 Implicit null exception at 0x00007f46903860db to 0x00007f46903863f1
Event: 10.001 Thread 0x00007f469400a800 Implicit null exception at 0x00007f46902f3939 to 0x00007f46902f4545
Event: 10.001 Thread 0x00007f469400a800 Implicit null exception at 0x00007f46902663e7 to 0x00007f46902666e1
Event: 10.001 Thread 0x00007f469400a800 Implicit null exception at 0x00007f469021faf8 to 0x00007f469021fc4d
Event: 15.746 Thread 0x00007f469400a800 Threw 0x00000000f86150a0 at /build/openjdk-7-HVzwJZ/openjdk-7-7u95-2.6.4/build/openjdk/hotspot/src/share/vm/prims/jvm.cpp:1322
Event: 16.311 Thread 0x00007f469400a800 Threw 0x00000000f0962148 at /build/openjdk-7-HVzwJZ/openjdk-7-7u95-2.6.4/build/openjdk/hotspot/src/share/vm/prims/jvm.cpp:1322

Events (10 events):
Event: 16.438 Thread 0x00007f469400a800 Uncommon trap: trap_request=0xffffff75 fr.pc=0x00007f4690264a28
Event: 16.438 Thread 0x00007f469400a800 DEOPT PACKING pc=0x00007f4690264a28 sp=0x00007f469a6f0f60
Event: 16.438 Thread 0x00007f469400a800 DEOPT UNPACKING pc=0x00007f46901b4445 sp=0x00007f469a6f0f30 mode 2
Event: 16.637 Thread 0x00007f469400a800 Uncommon trap: trap_request=0xffffff75 fr.pc=0x00007f46904cfa50
Event: 16.637 Thread 0x00007f469400a800 DEOPT PACKING pc=0x00007f46904cfa50 sp=0x00007f469a6f0de0
Event: 16.637 Thread 0x00007f469400a800 DEOPT UNPACKING pc=0x00007f46901b4445 sp=0x00007f469a6f0d50 mode 2
Event: 16.637 Thread 0x00007f469400a800 Uncommon trap: trap_request=0xffffff75 fr.pc=0x00007f46904ba720
Event: 16.637 Thread 0x00007f469400a800 DEOPT PACKING pc=0x00007f46904ba720 sp=0x00007f469a6f0fc0
Event: 16.637 Thread 0x00007f469400a800 DEOPT UNPACKING pc=0x00007f46901b4445 sp=0x00007f469a6f0f80 mode 2
Event: 16.796 Executing VM operation: ParallelGCFailedAllocation


Dynamic libraries:
00400000-00401000 r-xp 00000000 08:01 5508137                            /usr/lib/jvm/java-7-openjdk-amd64/jre/bin/java
00600000-00601000 r--p 00000000 08:01 5508137                            /usr/lib/jvm/java-7-openjdk-amd64/jre/bin/java
00601000-00602000 rw-p 00001000 08:01 5508137                            /usr/lib/jvm/java-7-openjdk-amd64/jre/bin/java
0206d000-0208e000 rw-p 00000000 00:00 0                                  [heap]
b5a00000-b6f00000 rw-p 00000000 00:00 0 
b6f00000-c0000000 rw-p 00000000 00:00 0 
c0000000-c8a80000 rw-p 00000000 00:00 0 
ccd00000-eaa80000 rw-p 00000000 00:00 0 
eaa80000-100000000 rw-p 00000000 00:00 0 
7f4658000000-7f4658021000 rw-p 00000000 00:00 0 
7f4658021000-7f465c000000 ---p 00000000 00:00 0 
7f465c000000-7f465d649000 rw-p 00000000 00:00 0 
7f465d649000-7f4660000000 ---p 00000000 00:00 0 
7f4660000000-7f4660021000 rw-p 00000000 00:00 0 
7f4660021000-7f4664000000 ---p 00000000 00:00 0 
7f4664000000-7f4664021000 rw-p 00000000 00:00 0 
7f4664021000-7f4668000000 ---p 00000000 00:00 0 
7f4668000000-7f4669704000 rw-p 00000000 00:00 0 
7f4669704000-7f466c000000 ---p 00000000 00:00 0 
7f466c000000-7f466c021000 rw-p 00000000 00:00 0 
7f466c021000-7f4670000000 ---p 00000000 00:00 0 
7f4670000000-7f4670021000 rw-p 00000000 00:00 0 
7f4670021000-7f4674000000 ---p 00000000 00:00 0 
7f4674000000-7f4674021000 rw-p 00000000 00:00 0 
7f4674021000-7f4678000000 ---p 00000000 00:00 0 
7f4678000000-7f4678021000 rw-p 00000000 00:00 0 
7f4678021000-7f467c000000 ---p 00000000 00:00 0 
7f467d825000-7f467d856000 rw-p 00000000 00:00 0 
7f467d856000-7f467d893000 r-xp 00000000 08:01 790495                     /lib/x86_64-linux-gnu/libpcre.so.3.13.1
7f467d893000-7f467da92000 ---p 0003d000 08:01 790495                     /lib/x86_64-linux-gnu/libpcre.so.3.13.1
7f467da92000-7f467da93000 r--p 0003c000 08:01 790495                     /lib/x86_64-linux-gnu/libpcre.so.3.13.1
7f467da93000-7f467da94000 rw-p 0003d000 08:01 790495                     /lib/x86_64-linux-gnu/libpcre.so.3.13.1
7f467da94000-7f467da9b000 r-xp 00000000 08:01 4726848                    /usr/lib/x86_64-linux-gnu/libffi.so.6.0.1
7f467da9b000-7f467dc9a000 ---p 00007000 08:01 4726848                    /usr/lib/x86_64-linux-gnu/libffi.so.6.0.1
7f467dc9a000-7f467dc9b000 r--p 00006000 08:01 4726848                    /usr/lib/x86_64-linux-gnu/libffi.so.6.0.1
7f467dc9b000-7f467dc9c000 rw-p 00007000 08:01 4726848                    /usr/lib/x86_64-linux-gnu/libffi.so.6.0.1
7f467dc9c000-7f467dcb3000 r-xp 00000000 08:01 786614                     /lib/x86_64-linux-gnu/libresolv-2.19.so
7f467dcb3000-7f467deb3000 ---p 00017000 08:01 786614                     /lib/x86_64-linux-gnu/libresolv-2.19.so
7f467deb3000-7f467deb4000 r--p 00017000 08:01 786614                     /lib/x86_64-linux-gnu/libresolv-2.19.so
7f467deb4000-7f467deb5000 rw-p 00018000 08:01 786614                     /lib/x86_64-linux-gnu/libresolv-2.19.so
7f467deb5000-7f467deb7000 rw-p 00000000 00:00 0 
7f467deb7000-7f467ded7000 r-xp 00000000 08:01 790522                     /lib/x86_64-linux-gnu/libselinux.so.1
7f467ded7000-7f467e0d6000 ---p 00020000 08:01 790522                     /lib/x86_64-linux-gnu/libselinux.so.1
7f467e0d6000-7f467e0d7000 r--p 0001f000 08:01 790522                     /lib/x86_64-linux-gnu/libselinux.so.1
7f467e0d7000-7f467e0d8000 rw-p 00020000 08:01 790522                     /lib/x86_64-linux-gnu/libselinux.so.1
7f467e0d8000-7f467e0da000 rw-p 00000000 00:00 0 
7f467e0da000-7f467e0dd000 r-xp 00000000 08:01 4726965                    /usr/lib/x86_64-linux-gnu/libgmodule-2.0.so.0.4000.0
7f467e0dd000-7f467e2dc000 ---p 00003000 08:01 4726965                    /usr/lib/x86_64-linux-gnu/libgmodule-2.0.so.0.4000.0
7f467e2dc000-7f467e2dd000 r--p 00002000 08:01 4726965                    /usr/lib/x86_64-linux-gnu/libgmodule-2.0.so.0.4000.0
7f467e2dd000-7f467e2de000 rw-p 00003000 08:01 4726965                    /usr/lib/x86_64-linux-gnu/libgmodule-2.0.so.0.4000.0
7f467e2de000-7f467e3e4000 r-xp 00000000 08:01 790423                     /lib/x86_64-linux-gnu/libglib-2.0.so.0.4000.0
7f467e3e4000-7f467e5e3000 ---p 00106000 08:01 790423                     /lib/x86_64-linux-gnu/libglib-2.0.so.0.4000.0
7f467e5e3000-7f467e5e4000 r--p 00105000 08:01 790423                     /lib/x86_64-linux-gnu/libglib-2.0.so.0.4000.0
7f467e5e4000-7f467e5e5000 rw-p 00106000 08:01 790423                     /lib/x86_64-linux-gnu/libglib-2.0.so.0.4000.0
7f467e5e5000-7f467e5e6000 rw-p 00000000 00:00 0 
7f467e5e6000-7f467e635000 r-xp 00000000 08:01 4726981                    /usr/lib/x86_64-linux-gnu/libgobject-2.0.so.0.4000.0
7f467e635000-7f467e835000 ---p 0004f000 08:01 4726981                    /usr/lib/x86_64-linux-gnu/libgobject-2.0.so.0.4000.0
7f467e835000-7f467e836000 r--p 0004f000 08:01 4726981                    /usr/lib/x86_64-linux-gnu/libgobject-2.0.so.0.4000.0
7f467e836000-7f467e837000 rw-p 00050000 08:01 4726981                    /usr/lib/x86_64-linux-gnu/libgobject-2.0.so.0.4000.0
7f467e837000-7f467e9a2000 r-xp 00000000 08:01 4726951                    /usr/lib/x86_64-linux-gnu/libgio-2.0.so.0.4000.0
7f467e9a2000-7f467eba2000 ---p 0016b000 08:01 4726951                    /usr/lib/x86_64-linux-gnu/libgio-2.0.so.0.4000.0
7f467eba2000-7f467eba6000 r--p 0016b000 08:01 4726951                    /usr/lib/x86_64-linux-gnu/libgio-2.0.so.0.4000.0
7f467eba6000-7f467eba8000 rw-p 0016f000 08:01 4726951                    /usr/lib/x86_64-linux-gnu/libgio-2.0.so.0.4000.0
7f467eba8000-7f467ebaa000 rw-p 00000000 00:00 0 
7f467ebaa000-7f467ebc1000 r-xp 00000000 08:01 5917886                    /usr/lib/jvm/java-7-openjdk-amd64/jre/lib/amd64/libnet.so
7f467ebc1000-7f467edc0000 ---p 00017000 08:01 5917886                    /usr/lib/jvm/java-7-openjdk-amd64/jre/lib/amd64/libnet.so
7f467edc0000-7f467edc1000 r--p 00016000 08:01 5917886                    /usr/lib/jvm/java-7-openjdk-amd64/jre/lib/amd64/libnet.so
7f467edc1000-7f467edc2000 rw-p 00017000 08:01 5917886                    /usr/lib/jvm/java-7-openjdk-amd64/jre/lib/amd64/libnet.so
7f467edc2000-7f467edd2000 r-xp 00000000 08:01 5917910                    /usr/lib/jvm/java-7-openjdk-amd64/jre/lib/amd64/libnio.so
7f467edd2000-7f467efd2000 ---p 00010000 08:01 5917910                    /usr/lib/jvm/java-7-openjdk-amd64/jre/lib/amd64/libnio.so
7f467efd2000-7f467efd3000 r--p 00010000 08:01 5917910                    /usr/lib/jvm/java-7-openjdk-amd64/jre/lib/amd64/libnio.so
7f467efd3000-7f467efd4000 rw-p 00011000 08:01 5917910                    /usr/lib/jvm/java-7-openjdk-amd64/jre/lib/amd64/libnio.so
7f467efd4000-7f467efd5000 ---p 00000000 00:00 0 
7f467efd5000-7f467f0d5000 rw-p 00000000 00:00 0                          [stack:21768]
7f467f0d5000-7f467f0d8000 ---p 00000000 00:00 0 
7f467f0d8000-7f467f1d6000 rw-p 00000000 00:00 0                          [stack:21767]
7f467f1d6000-7f467f1d9000 ---p 00000000 00:00 0 
7f467f1d9000-7f467f2d7000 rw-p 00000000 00:00 0                          [stack:21766]
7f467f2d7000-7f467f2da000 ---p 00000000 00:00 0 
7f467f2da000-7f467f3d8000 rw-p 00000000 00:00 0                          [stack:21765]
7f467f3d8000-7f467f3db000 ---p 00000000 00:00 0 
7f467f3db000-7f467f4d9000 rw-p 00000000 00:00 0                          [stack:21764]
7f467f4d9000-7f467fbfc000 r--p 00000000 08:01 4725570                    /usr/lib/locale/locale-archive
7f467fbfc000-7f467fbff000 ---p 00000000 00:00 0 
7f467fbff000-7f467fcfd000 rw-p 00000000 00:00 0                          [stack:21763]
7f467fcfd000-7f467fd00000 ---p 00000000 00:00 0 
7f467fd00000-7f467fdfe000 rw-p 00000000 00:00 0                          [stack:21762]
7f467fdfe000-7f467fdff000 ---p 00000000 00:00 0 
7f467fdff000-7f4680000000 rw-p 00000000 00:00 0                          [stack:21761]
7f4680000000-7f4680021000 rw-p 00000000 00:00 0 
7f4680021000-7f4684000000 ---p 00000000 00:00 0 
7f4684000000-7f4684021000 rw-p 00000000 00:00 0 
7f4684021000-7f4688000000 ---p 00000000 00:00 0 
7f4688000000-7f4688021000 rw-p 00000000 00:00 0 
7f4688021000-7f468c000000 ---p 00000000 00:00 0 
7f468c02d000-7f468c0de000 r--s 00b7e000 08:01 11801513                   /home/raihan/OpenSrpWorkSpace/opensrp-client-dghs-demo/opensrp-dghs/build/intermediates/multi-dex/x86/debug/allclasses.jar
7f468c0de000-7f468c0ed000 r--s 000dd000 08:01 6177003                    /home/raihan/android-sdk-linux/build-tools/21.1.2/lib/dx.jar
7f468c0ed000-7f468cfc8000 rw-p 00000000 00:00 0 
7f468cfc8000-7f468d179000 r--s 01d30000 08:01 5508152                    /usr/lib/jvm/java-7-openjdk-amd64/jre/lib/rt.jar
7f468d179000-7f468f9cd000 rw-p 00000000 00:00 0 
7f468f9cd000-7f468f9ce000 ---p 00000000 00:00 0 
7f468f9ce000-7f468face000 rw-p 00000000 00:00 0                          [stack:21760]
7f468face000-7f468facf000 ---p 00000000 00:00 0 
7f468facf000-7f468fbcf000 rw-p 00000000 00:00 0                          [stack:21759]
7f468fbcf000-7f468fbd0000 ---p 00000000 00:00 0 
7f468fbd0000-7f468fcd0000 rw-p 00000000 00:00 0                          [stack:21758]
7f468fcd0000-7f468fcd1000 ---p 00000000 00:00 0 
7f468fcd1000-7f468fe17000 rw-p 00000000 00:00 0                          [stack:21757]
7f468fe17000-7f468ff27000 rw-p 00000000 00:00 0 
7f468ff27000-7f468ff32000 rw-p 00000000 00:00 0 
7f468ff32000-7f468ff7a000 rw-p 00000000 00:00 0 
7f468ff7a000-7f468ffc0000 rw-p 00000000 00:00 0 
7f468ffc0000-7f46900cf000 rw-p 00000000 00:00 0 
7f46900cf000-7f469017a000 rw-p 00000000 00:00 0 
7f469017a000-7f469017b000 rw-p 00000000 00:00 0 
7f469017b000-7f469058b000 rwxp 00000000 00:00 0 
7f469058b000-7f469317b000 rw-p 00000000 00:00 0 
7f469317b000-7f4693183000 r-xp 00000000 08:01 5917892                    /usr/lib/jvm/java-7-openjdk-amd64/jre/lib/amd64/libzip.so
7f4693183000-7f4693382000 ---p 00008000 08:01 5917892                    /usr/lib/jvm/java-7-openjdk-amd64/jre/lib/amd64/libzip.so
7f4693382000-7f4693383000 r--p 00007000 08:01 5917892                    /usr/lib/jvm/java-7-openjdk-amd64/jre/lib/amd64/libzip.so
7f4693383000-7f4693384000 rw-p 00008000 08:01 5917892                    /usr/lib/jvm/java-7-openjdk-amd64/jre/lib/amd64/libzip.so
7f4693384000-7f469338f000 r-xp 00000000 08:01 786646                     /lib/x86_64-linux-gnu/libnss_files-2.19.so
7f469338f000-7f469358e000 ---p 0000b000 08:01 786646                     /lib/x86_64-linux-gnu/libnss_files-2.19.so
7f469358e000-7f469358f000 r--p 0000a000 08:01 786646                     /lib/x86_64-linux-gnu/libnss_files-2.19.so
7f469358f000-7f4693590000 rw-p 0000b000 08:01 786646                     /lib/x86_64-linux-gnu/libnss_files-2.19.so
7f4693590000-7f469359b000 r-xp 00000000 08:01 786638                     /lib/x86_64-linux-gnu/libnss_nis-2.19.so
7f469359b000-7f469379a000 ---p 0000b000 08:01 786638                     /lib/x86_64-linux-gnu/libnss_nis-2.19.so
7f469379a000-7f469379b000 r--p 0000a000 08:01 786638                     /lib/x86_64-linux-gnu/libnss_nis-2.19.so
7f469379b000-7f469379c000 rw-p 0000b000 08:01 786638                     /lib/x86_64-linux-gnu/libnss_nis-2.19.so
7f469379c000-7f46937b3000 r-xp 00000000 08:01 786634                     /lib/x86_64-linux-gnu/libnsl-2.19.so
7f46937b3000-7f46939b2000 ---p 00017000 08:01 786634                     /lib/x86_64-linux-gnu/libnsl-2.19.so
7f46939b2000-7f46939b3000 r--p 00016000 08:01 786634                     /lib/x86_64-linux-gnu/libnsl-2.19.so
7f46939b3000-7f46939b4000 rw-p 00017000 08:01 786634                     /lib/x86_64-linux-gnu/libnsl-2.19.so
7f46939b4000-7f46939b6000 rw-p 00000000 00:00 0 
7f46939b6000-7f46939bf000 r-xp 00000000 08:01 786633                     /lib/x86_64-linux-gnu/libnss_compat-2.19.so
7f46939bf000-7f4693bbe000 ---p 00009000 08:01 786633                     /lib/x86_64-linux-gnu/libnss_compat-2.19.so
7f4693bbe000-7f4693bbf000 r--p 00008000 08:01 786633                     /lib/x86_64-linux-gnu/libnss_compat-2.19.so
7f4693bbf000-7f4693bc0000 rw-p 00009000 08:01 786633                     /lib/x86_64-linux-gnu/libnss_compat-2.19.so
7f4693bc0000-7f4693beb000 r-xp 00000000 08:01 5917877                    /usr/lib/jvm/java-7-openjdk-amd64/jre/lib/amd64/libjava.so
7f4693beb000-7f4693deb000 ---p 0002b000 08:01 5917877                    /usr/lib/jvm/java-7-openjdk-amd64/jre/lib/amd64/libjava.so
7f4693deb000-7f4693dec000 r--p 0002b000 08:01 5917877                    /usr/lib/jvm/java-7-openjdk-amd64/jre/lib/amd64/libjava.so
7f4693dec000-7f4693dee000 rw-p 0002c000 08:01 5917877                    /usr/lib/jvm/java-7-openjdk-amd64/jre/lib/amd64/libjava.so
7f4693dee000-7f4693dfe000 r-xp 00000000 08:01 5917878                    /usr/lib/jvm/java-7-openjdk-amd64/jre/lib/amd64/libverify.so
7f4693dfe000-7f4693ffd000 ---p 00010000 08:01 5917878                    /usr/lib/jvm/java-7-openjdk-amd64/jre/lib/amd64/libverify.so
7f4693ffd000-7f4693fff000 r--p 0000f000 08:01 5917878                    /usr/lib/jvm/java-7-openjdk-amd64/jre/lib/amd64/libverify.so
7f4693fff000-7f4694000000 rw-p 00011000 08:01 5917878                    /usr/lib/jvm/java-7-openjdk-amd64/jre/lib/amd64/libverify.so
7f4694000000-7f46942ca000 rw-p 00000000 00:00 0 
7f46942ca000-7f4698000000 ---p 00000000 00:00 0 
7f469800d000-7f4698010000 r--s 0000f000 08:01 5917931                    /usr/lib/jvm/java-7-openjdk-amd64/jre/lib/ext/icedtea-sound.jar
7f4698010000-7f4698064000 rw-p 00000000 00:00 0 
7f4698064000-7f46980ac000 rw-p 00000000 00:00 0 
7f46980ac000-7f46980b3000 r-xp 00000000 08:01 786642                     /lib/x86_64-linux-gnu/librt-2.19.so
7f46980b3000-7f46982b2000 ---p 00007000 08:01 786642                     /lib/x86_64-linux-gnu/librt-2.19.so
7f46982b2000-7f46982b3000 r--p 00006000 08:01 786642                     /lib/x86_64-linux-gnu/librt-2.19.so
7f46982b3000-7f46982b4000 rw-p 00007000 08:01 786642                     /lib/x86_64-linux-gnu/librt-2.19.so
7f46982b4000-7f46982ca000 r-xp 00000000 08:01 786612                     /lib/x86_64-linux-gnu/libgcc_s.so.1
7f46982ca000-7f46984c9000 ---p 00016000 08:01 786612                     /lib/x86_64-linux-gnu/libgcc_s.so.1
7f46984c9000-7f46984ca000 rw-p 00015000 08:01 786612                     /lib/x86_64-linux-gnu/libgcc_s.so.1
7f46984ca000-7f46985cf000 r-xp 00000000 08:01 786618                     /lib/x86_64-linux-gnu/libm-2.19.so
7f46985cf000-7f46987ce000 ---p 00105000 08:01 786618                     /lib/x86_64-linux-gnu/libm-2.19.so
7f46987ce000-7f46987cf000 r--p 00104000 08:01 786618                     /lib/x86_64-linux-gnu/libm-2.19.so
7f46987cf000-7f46987d0000 rw-p 00105000 08:01 786618                     /lib/x86_64-linux-gnu/libm-2.19.so
7f46987d0000-7f46988b6000 r-xp 00000000 08:01 4719935                    /usr/lib/x86_64-linux-gnu/libstdc++.so.6.0.19
7f46988b6000-7f4698ab5000 ---p 000e6000 08:01 4719935                    /usr/lib/x86_64-linux-gnu/libstdc++.so.6.0.19
7f4698ab5000-7f4698abd000 r--p 000e5000 08:01 4719935                    /usr/lib/x86_64-linux-gnu/libstdc++.so.6.0.19
7f4698abd000-7f4698abf000 rw-p 000ed000 08:01 4719935                    /usr/lib/x86_64-linux-gnu/libstdc++.so.6.0.19
7f4698abf000-7f4698ad4000 rw-p 00000000 00:00 0 
7f4698ad4000-7f46995f8000 r-xp 00000000 08:01 5917890                    /usr/lib/jvm/java-7-openjdk-amd64/jre/lib/amd64/server/libjvm.so
7f46995f8000-7f46997f8000 ---p 00b24000 08:01 5917890                    /usr/lib/jvm/java-7-openjdk-amd64/jre/lib/amd64/server/libjvm.so
7f46997f8000-7f4699892000 r--p 00b24000 08:01 5917890                    /usr/lib/jvm/java-7-openjdk-amd64/jre/lib/amd64/server/libjvm.so
7f4699892000-7f46998b5000 rw-p 00bbe000 08:01 5917890                    /usr/lib/jvm/java-7-openjdk-amd64/jre/lib/amd64/server/libjvm.so
7f46998b5000-7f46998e3000 rw-p 00000000 00:00 0 
7f46998e3000-7f46998fb000 r-xp 00000000 08:01 790555                     /lib/x86_64-linux-gnu/libz.so.1.2.8
7f46998fb000-7f4699afa000 ---p 00018000 08:01 790555                     /lib/x86_64-linux-gnu/libz.so.1.2.8
7f4699afa000-7f4699afb000 r--p 00017000 08:01 790555                     /lib/x86_64-linux-gnu/libz.so.1.2.8
7f4699afb000-7f4699afc000 rw-p 00018000 08:01 790555                     /lib/x86_64-linux-gnu/libz.so.1.2.8
7f4699afc000-7f4699b15000 r-xp 00000000 08:01 786635                     /lib/x86_64-linux-gnu/libpthread-2.19.so
7f4699b15000-7f4699d14000 ---p 00019000 08:01 786635                     /lib/x86_64-linux-gnu/libpthread-2.19.so
7f4699d14000-7f4699d15000 r--p 00018000 08:01 786635                     /lib/x86_64-linux-gnu/libpthread-2.19.so
7f4699d15000-7f4699d16000 rw-p 00019000 08:01 786635                     /lib/x86_64-linux-gnu/libpthread-2.19.so
7f4699d16000-7f4699d1a000 rw-p 00000000 00:00 0 
7f4699d1a000-7f4699d1d000 r-xp 00000000 08:01 786630                     /lib/x86_64-linux-gnu/libdl-2.19.so
7f4699d1d000-7f4699f1c000 ---p 00003000 08:01 786630                     /lib/x86_64-linux-gnu/libdl-2.19.so
7f4699f1c000-7f4699f1d000 r--p 00002000 08:01 786630                     /lib/x86_64-linux-gnu/libdl-2.19.so
7f4699f1d000-7f4699f1e000 rw-p 00003000 08:01 786630                     /lib/x86_64-linux-gnu/libdl-2.19.so
7f4699f1e000-7f469a0d9000 r-xp 00000000 08:01 786643                     /lib/x86_64-linux-gnu/libc-2.19.so
7f469a0d9000-7f469a2d8000 ---p 001bb000 08:01 786643                     /lib/x86_64-linux-gnu/libc-2.19.so
7f469a2d8000-7f469a2dc000 r--p 001ba000 08:01 786643                     /lib/x86_64-linux-gnu/libc-2.19.so
7f469a2dc000-7f469a2de000 rw-p 001be000 08:01 786643                     /lib/x86_64-linux-gnu/libc-2.19.so
7f469a2de000-7f469a2e3000 rw-p 00000000 00:00 0 
7f469a2e3000-7f469a2f0000 r-xp 00000000 08:01 5917907                    /usr/lib/jvm/java-7-openjdk-amd64/jre/lib/amd64/jli/libjli.so
7f469a2f0000-7f469a4ef000 ---p 0000d000 08:01 5917907                    /usr/lib/jvm/java-7-openjdk-amd64/jre/lib/amd64/jli/libjli.so
7f469a4ef000-7f469a4f0000 r--p 0000c000 08:01 5917907                    /usr/lib/jvm/java-7-openjdk-amd64/jre/lib/amd64/jli/libjli.so
7f469a4f0000-7f469a4f1000 rw-p 0000d000 08:01 5917907                    /usr/lib/jvm/java-7-openjdk-amd64/jre/lib/amd64/jli/libjli.so
7f469a4f1000-7f469a514000 r-xp 00000000 08:01 786636                     /lib/x86_64-linux-gnu/ld-2.19.so
7f469a516000-7f469a51a000 r--s 00034000 08:01 5917930                    /usr/lib/jvm/java-7-openjdk-amd64/jre/lib/ext/sunjce_provider.jar
7f469a51a000-7f469a543000 rw-p 00000000 00:00 0 
7f469a543000-7f469a5f2000 rw-p 00000000 00:00 0 
7f469a5f2000-7f469a5f5000 ---p 00000000 00:00 0 
7f469a5f5000-7f469a6f8000 rw-p 00000000 00:00 0                          [stack:21756]
7f469a6f9000-7f469a6fa000 rw-p 00000000 00:00 0 
7f469a6fa000-7f469a6fc000 r--s 00012000 08:01 5917929                    /usr/lib/jvm/java-7-openjdk-amd64/jre/lib/ext/zipfs.jar
7f469a6fc000-7f469a6fe000 r--s 00006000 08:01 5118243                    /usr/share/java/java-atk-wrapper.jar
7f469a6fe000-7f469a702000 r--s 0003c000 08:01 5917933                    /usr/lib/jvm/java-7-openjdk-amd64/jre/lib/ext/sunpkcs11.jar
7f469a702000-7f469a706000 r--s 00085000 08:01 5917932                    /usr/lib/jvm/java-7-openjdk-amd64/jre/lib/ext/localedata.jar
7f469a706000-7f469a707000 r--s 00002000 08:01 5917928                    /usr/lib/jvm/java-7-openjdk-amd64/jre/lib/ext/dnsns.jar
7f469a707000-7f469a70f000 rw-s 00000000 08:01 131897                     /tmp/hsperfdata_raihan/21752
7f469a70f000-7f469a710000 rw-p 00000000 00:00 0 
7f469a710000-7f469a711000 ---p 00000000 00:00 0 
7f469a711000-7f469a713000 rw-p 00000000 00:00 0 
7f469a713000-7f469a714000 r--p 00022000 08:01 786636                     /lib/x86_64-linux-gnu/ld-2.19.so
7f469a714000-7f469a715000 rw-p 00023000 08:01 786636                     /lib/x86_64-linux-gnu/ld-2.19.so
7f469a715000-7f469a716000 rw-p 00000000 00:00 0 
7fffb6b53000-7fffb6b74000 rw-p 00000000 00:00 0                          [stack]
7fffb6bfe000-7fffb6c00000 r-xp 00000000 00:00 0                          [vdso]
ffffffffff600000-ffffffffff601000 r-xp 00000000 00:00 0                  [vsyscall]

VM Arguments:
jvm_args: -Xmx1024M -Dfile.encoding=UTF-8 -Duser.country=US -Duser.language=en -Duser.variant 
java_command: com.android.dx.command.Main --dex --multi-dex --main-dex-list /home/raihan/OpenSrpWorkSpace/opensrp-client-dghs-demo/opensrp-dghs/build/intermediates/multi-dex/x86/debug/maindexlist.txt --output /home/raihan/OpenSrpWorkSpace/opensrp-client-dghs-demo/opensrp-dghs/build/intermediates/dex/x86/debug /home/raihan/OpenSrpWorkSpace/opensrp-client-dghs-demo/opensrp-dghs/build/intermediates/multi-dex/x86/debug/allclasses.jar
Launcher Type: SUN_STANDARD

Environment Variables:
PATH=/usr/local/sbin:/usr/local/bin:/usr/sbin:/usr/bin:/sbin:/bin:/usr/games:/usr/local/games
SHELL=/bin/bash
DISPLAY=:0

Signal Handlers:
SIGSEGV: [libjvm.so+0x9548f0], sa_mask[0]=0x7ffbfeff, sa_flags=0x10000004
SIGBUS: [libjvm.so+0x9548f0], sa_mask[0]=0x7ffbfeff, sa_flags=0x10000004
SIGFPE: [libjvm.so+0x7cb0b0], sa_mask[0]=0x7ffbfeff, sa_flags=0x10000004
SIGPIPE: [libjvm.so+0x7cb0b0], sa_mask[0]=0x7ffbfeff, sa_flags=0x10000004
SIGXFSZ: [libjvm.so+0x7cb0b0], sa_mask[0]=0x7ffbfeff, sa_flags=0x10000004
SIGILL: [libjvm.so+0x7cb0b0], sa_mask[0]=0x7ffbfeff, sa_flags=0x10000004
SIGUSR1: SIG_DFL, sa_mask[0]=0x00000000, sa_flags=0x00000000
SIGUSR2: [libjvm.so+0x7caf50], sa_mask[0]=0x00000004, sa_flags=0x10000004
SIGHUP: [libjvm.so+0x7cb130], sa_mask[0]=0x7ffbfeff, sa_flags=0x10000004
SIGINT: [libjvm.so+0x7cb130], sa_mask[0]=0x7ffbfeff, sa_flags=0x10000004
SIGTERM: [libjvm.so+0x7cb130], sa_mask[0]=0x7ffbfeff, sa_flags=0x10000004
SIGQUIT: [libjvm.so+0x7cb130], sa_mask[0]=0x7ffbfeff, sa_flags=0x10000004
SIGTRAP: SIG_DFL, sa_mask[0]=0x00000000, sa_flags=0x00000000


---------------  S Y S T E M  ---------------

OS:Ubuntu 14.04 (trusty)
uname:Linux 3.13.0-24-generic #46-Ubuntu SMP Thu Apr 10 19:11:08 UTC 2014 x86_64
libc:glibc 2.19 NPTL 2.19 
rlimit: STACK 8192k, CORE 0k, NPROC 30570, NOFILE 4096, AS infinity
load average:8.35 3.21 1.54

/proc/meminfo:
MemTotal:        3934516 kB
MemFree:           94216 kB
Buffers:            2252 kB
Cached:           410704 kB
SwapCached:        26248 kB
Active:          2775928 kB
Inactive:         788028 kB
Active(anon):    2761348 kB
Inactive(anon):   761656 kB
Active(file):      14580 kB
Inactive(file):    26372 kB
Unevictable:          68 kB
Mlocked:              68 kB
SwapTotal:       4080636 kB
SwapFree:              0 kB
Dirty:               208 kB
Writeback:            44 kB
AnonPages:       3126552 kB
Mapped:            34116 kB
Shmem:            371464 kB
Slab:              84004 kB
SReclaimable:      32900 kB
SUnreclaim:        51104 kB
KernelStack:        6552 kB
PageTables:        86784 kB
NFS_Unstable:          0 kB
Bounce:                0 kB
WritebackTmp:          0 kB
CommitLimit:     6047892 kB
Committed_AS:   24709072 kB
VmallocTotal:   34359738367 kB
VmallocUsed:      553560 kB
VmallocChunk:   34359135924 kB
HardwareCorrupted:     0 kB
AnonHugePages:    450560 kB
HugePages_Total:       0
HugePages_Free:        0
HugePages_Rsvd:        0
HugePages_Surp:        0
Hugepagesize:       2048 kB
DirectMap4k:       79360 kB
DirectMap2M:     2955264 kB
DirectMap1G:     1048576 kB


CPU:total 4 (2 cores per cpu, 2 threads per core) family 6 model 61 stepping 4, cmov, cx8, fxsr, mmx, sse, sse2, sse3, ssse3, sse4.1, sse4.2, popcnt, avx, avx2, aes, erms, ht, tsc, tscinvbit

/proc/cpuinfo:
processor	: 0
vendor_id	: GenuineIntel
cpu family	: 6
model		: 61
model name	: Intel(R) Core(TM) i5-5200U CPU @ 2.20GHz
stepping	: 4
microcode	: 0x1f
cpu MHz		: 2201.000
cache size	: 3072 KB
physical id	: 0
siblings	: 4
core id		: 0
cpu cores	: 2
apicid		: 0
initial apicid	: 0
fpu		: yes
fpu_exception	: yes
cpuid level	: 20
wp		: yes
flags		: fpu vme de pse tsc msr pae mce cx8 apic sep mtrr pge mca cmov pat pse36 clflush dts acpi mmx fxsr sse sse2 ss ht tm pbe syscall nx pdpe1gb rdtscp lm constant_tsc arch_perfmon pebs bts rep_good nopl xtopology nonstop_tsc aperfmperf eagerfpu pni pclmulqdq dtes64 monitor ds_cpl vmx est tm2 ssse3 fma cx16 xtpr pdcm pcid sse4_1 sse4_2 x2apic movbe popcnt tsc_deadline_timer aes xsave avx f16c rdrand lahf_lm abm 3dnowprefetch ida arat epb xsaveopt pln pts dtherm tpr_shadow vnmi flexpriority ept vpid fsgsbase tsc_adjust bmi1 avx2 smep bmi2 erms invpcid rdseed adx smap
bogomips	: 4389.82
clflush size	: 64
cache_alignment	: 64
address sizes	: 39 bits physical, 48 bits virtual
power management:

processor	: 1
vendor_id	: GenuineIntel
cpu family	: 6
model		: 61
model name	: Intel(R) Core(TM) i5-5200U CPU @ 2.20GHz
stepping	: 4
microcode	: 0x1f
cpu MHz		: 900.000
cache size	: 3072 KB
physical id	: 0
siblings	: 4
core id		: 0
cpu cores	: 2
apicid		: 1
initial apicid	: 1
fpu		: yes
fpu_exception	: yes
cpuid level	: 20
wp		: yes
flags		: fpu vme de pse tsc msr pae mce cx8 apic sep mtrr pge mca cmov pat pse36 clflush dts acpi mmx fxsr sse sse2 ss ht tm pbe syscall nx pdpe1gb rdtscp lm constant_tsc arch_perfmon pebs bts rep_good nopl xtopology nonstop_tsc aperfmperf eagerfpu pni pclmulqdq dtes64 monitor ds_cpl vmx est tm2 ssse3 fma cx16 xtpr pdcm pcid sse4_1 sse4_2 x2apic movbe popcnt tsc_deadline_timer aes xsave avx f16c rdrand lahf_lm abm 3dnowprefetch ida arat epb xsaveopt pln pts dtherm tpr_shadow vnmi flexpriority ept vpid fsgsbase tsc_adjust bmi1 avx2 smep bmi2 erms invpcid rdseed adx smap
bogomips	: 4389.82
clflush size	: 64
cache_alignment	: 64
address sizes	: 39 bits physical, 48 bits virtual
power management:

processor	: 2
vendor_id	: GenuineIntel
cpu family	: 6
model		: 61
model name	: Intel(R) Core(TM) i5-5200U CPU @ 2.20GHz
stepping	: 4
microcode	: 0x1f
cpu MHz		: 900.000
cache size	: 3072 KB
physical id	: 0
siblings	: 4
core id		: 1
cpu cores	: 2
apicid		: 2
initial apicid	: 2
fpu		: yes
fpu_exception	: yes
cpuid level	: 20
wp		: yes
flags		: fpu vme de pse tsc msr pae mce cx8 apic sep mtrr pge mca cmov pat pse36 clflush dts acpi mmx fxsr sse sse2 ss ht tm pbe syscall nx pdpe1gb rdtscp lm constant_tsc arch_perfmon pebs bts rep_good nopl xtopology nonstop_tsc aperfmperf eagerfpu pni pclmulqdq dtes64 monitor ds_cpl vmx est tm2 ssse3 fma cx16 xtpr pdcm pcid sse4_1 sse4_2 x2apic movbe popcnt tsc_deadline_timer aes xsave avx f16c rdrand lahf_lm abm 3dnowprefetch ida arat epb xsaveopt pln pts dtherm tpr_shadow vnmi flexpriority ept vpid fsgsbase tsc_adjust bmi1 avx2 smep bmi2 erms invpcid rdseed adx smap
bogomips	: 4389.82
clflush size	: 64
cache_alignment	: 64
address sizes	: 39 bits physical, 48 bits virtual
power management:

processor	: 3
vendor_id	: GenuineIntel
cpu family	: 6
model		: 61
model name	: Intel(R) Core(TM) i5-5200U CPU @ 2.20GHz
stepping	: 4
microcode	: 0x1f
cpu MHz		: 2201.000
cache size	: 3072 KB
physical id	: 0
siblings	: 4
core id		: 1
cpu cores	: 2
apicid		: 3
initial apicid	: 3
fpu		: yes
fpu_exception	: yes
cpuid level	: 20
wp		: yes
flags		: fpu vme de pse tsc msr pae mce cx8 apic sep mtrr pge mca cmov pat pse36 clflush dts acpi mmx fxsr sse sse2 ss ht tm pbe syscall nx pdpe1gb rdtscp lm constant_tsc arch_perfmon pebs bts rep_good nopl xtopology nonstop_tsc aperfmperf eagerfpu pni pclmulqdq dtes64 monitor ds_cpl vmx est tm2 ssse3 fma cx16 xtpr pdcm pcid sse4_1 sse4_2 x2apic movbe popcnt tsc_deadline_timer aes xsave avx f16c rdrand lahf_lm abm 3dnowprefetch ida arat epb xsaveopt pln pts dtherm tpr_shadow vnmi flexpriority ept vpid fsgsbase tsc_adjust bmi1 avx2 smep bmi2 erms invpcid rdseed adx smap
bogomips	: 4389.82
clflush size	: 64
cache_alignment	: 64
address sizes	: 39 bits physical, 48 bits virtual
power management:



Memory: 4k page, physical 3934516k(94216k free), swap 4080636k(0k free)

vm_info: OpenJDK 64-Bit Server VM (24.95-b01) for linux-amd64 JRE (1.7.0_95-b00), built on Mar 24 2016 06:13:32 by "buildd" with gcc 4.8.2

time: Wed Aug 17 15:53:54 2016
elapsed time: 17 seconds

