#
# There is insufficient memory for the Java Runtime Environment to continue.
# Native memory allocation (malloc) failed to allocate 174587904 bytes for committing reserved memory.
# Possible reasons:
#   The system is out of physical RAM or swap space
#   In 32 bit mode, the process size limit was hit
# Possible solutions:
#   Reduce memory load on the system
#   Increase physical memory or swap space
#   Check if swap backing store is full
#   Use 64 bit Java on a 64 bit OS
#   Decrease Java heap size (-Xmx/-Xms)
#   Decrease number of Java threads
#   Decrease Java thread stack sizes (-Xss)
#   Set larger code cache with -XX:ReservedCodeCacheSize=
# This output file may be truncated or incomplete.
#
#  Out of Memory Error (os_linux.cpp:2827), pid=18005, tid=140429751006976
#
# JRE version: OpenJDK Runtime Environment (7.0_95) (build 1.7.0_95-b00)
# Java VM: OpenJDK 64-Bit Server VM (24.95-b01 mixed mode linux-amd64 compressed oops)
# Derivative: IcedTea 2.6.4
# Distribution: Ubuntu 14.04 LTS, package 7u95-2.6.4-0ubuntu0.14.04.2
# Failed to write core dump. Core dumps have been disabled. To enable core dumping, try "ulimit -c unlimited" before starting Java again
#

---------------  T H R E A D  ---------------

Current thread (0x00007fb86c076000):  VMThread [stack: 0x00007fb8595cb000,0x00007fb8596cc000] [id=18015]

Stack: [0x00007fb8595cb000,0x00007fb8596cc000],  sp=0x00007fb8596ca490,  free space=1021k
Native frames: (J=compiled Java code, j=interpreted, Vv=VM code, C=native code)
V  [libjvm.so+0x953e15]
V  [libjvm.so+0x48fd94]
V  [libjvm.so+0x7cf87b]
V  [libjvm.so+0x7ca33f]
V  [libjvm.so+0x83dacb]
V  [libjvm.so+0x82d86b]
V  [libjvm.so+0x82da2b]
V  [libjvm.so+0x82e958]
V  [libjvm.so+0x8355b4]
V  [libjvm.so+0x83bc0d]
V  [libjvm.so+0x7f2083]
V  [libjvm.so+0x955814]
V  [libjvm.so+0x959917]
V  [libjvm.so+0x9583d8]
V  [libjvm.so+0x958839]
V  [libjvm.so+0x958c82]
V  [libjvm.so+0x7cc742]

VM_Operation (0x00007fb873e05ee0): ParallelGCFailedAllocation, mode: safepoint, requested by thread 0x00007fb86c00a800


---------------  P R O C E S S  ---------------

Java Threads: ( => current thread )
  0x00007fb86c0af800 JavaThread "Service Thread" daemon [_thread_blocked, id=18021, stack(0x00007fb8588a2000,0x00007fb8589a3000)]
  0x00007fb86c0ad000 JavaThread "C2 CompilerThread1" daemon [_thread_blocked, id=18020, stack(0x00007fb8589a3000,0x00007fb858aa4000)]
  0x00007fb86c0aa000 JavaThread "C2 CompilerThread0" daemon [_thread_blocked, id=18019, stack(0x00007fb858aa4000,0x00007fb858ba5000)]
  0x00007fb86c0a8000 JavaThread "Signal Dispatcher" daemon [_thread_blocked, id=18018, stack(0x00007fb858ba5000,0x00007fb858ca6000)]
  0x00007fb86c07c000 JavaThread "Finalizer" daemon [_thread_blocked, id=18017, stack(0x00007fb8593c9000,0x00007fb8594ca000)]
  0x00007fb86c07a000 JavaThread "Reference Handler" daemon [_thread_blocked, id=18016, stack(0x00007fb8594ca000,0x00007fb8595cb000)]
  0x00007fb86c00a800 JavaThread "main" [_thread_blocked, id=18010, stack(0x00007fb873d07000,0x00007fb873e08000)]

Other Threads:
=>0x00007fb86c076000 VMThread [stack: 0x00007fb8595cb000,0x00007fb8596cc000] [id=18015]
  0x00007fb86c0ba000 WatcherThread [stack: 0x00007fb8587a1000,0x00007fb8588a2000] [id=18022]

VM state:at safepoint (normal execution)

VM Mutex/Monitor currently owned by a thread:  ([mutex/lock_event])
[0x00007fb86c006370] ExpandHeap_lock - owner thread: 0x00007fb86c076000
[0x00007fb86c0069f0] Threads_lock - owner thread: 0x00007fb86c076000
[0x00007fb86c006ef0] Heap_lock - owner thread: 0x00007fb86c00a800

Heap
 PSYoungGen      total 233472K, used 29236K [0x00000000eaa80000, 0x0000000100000000, 0x0000000100000000)
  eden space 117248K, 0% used [0x00000000eaa80000,0x00000000eaa80000,0x00000000f1d00000)
  from space 116224K, 25% used [0x00000000f1d00000,0x00000000f398d030,0x00000000f8e80000)
  to   space 116224K, 0% used [0x00000000f8e80000,0x00000000f8e80000,0x0000000100000000)
 ParOldGen       total 402432K, used 402430K [0x00000000c0000000, 0x00000000d8900000, 0x00000000eaa80000)
  object space 402432K, 99% used [0x00000000c0000000,0x00000000d88ffa48,0x00000000d8900000)
 PSPermGen       total 21504K, used 6205K [0x00000000b5a00000, 0x00000000b6f00000, 0x00000000c0000000)
  object space 21504K, 28% used [0x00000000b5a00000,0x00000000b600f7c0,0x00000000b6f00000)

Card table byte_map: [0x00007fb8706e7000,0x00007fb87093b000] byte_map_base: 0x00007fb87013a000

Polling page: 0x00007fb873e24000

Code Cache  [0x00007fb869000000, 0x00007fb869430000, 0x00007fb86c000000)
 total_blobs=1297 nmethods=1069 adapters=181 free_code_cache=45123Kb largest_free_block=45960512

Compilation events (10 events):
Event: 19.768 Thread 0x00007fb86c0aa000 1156             sun.util.calendar.CalendarDate::setNormalized (6 bytes)
Event: 19.768 Thread 0x00007fb86c0ad000 1155             sun.util.calendar.CalendarDate::getMonth (5 bytes)
Event: 19.768 Thread 0x00007fb86c0ad000 nmethod 1155 0x00007fb869153410 code [0x00007fb869153540, 0x00007fb869153598]
Event: 19.768 Thread 0x00007fb86c0aa000 nmethod 1156 0x00007fb869381190 code [0x00007fb8693812c0, 0x00007fb869381318]
Event: 19.772 Thread 0x00007fb86c0ad000 1157             java.util.TreeMap$Values::size (8 bytes)
Event: 19.772 Thread 0x00007fb86c0aa000 1158             com.android.dx.dex.cf.AttributeTranslator::translateInnerClasses (356 bytes)
Event: 19.772 Thread 0x00007fb86c0ad000 nmethod 1157 0x00007fb869154950 code [0x00007fb869154a80, 0x00007fb869154af8]
Event: 19.805 Thread 0x00007fb86c0ad000 1159             com.android.dx.rop.code.RegisterSpec::withLocalItem (41 bytes)
Event: 19.808 Thread 0x00007fb86c0ad000 nmethod 1159 0x00007fb86933eb10 code [0x00007fb86933ec60, 0x00007fb86933f048]
Event: 19.809 Thread 0x00007fb86c0aa000 nmethod 1158 0x00007fb86910c950 code [0x00007fb86910ccc0, 0x00007fb86910e320]

GC Heap History (10 events):
Event: 17.879 GC heap after
Heap after GC invocations=23 (full 4):
 PSYoungGen      total 247296K, used 93936K [0x00000000eaa80000, 0x0000000100000000, 0x0000000100000000)
  eden space 153088K, 0% used [0x00000000eaa80000,0x00000000eaa80000,0x00000000f4000000)
  from space 94208K, 99% used [0x00000000f4000000,0x00000000f9bbc3d8,0x00000000f9c00000)
  to   space 102400K, 0% used [0x00000000f9c00000,0x00000000f9c00000,0x0000000100000000)
 ParOldGen       total 402432K, used 257611K [0x00000000c0000000, 0x00000000d8900000, 0x00000000eaa80000)
  object space 402432K, 64% used [0x00000000c0000000,0x00000000cfb92fd8,0x00000000d8900000)
 PSPermGen       total 21504K, used 6163K [0x00000000b5a00000, 0x00000000b6f00000, 0x00000000c0000000)
  object space 21504K, 28% used [0x00000000b5a00000,0x00000000b6004d60,0x00000000b6f00000)
}
Event: 18.345 GC heap before
{Heap before GC invocations=24 (full 4):
 PSYoungGen      total 247296K, used 247024K [0x00000000eaa80000, 0x0000000100000000, 0x0000000100000000)
  eden space 153088K, 100% used [0x00000000eaa80000,0x00000000f4000000,0x00000000f4000000)
  from space 94208K, 99% used [0x00000000f4000000,0x00000000f9bbc3d8,0x00000000f9c00000)
  to   space 102400K, 0% used [0x00000000f9c00000,0x00000000f9c00000,0x0000000100000000)
 ParOldGen       total 402432K, used 257611K [0x00000000c0000000, 0x00000000d8900000, 0x00000000eaa80000)
  object space 402432K, 64% used [0x00000000c0000000,0x00000000cfb92fd8,0x00000000d8900000)
 PSPermGen       total 21504K, used 6166K [0x00000000b5a00000, 0x00000000b6f00000, 0x00000000c0000000)
  object space 21504K, 28% used [0x00000000b5a00000,0x00000000b6005bd8,0x00000000b6f00000)
Event: 18.494 GC heap after
Heap after GC invocations=24 (full 4):
 PSYoungGen      total 219648K, used 102390K [0x00000000eaa80000, 0x0000000100000000, 0x0000000100000000)
  eden space 117248K, 0% used [0x00000000eaa80000,0x00000000eaa80000,0x00000000f1d00000)
  from space 102400K, 99% used [0x00000000f9c00000,0x00000000ffffdb48,0x0000000100000000)
  to   space 116224K, 0% used [0x00000000f1d00000,0x00000000f1d00000,0x00000000f8e80000)
 ParOldGen       total 402432K, used 273808K [0x00000000c0000000, 0x00000000d8900000, 0x00000000eaa80000)
  object space 402432K, 68% used [0x00000000c0000000,0x00000000d0b64228,0x00000000d8900000)
 PSPermGen       total 21504K, used 6166K [0x00000000b5a00000, 0x00000000b6f00000, 0x00000000c0000000)
  object space 21504K, 28% used [0x00000000b5a00000,0x00000000b6005bd8,0x00000000b6f00000)
}
Event: 18.807 GC heap before
{Heap before GC invocations=25 (full 4):
 PSYoungGen      total 219648K, used 219638K [0x00000000eaa80000, 0x0000000100000000, 0x0000000100000000)
  eden space 117248K, 100% used [0x00000000eaa80000,0x00000000f1d00000,0x00000000f1d00000)
  from space 102400K, 99% used [0x00000000f9c00000,0x00000000ffffdb48,0x0000000100000000)
  to   space 116224K, 0% used [0x00000000f1d00000,0x00000000f1d00000,0x00000000f8e80000)
 ParOldGen       total 402432K, used 273808K [0x00000000c0000000, 0x00000000d8900000, 0x00000000eaa80000)
  object space 402432K, 68% used [0x00000000c0000000,0x00000000d0b64228,0x00000000d8900000)
 PSPermGen       total 21504K, used 6167K [0x00000000b5a00000, 0x00000000b6f00000, 0x00000000c0000000)
  object space 21504K, 28% used [0x00000000b5a00000,0x00000000b6005ce8,0x00000000b6f00000)
Event: 18.954 GC heap after
Heap after GC invocations=25 (full 4):
 PSYoungGen      total 233472K, used 99429K [0x00000000eaa80000, 0x0000000100000000, 0x0000000100000000)
  eden space 117248K, 0% used [0x00000000eaa80000,0x00000000eaa80000,0x00000000f1d00000)
  from space 116224K, 85% used [0x00000000f1d00000,0x00000000f7e19498,0x00000000f8e80000)
  to   space 116224K, 0% used [0x00000000f8e80000,0x00000000f8e80000,0x0000000100000000)
 ParOldGen       total 402432K, used 297492K [0x00000000c0000000, 0x00000000d8900000, 0x00000000eaa80000)
  object space 402432K, 73% used [0x00000000c0000000,0x00000000d2285308,0x00000000d8900000)
 PSPermGen       total 21504K, used 6167K [0x00000000b5a00000, 0x00000000b6f00000, 0x00000000c0000000)
  object space 21504K, 28% used [0x00000000b5a00000,0x00000000b6005ce8,0x00000000b6f00000)
}
Event: 19.353 GC heap before
{Heap before GC invocations=26 (full 4):
 PSYoungGen      total 233472K, used 216677K [0x00000000eaa80000, 0x0000000100000000, 0x0000000100000000)
  eden space 117248K, 100% used [0x00000000eaa80000,0x00000000f1d00000,0x00000000f1d00000)
  from space 116224K, 85% used [0x00000000f1d00000,0x00000000f7e19498,0x00000000f8e80000)
  to   space 116224K, 0% used [0x00000000f8e80000,0x00000000f8e80000,0x0000000100000000)
 ParOldGen       total 402432K, used 297492K [0x00000000c0000000, 0x00000000d8900000, 0x00000000eaa80000)
  object space 402432K, 73% used [0x00000000c0000000,0x00000000d2285308,0x00000000d8900000)
 PSPermGen       total 21504K, used 6175K [0x00000000b5a00000, 0x00000000b6f00000, 0x00000000c0000000)
  object space 21504K, 28% used [0x00000000b5a00000,0x00000000b6007fb8,0x00000000b6f00000)
Event: 19.500 GC heap after
Heap after GC invocations=26 (full 4):
 PSYoungGen      total 233472K, used 83499K [0x00000000eaa80000, 0x0000000100000000, 0x0000000100000000)
  eden space 117248K, 0% used [0x00000000eaa80000,0x00000000eaa80000,0x00000000f1d00000)
  from space 116224K, 71% used [0x00000000f8e80000,0x00000000fe00adb8,0x0000000100000000)
  to   space 116224K, 0% used [0x00000000f1d00000,0x00000000f1d00000,0x00000000f8e80000)
 ParOldGen       total 402432K, used 333082K [0x00000000c0000000, 0x00000000d8900000, 0x00000000eaa80000)
  object space 402432K, 82% used [0x00000000c0000000,0x00000000d45468b8,0x00000000d8900000)
 PSPermGen       total 21504K, used 6175K [0x00000000b5a00000, 0x00000000b6f00000, 0x00000000c0000000)
  object space 21504K, 28% used [0x00000000b5a00000,0x00000000b6007fb8,0x00000000b6f00000)
}
Event: 19.892 GC heap before
{Heap before GC invocations=27 (full 4):
 PSYoungGen      total 233472K, used 200747K [0x00000000eaa80000, 0x0000000100000000, 0x0000000100000000)
  eden space 117248K, 100% used [0x00000000eaa80000,0x00000000f1d00000,0x00000000f1d00000)
  from space 116224K, 71% used [0x00000000f8e80000,0x00000000fe00adb8,0x0000000100000000)
  to   space 116224K, 0% used [0x00000000f1d00000,0x00000000f1d00000,0x00000000f8e80000)
 ParOldGen       total 402432K, used 333082K [0x00000000c0000000, 0x00000000d8900000, 0x00000000eaa80000)
  object space 402432K, 82% used [0x00000000c0000000,0x00000000d45468b8,0x00000000d8900000)
 PSPermGen       total 21504K, used 6206K [0x00000000b5a00000, 0x00000000b6f00000, 0x00000000c0000000)
  object space 21504K, 28% used [0x00000000b5a00000,0x00000000b600f9a0,0x00000000b6f00000)
Event: 20.028 GC heap after
Heap after GC invocations=27 (full 4):
 PSYoungGen      total 233472K, used 59083K [0x00000000eaa80000, 0x0000000100000000, 0x0000000100000000)
  eden space 117248K, 0% used [0x00000000eaa80000,0x00000000eaa80000,0x00000000f1d00000)
  from space 116224K, 50% used [0x00000000f1d00000,0x00000000f56b2fc0,0x00000000f8e80000)
  to   space 116224K, 0% used [0x00000000f8e80000,0x00000000f8e80000,0x0000000100000000)
 ParOldGen       total 402432K, used 376764K [0x00000000c0000000, 0x00000000d8900000, 0x00000000eaa80000)
  object space 402432K, 93% used [0x00000000c0000000,0x00000000d6fef088,0x00000000d8900000)
 PSPermGen       total 21504K, used 6206K [0x00000000b5a00000, 0x00000000b6f00000, 0x00000000c0000000)
  object space 21504K, 28% used [0x00000000b5a00000,0x00000000b600f9a0,0x00000000b6f00000)
}
Event: 20.033 GC heap before
{Heap before GC invocations=28 (full 5):
 PSYoungGen      total 233472K, used 59083K [0x00000000eaa80000, 0x0000000100000000, 0x0000000100000000)
  eden space 117248K, 0% used [0x00000000eaa80000,0x00000000eaa80000,0x00000000f1d00000)
  from space 116224K, 50% used [0x00000000f1d00000,0x00000000f56b2fc0,0x00000000f8e80000)
  to   space 116224K, 0% used [0x00000000f8e80000,0x00000000f8e80000,0x0000000100000000)
 ParOldGen       total 402432K, used 376764K [0x00000000c0000000, 0x00000000d8900000, 0x00000000eaa80000)
  object space 402432K, 93% used [0x00000000c0000000,0x00000000d6fef088,0x00000000d8900000)
 PSPermGen       total 21504K, used 6206K [0x00000000b5a00000, 0x00000000b6f00000, 0x00000000c0000000)
  object space 21504K, 28% used [0x00000000b5a00000,0x00000000b600f9a0,0x00000000b6f00000)

Deoptimization events (10 events):
Event: 15.953 Thread 0x00007fb86c00a800 Uncommon trap: reason=unstable_if action=reinterpret pc=0x00007fb86939b6e0 method=com.android.dx.rop.code.RegisterSpecSet.<init>(I)V @ 2
Event: 16.172 Thread 0x00007fb86c00a800 Uncommon trap: reason=unstable_if action=reinterpret pc=0x00007fb8690fd69c method=com.android.dx.ssa.SCCP.simulateStmt(Lcom/android/dx/ssa/SsaInsn;)V @ 435
Event: 16.663 Thread 0x00007fb86c00a800 Uncommon trap: reason=unstable_if action=reinterpret pc=0x00007fb8692ecf20 method=com.android.dx.cf.code.Ropper.processBlock(Lcom/android/dx/cf/code/ByteBlock;Lcom/android/dx/cf/code/Frame;[I)V @ 651
Event: 17.021 Thread 0x00007fb86c00a800 Uncommon trap: reason=null_check action=make_not_entrant pc=0x00007fb86935f204 method=com.android.dx.cf.direct.StdAttributeFactory.enclosingMethod(Lcom/android/dx/cf/direct/DirectClassFile;IILcom/android/dx/cf/iface/ParseObserver;)Lcom/android/dx/cf/iface
Event: 17.160 Thread 0x00007fb86c00a800 Uncommon trap: reason=bimorphic action=maybe_recompile pc=0x00007fb8693cc930 method=com.android.dx.cf.code.BytecodeArray.parseInstruction(ILcom/android/dx/cf/code/BytecodeArray$Visitor;)I @ 1447
Event: 17.160 Thread 0x00007fb86c00a800 Uncommon trap: reason=bimorphic action=maybe_recompile pc=0x00007fb8693cc930 method=com.android.dx.cf.code.BytecodeArray.parseInstruction(ILcom/android/dx/cf/code/BytecodeArray$Visitor;)I @ 1447
Event: 18.013 Thread 0x00007fb86c00a800 Uncommon trap: reason=unstable_if action=reinterpret pc=0x00007fb869281670 method=com.android.dx.rop.code.AccessFlags.isNative(I)Z @ 5
Event: 18.077 Thread 0x00007fb86c00a800 Uncommon trap: reason=unstable_if action=reinterpret pc=0x00007fb8691b0088 method=com.android.dx.util.IntList.equals(Ljava/lang/Object;)Z @ 2
Event: 18.295 Thread 0x00007fb86c00a800 Uncommon trap: reason=bimorphic action=maybe_recompile pc=0x00007fb8693e8664 method=com.android.dx.cf.code.BytecodeArray.parseInstruction(ILcom/android/dx/cf/code/BytecodeArray$Visitor;)I @ 1987
Event: 18.295 Thread 0x00007fb86c00a800 Uncommon trap: reason=bimorphic action=maybe_recompile pc=0x00007fb8693e8664 method=com.android.dx.cf.code.BytecodeArray.parseInstruction(ILcom/android/dx/cf/code/BytecodeArray$Visitor;)I @ 1987

Internal exceptions (10 events):
Event: 6.093 Thread 0x00007fb86c00a800 Implicit null exception at 0x00007fb869172aa0 to 0x00007fb869173601
Event: 6.093 Thread 0x00007fb86c00a800 Implicit null exception at 0x00007fb8690e27e7 to 0x00007fb8690e2ae1
Event: 6.093 Thread 0x00007fb86c00a800 Implicit null exception at 0x00007fb8690b6638 to 0x00007fb8690b678d
Event: 7.334 Thread 0x00007fb86c00a800 Implicit null exception at 0x00007fb869336f8b to 0x00007fb869339879
Event: 7.633 Thread 0x00007fb86c00a800 Threw 0x00000000ec07be30 at /build/openjdk-7-HVzwJZ/openjdk-7-7u95-2.6.4/build/openjdk/hotspot/src/share/vm/prims/jvm.cpp:1322
Event: 7.640 Thread 0x00007fb86c00a800 Implicit null exception at 0x00007fb869329092 to 0x00007fb8693293b5
Event: 9.579 Thread 0x00007fb86c00a800 Threw 0x00000000f36e9a68 at /build/openjdk-7-HVzwJZ/openjdk-7-7u95-2.6.4/build/openjdk/hotspot/src/share/vm/prims/jvm.cpp:1322
Event: 10.249 Thread 0x00007fb86c00a800 Threw 0x00000000ebfcdfb0 at /build/openjdk-7-HVzwJZ/openjdk-7-7u95-2.6.4/build/openjdk/hotspot/src/share/vm/prims/jvm.cpp:1322
Event: 13.334 Thread 0x00007fb86c00a800 Threw 0x00000000ee521c68 at /build/openjdk-7-HVzwJZ/openjdk-7-7u95-2.6.4/build/openjdk/hotspot/src/share/vm/prims/jvm.cpp:1322
Event: 17.021 Thread 0x00007fb86c00a800 Implicit null exception at 0x00007fb86935dc13 to 0x00007fb86935f1f9

Events (10 events):
Event: 19.123 Thread 0x00007fb86c0ad000 flushing nmethod 0x00007fb869152cd0
Event: 19.229 Thread 0x00007fb86c0ad000 flushing nmethod 0x00007fb86923db50
Event: 19.238 Thread 0x00007fb86c0aa000 flushing nmethod 0x00007fb86926cb50
Event: 19.238 Thread 0x00007fb86c0aa000 flushing nmethod 0x00007fb86926fc50
Event: 19.308 Thread 0x00007fb86c0aa000 flushing nmethod 0x00007fb8692b74d0
Event: 19.314 Thread 0x00007fb86c0ad000 flushing nmethod 0x00007fb86933e7d0
Event: 19.353 Executing VM operation: ParallelGCFailedAllocation
Event: 19.500 Executing VM operation: ParallelGCFailedAllocation done
Event: 19.553 Thread 0x00007fb86c0aa000 flushing nmethod 0x00007fb869384450
Event: 19.892 Executing VM operation: ParallelGCFailedAllocation


Dynamic libraries:
00400000-00401000 r-xp 00000000 08:01 5508137                            /usr/lib/jvm/java-7-openjdk-amd64/jre/bin/java
00600000-00601000 r--p 00000000 08:01 5508137                            /usr/lib/jvm/java-7-openjdk-amd64/jre/bin/java
00601000-00602000 rw-p 00001000 08:01 5508137                            /usr/lib/jvm/java-7-openjdk-amd64/jre/bin/java
0218b000-021ac000 rw-p 00000000 00:00 0                                  [heap]
b5a00000-b6f00000 rw-p 00000000 00:00 0 
b6f00000-c0000000 rw-p 00000000 00:00 0 
c0000000-d8900000 rw-p 00000000 00:00 0 
e2f80000-eaa80000 rw-p 00000000 00:00 0 
eaa80000-100000000 rw-p 00000000 00:00 0 
7fb832efd000-7fb832f3a000 r-xp 00000000 08:01 790495                     /lib/x86_64-linux-gnu/libpcre.so.3.13.1
7fb832f3a000-7fb833139000 ---p 0003d000 08:01 790495                     /lib/x86_64-linux-gnu/libpcre.so.3.13.1
7fb833139000-7fb83313a000 r--p 0003c000 08:01 790495                     /lib/x86_64-linux-gnu/libpcre.so.3.13.1
7fb83313a000-7fb83313b000 rw-p 0003d000 08:01 790495                     /lib/x86_64-linux-gnu/libpcre.so.3.13.1
7fb83313b000-7fb833142000 r-xp 00000000 08:01 4726848                    /usr/lib/x86_64-linux-gnu/libffi.so.6.0.1
7fb833142000-7fb833341000 ---p 00007000 08:01 4726848                    /usr/lib/x86_64-linux-gnu/libffi.so.6.0.1
7fb833341000-7fb833342000 r--p 00006000 08:01 4726848                    /usr/lib/x86_64-linux-gnu/libffi.so.6.0.1
7fb833342000-7fb833343000 rw-p 00007000 08:01 4726848                    /usr/lib/x86_64-linux-gnu/libffi.so.6.0.1
7fb833343000-7fb83335a000 r-xp 00000000 08:01 786614                     /lib/x86_64-linux-gnu/libresolv-2.19.so
7fb83335a000-7fb83355a000 ---p 00017000 08:01 786614                     /lib/x86_64-linux-gnu/libresolv-2.19.so
7fb83355a000-7fb83355b000 r--p 00017000 08:01 786614                     /lib/x86_64-linux-gnu/libresolv-2.19.so
7fb83355b000-7fb83355c000 rw-p 00018000 08:01 786614                     /lib/x86_64-linux-gnu/libresolv-2.19.so
7fb83355c000-7fb83355e000 rw-p 00000000 00:00 0 
7fb83355e000-7fb83357e000 r-xp 00000000 08:01 790522                     /lib/x86_64-linux-gnu/libselinux.so.1
7fb83357e000-7fb83377d000 ---p 00020000 08:01 790522                     /lib/x86_64-linux-gnu/libselinux.so.1
7fb83377d000-7fb83377e000 r--p 0001f000 08:01 790522                     /lib/x86_64-linux-gnu/libselinux.so.1
7fb83377e000-7fb83377f000 rw-p 00020000 08:01 790522                     /lib/x86_64-linux-gnu/libselinux.so.1
7fb83377f000-7fb833781000 rw-p 00000000 00:00 0 
7fb833781000-7fb833784000 r-xp 00000000 08:01 4726965                    /usr/lib/x86_64-linux-gnu/libgmodule-2.0.so.0.4000.0
7fb833784000-7fb833983000 ---p 00003000 08:01 4726965                    /usr/lib/x86_64-linux-gnu/libgmodule-2.0.so.0.4000.0
7fb833983000-7fb833984000 r--p 00002000 08:01 4726965                    /usr/lib/x86_64-linux-gnu/libgmodule-2.0.so.0.4000.0
7fb833984000-7fb833985000 rw-p 00003000 08:01 4726965                    /usr/lib/x86_64-linux-gnu/libgmodule-2.0.so.0.4000.0
7fb833985000-7fb833a8b000 r-xp 00000000 08:01 790423                     /lib/x86_64-linux-gnu/libglib-2.0.so.0.4000.0
7fb833a8b000-7fb833c8a000 ---p 00106000 08:01 790423                     /lib/x86_64-linux-gnu/libglib-2.0.so.0.4000.0
7fb833c8a000-7fb833c8b000 r--p 00105000 08:01 790423                     /lib/x86_64-linux-gnu/libglib-2.0.so.0.4000.0
7fb833c8b000-7fb833c8c000 rw-p 00106000 08:01 790423                     /lib/x86_64-linux-gnu/libglib-2.0.so.0.4000.0
7fb833c8c000-7fb833c8d000 rw-p 00000000 00:00 0 
7fb833c8d000-7fb833df8000 r-xp 00000000 08:01 4726951                    /usr/lib/x86_64-linux-gnu/libgio-2.0.so.0.4000.0
7fb833df8000-7fb833ff8000 ---p 0016b000 08:01 4726951                    /usr/lib/x86_64-linux-gnu/libgio-2.0.so.0.4000.0
7fb833ff8000-7fb833ffc000 r--p 0016b000 08:01 4726951                    /usr/lib/x86_64-linux-gnu/libgio-2.0.so.0.4000.0
7fb833ffc000-7fb833ffe000 rw-p 0016f000 08:01 4726951                    /usr/lib/x86_64-linux-gnu/libgio-2.0.so.0.4000.0
7fb833ffe000-7fb834000000 rw-p 00000000 00:00 0 
7fb834000000-7fb834021000 rw-p 00000000 00:00 0 
7fb834021000-7fb838000000 ---p 00000000 00:00 0 
7fb838000000-7fb83a054000 rw-p 00000000 00:00 0 
7fb83a054000-7fb83c000000 ---p 00000000 00:00 0 
7fb83c000000-7fb83c021000 rw-p 00000000 00:00 0 
7fb83c021000-7fb840000000 ---p 00000000 00:00 0 
7fb840000000-7fb840021000 rw-p 00000000 00:00 0 
7fb840021000-7fb844000000 ---p 00000000 00:00 0 
7fb844000000-7fb8457a3000 rw-p 00000000 00:00 0 
7fb8457a3000-7fb848000000 ---p 00000000 00:00 0 
7fb848000000-7fb848021000 rw-p 00000000 00:00 0 
7fb848021000-7fb84c000000 ---p 00000000 00:00 0 
7fb84c000000-7fb84c021000 rw-p 00000000 00:00 0 
7fb84c021000-7fb850000000 ---p 00000000 00:00 0 
7fb850000000-7fb850021000 rw-p 00000000 00:00 0 
7fb850021000-7fb854000000 ---p 00000000 00:00 0 
7fb854000000-7fb854021000 rw-p 00000000 00:00 0 
7fb854021000-7fb858000000 ---p 00000000 00:00 0 
7fb85806c000-7fb85809d000 rw-p 00000000 00:00 0 
7fb85809d000-7fb8580ec000 r-xp 00000000 08:01 4726981                    /usr/lib/x86_64-linux-gnu/libgobject-2.0.so.0.4000.0
7fb8580ec000-7fb8582ec000 ---p 0004f000 08:01 4726981                    /usr/lib/x86_64-linux-gnu/libgobject-2.0.so.0.4000.0
7fb8582ec000-7fb8582ed000 r--p 0004f000 08:01 4726981                    /usr/lib/x86_64-linux-gnu/libgobject-2.0.so.0.4000.0
7fb8582ed000-7fb8582ee000 rw-p 00050000 08:01 4726981                    /usr/lib/x86_64-linux-gnu/libgobject-2.0.so.0.4000.0
7fb8582ee000-7fb858305000 r-xp 00000000 08:01 5917886                    /usr/lib/jvm/java-7-openjdk-amd64/jre/lib/amd64/libnet.so
7fb858305000-7fb858504000 ---p 00017000 08:01 5917886                    /usr/lib/jvm/java-7-openjdk-amd64/jre/lib/amd64/libnet.so
7fb858504000-7fb858505000 r--p 00016000 08:01 5917886                    /usr/lib/jvm/java-7-openjdk-amd64/jre/lib/amd64/libnet.so
7fb858505000-7fb858506000 rw-p 00017000 08:01 5917886                    /usr/lib/jvm/java-7-openjdk-amd64/jre/lib/amd64/libnet.so
7fb858506000-7fb858516000 r-xp 00000000 08:01 5917910                    /usr/lib/jvm/java-7-openjdk-amd64/jre/lib/amd64/libnio.so
7fb858516000-7fb858716000 ---p 00010000 08:01 5917910                    /usr/lib/jvm/java-7-openjdk-amd64/jre/lib/amd64/libnio.so
7fb858716000-7fb858717000 r--p 00010000 08:01 5917910                    /usr/lib/jvm/java-7-openjdk-amd64/jre/lib/amd64/libnio.so
7fb858717000-7fb858718000 rw-p 00011000 08:01 5917910                    /usr/lib/jvm/java-7-openjdk-amd64/jre/lib/amd64/libnio.so
7fb858718000-7fb8587a1000 r--s 00751000 08:01 10623636                   /home/raihan/OpenSrpWorkSpace/opensrp-client-dghs-demo/opensrp-dghs/build/intermediates/multi-dex/debug/allclasses.jar
7fb8587a1000-7fb8587a2000 ---p 00000000 00:00 0 
7fb8587a2000-7fb8588a2000 rw-p 00000000 00:00 0                          [stack:18022]
7fb8588a2000-7fb8588a5000 ---p 00000000 00:00 0 
7fb8588a5000-7fb8589a3000 rw-p 00000000 00:00 0                          [stack:18021]
7fb8589a3000-7fb8589a6000 ---p 00000000 00:00 0 
7fb8589a6000-7fb858aa4000 rw-p 00000000 00:00 0                          [stack:18020]
7fb858aa4000-7fb858aa7000 ---p 00000000 00:00 0 
7fb858aa7000-7fb858ba5000 rw-p 00000000 00:00 0                          [stack:18019]
7fb858ba5000-7fb858ba8000 ---p 00000000 00:00 0 
7fb858ba8000-7fb858ca6000 rw-p 00000000 00:00 0                          [stack:18018]
7fb858ca6000-7fb8593c9000 r--p 00000000 08:01 4725570                    /usr/lib/locale/locale-archive
7fb8593c9000-7fb8593cc000 ---p 00000000 00:00 0 
7fb8593cc000-7fb8594ca000 rw-p 00000000 00:00 0                          [stack:18017]
7fb8594ca000-7fb8594cd000 ---p 00000000 00:00 0 
7fb8594cd000-7fb8595cb000 rw-p 00000000 00:00 0                          [stack:18016]
7fb8595cb000-7fb8595cc000 ---p 00000000 00:00 0 
7fb8595cc000-7fb85c000000 rw-p 00000000 00:00 0                          [stack:18015]
7fb85c000000-7fb85c021000 rw-p 00000000 00:00 0 
7fb85c021000-7fb860000000 ---p 00000000 00:00 0 
7fb860000000-7fb860021000 rw-p 00000000 00:00 0 
7fb860021000-7fb864000000 ---p 00000000 00:00 0 
7fb864000000-7fb864021000 rw-p 00000000 00:00 0 
7fb864021000-7fb868000000 ---p 00000000 00:00 0 
7fb868024000-7fb868bfc000 rw-p 00000000 00:00 0 
7fb868bfc000-7fb868dad000 r--s 01d30000 08:01 5508152                    /usr/lib/jvm/java-7-openjdk-amd64/jre/lib/rt.jar
7fb868dad000-7fb869000000 rw-p 00000000 00:00 0 
7fb869000000-7fb869430000 rwxp 00000000 00:00 0 
7fb869430000-7fb86c327000 rw-p 00000000 00:00 0 
7fb86c327000-7fb870000000 ---p 00000000 00:00 0 
7fb870011000-7fb870020000 r--s 000dd000 08:01 6177003                    /home/raihan/android-sdk-linux/build-tools/21.1.2/lib/dx.jar
7fb870020000-7fb87013a000 rw-p 00000000 00:00 0 
7fb87013a000-7fb87013b000 ---p 00000000 00:00 0 
7fb87013b000-7fb87023b000 rw-p 00000000 00:00 0                          [stack:18014]
7fb87023b000-7fb87023c000 ---p 00000000 00:00 0 
7fb87023c000-7fb87033c000 rw-p 00000000 00:00 0                          [stack:18013]
7fb87033c000-7fb87033d000 ---p 00000000 00:00 0 
7fb87033d000-7fb87043d000 rw-p 00000000 00:00 0                          [stack:18012]
7fb87043d000-7fb87043e000 ---p 00000000 00:00 0 
7fb87043e000-7fb870549000 rw-p 00000000 00:00 0                          [stack:18011]
7fb870549000-7fb870591000 rw-p 00000000 00:00 0 
7fb870591000-7fb870656000 rw-p 00000000 00:00 0 
7fb870656000-7fb8706e7000 rw-p 00000000 00:00 0 
7fb8706e7000-7fb8706f2000 rw-p 00000000 00:00 0 
7fb8706f2000-7fb87073a000 rw-p 00000000 00:00 0 
7fb87073a000-7fb8707ff000 rw-p 00000000 00:00 0 
7fb8707ff000-7fb87088f000 rw-p 00000000 00:00 0 
7fb87088f000-7fb87093a000 rw-p 00000000 00:00 0 
7fb87093a000-7fb87093b000 rw-p 00000000 00:00 0 
7fb87093b000-7fb870943000 r-xp 00000000 08:01 5917892                    /usr/lib/jvm/java-7-openjdk-amd64/jre/lib/amd64/libzip.so
7fb870943000-7fb870b42000 ---p 00008000 08:01 5917892                    /usr/lib/jvm/java-7-openjdk-amd64/jre/lib/amd64/libzip.so
7fb870b42000-7fb870b43000 r--p 00007000 08:01 5917892                    /usr/lib/jvm/java-7-openjdk-amd64/jre/lib/amd64/libzip.so
7fb870b43000-7fb870b44000 rw-p 00008000 08:01 5917892                    /usr/lib/jvm/java-7-openjdk-amd64/jre/lib/amd64/libzip.so
7fb870b44000-7fb870b4f000 r-xp 00000000 08:01 786646                     /lib/x86_64-linux-gnu/libnss_files-2.19.so
7fb870b4f000-7fb870d4e000 ---p 0000b000 08:01 786646                     /lib/x86_64-linux-gnu/libnss_files-2.19.so
7fb870d4e000-7fb870d4f000 r--p 0000a000 08:01 786646                     /lib/x86_64-linux-gnu/libnss_files-2.19.so
7fb870d4f000-7fb870d50000 rw-p 0000b000 08:01 786646                     /lib/x86_64-linux-gnu/libnss_files-2.19.so
7fb870d50000-7fb870d5b000 r-xp 00000000 08:01 786638                     /lib/x86_64-linux-gnu/libnss_nis-2.19.so
7fb870d5b000-7fb870f5a000 ---p 0000b000 08:01 786638                     /lib/x86_64-linux-gnu/libnss_nis-2.19.so
7fb870f5a000-7fb870f5b000 r--p 0000a000 08:01 786638                     /lib/x86_64-linux-gnu/libnss_nis-2.19.so
7fb870f5b000-7fb870f5c000 rw-p 0000b000 08:01 786638                     /lib/x86_64-linux-gnu/libnss_nis-2.19.so
7fb870f5c000-7fb870f73000 r-xp 00000000 08:01 786634                     /lib/x86_64-linux-gnu/libnsl-2.19.so
7fb870f73000-7fb871172000 ---p 00017000 08:01 786634                     /lib/x86_64-linux-gnu/libnsl-2.19.so
7fb871172000-7fb871173000 r--p 00016000 08:01 786634                     /lib/x86_64-linux-gnu/libnsl-2.19.so
7fb871173000-7fb871174000 rw-p 00017000 08:01 786634                     /lib/x86_64-linux-gnu/libnsl-2.19.so
7fb871174000-7fb871176000 rw-p 00000000 00:00 0 
7fb871176000-7fb87117f000 r-xp 00000000 08:01 786633                     /lib/x86_64-linux-gnu/libnss_compat-2.19.so
7fb87117f000-7fb87137e000 ---p 00009000 08:01 786633                     /lib/x86_64-linux-gnu/libnss_compat-2.19.so
7fb87137e000-7fb87137f000 r--p 00008000 08:01 786633                     /lib/x86_64-linux-gnu/libnss_compat-2.19.so
7fb87137f000-7fb871380000 rw-p 00009000 08:01 786633                     /lib/x86_64-linux-gnu/libnss_compat-2.19.so
7fb871380000-7fb8713ab000 r-xp 00000000 08:01 5917877                    /usr/lib/jvm/java-7-openjdk-amd64/jre/lib/amd64/libjava.so
7fb8713ab000-7fb8715ab000 ---p 0002b000 08:01 5917877                    /usr/lib/jvm/java-7-openjdk-amd64/jre/lib/amd64/libjava.so
7fb8715ab000-7fb8715ac000 r--p 0002b000 08:01 5917877                    /usr/lib/jvm/java-7-openjdk-amd64/jre/lib/amd64/libjava.so
7fb8715ac000-7fb8715ae000 rw-p 0002c000 08:01 5917877                    /usr/lib/jvm/java-7-openjdk-amd64/jre/lib/amd64/libjava.so
7fb8715ae000-7fb8715be000 r-xp 00000000 08:01 5917878                    /usr/lib/jvm/java-7-openjdk-amd64/jre/lib/amd64/libverify.so
7fb8715be000-7fb8717bd000 ---p 00010000 08:01 5917878                    /usr/lib/jvm/java-7-openjdk-amd64/jre/lib/amd64/libverify.so
7fb8717bd000-7fb8717bf000 r--p 0000f000 08:01 5917878                    /usr/lib/jvm/java-7-openjdk-amd64/jre/lib/amd64/libverify.so
7fb8717bf000-7fb8717c0000 rw-p 00011000 08:01 5917878                    /usr/lib/jvm/java-7-openjdk-amd64/jre/lib/amd64/libverify.so
7fb8717c0000-7fb8717c7000 r-xp 00000000 08:01 786642                     /lib/x86_64-linux-gnu/librt-2.19.so
7fb8717c7000-7fb8719c6000 ---p 00007000 08:01 786642                     /lib/x86_64-linux-gnu/librt-2.19.so
7fb8719c6000-7fb8719c7000 r--p 00006000 08:01 786642                     /lib/x86_64-linux-gnu/librt-2.19.so
7fb8719c7000-7fb8719c8000 rw-p 00007000 08:01 786642                     /lib/x86_64-linux-gnu/librt-2.19.so
7fb8719c8000-7fb8719de000 r-xp 00000000 08:01 786612                     /lib/x86_64-linux-gnu/libgcc_s.so.1
7fb8719de000-7fb871bdd000 ---p 00016000 08:01 786612                     /lib/x86_64-linux-gnu/libgcc_s.so.1
7fb871bdd000-7fb871bde000 rw-p 00015000 08:01 786612                     /lib/x86_64-linux-gnu/libgcc_s.so.1
7fb871bde000-7fb871ce3000 r-xp 00000000 08:01 786618                     /lib/x86_64-linux-gnu/libm-2.19.so
7fb871ce3000-7fb871ee2000 ---p 00105000 08:01 786618                     /lib/x86_64-linux-gnu/libm-2.19.so
7fb871ee2000-7fb871ee3000 r--p 00104000 08:01 786618                     /lib/x86_64-linux-gnu/libm-2.19.so
7fb871ee3000-7fb871ee4000 rw-p 00105000 08:01 786618                     /lib/x86_64-linux-gnu/libm-2.19.so
7fb871ee4000-7fb871fca000 r-xp 00000000 08:01 4721335                    /usr/lib/x86_64-linux-gnu/libstdc++.so.6.0.19
7fb871fca000-7fb8721c9000 ---p 000e6000 08:01 4721335                    /usr/lib/x86_64-linux-gnu/libstdc++.so.6.0.19
7fb8721c9000-7fb8721d1000 r--p 000e5000 08:01 4721335                    /usr/lib/x86_64-linux-gnu/libstdc++.so.6.0.19
7fb8721d1000-7fb8721d3000 rw-p 000ed000 08:01 4721335                    /usr/lib/x86_64-linux-gnu/libstdc++.so.6.0.19
7fb8721d3000-7fb8721e8000 rw-p 00000000 00:00 0 
7fb8721e8000-7fb872d0c000 r-xp 00000000 08:01 5917890                    /usr/lib/jvm/java-7-openjdk-amd64/jre/lib/amd64/server/libjvm.so
7fb872d0c000-7fb872f0c000 ---p 00b24000 08:01 5917890                    /usr/lib/jvm/java-7-openjdk-amd64/jre/lib/amd64/server/libjvm.so
7fb872f0c000-7fb872fa6000 r--p 00b24000 08:01 5917890                    /usr/lib/jvm/java-7-openjdk-amd64/jre/lib/amd64/server/libjvm.so
7fb872fa6000-7fb872fc9000 rw-p 00bbe000 08:01 5917890                    /usr/lib/jvm/java-7-openjdk-amd64/jre/lib/amd64/server/libjvm.so
7fb872fc9000-7fb872ff7000 rw-p 00000000 00:00 0 
7fb872ff7000-7fb87300f000 r-xp 00000000 08:01 790555                     /lib/x86_64-linux-gnu/libz.so.1.2.8
7fb87300f000-7fb87320e000 ---p 00018000 08:01 790555                     /lib/x86_64-linux-gnu/libz.so.1.2.8
7fb87320e000-7fb87320f000 r--p 00017000 08:01 790555                     /lib/x86_64-linux-gnu/libz.so.1.2.8
7fb87320f000-7fb873210000 rw-p 00018000 08:01 790555                     /lib/x86_64-linux-gnu/libz.so.1.2.8
7fb873210000-7fb873229000 r-xp 00000000 08:01 786635                     /lib/x86_64-linux-gnu/libpthread-2.19.so
7fb873229000-7fb873428000 ---p 00019000 08:01 786635                     /lib/x86_64-linux-gnu/libpthread-2.19.so
7fb873428000-7fb873429000 r--p 00018000 08:01 786635                     /lib/x86_64-linux-gnu/libpthread-2.19.so
7fb873429000-7fb87342a000 rw-p 00019000 08:01 786635                     /lib/x86_64-linux-gnu/libpthread-2.19.so
7fb87342a000-7fb87342e000 rw-p 00000000 00:00 0 
7fb87342e000-7fb873431000 r-xp 00000000 08:01 786630                     /lib/x86_64-linux-gnu/libdl-2.19.so
7fb873431000-7fb873630000 ---p 00003000 08:01 786630                     /lib/x86_64-linux-gnu/libdl-2.19.so
7fb873630000-7fb873631000 r--p 00002000 08:01 786630                     /lib/x86_64-linux-gnu/libdl-2.19.so
7fb873631000-7fb873632000 rw-p 00003000 08:01 786630                     /lib/x86_64-linux-gnu/libdl-2.19.so
7fb873632000-7fb8737ed000 r-xp 00000000 08:01 786643                     /lib/x86_64-linux-gnu/libc-2.19.so
7fb8737ed000-7fb8739ec000 ---p 001bb000 08:01 786643                     /lib/x86_64-linux-gnu/libc-2.19.so
7fb8739ec000-7fb8739f0000 r--p 001ba000 08:01 786643                     /lib/x86_64-linux-gnu/libc-2.19.so
7fb8739f0000-7fb8739f2000 rw-p 001be000 08:01 786643                     /lib/x86_64-linux-gnu/libc-2.19.so
7fb8739f2000-7fb8739f7000 rw-p 00000000 00:00 0 
7fb8739f7000-7fb873a04000 r-xp 00000000 08:01 5917907                    /usr/lib/jvm/java-7-openjdk-amd64/jre/lib/amd64/jli/libjli.so
7fb873a04000-7fb873c03000 ---p 0000d000 08:01 5917907                    /usr/lib/jvm/java-7-openjdk-amd64/jre/lib/amd64/jli/libjli.so
7fb873c03000-7fb873c04000 r--p 0000c000 08:01 5917907                    /usr/lib/jvm/java-7-openjdk-amd64/jre/lib/amd64/jli/libjli.so
7fb873c04000-7fb873c05000 rw-p 0000d000 08:01 5917907                    /usr/lib/jvm/java-7-openjdk-amd64/jre/lib/amd64/jli/libjli.so
7fb873c05000-7fb873c28000 r-xp 00000000 08:01 786636                     /lib/x86_64-linux-gnu/ld-2.19.so
7fb873c28000-7fb873c2b000 r--s 0000f000 08:01 5917931                    /usr/lib/jvm/java-7-openjdk-amd64/jre/lib/ext/icedtea-sound.jar
7fb873c2b000-7fb873c2f000 r--s 00034000 08:01 5917930                    /usr/lib/jvm/java-7-openjdk-amd64/jre/lib/ext/sunjce_provider.jar
7fb873c2f000-7fb873c58000 rw-p 00000000 00:00 0 
7fb873c58000-7fb873d07000 rw-p 00000000 00:00 0 
7fb873d07000-7fb873d0a000 ---p 00000000 00:00 0 
7fb873d0a000-7fb873e0e000 rw-p 00000000 00:00 0                          [stack:18010]
7fb873e0e000-7fb873e10000 r--s 00012000 08:01 5917929                    /usr/lib/jvm/java-7-openjdk-amd64/jre/lib/ext/zipfs.jar
7fb873e10000-7fb873e12000 r--s 00006000 08:01 5118243                    /usr/share/java/java-atk-wrapper.jar
7fb873e12000-7fb873e16000 r--s 0003c000 08:01 5917933                    /usr/lib/jvm/java-7-openjdk-amd64/jre/lib/ext/sunpkcs11.jar
7fb873e16000-7fb873e1a000 r--s 00085000 08:01 5917932                    /usr/lib/jvm/java-7-openjdk-amd64/jre/lib/ext/localedata.jar
7fb873e1a000-7fb873e1b000 r--s 00002000 08:01 5917928                    /usr/lib/jvm/java-7-openjdk-amd64/jre/lib/ext/dnsns.jar
7fb873e1b000-7fb873e23000 rw-s 00000000 08:01 1188859                    /tmp/hsperfdata_raihan/18005
7fb873e23000-7fb873e24000 rw-p 00000000 00:00 0 
7fb873e24000-7fb873e25000 ---p 00000000 00:00 0 
7fb873e25000-7fb873e27000 rw-p 00000000 00:00 0 
7fb873e27000-7fb873e28000 r--p 00022000 08:01 786636                     /lib/x86_64-linux-gnu/ld-2.19.so
7fb873e28000-7fb873e29000 rw-p 00023000 08:01 786636                     /lib/x86_64-linux-gnu/ld-2.19.so
7fb873e29000-7fb873e2a000 rw-p 00000000 00:00 0 
7fffea4dc000-7fffea4fd000 rw-p 00000000 00:00 0                          [stack]
7fffea5fe000-7fffea600000 r-xp 00000000 00:00 0                          [vdso]
ffffffffff600000-ffffffffff601000 r-xp 00000000 00:00 0                  [vsyscall]

VM Arguments:
jvm_args: -Xmx1024M -Dfile.encoding=UTF-8 -Duser.country=US -Duser.language=en -Duser.variant 
java_command: com.android.dx.command.Main --dex --multi-dex --main-dex-list /home/raihan/OpenSrpWorkSpace/opensrp-client-dghs-demo/opensrp-dghs/build/intermediates/multi-dex/debug/maindexlist.txt --output /home/raihan/OpenSrpWorkSpace/opensrp-client-dghs-demo/opensrp-dghs/build/intermediates/dex/debug /home/raihan/OpenSrpWorkSpace/opensrp-client-dghs-demo/opensrp-dghs/build/intermediates/multi-dex/debug/allclasses.jar
Launcher Type: SUN_STANDARD

Environment Variables:
PATH=/usr/local/sbin:/usr/local/bin:/usr/sbin:/usr/bin:/sbin:/bin:/usr/games:/usr/local/games
LD_LIBRARY_PATH=android-studio/bin:
SHELL=/bin/bash
DISPLAY=:0

Signal Handlers:
SIGSEGV: [libjvm.so+0x9548f0], sa_mask[0]=0x7ffbfeff, sa_flags=0x10000004
SIGBUS: [libjvm.so+0x9548f0], sa_mask[0]=0x7ffbfeff, sa_flags=0x10000004
SIGFPE: [libjvm.so+0x7cb0b0], sa_mask[0]=0x7ffbfeff, sa_flags=0x10000004
SIGPIPE: [libjvm.so+0x7cb0b0], sa_mask[0]=0x7ffbfeff, sa_flags=0x10000004
SIGXFSZ: [libjvm.so+0x7cb0b0], sa_mask[0]=0x7ffbfeff, sa_flags=0x10000004
SIGILL: [libjvm.so+0x7cb0b0], sa_mask[0]=0x7ffbfeff, sa_flags=0x10000004
SIGUSR1: SIG_DFL, sa_mask[0]=0x00000000, sa_flags=0x00000000
SIGUSR2: [libjvm.so+0x7caf50], sa_mask[0]=0x00000004, sa_flags=0x10000004
SIGHUP: [libjvm.so+0x7cb130], sa_mask[0]=0x7ffbfeff, sa_flags=0x10000004
SIGINT: [libjvm.so+0x7cb130], sa_mask[0]=0x7ffbfeff, sa_flags=0x10000004
SIGTERM: [libjvm.so+0x7cb130], sa_mask[0]=0x7ffbfeff, sa_flags=0x10000004
SIGQUIT: [libjvm.so+0x7cb130], sa_mask[0]=0x7ffbfeff, sa_flags=0x10000004
SIGTRAP: SIG_DFL, sa_mask[0]=0x00000000, sa_flags=0x00000000


---------------  S Y S T E M  ---------------

OS:Ubuntu 14.04 (trusty)
uname:Linux 3.13.0-24-generic #46-Ubuntu SMP Thu Apr 10 19:11:08 UTC 2014 x86_64
libc:glibc 2.19 NPTL 2.19 
rlimit: STACK 8192k, CORE 0k, NPROC 30570, NOFILE 4096, AS infinity
load average:2.11 1.30 1.17

/proc/meminfo:
MemTotal:        3934516 kB
MemFree:          112084 kB
Buffers:            1160 kB
Cached:           840236 kB
SwapCached:        25896 kB
Active:          1919484 kB
Inactive:         893468 kB
Active(anon):    1899812 kB
Inactive(anon):   872920 kB
Active(file):      19672 kB
Inactive(file):    20548 kB
Unevictable:          68 kB
Mlocked:              68 kB
SwapTotal:       4080636 kB
SwapFree:          61612 kB
Dirty:                76 kB
Writeback:             0 kB
AnonPages:       1947880 kB
Mapped:           764996 kB
Shmem:            800728 kB
Slab:              90172 kB
SReclaimable:      37860 kB
SUnreclaim:        52312 kB
KernelStack:        6080 kB
PageTables:        74316 kB
NFS_Unstable:          0 kB
Bounce:                0 kB
WritebackTmp:          0 kB
CommitLimit:     6047892 kB
Committed_AS:   13769464 kB
VmallocTotal:   34359738367 kB
VmallocUsed:      553520 kB
VmallocChunk:   34359176664 kB
HardwareCorrupted:     0 kB
AnonHugePages:    102400 kB
HugePages_Total:       0
HugePages_Free:        0
HugePages_Rsvd:        0
HugePages_Surp:        0
Hugepagesize:       2048 kB
DirectMap4k:       93696 kB
DirectMap2M:     2940928 kB
DirectMap1G:     1048576 kB


CPU:total 4 (2 cores per cpu, 2 threads per core) family 6 model 61 stepping 4, cmov, cx8, fxsr, mmx, sse, sse2, sse3, ssse3, sse4.1, sse4.2, popcnt, avx, avx2, aes, erms, ht, tsc, tscinvbit

/proc/cpuinfo:
processor	: 0
vendor_id	: GenuineIntel
cpu family	: 6
model		: 61
model name	: Intel(R) Core(TM) i5-5200U CPU @ 2.20GHz
stepping	: 4
microcode	: 0x1f
cpu MHz		: 2201.000
cache size	: 3072 KB
physical id	: 0
siblings	: 4
core id		: 0
cpu cores	: 2
apicid		: 0
initial apicid	: 0
fpu		: yes
fpu_exception	: yes
cpuid level	: 20
wp		: yes
flags		: fpu vme de pse tsc msr pae mce cx8 apic sep mtrr pge mca cmov pat pse36 clflush dts acpi mmx fxsr sse sse2 ss ht tm pbe syscall nx pdpe1gb rdtscp lm constant_tsc arch_perfmon pebs bts rep_good nopl xtopology nonstop_tsc aperfmperf eagerfpu pni pclmulqdq dtes64 monitor ds_cpl vmx est tm2 ssse3 fma cx16 xtpr pdcm pcid sse4_1 sse4_2 x2apic movbe popcnt tsc_deadline_timer aes xsave avx f16c rdrand lahf_lm abm 3dnowprefetch ida arat epb xsaveopt pln pts dtherm tpr_shadow vnmi flexpriority ept vpid fsgsbase tsc_adjust bmi1 avx2 smep bmi2 erms invpcid rdseed adx smap
bogomips	: 4389.95
clflush size	: 64
cache_alignment	: 64
address sizes	: 39 bits physical, 48 bits virtual
power management:

processor	: 1
vendor_id	: GenuineIntel
cpu family	: 6
model		: 61
model name	: Intel(R) Core(TM) i5-5200U CPU @ 2.20GHz
stepping	: 4
microcode	: 0x1f
cpu MHz		: 1500.000
cache size	: 3072 KB
physical id	: 0
siblings	: 4
core id		: 0
cpu cores	: 2
apicid		: 1
initial apicid	: 1
fpu		: yes
fpu_exception	: yes
cpuid level	: 20
wp		: yes
flags		: fpu vme de pse tsc msr pae mce cx8 apic sep mtrr pge mca cmov pat pse36 clflush dts acpi mmx fxsr sse sse2 ss ht tm pbe syscall nx pdpe1gb rdtscp lm constant_tsc arch_perfmon pebs bts rep_good nopl xtopology nonstop_tsc aperfmperf eagerfpu pni pclmulqdq dtes64 monitor ds_cpl vmx est tm2 ssse3 fma cx16 xtpr pdcm pcid sse4_1 sse4_2 x2apic movbe popcnt tsc_deadline_timer aes xsave avx f16c rdrand lahf_lm abm 3dnowprefetch ida arat epb xsaveopt pln pts dtherm tpr_shadow vnmi flexpriority ept vpid fsgsbase tsc_adjust bmi1 avx2 smep bmi2 erms invpcid rdseed adx smap
bogomips	: 4389.95
clflush size	: 64
cache_alignment	: 64
address sizes	: 39 bits physical, 48 bits virtual
power management:

processor	: 2
vendor_id	: GenuineIntel
cpu family	: 6
model		: 61
model name	: Intel(R) Core(TM) i5-5200U CPU @ 2.20GHz
stepping	: 4
microcode	: 0x1f
cpu MHz		: 900.000
cache size	: 3072 KB
physical id	: 0
siblings	: 4
core id		: 1
cpu cores	: 2
apicid		: 2
initial apicid	: 2
fpu		: yes
fpu_exception	: yes
cpuid level	: 20
wp		: yes
flags		: fpu vme de pse tsc msr pae mce cx8 apic sep mtrr pge mca cmov pat pse36 clflush dts acpi mmx fxsr sse sse2 ss ht tm pbe syscall nx pdpe1gb rdtscp lm constant_tsc arch_perfmon pebs bts rep_good nopl xtopology nonstop_tsc aperfmperf eagerfpu pni pclmulqdq dtes64 monitor ds_cpl vmx est tm2 ssse3 fma cx16 xtpr pdcm pcid sse4_1 sse4_2 x2apic movbe popcnt tsc_deadline_timer aes xsave avx f16c rdrand lahf_lm abm 3dnowprefetch ida arat epb xsaveopt pln pts dtherm tpr_shadow vnmi flexpriority ept vpid fsgsbase tsc_adjust bmi1 avx2 smep bmi2 erms invpcid rdseed adx smap
bogomips	: 4389.95
clflush size	: 64
cache_alignment	: 64
address sizes	: 39 bits physical, 48 bits virtual
power management:

processor	: 3
vendor_id	: GenuineIntel
cpu family	: 6
model		: 61
model name	: Intel(R) Core(TM) i5-5200U CPU @ 2.20GHz
stepping	: 4
microcode	: 0x1f
cpu MHz		: 2201.000
cache size	: 3072 KB
physical id	: 0
siblings	: 4
core id		: 1
cpu cores	: 2
apicid		: 3
initial apicid	: 3
fpu		: yes
fpu_exception	: yes
cpuid level	: 20
wp		: yes
flags		: fpu vme de pse tsc msr pae mce cx8 apic sep mtrr pge mca cmov pat pse36 clflush dts acpi mmx fxsr sse sse2 ss ht tm pbe syscall nx pdpe1gb rdtscp lm constant_tsc arch_perfmon pebs bts rep_good nopl xtopology nonstop_tsc aperfmperf eagerfpu pni pclmulqdq dtes64 monitor ds_cpl vmx est tm2 ssse3 fma cx16 xtpr pdcm pcid sse4_1 sse4_2 x2apic movbe popcnt tsc_deadline_timer aes xsave avx f16c rdrand lahf_lm abm 3dnowprefetch ida arat epb xsaveopt pln pts dtherm tpr_shadow vnmi flexpriority ept vpid fsgsbase tsc_adjust bmi1 avx2 smep bmi2 erms invpcid rdseed adx smap
bogomips	: 4389.95
clflush size	: 64
cache_alignment	: 64
address sizes	: 39 bits physical, 48 bits virtual
power management:



Memory: 4k page, physical 3934516k(112084k free), swap 4080636k(61612k free)

vm_info: OpenJDK 64-Bit Server VM (24.95-b01) for linux-amd64 JRE (1.7.0_95-b00), built on Mar 24 2016 06:13:32 by "buildd" with gcc 4.8.2

time: Wed Apr 20 20:53:55 2016
elapsed time: 21 seconds

