#
# There is insufficient memory for the Java Runtime Environment to continue.
# Native memory allocation (malloc) failed to allocate 71303168 bytes for committing reserved memory.
# Possible reasons:
#   The system is out of physical RAM or swap space
#   In 32 bit mode, the process size limit was hit
# Possible solutions:
#   Reduce memory load on the system
#   Increase physical memory or swap space
#   Check if swap backing store is full
#   Use 64 bit Java on a 64 bit OS
#   Decrease Java heap size (-Xmx/-Xms)
#   Decrease number of Java threads
#   Decrease Java thread stack sizes (-Xss)
#   Set larger code cache with -XX:ReservedCodeCacheSize=
# This output file may be truncated or incomplete.
#
#  Out of Memory Error (os_linux.cpp:2827), pid=8505, tid=140267788150528
#
# JRE version: OpenJDK Runtime Environment (7.0_95) (build 1.7.0_95-b00)
# Java VM: OpenJDK 64-Bit Server VM (24.95-b01 mixed mode linux-amd64 compressed oops)
# Derivative: IcedTea 2.6.4
# Distribution: Ubuntu 14.04 LTS, package 7u95-2.6.4-0ubuntu0.14.04.2
# Failed to write core dump. Core dumps have been disabled. To enable core dumping, try "ulimit -c unlimited" before starting Java again
#

---------------  T H R E A D  ---------------

Current thread (0x00007f92b4075800):  VMThread [stack: 0x00007f92a39fa000,0x00007f92a3afb000] [id=8514]

Stack: [0x00007f92a39fa000,0x00007f92a3afb000],  sp=0x00007f92a3af9490,  free space=1021k
Native frames: (J=compiled Java code, j=interpreted, Vv=VM code, C=native code)
V  [libjvm.so+0x953e15]
V  [libjvm.so+0x48fd94]
V  [libjvm.so+0x7cf87b]
V  [libjvm.so+0x7ca33f]
V  [libjvm.so+0x83dacb]
V  [libjvm.so+0x83e930]
V  [libjvm.so+0x83f01b]
V  [libjvm.so+0x83b258]
V  [libjvm.so+0x83bac8]
V  [libjvm.so+0x7f2083]
V  [libjvm.so+0x955814]
V  [libjvm.so+0x959917]
V  [libjvm.so+0x9583d8]
V  [libjvm.so+0x958839]
V  [libjvm.so+0x958c82]
V  [libjvm.so+0x7cc742]

VM_Operation (0x00007f92be005410): ParallelGCFailedAllocation, mode: safepoint, requested by thread 0x00007f92b400a000


---------------  P R O C E S S  ---------------

Java Threads: ( => current thread )
  0x00007f92b40af800 JavaThread "Service Thread" daemon [_thread_blocked, id=8520, stack(0x00007f92a2cd1000,0x00007f92a2dd2000)]
  0x00007f92b40ad000 JavaThread "C2 CompilerThread1" daemon [_thread_blocked, id=8519, stack(0x00007f92a2dd2000,0x00007f92a2ed3000)]
  0x00007f92b40aa000 JavaThread "C2 CompilerThread0" daemon [_thread_blocked, id=8518, stack(0x00007f92a2ed3000,0x00007f92a2fd4000)]
  0x00007f92b40a8000 JavaThread "Signal Dispatcher" daemon [_thread_blocked, id=8517, stack(0x00007f92a2fd4000,0x00007f92a30d5000)]
  0x00007f92b407c000 JavaThread "Finalizer" daemon [_thread_blocked, id=8516, stack(0x00007f92a37f8000,0x00007f92a38f9000)]
  0x00007f92b407a000 JavaThread "Reference Handler" daemon [_thread_blocked, id=8515, stack(0x00007f92a38f9000,0x00007f92a39fa000)]
  0x00007f92b400a000 JavaThread "main" [_thread_blocked, id=8509, stack(0x00007f92bdf06000,0x00007f92be007000)]

Other Threads:
=>0x00007f92b4075800 VMThread [stack: 0x00007f92a39fa000,0x00007f92a3afb000] [id=8514]
  0x00007f92b40ba000 WatcherThread [stack: 0x00007f92a2bd0000,0x00007f92a2cd1000] [id=8521]

VM state:at safepoint (normal execution)

VM Mutex/Monitor currently owned by a thread:  ([mutex/lock_event])
[0x00007f92b4006840] Threads_lock - owner thread: 0x00007f92b4075800
[0x00007f92b4006d40] Heap_lock - owner thread: 0x00007f92b400a000

Heap
 PSYoungGen      total 68608K, used 7136K [0x00000000ebf00000, 0x00000000f0900000, 0x0000000100000000)
  eden space 61440K, 0% used [0x00000000ebf00000,0x00000000ebf00000,0x00000000efb00000)
  from space 7168K, 99% used [0x00000000efb00000,0x00000000f01f8020,0x00000000f0200000)
  to   space 7168K, 0% used [0x00000000f0200000,0x00000000f0200000,0x00000000f0900000)
 ParOldGen       total 40960K, used 16381K [0x00000000c3e00000, 0x00000000c6600000, 0x00000000ebf00000)
  object space 40960K, 39% used [0x00000000c3e00000,0x00000000c4dff7f8,0x00000000c6600000)
 PSPermGen       total 21504K, used 3668K [0x00000000b9800000, 0x00000000bad00000, 0x00000000c3e00000)
  object space 21504K, 17% used [0x00000000b9800000,0x00000000b9b95018,0x00000000bad00000)

Card table byte_map: [0x00007f92ba906000,0x00007f92bab3b000] byte_map_base: 0x00007f92ba33a000

Polling page: 0x00007f92be024000

Code Cache  [0x00007f92b1000000, 0x00007f92b1270000, 0x00007f92b4000000)
 total_blobs=364 nmethods=169 adapters=148 free_code_cache=48287Kb largest_free_block=49417664

Compilation events (10 events):
Event: 3.055 Thread 0x00007f92b40ad000 nmethod 168 0x00007f92b10c2550 code [0x00007f92b10c26a0, 0x00007f92b10c2738]
Event: 3.055 Thread 0x00007f92b40aa000 nmethod 167 0x00007f92b10c2290 code [0x00007f92b10c23e0, 0x00007f92b10c2478]
Event: 3.055 Thread 0x00007f92b40ad000  169             java.util.WeakHashMap::indexFor (6 bytes)
Event: 3.055 Thread 0x00007f92b40ad000 nmethod 169 0x00007f92b1071810 code [0x00007f92b1071940, 0x00007f92b1071978]
Event: 3.063 Thread 0x00007f92b40aa000  170             com.android.dx.cf.direct.StdAttributeFactory::innerClasses (383 bytes)
Event: 3.095 Thread 0x00007f92b40ad000  171             java.util.Arrays::copyOf (19 bytes)
Event: 3.096 Thread 0x00007f92b40aa000 nmethod 170 0x00007f92b10dce50 code [0x00007f92b10dd0a0, 0x00007f92b10dde68]
Event: 3.097 Thread 0x00007f92b40aa000  172             com.android.dx.cf.direct.MemberListParser::getCount (17 bytes)
Event: 3.098 Thread 0x00007f92b40ad000 nmethod 171 0x00007f92b10c1d90 code [0x00007f92b10c1ee0, 0x00007f92b10c20d8]
Event: 3.099 Thread 0x00007f92b40aa000 nmethod 172 0x00007f92b10cb150 code [0x00007f92b10cb2a0, 0x00007f92b10cb438]

GC Heap History (10 events):
Event: 1.844 GC heap after
Heap after GC invocations=2 (full 0):
 PSYoungGen      total 17920K, used 2528K [0x00000000ebf00000, 0x00000000ee200000, 0x0000000100000000)
  eden space 15360K, 0% used [0x00000000ebf00000,0x00000000ebf00000,0x00000000ece00000)
  from space 2560K, 98% used [0x00000000ed080000,0x00000000ed2f8030,0x00000000ed300000)
  to   space 2560K, 0% used [0x00000000ece00000,0x00000000ece00000,0x00000000ed080000)
 ParOldGen       total 40960K, used 1381K [0x00000000c3e00000, 0x00000000c6600000, 0x00000000ebf00000)
  object space 40960K, 3% used [0x00000000c3e00000,0x00000000c3f597a8,0x00000000c6600000)
 PSPermGen       total 21504K, used 3606K [0x00000000b9800000, 0x00000000bad00000, 0x00000000c3e00000)
  object space 21504K, 16% used [0x00000000b9800000,0x00000000b9b85908,0x00000000bad00000)
}
Event: 2.049 GC heap before
{Heap before GC invocations=3 (full 0):
 PSYoungGen      total 17920K, used 17888K [0x00000000ebf00000, 0x00000000ee200000, 0x0000000100000000)
  eden space 15360K, 100% used [0x00000000ebf00000,0x00000000ece00000,0x00000000ece00000)
  from space 2560K, 98% used [0x00000000ed080000,0x00000000ed2f8030,0x00000000ed300000)
  to   space 2560K, 0% used [0x00000000ece00000,0x00000000ece00000,0x00000000ed080000)
 ParOldGen       total 40960K, used 1381K [0x00000000c3e00000, 0x00000000c6600000, 0x00000000ebf00000)
  object space 40960K, 3% used [0x00000000c3e00000,0x00000000c3f597a8,0x00000000c6600000)
 PSPermGen       total 21504K, used 3612K [0x00000000b9800000, 0x00000000bad00000, 0x00000000c3e00000)
  object space 21504K, 16% used [0x00000000b9800000,0x00000000b9b871d0,0x00000000bad00000)
Event: 2.059 GC heap after
Heap after GC invocations=3 (full 0):
 PSYoungGen      total 17920K, used 2544K [0x00000000ebf00000, 0x00000000ee200000, 0x0000000100000000)
  eden space 15360K, 0% used [0x00000000ebf00000,0x00000000ebf00000,0x00000000ece00000)
  from space 2560K, 99% used [0x00000000ece00000,0x00000000ed07c040,0x00000000ed080000)
  to   space 2560K, 0% used [0x00000000edf80000,0x00000000edf80000,0x00000000ee200000)
 ParOldGen       total 40960K, used 3532K [0x00000000c3e00000, 0x00000000c6600000, 0x00000000ebf00000)
  object space 40960K, 8% used [0x00000000c3e00000,0x00000000c41733a0,0x00000000c6600000)
 PSPermGen       total 21504K, used 3612K [0x00000000b9800000, 0x00000000bad00000, 0x00000000c3e00000)
  object space 21504K, 16% used [0x00000000b9800000,0x00000000b9b871d0,0x00000000bad00000)
}
Event: 2.174 GC heap before
{Heap before GC invocations=4 (full 0):
 PSYoungGen      total 17920K, used 17904K [0x00000000ebf00000, 0x00000000ee200000, 0x0000000100000000)
  eden space 15360K, 100% used [0x00000000ebf00000,0x00000000ece00000,0x00000000ece00000)
  from space 2560K, 99% used [0x00000000ece00000,0x00000000ed07c040,0x00000000ed080000)
  to   space 2560K, 0% used [0x00000000edf80000,0x00000000edf80000,0x00000000ee200000)
 ParOldGen       total 40960K, used 3532K [0x00000000c3e00000, 0x00000000c6600000, 0x00000000ebf00000)
  object space 40960K, 8% used [0x00000000c3e00000,0x00000000c41733a0,0x00000000c6600000)
 PSPermGen       total 21504K, used 3617K [0x00000000b9800000, 0x00000000bad00000, 0x00000000c3e00000)
  object space 21504K, 16% used [0x00000000b9800000,0x00000000b9b88798,0x00000000bad00000)
Event: 2.182 GC heap after
Heap after GC invocations=4 (full 0):
 PSYoungGen      total 33280K, used 2528K [0x00000000ebf00000, 0x00000000ee200000, 0x0000000100000000)
  eden space 30720K, 0% used [0x00000000ebf00000,0x00000000ebf00000,0x00000000edd00000)
  from space 2560K, 98% used [0x00000000edf80000,0x00000000ee1f8050,0x00000000ee200000)
  to   space 2560K, 0% used [0x00000000edd00000,0x00000000edd00000,0x00000000edf80000)
 ParOldGen       total 40960K, used 5800K [0x00000000c3e00000, 0x00000000c6600000, 0x00000000ebf00000)
  object space 40960K, 14% used [0x00000000c3e00000,0x00000000c43aa110,0x00000000c6600000)
 PSPermGen       total 21504K, used 3617K [0x00000000b9800000, 0x00000000bad00000, 0x00000000c3e00000)
  object space 21504K, 16% used [0x00000000b9800000,0x00000000b9b88798,0x00000000bad00000)
}
Event: 2.443 GC heap before
{Heap before GC invocations=5 (full 0):
 PSYoungGen      total 33280K, used 33248K [0x00000000ebf00000, 0x00000000ee200000, 0x0000000100000000)
  eden space 30720K, 100% used [0x00000000ebf00000,0x00000000edd00000,0x00000000edd00000)
  from space 2560K, 98% used [0x00000000edf80000,0x00000000ee1f8050,0x00000000ee200000)
  to   space 2560K, 0% used [0x00000000edd00000,0x00000000edd00000,0x00000000edf80000)
 ParOldGen       total 40960K, used 5800K [0x00000000c3e00000, 0x00000000c6600000, 0x00000000ebf00000)
  object space 40960K, 14% used [0x00000000c3e00000,0x00000000c43aa110,0x00000000c6600000)
 PSPermGen       total 21504K, used 3632K [0x00000000b9800000, 0x00000000bad00000, 0x00000000c3e00000)
  object space 21504K, 16% used [0x00000000b9800000,0x00000000b9b8c3d8,0x00000000bad00000)
Event: 2.469 GC heap after
Heap after GC invocations=5 (full 0):
 PSYoungGen      total 33280K, used 2544K [0x00000000ebf00000, 0x00000000f0900000, 0x0000000100000000)
  eden space 30720K, 0% used [0x00000000ebf00000,0x00000000ebf00000,0x00000000edd00000)
  from space 2560K, 99% used [0x00000000edd00000,0x00000000edf7c050,0x00000000edf80000)
  to   space 7168K, 0% used [0x00000000f0200000,0x00000000f0200000,0x00000000f0900000)
 ParOldGen       total 40960K, used 9660K [0x00000000c3e00000, 0x00000000c6600000, 0x00000000ebf00000)
  object space 40960K, 23% used [0x00000000c3e00000,0x00000000c476f078,0x00000000c6600000)
 PSPermGen       total 21504K, used 3632K [0x00000000b9800000, 0x00000000bad00000, 0x00000000c3e00000)
  object space 21504K, 16% used [0x00000000b9800000,0x00000000b9b8c3d8,0x00000000bad00000)
}
Event: 2.664 GC heap before
{Heap before GC invocations=6 (full 0):
 PSYoungGen      total 33280K, used 33264K [0x00000000ebf00000, 0x00000000f0900000, 0x0000000100000000)
  eden space 30720K, 100% used [0x00000000ebf00000,0x00000000edd00000,0x00000000edd00000)
  from space 2560K, 99% used [0x00000000edd00000,0x00000000edf7c050,0x00000000edf80000)
  to   space 7168K, 0% used [0x00000000f0200000,0x00000000f0200000,0x00000000f0900000)
 ParOldGen       total 40960K, used 9660K [0x00000000c3e00000, 0x00000000c6600000, 0x00000000ebf00000)
  object space 40960K, 23% used [0x00000000c3e00000,0x00000000c476f078,0x00000000c6600000)
 PSPermGen       total 21504K, used 3647K [0x00000000b9800000, 0x00000000bad00000, 0x00000000c3e00000)
  object space 21504K, 16% used [0x00000000b9800000,0x00000000b9b8fe70,0x00000000bad00000)
Event: 2.696 GC heap after
Heap after GC invocations=6 (full 0):
 PSYoungGen      total 68608K, used 4772K [0x00000000ebf00000, 0x00000000f0900000, 0x0000000100000000)
  eden space 61440K, 0% used [0x00000000ebf00000,0x00000000ebf00000,0x00000000efb00000)
  from space 7168K, 66% used [0x00000000f0200000,0x00000000f06a9040,0x00000000f0900000)
  to   space 7168K, 0% used [0x00000000efb00000,0x00000000efb00000,0x00000000f0200000)
 ParOldGen       total 40960K, used 9668K [0x00000000c3e00000, 0x00000000c6600000, 0x00000000ebf00000)
  object space 40960K, 23% used [0x00000000c3e00000,0x00000000c4771078,0x00000000c6600000)
 PSPermGen       total 21504K, used 3647K [0x00000000b9800000, 0x00000000bad00000, 0x00000000c3e00000)
  object space 21504K, 16% used [0x00000000b9800000,0x00000000b9b8fe70,0x00000000bad00000)
}
Event: 3.142 GC heap before
{Heap before GC invocations=7 (full 0):
 PSYoungGen      total 68608K, used 66212K [0x00000000ebf00000, 0x00000000f0900000, 0x0000000100000000)
  eden space 61440K, 100% used [0x00000000ebf00000,0x00000000efb00000,0x00000000efb00000)
  from space 7168K, 66% used [0x00000000f0200000,0x00000000f06a9040,0x00000000f0900000)
  to   space 7168K, 0% used [0x00000000efb00000,0x00000000efb00000,0x00000000f0200000)
 ParOldGen       total 40960K, used 9668K [0x00000000c3e00000, 0x00000000c6600000, 0x00000000ebf00000)
  object space 40960K, 23% used [0x00000000c3e00000,0x00000000c4771078,0x00000000c6600000)
 PSPermGen       total 21504K, used 3668K [0x00000000b9800000, 0x00000000bad00000, 0x00000000c3e00000)
  object space 21504K, 17% used [0x00000000b9800000,0x00000000b9b95018,0x00000000bad00000)

Deoptimization events (9 events):
Event: 0.317 Thread 0x00007f92b400a000 Uncommon trap: reason=unstable_if action=reinterpret pc=0x00007f92b1060774 method=java.lang.String.indexOf(II)I @ 49
Event: 0.449 Thread 0x00007f92b400a000 Uncommon trap: reason=null_check action=make_not_entrant pc=0x00007f92b106ced4 method=com.android.dx.rop.type.Type.putIntern(Lcom/android/dx/rop/type/Type;)Lcom/android/dx/rop/type/Type; @ 18
Event: 0.584 Thread 0x00007f92b400a000 Uncommon trap: reason=unloaded action=reinterpret pc=0x00007f92b1073c98 method=com.android.dx.cf.cst.ConstantPoolParser.parse0(ILjava/util/BitSet;)Lcom/android/dx/rop/cst/Constant; @ 220
Event: 1.710 Thread 0x00007f92b400a000 Uncommon trap: reason=null_check action=make_not_entrant pc=0x00007f92b10991c4 method=com.android.dx.rop.type.Prototype.putIntern(Lcom/android/dx/rop/type/Prototype;)Lcom/android/dx/rop/type/Prototype; @ 18
Event: 1.763 Thread 0x00007f92b400a000 Uncommon trap: reason=unstable_if action=reinterpret pc=0x00007f92b1092264 method=com.android.dx.cf.direct.StdAttributeFactory.parse0(Lcom/android/dx/cf/direct/DirectClassFile;ILjava/lang/String;IILcom/android/dx/cf/iface/ParseObserver;)Lcom/android/dx/cf
Event: 1.852 Thread 0x00007f92b400a000 Uncommon trap: reason=unstable_if action=reinterpret pc=0x00007f92b108a87c method=java.util.HashMap.put(Ljava/lang/Object;Ljava/lang/Object;)Ljava/lang/Object; @ 65
Event: 1.998 Thread 0x00007f92b400a000 Uncommon trap: reason=unstable_if action=reinterpret pc=0x00007f92b10a8134 method=com.android.dx.cf.direct.StdAttributeFactory.parse0(Lcom/android/dx/cf/direct/DirectClassFile;ILjava/lang/String;IILcom/android/dx/cf/iface/ParseObserver;)Lcom/android/dx/cf
Event: 2.298 Thread 0x00007f92b400a000 Uncommon trap: reason=unstable_if action=reinterpret pc=0x00007f92b10c4e10 method=com.android.dx.cf.direct.StdAttributeFactory.parse0(Lcom/android/dx/cf/direct/DirectClassFile;ILjava/lang/String;IILcom/android/dx/cf/iface/ParseObserver;)Lcom/android/dx/cf
Event: 2.537 Thread 0x00007f92b400a000 Uncommon trap: reason=null_check action=make_not_entrant pc=0x00007f92b10cfd5c method=com.android.dx.cf.direct.StdAttributeFactory.enclosingMethod(Lcom/android/dx/cf/direct/DirectClassFile;IILcom/android/dx/cf/iface/ParseObserver;)Lcom/android/dx/cf/iface

Internal exceptions (10 events):
Event: 0.422 Thread 0x00007f92b400a000 Threw 0x00000000ec3cf880 at /build/openjdk-7-HVzwJZ/openjdk-7-7u95-2.6.4/build/openjdk/hotspot/src/share/vm/prims/jvm.cpp:1322
Event: 0.423 Thread 0x00007f92b400a000 Threw 0x00000000ec3d7d78 at /build/openjdk-7-HVzwJZ/openjdk-7-7u95-2.6.4/build/openjdk/hotspot/src/share/vm/prims/jvm.cpp:1322
Event: 0.449 Thread 0x00007f92b400a000 Implicit null exception at 0x00007f92b106c8bc to 0x00007f92b106cec9
Event: 0.496 Thread 0x00007f92b400a000 Threw 0x00000000ec600770 at /build/openjdk-7-HVzwJZ/openjdk-7-7u95-2.6.4/build/openjdk/hotspot/src/share/vm/prims/jvm.cpp:1322
Event: 1.569 Thread 0x00007f92b400a000 Threw 0x00000000ec04ca38 at /build/openjdk-7-HVzwJZ/openjdk-7-7u95-2.6.4/build/openjdk/hotspot/src/share/vm/prims/jvm.cpp:1322
Event: 1.709 Thread 0x00007f92b400a000 Implicit null exception at 0x00007f92b109862f to 0x00007f92b10991b9
Event: 1.828 Thread 0x00007f92b400a000 Threw 0x00000000ecd90920 at /build/openjdk-7-HVzwJZ/openjdk-7-7u95-2.6.4/build/openjdk/hotspot/src/share/vm/prims/jvm.cpp:1322
Event: 1.829 Thread 0x00007f92b400a000 Threw 0x00000000ecd93510 at /build/openjdk-7-HVzwJZ/openjdk-7-7u95-2.6.4/build/openjdk/hotspot/src/share/vm/prims/jvm.cpp:1322
Event: 2.302 Thread 0x00007f92b400a000 Threw 0x00000000ece06d88 at /build/openjdk-7-HVzwJZ/openjdk-7-7u95-2.6.4/build/openjdk/hotspot/src/share/vm/prims/jvm.cpp:1322
Event: 2.537 Thread 0x00007f92b400a000 Implicit null exception at 0x00007f92b10ceb0b to 0x00007f92b10cfd51

Events (10 events):
Event: 2.469 Executing VM operation: ParallelGCFailedAllocation done
Event: 2.533 Thread 0x00007f92b40ad000 flushing nmethod 0x00007f92b1060510
Event: 2.537 Thread 0x00007f92b400a000 Uncommon trap: trap_request=0xfffffff4 fr.pc=0x00007f92b10cfd5c
Event: 2.537 Thread 0x00007f92b400a000 DEOPT PACKING pc=0x00007f92b10cfd5c sp=0x00007f92be005490
Event: 2.537 Thread 0x00007f92b400a000 DEOPT UNPACKING pc=0x00007f92b1039445 sp=0x00007f92be0053a8 mode 2
Event: 2.651 Thread 0x00007f92b40aa000 flushing nmethod 0x00007f92b106c310
Event: 2.659 Thread 0x00007f92b40aa000 flushing nmethod 0x00007f92b1073010
Event: 2.664 Executing VM operation: ParallelGCFailedAllocation
Event: 2.696 Executing VM operation: ParallelGCFailedAllocation done
Event: 3.142 Executing VM operation: ParallelGCFailedAllocation


Dynamic libraries:
00400000-00401000 r-xp 00000000 08:01 5508137                            /usr/lib/jvm/java-7-openjdk-amd64/jre/bin/java
00600000-00601000 r--p 00000000 08:01 5508137                            /usr/lib/jvm/java-7-openjdk-amd64/jre/bin/java
00601000-00602000 rw-p 00001000 08:01 5508137                            /usr/lib/jvm/java-7-openjdk-amd64/jre/bin/java
01afc000-01b1d000 rw-p 00000000 00:00 0                                  [heap]
b9800000-bad00000 rw-p 00000000 00:00 0 
bad00000-c3e00000 rw-p 00000000 00:00 0 
c3e00000-c6600000 rw-p 00000000 00:00 0 
c6600000-ebf00000 rw-p 00000000 00:00 0 
ebf00000-f0900000 rw-p 00000000 00:00 0 
f4d00000-100000000 rw-p 00000000 00:00 0 
7f9278000000-7f9278021000 rw-p 00000000 00:00 0 
7f9278021000-7f927c000000 ---p 00000000 00:00 0 
7f9280000000-7f9280647000 rw-p 00000000 00:00 0 
7f9280647000-7f9284000000 ---p 00000000 00:00 0 
7f9284000000-7f9284021000 rw-p 00000000 00:00 0 
7f9284021000-7f9288000000 ---p 00000000 00:00 0 
7f9288000000-7f9288021000 rw-p 00000000 00:00 0 
7f9288021000-7f928c000000 ---p 00000000 00:00 0 
7f928c000000-7f928c5a3000 rw-p 00000000 00:00 0 
7f928c5a3000-7f9290000000 ---p 00000000 00:00 0 
7f9290000000-7f9290021000 rw-p 00000000 00:00 0 
7f9290021000-7f9294000000 ---p 00000000 00:00 0 
7f9294000000-7f9294021000 rw-p 00000000 00:00 0 
7f9294021000-7f9298000000 ---p 00000000 00:00 0 
7f9298000000-7f9298021000 rw-p 00000000 00:00 0 
7f9298021000-7f929c000000 ---p 00000000 00:00 0 
7f929c000000-7f929c021000 rw-p 00000000 00:00 0 
7f929c021000-7f92a0000000 ---p 00000000 00:00 0 
7f92a2b1f000-7f92a2bd0000 r--s 00b7d000 08:01 14694443                   /home/raihan/OpenSrpWorkSpace/opensrp-client-dghs-demo/opensrp-dghs/build/intermediates/multi-dex/x86/debug/allclasses.jar
7f92a2bd0000-7f92a2bd1000 ---p 00000000 00:00 0 
7f92a2bd1000-7f92a2cd1000 rw-p 00000000 00:00 0                          [stack:8521]
7f92a2cd1000-7f92a2cd4000 ---p 00000000 00:00 0 
7f92a2cd4000-7f92a2dd2000 rw-p 00000000 00:00 0                          [stack:8520]
7f92a2dd2000-7f92a2dd5000 ---p 00000000 00:00 0 
7f92a2dd5000-7f92a2ed3000 rw-p 00000000 00:00 0                          [stack:8519]
7f92a2ed3000-7f92a2ed6000 ---p 00000000 00:00 0 
7f92a2ed6000-7f92a2fd4000 rw-p 00000000 00:00 0                          [stack:8518]
7f92a2fd4000-7f92a2fd7000 ---p 00000000 00:00 0 
7f92a2fd7000-7f92a30d5000 rw-p 00000000 00:00 0                          [stack:8517]
7f92a30d5000-7f92a37f8000 r--p 00000000 08:01 4725570                    /usr/lib/locale/locale-archive
7f92a37f8000-7f92a37fb000 ---p 00000000 00:00 0 
7f92a37fb000-7f92a38f9000 rw-p 00000000 00:00 0                          [stack:8516]
7f92a38f9000-7f92a38fc000 ---p 00000000 00:00 0 
7f92a38fc000-7f92a39fa000 rw-p 00000000 00:00 0                          [stack:8515]
7f92a39fa000-7f92a39fb000 ---p 00000000 00:00 0 
7f92a39fb000-7f92a4000000 rw-p 00000000 00:00 0                          [stack:8514]
7f92a4000000-7f92a4021000 rw-p 00000000 00:00 0 
7f92a4021000-7f92a8000000 ---p 00000000 00:00 0 
7f92a8000000-7f92a8021000 rw-p 00000000 00:00 0 
7f92a8021000-7f92ac000000 ---p 00000000 00:00 0 
7f92ac000000-7f92ac021000 rw-p 00000000 00:00 0 
7f92ac021000-7f92b0000000 ---p 00000000 00:00 0 
7f92b003c000-7f92b0043000 r--s 00024000 08:01 14694445                   /home/raihan/OpenSrpWorkSpace/opensrp-client-dghs-demo/opensrp-dghs/build/intermediates/multi-dex/x86/debug/componentClasses.jar
7f92b0043000-7f92b0052000 r--s 000dd000 08:01 6177003                    /home/raihan/android-sdk-linux/build-tools/21.1.2/lib/dx.jar
7f92b0052000-7f92b0b4a000 rw-p 00000000 00:00 0 
7f92b0b4a000-7f92b0cfb000 r--s 01d30000 08:01 5508152                    /usr/lib/jvm/java-7-openjdk-amd64/jre/lib/rt.jar
7f92b0cfb000-7f92b1000000 rw-p 00000000 00:00 0 
7f92b1000000-7f92b1270000 rwxp 00000000 00:00 0 
7f92b1270000-7f92b4225000 rw-p 00000000 00:00 0 
7f92b4225000-7f92b8000000 ---p 00000000 00:00 0 
7f92b8006000-7f92ba36e000 rw-p 00000000 00:00 0 
7f92ba36e000-7f92ba36f000 ---p 00000000 00:00 0 
7f92ba36f000-7f92ba46f000 rw-p 00000000 00:00 0                          [stack:8513]
7f92ba46f000-7f92ba470000 ---p 00000000 00:00 0 
7f92ba470000-7f92ba570000 rw-p 00000000 00:00 0                          [stack:8512]
7f92ba570000-7f92ba571000 ---p 00000000 00:00 0 
7f92ba571000-7f92ba671000 rw-p 00000000 00:00 0                          [stack:8511]
7f92ba671000-7f92ba672000 ---p 00000000 00:00 0 
7f92ba672000-7f92ba77d000 rw-p 00000000 00:00 0                          [stack:8510]
7f92ba77d000-7f92ba7c5000 rw-p 00000000 00:00 0 
7f92ba7c5000-7f92ba7d9000 rw-p 00000000 00:00 0 
7f92ba7d9000-7f92ba906000 rw-p 00000000 00:00 0 
7f92ba906000-7f92ba911000 rw-p 00000000 00:00 0 
7f92ba911000-7f92ba959000 rw-p 00000000 00:00 0 
7f92ba959000-7f92ba96d000 rw-p 00000000 00:00 0 
7f92ba96d000-7f92baa99000 rw-p 00000000 00:00 0 
7f92baa99000-7f92baabf000 rw-p 00000000 00:00 0 
7f92baabf000-7f92bab3a000 rw-p 00000000 00:00 0 
7f92bab3a000-7f92bab3b000 rw-p 00000000 00:00 0 
7f92bab3b000-7f92bab43000 r-xp 00000000 08:01 5917892                    /usr/lib/jvm/java-7-openjdk-amd64/jre/lib/amd64/libzip.so
7f92bab43000-7f92bad42000 ---p 00008000 08:01 5917892                    /usr/lib/jvm/java-7-openjdk-amd64/jre/lib/amd64/libzip.so
7f92bad42000-7f92bad43000 r--p 00007000 08:01 5917892                    /usr/lib/jvm/java-7-openjdk-amd64/jre/lib/amd64/libzip.so
7f92bad43000-7f92bad44000 rw-p 00008000 08:01 5917892                    /usr/lib/jvm/java-7-openjdk-amd64/jre/lib/amd64/libzip.so
7f92bad44000-7f92bad4f000 r-xp 00000000 08:01 786646                     /lib/x86_64-linux-gnu/libnss_files-2.19.so
7f92bad4f000-7f92baf4e000 ---p 0000b000 08:01 786646                     /lib/x86_64-linux-gnu/libnss_files-2.19.so
7f92baf4e000-7f92baf4f000 r--p 0000a000 08:01 786646                     /lib/x86_64-linux-gnu/libnss_files-2.19.so
7f92baf4f000-7f92baf50000 rw-p 0000b000 08:01 786646                     /lib/x86_64-linux-gnu/libnss_files-2.19.so
7f92baf50000-7f92baf5b000 r-xp 00000000 08:01 786638                     /lib/x86_64-linux-gnu/libnss_nis-2.19.so
7f92baf5b000-7f92bb15a000 ---p 0000b000 08:01 786638                     /lib/x86_64-linux-gnu/libnss_nis-2.19.so
7f92bb15a000-7f92bb15b000 r--p 0000a000 08:01 786638                     /lib/x86_64-linux-gnu/libnss_nis-2.19.so
7f92bb15b000-7f92bb15c000 rw-p 0000b000 08:01 786638                     /lib/x86_64-linux-gnu/libnss_nis-2.19.so
7f92bb15c000-7f92bb173000 r-xp 00000000 08:01 786634                     /lib/x86_64-linux-gnu/libnsl-2.19.so
7f92bb173000-7f92bb372000 ---p 00017000 08:01 786634                     /lib/x86_64-linux-gnu/libnsl-2.19.so
7f92bb372000-7f92bb373000 r--p 00016000 08:01 786634                     /lib/x86_64-linux-gnu/libnsl-2.19.so
7f92bb373000-7f92bb374000 rw-p 00017000 08:01 786634                     /lib/x86_64-linux-gnu/libnsl-2.19.so
7f92bb374000-7f92bb376000 rw-p 00000000 00:00 0 
7f92bb376000-7f92bb37f000 r-xp 00000000 08:01 786633                     /lib/x86_64-linux-gnu/libnss_compat-2.19.so
7f92bb37f000-7f92bb57e000 ---p 00009000 08:01 786633                     /lib/x86_64-linux-gnu/libnss_compat-2.19.so
7f92bb57e000-7f92bb57f000 r--p 00008000 08:01 786633                     /lib/x86_64-linux-gnu/libnss_compat-2.19.so
7f92bb57f000-7f92bb580000 rw-p 00009000 08:01 786633                     /lib/x86_64-linux-gnu/libnss_compat-2.19.so
7f92bb580000-7f92bb5ab000 r-xp 00000000 08:01 5917877                    /usr/lib/jvm/java-7-openjdk-amd64/jre/lib/amd64/libjava.so
7f92bb5ab000-7f92bb7ab000 ---p 0002b000 08:01 5917877                    /usr/lib/jvm/java-7-openjdk-amd64/jre/lib/amd64/libjava.so
7f92bb7ab000-7f92bb7ac000 r--p 0002b000 08:01 5917877                    /usr/lib/jvm/java-7-openjdk-amd64/jre/lib/amd64/libjava.so
7f92bb7ac000-7f92bb7ae000 rw-p 0002c000 08:01 5917877                    /usr/lib/jvm/java-7-openjdk-amd64/jre/lib/amd64/libjava.so
7f92bb7ae000-7f92bb7be000 r-xp 00000000 08:01 5917878                    /usr/lib/jvm/java-7-openjdk-amd64/jre/lib/amd64/libverify.so
7f92bb7be000-7f92bb9bd000 ---p 00010000 08:01 5917878                    /usr/lib/jvm/java-7-openjdk-amd64/jre/lib/amd64/libverify.so
7f92bb9bd000-7f92bb9bf000 r--p 0000f000 08:01 5917878                    /usr/lib/jvm/java-7-openjdk-amd64/jre/lib/amd64/libverify.so
7f92bb9bf000-7f92bb9c0000 rw-p 00011000 08:01 5917878                    /usr/lib/jvm/java-7-openjdk-amd64/jre/lib/amd64/libverify.so
7f92bb9c0000-7f92bb9c7000 r-xp 00000000 08:01 786642                     /lib/x86_64-linux-gnu/librt-2.19.so
7f92bb9c7000-7f92bbbc6000 ---p 00007000 08:01 786642                     /lib/x86_64-linux-gnu/librt-2.19.so
7f92bbbc6000-7f92bbbc7000 r--p 00006000 08:01 786642                     /lib/x86_64-linux-gnu/librt-2.19.so
7f92bbbc7000-7f92bbbc8000 rw-p 00007000 08:01 786642                     /lib/x86_64-linux-gnu/librt-2.19.so
7f92bbbc8000-7f92bbbde000 r-xp 00000000 08:01 786612                     /lib/x86_64-linux-gnu/libgcc_s.so.1
7f92bbbde000-7f92bbddd000 ---p 00016000 08:01 786612                     /lib/x86_64-linux-gnu/libgcc_s.so.1
7f92bbddd000-7f92bbdde000 rw-p 00015000 08:01 786612                     /lib/x86_64-linux-gnu/libgcc_s.so.1
7f92bbdde000-7f92bbee3000 r-xp 00000000 08:01 786618                     /lib/x86_64-linux-gnu/libm-2.19.so
7f92bbee3000-7f92bc0e2000 ---p 00105000 08:01 786618                     /lib/x86_64-linux-gnu/libm-2.19.so
7f92bc0e2000-7f92bc0e3000 r--p 00104000 08:01 786618                     /lib/x86_64-linux-gnu/libm-2.19.so
7f92bc0e3000-7f92bc0e4000 rw-p 00105000 08:01 786618                     /lib/x86_64-linux-gnu/libm-2.19.so
7f92bc0e4000-7f92bc1ca000 r-xp 00000000 08:01 4721335                    /usr/lib/x86_64-linux-gnu/libstdc++.so.6.0.19
7f92bc1ca000-7f92bc3c9000 ---p 000e6000 08:01 4721335                    /usr/lib/x86_64-linux-gnu/libstdc++.so.6.0.19
7f92bc3c9000-7f92bc3d1000 r--p 000e5000 08:01 4721335                    /usr/lib/x86_64-linux-gnu/libstdc++.so.6.0.19
7f92bc3d1000-7f92bc3d3000 rw-p 000ed000 08:01 4721335                    /usr/lib/x86_64-linux-gnu/libstdc++.so.6.0.19
7f92bc3d3000-7f92bc3e8000 rw-p 00000000 00:00 0 
7f92bc3e8000-7f92bcf0c000 r-xp 00000000 08:01 5917890                    /usr/lib/jvm/java-7-openjdk-amd64/jre/lib/amd64/server/libjvm.so
7f92bcf0c000-7f92bd10c000 ---p 00b24000 08:01 5917890                    /usr/lib/jvm/java-7-openjdk-amd64/jre/lib/amd64/server/libjvm.so
7f92bd10c000-7f92bd1a6000 r--p 00b24000 08:01 5917890                    /usr/lib/jvm/java-7-openjdk-amd64/jre/lib/amd64/server/libjvm.so
7f92bd1a6000-7f92bd1c9000 rw-p 00bbe000 08:01 5917890                    /usr/lib/jvm/java-7-openjdk-amd64/jre/lib/amd64/server/libjvm.so
7f92bd1c9000-7f92bd1f7000 rw-p 00000000 00:00 0 
7f92bd1f7000-7f92bd20f000 r-xp 00000000 08:01 790555                     /lib/x86_64-linux-gnu/libz.so.1.2.8
7f92bd20f000-7f92bd40e000 ---p 00018000 08:01 790555                     /lib/x86_64-linux-gnu/libz.so.1.2.8
7f92bd40e000-7f92bd40f000 r--p 00017000 08:01 790555                     /lib/x86_64-linux-gnu/libz.so.1.2.8
7f92bd40f000-7f92bd410000 rw-p 00018000 08:01 790555                     /lib/x86_64-linux-gnu/libz.so.1.2.8
7f92bd410000-7f92bd429000 r-xp 00000000 08:01 786635                     /lib/x86_64-linux-gnu/libpthread-2.19.so
7f92bd429000-7f92bd628000 ---p 00019000 08:01 786635                     /lib/x86_64-linux-gnu/libpthread-2.19.so
7f92bd628000-7f92bd629000 r--p 00018000 08:01 786635                     /lib/x86_64-linux-gnu/libpthread-2.19.so
7f92bd629000-7f92bd62a000 rw-p 00019000 08:01 786635                     /lib/x86_64-linux-gnu/libpthread-2.19.so
7f92bd62a000-7f92bd62e000 rw-p 00000000 00:00 0 
7f92bd62e000-7f92bd631000 r-xp 00000000 08:01 786630                     /lib/x86_64-linux-gnu/libdl-2.19.so
7f92bd631000-7f92bd830000 ---p 00003000 08:01 786630                     /lib/x86_64-linux-gnu/libdl-2.19.so
7f92bd830000-7f92bd831000 r--p 00002000 08:01 786630                     /lib/x86_64-linux-gnu/libdl-2.19.so
7f92bd831000-7f92bd832000 rw-p 00003000 08:01 786630                     /lib/x86_64-linux-gnu/libdl-2.19.so
7f92bd832000-7f92bd9ed000 r-xp 00000000 08:01 786643                     /lib/x86_64-linux-gnu/libc-2.19.so
7f92bd9ed000-7f92bdbec000 ---p 001bb000 08:01 786643                     /lib/x86_64-linux-gnu/libc-2.19.so
7f92bdbec000-7f92bdbf0000 r--p 001ba000 08:01 786643                     /lib/x86_64-linux-gnu/libc-2.19.so
7f92bdbf0000-7f92bdbf2000 rw-p 001be000 08:01 786643                     /lib/x86_64-linux-gnu/libc-2.19.so
7f92bdbf2000-7f92bdbf7000 rw-p 00000000 00:00 0 
7f92bdbf7000-7f92bdc04000 r-xp 00000000 08:01 5917907                    /usr/lib/jvm/java-7-openjdk-amd64/jre/lib/amd64/jli/libjli.so
7f92bdc04000-7f92bde03000 ---p 0000d000 08:01 5917907                    /usr/lib/jvm/java-7-openjdk-amd64/jre/lib/amd64/jli/libjli.so
7f92bde03000-7f92bde04000 r--p 0000c000 08:01 5917907                    /usr/lib/jvm/java-7-openjdk-amd64/jre/lib/amd64/jli/libjli.so
7f92bde04000-7f92bde05000 rw-p 0000d000 08:01 5917907                    /usr/lib/jvm/java-7-openjdk-amd64/jre/lib/amd64/jli/libjli.so
7f92bde05000-7f92bde28000 r-xp 00000000 08:01 786636                     /lib/x86_64-linux-gnu/ld-2.19.so
7f92bde28000-7f92bde2b000 r--s 0000f000 08:01 5917931                    /usr/lib/jvm/java-7-openjdk-amd64/jre/lib/ext/icedtea-sound.jar
7f92bde2b000-7f92bde2f000 r--s 00034000 08:01 5917930                    /usr/lib/jvm/java-7-openjdk-amd64/jre/lib/ext/sunjce_provider.jar
7f92bde2f000-7f92bde50000 rw-p 00000000 00:00 0 
7f92bde50000-7f92bdf06000 rw-p 00000000 00:00 0 
7f92bdf06000-7f92bdf09000 ---p 00000000 00:00 0 
7f92bdf09000-7f92be00c000 rw-p 00000000 00:00 0                          [stack:8509]
7f92be00d000-7f92be00e000 rw-p 00000000 00:00 0 
7f92be00e000-7f92be010000 r--s 00012000 08:01 5917929                    /usr/lib/jvm/java-7-openjdk-amd64/jre/lib/ext/zipfs.jar
7f92be010000-7f92be012000 r--s 00006000 08:01 5118243                    /usr/share/java/java-atk-wrapper.jar
7f92be012000-7f92be016000 r--s 0003c000 08:01 5917933                    /usr/lib/jvm/java-7-openjdk-amd64/jre/lib/ext/sunpkcs11.jar
7f92be016000-7f92be01a000 r--s 00085000 08:01 5917932                    /usr/lib/jvm/java-7-openjdk-amd64/jre/lib/ext/localedata.jar
7f92be01a000-7f92be01b000 r--s 00002000 08:01 5917928                    /usr/lib/jvm/java-7-openjdk-amd64/jre/lib/ext/dnsns.jar
7f92be01b000-7f92be023000 rw-s 00000000 08:01 2368129                    /tmp/hsperfdata_raihan/8505
7f92be023000-7f92be024000 rw-p 00000000 00:00 0 
7f92be024000-7f92be025000 ---p 00000000 00:00 0 
7f92be025000-7f92be027000 rw-p 00000000 00:00 0 
7f92be027000-7f92be028000 r--p 00022000 08:01 786636                     /lib/x86_64-linux-gnu/ld-2.19.so
7f92be028000-7f92be029000 rw-p 00023000 08:01 786636                     /lib/x86_64-linux-gnu/ld-2.19.so
7f92be029000-7f92be02a000 rw-p 00000000 00:00 0 
7fffe8498000-7fffe84b9000 rw-p 00000000 00:00 0                          [stack]
7fffe85fe000-7fffe8600000 r-xp 00000000 00:00 0                          [vdso]
ffffffffff600000-ffffffffff601000 r-xp 00000000 00:00 0                  [vsyscall]

VM Arguments:
jvm_args: -Dfile.encoding=UTF-8 -Duser.country=US -Duser.language=en -Duser.variant 
java_command: com.android.multidex.ClassReferenceListBuilder /home/raihan/OpenSrpWorkSpace/opensrp-client-dghs-demo/opensrp-dghs/build/intermediates/multi-dex/x86/debug/componentClasses.jar /home/raihan/OpenSrpWorkSpace/opensrp-client-dghs-demo/opensrp-dghs/build/intermediates/multi-dex/x86/debug/allclasses.jar
Launcher Type: SUN_STANDARD

Environment Variables:
PATH=/usr/local/sbin:/usr/local/bin:/usr/sbin:/usr/bin:/sbin:/bin:/usr/games:/usr/local/games
SHELL=/bin/bash
DISPLAY=:0

Signal Handlers:
SIGSEGV: [libjvm.so+0x9548f0], sa_mask[0]=0x7ffbfeff, sa_flags=0x10000004
SIGBUS: [libjvm.so+0x9548f0], sa_mask[0]=0x7ffbfeff, sa_flags=0x10000004
SIGFPE: [libjvm.so+0x7cb0b0], sa_mask[0]=0x7ffbfeff, sa_flags=0x10000004
SIGPIPE: [libjvm.so+0x7cb0b0], sa_mask[0]=0x7ffbfeff, sa_flags=0x10000004
SIGXFSZ: [libjvm.so+0x7cb0b0], sa_mask[0]=0x7ffbfeff, sa_flags=0x10000004
SIGILL: [libjvm.so+0x7cb0b0], sa_mask[0]=0x7ffbfeff, sa_flags=0x10000004
SIGUSR1: SIG_DFL, sa_mask[0]=0x00000000, sa_flags=0x00000000
SIGUSR2: [libjvm.so+0x7caf50], sa_mask[0]=0x00000004, sa_flags=0x10000004
SIGHUP: [libjvm.so+0x7cb130], sa_mask[0]=0x7ffbfeff, sa_flags=0x10000004
SIGINT: [libjvm.so+0x7cb130], sa_mask[0]=0x7ffbfeff, sa_flags=0x10000004
SIGTERM: [libjvm.so+0x7cb130], sa_mask[0]=0x7ffbfeff, sa_flags=0x10000004
SIGQUIT: [libjvm.so+0x7cb130], sa_mask[0]=0x7ffbfeff, sa_flags=0x10000004
SIGTRAP: SIG_DFL, sa_mask[0]=0x00000000, sa_flags=0x00000000


---------------  S Y S T E M  ---------------

OS:Ubuntu 14.04 (trusty)
uname:Linux 3.13.0-24-generic #46-Ubuntu SMP Thu Apr 10 19:11:08 UTC 2014 x86_64
libc:glibc 2.19 NPTL 2.19 
rlimit: STACK 8192k, CORE 0k, NPROC 30570, NOFILE 4096, AS infinity
load average:5.23 3.94 2.45

/proc/meminfo:
MemTotal:        3934516 kB
MemFree:           87512 kB
Buffers:             928 kB
Cached:           449816 kB
SwapCached:        10000 kB
Active:          2200628 kB
Inactive:         816476 kB
Active(anon):    2193904 kB
Inactive(anon):   792536 kB
Active(file):       6724 kB
Inactive(file):    23940 kB
Unevictable:          88 kB
Mlocked:              88 kB
SwapTotal:       4080636 kB
SwapFree:              0 kB
Dirty:               240 kB
Writeback:            28 kB
AnonPages:       2557820 kB
Mapped:           570420 kB
Shmem:            419648 kB
Slab:              92128 kB
SReclaimable:      35032 kB
SUnreclaim:        57096 kB
KernelStack:        7816 kB
PageTables:        99660 kB
NFS_Unstable:          0 kB
Bounce:                0 kB
WritebackTmp:          0 kB
CommitLimit:     6047892 kB
Committed_AS:   26708796 kB
VmallocTotal:   34359738367 kB
VmallocUsed:      553488 kB
VmallocChunk:   34359176156 kB
HardwareCorrupted:     0 kB
AnonHugePages:    360448 kB
HugePages_Total:       0
HugePages_Free:        0
HugePages_Rsvd:        0
HugePages_Surp:        0
Hugepagesize:       2048 kB
DirectMap4k:       69120 kB
DirectMap2M:     1916928 kB
DirectMap1G:     2097152 kB


CPU:total 4 (2 cores per cpu, 2 threads per core) family 6 model 61 stepping 4, cmov, cx8, fxsr, mmx, sse, sse2, sse3, ssse3, sse4.1, sse4.2, popcnt, avx, avx2, aes, erms, ht, tsc, tscinvbit

/proc/cpuinfo:
processor	: 0
vendor_id	: GenuineIntel
cpu family	: 6
model		: 61
model name	: Intel(R) Core(TM) i5-5200U CPU @ 2.20GHz
stepping	: 4
microcode	: 0x1f
cpu MHz		: 1600.000
cache size	: 3072 KB
physical id	: 0
siblings	: 4
core id		: 0
cpu cores	: 2
apicid		: 0
initial apicid	: 0
fpu		: yes
fpu_exception	: yes
cpuid level	: 20
wp		: yes
flags		: fpu vme de pse tsc msr pae mce cx8 apic sep mtrr pge mca cmov pat pse36 clflush dts acpi mmx fxsr sse sse2 ss ht tm pbe syscall nx pdpe1gb rdtscp lm constant_tsc arch_perfmon pebs bts rep_good nopl xtopology nonstop_tsc aperfmperf eagerfpu pni pclmulqdq dtes64 monitor ds_cpl vmx est tm2 ssse3 fma cx16 xtpr pdcm pcid sse4_1 sse4_2 x2apic movbe popcnt tsc_deadline_timer aes xsave avx f16c rdrand lahf_lm abm 3dnowprefetch ida arat epb xsaveopt pln pts dtherm tpr_shadow vnmi flexpriority ept vpid fsgsbase tsc_adjust bmi1 avx2 smep bmi2 erms invpcid rdseed adx smap
bogomips	: 4389.72
clflush size	: 64
cache_alignment	: 64
address sizes	: 39 bits physical, 48 bits virtual
power management:

processor	: 1
vendor_id	: GenuineIntel
cpu family	: 6
model		: 61
model name	: Intel(R) Core(TM) i5-5200U CPU @ 2.20GHz
stepping	: 4
microcode	: 0x1f
cpu MHz		: 2201.000
cache size	: 3072 KB
physical id	: 0
siblings	: 4
core id		: 0
cpu cores	: 2
apicid		: 1
initial apicid	: 1
fpu		: yes
fpu_exception	: yes
cpuid level	: 20
wp		: yes
flags		: fpu vme de pse tsc msr pae mce cx8 apic sep mtrr pge mca cmov pat pse36 clflush dts acpi mmx fxsr sse sse2 ss ht tm pbe syscall nx pdpe1gb rdtscp lm constant_tsc arch_perfmon pebs bts rep_good nopl xtopology nonstop_tsc aperfmperf eagerfpu pni pclmulqdq dtes64 monitor ds_cpl vmx est tm2 ssse3 fma cx16 xtpr pdcm pcid sse4_1 sse4_2 x2apic movbe popcnt tsc_deadline_timer aes xsave avx f16c rdrand lahf_lm abm 3dnowprefetch ida arat epb xsaveopt pln pts dtherm tpr_shadow vnmi flexpriority ept vpid fsgsbase tsc_adjust bmi1 avx2 smep bmi2 erms invpcid rdseed adx smap
bogomips	: 4389.72
clflush size	: 64
cache_alignment	: 64
address sizes	: 39 bits physical, 48 bits virtual
power management:

processor	: 2
vendor_id	: GenuineIntel
cpu family	: 6
model		: 61
model name	: Intel(R) Core(TM) i5-5200U CPU @ 2.20GHz
stepping	: 4
microcode	: 0x1f
cpu MHz		: 2201.000
cache size	: 3072 KB
physical id	: 0
siblings	: 4
core id		: 1
cpu cores	: 2
apicid		: 2
initial apicid	: 2
fpu		: yes
fpu_exception	: yes
cpuid level	: 20
wp		: yes
flags		: fpu vme de pse tsc msr pae mce cx8 apic sep mtrr pge mca cmov pat pse36 clflush dts acpi mmx fxsr sse sse2 ss ht tm pbe syscall nx pdpe1gb rdtscp lm constant_tsc arch_perfmon pebs bts rep_good nopl xtopology nonstop_tsc aperfmperf eagerfpu pni pclmulqdq dtes64 monitor ds_cpl vmx est tm2 ssse3 fma cx16 xtpr pdcm pcid sse4_1 sse4_2 x2apic movbe popcnt tsc_deadline_timer aes xsave avx f16c rdrand lahf_lm abm 3dnowprefetch ida arat epb xsaveopt pln pts dtherm tpr_shadow vnmi flexpriority ept vpid fsgsbase tsc_adjust bmi1 avx2 smep bmi2 erms invpcid rdseed adx smap
bogomips	: 4389.72
clflush size	: 64
cache_alignment	: 64
address sizes	: 39 bits physical, 48 bits virtual
power management:

processor	: 3
vendor_id	: GenuineIntel
cpu family	: 6
model		: 61
model name	: Intel(R) Core(TM) i5-5200U CPU @ 2.20GHz
stepping	: 4
microcode	: 0x1f
cpu MHz		: 1500.000
cache size	: 3072 KB
physical id	: 0
siblings	: 4
core id		: 1
cpu cores	: 2
apicid		: 3
initial apicid	: 3
fpu		: yes
fpu_exception	: yes
cpuid level	: 20
wp		: yes
flags		: fpu vme de pse tsc msr pae mce cx8 apic sep mtrr pge mca cmov pat pse36 clflush dts acpi mmx fxsr sse sse2 ss ht tm pbe syscall nx pdpe1gb rdtscp lm constant_tsc arch_perfmon pebs bts rep_good nopl xtopology nonstop_tsc aperfmperf eagerfpu pni pclmulqdq dtes64 monitor ds_cpl vmx est tm2 ssse3 fma cx16 xtpr pdcm pcid sse4_1 sse4_2 x2apic movbe popcnt tsc_deadline_timer aes xsave avx f16c rdrand lahf_lm abm 3dnowprefetch ida arat epb xsaveopt pln pts dtherm tpr_shadow vnmi flexpriority ept vpid fsgsbase tsc_adjust bmi1 avx2 smep bmi2 erms invpcid rdseed adx smap
bogomips	: 4389.72
clflush size	: 64
cache_alignment	: 64
address sizes	: 39 bits physical, 48 bits virtual
power management:



Memory: 4k page, physical 3934516k(88228k free), swap 4080636k(0k free)

vm_info: OpenJDK 64-Bit Server VM (24.95-b01) for linux-amd64 JRE (1.7.0_95-b00), built on Mar 24 2016 06:13:32 by "buildd" with gcc 4.8.2

time: Sat Jul 16 17:15:10 2016
elapsed time: 3 seconds

