#
# There is insufficient memory for the Java Runtime Environment to continue.
# Native memory allocation (malloc) failed to allocate 153616384 bytes for committing reserved memory.
# Possible reasons:
#   The system is out of physical RAM or swap space
#   In 32 bit mode, the process size limit was hit
# Possible solutions:
#   Reduce memory load on the system
#   Increase physical memory or swap space
#   Check if swap backing store is full
#   Use 64 bit Java on a 64 bit OS
#   Decrease Java heap size (-Xmx/-Xms)
#   Decrease number of Java threads
#   Decrease Java thread stack sizes (-Xss)
#   Set larger code cache with -XX:ReservedCodeCacheSize=
# This output file may be truncated or incomplete.
#
#  Out of Memory Error (os_linux.cpp:2827), pid=16837, tid=140281024321280
#
# JRE version: OpenJDK Runtime Environment (7.0_95) (build 1.7.0_95-b00)
# Java VM: OpenJDK 64-Bit Server VM (24.95-b01 mixed mode linux-amd64 compressed oops)
# Derivative: IcedTea 2.6.4
# Distribution: Ubuntu 14.04 LTS, package 7u95-2.6.4-0ubuntu0.14.04.2
# Failed to write core dump. Core dumps have been disabled. To enable core dumping, try "ulimit -c unlimited" before starting Java again
#

---------------  T H R E A D  ---------------

Current thread (0x00007f95bc076000):  VMThread [stack: 0x00007f95b88f9000,0x00007f95b89fa000] [id=16846]

Stack: [0x00007f95b88f9000,0x00007f95b89fa000],  sp=0x00007f95b89f8490,  free space=1021k
Native frames: (J=compiled Java code, j=interpreted, Vv=VM code, C=native code)
V  [libjvm.so+0x953e15]
V  [libjvm.so+0x48fd94]
V  [libjvm.so+0x7cf87b]
V  [libjvm.so+0x7ca33f]
V  [libjvm.so+0x83dacb]
V  [libjvm.so+0x82d86b]
V  [libjvm.so+0x82da2b]
V  [libjvm.so+0x82e958]
V  [libjvm.so+0x8355b4]
V  [libjvm.so+0x83bc0d]
V  [libjvm.so+0x7f2083]
V  [libjvm.so+0x955814]
V  [libjvm.so+0x959917]
V  [libjvm.so+0x9583d8]
V  [libjvm.so+0x958839]
V  [libjvm.so+0x958c82]
V  [libjvm.so+0x7cc742]

VM_Operation (0x00007f95c4c85e20): ParallelGCFailedAllocation, mode: safepoint, requested by thread 0x00007f95bc00a800


---------------  P R O C E S S  ---------------

Java Threads: ( => current thread )
  0x00007f95bc0af800 JavaThread "Service Thread" daemon [_thread_blocked, id=16852, stack(0x00007f95b82f3000,0x00007f95b83f4000)]
  0x00007f95bc0ad000 JavaThread "C2 CompilerThread1" daemon [_thread_blocked, id=16851, stack(0x00007f95b83f4000,0x00007f95b84f5000)]
  0x00007f95bc0aa000 JavaThread "C2 CompilerThread0" daemon [_thread_blocked, id=16850, stack(0x00007f95b84f5000,0x00007f95b85f6000)]
  0x00007f95bc0a8000 JavaThread "Signal Dispatcher" daemon [_thread_blocked, id=16849, stack(0x00007f95b85f6000,0x00007f95b86f7000)]
  0x00007f95bc07c000 JavaThread "Finalizer" daemon [_thread_blocked, id=16848, stack(0x00007f95b86f7000,0x00007f95b87f8000)]
  0x00007f95bc07a000 JavaThread "Reference Handler" daemon [_thread_blocked, id=16847, stack(0x00007f95b87f8000,0x00007f95b88f9000)]
  0x00007f95bc00a800 JavaThread "main" [_thread_blocked, id=16841, stack(0x00007f95c4b87000,0x00007f95c4c88000)]

Other Threads:
=>0x00007f95bc076000 VMThread [stack: 0x00007f95b88f9000,0x00007f95b89fa000] [id=16846]
  0x00007f95bc0ba000 WatcherThread [stack: 0x00007f95b81f2000,0x00007f95b82f3000] [id=16853]

VM state:at safepoint (normal execution)

VM Mutex/Monitor currently owned by a thread:  ([mutex/lock_event])
[0x00007f95bc006370] ExpandHeap_lock - owner thread: 0x00007f95bc076000
[0x00007f95bc0069f0] Threads_lock - owner thread: 0x00007f95bc076000
[0x00007f95bc006ef0] Heap_lock - owner thread: 0x00007f95bc00a800

Heap
 PSYoungGen      total 233472K, used 0K [0x00000000eaa80000, 0x0000000100000000, 0x0000000100000000)
  eden space 117248K, 0% used [0x00000000eaa80000,0x00000000eaa80000,0x00000000f1d00000)
  from space 116224K, 0% used [0x00000000f1d00000,0x00000000f1d00000,0x00000000f8e80000)
  to   space 116224K, 0% used [0x00000000f8e80000,0x00000000f8e80000,0x0000000100000000)
 ParOldGen       total 529920K, used 511006K [0x00000000c0000000, 0x00000000e0580000, 0x00000000eaa80000)
  object space 529920K, 96% used [0x00000000c0000000,0x00000000df3079a0,0x00000000e0580000)
 PSPermGen       total 21504K, used 6216K [0x00000000b5a00000, 0x00000000b6f00000, 0x00000000c0000000)
  object space 21504K, 28% used [0x00000000b5a00000,0x00000000b60122c8,0x00000000b6f00000)

Card table byte_map: [0x00007f95c1567000,0x00007f95c17bb000] byte_map_base: 0x00007f95c0fba000

Polling page: 0x00007f95c4ca4000

Code Cache  [0x00007f95b9000000, 0x00007f95b9450000, 0x00007f95bc000000)
 total_blobs=1316 nmethods=1088 adapters=181 free_code_cache=44883Kb largest_free_block=45837952

Compilation events (10 events):
Event: 21.634 Thread 0x00007f95bc0ad000 1170             com.android.dx.rop.cst.CstFloat::getType (4 bytes)
Event: 21.634 Thread 0x00007f95bc0ad000 nmethod 1170 0x00007f95b93dcd90 code [0x00007f95b93dcec0, 0x00007f95b93dcf18]
Event: 21.652 Thread 0x00007f95bc0aa000 1171   !         com.android.dx.cf.code.BytecodeArray::parseInstruction (2764 bytes)
Event: 21.760 Thread 0x00007f95bc0ad000 1172             com.android.dx.cf.attrib.RawAttribute::byteLength (11 bytes)
Event: 21.760 Thread 0x00007f95bc0ad000 nmethod 1172 0x00007f95b93d8510 code [0x00007f95b93d8640, 0x00007f95b93d86b8]
Event: 22.061 Thread 0x00007f95bc0aa000 nmethod 1171 0x00007f95b9438a50 code [0x00007f95b943a220, 0x00007f95b9440c40]
Event: 22.063 Thread 0x00007f95bc0ad000 1173             com.android.dx.command.dexer.Main::fixPath (56 bytes)
Event: 22.074 Thread 0x00007f95bc0ad000 nmethod 1173 0x00007f95b9337d10 code [0x00007f95b9337e80, 0x00007f95b9338178]
Event: 22.182 Thread 0x00007f95bc0aa000 1174             com.android.dx.cf.attrib.AttSignature::byteLength (3 bytes)
Event: 22.183 Thread 0x00007f95bc0aa000 nmethod 1174 0x00007f95b9089750 code [0x00007f95b9089880, 0x00007f95b90898d8]

GC Heap History (10 events):
Event: 20.782 GC heap after
Heap after GC invocations=32 (full 5):
 PSYoungGen      total 233472K, used 31683K [0x00000000eaa80000, 0x0000000100000000, 0x0000000100000000)
  eden space 117248K, 0% used [0x00000000eaa80000,0x00000000eaa80000,0x00000000f1d00000)
  from space 116224K, 27% used [0x00000000f1d00000,0x00000000f3bf0da0,0x00000000f8e80000)
  to   space 116224K, 0% used [0x00000000f8e80000,0x00000000f8e80000,0x0000000100000000)
 ParOldGen       total 529920K, used 407496K [0x00000000c0000000, 0x00000000e0580000, 0x00000000eaa80000)
  object space 529920K, 76% used [0x00000000c0000000,0x00000000d8df20d0,0x00000000e0580000)
 PSPermGen       total 21504K, used 6205K [0x00000000b5a00000, 0x00000000b6f00000, 0x00000000c0000000)
  object space 21504K, 28% used [0x00000000b5a00000,0x00000000b600f520,0x00000000b6f00000)
}
Event: 21.072 GC heap before
{Heap before GC invocations=33 (full 5):
 PSYoungGen      total 233472K, used 148931K [0x00000000eaa80000, 0x0000000100000000, 0x0000000100000000)
  eden space 117248K, 100% used [0x00000000eaa80000,0x00000000f1d00000,0x00000000f1d00000)
  from space 116224K, 27% used [0x00000000f1d00000,0x00000000f3bf0da0,0x00000000f8e80000)
  to   space 116224K, 0% used [0x00000000f8e80000,0x00000000f8e80000,0x0000000100000000)
 ParOldGen       total 529920K, used 407496K [0x00000000c0000000, 0x00000000e0580000, 0x00000000eaa80000)
  object space 529920K, 76% used [0x00000000c0000000,0x00000000d8df20d0,0x00000000e0580000)
 PSPermGen       total 21504K, used 6207K [0x00000000b5a00000, 0x00000000b6f00000, 0x00000000c0000000)
  object space 21504K, 28% used [0x00000000b5a00000,0x00000000b600fd98,0x00000000b6f00000)
Event: 21.172 GC heap after
Heap after GC invocations=33 (full 5):
 PSYoungGen      total 233472K, used 20000K [0x00000000eaa80000, 0x0000000100000000, 0x0000000100000000)
  eden space 117248K, 0% used [0x00000000eaa80000,0x00000000eaa80000,0x00000000f1d00000)
  from space 116224K, 17% used [0x00000000f8e80000,0x00000000fa208000,0x0000000100000000)
  to   space 116224K, 0% used [0x00000000f1d00000,0x00000000f1d00000,0x00000000f8e80000)
 ParOldGen       total 529920K, used 438339K [0x00000000c0000000, 0x00000000e0580000, 0x00000000eaa80000)
  object space 529920K, 82% used [0x00000000c0000000,0x00000000dac10d48,0x00000000e0580000)
 PSPermGen       total 21504K, used 6207K [0x00000000b5a00000, 0x00000000b6f00000, 0x00000000c0000000)
  object space 21504K, 28% used [0x00000000b5a00000,0x00000000b600fd98,0x00000000b6f00000)
}
Event: 21.453 GC heap before
{Heap before GC invocations=34 (full 5):
 PSYoungGen      total 233472K, used 137248K [0x00000000eaa80000, 0x0000000100000000, 0x0000000100000000)
  eden space 117248K, 100% used [0x00000000eaa80000,0x00000000f1d00000,0x00000000f1d00000)
  from space 116224K, 17% used [0x00000000f8e80000,0x00000000fa208000,0x0000000100000000)
  to   space 116224K, 0% used [0x00000000f1d00000,0x00000000f1d00000,0x00000000f8e80000)
 ParOldGen       total 529920K, used 438339K [0x00000000c0000000, 0x00000000e0580000, 0x00000000eaa80000)
  object space 529920K, 82% used [0x00000000c0000000,0x00000000dac10d48,0x00000000e0580000)
 PSPermGen       total 21504K, used 6208K [0x00000000b5a00000, 0x00000000b6f00000, 0x00000000c0000000)
  object space 21504K, 28% used [0x00000000b5a00000,0x00000000b6010080,0x00000000b6f00000)
Event: 21.503 GC heap after
Heap after GC invocations=34 (full 5):
 PSYoungGen      total 233472K, used 18301K [0x00000000eaa80000, 0x0000000100000000, 0x0000000100000000)
  eden space 117248K, 0% used [0x00000000eaa80000,0x00000000eaa80000,0x00000000f1d00000)
  from space 116224K, 15% used [0x00000000f1d00000,0x00000000f2edf7e0,0x00000000f8e80000)
  to   space 116224K, 0% used [0x00000000f8e80000,0x00000000f8e80000,0x0000000100000000)
 ParOldGen       total 529920K, used 457511K [0x00000000c0000000, 0x00000000e0580000, 0x00000000eaa80000)
  object space 529920K, 86% used [0x00000000c0000000,0x00000000dbec9d80,0x00000000e0580000)
 PSPermGen       total 21504K, used 6208K [0x00000000b5a00000, 0x00000000b6f00000, 0x00000000c0000000)
  object space 21504K, 28% used [0x00000000b5a00000,0x00000000b6010080,0x00000000b6f00000)
}
Event: 21.837 GC heap before
{Heap before GC invocations=35 (full 5):
 PSYoungGen      total 233472K, used 135549K [0x00000000eaa80000, 0x0000000100000000, 0x0000000100000000)
  eden space 117248K, 100% used [0x00000000eaa80000,0x00000000f1d00000,0x00000000f1d00000)
  from space 116224K, 15% used [0x00000000f1d00000,0x00000000f2edf7e0,0x00000000f8e80000)
  to   space 116224K, 0% used [0x00000000f8e80000,0x00000000f8e80000,0x0000000100000000)
 ParOldGen       total 529920K, used 457511K [0x00000000c0000000, 0x00000000e0580000, 0x00000000eaa80000)
  object space 529920K, 86% used [0x00000000c0000000,0x00000000dbec9d80,0x00000000e0580000)
 PSPermGen       total 21504K, used 6215K [0x00000000b5a00000, 0x00000000b6f00000, 0x00000000c0000000)
  object space 21504K, 28% used [0x00000000b5a00000,0x00000000b6011ea8,0x00000000b6f00000)
Event: 21.959 GC heap after
Heap after GC invocations=35 (full 5):
 PSYoungGen      total 233472K, used 19180K [0x00000000eaa80000, 0x0000000100000000, 0x0000000100000000)
  eden space 117248K, 0% used [0x00000000eaa80000,0x00000000eaa80000,0x00000000f1d00000)
  from space 116224K, 16% used [0x00000000f8e80000,0x00000000fa13b158,0x0000000100000000)
  to   space 116224K, 0% used [0x00000000f1d00000,0x00000000f1d00000,0x00000000f8e80000)
 ParOldGen       total 529920K, used 475167K [0x00000000c0000000, 0x00000000e0580000, 0x00000000eaa80000)
  object space 529920K, 89% used [0x00000000c0000000,0x00000000dd007f30,0x00000000e0580000)
 PSPermGen       total 21504K, used 6215K [0x00000000b5a00000, 0x00000000b6f00000, 0x00000000c0000000)
  object space 21504K, 28% used [0x00000000b5a00000,0x00000000b6011ea8,0x00000000b6f00000)
}
Event: 22.259 GC heap before
{Heap before GC invocations=36 (full 5):
 PSYoungGen      total 233472K, used 136428K [0x00000000eaa80000, 0x0000000100000000, 0x0000000100000000)
  eden space 117248K, 100% used [0x00000000eaa80000,0x00000000f1d00000,0x00000000f1d00000)
  from space 116224K, 16% used [0x00000000f8e80000,0x00000000fa13b158,0x0000000100000000)
  to   space 116224K, 0% used [0x00000000f1d00000,0x00000000f1d00000,0x00000000f8e80000)
 ParOldGen       total 529920K, used 475167K [0x00000000c0000000, 0x00000000e0580000, 0x00000000eaa80000)
  object space 529920K, 89% used [0x00000000c0000000,0x00000000dd007f30,0x00000000e0580000)
 PSPermGen       total 21504K, used 6216K [0x00000000b5a00000, 0x00000000b6f00000, 0x00000000c0000000)
  object space 21504K, 28% used [0x00000000b5a00000,0x00000000b6012368,0x00000000b6f00000)
Event: 22.459 GC heap after
Heap after GC invocations=36 (full 5):
 PSYoungGen      total 233472K, used 18833K [0x00000000eaa80000, 0x0000000100000000, 0x0000000100000000)
  eden space 117248K, 0% used [0x00000000eaa80000,0x00000000eaa80000,0x00000000f1d00000)
  from space 116224K, 16% used [0x00000000f1d00000,0x00000000f2f646e8,0x00000000f8e80000)
  to   space 116224K, 0% used [0x00000000f8e80000,0x00000000f8e80000,0x0000000100000000)
 ParOldGen       total 529920K, used 493441K [0x00000000c0000000, 0x00000000e0580000, 0x00000000eaa80000)
  object space 529920K, 93% used [0x00000000c0000000,0x00000000de1e0630,0x00000000e0580000)
 PSPermGen       total 21504K, used 6216K [0x00000000b5a00000, 0x00000000b6f00000, 0x00000000c0000000)
  object space 21504K, 28% used [0x00000000b5a00000,0x00000000b6012368,0x00000000b6f00000)
}
Event: 22.460 GC heap before
{Heap before GC invocations=37 (full 6):
 PSYoungGen      total 233472K, used 18833K [0x00000000eaa80000, 0x0000000100000000, 0x0000000100000000)
  eden space 117248K, 0% used [0x00000000eaa80000,0x00000000eaa80000,0x00000000f1d00000)
  from space 116224K, 16% used [0x00000000f1d00000,0x00000000f2f646e8,0x00000000f8e80000)
  to   space 116224K, 0% used [0x00000000f8e80000,0x00000000f8e80000,0x0000000100000000)
 ParOldGen       total 529920K, used 493441K [0x00000000c0000000, 0x00000000e0580000, 0x00000000eaa80000)
  object space 529920K, 93% used [0x00000000c0000000,0x00000000de1e0630,0x00000000e0580000)
 PSPermGen       total 21504K, used 6216K [0x00000000b5a00000, 0x00000000b6f00000, 0x00000000c0000000)
  object space 21504K, 28% used [0x00000000b5a00000,0x00000000b6012368,0x00000000b6f00000)

Deoptimization events (10 events):
Event: 16.105 Thread 0x00007f95bc00a800 Uncommon trap: reason=bimorphic action=maybe_recompile pc=0x00007f95b93bef84 method=com.android.dx.cf.code.BytecodeArray.parseInstruction(ILcom/android/dx/cf/code/BytecodeArray$Visitor;)I @ 1447
Event: 16.928 Thread 0x00007f95bc00a800 Uncommon trap: reason=unstable_if action=reinterpret pc=0x00007f95b91d3b70 method=com.android.dx.rop.code.AccessFlags.isNative(I)Z @ 5
Event: 16.981 Thread 0x00007f95bc00a800 Uncommon trap: reason=unstable_if action=reinterpret pc=0x00007f95b90e1108 method=com.android.dx.util.IntList.equals(Ljava/lang/Object;)Z @ 2
Event: 17.274 Thread 0x00007f95bc00a800 Uncommon trap: reason=bimorphic action=maybe_recompile pc=0x00007f95b93f6658 method=com.android.dx.cf.code.BytecodeArray.parseInstruction(ILcom/android/dx/cf/code/BytecodeArray$Visitor;)I @ 1987
Event: 17.274 Thread 0x00007f95bc00a800 Uncommon trap: reason=bimorphic action=maybe_recompile pc=0x00007f95b93f6658 method=com.android.dx.cf.code.BytecodeArray.parseInstruction(ILcom/android/dx/cf/code/BytecodeArray$Visitor;)I @ 1987
Event: 21.428 Thread 0x00007f95bc00a800 Uncommon trap: reason=unstable_if action=reinterpret pc=0x00007f95b917a508 method=com.android.dx.rop.code.RegisterSpecSet.<init>(I)V @ 2
Event: 21.430 Thread 0x00007f95bc00a800 Uncommon trap: reason=unstable_if action=reinterpret pc=0x00007f95b933c52c method=com.android.dx.rop.code.RegisterSpecSet.<init>(I)V @ 2
Event: 21.634 Thread 0x00007f95bc00a800 Uncommon trap: reason=bimorphic action=maybe_recompile pc=0x00007f95b942ba4c method=com.android.dx.cf.code.BytecodeArray.parseInstruction(ILcom/android/dx/cf/code/BytecodeArray$Visitor;)I @ 1035
Event: 21.635 Thread 0x00007f95bc00a800 Uncommon trap: reason=bimorphic action=maybe_recompile pc=0x00007f95b942bac8 method=com.android.dx.cf.code.BytecodeArray.parseInstruction(ILcom/android/dx/cf/code/BytecodeArray$Visitor;)I @ 1051
Event: 21.635 Thread 0x00007f95bc00a800 Uncommon trap: reason=bimorphic action=maybe_recompile pc=0x00007f95b942bac8 method=com.android.dx.cf.code.BytecodeArray.parseInstruction(ILcom/android/dx/cf/code/BytecodeArray$Visitor;)I @ 1051

Internal exceptions (10 events):
Event: 5.725 Thread 0x00007f95bc00a800 Implicit null exception at 0x00007f95b917a560 to 0x00007f95b917b0bd
Event: 5.725 Thread 0x00007f95bc00a800 Implicit null exception at 0x00007f95b90e1127 to 0x00007f95b90e1421
Event: 5.725 Thread 0x00007f95bc00a800 Implicit null exception at 0x00007f95b90b3978 to 0x00007f95b90b3acd
Event: 5.937 Thread 0x00007f95bc00a800 Implicit null exception at 0x00007f95b933cc9b to 0x00007f95b933f619
Event: 7.027 Thread 0x00007f95bc00a800 Threw 0x00000000eac94b48 at /build/openjdk-7-HVzwJZ/openjdk-7-7u95-2.6.4/build/openjdk/hotspot/src/share/vm/prims/jvm.cpp:1322
Event: 7.031 Thread 0x00007f95bc00a800 Implicit null exception at 0x00007f95b91e6812 to 0x00007f95b91e6b35
Event: 8.556 Thread 0x00007f95bc00a800 Threw 0x00000000f3181e98 at /build/openjdk-7-HVzwJZ/openjdk-7-7u95-2.6.4/build/openjdk/hotspot/src/share/vm/prims/jvm.cpp:1322
Event: 9.252 Thread 0x00007f95bc00a800 Threw 0x00000000edbcfeb0 at /build/openjdk-7-HVzwJZ/openjdk-7-7u95-2.6.4/build/openjdk/hotspot/src/share/vm/prims/jvm.cpp:1322
Event: 12.181 Thread 0x00007f95bc00a800 Threw 0x00000000f375a748 at /build/openjdk-7-HVzwJZ/openjdk-7-7u95-2.6.4/build/openjdk/hotspot/src/share/vm/prims/jvm.cpp:1322
Event: 15.929 Thread 0x00007f95bc00a800 Implicit null exception at 0x00007f95b93d1d87 to 0x00007f95b93d2f15

Events (10 events):
Event: 21.635 Thread 0x00007f95bc00a800 Uncommon trap: trap_request=0xffffffc6 fr.pc=0x00007f95b942bac8
Event: 21.635 Thread 0x00007f95bc00a800 DEOPT PACKING pc=0x00007f95b942bac8 sp=0x00007f95c4c85e40
Event: 21.635 Thread 0x00007f95bc00a800 DEOPT UNPACKING pc=0x00007f95b9039445 sp=0x00007f95c4c85e08 mode 2
Event: 21.635 Thread 0x00007f95bc00a800 Uncommon trap: trap_request=0xffffffc6 fr.pc=0x00007f95b942bac8
Event: 21.635 Thread 0x00007f95bc00a800 DEOPT PACKING pc=0x00007f95b942bac8 sp=0x00007f95c4c85e40
Event: 21.635 Thread 0x00007f95bc00a800 DEOPT UNPACKING pc=0x00007f95b9039445 sp=0x00007f95c4c85e08 mode 2
Event: 21.835 Executing VM operation: ParallelGCFailedAllocation
Event: 21.978 Executing VM operation: ParallelGCFailedAllocation done
Event: 22.074 Thread 0x00007f95bc0ad000 flushing nmethod 0x00007f95b9089110
Event: 22.259 Executing VM operation: ParallelGCFailedAllocation


Dynamic libraries:
00400000-00401000 r-xp 00000000 08:01 5508137                            /usr/lib/jvm/java-7-openjdk-amd64/jre/bin/java
00600000-00601000 r--p 00000000 08:01 5508137                            /usr/lib/jvm/java-7-openjdk-amd64/jre/bin/java
00601000-00602000 rw-p 00001000 08:01 5508137                            /usr/lib/jvm/java-7-openjdk-amd64/jre/bin/java
0152c000-0154d000 rw-p 00000000 00:00 0                                  [heap]
b5a00000-b6f00000 rw-p 00000000 00:00 0 
b6f00000-c0000000 rw-p 00000000 00:00 0 
c0000000-e0580000 rw-p 00000000 00:00 0 
e9800000-eaa80000 rw-p 00000000 00:00 0 
eaa80000-100000000 rw-p 00000000 00:00 0 
7f957c000000-7f957c021000 rw-p 00000000 00:00 0 
7f957c021000-7f9580000000 ---p 00000000 00:00 0 
7f9584000000-7f958545e000 rw-p 00000000 00:00 0 
7f958545e000-7f9588000000 ---p 00000000 00:00 0 
7f9588000000-7f9588021000 rw-p 00000000 00:00 0 
7f9588021000-7f958c000000 ---p 00000000 00:00 0 
7f958c000000-7f958c021000 rw-p 00000000 00:00 0 
7f958c021000-7f9590000000 ---p 00000000 00:00 0 
7f9590000000-7f959208c000 rw-p 00000000 00:00 0 
7f959208c000-7f9594000000 ---p 00000000 00:00 0 
7f9594000000-7f9594021000 rw-p 00000000 00:00 0 
7f9594021000-7f9598000000 ---p 00000000 00:00 0 
7f9598000000-7f9598021000 rw-p 00000000 00:00 0 
7f9598021000-7f959c000000 ---p 00000000 00:00 0 
7f959c000000-7f959c021000 rw-p 00000000 00:00 0 
7f959c021000-7f95a0000000 ---p 00000000 00:00 0 
7f95a0000000-7f95a0021000 rw-p 00000000 00:00 0 
7f95a0021000-7f95a4000000 ---p 00000000 00:00 0 
7f95a4000000-7f95a4021000 rw-p 00000000 00:00 0 
7f95a4021000-7f95a8000000 ---p 00000000 00:00 0 
7f95abbba000-7f95abbf7000 r-xp 00000000 08:01 790495                     /lib/x86_64-linux-gnu/libpcre.so.3.13.1
7f95abbf7000-7f95abdf6000 ---p 0003d000 08:01 790495                     /lib/x86_64-linux-gnu/libpcre.so.3.13.1
7f95abdf6000-7f95abdf7000 r--p 0003c000 08:01 790495                     /lib/x86_64-linux-gnu/libpcre.so.3.13.1
7f95abdf7000-7f95abdf8000 rw-p 0003d000 08:01 790495                     /lib/x86_64-linux-gnu/libpcre.so.3.13.1
7f95abdf8000-7f95abdff000 r-xp 00000000 08:01 4726848                    /usr/lib/x86_64-linux-gnu/libffi.so.6.0.1
7f95abdff000-7f95abffe000 ---p 00007000 08:01 4726848                    /usr/lib/x86_64-linux-gnu/libffi.so.6.0.1
7f95abffe000-7f95abfff000 r--p 00006000 08:01 4726848                    /usr/lib/x86_64-linux-gnu/libffi.so.6.0.1
7f95abfff000-7f95ac000000 rw-p 00007000 08:01 4726848                    /usr/lib/x86_64-linux-gnu/libffi.so.6.0.1
7f95ac000000-7f95ac021000 rw-p 00000000 00:00 0 
7f95ac021000-7f95b0000000 ---p 00000000 00:00 0 
7f95b0075000-7f95b008c000 r-xp 00000000 08:01 786614                     /lib/x86_64-linux-gnu/libresolv-2.19.so
7f95b008c000-7f95b028c000 ---p 00017000 08:01 786614                     /lib/x86_64-linux-gnu/libresolv-2.19.so
7f95b028c000-7f95b028d000 r--p 00017000 08:01 786614                     /lib/x86_64-linux-gnu/libresolv-2.19.so
7f95b028d000-7f95b028e000 rw-p 00018000 08:01 786614                     /lib/x86_64-linux-gnu/libresolv-2.19.so
7f95b028e000-7f95b0290000 rw-p 00000000 00:00 0 
7f95b0290000-7f95b02b0000 r-xp 00000000 08:01 790522                     /lib/x86_64-linux-gnu/libselinux.so.1
7f95b02b0000-7f95b04af000 ---p 00020000 08:01 790522                     /lib/x86_64-linux-gnu/libselinux.so.1
7f95b04af000-7f95b04b0000 r--p 0001f000 08:01 790522                     /lib/x86_64-linux-gnu/libselinux.so.1
7f95b04b0000-7f95b04b1000 rw-p 00020000 08:01 790522                     /lib/x86_64-linux-gnu/libselinux.so.1
7f95b04b1000-7f95b04b3000 rw-p 00000000 00:00 0 
7f95b04b3000-7f95b04b6000 r-xp 00000000 08:01 4726965                    /usr/lib/x86_64-linux-gnu/libgmodule-2.0.so.0.4000.0
7f95b04b6000-7f95b06b5000 ---p 00003000 08:01 4726965                    /usr/lib/x86_64-linux-gnu/libgmodule-2.0.so.0.4000.0
7f95b06b5000-7f95b06b6000 r--p 00002000 08:01 4726965                    /usr/lib/x86_64-linux-gnu/libgmodule-2.0.so.0.4000.0
7f95b06b6000-7f95b06b7000 rw-p 00003000 08:01 4726965                    /usr/lib/x86_64-linux-gnu/libgmodule-2.0.so.0.4000.0
7f95b06b7000-7f95b07bd000 r-xp 00000000 08:01 790423                     /lib/x86_64-linux-gnu/libglib-2.0.so.0.4000.0
7f95b07bd000-7f95b09bc000 ---p 00106000 08:01 790423                     /lib/x86_64-linux-gnu/libglib-2.0.so.0.4000.0
7f95b09bc000-7f95b09bd000 r--p 00105000 08:01 790423                     /lib/x86_64-linux-gnu/libglib-2.0.so.0.4000.0
7f95b09bd000-7f95b09be000 rw-p 00106000 08:01 790423                     /lib/x86_64-linux-gnu/libglib-2.0.so.0.4000.0
7f95b09be000-7f95b09bf000 rw-p 00000000 00:00 0 
7f95b09bf000-7f95b0a0e000 r-xp 00000000 08:01 4726981                    /usr/lib/x86_64-linux-gnu/libgobject-2.0.so.0.4000.0
7f95b0a0e000-7f95b0c0e000 ---p 0004f000 08:01 4726981                    /usr/lib/x86_64-linux-gnu/libgobject-2.0.so.0.4000.0
7f95b0c0e000-7f95b0c0f000 r--p 0004f000 08:01 4726981                    /usr/lib/x86_64-linux-gnu/libgobject-2.0.so.0.4000.0
7f95b0c0f000-7f95b0c10000 rw-p 00050000 08:01 4726981                    /usr/lib/x86_64-linux-gnu/libgobject-2.0.so.0.4000.0
7f95b0c10000-7f95b0d7b000 r-xp 00000000 08:01 4726951                    /usr/lib/x86_64-linux-gnu/libgio-2.0.so.0.4000.0
7f95b0d7b000-7f95b0f7b000 ---p 0016b000 08:01 4726951                    /usr/lib/x86_64-linux-gnu/libgio-2.0.so.0.4000.0
7f95b0f7b000-7f95b0f7f000 r--p 0016b000 08:01 4726951                    /usr/lib/x86_64-linux-gnu/libgio-2.0.so.0.4000.0
7f95b0f7f000-7f95b0f81000 rw-p 0016f000 08:01 4726951                    /usr/lib/x86_64-linux-gnu/libgio-2.0.so.0.4000.0
7f95b0f81000-7f95b0f83000 rw-p 00000000 00:00 0 
7f95b0f83000-7f95b0f9a000 r-xp 00000000 08:01 5917886                    /usr/lib/jvm/java-7-openjdk-amd64/jre/lib/amd64/libnet.so
7f95b0f9a000-7f95b1199000 ---p 00017000 08:01 5917886                    /usr/lib/jvm/java-7-openjdk-amd64/jre/lib/amd64/libnet.so
7f95b1199000-7f95b119a000 r--p 00016000 08:01 5917886                    /usr/lib/jvm/java-7-openjdk-amd64/jre/lib/amd64/libnet.so
7f95b119a000-7f95b119b000 rw-p 00017000 08:01 5917886                    /usr/lib/jvm/java-7-openjdk-amd64/jre/lib/amd64/libnet.so
7f95b119b000-7f95b11ab000 r-xp 00000000 08:01 5917910                    /usr/lib/jvm/java-7-openjdk-amd64/jre/lib/amd64/libnio.so
7f95b11ab000-7f95b13ab000 ---p 00010000 08:01 5917910                    /usr/lib/jvm/java-7-openjdk-amd64/jre/lib/amd64/libnio.so
7f95b13ab000-7f95b13ac000 r--p 00010000 08:01 5917910                    /usr/lib/jvm/java-7-openjdk-amd64/jre/lib/amd64/libnio.so
7f95b13ac000-7f95b13ad000 rw-p 00011000 08:01 5917910                    /usr/lib/jvm/java-7-openjdk-amd64/jre/lib/amd64/libnio.so
7f95b13ad000-7f95b1ad0000 r--p 00000000 08:01 4725570                    /usr/lib/locale/locale-archive
7f95b1ad0000-7f95b4000000 rw-p 00000000 00:00 0 
7f95b4000000-7f95b4021000 rw-p 00000000 00:00 0 
7f95b4021000-7f95b8000000 ---p 00000000 00:00 0 
7f95b81c1000-7f95b81f2000 rw-p 00000000 00:00 0 
7f95b81f2000-7f95b81f3000 ---p 00000000 00:00 0 
7f95b81f3000-7f95b82f3000 rw-p 00000000 00:00 0                          [stack:16853]
7f95b82f3000-7f95b82f6000 ---p 00000000 00:00 0 
7f95b82f6000-7f95b83f4000 rw-p 00000000 00:00 0                          [stack:16852]
7f95b83f4000-7f95b83f7000 ---p 00000000 00:00 0 
7f95b83f7000-7f95b84f5000 rw-p 00000000 00:00 0                          [stack:16851]
7f95b84f5000-7f95b84f8000 ---p 00000000 00:00 0 
7f95b84f8000-7f95b85f6000 rw-p 00000000 00:00 0                          [stack:16850]
7f95b85f6000-7f95b85f9000 ---p 00000000 00:00 0 
7f95b85f9000-7f95b86f7000 rw-p 00000000 00:00 0                          [stack:16849]
7f95b86f7000-7f95b86fa000 ---p 00000000 00:00 0 
7f95b86fa000-7f95b87f8000 rw-p 00000000 00:00 0                          [stack:16848]
7f95b87f8000-7f95b87fb000 ---p 00000000 00:00 0 
7f95b87fb000-7f95b88f9000 rw-p 00000000 00:00 0                          [stack:16847]
7f95b88f9000-7f95b88fa000 ---p 00000000 00:00 0 
7f95b88fa000-7f95b9000000 rw-p 00000000 00:00 0                          [stack:16846]
7f95b9000000-7f95b9450000 rwxp 00000000 00:00 0 
7f95b9450000-7f95bc35f000 rw-p 00000000 00:00 0 
7f95bc35f000-7f95c0000000 ---p 00000000 00:00 0 
7f95c002e000-7f95c00b7000 r--s 00750000 08:01 10623636                   /home/raihan/OpenSrpWorkSpace/opensrp-client-dghs-demo/opensrp-dghs/build/intermediates/multi-dex/debug/allclasses.jar
7f95c00b7000-7f95c00c6000 r--s 000dd000 08:01 6177003                    /home/raihan/android-sdk-linux/build-tools/21.1.2/lib/dx.jar
7f95c00c6000-7f95c0abd000 rw-p 00000000 00:00 0 
7f95c0abd000-7f95c0c6e000 r--s 01d30000 08:01 5508152                    /usr/lib/jvm/java-7-openjdk-amd64/jre/lib/rt.jar
7f95c0c6e000-7f95c0fba000 rw-p 00000000 00:00 0 
7f95c0fba000-7f95c0fbb000 ---p 00000000 00:00 0 
7f95c0fbb000-7f95c10bb000 rw-p 00000000 00:00 0                          [stack:16845]
7f95c10bb000-7f95c10bc000 ---p 00000000 00:00 0 
7f95c10bc000-7f95c11bc000 rw-p 00000000 00:00 0                          [stack:16844]
7f95c11bc000-7f95c11bd000 ---p 00000000 00:00 0 
7f95c11bd000-7f95c12bd000 rw-p 00000000 00:00 0                          [stack:16843]
7f95c12bd000-7f95c12be000 ---p 00000000 00:00 0 
7f95c12be000-7f95c13c9000 rw-p 00000000 00:00 0                          [stack:16842]
7f95c13c9000-7f95c1411000 rw-p 00000000 00:00 0 
7f95c1411000-7f95c1514000 rw-p 00000000 00:00 0 
7f95c1514000-7f95c1567000 rw-p 00000000 00:00 0 
7f95c1567000-7f95c1572000 rw-p 00000000 00:00 0 
7f95c1572000-7f95c15ba000 rw-p 00000000 00:00 0 
7f95c15ba000-7f95c16bd000 rw-p 00000000 00:00 0 
7f95c16bd000-7f95c170f000 rw-p 00000000 00:00 0 
7f95c170f000-7f95c17ba000 rw-p 00000000 00:00 0 
7f95c17ba000-7f95c17bb000 rw-p 00000000 00:00 0 
7f95c17bb000-7f95c17c3000 r-xp 00000000 08:01 5917892                    /usr/lib/jvm/java-7-openjdk-amd64/jre/lib/amd64/libzip.so
7f95c17c3000-7f95c19c2000 ---p 00008000 08:01 5917892                    /usr/lib/jvm/java-7-openjdk-amd64/jre/lib/amd64/libzip.so
7f95c19c2000-7f95c19c3000 r--p 00007000 08:01 5917892                    /usr/lib/jvm/java-7-openjdk-amd64/jre/lib/amd64/libzip.so
7f95c19c3000-7f95c19c4000 rw-p 00008000 08:01 5917892                    /usr/lib/jvm/java-7-openjdk-amd64/jre/lib/amd64/libzip.so
7f95c19c4000-7f95c19cf000 r-xp 00000000 08:01 786646                     /lib/x86_64-linux-gnu/libnss_files-2.19.so
7f95c19cf000-7f95c1bce000 ---p 0000b000 08:01 786646                     /lib/x86_64-linux-gnu/libnss_files-2.19.so
7f95c1bce000-7f95c1bcf000 r--p 0000a000 08:01 786646                     /lib/x86_64-linux-gnu/libnss_files-2.19.so
7f95c1bcf000-7f95c1bd0000 rw-p 0000b000 08:01 786646                     /lib/x86_64-linux-gnu/libnss_files-2.19.so
7f95c1bd0000-7f95c1bdb000 r-xp 00000000 08:01 786638                     /lib/x86_64-linux-gnu/libnss_nis-2.19.so
7f95c1bdb000-7f95c1dda000 ---p 0000b000 08:01 786638                     /lib/x86_64-linux-gnu/libnss_nis-2.19.so
7f95c1dda000-7f95c1ddb000 r--p 0000a000 08:01 786638                     /lib/x86_64-linux-gnu/libnss_nis-2.19.so
7f95c1ddb000-7f95c1ddc000 rw-p 0000b000 08:01 786638                     /lib/x86_64-linux-gnu/libnss_nis-2.19.so
7f95c1ddc000-7f95c1df3000 r-xp 00000000 08:01 786634                     /lib/x86_64-linux-gnu/libnsl-2.19.so
7f95c1df3000-7f95c1ff2000 ---p 00017000 08:01 786634                     /lib/x86_64-linux-gnu/libnsl-2.19.so
7f95c1ff2000-7f95c1ff3000 r--p 00016000 08:01 786634                     /lib/x86_64-linux-gnu/libnsl-2.19.so
7f95c1ff3000-7f95c1ff4000 rw-p 00017000 08:01 786634                     /lib/x86_64-linux-gnu/libnsl-2.19.so
7f95c1ff4000-7f95c1ff6000 rw-p 00000000 00:00 0 
7f95c1ff6000-7f95c1fff000 r-xp 00000000 08:01 786633                     /lib/x86_64-linux-gnu/libnss_compat-2.19.so
7f95c1fff000-7f95c21fe000 ---p 00009000 08:01 786633                     /lib/x86_64-linux-gnu/libnss_compat-2.19.so
7f95c21fe000-7f95c21ff000 r--p 00008000 08:01 786633                     /lib/x86_64-linux-gnu/libnss_compat-2.19.so
7f95c21ff000-7f95c2200000 rw-p 00009000 08:01 786633                     /lib/x86_64-linux-gnu/libnss_compat-2.19.so
7f95c2200000-7f95c222b000 r-xp 00000000 08:01 5917877                    /usr/lib/jvm/java-7-openjdk-amd64/jre/lib/amd64/libjava.so
7f95c222b000-7f95c242b000 ---p 0002b000 08:01 5917877                    /usr/lib/jvm/java-7-openjdk-amd64/jre/lib/amd64/libjava.so
7f95c242b000-7f95c242c000 r--p 0002b000 08:01 5917877                    /usr/lib/jvm/java-7-openjdk-amd64/jre/lib/amd64/libjava.so
7f95c242c000-7f95c242e000 rw-p 0002c000 08:01 5917877                    /usr/lib/jvm/java-7-openjdk-amd64/jre/lib/amd64/libjava.so
7f95c242e000-7f95c243e000 r-xp 00000000 08:01 5917878                    /usr/lib/jvm/java-7-openjdk-amd64/jre/lib/amd64/libverify.so
7f95c243e000-7f95c263d000 ---p 00010000 08:01 5917878                    /usr/lib/jvm/java-7-openjdk-amd64/jre/lib/amd64/libverify.so
7f95c263d000-7f95c263f000 r--p 0000f000 08:01 5917878                    /usr/lib/jvm/java-7-openjdk-amd64/jre/lib/amd64/libverify.so
7f95c263f000-7f95c2640000 rw-p 00011000 08:01 5917878                    /usr/lib/jvm/java-7-openjdk-amd64/jre/lib/amd64/libverify.so
7f95c2640000-7f95c2647000 r-xp 00000000 08:01 786642                     /lib/x86_64-linux-gnu/librt-2.19.so
7f95c2647000-7f95c2846000 ---p 00007000 08:01 786642                     /lib/x86_64-linux-gnu/librt-2.19.so
7f95c2846000-7f95c2847000 r--p 00006000 08:01 786642                     /lib/x86_64-linux-gnu/librt-2.19.so
7f95c2847000-7f95c2848000 rw-p 00007000 08:01 786642                     /lib/x86_64-linux-gnu/librt-2.19.so
7f95c2848000-7f95c285e000 r-xp 00000000 08:01 786612                     /lib/x86_64-linux-gnu/libgcc_s.so.1
7f95c285e000-7f95c2a5d000 ---p 00016000 08:01 786612                     /lib/x86_64-linux-gnu/libgcc_s.so.1
7f95c2a5d000-7f95c2a5e000 rw-p 00015000 08:01 786612                     /lib/x86_64-linux-gnu/libgcc_s.so.1
7f95c2a5e000-7f95c2b63000 r-xp 00000000 08:01 786618                     /lib/x86_64-linux-gnu/libm-2.19.so
7f95c2b63000-7f95c2d62000 ---p 00105000 08:01 786618                     /lib/x86_64-linux-gnu/libm-2.19.so
7f95c2d62000-7f95c2d63000 r--p 00104000 08:01 786618                     /lib/x86_64-linux-gnu/libm-2.19.so
7f95c2d63000-7f95c2d64000 rw-p 00105000 08:01 786618                     /lib/x86_64-linux-gnu/libm-2.19.so
7f95c2d64000-7f95c2e4a000 r-xp 00000000 08:01 4721335                    /usr/lib/x86_64-linux-gnu/libstdc++.so.6.0.19
7f95c2e4a000-7f95c3049000 ---p 000e6000 08:01 4721335                    /usr/lib/x86_64-linux-gnu/libstdc++.so.6.0.19
7f95c3049000-7f95c3051000 r--p 000e5000 08:01 4721335                    /usr/lib/x86_64-linux-gnu/libstdc++.so.6.0.19
7f95c3051000-7f95c3053000 rw-p 000ed000 08:01 4721335                    /usr/lib/x86_64-linux-gnu/libstdc++.so.6.0.19
7f95c3053000-7f95c3068000 rw-p 00000000 00:00 0 
7f95c3068000-7f95c3b8c000 r-xp 00000000 08:01 5917890                    /usr/lib/jvm/java-7-openjdk-amd64/jre/lib/amd64/server/libjvm.so
7f95c3b8c000-7f95c3d8c000 ---p 00b24000 08:01 5917890                    /usr/lib/jvm/java-7-openjdk-amd64/jre/lib/amd64/server/libjvm.so
7f95c3d8c000-7f95c3e26000 r--p 00b24000 08:01 5917890                    /usr/lib/jvm/java-7-openjdk-amd64/jre/lib/amd64/server/libjvm.so
7f95c3e26000-7f95c3e49000 rw-p 00bbe000 08:01 5917890                    /usr/lib/jvm/java-7-openjdk-amd64/jre/lib/amd64/server/libjvm.so
7f95c3e49000-7f95c3e77000 rw-p 00000000 00:00 0 
7f95c3e77000-7f95c3e8f000 r-xp 00000000 08:01 790555                     /lib/x86_64-linux-gnu/libz.so.1.2.8
7f95c3e8f000-7f95c408e000 ---p 00018000 08:01 790555                     /lib/x86_64-linux-gnu/libz.so.1.2.8
7f95c408e000-7f95c408f000 r--p 00017000 08:01 790555                     /lib/x86_64-linux-gnu/libz.so.1.2.8
7f95c408f000-7f95c4090000 rw-p 00018000 08:01 790555                     /lib/x86_64-linux-gnu/libz.so.1.2.8
7f95c4090000-7f95c40a9000 r-xp 00000000 08:01 786635                     /lib/x86_64-linux-gnu/libpthread-2.19.so
7f95c40a9000-7f95c42a8000 ---p 00019000 08:01 786635                     /lib/x86_64-linux-gnu/libpthread-2.19.so
7f95c42a8000-7f95c42a9000 r--p 00018000 08:01 786635                     /lib/x86_64-linux-gnu/libpthread-2.19.so
7f95c42a9000-7f95c42aa000 rw-p 00019000 08:01 786635                     /lib/x86_64-linux-gnu/libpthread-2.19.so
7f95c42aa000-7f95c42ae000 rw-p 00000000 00:00 0 
7f95c42ae000-7f95c42b1000 r-xp 00000000 08:01 786630                     /lib/x86_64-linux-gnu/libdl-2.19.so
7f95c42b1000-7f95c44b0000 ---p 00003000 08:01 786630                     /lib/x86_64-linux-gnu/libdl-2.19.so
7f95c44b0000-7f95c44b1000 r--p 00002000 08:01 786630                     /lib/x86_64-linux-gnu/libdl-2.19.so
7f95c44b1000-7f95c44b2000 rw-p 00003000 08:01 786630                     /lib/x86_64-linux-gnu/libdl-2.19.so
7f95c44b2000-7f95c466d000 r-xp 00000000 08:01 786643                     /lib/x86_64-linux-gnu/libc-2.19.so
7f95c466d000-7f95c486c000 ---p 001bb000 08:01 786643                     /lib/x86_64-linux-gnu/libc-2.19.so
7f95c486c000-7f95c4870000 r--p 001ba000 08:01 786643                     /lib/x86_64-linux-gnu/libc-2.19.so
7f95c4870000-7f95c4872000 rw-p 001be000 08:01 786643                     /lib/x86_64-linux-gnu/libc-2.19.so
7f95c4872000-7f95c4877000 rw-p 00000000 00:00 0 
7f95c4877000-7f95c4884000 r-xp 00000000 08:01 5917907                    /usr/lib/jvm/java-7-openjdk-amd64/jre/lib/amd64/jli/libjli.so
7f95c4884000-7f95c4a83000 ---p 0000d000 08:01 5917907                    /usr/lib/jvm/java-7-openjdk-amd64/jre/lib/amd64/jli/libjli.so
7f95c4a83000-7f95c4a84000 r--p 0000c000 08:01 5917907                    /usr/lib/jvm/java-7-openjdk-amd64/jre/lib/amd64/jli/libjli.so
7f95c4a84000-7f95c4a85000 rw-p 0000d000 08:01 5917907                    /usr/lib/jvm/java-7-openjdk-amd64/jre/lib/amd64/jli/libjli.so
7f95c4a85000-7f95c4aa8000 r-xp 00000000 08:01 786636                     /lib/x86_64-linux-gnu/ld-2.19.so
7f95c4aa8000-7f95c4aab000 r--s 0000f000 08:01 5917931                    /usr/lib/jvm/java-7-openjdk-amd64/jre/lib/ext/icedtea-sound.jar
7f95c4aab000-7f95c4aaf000 r--s 00034000 08:01 5917930                    /usr/lib/jvm/java-7-openjdk-amd64/jre/lib/ext/sunjce_provider.jar
7f95c4aaf000-7f95c4ad9000 rw-p 00000000 00:00 0 
7f95c4ad9000-7f95c4b87000 rw-p 00000000 00:00 0 
7f95c4b87000-7f95c4b8a000 ---p 00000000 00:00 0 
7f95c4b8a000-7f95c4c8e000 rw-p 00000000 00:00 0                          [stack:16841]
7f95c4c8e000-7f95c4c90000 r--s 00012000 08:01 5917929                    /usr/lib/jvm/java-7-openjdk-amd64/jre/lib/ext/zipfs.jar
7f95c4c90000-7f95c4c92000 r--s 00006000 08:01 5118243                    /usr/share/java/java-atk-wrapper.jar
7f95c4c92000-7f95c4c96000 r--s 0003c000 08:01 5917933                    /usr/lib/jvm/java-7-openjdk-amd64/jre/lib/ext/sunpkcs11.jar
7f95c4c96000-7f95c4c9a000 r--s 00085000 08:01 5917932                    /usr/lib/jvm/java-7-openjdk-amd64/jre/lib/ext/localedata.jar
7f95c4c9a000-7f95c4c9b000 r--s 00002000 08:01 5917928                    /usr/lib/jvm/java-7-openjdk-amd64/jre/lib/ext/dnsns.jar
7f95c4c9b000-7f95c4ca3000 rw-s 00000000 08:01 1188859                    /tmp/hsperfdata_raihan/16837
7f95c4ca3000-7f95c4ca4000 rw-p 00000000 00:00 0 
7f95c4ca4000-7f95c4ca5000 ---p 00000000 00:00 0 
7f95c4ca5000-7f95c4ca7000 rw-p 00000000 00:00 0 
7f95c4ca7000-7f95c4ca8000 r--p 00022000 08:01 786636                     /lib/x86_64-linux-gnu/ld-2.19.so
7f95c4ca8000-7f95c4ca9000 rw-p 00023000 08:01 786636                     /lib/x86_64-linux-gnu/ld-2.19.so
7f95c4ca9000-7f95c4caa000 rw-p 00000000 00:00 0 
7fffabc06000-7fffabc27000 rw-p 00000000 00:00 0                          [stack]
7fffabd3c000-7fffabd3e000 r-xp 00000000 00:00 0                          [vdso]
ffffffffff600000-ffffffffff601000 r-xp 00000000 00:00 0                  [vsyscall]

VM Arguments:
jvm_args: -Xmx1024M -Dfile.encoding=UTF-8 -Duser.country=US -Duser.language=en -Duser.variant 
java_command: com.android.dx.command.Main --dex --multi-dex --main-dex-list /home/raihan/OpenSrpWorkSpace/opensrp-client-dghs-demo/opensrp-dghs/build/intermediates/multi-dex/debug/maindexlist.txt --output /home/raihan/OpenSrpWorkSpace/opensrp-client-dghs-demo/opensrp-dghs/build/intermediates/dex/debug /home/raihan/OpenSrpWorkSpace/opensrp-client-dghs-demo/opensrp-dghs/build/intermediates/multi-dex/debug/allclasses.jar
Launcher Type: SUN_STANDARD

Environment Variables:
PATH=/usr/local/sbin:/usr/local/bin:/usr/sbin:/usr/bin:/sbin:/bin:/usr/games:/usr/local/games
LD_LIBRARY_PATH=android-studio/bin:
SHELL=/bin/bash
DISPLAY=:0

Signal Handlers:
SIGSEGV: [libjvm.so+0x9548f0], sa_mask[0]=0x7ffbfeff, sa_flags=0x10000004
SIGBUS: [libjvm.so+0x9548f0], sa_mask[0]=0x7ffbfeff, sa_flags=0x10000004
SIGFPE: [libjvm.so+0x7cb0b0], sa_mask[0]=0x7ffbfeff, sa_flags=0x10000004
SIGPIPE: [libjvm.so+0x7cb0b0], sa_mask[0]=0x7ffbfeff, sa_flags=0x10000004
SIGXFSZ: [libjvm.so+0x7cb0b0], sa_mask[0]=0x7ffbfeff, sa_flags=0x10000004
SIGILL: [libjvm.so+0x7cb0b0], sa_mask[0]=0x7ffbfeff, sa_flags=0x10000004
SIGUSR1: SIG_DFL, sa_mask[0]=0x00000000, sa_flags=0x00000000
SIGUSR2: [libjvm.so+0x7caf50], sa_mask[0]=0x00000004, sa_flags=0x10000004
SIGHUP: [libjvm.so+0x7cb130], sa_mask[0]=0x7ffbfeff, sa_flags=0x10000004
SIGINT: [libjvm.so+0x7cb130], sa_mask[0]=0x7ffbfeff, sa_flags=0x10000004
SIGTERM: [libjvm.so+0x7cb130], sa_mask[0]=0x7ffbfeff, sa_flags=0x10000004
SIGQUIT: [libjvm.so+0x7cb130], sa_mask[0]=0x7ffbfeff, sa_flags=0x10000004
SIGTRAP: SIG_DFL, sa_mask[0]=0x00000000, sa_flags=0x00000000


---------------  S Y S T E M  ---------------

OS:Ubuntu 14.04 (trusty)
uname:Linux 3.13.0-24-generic #46-Ubuntu SMP Thu Apr 10 19:11:08 UTC 2014 x86_64
libc:glibc 2.19 NPTL 2.19 
rlimit: STACK 8192k, CORE 0k, NPROC 30570, NOFILE 4096, AS infinity
load average:2.17 1.12 0.98

/proc/meminfo:
MemTotal:        3934516 kB
MemFree:          126040 kB
Buffers:             880 kB
Cached:           740148 kB
SwapCached:        37052 kB
Active:          1908484 kB
Inactive:         894076 kB
Active(anon):    1896332 kB
Inactive(anon):   878304 kB
Active(file):      12152 kB
Inactive(file):    15772 kB
Unevictable:          68 kB
Mlocked:              68 kB
SwapTotal:       4080636 kB
SwapFree:            432 kB
Dirty:               160 kB
Writeback:             0 kB
AnonPages:       2026016 kB
Mapped:           779168 kB
Shmem:            712924 kB
Slab:              88384 kB
SReclaimable:      37180 kB
SUnreclaim:        51204 kB
KernelStack:        5968 kB
PageTables:        73432 kB
NFS_Unstable:          0 kB
Bounce:                0 kB
WritebackTmp:          0 kB
CommitLimit:     6047892 kB
Committed_AS:   13776884 kB
VmallocTotal:   34359738367 kB
VmallocUsed:      553520 kB
VmallocChunk:   34359176664 kB
HardwareCorrupted:     0 kB
AnonHugePages:    143360 kB
HugePages_Total:       0
HugePages_Free:        0
HugePages_Rsvd:        0
HugePages_Surp:        0
Hugepagesize:       2048 kB
DirectMap4k:       93696 kB
DirectMap2M:     2940928 kB
DirectMap1G:     1048576 kB


CPU:total 4 (2 cores per cpu, 2 threads per core) family 6 model 61 stepping 4, cmov, cx8, fxsr, mmx, sse, sse2, sse3, ssse3, sse4.1, sse4.2, popcnt, avx, avx2, aes, erms, ht, tsc, tscinvbit

/proc/cpuinfo:
processor	: 0
vendor_id	: GenuineIntel
cpu family	: 6
model		: 61
model name	: Intel(R) Core(TM) i5-5200U CPU @ 2.20GHz
stepping	: 4
microcode	: 0x1f
cpu MHz		: 2201.000
cache size	: 3072 KB
physical id	: 0
siblings	: 4
core id		: 0
cpu cores	: 2
apicid		: 0
initial apicid	: 0
fpu		: yes
fpu_exception	: yes
cpuid level	: 20
wp		: yes
flags		: fpu vme de pse tsc msr pae mce cx8 apic sep mtrr pge mca cmov pat pse36 clflush dts acpi mmx fxsr sse sse2 ss ht tm pbe syscall nx pdpe1gb rdtscp lm constant_tsc arch_perfmon pebs bts rep_good nopl xtopology nonstop_tsc aperfmperf eagerfpu pni pclmulqdq dtes64 monitor ds_cpl vmx est tm2 ssse3 fma cx16 xtpr pdcm pcid sse4_1 sse4_2 x2apic movbe popcnt tsc_deadline_timer aes xsave avx f16c rdrand lahf_lm abm 3dnowprefetch ida arat epb xsaveopt pln pts dtherm tpr_shadow vnmi flexpriority ept vpid fsgsbase tsc_adjust bmi1 avx2 smep bmi2 erms invpcid rdseed adx smap
bogomips	: 4389.95
clflush size	: 64
cache_alignment	: 64
address sizes	: 39 bits physical, 48 bits virtual
power management:

processor	: 1
vendor_id	: GenuineIntel
cpu family	: 6
model		: 61
model name	: Intel(R) Core(TM) i5-5200U CPU @ 2.20GHz
stepping	: 4
microcode	: 0x1f
cpu MHz		: 500.000
cache size	: 3072 KB
physical id	: 0
siblings	: 4
core id		: 0
cpu cores	: 2
apicid		: 1
initial apicid	: 1
fpu		: yes
fpu_exception	: yes
cpuid level	: 20
wp		: yes
flags		: fpu vme de pse tsc msr pae mce cx8 apic sep mtrr pge mca cmov pat pse36 clflush dts acpi mmx fxsr sse sse2 ss ht tm pbe syscall nx pdpe1gb rdtscp lm constant_tsc arch_perfmon pebs bts rep_good nopl xtopology nonstop_tsc aperfmperf eagerfpu pni pclmulqdq dtes64 monitor ds_cpl vmx est tm2 ssse3 fma cx16 xtpr pdcm pcid sse4_1 sse4_2 x2apic movbe popcnt tsc_deadline_timer aes xsave avx f16c rdrand lahf_lm abm 3dnowprefetch ida arat epb xsaveopt pln pts dtherm tpr_shadow vnmi flexpriority ept vpid fsgsbase tsc_adjust bmi1 avx2 smep bmi2 erms invpcid rdseed adx smap
bogomips	: 4389.95
clflush size	: 64
cache_alignment	: 64
address sizes	: 39 bits physical, 48 bits virtual
power management:

processor	: 2
vendor_id	: GenuineIntel
cpu family	: 6
model		: 61
model name	: Intel(R) Core(TM) i5-5200U CPU @ 2.20GHz
stepping	: 4
microcode	: 0x1f
cpu MHz		: 1300.000
cache size	: 3072 KB
physical id	: 0
siblings	: 4
core id		: 1
cpu cores	: 2
apicid		: 2
initial apicid	: 2
fpu		: yes
fpu_exception	: yes
cpuid level	: 20
wp		: yes
flags		: fpu vme de pse tsc msr pae mce cx8 apic sep mtrr pge mca cmov pat pse36 clflush dts acpi mmx fxsr sse sse2 ss ht tm pbe syscall nx pdpe1gb rdtscp lm constant_tsc arch_perfmon pebs bts rep_good nopl xtopology nonstop_tsc aperfmperf eagerfpu pni pclmulqdq dtes64 monitor ds_cpl vmx est tm2 ssse3 fma cx16 xtpr pdcm pcid sse4_1 sse4_2 x2apic movbe popcnt tsc_deadline_timer aes xsave avx f16c rdrand lahf_lm abm 3dnowprefetch ida arat epb xsaveopt pln pts dtherm tpr_shadow vnmi flexpriority ept vpid fsgsbase tsc_adjust bmi1 avx2 smep bmi2 erms invpcid rdseed adx smap
bogomips	: 4389.95
clflush size	: 64
cache_alignment	: 64
address sizes	: 39 bits physical, 48 bits virtual
power management:

processor	: 3
vendor_id	: GenuineIntel
cpu family	: 6
model		: 61
model name	: Intel(R) Core(TM) i5-5200U CPU @ 2.20GHz
stepping	: 4
microcode	: 0x1f
cpu MHz		: 2201.000
cache size	: 3072 KB
physical id	: 0
siblings	: 4
core id		: 1
cpu cores	: 2
apicid		: 3
initial apicid	: 3
fpu		: yes
fpu_exception	: yes
cpuid level	: 20
wp		: yes
flags		: fpu vme de pse tsc msr pae mce cx8 apic sep mtrr pge mca cmov pat pse36 clflush dts acpi mmx fxsr sse sse2 ss ht tm pbe syscall nx pdpe1gb rdtscp lm constant_tsc arch_perfmon pebs bts rep_good nopl xtopology nonstop_tsc aperfmperf eagerfpu pni pclmulqdq dtes64 monitor ds_cpl vmx est tm2 ssse3 fma cx16 xtpr pdcm pcid sse4_1 sse4_2 x2apic movbe popcnt tsc_deadline_timer aes xsave avx f16c rdrand lahf_lm abm 3dnowprefetch ida arat epb xsaveopt pln pts dtherm tpr_shadow vnmi flexpriority ept vpid fsgsbase tsc_adjust bmi1 avx2 smep bmi2 erms invpcid rdseed adx smap
bogomips	: 4389.95
clflush size	: 64
cache_alignment	: 64
address sizes	: 39 bits physical, 48 bits virtual
power management:



Memory: 4k page, physical 3934516k(126040k free), swap 4080636k(432k free)

vm_info: OpenJDK 64-Bit Server VM (24.95-b01) for linux-amd64 JRE (1.7.0_95-b00), built on Mar 24 2016 06:13:32 by "buildd" with gcc 4.8.2

time: Wed Apr 20 20:07:53 2016
elapsed time: 24 seconds

