#
# There is insufficient memory for the Java Runtime Environment to continue.
# Native memory allocation (malloc) failed to allocate 144703488 bytes for committing reserved memory.
# Possible reasons:
#   The system is out of physical RAM or swap space
#   In 32 bit mode, the process size limit was hit
# Possible solutions:
#   Reduce memory load on the system
#   Increase physical memory or swap space
#   Check if swap backing store is full
#   Use 64 bit Java on a 64 bit OS
#   Decrease Java heap size (-Xmx/-Xms)
#   Decrease number of Java threads
#   Decrease Java thread stack sizes (-Xss)
#   Set larger code cache with -XX:ReservedCodeCacheSize=
# This output file may be truncated or incomplete.
#
#  Out of Memory Error (os_linux.cpp:2827), pid=29236, tid=139979844482816
#
# JRE version: OpenJDK Runtime Environment (7.0_95) (build 1.7.0_95-b00)
# Java VM: OpenJDK 64-Bit Server VM (24.95-b01 mixed mode linux-amd64 compressed oops)
# Derivative: IcedTea 2.6.4
# Distribution: Ubuntu 14.04 LTS, package 7u95-2.6.4-0ubuntu0.14.04.2
# Failed to write core dump. Core dumps have been disabled. To enable core dumping, try "ulimit -c unlimited" before starting Java again
#

---------------  T H R E A D  ---------------

Current thread (0x00007f4f94076000):  VMThread [stack: 0x00007f4f98d7f000,0x00007f4f98e80000] [id=29246]

Stack: [0x00007f4f98d7f000,0x00007f4f98e80000],  sp=0x00007f4f98e7e490,  free space=1021k
Native frames: (J=compiled Java code, j=interpreted, Vv=VM code, C=native code)
V  [libjvm.so+0x953e15]
V  [libjvm.so+0x48fd94]
V  [libjvm.so+0x7cf87b]
V  [libjvm.so+0x7ca33f]
V  [libjvm.so+0x83dacb]
V  [libjvm.so+0x83e930]
V  [libjvm.so+0x83f01b]
V  [libjvm.so+0x83b258]
V  [libjvm.so+0x83bac8]
V  [libjvm.so+0x7f2083]
V  [libjvm.so+0x955814]
V  [libjvm.so+0x959917]
V  [libjvm.so+0x9583d8]
V  [libjvm.so+0x958839]
V  [libjvm.so+0x958c82]
V  [libjvm.so+0x7cc742]

VM_Operation (0x00007f4f9e044d80): ParallelGCFailedAllocation, mode: safepoint, requested by thread 0x00007f4f9400a800


---------------  P R O C E S S  ---------------

Java Threads: ( => current thread )
  0x00007f4f940af000 JavaThread "Service Thread" daemon [_thread_blocked, id=29252, stack(0x00007f4f98056000,0x00007f4f98157000)]
  0x00007f4f940ad000 JavaThread "C2 CompilerThread1" daemon [_thread_blocked, id=29251, stack(0x00007f4f98157000,0x00007f4f98258000)]
  0x00007f4f940aa000 JavaThread "C2 CompilerThread0" daemon [_thread_blocked, id=29250, stack(0x00007f4f98258000,0x00007f4f98359000)]
  0x00007f4f940a8000 JavaThread "Signal Dispatcher" daemon [_thread_blocked, id=29249, stack(0x00007f4f98359000,0x00007f4f9845a000)]
  0x00007f4f9407c000 JavaThread "Finalizer" daemon [_thread_blocked, id=29248, stack(0x00007f4f98b7d000,0x00007f4f98c7e000)]
  0x00007f4f9407a000 JavaThread "Reference Handler" daemon [_thread_blocked, id=29247, stack(0x00007f4f98c7e000,0x00007f4f98d7f000)]
  0x00007f4f9400a800 JavaThread "main" [_thread_blocked, id=29241, stack(0x00007f4f9df46000,0x00007f4f9e047000)]

Other Threads:
=>0x00007f4f94076000 VMThread [stack: 0x00007f4f98d7f000,0x00007f4f98e80000] [id=29246]
  0x00007f4f940ba000 WatcherThread [stack: 0x00007f4f90eff000,0x00007f4f91000000] [id=29253]

VM state:at safepoint (normal execution)

VM Mutex/Monitor currently owned by a thread:  ([mutex/lock_event])
[0x00007f4f94006940] Threads_lock - owner thread: 0x00007f4f94076000
[0x00007f4f94006e40] Heap_lock - owner thread: 0x00007f4f9400a800

Heap
 PSYoungGen      total 135680K, used 14309K [0x00000000eaa80000, 0x00000000f3e80000, 0x0000000100000000)
  eden space 121344K, 0% used [0x00000000eaa80000,0x00000000eaa80000,0x00000000f2100000)
  from space 14336K, 99% used [0x00000000f2100000,0x00000000f2ef95d8,0x00000000f2f00000)
  to   space 12800K, 0% used [0x00000000f2f00000,0x00000000f2f00000,0x00000000f3b80000)
 ParOldGen       total 40960K, used 40260K [0x00000000c0000000, 0x00000000c2800000, 0x00000000eaa80000)
  object space 40960K, 98% used [0x00000000c0000000,0x00000000c27511f8,0x00000000c2800000)
 PSPermGen       total 21504K, used 6053K [0x00000000b5a00000, 0x00000000b6f00000, 0x00000000c0000000)
  object space 21504K, 28% used [0x00000000b5a00000,0x00000000b5fe9738,0x00000000b6f00000)

Card table byte_map: [0x00007f4f9a927000,0x00007f4f9ab7b000] byte_map_base: 0x00007f4f9a37a000

Polling page: 0x00007f4f9e064000

Code Cache  [0x00007f4f91000000, 0x00007f4f91320000, 0x00007f4f94000000)
 total_blobs=984 nmethods=756 adapters=181 free_code_cache=46096Kb largest_free_block=47115840

Compilation events (10 events):
Event: 7.848 Thread 0x00007f4f940ad000 nmethod 773 0x00007f4f911b1510 code [0x00007f4f911b1660, 0x00007f4f911b1798]
Event: 7.848 Thread 0x00007f4f940ad000  774             com.android.dx.cf.direct.StdAttributeFactory::parse0 (532 bytes)
Event: 7.919 Thread 0x00007f4f940aa000 nmethod 771 0x00007f4f911403d0 code [0x00007f4f911408a0, 0x00007f4f911428f8]
Event: 7.919 Thread 0x00007f4f940aa000  775             java.util.TreeMap::values (27 bytes)
Event: 7.921 Thread 0x00007f4f940ad000 nmethod 774 0x00007f4f9130c450 code [0x00007f4f9130c940, 0x00007f4f9130e850]
Event: 7.921 Thread 0x00007f4f940ad000  776             com.android.dx.rop.code.AccessFlags::isStatic (13 bytes)
Event: 7.921 Thread 0x00007f4f940aa000 nmethod 775 0x00007f4f9119e0d0 code [0x00007f4f9119e220, 0x00007f4f9119e2f8]
Event: 7.922 Thread 0x00007f4f940ad000 nmethod 776 0x00007f4f9106abd0 code [0x00007f4f9106ad00, 0x00007f4f9106ad58]
Event: 7.927 Thread 0x00007f4f940aa000  777             com.android.dx.rop.cst.TypedConstant::getFrameType (2 bytes)
Event: 7.927 Thread 0x00007f4f940aa000 nmethod 777 0x00007f4f911b1310 code [0x00007f4f911b1440, 0x00007f4f911b1498]

GC Heap History (10 events):
Event: 1.703 GC heap after
Heap after GC invocations=2 (full 0):
 PSYoungGen      total 33280K, used 2547K [0x00000000eaa80000, 0x00000000ecd80000, 0x0000000100000000)
  eden space 30720K, 0% used [0x00000000eaa80000,0x00000000eaa80000,0x00000000ec880000)
  from space 2560K, 99% used [0x00000000ecb00000,0x00000000ecd7ce40,0x00000000ecd80000)
  to   space 2560K, 0% used [0x00000000ec880000,0x00000000ec880000,0x00000000ecb00000)
 ParOldGen       total 40960K, used 4372K [0x00000000c0000000, 0x00000000c2800000, 0x00000000eaa80000)
  object space 40960K, 10% used [0x00000000c0000000,0x00000000c0445060,0x00000000c2800000)
 PSPermGen       total 21504K, used 5754K [0x00000000b5a00000, 0x00000000b6f00000, 0x00000000c0000000)
  object space 21504K, 26% used [0x00000000b5a00000,0x00000000b5f9e938,0x00000000b6f00000)
}
Event: 3.203 GC heap before
{Heap before GC invocations=3 (full 0):
 PSYoungGen      total 33280K, used 33267K [0x00000000eaa80000, 0x00000000ecd80000, 0x0000000100000000)
  eden space 30720K, 100% used [0x00000000eaa80000,0x00000000ec880000,0x00000000ec880000)
  from space 2560K, 99% used [0x00000000ecb00000,0x00000000ecd7ce40,0x00000000ecd80000)
  to   space 2560K, 0% used [0x00000000ec880000,0x00000000ec880000,0x00000000ecb00000)
 ParOldGen       total 40960K, used 4372K [0x00000000c0000000, 0x00000000c2800000, 0x00000000eaa80000)
  object space 40960K, 10% used [0x00000000c0000000,0x00000000c0445060,0x00000000c2800000)
 PSPermGen       total 21504K, used 5843K [0x00000000b5a00000, 0x00000000b6f00000, 0x00000000c0000000)
  object space 21504K, 27% used [0x00000000b5a00000,0x00000000b5fb4d18,0x00000000b6f00000)
Event: 3.223 GC heap after
Heap after GC invocations=3 (full 0):
 PSYoungGen      total 33280K, used 2545K [0x00000000eaa80000, 0x00000000eeb80000, 0x0000000100000000)
  eden space 30720K, 0% used [0x00000000eaa80000,0x00000000eaa80000,0x00000000ec880000)
  from space 2560K, 99% used [0x00000000ec880000,0x00000000ecafc728,0x00000000ecb00000)
  to   space 2560K, 0% used [0x00000000ee900000,0x00000000ee900000,0x00000000eeb80000)
 ParOldGen       total 40960K, used 9079K [0x00000000c0000000, 0x00000000c2800000, 0x00000000eaa80000)
  object space 40960K, 22% used [0x00000000c0000000,0x00000000c08ddc88,0x00000000c2800000)
 PSPermGen       total 21504K, used 5843K [0x00000000b5a00000, 0x00000000b6f00000, 0x00000000c0000000)
  object space 21504K, 27% used [0x00000000b5a00000,0x00000000b5fb4d18,0x00000000b6f00000)
}
Event: 4.040 GC heap before
{Heap before GC invocations=4 (full 0):
 PSYoungGen      total 33280K, used 33265K [0x00000000eaa80000, 0x00000000eeb80000, 0x0000000100000000)
  eden space 30720K, 100% used [0x00000000eaa80000,0x00000000ec880000,0x00000000ec880000)
  from space 2560K, 99% used [0x00000000ec880000,0x00000000ecafc728,0x00000000ecb00000)
  to   space 2560K, 0% used [0x00000000ee900000,0x00000000ee900000,0x00000000eeb80000)
 ParOldGen       total 40960K, used 9079K [0x00000000c0000000, 0x00000000c2800000, 0x00000000eaa80000)
  object space 40960K, 22% used [0x00000000c0000000,0x00000000c08ddc88,0x00000000c2800000)
 PSPermGen       total 21504K, used 5903K [0x00000000b5a00000, 0x00000000b6f00000, 0x00000000c0000000)
  object space 21504K, 27% used [0x00000000b5a00000,0x00000000b5fc3cd8,0x00000000b6f00000)
Event: 4.060 GC heap after
Heap after GC invocations=4 (full 0):
 PSYoungGen      total 64000K, used 2530K [0x00000000eaa80000, 0x00000000eeb80000, 0x0000000100000000)
  eden space 61440K, 0% used [0x00000000eaa80000,0x00000000eaa80000,0x00000000ee680000)
  from space 2560K, 98% used [0x00000000ee900000,0x00000000eeb78a60,0x00000000eeb80000)
  to   space 2560K, 0% used [0x00000000ee680000,0x00000000ee680000,0x00000000ee900000)
 ParOldGen       total 40960K, used 13395K [0x00000000c0000000, 0x00000000c2800000, 0x00000000eaa80000)
  object space 40960K, 32% used [0x00000000c0000000,0x00000000c0d14ff8,0x00000000c2800000)
 PSPermGen       total 21504K, used 5903K [0x00000000b5a00000, 0x00000000b6f00000, 0x00000000c0000000)
  object space 21504K, 27% used [0x00000000b5a00000,0x00000000b5fc3cd8,0x00000000b6f00000)
}
Event: 5.179 GC heap before
{Heap before GC invocations=5 (full 0):
 PSYoungGen      total 64000K, used 63970K [0x00000000eaa80000, 0x00000000eeb80000, 0x0000000100000000)
  eden space 61440K, 100% used [0x00000000eaa80000,0x00000000ee680000,0x00000000ee680000)
  from space 2560K, 98% used [0x00000000ee900000,0x00000000eeb78a60,0x00000000eeb80000)
  to   space 2560K, 0% used [0x00000000ee680000,0x00000000ee680000,0x00000000ee900000)
 ParOldGen       total 40960K, used 13395K [0x00000000c0000000, 0x00000000c2800000, 0x00000000eaa80000)
  object space 40960K, 32% used [0x00000000c0000000,0x00000000c0d14ff8,0x00000000c2800000)
 PSPermGen       total 21504K, used 5959K [0x00000000b5a00000, 0x00000000b6f00000, 0x00000000c0000000)
  object space 21504K, 27% used [0x00000000b5a00000,0x00000000b5fd1f20,0x00000000b6f00000)
Event: 5.221 GC heap after
Heap after GC invocations=5 (full 0):
 PSYoungGen      total 64000K, used 2537K [0x00000000eaa80000, 0x00000000f3b80000, 0x0000000100000000)
  eden space 61440K, 0% used [0x00000000eaa80000,0x00000000eaa80000,0x00000000ee680000)
  from space 2560K, 99% used [0x00000000ee680000,0x00000000ee8fa660,0x00000000ee900000)
  to   space 12800K, 0% used [0x00000000f2f00000,0x00000000f2f00000,0x00000000f3b80000)
 ParOldGen       total 40960K, used 24035K [0x00000000c0000000, 0x00000000c2800000, 0x00000000eaa80000)
  object space 40960K, 58% used [0x00000000c0000000,0x00000000c1778ff8,0x00000000c2800000)
 PSPermGen       total 21504K, used 5959K [0x00000000b5a00000, 0x00000000b6f00000, 0x00000000c0000000)
  object space 21504K, 27% used [0x00000000b5a00000,0x00000000b5fd1f20,0x00000000b6f00000)
}
Event: 6.158 GC heap before
{Heap before GC invocations=6 (full 0):
 PSYoungGen      total 64000K, used 63977K [0x00000000eaa80000, 0x00000000f3b80000, 0x0000000100000000)
  eden space 61440K, 100% used [0x00000000eaa80000,0x00000000ee680000,0x00000000ee680000)
  from space 2560K, 99% used [0x00000000ee680000,0x00000000ee8fa660,0x00000000ee900000)
  to   space 12800K, 0% used [0x00000000f2f00000,0x00000000f2f00000,0x00000000f3b80000)
 ParOldGen       total 40960K, used 24035K [0x00000000c0000000, 0x00000000c2800000, 0x00000000eaa80000)
  object space 40960K, 58% used [0x00000000c0000000,0x00000000c1778ff8,0x00000000c2800000)
 PSPermGen       total 21504K, used 5983K [0x00000000b5a00000, 0x00000000b6f00000, 0x00000000c0000000)
  object space 21504K, 27% used [0x00000000b5a00000,0x00000000b5fd7e10,0x00000000b6f00000)
Event: 6.196 GC heap after
Heap after GC invocations=6 (full 0):
 PSYoungGen      total 134144K, used 11930K [0x00000000eaa80000, 0x00000000f3e80000, 0x0000000100000000)
  eden space 121344K, 0% used [0x00000000eaa80000,0x00000000eaa80000,0x00000000f2100000)
  from space 12800K, 93% used [0x00000000f2f00000,0x00000000f3aa68c0,0x00000000f3b80000)
  to   space 14336K, 0% used [0x00000000f2100000,0x00000000f2100000,0x00000000f2f00000)
 ParOldGen       total 40960K, used 24035K [0x00000000c0000000, 0x00000000c2800000, 0x00000000eaa80000)
  object space 40960K, 58% used [0x00000000c0000000,0x00000000c1778ff8,0x00000000c2800000)
 PSPermGen       total 21504K, used 5983K [0x00000000b5a00000, 0x00000000b6f00000, 0x00000000c0000000)
  object space 21504K, 27% used [0x00000000b5a00000,0x00000000b5fd7e10,0x00000000b6f00000)
}
Event: 8.280 GC heap before
{Heap before GC invocations=7 (full 0):
 PSYoungGen      total 134144K, used 133274K [0x00000000eaa80000, 0x00000000f3e80000, 0x0000000100000000)
  eden space 121344K, 100% used [0x00000000eaa80000,0x00000000f2100000,0x00000000f2100000)
  from space 12800K, 93% used [0x00000000f2f00000,0x00000000f3aa68c0,0x00000000f3b80000)
  to   space 14336K, 0% used [0x00000000f2100000,0x00000000f2100000,0x00000000f2f00000)
 ParOldGen       total 40960K, used 24035K [0x00000000c0000000, 0x00000000c2800000, 0x00000000eaa80000)
  object space 40960K, 58% used [0x00000000c0000000,0x00000000c1778ff8,0x00000000c2800000)
 PSPermGen       total 21504K, used 6053K [0x00000000b5a00000, 0x00000000b6f00000, 0x00000000c0000000)
  object space 21504K, 28% used [0x00000000b5a00000,0x00000000b5fe9738,0x00000000b6f00000)

Deoptimization events (10 events):
Event: 6.727 Thread 0x00007f4f9400a800 Uncommon trap: reason=unstable_if action=reinterpret pc=0x00007f4f9117ddfc method=com.android.dx.ssa.LiteralOpUpgrader$1.visitNonMoveInsn(Lcom/android/dx/ssa/NormalSsaInsn;)V @ 55
Event: 6.751 Thread 0x00007f4f9400a800 Uncommon trap: reason=unstable_if action=reinterpret pc=0x00007f4f910fb08c method=com.android.dx.ssa.SsaMethod.updateOneDefinition(Lcom/android/dx/ssa/SsaInsn;Lcom/android/dx/rop/code/RegisterSpec;)V @ 4
Event: 6.878 Thread 0x00007f4f9400a800 Uncommon trap: reason=class_check action=maybe_recompile pc=0x00007f4f911b01c4 method=com.android.dx.ssa.SCCP.replaceConstants()V @ 127
Event: 7.010 Thread 0x00007f4f9400a800 Uncommon trap: reason=null_check action=make_not_entrant pc=0x00007f4f912b5974 method=com.android.dx.rop.cst.CstType.intern(Lcom/android/dx/rop/type/Type;)Lcom/android/dx/rop/cst/CstType; @ 13
Event: 7.129 Thread 0x00007f4f9400a800 Uncommon trap: reason=bimorphic action=maybe_recompile pc=0x00007f4f912d45d0 method=com.android.dx.cf.code.BytecodeArray.parseInstruction(ILcom/android/dx/cf/code/BytecodeArray$Visitor;)I @ 939
Event: 7.129 Thread 0x00007f4f9400a800 Uncommon trap: reason=bimorphic action=maybe_recompile pc=0x00007f4f912d45d0 method=com.android.dx.cf.code.BytecodeArray.parseInstruction(ILcom/android/dx/cf/code/BytecodeArray$Visitor;)I @ 939
Event: 7.194 Thread 0x00007f4f9400a800 Uncommon trap: reason=class_check action=maybe_recompile pc=0x00007f4f912a6214 method=com.android.dx.cf.code.Ropper.processBlock(Lcom/android/dx/cf/code/ByteBlock;Lcom/android/dx/cf/code/Frame;[I)V @ 777
Event: 7.255 Thread 0x00007f4f9400a800 Uncommon trap: reason=unstable_if action=reinterpret pc=0x00007f4f912f257c method=com.android.dx.cf.code.RopperMachine.run(Lcom/android/dx/cf/code/Frame;II)V @ 1500
Event: 7.255 Thread 0x00007f4f9400a800 Uncommon trap: reason=class_check action=maybe_recompile pc=0x00007f4f912a6214 method=com.android.dx.cf.code.Ropper.processBlock(Lcom/android/dx/cf/code/ByteBlock;Lcom/android/dx/cf/code/Frame;[I)V @ 777
Event: 7.758 Thread 0x00007f4f9400a800 Uncommon trap: reason=unstable_if action=reinterpret pc=0x00007f4f912c0d98 method=com.android.dx.cf.code.Merger.mergeType(Lcom/android/dx/rop/type/TypeBearer;Lcom/android/dx/rop/type/TypeBearer;)Lcom/android/dx/rop/type/TypeBearer; @ 77

Internal exceptions (10 events):
Event: 3.642 Thread 0x00007f4f9400a800 Threw 0x00000000eb9e2450 at /build/openjdk-7-HVzwJZ/openjdk-7-7u95-2.6.4/build/openjdk/hotspot/src/share/vm/prims/jvm.cpp:1322
Event: 3.643 Thread 0x00007f4f9400a800 Threw 0x00000000eb9e8b90 at /build/openjdk-7-HVzwJZ/openjdk-7-7u95-2.6.4/build/openjdk/hotspot/src/share/vm/prims/jvm.cpp:1322
Event: 3.815 Thread 0x00007f4f9400a800 Threw 0x00000000ebfb4d50 at /build/openjdk-7-HVzwJZ/openjdk-7-7u95-2.6.4/build/openjdk/hotspot/src/share/vm/prims/jvm.cpp:1322
Event: 3.938 Thread 0x00007f4f9400a800 Threw 0x00000000ec47ec10 at /build/openjdk-7-HVzwJZ/openjdk-7-7u95-2.6.4/build/openjdk/hotspot/src/share/vm/prims/jvm.cpp:1322
Event: 4.005 Thread 0x00007f4f9400a800 Threw 0x00000000ec71af80 at /build/openjdk-7-HVzwJZ/openjdk-7-7u95-2.6.4/build/openjdk/hotspot/src/share/vm/prims/jvm.cpp:1322
Event: 4.022 Thread 0x00007f4f9400a800 Threw 0x00000000ec7e4dc8 at /build/openjdk-7-HVzwJZ/openjdk-7-7u95-2.6.4/build/openjdk/hotspot/src/share/vm/prims/jvm.cpp:1322
Event: 4.390 Thread 0x00007f4f9400a800 Implicit null exception at 0x00007f4f911d88b3 to 0x00007f4f911d8f9d
Event: 5.623 Thread 0x00007f4f9400a800 Threw 0x00000000ec37ba90 at /build/openjdk-7-HVzwJZ/openjdk-7-7u95-2.6.4/build/openjdk/hotspot/src/share/vm/prims/jvm.cpp:1322
Event: 6.744 Thread 0x00007f4f9400a800 Threw 0x00000000ec370550 at /build/openjdk-7-HVzwJZ/openjdk-7-7u95-2.6.4/build/openjdk/hotspot/src/share/vm/prims/jvm.cpp:1322
Event: 7.010 Thread 0x00007f4f9400a800 Implicit null exception at 0x00007f4f912b4123 to 0x00007f4f912b5969

Events (10 events):
Event: 7.255 Thread 0x00007f4f9400a800 DEOPT PACKING pc=0x00007f4f912a6214 sp=0x00007f4f9e044fb0
Event: 7.255 Thread 0x00007f4f9400a800 DEOPT UNPACKING pc=0x00007f4f91039445 sp=0x00007f4f9e044f28 mode 2
Event: 7.360 Thread 0x00007f4f940aa000 flushing nmethod 0x00007f4f910a6650
Event: 7.393 Thread 0x00007f4f940aa000 flushing nmethod 0x00007f4f9113fcd0
Event: 7.403 Thread 0x00007f4f940aa000 flushing nmethod 0x00007f4f9119e0d0
Event: 7.403 Thread 0x00007f4f940aa000 flushing nmethod 0x00007f4f911b0f10
Event: 7.748 Thread 0x00007f4f9400a800 Uncommon trap: trap_request=0xffffff75 fr.pc=0x00007f4f912c0d98
Event: 7.758 Thread 0x00007f4f9400a800 DEOPT PACKING pc=0x00007f4f912c0d98 sp=0x00007f4f9e044da0
Event: 7.759 Thread 0x00007f4f9400a800 DEOPT UNPACKING pc=0x00007f4f91039445 sp=0x00007f4f9e044d50 mode 2
Event: 7.953 Executing VM operation: ParallelGCFailedAllocation


Dynamic libraries:
00400000-00401000 r-xp 00000000 08:01 5508137                            /usr/lib/jvm/java-7-openjdk-amd64/jre/bin/java
00600000-00601000 r--p 00000000 08:01 5508137                            /usr/lib/jvm/java-7-openjdk-amd64/jre/bin/java
00601000-00602000 rw-p 00001000 08:01 5508137                            /usr/lib/jvm/java-7-openjdk-amd64/jre/bin/java
0208e000-020af000 rw-p 00000000 00:00 0                                  [heap]
b5a00000-b6f00000 rw-p 00000000 00:00 0 
b6f00000-c0000000 rw-p 00000000 00:00 0 
c0000000-c2800000 rw-p 00000000 00:00 0 
c2800000-eaa80000 rw-p 00000000 00:00 0 
eaa80000-f3e80000 rw-p 00000000 00:00 0 
fc880000-100000000 rw-p 00000000 00:00 0 
7f4f58000000-7f4f58021000 rw-p 00000000 00:00 0 
7f4f58021000-7f4f5c000000 ---p 00000000 00:00 0 
7f4f60000000-7f4f61647000 rw-p 00000000 00:00 0 
7f4f61647000-7f4f64000000 ---p 00000000 00:00 0 
7f4f64000000-7f4f64021000 rw-p 00000000 00:00 0 
7f4f64021000-7f4f68000000 ---p 00000000 00:00 0 
7f4f68000000-7f4f68021000 rw-p 00000000 00:00 0 
7f4f68021000-7f4f6c000000 ---p 00000000 00:00 0 
7f4f6c000000-7f4f6cf9c000 rw-p 00000000 00:00 0 
7f4f6cf9c000-7f4f70000000 ---p 00000000 00:00 0 
7f4f70000000-7f4f70021000 rw-p 00000000 00:00 0 
7f4f70021000-7f4f74000000 ---p 00000000 00:00 0 
7f4f74000000-7f4f74021000 rw-p 00000000 00:00 0 
7f4f74021000-7f4f78000000 ---p 00000000 00:00 0 
7f4f78000000-7f4f78021000 rw-p 00000000 00:00 0 
7f4f78021000-7f4f7c000000 ---p 00000000 00:00 0 
7f4f7c000000-7f4f7c021000 rw-p 00000000 00:00 0 
7f4f7c021000-7f4f80000000 ---p 00000000 00:00 0 
7f4f81048000-7f4f81085000 r-xp 00000000 08:01 790495                     /lib/x86_64-linux-gnu/libpcre.so.3.13.1
7f4f81085000-7f4f81284000 ---p 0003d000 08:01 790495                     /lib/x86_64-linux-gnu/libpcre.so.3.13.1
7f4f81284000-7f4f81285000 r--p 0003c000 08:01 790495                     /lib/x86_64-linux-gnu/libpcre.so.3.13.1
7f4f81285000-7f4f81286000 rw-p 0003d000 08:01 790495                     /lib/x86_64-linux-gnu/libpcre.so.3.13.1
7f4f81286000-7f4f8128d000 r-xp 00000000 08:01 4726848                    /usr/lib/x86_64-linux-gnu/libffi.so.6.0.1
7f4f8128d000-7f4f8148c000 ---p 00007000 08:01 4726848                    /usr/lib/x86_64-linux-gnu/libffi.so.6.0.1
7f4f8148c000-7f4f8148d000 r--p 00006000 08:01 4726848                    /usr/lib/x86_64-linux-gnu/libffi.so.6.0.1
7f4f8148d000-7f4f8148e000 rw-p 00007000 08:01 4726848                    /usr/lib/x86_64-linux-gnu/libffi.so.6.0.1
7f4f8148e000-7f4f814a5000 r-xp 00000000 08:01 786614                     /lib/x86_64-linux-gnu/libresolv-2.19.so
7f4f814a5000-7f4f816a5000 ---p 00017000 08:01 786614                     /lib/x86_64-linux-gnu/libresolv-2.19.so
7f4f816a5000-7f4f816a6000 r--p 00017000 08:01 786614                     /lib/x86_64-linux-gnu/libresolv-2.19.so
7f4f816a6000-7f4f816a7000 rw-p 00018000 08:01 786614                     /lib/x86_64-linux-gnu/libresolv-2.19.so
7f4f816a7000-7f4f816a9000 rw-p 00000000 00:00 0 
7f4f816a9000-7f4f816c9000 r-xp 00000000 08:01 790522                     /lib/x86_64-linux-gnu/libselinux.so.1
7f4f816c9000-7f4f818c8000 ---p 00020000 08:01 790522                     /lib/x86_64-linux-gnu/libselinux.so.1
7f4f818c8000-7f4f818c9000 r--p 0001f000 08:01 790522                     /lib/x86_64-linux-gnu/libselinux.so.1
7f4f818c9000-7f4f818ca000 rw-p 00020000 08:01 790522                     /lib/x86_64-linux-gnu/libselinux.so.1
7f4f818ca000-7f4f818cc000 rw-p 00000000 00:00 0 
7f4f818cc000-7f4f818cf000 r-xp 00000000 08:01 4726965                    /usr/lib/x86_64-linux-gnu/libgmodule-2.0.so.0.4000.0
7f4f818cf000-7f4f81ace000 ---p 00003000 08:01 4726965                    /usr/lib/x86_64-linux-gnu/libgmodule-2.0.so.0.4000.0
7f4f81ace000-7f4f81acf000 r--p 00002000 08:01 4726965                    /usr/lib/x86_64-linux-gnu/libgmodule-2.0.so.0.4000.0
7f4f81acf000-7f4f81ad0000 rw-p 00003000 08:01 4726965                    /usr/lib/x86_64-linux-gnu/libgmodule-2.0.so.0.4000.0
7f4f81ad0000-7f4f84000000 rw-p 00000000 00:00 0 
7f4f84000000-7f4f84021000 rw-p 00000000 00:00 0 
7f4f84021000-7f4f88000000 ---p 00000000 00:00 0 
7f4f88000000-7f4f88021000 rw-p 00000000 00:00 0 
7f4f88021000-7f4f8c000000 ---p 00000000 00:00 0 
7f4f8c000000-7f4f8c021000 rw-p 00000000 00:00 0 
7f4f8c021000-7f4f90000000 ---p 00000000 00:00 0 
7f4f90127000-7f4f90158000 rw-p 00000000 00:00 0 
7f4f90158000-7f4f9025e000 r-xp 00000000 08:01 790423                     /lib/x86_64-linux-gnu/libglib-2.0.so.0.4000.0
7f4f9025e000-7f4f9045d000 ---p 00106000 08:01 790423                     /lib/x86_64-linux-gnu/libglib-2.0.so.0.4000.0
7f4f9045d000-7f4f9045e000 r--p 00105000 08:01 790423                     /lib/x86_64-linux-gnu/libglib-2.0.so.0.4000.0
7f4f9045e000-7f4f9045f000 rw-p 00106000 08:01 790423                     /lib/x86_64-linux-gnu/libglib-2.0.so.0.4000.0
7f4f9045f000-7f4f90460000 rw-p 00000000 00:00 0 
7f4f90460000-7f4f904af000 r-xp 00000000 08:01 4726981                    /usr/lib/x86_64-linux-gnu/libgobject-2.0.so.0.4000.0
7f4f904af000-7f4f906af000 ---p 0004f000 08:01 4726981                    /usr/lib/x86_64-linux-gnu/libgobject-2.0.so.0.4000.0
7f4f906af000-7f4f906b0000 r--p 0004f000 08:01 4726981                    /usr/lib/x86_64-linux-gnu/libgobject-2.0.so.0.4000.0
7f4f906b0000-7f4f906b1000 rw-p 00050000 08:01 4726981                    /usr/lib/x86_64-linux-gnu/libgobject-2.0.so.0.4000.0
7f4f906b1000-7f4f9081c000 r-xp 00000000 08:01 4726951                    /usr/lib/x86_64-linux-gnu/libgio-2.0.so.0.4000.0
7f4f9081c000-7f4f90a1c000 ---p 0016b000 08:01 4726951                    /usr/lib/x86_64-linux-gnu/libgio-2.0.so.0.4000.0
7f4f90a1c000-7f4f90a20000 r--p 0016b000 08:01 4726951                    /usr/lib/x86_64-linux-gnu/libgio-2.0.so.0.4000.0
7f4f90a20000-7f4f90a22000 rw-p 0016f000 08:01 4726951                    /usr/lib/x86_64-linux-gnu/libgio-2.0.so.0.4000.0
7f4f90a22000-7f4f90a24000 rw-p 00000000 00:00 0 
7f4f90a24000-7f4f90a3b000 r-xp 00000000 08:01 5917886                    /usr/lib/jvm/java-7-openjdk-amd64/jre/lib/amd64/libnet.so
7f4f90a3b000-7f4f90c3a000 ---p 00017000 08:01 5917886                    /usr/lib/jvm/java-7-openjdk-amd64/jre/lib/amd64/libnet.so
7f4f90c3a000-7f4f90c3b000 r--p 00016000 08:01 5917886                    /usr/lib/jvm/java-7-openjdk-amd64/jre/lib/amd64/libnet.so
7f4f90c3b000-7f4f90c3c000 rw-p 00017000 08:01 5917886                    /usr/lib/jvm/java-7-openjdk-amd64/jre/lib/amd64/libnet.so
7f4f90c3c000-7f4f90c4c000 r-xp 00000000 08:01 5917910                    /usr/lib/jvm/java-7-openjdk-amd64/jre/lib/amd64/libnio.so
7f4f90c4c000-7f4f90e4c000 ---p 00010000 08:01 5917910                    /usr/lib/jvm/java-7-openjdk-amd64/jre/lib/amd64/libnio.so
7f4f90e4c000-7f4f90e4d000 r--p 00010000 08:01 5917910                    /usr/lib/jvm/java-7-openjdk-amd64/jre/lib/amd64/libnio.so
7f4f90e4d000-7f4f90e4e000 rw-p 00011000 08:01 5917910                    /usr/lib/jvm/java-7-openjdk-amd64/jre/lib/amd64/libnio.so
7f4f90e4e000-7f4f90eff000 r--s 00b7e000 08:01 10626936                   /home/raihan/OpenSrpWorkSpace/opensrp-client-dghs-demo/opensrp-dghs/build/intermediates/multi-dex/x86/debug/allclasses.jar
7f4f90eff000-7f4f90f00000 ---p 00000000 00:00 0 
7f4f90f00000-7f4f91000000 rw-p 00000000 00:00 0                          [stack:29253]
7f4f91000000-7f4f91320000 rwxp 00000000 00:00 0 
7f4f91320000-7f4f9426d000 rw-p 00000000 00:00 0 
7f4f9426d000-7f4f98000000 ---p 00000000 00:00 0 
7f4f98044000-7f4f98053000 r--s 000dd000 08:01 6177003                    /home/raihan/android-sdk-linux/build-tools/21.1.2/lib/dx.jar
7f4f98053000-7f4f98056000 r--s 0000f000 08:01 5917931                    /usr/lib/jvm/java-7-openjdk-amd64/jre/lib/ext/icedtea-sound.jar
7f4f98056000-7f4f98059000 ---p 00000000 00:00 0 
7f4f98059000-7f4f98157000 rw-p 00000000 00:00 0                          [stack:29252]
7f4f98157000-7f4f9815a000 ---p 00000000 00:00 0 
7f4f9815a000-7f4f98258000 rw-p 00000000 00:00 0                          [stack:29251]
7f4f98258000-7f4f9825b000 ---p 00000000 00:00 0 
7f4f9825b000-7f4f98359000 rw-p 00000000 00:00 0                          [stack:29250]
7f4f98359000-7f4f9835c000 ---p 00000000 00:00 0 
7f4f9835c000-7f4f9845a000 rw-p 00000000 00:00 0                          [stack:29249]
7f4f9845a000-7f4f98b7d000 r--p 00000000 08:01 4725570                    /usr/lib/locale/locale-archive
7f4f98b7d000-7f4f98b80000 ---p 00000000 00:00 0 
7f4f98b80000-7f4f98c7e000 rw-p 00000000 00:00 0                          [stack:29248]
7f4f98c7e000-7f4f98c81000 ---p 00000000 00:00 0 
7f4f98c81000-7f4f98d7f000 rw-p 00000000 00:00 0                          [stack:29247]
7f4f98d7f000-7f4f98d80000 ---p 00000000 00:00 0 
7f4f98d80000-7f4f99e7d000 rw-p 00000000 00:00 0                          [stack:29246]
7f4f99e7d000-7f4f9a02e000 r--s 01d30000 08:01 5508152                    /usr/lib/jvm/java-7-openjdk-amd64/jre/lib/rt.jar
7f4f9a02e000-7f4f9a37a000 rw-p 00000000 00:00 0 
7f4f9a37a000-7f4f9a37b000 ---p 00000000 00:00 0 
7f4f9a37b000-7f4f9a47b000 rw-p 00000000 00:00 0                          [stack:29245]
7f4f9a47b000-7f4f9a47c000 ---p 00000000 00:00 0 
7f4f9a47c000-7f4f9a57c000 rw-p 00000000 00:00 0                          [stack:29244]
7f4f9a57c000-7f4f9a57d000 ---p 00000000 00:00 0 
7f4f9a57d000-7f4f9a67d000 rw-p 00000000 00:00 0                          [stack:29243]
7f4f9a67d000-7f4f9a67e000 ---p 00000000 00:00 0 
7f4f9a67e000-7f4f9a789000 rw-p 00000000 00:00 0                          [stack:29242]
7f4f9a789000-7f4f9a7d1000 rw-p 00000000 00:00 0 
7f4f9a7d1000-7f4f9a7e5000 rw-p 00000000 00:00 0 
7f4f9a7e5000-7f4f9a927000 rw-p 00000000 00:00 0 
7f4f9a927000-7f4f9a932000 rw-p 00000000 00:00 0 
7f4f9a932000-7f4f9a97a000 rw-p 00000000 00:00 0 
7f4f9a97a000-7f4f9a98e000 rw-p 00000000 00:00 0 
7f4f9a98e000-7f4f9aacf000 rw-p 00000000 00:00 0 
7f4f9aacf000-7f4f9ab1a000 rw-p 00000000 00:00 0 
7f4f9ab1a000-7f4f9ab7a000 rw-p 00000000 00:00 0 
7f4f9ab7a000-7f4f9ab7b000 rw-p 00000000 00:00 0 
7f4f9ab7b000-7f4f9ab83000 r-xp 00000000 08:01 5917892                    /usr/lib/jvm/java-7-openjdk-amd64/jre/lib/amd64/libzip.so
7f4f9ab83000-7f4f9ad82000 ---p 00008000 08:01 5917892                    /usr/lib/jvm/java-7-openjdk-amd64/jre/lib/amd64/libzip.so
7f4f9ad82000-7f4f9ad83000 r--p 00007000 08:01 5917892                    /usr/lib/jvm/java-7-openjdk-amd64/jre/lib/amd64/libzip.so
7f4f9ad83000-7f4f9ad84000 rw-p 00008000 08:01 5917892                    /usr/lib/jvm/java-7-openjdk-amd64/jre/lib/amd64/libzip.so
7f4f9ad84000-7f4f9ad8f000 r-xp 00000000 08:01 786646                     /lib/x86_64-linux-gnu/libnss_files-2.19.so
7f4f9ad8f000-7f4f9af8e000 ---p 0000b000 08:01 786646                     /lib/x86_64-linux-gnu/libnss_files-2.19.so
7f4f9af8e000-7f4f9af8f000 r--p 0000a000 08:01 786646                     /lib/x86_64-linux-gnu/libnss_files-2.19.so
7f4f9af8f000-7f4f9af90000 rw-p 0000b000 08:01 786646                     /lib/x86_64-linux-gnu/libnss_files-2.19.so
7f4f9af90000-7f4f9af9b000 r-xp 00000000 08:01 786638                     /lib/x86_64-linux-gnu/libnss_nis-2.19.so
7f4f9af9b000-7f4f9b19a000 ---p 0000b000 08:01 786638                     /lib/x86_64-linux-gnu/libnss_nis-2.19.so
7f4f9b19a000-7f4f9b19b000 r--p 0000a000 08:01 786638                     /lib/x86_64-linux-gnu/libnss_nis-2.19.so
7f4f9b19b000-7f4f9b19c000 rw-p 0000b000 08:01 786638                     /lib/x86_64-linux-gnu/libnss_nis-2.19.so
7f4f9b19c000-7f4f9b1b3000 r-xp 00000000 08:01 786634                     /lib/x86_64-linux-gnu/libnsl-2.19.so
7f4f9b1b3000-7f4f9b3b2000 ---p 00017000 08:01 786634                     /lib/x86_64-linux-gnu/libnsl-2.19.so
7f4f9b3b2000-7f4f9b3b3000 r--p 00016000 08:01 786634                     /lib/x86_64-linux-gnu/libnsl-2.19.so
7f4f9b3b3000-7f4f9b3b4000 rw-p 00017000 08:01 786634                     /lib/x86_64-linux-gnu/libnsl-2.19.so
7f4f9b3b4000-7f4f9b3b6000 rw-p 00000000 00:00 0 
7f4f9b3b6000-7f4f9b3bf000 r-xp 00000000 08:01 786633                     /lib/x86_64-linux-gnu/libnss_compat-2.19.so
7f4f9b3bf000-7f4f9b5be000 ---p 00009000 08:01 786633                     /lib/x86_64-linux-gnu/libnss_compat-2.19.so
7f4f9b5be000-7f4f9b5bf000 r--p 00008000 08:01 786633                     /lib/x86_64-linux-gnu/libnss_compat-2.19.so
7f4f9b5bf000-7f4f9b5c0000 rw-p 00009000 08:01 786633                     /lib/x86_64-linux-gnu/libnss_compat-2.19.so
7f4f9b5c0000-7f4f9b5eb000 r-xp 00000000 08:01 5917877                    /usr/lib/jvm/java-7-openjdk-amd64/jre/lib/amd64/libjava.so
7f4f9b5eb000-7f4f9b7eb000 ---p 0002b000 08:01 5917877                    /usr/lib/jvm/java-7-openjdk-amd64/jre/lib/amd64/libjava.so
7f4f9b7eb000-7f4f9b7ec000 r--p 0002b000 08:01 5917877                    /usr/lib/jvm/java-7-openjdk-amd64/jre/lib/amd64/libjava.so
7f4f9b7ec000-7f4f9b7ee000 rw-p 0002c000 08:01 5917877                    /usr/lib/jvm/java-7-openjdk-amd64/jre/lib/amd64/libjava.so
7f4f9b7ee000-7f4f9b7fe000 r-xp 00000000 08:01 5917878                    /usr/lib/jvm/java-7-openjdk-amd64/jre/lib/amd64/libverify.so
7f4f9b7fe000-7f4f9b9fd000 ---p 00010000 08:01 5917878                    /usr/lib/jvm/java-7-openjdk-amd64/jre/lib/amd64/libverify.so
7f4f9b9fd000-7f4f9b9ff000 r--p 0000f000 08:01 5917878                    /usr/lib/jvm/java-7-openjdk-amd64/jre/lib/amd64/libverify.so
7f4f9b9ff000-7f4f9ba00000 rw-p 00011000 08:01 5917878                    /usr/lib/jvm/java-7-openjdk-amd64/jre/lib/amd64/libverify.so
7f4f9ba00000-7f4f9ba07000 r-xp 00000000 08:01 786642                     /lib/x86_64-linux-gnu/librt-2.19.so
7f4f9ba07000-7f4f9bc06000 ---p 00007000 08:01 786642                     /lib/x86_64-linux-gnu/librt-2.19.so
7f4f9bc06000-7f4f9bc07000 r--p 00006000 08:01 786642                     /lib/x86_64-linux-gnu/librt-2.19.so
7f4f9bc07000-7f4f9bc08000 rw-p 00007000 08:01 786642                     /lib/x86_64-linux-gnu/librt-2.19.so
7f4f9bc08000-7f4f9bc1e000 r-xp 00000000 08:01 786612                     /lib/x86_64-linux-gnu/libgcc_s.so.1
7f4f9bc1e000-7f4f9be1d000 ---p 00016000 08:01 786612                     /lib/x86_64-linux-gnu/libgcc_s.so.1
7f4f9be1d000-7f4f9be1e000 rw-p 00015000 08:01 786612                     /lib/x86_64-linux-gnu/libgcc_s.so.1
7f4f9be1e000-7f4f9bf23000 r-xp 00000000 08:01 786618                     /lib/x86_64-linux-gnu/libm-2.19.so
7f4f9bf23000-7f4f9c122000 ---p 00105000 08:01 786618                     /lib/x86_64-linux-gnu/libm-2.19.so
7f4f9c122000-7f4f9c123000 r--p 00104000 08:01 786618                     /lib/x86_64-linux-gnu/libm-2.19.so
7f4f9c123000-7f4f9c124000 rw-p 00105000 08:01 786618                     /lib/x86_64-linux-gnu/libm-2.19.so
7f4f9c124000-7f4f9c20a000 r-xp 00000000 08:01 4719935                    /usr/lib/x86_64-linux-gnu/libstdc++.so.6.0.19
7f4f9c20a000-7f4f9c409000 ---p 000e6000 08:01 4719935                    /usr/lib/x86_64-linux-gnu/libstdc++.so.6.0.19
7f4f9c409000-7f4f9c411000 r--p 000e5000 08:01 4719935                    /usr/lib/x86_64-linux-gnu/libstdc++.so.6.0.19
7f4f9c411000-7f4f9c413000 rw-p 000ed000 08:01 4719935                    /usr/lib/x86_64-linux-gnu/libstdc++.so.6.0.19
7f4f9c413000-7f4f9c428000 rw-p 00000000 00:00 0 
7f4f9c428000-7f4f9cf4c000 r-xp 00000000 08:01 5917890                    /usr/lib/jvm/java-7-openjdk-amd64/jre/lib/amd64/server/libjvm.so
7f4f9cf4c000-7f4f9d14c000 ---p 00b24000 08:01 5917890                    /usr/lib/jvm/java-7-openjdk-amd64/jre/lib/amd64/server/libjvm.so
7f4f9d14c000-7f4f9d1e6000 r--p 00b24000 08:01 5917890                    /usr/lib/jvm/java-7-openjdk-amd64/jre/lib/amd64/server/libjvm.so
7f4f9d1e6000-7f4f9d209000 rw-p 00bbe000 08:01 5917890                    /usr/lib/jvm/java-7-openjdk-amd64/jre/lib/amd64/server/libjvm.so
7f4f9d209000-7f4f9d237000 rw-p 00000000 00:00 0 
7f4f9d237000-7f4f9d24f000 r-xp 00000000 08:01 790555                     /lib/x86_64-linux-gnu/libz.so.1.2.8
7f4f9d24f000-7f4f9d44e000 ---p 00018000 08:01 790555                     /lib/x86_64-linux-gnu/libz.so.1.2.8
7f4f9d44e000-7f4f9d44f000 r--p 00017000 08:01 790555                     /lib/x86_64-linux-gnu/libz.so.1.2.8
7f4f9d44f000-7f4f9d450000 rw-p 00018000 08:01 790555                     /lib/x86_64-linux-gnu/libz.so.1.2.8
7f4f9d450000-7f4f9d469000 r-xp 00000000 08:01 786635                     /lib/x86_64-linux-gnu/libpthread-2.19.so
7f4f9d469000-7f4f9d668000 ---p 00019000 08:01 786635                     /lib/x86_64-linux-gnu/libpthread-2.19.so
7f4f9d668000-7f4f9d669000 r--p 00018000 08:01 786635                     /lib/x86_64-linux-gnu/libpthread-2.19.so
7f4f9d669000-7f4f9d66a000 rw-p 00019000 08:01 786635                     /lib/x86_64-linux-gnu/libpthread-2.19.so
7f4f9d66a000-7f4f9d66e000 rw-p 00000000 00:00 0 
7f4f9d66e000-7f4f9d671000 r-xp 00000000 08:01 786630                     /lib/x86_64-linux-gnu/libdl-2.19.so
7f4f9d671000-7f4f9d870000 ---p 00003000 08:01 786630                     /lib/x86_64-linux-gnu/libdl-2.19.so
7f4f9d870000-7f4f9d871000 r--p 00002000 08:01 786630                     /lib/x86_64-linux-gnu/libdl-2.19.so
7f4f9d871000-7f4f9d872000 rw-p 00003000 08:01 786630                     /lib/x86_64-linux-gnu/libdl-2.19.so
7f4f9d872000-7f4f9da2d000 r-xp 00000000 08:01 786643                     /lib/x86_64-linux-gnu/libc-2.19.so
7f4f9da2d000-7f4f9dc2c000 ---p 001bb000 08:01 786643                     /lib/x86_64-linux-gnu/libc-2.19.so
7f4f9dc2c000-7f4f9dc30000 r--p 001ba000 08:01 786643                     /lib/x86_64-linux-gnu/libc-2.19.so
7f4f9dc30000-7f4f9dc32000 rw-p 001be000 08:01 786643                     /lib/x86_64-linux-gnu/libc-2.19.so
7f4f9dc32000-7f4f9dc37000 rw-p 00000000 00:00 0 
7f4f9dc37000-7f4f9dc44000 r-xp 00000000 08:01 5917907                    /usr/lib/jvm/java-7-openjdk-amd64/jre/lib/amd64/jli/libjli.so
7f4f9dc44000-7f4f9de43000 ---p 0000d000 08:01 5917907                    /usr/lib/jvm/java-7-openjdk-amd64/jre/lib/amd64/jli/libjli.so
7f4f9de43000-7f4f9de44000 r--p 0000c000 08:01 5917907                    /usr/lib/jvm/java-7-openjdk-amd64/jre/lib/amd64/jli/libjli.so
7f4f9de44000-7f4f9de45000 rw-p 0000d000 08:01 5917907                    /usr/lib/jvm/java-7-openjdk-amd64/jre/lib/amd64/jli/libjli.so
7f4f9de45000-7f4f9de68000 r-xp 00000000 08:01 786636                     /lib/x86_64-linux-gnu/ld-2.19.so
7f4f9de6a000-7f4f9de6e000 r--s 00034000 08:01 5917930                    /usr/lib/jvm/java-7-openjdk-amd64/jre/lib/ext/sunjce_provider.jar
7f4f9de6e000-7f4f9de93000 rw-p 00000000 00:00 0 
7f4f9de93000-7f4f9df46000 rw-p 00000000 00:00 0 
7f4f9df46000-7f4f9df49000 ---p 00000000 00:00 0 
7f4f9df49000-7f4f9e04c000 rw-p 00000000 00:00 0                          [stack:29241]
7f4f9e04d000-7f4f9e04e000 rw-p 00000000 00:00 0 
7f4f9e04e000-7f4f9e050000 r--s 00012000 08:01 5917929                    /usr/lib/jvm/java-7-openjdk-amd64/jre/lib/ext/zipfs.jar
7f4f9e050000-7f4f9e052000 r--s 00006000 08:01 5118243                    /usr/share/java/java-atk-wrapper.jar
7f4f9e052000-7f4f9e056000 r--s 0003c000 08:01 5917933                    /usr/lib/jvm/java-7-openjdk-amd64/jre/lib/ext/sunpkcs11.jar
7f4f9e056000-7f4f9e05a000 r--s 00085000 08:01 5917932                    /usr/lib/jvm/java-7-openjdk-amd64/jre/lib/ext/localedata.jar
7f4f9e05a000-7f4f9e05b000 r--s 00002000 08:01 5917928                    /usr/lib/jvm/java-7-openjdk-amd64/jre/lib/ext/dnsns.jar
7f4f9e05b000-7f4f9e063000 rw-s 00000000 08:01 131958                     /tmp/hsperfdata_raihan/29236
7f4f9e063000-7f4f9e064000 rw-p 00000000 00:00 0 
7f4f9e064000-7f4f9e065000 ---p 00000000 00:00 0 
7f4f9e065000-7f4f9e067000 rw-p 00000000 00:00 0 
7f4f9e067000-7f4f9e068000 r--p 00022000 08:01 786636                     /lib/x86_64-linux-gnu/ld-2.19.so
7f4f9e068000-7f4f9e069000 rw-p 00023000 08:01 786636                     /lib/x86_64-linux-gnu/ld-2.19.so
7f4f9e069000-7f4f9e06a000 rw-p 00000000 00:00 0 
7fff14bf4000-7fff14c15000 rw-p 00000000 00:00 0                          [stack]
7fff14df5000-7fff14df7000 r-xp 00000000 00:00 0                          [vdso]
ffffffffff600000-ffffffffff601000 r-xp 00000000 00:00 0                  [vsyscall]

VM Arguments:
jvm_args: -Xmx1024M -Dfile.encoding=UTF-8 -Duser.country=US -Duser.language=en -Duser.variant 
java_command: com.android.dx.command.Main --dex --multi-dex --main-dex-list /home/raihan/OpenSrpWorkSpace/opensrp-client-dghs-demo/opensrp-dghs/build/intermediates/multi-dex/x86/debug/maindexlist.txt --output /home/raihan/OpenSrpWorkSpace/opensrp-client-dghs-demo/opensrp-dghs/build/intermediates/dex/x86/debug /home/raihan/OpenSrpWorkSpace/opensrp-client-dghs-demo/opensrp-dghs/build/intermediates/multi-dex/x86/debug/allclasses.jar
Launcher Type: SUN_STANDARD

Environment Variables:
PATH=/usr/local/sbin:/usr/local/bin:/usr/sbin:/usr/bin:/sbin:/bin:/usr/games:/usr/local/games
SHELL=/bin/bash
DISPLAY=:0

Signal Handlers:
SIGSEGV: [libjvm.so+0x9548f0], sa_mask[0]=0x7ffbfeff, sa_flags=0x10000004
SIGBUS: [libjvm.so+0x9548f0], sa_mask[0]=0x7ffbfeff, sa_flags=0x10000004
SIGFPE: [libjvm.so+0x7cb0b0], sa_mask[0]=0x7ffbfeff, sa_flags=0x10000004
SIGPIPE: [libjvm.so+0x7cb0b0], sa_mask[0]=0x7ffbfeff, sa_flags=0x10000004
SIGXFSZ: [libjvm.so+0x7cb0b0], sa_mask[0]=0x7ffbfeff, sa_flags=0x10000004
SIGILL: [libjvm.so+0x7cb0b0], sa_mask[0]=0x7ffbfeff, sa_flags=0x10000004
SIGUSR1: SIG_DFL, sa_mask[0]=0x00000000, sa_flags=0x00000000
SIGUSR2: [libjvm.so+0x7caf50], sa_mask[0]=0x00000004, sa_flags=0x10000004
SIGHUP: [libjvm.so+0x7cb130], sa_mask[0]=0x7ffbfeff, sa_flags=0x10000004
SIGINT: [libjvm.so+0x7cb130], sa_mask[0]=0x7ffbfeff, sa_flags=0x10000004
SIGTERM: [libjvm.so+0x7cb130], sa_mask[0]=0x7ffbfeff, sa_flags=0x10000004
SIGQUIT: [libjvm.so+0x7cb130], sa_mask[0]=0x7ffbfeff, sa_flags=0x10000004
SIGTRAP: SIG_DFL, sa_mask[0]=0x00000000, sa_flags=0x00000000


---------------  S Y S T E M  ---------------

OS:Ubuntu 14.04 (trusty)
uname:Linux 3.13.0-24-generic #46-Ubuntu SMP Thu Apr 10 19:11:08 UTC 2014 x86_64
libc:glibc 2.19 NPTL 2.19 
rlimit: STACK 8192k, CORE 0k, NPROC 30570, NOFILE 4096, AS infinity
load average:2.44 2.15 1.74

/proc/meminfo:
MemTotal:        3934516 kB
MemFree:           87940 kB
Buffers:            1156 kB
Cached:           474388 kB
SwapCached:        26156 kB
Active:          2173956 kB
Inactive:         814252 kB
Active(anon):    2166512 kB
Inactive(anon):   772856 kB
Active(file):       7444 kB
Inactive(file):    41396 kB
Unevictable:          68 kB
Mlocked:              68 kB
SwapTotal:       4080636 kB
SwapFree:             36 kB
Dirty:                72 kB
Writeback:            84 kB
AnonPages:       2493060 kB
Mapped:           633856 kB
Shmem:            426032 kB
Slab:              98852 kB
SReclaimable:      41576 kB
SUnreclaim:        57276 kB
KernelStack:        7288 kB
PageTables:        91668 kB
NFS_Unstable:          0 kB
Bounce:                0 kB
WritebackTmp:          0 kB
CommitLimit:     6047892 kB
Committed_AS:   24447704 kB
VmallocTotal:   34359738367 kB
VmallocUsed:      553552 kB
VmallocChunk:   34359155724 kB
HardwareCorrupted:     0 kB
AnonHugePages:    325632 kB
HugePages_Total:       0
HugePages_Free:        0
HugePages_Rsvd:        0
HugePages_Surp:        0
Hugepagesize:       2048 kB
DirectMap4k:       89600 kB
DirectMap2M:     3993600 kB
DirectMap1G:           0 kB


CPU:total 4 (2 cores per cpu, 2 threads per core) family 6 model 61 stepping 4, cmov, cx8, fxsr, mmx, sse, sse2, sse3, ssse3, sse4.1, sse4.2, popcnt, avx, avx2, aes, erms, ht, tsc, tscinvbit

/proc/cpuinfo:
processor	: 0
vendor_id	: GenuineIntel
cpu family	: 6
model		: 61
model name	: Intel(R) Core(TM) i5-5200U CPU @ 2.20GHz
stepping	: 4
microcode	: 0x1f
cpu MHz		: 2201.000
cache size	: 3072 KB
physical id	: 0
siblings	: 4
core id		: 0
cpu cores	: 2
apicid		: 0
initial apicid	: 0
fpu		: yes
fpu_exception	: yes
cpuid level	: 20
wp		: yes
flags		: fpu vme de pse tsc msr pae mce cx8 apic sep mtrr pge mca cmov pat pse36 clflush dts acpi mmx fxsr sse sse2 ss ht tm pbe syscall nx pdpe1gb rdtscp lm constant_tsc arch_perfmon pebs bts rep_good nopl xtopology nonstop_tsc aperfmperf eagerfpu pni pclmulqdq dtes64 monitor ds_cpl vmx est tm2 ssse3 fma cx16 xtpr pdcm pcid sse4_1 sse4_2 x2apic movbe popcnt tsc_deadline_timer aes xsave avx f16c rdrand lahf_lm abm 3dnowprefetch ida arat epb xsaveopt pln pts dtherm tpr_shadow vnmi flexpriority ept vpid fsgsbase tsc_adjust bmi1 avx2 smep bmi2 erms invpcid rdseed adx smap
bogomips	: 4389.82
clflush size	: 64
cache_alignment	: 64
address sizes	: 39 bits physical, 48 bits virtual
power management:

processor	: 1
vendor_id	: GenuineIntel
cpu family	: 6
model		: 61
model name	: Intel(R) Core(TM) i5-5200U CPU @ 2.20GHz
stepping	: 4
microcode	: 0x1f
cpu MHz		: 2201.000
cache size	: 3072 KB
physical id	: 0
siblings	: 4
core id		: 0
cpu cores	: 2
apicid		: 1
initial apicid	: 1
fpu		: yes
fpu_exception	: yes
cpuid level	: 20
wp		: yes
flags		: fpu vme de pse tsc msr pae mce cx8 apic sep mtrr pge mca cmov pat pse36 clflush dts acpi mmx fxsr sse sse2 ss ht tm pbe syscall nx pdpe1gb rdtscp lm constant_tsc arch_perfmon pebs bts rep_good nopl xtopology nonstop_tsc aperfmperf eagerfpu pni pclmulqdq dtes64 monitor ds_cpl vmx est tm2 ssse3 fma cx16 xtpr pdcm pcid sse4_1 sse4_2 x2apic movbe popcnt tsc_deadline_timer aes xsave avx f16c rdrand lahf_lm abm 3dnowprefetch ida arat epb xsaveopt pln pts dtherm tpr_shadow vnmi flexpriority ept vpid fsgsbase tsc_adjust bmi1 avx2 smep bmi2 erms invpcid rdseed adx smap
bogomips	: 4389.82
clflush size	: 64
cache_alignment	: 64
address sizes	: 39 bits physical, 48 bits virtual
power management:

processor	: 2
vendor_id	: GenuineIntel
cpu family	: 6
model		: 61
model name	: Intel(R) Core(TM) i5-5200U CPU @ 2.20GHz
stepping	: 4
microcode	: 0x1f
cpu MHz		: 2201.000
cache size	: 3072 KB
physical id	: 0
siblings	: 4
core id		: 1
cpu cores	: 2
apicid		: 2
initial apicid	: 2
fpu		: yes
fpu_exception	: yes
cpuid level	: 20
wp		: yes
flags		: fpu vme de pse tsc msr pae mce cx8 apic sep mtrr pge mca cmov pat pse36 clflush dts acpi mmx fxsr sse sse2 ss ht tm pbe syscall nx pdpe1gb rdtscp lm constant_tsc arch_perfmon pebs bts rep_good nopl xtopology nonstop_tsc aperfmperf eagerfpu pni pclmulqdq dtes64 monitor ds_cpl vmx est tm2 ssse3 fma cx16 xtpr pdcm pcid sse4_1 sse4_2 x2apic movbe popcnt tsc_deadline_timer aes xsave avx f16c rdrand lahf_lm abm 3dnowprefetch ida arat epb xsaveopt pln pts dtherm tpr_shadow vnmi flexpriority ept vpid fsgsbase tsc_adjust bmi1 avx2 smep bmi2 erms invpcid rdseed adx smap
bogomips	: 4389.82
clflush size	: 64
cache_alignment	: 64
address sizes	: 39 bits physical, 48 bits virtual
power management:

processor	: 3
vendor_id	: GenuineIntel
cpu family	: 6
model		: 61
model name	: Intel(R) Core(TM) i5-5200U CPU @ 2.20GHz
stepping	: 4
microcode	: 0x1f
cpu MHz		: 2201.000
cache size	: 3072 KB
physical id	: 0
siblings	: 4
core id		: 1
cpu cores	: 2
apicid		: 3
initial apicid	: 3
fpu		: yes
fpu_exception	: yes
cpuid level	: 20
wp		: yes
flags		: fpu vme de pse tsc msr pae mce cx8 apic sep mtrr pge mca cmov pat pse36 clflush dts acpi mmx fxsr sse sse2 ss ht tm pbe syscall nx pdpe1gb rdtscp lm constant_tsc arch_perfmon pebs bts rep_good nopl xtopology nonstop_tsc aperfmperf eagerfpu pni pclmulqdq dtes64 monitor ds_cpl vmx est tm2 ssse3 fma cx16 xtpr pdcm pcid sse4_1 sse4_2 x2apic movbe popcnt tsc_deadline_timer aes xsave avx f16c rdrand lahf_lm abm 3dnowprefetch ida arat epb xsaveopt pln pts dtherm tpr_shadow vnmi flexpriority ept vpid fsgsbase tsc_adjust bmi1 avx2 smep bmi2 erms invpcid rdseed adx smap
bogomips	: 4389.82
clflush size	: 64
cache_alignment	: 64
address sizes	: 39 bits physical, 48 bits virtual
power management:



Memory: 4k page, physical 3934516k(87760k free), swap 4080636k(28k free)

vm_info: OpenJDK 64-Bit Server VM (24.95-b01) for linux-amd64 JRE (1.7.0_95-b00), built on Mar 24 2016 06:13:32 by "buildd" with gcc 4.8.2

time: Wed Aug 17 16:05:43 2016
elapsed time: 8 seconds

