#
# There is insufficient memory for the Java Runtime Environment to continue.
# Native memory allocation (malloc) failed to allocate 69206016 bytes for committing reserved memory.
# Possible reasons:
#   The system is out of physical RAM or swap space
#   In 32 bit mode, the process size limit was hit
# Possible solutions:
#   Reduce memory load on the system
#   Increase physical memory or swap space
#   Check if swap backing store is full
#   Use 64 bit Java on a 64 bit OS
#   Decrease Java heap size (-Xmx/-Xms)
#   Decrease number of Java threads
#   Decrease Java thread stack sizes (-Xss)
#   Set larger code cache with -XX:ReservedCodeCacheSize=
# This output file may be truncated or incomplete.
#
#  Out of Memory Error (os_linux.cpp:2827), pid=7162, tid=139823272519424
#
# JRE version: OpenJDK Runtime Environment (7.0_95) (build 1.7.0_95-b00)
# Java VM: OpenJDK 64-Bit Server VM (24.95-b01 mixed mode linux-amd64 compressed oops)
# Derivative: IcedTea 2.6.4
# Distribution: Ubuntu 14.04 LTS, package 7u95-2.6.4-0ubuntu0.14.04.2
# Failed to write core dump. Core dumps have been disabled. To enable core dumping, try "ulimit -c unlimited" before starting Java again
#

---------------  T H R E A D  ---------------

Current thread (0x00007f2b28076000):  VMThread [stack: 0x00007f2b246d6000,0x00007f2b247d7000] [id=7171]

Stack: [0x00007f2b246d6000,0x00007f2b247d7000],  sp=0x00007f2b247d5490,  free space=1021k
Native frames: (J=compiled Java code, j=interpreted, Vv=VM code, C=native code)
V  [libjvm.so+0x953e15]
V  [libjvm.so+0x48fd94]
V  [libjvm.so+0x7cf87b]
V  [libjvm.so+0x7ca33f]
V  [libjvm.so+0x83dacb]
V  [libjvm.so+0x83e930]
V  [libjvm.so+0x83f01b]
V  [libjvm.so+0x83b258]
V  [libjvm.so+0x83bac8]
V  [libjvm.so+0x7f2083]
V  [libjvm.so+0x955814]
V  [libjvm.so+0x959917]
V  [libjvm.so+0x9583d8]
V  [libjvm.so+0x958839]
V  [libjvm.so+0x958c82]
V  [libjvm.so+0x7cc742]

VM_Operation (0x00007f2b309a3d20): ParallelGCFailedAllocation, mode: safepoint, requested by thread 0x00007f2b2800a800


---------------  P R O C E S S  ---------------

Java Threads: ( => current thread )
  0x00007f2b280af800 JavaThread "Service Thread" daemon [_thread_blocked, id=7177, stack(0x00007f2b240d0000,0x00007f2b241d1000)]
  0x00007f2b280ad000 JavaThread "C2 CompilerThread1" daemon [_thread_blocked, id=7176, stack(0x00007f2b241d1000,0x00007f2b242d2000)]
  0x00007f2b280aa000 JavaThread "C2 CompilerThread0" daemon [_thread_blocked, id=7175, stack(0x00007f2b242d2000,0x00007f2b243d3000)]
  0x00007f2b280a8000 JavaThread "Signal Dispatcher" daemon [_thread_blocked, id=7174, stack(0x00007f2b243d3000,0x00007f2b244d4000)]
  0x00007f2b2807c000 JavaThread "Finalizer" daemon [_thread_blocked, id=7173, stack(0x00007f2b244d4000,0x00007f2b245d5000)]
  0x00007f2b2807a000 JavaThread "Reference Handler" daemon [_thread_blocked, id=7172, stack(0x00007f2b245d5000,0x00007f2b246d6000)]
  0x00007f2b2800a800 JavaThread "main" [_thread_blocked, id=7166, stack(0x00007f2b308a5000,0x00007f2b309a6000)]

Other Threads:
=>0x00007f2b28076000 VMThread [stack: 0x00007f2b246d6000,0x00007f2b247d7000] [id=7171]
  0x00007f2b280ba000 WatcherThread [stack: 0x00007f2b152ac000,0x00007f2b153ad000] [id=7178]

VM state:at safepoint (normal execution)

VM Mutex/Monitor currently owned by a thread:  ([mutex/lock_event])
[0x00007f2b28006940] Threads_lock - owner thread: 0x00007f2b28076000
[0x00007f2b28006e40] Heap_lock - owner thread: 0x00007f2b2800a800

Heap
 PSYoungGen      total 68096K, used 8160K [0x00000000eaa80000, 0x00000000ef680000, 0x0000000100000000)
  eden space 59904K, 0% used [0x00000000eaa80000,0x00000000eaa80000,0x00000000ee500000)
  from space 8192K, 99% used [0x00000000ee500000,0x00000000eecf82e0,0x00000000eed00000)
  to   space 6656K, 0% used [0x00000000eed00000,0x00000000eed00000,0x00000000ef380000)
 ParOldGen       total 40960K, used 22029K [0x00000000c0000000, 0x00000000c2800000, 0x00000000eaa80000)
  object space 40960K, 53% used [0x00000000c0000000,0x00000000c15836c8,0x00000000c2800000)
 PSPermGen       total 21504K, used 5968K [0x00000000b5a00000, 0x00000000b6f00000, 0x00000000c0000000)
  object space 21504K, 27% used [0x00000000b5a00000,0x00000000b5fd4080,0x00000000b6f00000)

Card table byte_map: [0x00007f2b2d286000,0x00007f2b2d4da000] byte_map_base: 0x00007f2b2ccd9000

Polling page: 0x00007f2b309c3000

Code Cache  [0x00007f2b25000000, 0x00007f2b25270000, 0x00007f2b28000000)
 total_blobs=851 nmethods=623 adapters=181 free_code_cache=46695Kb largest_free_block=47776960

Compilation events (10 events):
Event: 4.672 Thread 0x00007f2b280ad000 nmethod 635 0x00007f2b2525dd10 code [0x00007f2b2525de60, 0x00007f2b2525df38]
Event: 4.672 Thread 0x00007f2b280ad000  636             com.android.dx.cf.code.LocalVariableList$Item::getType (11 bytes)
Event: 4.673 Thread 0x00007f2b280ad000 nmethod 636 0x00007f2b25119d50 code [0x00007f2b25119ea0, 0x00007f2b25119f28]
Event: 4.673 Thread 0x00007f2b280ad000  637             java.lang.Integer::highestOneBit (38 bytes)
Event: 4.673 Thread 0x00007f2b280ad000 nmethod 637 0x00007f2b25119b50 code [0x00007f2b25119c80, 0x00007f2b25119cf8]
Event: 4.673 Thread 0x00007f2b280ad000  638             com.android.dx.cf.code.BaseMachine::auxCstArg (20 bytes)
Event: 4.673 Thread 0x00007f2b280ad000 nmethod 638 0x00007f2b25119910 code [0x00007f2b25119a40, 0x00007f2b25119ad8]
Event: 4.673 Thread 0x00007f2b280ad000  639             com.android.dx.ssa.SsaRenamer::<init> (100 bytes)
Event: 4.681 Thread 0x00007f2b280ad000 nmethod 639 0x00007f2b2525f690 code [0x00007f2b2525f800, 0x00007f2b2525fc28]
Event: 4.681 Thread 0x00007f2b280ad000  640             com.android.dx.ssa.back.FirstFitLocalCombiningAllocator::canMapRegs (60 bytes)

GC Heap History (10 events):
Event: 1.366 GC heap after
Heap after GC invocations=2 (full 0):
 PSYoungGen      total 17920K, used 2547K [0x00000000eaa80000, 0x00000000ecd80000, 0x0000000100000000)
  eden space 15360K, 0% used [0x00000000eaa80000,0x00000000eaa80000,0x00000000eb980000)
  from space 2560K, 99% used [0x00000000ebc00000,0x00000000ebe7ce60,0x00000000ebe80000)
  to   space 2560K, 0% used [0x00000000eb980000,0x00000000eb980000,0x00000000ebc00000)
 ParOldGen       total 40960K, used 4356K [0x00000000c0000000, 0x00000000c2800000, 0x00000000eaa80000)
  object space 40960K, 10% used [0x00000000c0000000,0x00000000c0441060,0x00000000c2800000)
 PSPermGen       total 21504K, used 5753K [0x00000000b5a00000, 0x00000000b6f00000, 0x00000000c0000000)
  object space 21504K, 26% used [0x00000000b5a00000,0x00000000b5f9e6a8,0x00000000b6f00000)
}
Event: 1.961 GC heap before
{Heap before GC invocations=3 (full 0):
 PSYoungGen      total 17920K, used 17907K [0x00000000eaa80000, 0x00000000ecd80000, 0x0000000100000000)
  eden space 15360K, 100% used [0x00000000eaa80000,0x00000000eb980000,0x00000000eb980000)
  from space 2560K, 99% used [0x00000000ebc00000,0x00000000ebe7ce60,0x00000000ebe80000)
  to   space 2560K, 0% used [0x00000000eb980000,0x00000000eb980000,0x00000000ebc00000)
 ParOldGen       total 40960K, used 4356K [0x00000000c0000000, 0x00000000c2800000, 0x00000000eaa80000)
  object space 40960K, 10% used [0x00000000c0000000,0x00000000c0441060,0x00000000c2800000)
 PSPermGen       total 21504K, used 5804K [0x00000000b5a00000, 0x00000000b6f00000, 0x00000000c0000000)
  object space 21504K, 26% used [0x00000000b5a00000,0x00000000b5fab1d0,0x00000000b6f00000)
Event: 1.970 GC heap after
Heap after GC invocations=3 (full 0):
 PSYoungGen      total 17920K, used 2558K [0x00000000eaa80000, 0x00000000ecd80000, 0x0000000100000000)
  eden space 15360K, 0% used [0x00000000eaa80000,0x00000000eaa80000,0x00000000eb980000)
  from space 2560K, 99% used [0x00000000eb980000,0x00000000ebbff878,0x00000000ebc00000)
  to   space 2560K, 0% used [0x00000000ecb00000,0x00000000ecb00000,0x00000000ecd80000)
 ParOldGen       total 40960K, used 6676K [0x00000000c0000000, 0x00000000c2800000, 0x00000000eaa80000)
  object space 40960K, 16% used [0x00000000c0000000,0x00000000c06853d8,0x00000000c2800000)
 PSPermGen       total 21504K, used 5804K [0x00000000b5a00000, 0x00000000b6f00000, 0x00000000c0000000)
  object space 21504K, 26% used [0x00000000b5a00000,0x00000000b5fab1d0,0x00000000b6f00000)
}
Event: 2.508 GC heap before
{Heap before GC invocations=4 (full 0):
 PSYoungGen      total 17920K, used 17918K [0x00000000eaa80000, 0x00000000ecd80000, 0x0000000100000000)
  eden space 15360K, 100% used [0x00000000eaa80000,0x00000000eb980000,0x00000000eb980000)
  from space 2560K, 99% used [0x00000000eb980000,0x00000000ebbff878,0x00000000ebc00000)
  to   space 2560K, 0% used [0x00000000ecb00000,0x00000000ecb00000,0x00000000ecd80000)
 ParOldGen       total 40960K, used 6676K [0x00000000c0000000, 0x00000000c2800000, 0x00000000eaa80000)
  object space 40960K, 16% used [0x00000000c0000000,0x00000000c06853d8,0x00000000c2800000)
 PSPermGen       total 21504K, used 5841K [0x00000000b5a00000, 0x00000000b6f00000, 0x00000000c0000000)
  object space 21504K, 27% used [0x00000000b5a00000,0x00000000b5fb4648,0x00000000b6f00000)
Event: 2.517 GC heap after
Heap after GC invocations=4 (full 0):
 PSYoungGen      total 33280K, used 2555K [0x00000000eaa80000, 0x00000000ecd80000, 0x0000000100000000)
  eden space 30720K, 0% used [0x00000000eaa80000,0x00000000eaa80000,0x00000000ec880000)
  from space 2560K, 99% used [0x00000000ecb00000,0x00000000ecd7ef30,0x00000000ecd80000)
  to   space 2560K, 0% used [0x00000000ec880000,0x00000000ec880000,0x00000000ecb00000)
 ParOldGen       total 40960K, used 9077K [0x00000000c0000000, 0x00000000c2800000, 0x00000000eaa80000)
  object space 40960K, 22% used [0x00000000c0000000,0x00000000c08dd650,0x00000000c2800000)
 PSPermGen       total 21504K, used 5841K [0x00000000b5a00000, 0x00000000b6f00000, 0x00000000c0000000)
  object space 21504K, 27% used [0x00000000b5a00000,0x00000000b5fb4648,0x00000000b6f00000)
}
Event: 3.260 GC heap before
{Heap before GC invocations=5 (full 0):
 PSYoungGen      total 33280K, used 33275K [0x00000000eaa80000, 0x00000000ecd80000, 0x0000000100000000)
  eden space 30720K, 100% used [0x00000000eaa80000,0x00000000ec880000,0x00000000ec880000)
  from space 2560K, 99% used [0x00000000ecb00000,0x00000000ecd7ef30,0x00000000ecd80000)
  to   space 2560K, 0% used [0x00000000ec880000,0x00000000ec880000,0x00000000ecb00000)
 ParOldGen       total 40960K, used 9077K [0x00000000c0000000, 0x00000000c2800000, 0x00000000eaa80000)
  object space 40960K, 22% used [0x00000000c0000000,0x00000000c08dd650,0x00000000c2800000)
 PSPermGen       total 21504K, used 5902K [0x00000000b5a00000, 0x00000000b6f00000, 0x00000000c0000000)
  object space 21504K, 27% used [0x00000000b5a00000,0x00000000b5fc3a98,0x00000000b6f00000)
Event: 3.278 GC heap after
Heap after GC invocations=5 (full 0):
 PSYoungGen      total 33280K, used 2538K [0x00000000eaa80000, 0x00000000ef380000, 0x0000000100000000)
  eden space 30720K, 0% used [0x00000000eaa80000,0x00000000eaa80000,0x00000000ec880000)
  from space 2560K, 99% used [0x00000000ec880000,0x00000000ecafa978,0x00000000ecb00000)
  to   space 6656K, 0% used [0x00000000eed00000,0x00000000eed00000,0x00000000ef380000)
 ParOldGen       total 40960K, used 13401K [0x00000000c0000000, 0x00000000c2800000, 0x00000000eaa80000)
  object space 40960K, 32% used [0x00000000c0000000,0x00000000c0d16720,0x00000000c2800000)
 PSPermGen       total 21504K, used 5902K [0x00000000b5a00000, 0x00000000b6f00000, 0x00000000c0000000)
  object space 21504K, 27% used [0x00000000b5a00000,0x00000000b5fc3a98,0x00000000b6f00000)
}
Event: 3.855 GC heap before
{Heap before GC invocations=6 (full 0):
 PSYoungGen      total 33280K, used 33258K [0x00000000eaa80000, 0x00000000ef380000, 0x0000000100000000)
  eden space 30720K, 100% used [0x00000000eaa80000,0x00000000ec880000,0x00000000ec880000)
  from space 2560K, 99% used [0x00000000ec880000,0x00000000ecafa978,0x00000000ecb00000)
  to   space 6656K, 0% used [0x00000000eed00000,0x00000000eed00000,0x00000000ef380000)
 ParOldGen       total 40960K, used 13401K [0x00000000c0000000, 0x00000000c2800000, 0x00000000eaa80000)
  object space 40960K, 32% used [0x00000000c0000000,0x00000000c0d16720,0x00000000c2800000)
 PSPermGen       total 21504K, used 5945K [0x00000000b5a00000, 0x00000000b6f00000, 0x00000000c0000000)
  object space 21504K, 27% used [0x00000000b5a00000,0x00000000b5fce7e0,0x00000000b6f00000)
Event: 3.871 GC heap after
Heap after GC invocations=6 (full 0):
 PSYoungGen      total 66560K, used 6632K [0x00000000eaa80000, 0x00000000ef680000, 0x0000000100000000)
  eden space 59904K, 0% used [0x00000000eaa80000,0x00000000eaa80000,0x00000000ee500000)
  from space 6656K, 99% used [0x00000000eed00000,0x00000000ef37a080,0x00000000ef380000)
  to   space 8192K, 0% used [0x00000000ee500000,0x00000000ee500000,0x00000000eed00000)
 ParOldGen       total 40960K, used 14720K [0x00000000c0000000, 0x00000000c2800000, 0x00000000eaa80000)
  object space 40960K, 35% used [0x00000000c0000000,0x00000000c0e60338,0x00000000c2800000)
 PSPermGen       total 21504K, used 5945K [0x00000000b5a00000, 0x00000000b6f00000, 0x00000000c0000000)
  object space 21504K, 27% used [0x00000000b5a00000,0x00000000b5fce7e0,0x00000000b6f00000)
}
Event: 4.683 GC heap before
{Heap before GC invocations=7 (full 0):
 PSYoungGen      total 66560K, used 66536K [0x00000000eaa80000, 0x00000000ef680000, 0x0000000100000000)
  eden space 59904K, 100% used [0x00000000eaa80000,0x00000000ee500000,0x00000000ee500000)
  from space 6656K, 99% used [0x00000000eed00000,0x00000000ef37a080,0x00000000ef380000)
  to   space 8192K, 0% used [0x00000000ee500000,0x00000000ee500000,0x00000000eed00000)
 ParOldGen       total 40960K, used 14720K [0x00000000c0000000, 0x00000000c2800000, 0x00000000eaa80000)
  object space 40960K, 35% used [0x00000000c0000000,0x00000000c0e60338,0x00000000c2800000)
 PSPermGen       total 21504K, used 5968K [0x00000000b5a00000, 0x00000000b6f00000, 0x00000000c0000000)
  object space 21504K, 27% used [0x00000000b5a00000,0x00000000b5fd4080,0x00000000b6f00000)

Deoptimization events (10 events):
Event: 4.097 Thread 0x00007f2b2800a800 Uncommon trap: reason=null_check action=make_not_entrant pc=0x00007f2b250bf474 method=com.android.dx.dex.file.FieldIdsSection.intern(Lcom/android/dx/rop/cst/CstFieldRef;)Lcom/android/dx/dex/file/FieldIdItem; @ 26
Event: 4.160 Thread 0x00007f2b2800a800 Uncommon trap: reason=unstable_if action=reinterpret pc=0x00007f2b250c6ccc method=com.android.dx.cf.code.Ropper.isSynchronized()Z @ 12
Event: 4.160 Thread 0x00007f2b2800a800 Uncommon trap: reason=unstable_if action=reinterpret pc=0x00007f2b2516f9ac method=com.android.dx.ssa.MoveParamCombiner$1.visitNonMoveInsn(Lcom/android/dx/ssa/NormalSsaInsn;)V @ 27
Event: 4.165 Thread 0x00007f2b2800a800 Uncommon trap: reason=unstable_if action=reinterpret pc=0x00007f2b251d631c method=com.android.dx.cf.code.Ropper.isSynchronized()Z @ 12
Event: 4.204 Thread 0x00007f2b2800a800 Uncommon trap: reason=unstable_if action=reinterpret pc=0x00007f2b251a81e0 method=com.android.dx.ssa.back.FirstFitLocalCombiningAllocator.findNextUnreservedRopReg(IILcom/android/dx/ssa/back/FirstFitLocalCombiningAllocator$Alignment;)I @ 32
Event: 4.261 Thread 0x00007f2b2800a800 Uncommon trap: reason=unstable_if action=reinterpret pc=0x00007f2b25187b10 method=com.android.dx.ssa.LocalVariableExtractor.processBlock(I)V @ 251
Event: 4.452 Thread 0x00007f2b2800a800 Uncommon trap: reason=class_check action=maybe_recompile pc=0x00007f2b251a4884 method=com.android.dx.ssa.SCCP.replaceConstants()V @ 127
Event: 4.485 Thread 0x00007f2b2800a800 Uncommon trap: reason=class_check action=maybe_recompile pc=0x00007f2b25248b1c method=com.android.dx.cf.code.BytecodeArray.parseInstruction(ILcom/android/dx/cf/code/BytecodeArray$Visitor;)I @ 2253
Event: 4.485 Thread 0x00007f2b2800a800 Uncommon trap: reason=class_check action=maybe_recompile pc=0x00007f2b25248b1c method=com.android.dx.cf.code.BytecodeArray.parseInstruction(ILcom/android/dx/cf/code/BytecodeArray$Visitor;)I @ 2253
Event: 4.640 Thread 0x00007f2b2800a800 Uncommon trap: reason=unstable_if action=reinterpret pc=0x00007f2b251fbcec method=com.android.dx.cf.code.Merger.mergeType(Lcom/android/dx/rop/type/TypeBearer;Lcom/android/dx/rop/type/TypeBearer;)Lcom/android/dx/rop/type/TypeBearer; @ 52

Internal exceptions (10 events):
Event: 2.833 Thread 0x00007f2b2800a800 Threw 0x00000000eb93db40 at /build/openjdk-7-HVzwJZ/openjdk-7-7u95-2.6.4/build/openjdk/hotspot/src/share/vm/prims/jvm.cpp:1322
Event: 2.834 Thread 0x00007f2b2800a800 Threw 0x00000000eb940a30 at /build/openjdk-7-HVzwJZ/openjdk-7-7u95-2.6.4/build/openjdk/hotspot/src/share/vm/prims/jvm.cpp:1322
Event: 2.840 Thread 0x00007f2b2800a800 Threw 0x00000000eb95dde8 at /build/openjdk-7-HVzwJZ/openjdk-7-7u95-2.6.4/build/openjdk/hotspot/src/share/vm/prims/jvm.cpp:1322
Event: 2.840 Thread 0x00007f2b2800a800 Threw 0x00000000eb963e40 at /build/openjdk-7-HVzwJZ/openjdk-7-7u95-2.6.4/build/openjdk/hotspot/src/share/vm/prims/jvm.cpp:1322
Event: 2.841 Thread 0x00007f2b2800a800 Threw 0x00000000eb969cb0 at /build/openjdk-7-HVzwJZ/openjdk-7-7u95-2.6.4/build/openjdk/hotspot/src/share/vm/prims/jvm.cpp:1322
Event: 3.004 Thread 0x00007f2b2800a800 Threw 0x00000000ebf33150 at /build/openjdk-7-HVzwJZ/openjdk-7-7u95-2.6.4/build/openjdk/hotspot/src/share/vm/prims/jvm.cpp:1322
Event: 3.139 Thread 0x00007f2b2800a800 Threw 0x00000000ec3fceb8 at /build/openjdk-7-HVzwJZ/openjdk-7-7u95-2.6.4/build/openjdk/hotspot/src/share/vm/prims/jvm.cpp:1322
Event: 3.210 Thread 0x00007f2b2800a800 Threw 0x00000000ec699248 at /build/openjdk-7-HVzwJZ/openjdk-7-7u95-2.6.4/build/openjdk/hotspot/src/share/vm/prims/jvm.cpp:1322
Event: 3.226 Thread 0x00007f2b2800a800 Threw 0x00000000ec762f28 at /build/openjdk-7-HVzwJZ/openjdk-7-7u95-2.6.4/build/openjdk/hotspot/src/share/vm/prims/jvm.cpp:1322
Event: 3.406 Thread 0x00007f2b2800a800 Implicit null exception at 0x00007f2b251eaa33 to 0x00007f2b251eb11d

Events (10 events):
Event: 4.485 Thread 0x00007f2b2800a800 Uncommon trap: trap_request=0xffffffde fr.pc=0x00007f2b25248b1c
Event: 4.485 Thread 0x00007f2b2800a800 DEOPT PACKING pc=0x00007f2b25248b1c sp=0x00007f2b309a3e60
Event: 4.485 Thread 0x00007f2b2800a800 DEOPT UNPACKING pc=0x00007f2b25039445 sp=0x00007f2b309a3e18 mode 2
Event: 4.485 Thread 0x00007f2b2800a800 Uncommon trap: trap_request=0xffffffde fr.pc=0x00007f2b25248b1c
Event: 4.485 Thread 0x00007f2b2800a800 DEOPT PACKING pc=0x00007f2b25248b1c sp=0x00007f2b309a3e60
Event: 4.485 Thread 0x00007f2b2800a800 DEOPT UNPACKING pc=0x00007f2b25039445 sp=0x00007f2b309a3e18 mode 2
Event: 4.640 Thread 0x00007f2b2800a800 Uncommon trap: trap_request=0xffffff75 fr.pc=0x00007f2b251fbcec
Event: 4.640 Thread 0x00007f2b2800a800 DEOPT PACKING pc=0x00007f2b251fbcec sp=0x00007f2b309a3d00
Event: 4.640 Thread 0x00007f2b2800a800 DEOPT UNPACKING pc=0x00007f2b25039445 sp=0x00007f2b309a3cb0 mode 2
Event: 4.683 Executing VM operation: ParallelGCFailedAllocation


Dynamic libraries:
00400000-00401000 r-xp 00000000 08:01 5508137                            /usr/lib/jvm/java-7-openjdk-amd64/jre/bin/java
00600000-00601000 r--p 00000000 08:01 5508137                            /usr/lib/jvm/java-7-openjdk-amd64/jre/bin/java
00601000-00602000 rw-p 00001000 08:01 5508137                            /usr/lib/jvm/java-7-openjdk-amd64/jre/bin/java
01a12000-01a33000 rw-p 00000000 00:00 0                                  [heap]
b5a00000-b6f00000 rw-p 00000000 00:00 0 
b6f00000-c0000000 rw-p 00000000 00:00 0 
c0000000-c2800000 rw-p 00000000 00:00 0 
c2800000-eaa80000 rw-p 00000000 00:00 0 
eaa80000-ef680000 rw-p 00000000 00:00 0 
f3880000-100000000 rw-p 00000000 00:00 0 
7f2aec000000-7f2aec021000 rw-p 00000000 00:00 0 
7f2aec021000-7f2af0000000 ---p 00000000 00:00 0 
7f2af399f000-7f2af39dc000 r-xp 00000000 08:01 790495                     /lib/x86_64-linux-gnu/libpcre.so.3.13.1
7f2af39dc000-7f2af3bdb000 ---p 0003d000 08:01 790495                     /lib/x86_64-linux-gnu/libpcre.so.3.13.1
7f2af3bdb000-7f2af3bdc000 r--p 0003c000 08:01 790495                     /lib/x86_64-linux-gnu/libpcre.so.3.13.1
7f2af3bdc000-7f2af3bdd000 rw-p 0003d000 08:01 790495                     /lib/x86_64-linux-gnu/libpcre.so.3.13.1
7f2af3bdd000-7f2af3be4000 r-xp 00000000 08:01 4726848                    /usr/lib/x86_64-linux-gnu/libffi.so.6.0.1
7f2af3be4000-7f2af3de3000 ---p 00007000 08:01 4726848                    /usr/lib/x86_64-linux-gnu/libffi.so.6.0.1
7f2af3de3000-7f2af3de4000 r--p 00006000 08:01 4726848                    /usr/lib/x86_64-linux-gnu/libffi.so.6.0.1
7f2af3de4000-7f2af3de5000 rw-p 00007000 08:01 4726848                    /usr/lib/x86_64-linux-gnu/libffi.so.6.0.1
7f2af3de5000-7f2af3dfc000 r-xp 00000000 08:01 786614                     /lib/x86_64-linux-gnu/libresolv-2.19.so
7f2af3dfc000-7f2af3ffc000 ---p 00017000 08:01 786614                     /lib/x86_64-linux-gnu/libresolv-2.19.so
7f2af3ffc000-7f2af3ffd000 r--p 00017000 08:01 786614                     /lib/x86_64-linux-gnu/libresolv-2.19.so
7f2af3ffd000-7f2af3ffe000 rw-p 00018000 08:01 786614                     /lib/x86_64-linux-gnu/libresolv-2.19.so
7f2af3ffe000-7f2af4000000 rw-p 00000000 00:00 0 
7f2af4000000-7f2af5068000 rw-p 00000000 00:00 0 
7f2af5068000-7f2af8000000 ---p 00000000 00:00 0 
7f2af8000000-7f2af8021000 rw-p 00000000 00:00 0 
7f2af8021000-7f2afc000000 ---p 00000000 00:00 0 
7f2afc000000-7f2afc021000 rw-p 00000000 00:00 0 
7f2afc021000-7f2b00000000 ---p 00000000 00:00 0 
7f2b00000000-7f2b01753000 rw-p 00000000 00:00 0 
7f2b01753000-7f2b04000000 ---p 00000000 00:00 0 
7f2b04000000-7f2b04021000 rw-p 00000000 00:00 0 
7f2b04021000-7f2b08000000 ---p 00000000 00:00 0 
7f2b08000000-7f2b08021000 rw-p 00000000 00:00 0 
7f2b08021000-7f2b0c000000 ---p 00000000 00:00 0 
7f2b0c000000-7f2b0c021000 rw-p 00000000 00:00 0 
7f2b0c021000-7f2b10000000 ---p 00000000 00:00 0 
7f2b10000000-7f2b10021000 rw-p 00000000 00:00 0 
7f2b10021000-7f2b14000000 ---p 00000000 00:00 0 
7f2b14145000-7f2b14176000 rw-p 00000000 00:00 0 
7f2b14176000-7f2b14196000 r-xp 00000000 08:01 790522                     /lib/x86_64-linux-gnu/libselinux.so.1
7f2b14196000-7f2b14395000 ---p 00020000 08:01 790522                     /lib/x86_64-linux-gnu/libselinux.so.1
7f2b14395000-7f2b14396000 r--p 0001f000 08:01 790522                     /lib/x86_64-linux-gnu/libselinux.so.1
7f2b14396000-7f2b14397000 rw-p 00020000 08:01 790522                     /lib/x86_64-linux-gnu/libselinux.so.1
7f2b14397000-7f2b14399000 rw-p 00000000 00:00 0 
7f2b14399000-7f2b1439c000 r-xp 00000000 08:01 4726965                    /usr/lib/x86_64-linux-gnu/libgmodule-2.0.so.0.4000.0
7f2b1439c000-7f2b1459b000 ---p 00003000 08:01 4726965                    /usr/lib/x86_64-linux-gnu/libgmodule-2.0.so.0.4000.0
7f2b1459b000-7f2b1459c000 r--p 00002000 08:01 4726965                    /usr/lib/x86_64-linux-gnu/libgmodule-2.0.so.0.4000.0
7f2b1459c000-7f2b1459d000 rw-p 00003000 08:01 4726965                    /usr/lib/x86_64-linux-gnu/libgmodule-2.0.so.0.4000.0
7f2b1459d000-7f2b146a3000 r-xp 00000000 08:01 790423                     /lib/x86_64-linux-gnu/libglib-2.0.so.0.4000.0
7f2b146a3000-7f2b148a2000 ---p 00106000 08:01 790423                     /lib/x86_64-linux-gnu/libglib-2.0.so.0.4000.0
7f2b148a2000-7f2b148a3000 r--p 00105000 08:01 790423                     /lib/x86_64-linux-gnu/libglib-2.0.so.0.4000.0
7f2b148a3000-7f2b148a4000 rw-p 00106000 08:01 790423                     /lib/x86_64-linux-gnu/libglib-2.0.so.0.4000.0
7f2b148a4000-7f2b148a5000 rw-p 00000000 00:00 0 
7f2b148a5000-7f2b148f4000 r-xp 00000000 08:01 4726981                    /usr/lib/x86_64-linux-gnu/libgobject-2.0.so.0.4000.0
7f2b148f4000-7f2b14af4000 ---p 0004f000 08:01 4726981                    /usr/lib/x86_64-linux-gnu/libgobject-2.0.so.0.4000.0
7f2b14af4000-7f2b14af5000 r--p 0004f000 08:01 4726981                    /usr/lib/x86_64-linux-gnu/libgobject-2.0.so.0.4000.0
7f2b14af5000-7f2b14af6000 rw-p 00050000 08:01 4726981                    /usr/lib/x86_64-linux-gnu/libgobject-2.0.so.0.4000.0
7f2b14af6000-7f2b14c61000 r-xp 00000000 08:01 4726951                    /usr/lib/x86_64-linux-gnu/libgio-2.0.so.0.4000.0
7f2b14c61000-7f2b14e61000 ---p 0016b000 08:01 4726951                    /usr/lib/x86_64-linux-gnu/libgio-2.0.so.0.4000.0
7f2b14e61000-7f2b14e65000 r--p 0016b000 08:01 4726951                    /usr/lib/x86_64-linux-gnu/libgio-2.0.so.0.4000.0
7f2b14e65000-7f2b14e67000 rw-p 0016f000 08:01 4726951                    /usr/lib/x86_64-linux-gnu/libgio-2.0.so.0.4000.0
7f2b14e67000-7f2b14e69000 rw-p 00000000 00:00 0 
7f2b14e82000-7f2b14e99000 r-xp 00000000 08:01 5917886                    /usr/lib/jvm/java-7-openjdk-amd64/jre/lib/amd64/libnet.so
7f2b14e99000-7f2b15098000 ---p 00017000 08:01 5917886                    /usr/lib/jvm/java-7-openjdk-amd64/jre/lib/amd64/libnet.so
7f2b15098000-7f2b15099000 r--p 00016000 08:01 5917886                    /usr/lib/jvm/java-7-openjdk-amd64/jre/lib/amd64/libnet.so
7f2b15099000-7f2b1509a000 rw-p 00017000 08:01 5917886                    /usr/lib/jvm/java-7-openjdk-amd64/jre/lib/amd64/libnet.so
7f2b1509a000-7f2b150aa000 r-xp 00000000 08:01 5917910                    /usr/lib/jvm/java-7-openjdk-amd64/jre/lib/amd64/libnio.so
7f2b150aa000-7f2b152aa000 ---p 00010000 08:01 5917910                    /usr/lib/jvm/java-7-openjdk-amd64/jre/lib/amd64/libnio.so
7f2b152aa000-7f2b152ab000 r--p 00010000 08:01 5917910                    /usr/lib/jvm/java-7-openjdk-amd64/jre/lib/amd64/libnio.so
7f2b152ab000-7f2b152ac000 rw-p 00011000 08:01 5917910                    /usr/lib/jvm/java-7-openjdk-amd64/jre/lib/amd64/libnio.so
7f2b152ac000-7f2b152ad000 ---p 00000000 00:00 0 
7f2b152ad000-7f2b153ad000 rw-p 00000000 00:00 0                          [stack:7178]
7f2b153ad000-7f2b15ad0000 r--p 00000000 08:01 4725570                    /usr/lib/locale/locale-archive
7f2b15ad0000-7f2b18000000 rw-p 00000000 00:00 0 
7f2b18000000-7f2b18021000 rw-p 00000000 00:00 0 
7f2b18021000-7f2b1c000000 ---p 00000000 00:00 0 
7f2b1c000000-7f2b1c021000 rw-p 00000000 00:00 0 
7f2b1c021000-7f2b20000000 ---p 00000000 00:00 0 
7f2b20000000-7f2b20021000 rw-p 00000000 00:00 0 
7f2b20021000-7f2b24000000 ---p 00000000 00:00 0 
7f2b24010000-7f2b240c1000 r--s 00b7d000 08:01 11801779                   /home/raihan/OpenSrpWorkSpace/opensrp-client-dghs-demo/opensrp-dghs/build/intermediates/multi-dex/x86/debug/allclasses.jar
7f2b240c1000-7f2b240d0000 r--s 000dd000 08:01 6177003                    /home/raihan/android-sdk-linux/build-tools/21.1.2/lib/dx.jar
7f2b240d0000-7f2b240d3000 ---p 00000000 00:00 0 
7f2b240d3000-7f2b241d1000 rw-p 00000000 00:00 0                          [stack:7177]
7f2b241d1000-7f2b241d4000 ---p 00000000 00:00 0 
7f2b241d4000-7f2b242d2000 rw-p 00000000 00:00 0                          [stack:7176]
7f2b242d2000-7f2b242d5000 ---p 00000000 00:00 0 
7f2b242d5000-7f2b243d3000 rw-p 00000000 00:00 0                          [stack:7175]
7f2b243d3000-7f2b243d6000 ---p 00000000 00:00 0 
7f2b243d6000-7f2b244d4000 rw-p 00000000 00:00 0                          [stack:7174]
7f2b244d4000-7f2b244d7000 ---p 00000000 00:00 0 
7f2b244d7000-7f2b245d5000 rw-p 00000000 00:00 0                          [stack:7173]
7f2b245d5000-7f2b245d8000 ---p 00000000 00:00 0 
7f2b245d8000-7f2b246d6000 rw-p 00000000 00:00 0                          [stack:7172]
7f2b246d6000-7f2b246d7000 ---p 00000000 00:00 0 
7f2b246d7000-7f2b25000000 rw-p 00000000 00:00 0                          [stack:7171]
7f2b25000000-7f2b25270000 rwxp 00000000 00:00 0 
7f2b25270000-7f2b2823f000 rw-p 00000000 00:00 0 
7f2b2823f000-7f2b2c000000 ---p 00000000 00:00 0 
7f2b2c005000-7f2b2c008000 r--s 0000f000 08:01 5917931                    /usr/lib/jvm/java-7-openjdk-amd64/jre/lib/ext/icedtea-sound.jar
7f2b2c008000-7f2b2c7dc000 rw-p 00000000 00:00 0 
7f2b2c7dc000-7f2b2c98d000 r--s 01d30000 08:01 5508152                    /usr/lib/jvm/java-7-openjdk-amd64/jre/lib/rt.jar
7f2b2c98d000-7f2b2ccd9000 rw-p 00000000 00:00 0 
7f2b2ccd9000-7f2b2ccda000 ---p 00000000 00:00 0 
7f2b2ccda000-7f2b2cdda000 rw-p 00000000 00:00 0                          [stack:7170]
7f2b2cdda000-7f2b2cddb000 ---p 00000000 00:00 0 
7f2b2cddb000-7f2b2cedb000 rw-p 00000000 00:00 0                          [stack:7169]
7f2b2cedb000-7f2b2cedc000 ---p 00000000 00:00 0 
7f2b2cedc000-7f2b2cfdc000 rw-p 00000000 00:00 0                          [stack:7168]
7f2b2cfdc000-7f2b2cfdd000 ---p 00000000 00:00 0 
7f2b2cfdd000-7f2b2d0e8000 rw-p 00000000 00:00 0                          [stack:7167]
7f2b2d0e8000-7f2b2d130000 rw-p 00000000 00:00 0 
7f2b2d130000-7f2b2d144000 rw-p 00000000 00:00 0 
7f2b2d144000-7f2b2d286000 rw-p 00000000 00:00 0 
7f2b2d286000-7f2b2d291000 rw-p 00000000 00:00 0 
7f2b2d291000-7f2b2d2d9000 rw-p 00000000 00:00 0 
7f2b2d2d9000-7f2b2d2ed000 rw-p 00000000 00:00 0 
7f2b2d2ed000-7f2b2d42e000 rw-p 00000000 00:00 0 
7f2b2d42e000-7f2b2d455000 rw-p 00000000 00:00 0 
7f2b2d455000-7f2b2d4d9000 rw-p 00000000 00:00 0 
7f2b2d4d9000-7f2b2d4da000 rw-p 00000000 00:00 0 
7f2b2d4da000-7f2b2d4e2000 r-xp 00000000 08:01 5917892                    /usr/lib/jvm/java-7-openjdk-amd64/jre/lib/amd64/libzip.so
7f2b2d4e2000-7f2b2d6e1000 ---p 00008000 08:01 5917892                    /usr/lib/jvm/java-7-openjdk-amd64/jre/lib/amd64/libzip.so
7f2b2d6e1000-7f2b2d6e2000 r--p 00007000 08:01 5917892                    /usr/lib/jvm/java-7-openjdk-amd64/jre/lib/amd64/libzip.so
7f2b2d6e2000-7f2b2d6e3000 rw-p 00008000 08:01 5917892                    /usr/lib/jvm/java-7-openjdk-amd64/jre/lib/amd64/libzip.so
7f2b2d6e3000-7f2b2d6ee000 r-xp 00000000 08:01 786646                     /lib/x86_64-linux-gnu/libnss_files-2.19.so
7f2b2d6ee000-7f2b2d8ed000 ---p 0000b000 08:01 786646                     /lib/x86_64-linux-gnu/libnss_files-2.19.so
7f2b2d8ed000-7f2b2d8ee000 r--p 0000a000 08:01 786646                     /lib/x86_64-linux-gnu/libnss_files-2.19.so
7f2b2d8ee000-7f2b2d8ef000 rw-p 0000b000 08:01 786646                     /lib/x86_64-linux-gnu/libnss_files-2.19.so
7f2b2d8ef000-7f2b2d8fa000 r-xp 00000000 08:01 786638                     /lib/x86_64-linux-gnu/libnss_nis-2.19.so
7f2b2d8fa000-7f2b2daf9000 ---p 0000b000 08:01 786638                     /lib/x86_64-linux-gnu/libnss_nis-2.19.so
7f2b2daf9000-7f2b2dafa000 r--p 0000a000 08:01 786638                     /lib/x86_64-linux-gnu/libnss_nis-2.19.so
7f2b2dafa000-7f2b2dafb000 rw-p 0000b000 08:01 786638                     /lib/x86_64-linux-gnu/libnss_nis-2.19.so
7f2b2dafb000-7f2b2db12000 r-xp 00000000 08:01 786634                     /lib/x86_64-linux-gnu/libnsl-2.19.so
7f2b2db12000-7f2b2dd11000 ---p 00017000 08:01 786634                     /lib/x86_64-linux-gnu/libnsl-2.19.so
7f2b2dd11000-7f2b2dd12000 r--p 00016000 08:01 786634                     /lib/x86_64-linux-gnu/libnsl-2.19.so
7f2b2dd12000-7f2b2dd13000 rw-p 00017000 08:01 786634                     /lib/x86_64-linux-gnu/libnsl-2.19.so
7f2b2dd13000-7f2b2dd15000 rw-p 00000000 00:00 0 
7f2b2dd15000-7f2b2dd1e000 r-xp 00000000 08:01 786633                     /lib/x86_64-linux-gnu/libnss_compat-2.19.so
7f2b2dd1e000-7f2b2df1d000 ---p 00009000 08:01 786633                     /lib/x86_64-linux-gnu/libnss_compat-2.19.so
7f2b2df1d000-7f2b2df1e000 r--p 00008000 08:01 786633                     /lib/x86_64-linux-gnu/libnss_compat-2.19.so
7f2b2df1e000-7f2b2df1f000 rw-p 00009000 08:01 786633                     /lib/x86_64-linux-gnu/libnss_compat-2.19.so
7f2b2df1f000-7f2b2df4a000 r-xp 00000000 08:01 5917877                    /usr/lib/jvm/java-7-openjdk-amd64/jre/lib/amd64/libjava.so
7f2b2df4a000-7f2b2e14a000 ---p 0002b000 08:01 5917877                    /usr/lib/jvm/java-7-openjdk-amd64/jre/lib/amd64/libjava.so
7f2b2e14a000-7f2b2e14b000 r--p 0002b000 08:01 5917877                    /usr/lib/jvm/java-7-openjdk-amd64/jre/lib/amd64/libjava.so
7f2b2e14b000-7f2b2e14d000 rw-p 0002c000 08:01 5917877                    /usr/lib/jvm/java-7-openjdk-amd64/jre/lib/amd64/libjava.so
7f2b2e14d000-7f2b2e15d000 r-xp 00000000 08:01 5917878                    /usr/lib/jvm/java-7-openjdk-amd64/jre/lib/amd64/libverify.so
7f2b2e15d000-7f2b2e35c000 ---p 00010000 08:01 5917878                    /usr/lib/jvm/java-7-openjdk-amd64/jre/lib/amd64/libverify.so
7f2b2e35c000-7f2b2e35e000 r--p 0000f000 08:01 5917878                    /usr/lib/jvm/java-7-openjdk-amd64/jre/lib/amd64/libverify.so
7f2b2e35e000-7f2b2e35f000 rw-p 00011000 08:01 5917878                    /usr/lib/jvm/java-7-openjdk-amd64/jre/lib/amd64/libverify.so
7f2b2e35f000-7f2b2e366000 r-xp 00000000 08:01 786642                     /lib/x86_64-linux-gnu/librt-2.19.so
7f2b2e366000-7f2b2e565000 ---p 00007000 08:01 786642                     /lib/x86_64-linux-gnu/librt-2.19.so
7f2b2e565000-7f2b2e566000 r--p 00006000 08:01 786642                     /lib/x86_64-linux-gnu/librt-2.19.so
7f2b2e566000-7f2b2e567000 rw-p 00007000 08:01 786642                     /lib/x86_64-linux-gnu/librt-2.19.so
7f2b2e567000-7f2b2e57d000 r-xp 00000000 08:01 786612                     /lib/x86_64-linux-gnu/libgcc_s.so.1
7f2b2e57d000-7f2b2e77c000 ---p 00016000 08:01 786612                     /lib/x86_64-linux-gnu/libgcc_s.so.1
7f2b2e77c000-7f2b2e77d000 rw-p 00015000 08:01 786612                     /lib/x86_64-linux-gnu/libgcc_s.so.1
7f2b2e77d000-7f2b2e882000 r-xp 00000000 08:01 786618                     /lib/x86_64-linux-gnu/libm-2.19.so
7f2b2e882000-7f2b2ea81000 ---p 00105000 08:01 786618                     /lib/x86_64-linux-gnu/libm-2.19.so
7f2b2ea81000-7f2b2ea82000 r--p 00104000 08:01 786618                     /lib/x86_64-linux-gnu/libm-2.19.so
7f2b2ea82000-7f2b2ea83000 rw-p 00105000 08:01 786618                     /lib/x86_64-linux-gnu/libm-2.19.so
7f2b2ea83000-7f2b2eb69000 r-xp 00000000 08:01 4719935                    /usr/lib/x86_64-linux-gnu/libstdc++.so.6.0.19
7f2b2eb69000-7f2b2ed68000 ---p 000e6000 08:01 4719935                    /usr/lib/x86_64-linux-gnu/libstdc++.so.6.0.19
7f2b2ed68000-7f2b2ed70000 r--p 000e5000 08:01 4719935                    /usr/lib/x86_64-linux-gnu/libstdc++.so.6.0.19
7f2b2ed70000-7f2b2ed72000 rw-p 000ed000 08:01 4719935                    /usr/lib/x86_64-linux-gnu/libstdc++.so.6.0.19
7f2b2ed72000-7f2b2ed87000 rw-p 00000000 00:00 0 
7f2b2ed87000-7f2b2f8ab000 r-xp 00000000 08:01 5917890                    /usr/lib/jvm/java-7-openjdk-amd64/jre/lib/amd64/server/libjvm.so
7f2b2f8ab000-7f2b2faab000 ---p 00b24000 08:01 5917890                    /usr/lib/jvm/java-7-openjdk-amd64/jre/lib/amd64/server/libjvm.so
7f2b2faab000-7f2b2fb45000 r--p 00b24000 08:01 5917890                    /usr/lib/jvm/java-7-openjdk-amd64/jre/lib/amd64/server/libjvm.so
7f2b2fb45000-7f2b2fb68000 rw-p 00bbe000 08:01 5917890                    /usr/lib/jvm/java-7-openjdk-amd64/jre/lib/amd64/server/libjvm.so
7f2b2fb68000-7f2b2fb96000 rw-p 00000000 00:00 0 
7f2b2fb96000-7f2b2fbae000 r-xp 00000000 08:01 790555                     /lib/x86_64-linux-gnu/libz.so.1.2.8
7f2b2fbae000-7f2b2fdad000 ---p 00018000 08:01 790555                     /lib/x86_64-linux-gnu/libz.so.1.2.8
7f2b2fdad000-7f2b2fdae000 r--p 00017000 08:01 790555                     /lib/x86_64-linux-gnu/libz.so.1.2.8
7f2b2fdae000-7f2b2fdaf000 rw-p 00018000 08:01 790555                     /lib/x86_64-linux-gnu/libz.so.1.2.8
7f2b2fdaf000-7f2b2fdc8000 r-xp 00000000 08:01 786635                     /lib/x86_64-linux-gnu/libpthread-2.19.so
7f2b2fdc8000-7f2b2ffc7000 ---p 00019000 08:01 786635                     /lib/x86_64-linux-gnu/libpthread-2.19.so
7f2b2ffc7000-7f2b2ffc8000 r--p 00018000 08:01 786635                     /lib/x86_64-linux-gnu/libpthread-2.19.so
7f2b2ffc8000-7f2b2ffc9000 rw-p 00019000 08:01 786635                     /lib/x86_64-linux-gnu/libpthread-2.19.so
7f2b2ffc9000-7f2b2ffcd000 rw-p 00000000 00:00 0 
7f2b2ffcd000-7f2b2ffd0000 r-xp 00000000 08:01 786630                     /lib/x86_64-linux-gnu/libdl-2.19.so
7f2b2ffd0000-7f2b301cf000 ---p 00003000 08:01 786630                     /lib/x86_64-linux-gnu/libdl-2.19.so
7f2b301cf000-7f2b301d0000 r--p 00002000 08:01 786630                     /lib/x86_64-linux-gnu/libdl-2.19.so
7f2b301d0000-7f2b301d1000 rw-p 00003000 08:01 786630                     /lib/x86_64-linux-gnu/libdl-2.19.so
7f2b301d1000-7f2b3038c000 r-xp 00000000 08:01 786643                     /lib/x86_64-linux-gnu/libc-2.19.so
7f2b3038c000-7f2b3058b000 ---p 001bb000 08:01 786643                     /lib/x86_64-linux-gnu/libc-2.19.so
7f2b3058b000-7f2b3058f000 r--p 001ba000 08:01 786643                     /lib/x86_64-linux-gnu/libc-2.19.so
7f2b3058f000-7f2b30591000 rw-p 001be000 08:01 786643                     /lib/x86_64-linux-gnu/libc-2.19.so
7f2b30591000-7f2b30596000 rw-p 00000000 00:00 0 
7f2b30596000-7f2b305a3000 r-xp 00000000 08:01 5917907                    /usr/lib/jvm/java-7-openjdk-amd64/jre/lib/amd64/jli/libjli.so
7f2b305a3000-7f2b307a2000 ---p 0000d000 08:01 5917907                    /usr/lib/jvm/java-7-openjdk-amd64/jre/lib/amd64/jli/libjli.so
7f2b307a2000-7f2b307a3000 r--p 0000c000 08:01 5917907                    /usr/lib/jvm/java-7-openjdk-amd64/jre/lib/amd64/jli/libjli.so
7f2b307a3000-7f2b307a4000 rw-p 0000d000 08:01 5917907                    /usr/lib/jvm/java-7-openjdk-amd64/jre/lib/amd64/jli/libjli.so
7f2b307a4000-7f2b307c7000 r-xp 00000000 08:01 786636                     /lib/x86_64-linux-gnu/ld-2.19.so
7f2b307c9000-7f2b307cd000 r--s 00034000 08:01 5917930                    /usr/lib/jvm/java-7-openjdk-amd64/jre/lib/ext/sunjce_provider.jar
7f2b307cd000-7f2b307ef000 rw-p 00000000 00:00 0 
7f2b307ef000-7f2b308a5000 rw-p 00000000 00:00 0 
7f2b308a5000-7f2b308a8000 ---p 00000000 00:00 0 
7f2b308a8000-7f2b309ab000 rw-p 00000000 00:00 0                          [stack:7166]
7f2b309ac000-7f2b309ad000 rw-p 00000000 00:00 0 
7f2b309ad000-7f2b309af000 r--s 00012000 08:01 5917929                    /usr/lib/jvm/java-7-openjdk-amd64/jre/lib/ext/zipfs.jar
7f2b309af000-7f2b309b1000 r--s 00006000 08:01 5118243                    /usr/share/java/java-atk-wrapper.jar
7f2b309b1000-7f2b309b5000 r--s 0003c000 08:01 5917933                    /usr/lib/jvm/java-7-openjdk-amd64/jre/lib/ext/sunpkcs11.jar
7f2b309b5000-7f2b309b9000 r--s 00085000 08:01 5917932                    /usr/lib/jvm/java-7-openjdk-amd64/jre/lib/ext/localedata.jar
7f2b309b9000-7f2b309ba000 r--s 00002000 08:01 5917928                    /usr/lib/jvm/java-7-openjdk-amd64/jre/lib/ext/dnsns.jar
7f2b309ba000-7f2b309c2000 rw-s 00000000 08:01 131948                     /tmp/hsperfdata_raihan/7162
7f2b309c2000-7f2b309c3000 rw-p 00000000 00:00 0 
7f2b309c3000-7f2b309c4000 ---p 00000000 00:00 0 
7f2b309c4000-7f2b309c6000 rw-p 00000000 00:00 0 
7f2b309c6000-7f2b309c7000 r--p 00022000 08:01 786636                     /lib/x86_64-linux-gnu/ld-2.19.so
7f2b309c7000-7f2b309c8000 rw-p 00023000 08:01 786636                     /lib/x86_64-linux-gnu/ld-2.19.so
7f2b309c8000-7f2b309c9000 rw-p 00000000 00:00 0 
7fff667a5000-7fff667c6000 rw-p 00000000 00:00 0                          [stack]
7fff667fe000-7fff66800000 r-xp 00000000 00:00 0                          [vdso]
ffffffffff600000-ffffffffff601000 r-xp 00000000 00:00 0                  [vsyscall]

VM Arguments:
jvm_args: -Xmx1024M -Dfile.encoding=UTF-8 -Duser.country=US -Duser.language=en -Duser.variant 
java_command: com.android.dx.command.Main --dex --multi-dex --main-dex-list /home/raihan/OpenSrpWorkSpace/opensrp-client-dghs-demo/opensrp-dghs/build/intermediates/multi-dex/x86/debug/maindexlist.txt --output /home/raihan/OpenSrpWorkSpace/opensrp-client-dghs-demo/opensrp-dghs/build/intermediates/dex/x86/debug /home/raihan/OpenSrpWorkSpace/opensrp-client-dghs-demo/opensrp-dghs/build/intermediates/multi-dex/x86/debug/allclasses.jar
Launcher Type: SUN_STANDARD

Environment Variables:
PATH=/usr/local/sbin:/usr/local/bin:/usr/sbin:/usr/bin:/sbin:/bin:/usr/games:/usr/local/games
SHELL=/bin/bash
DISPLAY=:0

Signal Handlers:
SIGSEGV: [libjvm.so+0x9548f0], sa_mask[0]=0x7ffbfeff, sa_flags=0x10000004
SIGBUS: [libjvm.so+0x9548f0], sa_mask[0]=0x7ffbfeff, sa_flags=0x10000004
SIGFPE: [libjvm.so+0x7cb0b0], sa_mask[0]=0x7ffbfeff, sa_flags=0x10000004
SIGPIPE: [libjvm.so+0x7cb0b0], sa_mask[0]=0x7ffbfeff, sa_flags=0x10000004
SIGXFSZ: [libjvm.so+0x7cb0b0], sa_mask[0]=0x7ffbfeff, sa_flags=0x10000004
SIGILL: [libjvm.so+0x7cb0b0], sa_mask[0]=0x7ffbfeff, sa_flags=0x10000004
SIGUSR1: SIG_DFL, sa_mask[0]=0x00000000, sa_flags=0x00000000
SIGUSR2: [libjvm.so+0x7caf50], sa_mask[0]=0x00000004, sa_flags=0x10000004
SIGHUP: [libjvm.so+0x7cb130], sa_mask[0]=0x7ffbfeff, sa_flags=0x10000004
SIGINT: [libjvm.so+0x7cb130], sa_mask[0]=0x7ffbfeff, sa_flags=0x10000004
SIGTERM: [libjvm.so+0x7cb130], sa_mask[0]=0x7ffbfeff, sa_flags=0x10000004
SIGQUIT: [libjvm.so+0x7cb130], sa_mask[0]=0x7ffbfeff, sa_flags=0x10000004
SIGTRAP: SIG_DFL, sa_mask[0]=0x00000000, sa_flags=0x00000000


---------------  S Y S T E M  ---------------

OS:Ubuntu 14.04 (trusty)
uname:Linux 3.13.0-24-generic #46-Ubuntu SMP Thu Apr 10 19:11:08 UTC 2014 x86_64
libc:glibc 2.19 NPTL 2.19 
rlimit: STACK 8192k, CORE 0k, NPROC 30570, NOFILE 4096, AS infinity
load average:3.42 3.46 2.16

/proc/meminfo:
MemTotal:        3934516 kB
MemFree:           91952 kB
Buffers:            1184 kB
Cached:           530988 kB
SwapCached:        14212 kB
Active:          2676108 kB
Inactive:         866516 kB
Active(anon):    2655272 kB
Inactive(anon):   850604 kB
Active(file):      20836 kB
Inactive(file):    15912 kB
Unevictable:         100 kB
Mlocked:             100 kB
SwapTotal:       4080636 kB
SwapFree:              0 kB
Dirty:                40 kB
Writeback:             0 kB
AnonPages:       2998108 kB
Mapped:            35168 kB
Shmem:            495968 kB
Slab:              90076 kB
SReclaimable:      35536 kB
SUnreclaim:        54540 kB
KernelStack:        7432 kB
PageTables:       101072 kB
NFS_Unstable:          0 kB
Bounce:                0 kB
WritebackTmp:          0 kB
CommitLimit:     6047892 kB
Committed_AS:   26469832 kB
VmallocTotal:   34359738367 kB
VmallocUsed:      551508 kB
VmallocChunk:   34359176668 kB
HardwareCorrupted:     0 kB
AnonHugePages:     40960 kB
HugePages_Total:       0
HugePages_Free:        0
HugePages_Rsvd:        0
HugePages_Surp:        0
Hugepagesize:       2048 kB
DirectMap4k:       97792 kB
DirectMap2M:     3985408 kB
DirectMap1G:           0 kB


CPU:total 4 (2 cores per cpu, 2 threads per core) family 6 model 61 stepping 4, cmov, cx8, fxsr, mmx, sse, sse2, sse3, ssse3, sse4.1, sse4.2, popcnt, avx, avx2, aes, erms, ht, tsc, tscinvbit

/proc/cpuinfo:
processor	: 0
vendor_id	: GenuineIntel
cpu family	: 6
model		: 61
model name	: Intel(R) Core(TM) i5-5200U CPU @ 2.20GHz
stepping	: 4
microcode	: 0x1f
cpu MHz		: 500.000
cache size	: 3072 KB
physical id	: 0
siblings	: 4
core id		: 0
cpu cores	: 2
apicid		: 0
initial apicid	: 0
fpu		: yes
fpu_exception	: yes
cpuid level	: 20
wp		: yes
flags		: fpu vme de pse tsc msr pae mce cx8 apic sep mtrr pge mca cmov pat pse36 clflush dts acpi mmx fxsr sse sse2 ss ht tm pbe syscall nx pdpe1gb rdtscp lm constant_tsc arch_perfmon pebs bts rep_good nopl xtopology nonstop_tsc aperfmperf eagerfpu pni pclmulqdq dtes64 monitor ds_cpl vmx est tm2 ssse3 fma cx16 xtpr pdcm pcid sse4_1 sse4_2 x2apic movbe popcnt tsc_deadline_timer aes xsave avx f16c rdrand lahf_lm abm 3dnowprefetch ida arat epb xsaveopt pln pts dtherm tpr_shadow vnmi flexpriority ept vpid fsgsbase tsc_adjust bmi1 avx2 smep bmi2 erms invpcid rdseed adx smap
bogomips	: 4390.01
clflush size	: 64
cache_alignment	: 64
address sizes	: 39 bits physical, 48 bits virtual
power management:

processor	: 1
vendor_id	: GenuineIntel
cpu family	: 6
model		: 61
model name	: Intel(R) Core(TM) i5-5200U CPU @ 2.20GHz
stepping	: 4
microcode	: 0x1f
cpu MHz		: 2201.000
cache size	: 3072 KB
physical id	: 0
siblings	: 4
core id		: 0
cpu cores	: 2
apicid		: 1
initial apicid	: 1
fpu		: yes
fpu_exception	: yes
cpuid level	: 20
wp		: yes
flags		: fpu vme de pse tsc msr pae mce cx8 apic sep mtrr pge mca cmov pat pse36 clflush dts acpi mmx fxsr sse sse2 ss ht tm pbe syscall nx pdpe1gb rdtscp lm constant_tsc arch_perfmon pebs bts rep_good nopl xtopology nonstop_tsc aperfmperf eagerfpu pni pclmulqdq dtes64 monitor ds_cpl vmx est tm2 ssse3 fma cx16 xtpr pdcm pcid sse4_1 sse4_2 x2apic movbe popcnt tsc_deadline_timer aes xsave avx f16c rdrand lahf_lm abm 3dnowprefetch ida arat epb xsaveopt pln pts dtherm tpr_shadow vnmi flexpriority ept vpid fsgsbase tsc_adjust bmi1 avx2 smep bmi2 erms invpcid rdseed adx smap
bogomips	: 4390.01
clflush size	: 64
cache_alignment	: 64
address sizes	: 39 bits physical, 48 bits virtual
power management:

processor	: 2
vendor_id	: GenuineIntel
cpu family	: 6
model		: 61
model name	: Intel(R) Core(TM) i5-5200U CPU @ 2.20GHz
stepping	: 4
microcode	: 0x1f
cpu MHz		: 2201.000
cache size	: 3072 KB
physical id	: 0
siblings	: 4
core id		: 1
cpu cores	: 2
apicid		: 2
initial apicid	: 2
fpu		: yes
fpu_exception	: yes
cpuid level	: 20
wp		: yes
flags		: fpu vme de pse tsc msr pae mce cx8 apic sep mtrr pge mca cmov pat pse36 clflush dts acpi mmx fxsr sse sse2 ss ht tm pbe syscall nx pdpe1gb rdtscp lm constant_tsc arch_perfmon pebs bts rep_good nopl xtopology nonstop_tsc aperfmperf eagerfpu pni pclmulqdq dtes64 monitor ds_cpl vmx est tm2 ssse3 fma cx16 xtpr pdcm pcid sse4_1 sse4_2 x2apic movbe popcnt tsc_deadline_timer aes xsave avx f16c rdrand lahf_lm abm 3dnowprefetch ida arat epb xsaveopt pln pts dtherm tpr_shadow vnmi flexpriority ept vpid fsgsbase tsc_adjust bmi1 avx2 smep bmi2 erms invpcid rdseed adx smap
bogomips	: 4390.01
clflush size	: 64
cache_alignment	: 64
address sizes	: 39 bits physical, 48 bits virtual
power management:

processor	: 3
vendor_id	: GenuineIntel
cpu family	: 6
model		: 61
model name	: Intel(R) Core(TM) i5-5200U CPU @ 2.20GHz
stepping	: 4
microcode	: 0x1f
cpu MHz		: 2201.000
cache size	: 3072 KB
physical id	: 0
siblings	: 4
core id		: 1
cpu cores	: 2
apicid		: 3
initial apicid	: 3
fpu		: yes
fpu_exception	: yes
cpuid level	: 20
wp		: yes
flags		: fpu vme de pse tsc msr pae mce cx8 apic sep mtrr pge mca cmov pat pse36 clflush dts acpi mmx fxsr sse sse2 ss ht tm pbe syscall nx pdpe1gb rdtscp lm constant_tsc arch_perfmon pebs bts rep_good nopl xtopology nonstop_tsc aperfmperf eagerfpu pni pclmulqdq dtes64 monitor ds_cpl vmx est tm2 ssse3 fma cx16 xtpr pdcm pcid sse4_1 sse4_2 x2apic movbe popcnt tsc_deadline_timer aes xsave avx f16c rdrand lahf_lm abm 3dnowprefetch ida arat epb xsaveopt pln pts dtherm tpr_shadow vnmi flexpriority ept vpid fsgsbase tsc_adjust bmi1 avx2 smep bmi2 erms invpcid rdseed adx smap
bogomips	: 4390.01
clflush size	: 64
cache_alignment	: 64
address sizes	: 39 bits physical, 48 bits virtual
power management:



Memory: 4k page, physical 3934516k(91952k free), swap 4080636k(0k free)

vm_info: OpenJDK 64-Bit Server VM (24.95-b01) for linux-amd64 JRE (1.7.0_95-b00), built on Mar 24 2016 06:13:32 by "buildd" with gcc 4.8.2

time: Wed Aug 10 12:46:12 2016
elapsed time: 4 seconds

