#
# There is insufficient memory for the Java Runtime Environment to continue.
# Native memory allocation (malloc) failed to allocate 176160768 bytes for committing reserved memory.
# Possible reasons:
#   The system is out of physical RAM or swap space
#   In 32 bit mode, the process size limit was hit
# Possible solutions:
#   Reduce memory load on the system
#   Increase physical memory or swap space
#   Check if swap backing store is full
#   Use 64 bit Java on a 64 bit OS
#   Decrease Java heap size (-Xmx/-Xms)
#   Decrease number of Java threads
#   Decrease Java thread stack sizes (-Xss)
#   Set larger code cache with -XX:ReservedCodeCacheSize=
# This output file may be truncated or incomplete.
#
#  Out of Memory Error (os_linux.cpp:2827), pid=18056, tid=140289691649792
#
# JRE version: OpenJDK Runtime Environment (7.0_95) (build 1.7.0_95-b00)
# Java VM: OpenJDK 64-Bit Server VM (24.95-b01 mixed mode linux-amd64 compressed oops)
# Derivative: IcedTea 2.6.4
# Distribution: Ubuntu 14.04 LTS, package 7u95-2.6.4-0ubuntu0.14.04.2
# Failed to write core dump. Core dumps have been disabled. To enable core dumping, try "ulimit -c unlimited" before starting Java again
#

---------------  T H R E A D  ---------------

Current thread (0x00007f97c8076000):  VMThread [stack: 0x00007f97bd2c8000,0x00007f97bd3c9000] [id=18067]

Stack: [0x00007f97bd2c8000,0x00007f97bd3c9000],  sp=0x00007f97bd3c7490,  free space=1021k
Native frames: (J=compiled Java code, j=interpreted, Vv=VM code, C=native code)
V  [libjvm.so+0x953e15]
V  [libjvm.so+0x48fd94]
V  [libjvm.so+0x7cf87b]
V  [libjvm.so+0x7ca33f]
V  [libjvm.so+0x83dacb]
V  [libjvm.so+0x82d86b]
V  [libjvm.so+0x82da2b]
V  [libjvm.so+0x82e958]
V  [libjvm.so+0x8355b4]
V  [libjvm.so+0x83bc0d]
V  [libjvm.so+0x7f2083]
V  [libjvm.so+0x955814]
V  [libjvm.so+0x959917]
V  [libjvm.so+0x9583d8]
V  [libjvm.so+0x958839]
V  [libjvm.so+0x958c82]
V  [libjvm.so+0x7cc742]

VM_Operation (0x00007f97cfac1c70): ParallelGCFailedAllocation, mode: safepoint, requested by thread 0x00007f97c800a800


---------------  P R O C E S S  ---------------

Java Threads: ( => current thread )
  0x00007f97c80b1800 JavaThread "Service Thread" daemon [_thread_blocked, id=18073, stack(0x00007f97bc59f000,0x00007f97bc6a0000)]
  0x00007f97c80af000 JavaThread "C2 CompilerThread1" daemon [_thread_blocked, id=18072, stack(0x00007f97bc6a0000,0x00007f97bc7a1000)]
  0x00007f97c80ac000 JavaThread "C2 CompilerThread0" daemon [_thread_blocked, id=18071, stack(0x00007f97bc7a1000,0x00007f97bc8a2000)]
  0x00007f97c80aa000 JavaThread "Signal Dispatcher" daemon [_thread_blocked, id=18070, stack(0x00007f97bc8a2000,0x00007f97bc9a3000)]
  0x00007f97c807c000 JavaThread "Finalizer" daemon [_thread_blocked, id=18069, stack(0x00007f97bd0c6000,0x00007f97bd1c7000)]
  0x00007f97c807a000 JavaThread "Reference Handler" daemon [_thread_blocked, id=18068, stack(0x00007f97bd1c7000,0x00007f97bd2c8000)]
  0x00007f97c800a800 JavaThread "main" [_thread_blocked, id=18062, stack(0x00007f97cf9c3000,0x00007f97cfac4000)]

Other Threads:
=>0x00007f97c8076000 VMThread [stack: 0x00007f97bd2c8000,0x00007f97bd3c9000] [id=18067]
  0x00007f97c80bc000 WatcherThread [stack: 0x00007f97bc49e000,0x00007f97bc59f000] [id=18074]

VM state:at safepoint (normal execution)

VM Mutex/Monitor currently owned by a thread:  ([mutex/lock_event])
[0x00007f97c8006370] ExpandHeap_lock - owner thread: 0x00007f97c8076000
[0x00007f97c80069f0] Threads_lock - owner thread: 0x00007f97c8076000
[0x00007f97c8006ef0] Heap_lock - owner thread: 0x00007f97c800a800

Heap
 PSYoungGen      total 233472K, used 30611K [0x00000000eaa80000, 0x0000000100000000, 0x0000000100000000)
  eden space 117248K, 0% used [0x00000000eaa80000,0x00000000eaa80000,0x00000000f1d00000)
  from space 116224K, 26% used [0x00000000f1d00000,0x00000000f3ae4cf0,0x00000000f8e80000)
  to   space 116224K, 0% used [0x00000000f8e80000,0x00000000f8e80000,0x0000000100000000)
 ParOldGen       total 403456K, used 403345K [0x00000000c0000000, 0x00000000d8a00000, 0x00000000eaa80000)
  object space 403456K, 99% used [0x00000000c0000000,0x00000000d89e44c0,0x00000000d8a00000)
 PSPermGen       total 21504K, used 6200K [0x00000000b5a00000, 0x00000000b6f00000, 0x00000000c0000000)
  object space 21504K, 28% used [0x00000000b5a00000,0x00000000b600e3b8,0x00000000b6f00000)

Card table byte_map: [0x00007f97cc3a3000,0x00007f97cc5f7000] byte_map_base: 0x00007f97cbdf6000

Polling page: 0x00007f97cfae0000

Code Cache  [0x00007f97c5000000, 0x00007f97c5430000, 0x00007f97c8000000)
 total_blobs=1312 nmethods=1084 adapters=181 free_code_cache=45042Kb largest_free_block=45960128

Compilation events (10 events):
Event: 19.011 Thread 0x00007f97c80af000 1161             com.android.dx.rop.code.Insn$BaseVisitor::visitThrowingInsn (1 bytes)
Event: 19.011 Thread 0x00007f97c80af000 nmethod 1161 0x00007f97c5312090 code [0x00007f97c53121c0, 0x00007f97c5312218]
Event: 19.015 Thread 0x00007f97c80ac000 1162             com.android.dx.cf.code.Merger::mergeType (142 bytes)
Event: 19.019 Thread 0x00007f97c80ac000 nmethod 1162 0x00007f97c5314dd0 code [0x00007f97c5314fa0, 0x00007f97c53154d0]
Event: 19.165 Thread 0x00007f97c80ac000 1164             sun.util.calendar.CalendarDate::setNormalized (6 bytes)
Event: 19.165 Thread 0x00007f97c80af000 1163             sun.util.calendar.CalendarDate::getMonth (5 bytes)
Event: 19.166 Thread 0x00007f97c80af000 nmethod 1163 0x00007f97c50c7d50 code [0x00007f97c50c7e80, 0x00007f97c50c7ed8]
Event: 19.166 Thread 0x00007f97c80ac000 nmethod 1164 0x00007f97c50c7a90 code [0x00007f97c50c7bc0, 0x00007f97c50c7c18]
Event: 19.204 Thread 0x00007f97c80ac000 1165             java.util.TreeMap$Values::size (8 bytes)
Event: 19.204 Thread 0x00007f97c80ac000 nmethod 1165 0x00007f97c5313cd0 code [0x00007f97c5313e00, 0x00007f97c5313e78]

GC Heap History (10 events):
Event: 17.532 GC heap after
Heap after GC invocations=23 (full 4):
 PSYoungGen      total 251392K, used 95862K [0x00000000eaa80000, 0x0000000100000000, 0x0000000100000000)
  eden space 155136K, 0% used [0x00000000eaa80000,0x00000000eaa80000,0x00000000f4200000)
  from space 96256K, 99% used [0x00000000f4200000,0x00000000f9f9d938,0x00000000fa000000)
  to   space 98304K, 0% used [0x00000000fa000000,0x00000000fa000000,0x0000000100000000)
 ParOldGen       total 403456K, used 258378K [0x00000000c0000000, 0x00000000d8a00000, 0x00000000eaa80000)
  object space 403456K, 64% used [0x00000000c0000000,0x00000000cfc52a18,0x00000000d8a00000)
 PSPermGen       total 21504K, used 6162K [0x00000000b5a00000, 0x00000000b6f00000, 0x00000000c0000000)
  object space 21504K, 28% used [0x00000000b5a00000,0x00000000b6004988,0x00000000b6f00000)
}
Event: 17.924 GC heap before
{Heap before GC invocations=24 (full 4):
 PSYoungGen      total 251392K, used 250998K [0x00000000eaa80000, 0x0000000100000000, 0x0000000100000000)
  eden space 155136K, 100% used [0x00000000eaa80000,0x00000000f4200000,0x00000000f4200000)
  from space 96256K, 99% used [0x00000000f4200000,0x00000000f9f9d938,0x00000000fa000000)
  to   space 98304K, 0% used [0x00000000fa000000,0x00000000fa000000,0x0000000100000000)
 ParOldGen       total 403456K, used 258378K [0x00000000c0000000, 0x00000000d8a00000, 0x00000000eaa80000)
  object space 403456K, 64% used [0x00000000c0000000,0x00000000cfc52a18,0x00000000d8a00000)
 PSPermGen       total 21504K, used 6164K [0x00000000b5a00000, 0x00000000b6f00000, 0x00000000c0000000)
  object space 21504K, 28% used [0x00000000b5a00000,0x00000000b6005378,0x00000000b6f00000)
Event: 18.072 GC heap after
Heap after GC invocations=24 (full 4):
 PSYoungGen      total 215552K, used 98275K [0x00000000eaa80000, 0x0000000100000000, 0x0000000100000000)
  eden space 117248K, 0% used [0x00000000eaa80000,0x00000000eaa80000,0x00000000f1d00000)
  from space 98304K, 99% used [0x00000000fa000000,0x00000000ffff8f98,0x0000000100000000)
  to   space 116224K, 0% used [0x00000000f1d00000,0x00000000f1d00000,0x00000000f8e80000)
 ParOldGen       total 403456K, used 281178K [0x00000000c0000000, 0x00000000d8a00000, 0x00000000eaa80000)
  object space 403456K, 69% used [0x00000000c0000000,0x00000000d1296838,0x00000000d8a00000)
 PSPermGen       total 21504K, used 6164K [0x00000000b5a00000, 0x00000000b6f00000, 0x00000000c0000000)
  object space 21504K, 28% used [0x00000000b5a00000,0x00000000b6005378,0x00000000b6f00000)
}
Event: 18.364 GC heap before
{Heap before GC invocations=25 (full 4):
 PSYoungGen      total 215552K, used 215523K [0x00000000eaa80000, 0x0000000100000000, 0x0000000100000000)
  eden space 117248K, 100% used [0x00000000eaa80000,0x00000000f1d00000,0x00000000f1d00000)
  from space 98304K, 99% used [0x00000000fa000000,0x00000000ffff8f98,0x0000000100000000)
  to   space 116224K, 0% used [0x00000000f1d00000,0x00000000f1d00000,0x00000000f8e80000)
 ParOldGen       total 403456K, used 281178K [0x00000000c0000000, 0x00000000d8a00000, 0x00000000eaa80000)
  object space 403456K, 69% used [0x00000000c0000000,0x00000000d1296838,0x00000000d8a00000)
 PSPermGen       total 21504K, used 6167K [0x00000000b5a00000, 0x00000000b6f00000, 0x00000000c0000000)
  object space 21504K, 28% used [0x00000000b5a00000,0x00000000b6005c30,0x00000000b6f00000)
Event: 18.488 GC heap after
Heap after GC invocations=25 (full 4):
 PSYoungGen      total 233472K, used 95027K [0x00000000eaa80000, 0x0000000100000000, 0x0000000100000000)
  eden space 117248K, 0% used [0x00000000eaa80000,0x00000000eaa80000,0x00000000f1d00000)
  from space 116224K, 81% used [0x00000000f1d00000,0x00000000f79ccea0,0x00000000f8e80000)
  to   space 116224K, 0% used [0x00000000f8e80000,0x00000000f8e80000,0x0000000100000000)
 ParOldGen       total 403456K, used 305092K [0x00000000c0000000, 0x00000000d8a00000, 0x00000000eaa80000)
  object space 403456K, 75% used [0x00000000c0000000,0x00000000d29f1240,0x00000000d8a00000)
 PSPermGen       total 21504K, used 6167K [0x00000000b5a00000, 0x00000000b6f00000, 0x00000000c0000000)
  object space 21504K, 28% used [0x00000000b5a00000,0x00000000b6005c30,0x00000000b6f00000)
}
Event: 18.777 GC heap before
{Heap before GC invocations=26 (full 4):
 PSYoungGen      total 233472K, used 212275K [0x00000000eaa80000, 0x0000000100000000, 0x0000000100000000)
  eden space 117248K, 100% used [0x00000000eaa80000,0x00000000f1d00000,0x00000000f1d00000)
  from space 116224K, 81% used [0x00000000f1d00000,0x00000000f79ccea0,0x00000000f8e80000)
  to   space 116224K, 0% used [0x00000000f8e80000,0x00000000f8e80000,0x0000000100000000)
 ParOldGen       total 403456K, used 305092K [0x00000000c0000000, 0x00000000d8a00000, 0x00000000eaa80000)
  object space 403456K, 75% used [0x00000000c0000000,0x00000000d29f1240,0x00000000d8a00000)
 PSPermGen       total 21504K, used 6171K [0x00000000b5a00000, 0x00000000b6f00000, 0x00000000c0000000)
  object space 21504K, 28% used [0x00000000b5a00000,0x00000000b6006ca0,0x00000000b6f00000)
Event: 18.926 GC heap after
Heap after GC invocations=26 (full 4):
 PSYoungGen      total 233472K, used 86915K [0x00000000eaa80000, 0x0000000100000000, 0x0000000100000000)
  eden space 117248K, 0% used [0x00000000eaa80000,0x00000000eaa80000,0x00000000f1d00000)
  from space 116224K, 74% used [0x00000000f8e80000,0x00000000fe360c80,0x0000000100000000)
  to   space 116224K, 0% used [0x00000000f1d00000,0x00000000f1d00000,0x00000000f8e80000)
 ParOldGen       total 403456K, used 332778K [0x00000000c0000000, 0x00000000d8a00000, 0x00000000eaa80000)
  object space 403456K, 82% used [0x00000000c0000000,0x00000000d44fa938,0x00000000d8a00000)
 PSPermGen       total 21504K, used 6171K [0x00000000b5a00000, 0x00000000b6f00000, 0x00000000c0000000)
  object space 21504K, 28% used [0x00000000b5a00000,0x00000000b6006ca0,0x00000000b6f00000)
}
Event: 19.337 GC heap before
{Heap before GC invocations=27 (full 4):
 PSYoungGen      total 233472K, used 204163K [0x00000000eaa80000, 0x0000000100000000, 0x0000000100000000)
  eden space 117248K, 100% used [0x00000000eaa80000,0x00000000f1d00000,0x00000000f1d00000)
  from space 116224K, 74% used [0x00000000f8e80000,0x00000000fe360c80,0x0000000100000000)
  to   space 116224K, 0% used [0x00000000f1d00000,0x00000000f1d00000,0x00000000f8e80000)
 ParOldGen       total 403456K, used 332778K [0x00000000c0000000, 0x00000000d8a00000, 0x00000000eaa80000)
  object space 403456K, 82% used [0x00000000c0000000,0x00000000d44fa938,0x00000000d8a00000)
 PSPermGen       total 21504K, used 6201K [0x00000000b5a00000, 0x00000000b6f00000, 0x00000000c0000000)
  object space 21504K, 28% used [0x00000000b5a00000,0x00000000b600e518,0x00000000b6f00000)
Event: 19.478 GC heap after
Heap after GC invocations=27 (full 4):
 PSYoungGen      total 233472K, used 58962K [0x00000000eaa80000, 0x0000000100000000, 0x0000000100000000)
  eden space 117248K, 0% used [0x00000000eaa80000,0x00000000eaa80000,0x00000000f1d00000)
  from space 116224K, 50% used [0x00000000f1d00000,0x00000000f5694a80,0x00000000f8e80000)
  to   space 116224K, 0% used [0x00000000f8e80000,0x00000000f8e80000,0x0000000100000000)
 ParOldGen       total 403456K, used 379998K [0x00000000c0000000, 0x00000000d8a00000, 0x00000000eaa80000)
  object space 403456K, 94% used [0x00000000c0000000,0x00000000d73178e8,0x00000000d8a00000)
 PSPermGen       total 21504K, used 6201K [0x00000000b5a00000, 0x00000000b6f00000, 0x00000000c0000000)
  object space 21504K, 28% used [0x00000000b5a00000,0x00000000b600e518,0x00000000b6f00000)
}
Event: 19.478 GC heap before
{Heap before GC invocations=28 (full 5):
 PSYoungGen      total 233472K, used 58962K [0x00000000eaa80000, 0x0000000100000000, 0x0000000100000000)
  eden space 117248K, 0% used [0x00000000eaa80000,0x00000000eaa80000,0x00000000f1d00000)
  from space 116224K, 50% used [0x00000000f1d00000,0x00000000f5694a80,0x00000000f8e80000)
  to   space 116224K, 0% used [0x00000000f8e80000,0x00000000f8e80000,0x0000000100000000)
 ParOldGen       total 403456K, used 379998K [0x00000000c0000000, 0x00000000d8a00000, 0x00000000eaa80000)
  object space 403456K, 94% used [0x00000000c0000000,0x00000000d73178e8,0x00000000d8a00000)
 PSPermGen       total 21504K, used 6201K [0x00000000b5a00000, 0x00000000b6f00000, 0x00000000c0000000)
  object space 21504K, 28% used [0x00000000b5a00000,0x00000000b600e518,0x00000000b6f00000)

Deoptimization events (10 events):
Event: 15.629 Thread 0x00007f97c800a800 Uncommon trap: reason=unstable_if action=reinterpret pc=0x00007f97c50e7760 method=com.android.dx.ssa.SCCP.simulateStmt(Lcom/android/dx/ssa/SsaInsn;)V @ 435
Event: 16.194 Thread 0x00007f97c800a800 Uncommon trap: reason=unstable_if action=reinterpret pc=0x00007f97c52f3ce0 method=com.android.dx.cf.code.Ropper.processBlock(Lcom/android/dx/cf/code/ByteBlock;Lcom/android/dx/cf/code/Frame;[I)V @ 651
Event: 16.584 Thread 0x00007f97c800a800 Uncommon trap: reason=null_check action=make_not_entrant pc=0x00007f97c50d5880 method=com.android.dx.cf.direct.StdAttributeFactory.enclosingMethod(Lcom/android/dx/cf/direct/DirectClassFile;IILcom/android/dx/cf/iface/ParseObserver;)Lcom/android/dx/cf/iface
Event: 16.718 Thread 0x00007f97c800a800 Uncommon trap: reason=bimorphic action=maybe_recompile pc=0x00007f97c53e1684 method=com.android.dx.cf.code.BytecodeArray.parseInstruction(ILcom/android/dx/cf/code/BytecodeArray$Visitor;)I @ 1447
Event: 16.718 Thread 0x00007f97c800a800 Uncommon trap: reason=bimorphic action=maybe_recompile pc=0x00007f97c53e1684 method=com.android.dx.cf.code.BytecodeArray.parseInstruction(ILcom/android/dx/cf/code/BytecodeArray$Visitor;)I @ 1447
Event: 17.586 Thread 0x00007f97c800a800 Uncommon trap: reason=unstable_if action=reinterpret pc=0x00007f97c540c038 method=com.android.dx.rop.code.AccessFlags.isNative(I)Z @ 5
Event: 17.586 Thread 0x00007f97c800a800 Uncommon trap: reason=unstable_if action=reinterpret pc=0x00007f97c51012b0 method=com.android.dx.rop.code.AccessFlags.isNative(I)Z @ 5
Event: 17.627 Thread 0x00007f97c800a800 Uncommon trap: reason=unstable_if action=reinterpret pc=0x00007f97c51d3148 method=com.android.dx.util.IntList.equals(Ljava/lang/Object;)Z @ 2
Event: 17.809 Thread 0x00007f97c800a800 Uncommon trap: reason=bimorphic action=maybe_recompile pc=0x00007f97c53f107c method=com.android.dx.cf.code.BytecodeArray.parseInstruction(ILcom/android/dx/cf/code/BytecodeArray$Visitor;)I @ 1987
Event: 17.809 Thread 0x00007f97c800a800 Uncommon trap: reason=bimorphic action=maybe_recompile pc=0x00007f97c53f107c method=com.android.dx.cf.code.BytecodeArray.parseInstruction(ILcom/android/dx/cf/code/BytecodeArray$Visitor;)I @ 1987

Internal exceptions (10 events):
Event: 6.124 Thread 0x00007f97c800a800 Implicit null exception at 0x00007f97c5180961 to 0x00007f97c51814bd
Event: 6.124 Thread 0x00007f97c800a800 Implicit null exception at 0x00007f97c50ddc27 to 0x00007f97c50ddf21
Event: 6.125 Thread 0x00007f97c800a800 Implicit null exception at 0x00007f97c50c2338 to 0x00007f97c50c248d
Event: 6.952 Thread 0x00007f97c800a800 Implicit null exception at 0x00007f97c53439f3 to 0x00007f97c534624d
Event: 7.602 Thread 0x00007f97c800a800 Threw 0x00000000ec289cc0 at /build/openjdk-7-HVzwJZ/openjdk-7-7u95-2.6.4/build/openjdk/hotspot/src/share/vm/prims/jvm.cpp:1322
Event: 7.604 Thread 0x00007f97c800a800 Implicit null exception at 0x00007f97c51be3cd to 0x00007f97c51be481
Event: 9.433 Thread 0x00007f97c800a800 Threw 0x00000000f3eac1f0 at /build/openjdk-7-HVzwJZ/openjdk-7-7u95-2.6.4/build/openjdk/hotspot/src/share/vm/prims/jvm.cpp:1322
Event: 10.040 Thread 0x00007f97c800a800 Threw 0x00000000ecf20010 at /build/openjdk-7-HVzwJZ/openjdk-7-7u95-2.6.4/build/openjdk/hotspot/src/share/vm/prims/jvm.cpp:1322
Event: 12.961 Thread 0x00007f97c800a800 Threw 0x00000000eef1e360 at /build/openjdk-7-HVzwJZ/openjdk-7-7u95-2.6.4/build/openjdk/hotspot/src/share/vm/prims/jvm.cpp:1322
Event: 16.583 Thread 0x00007f97c800a800 Implicit null exception at 0x00007f97c50d4293 to 0x00007f97c50d5875

Events (10 events):
Event: 17.923 Executing VM operation: ParallelGCFailedAllocation
Event: 18.072 Executing VM operation: ParallelGCFailedAllocation done
Event: 18.364 Executing VM operation: ParallelGCFailedAllocation
Event: 18.488 Executing VM operation: ParallelGCFailedAllocation done
Event: 18.709 Thread 0x00007f97c80af000 flushing nmethod 0x00007f97c5364f90
Event: 18.777 Executing VM operation: ParallelGCFailedAllocation
Event: 18.926 Executing VM operation: ParallelGCFailedAllocation done
Event: 19.019 Thread 0x00007f97c80ac000 flushing nmethod 0x00007f97c50c7bd0
Event: 19.204 Thread 0x00007f97c80ac000 flushing nmethod 0x00007f97c5102990
Event: 19.337 Executing VM operation: ParallelGCFailedAllocation


Dynamic libraries:
00400000-00401000 r-xp 00000000 08:01 5508137                            /usr/lib/jvm/java-7-openjdk-amd64/jre/bin/java
00600000-00601000 r--p 00000000 08:01 5508137                            /usr/lib/jvm/java-7-openjdk-amd64/jre/bin/java
00601000-00602000 rw-p 00001000 08:01 5508137                            /usr/lib/jvm/java-7-openjdk-amd64/jre/bin/java
01c1a000-01c3b000 rw-p 00000000 00:00 0                                  [heap]
b5a00000-b6f00000 rw-p 00000000 00:00 0 
b6f00000-c0000000 rw-p 00000000 00:00 0 
c0000000-d8a00000 rw-p 00000000 00:00 0 
e3200000-eaa80000 rw-p 00000000 00:00 0 
eaa80000-100000000 rw-p 00000000 00:00 0 
7f9788000000-7f9788021000 rw-p 00000000 00:00 0 
7f9788021000-7f978c000000 ---p 00000000 00:00 0 
7f978c000000-7f978c021000 rw-p 00000000 00:00 0 
7f978c021000-7f9790000000 ---p 00000000 00:00 0 
7f9790000000-7f979182d000 rw-p 00000000 00:00 0 
7f979182d000-7f9794000000 ---p 00000000 00:00 0 
7f9794000000-7f9796434000 rw-p 00000000 00:00 0 
7f9796434000-7f9798000000 ---p 00000000 00:00 0 
7f9798000000-7f9798021000 rw-p 00000000 00:00 0 
7f9798021000-7f979c000000 ---p 00000000 00:00 0 
7f979c000000-7f979c021000 rw-p 00000000 00:00 0 
7f979c021000-7f97a0000000 ---p 00000000 00:00 0 
7f97a0000000-7f97a0021000 rw-p 00000000 00:00 0 
7f97a0021000-7f97a4000000 ---p 00000000 00:00 0 
7f97a4000000-7f97a4021000 rw-p 00000000 00:00 0 
7f97a4021000-7f97a8000000 ---p 00000000 00:00 0 
7f97a8000000-7f97a8021000 rw-p 00000000 00:00 0 
7f97a8021000-7f97ac000000 ---p 00000000 00:00 0 
7f97b0000000-7f97b0021000 rw-p 00000000 00:00 0 
7f97b0021000-7f97b4000000 ---p 00000000 00:00 0 
7f97b6a94000-7f97b6ad1000 r-xp 00000000 08:01 790495                     /lib/x86_64-linux-gnu/libpcre.so.3.13.1
7f97b6ad1000-7f97b6cd0000 ---p 0003d000 08:01 790495                     /lib/x86_64-linux-gnu/libpcre.so.3.13.1
7f97b6cd0000-7f97b6cd1000 r--p 0003c000 08:01 790495                     /lib/x86_64-linux-gnu/libpcre.so.3.13.1
7f97b6cd1000-7f97b6cd2000 rw-p 0003d000 08:01 790495                     /lib/x86_64-linux-gnu/libpcre.so.3.13.1
7f97b6cd2000-7f97b6cd9000 r-xp 00000000 08:01 4726848                    /usr/lib/x86_64-linux-gnu/libffi.so.6.0.1
7f97b6cd9000-7f97b6ed8000 ---p 00007000 08:01 4726848                    /usr/lib/x86_64-linux-gnu/libffi.so.6.0.1
7f97b6ed8000-7f97b6ed9000 r--p 00006000 08:01 4726848                    /usr/lib/x86_64-linux-gnu/libffi.so.6.0.1
7f97b6ed9000-7f97b6eda000 rw-p 00007000 08:01 4726848                    /usr/lib/x86_64-linux-gnu/libffi.so.6.0.1
7f97b6eda000-7f97b6ef1000 r-xp 00000000 08:01 786614                     /lib/x86_64-linux-gnu/libresolv-2.19.so
7f97b6ef1000-7f97b70f1000 ---p 00017000 08:01 786614                     /lib/x86_64-linux-gnu/libresolv-2.19.so
7f97b70f1000-7f97b70f2000 r--p 00017000 08:01 786614                     /lib/x86_64-linux-gnu/libresolv-2.19.so
7f97b70f2000-7f97b70f3000 rw-p 00018000 08:01 786614                     /lib/x86_64-linux-gnu/libresolv-2.19.so
7f97b70f3000-7f97b70f5000 rw-p 00000000 00:00 0 
7f97b70f5000-7f97b7115000 r-xp 00000000 08:01 790522                     /lib/x86_64-linux-gnu/libselinux.so.1
7f97b7115000-7f97b7314000 ---p 00020000 08:01 790522                     /lib/x86_64-linux-gnu/libselinux.so.1
7f97b7314000-7f97b7315000 r--p 0001f000 08:01 790522                     /lib/x86_64-linux-gnu/libselinux.so.1
7f97b7315000-7f97b7316000 rw-p 00020000 08:01 790522                     /lib/x86_64-linux-gnu/libselinux.so.1
7f97b7316000-7f97b7318000 rw-p 00000000 00:00 0 
7f97b7318000-7f97b731b000 r-xp 00000000 08:01 4726965                    /usr/lib/x86_64-linux-gnu/libgmodule-2.0.so.0.4000.0
7f97b731b000-7f97b751a000 ---p 00003000 08:01 4726965                    /usr/lib/x86_64-linux-gnu/libgmodule-2.0.so.0.4000.0
7f97b751a000-7f97b751b000 r--p 00002000 08:01 4726965                    /usr/lib/x86_64-linux-gnu/libgmodule-2.0.so.0.4000.0
7f97b751b000-7f97b751c000 rw-p 00003000 08:01 4726965                    /usr/lib/x86_64-linux-gnu/libgmodule-2.0.so.0.4000.0
7f97b751c000-7f97b7622000 r-xp 00000000 08:01 790423                     /lib/x86_64-linux-gnu/libglib-2.0.so.0.4000.0
7f97b7622000-7f97b7821000 ---p 00106000 08:01 790423                     /lib/x86_64-linux-gnu/libglib-2.0.so.0.4000.0
7f97b7821000-7f97b7822000 r--p 00105000 08:01 790423                     /lib/x86_64-linux-gnu/libglib-2.0.so.0.4000.0
7f97b7822000-7f97b7823000 rw-p 00106000 08:01 790423                     /lib/x86_64-linux-gnu/libglib-2.0.so.0.4000.0
7f97b7823000-7f97b7824000 rw-p 00000000 00:00 0 
7f97b7824000-7f97b7873000 r-xp 00000000 08:01 4726981                    /usr/lib/x86_64-linux-gnu/libgobject-2.0.so.0.4000.0
7f97b7873000-7f97b7a73000 ---p 0004f000 08:01 4726981                    /usr/lib/x86_64-linux-gnu/libgobject-2.0.so.0.4000.0
7f97b7a73000-7f97b7a74000 r--p 0004f000 08:01 4726981                    /usr/lib/x86_64-linux-gnu/libgobject-2.0.so.0.4000.0
7f97b7a74000-7f97b7a75000 rw-p 00050000 08:01 4726981                    /usr/lib/x86_64-linux-gnu/libgobject-2.0.so.0.4000.0
7f97b7a75000-7f97b7be0000 r-xp 00000000 08:01 4726951                    /usr/lib/x86_64-linux-gnu/libgio-2.0.so.0.4000.0
7f97b7be0000-7f97b7de0000 ---p 0016b000 08:01 4726951                    /usr/lib/x86_64-linux-gnu/libgio-2.0.so.0.4000.0
7f97b7de0000-7f97b7de4000 r--p 0016b000 08:01 4726951                    /usr/lib/x86_64-linux-gnu/libgio-2.0.so.0.4000.0
7f97b7de4000-7f97b7de6000 rw-p 0016f000 08:01 4726951                    /usr/lib/x86_64-linux-gnu/libgio-2.0.so.0.4000.0
7f97b7de6000-7f97b7de8000 rw-p 00000000 00:00 0 
7f97b7de8000-7f97b7dff000 r-xp 00000000 08:01 5917886                    /usr/lib/jvm/java-7-openjdk-amd64/jre/lib/amd64/libnet.so
7f97b7dff000-7f97b7ffe000 ---p 00017000 08:01 5917886                    /usr/lib/jvm/java-7-openjdk-amd64/jre/lib/amd64/libnet.so
7f97b7ffe000-7f97b7fff000 r--p 00016000 08:01 5917886                    /usr/lib/jvm/java-7-openjdk-amd64/jre/lib/amd64/libnet.so
7f97b7fff000-7f97b8000000 rw-p 00017000 08:01 5917886                    /usr/lib/jvm/java-7-openjdk-amd64/jre/lib/amd64/libnet.so
7f97b8000000-7f97b8021000 rw-p 00000000 00:00 0 
7f97b8021000-7f97bc000000 ---p 00000000 00:00 0 
7f97bc1ab000-7f97bc1dc000 rw-p 00000000 00:00 0 
7f97bc1f4000-7f97bc204000 r-xp 00000000 08:01 5917910                    /usr/lib/jvm/java-7-openjdk-amd64/jre/lib/amd64/libnio.so
7f97bc204000-7f97bc404000 ---p 00010000 08:01 5917910                    /usr/lib/jvm/java-7-openjdk-amd64/jre/lib/amd64/libnio.so
7f97bc404000-7f97bc405000 r--p 00010000 08:01 5917910                    /usr/lib/jvm/java-7-openjdk-amd64/jre/lib/amd64/libnio.so
7f97bc405000-7f97bc406000 rw-p 00011000 08:01 5917910                    /usr/lib/jvm/java-7-openjdk-amd64/jre/lib/amd64/libnio.so
7f97bc406000-7f97bc48f000 r--s 00751000 08:01 10623636                   /home/raihan/OpenSrpWorkSpace/opensrp-client-dghs-demo/opensrp-dghs/build/intermediates/multi-dex/debug/allclasses.jar
7f97bc48f000-7f97bc49e000 r--s 000dd000 08:01 6177003                    /home/raihan/android-sdk-linux/build-tools/21.1.2/lib/dx.jar
7f97bc49e000-7f97bc49f000 ---p 00000000 00:00 0 
7f97bc49f000-7f97bc59f000 rw-p 00000000 00:00 0                          [stack:18074]
7f97bc59f000-7f97bc5a2000 ---p 00000000 00:00 0 
7f97bc5a2000-7f97bc6a0000 rw-p 00000000 00:00 0                          [stack:18073]
7f97bc6a0000-7f97bc6a3000 ---p 00000000 00:00 0 
7f97bc6a3000-7f97bc7a1000 rw-p 00000000 00:00 0                          [stack:18072]
7f97bc7a1000-7f97bc7a4000 ---p 00000000 00:00 0 
7f97bc7a4000-7f97bc8a2000 rw-p 00000000 00:00 0                          [stack:18071]
7f97bc8a2000-7f97bc8a5000 ---p 00000000 00:00 0 
7f97bc8a5000-7f97bc9a3000 rw-p 00000000 00:00 0                          [stack:18070]
7f97bc9a3000-7f97bd0c6000 r--p 00000000 08:01 4725570                    /usr/lib/locale/locale-archive
7f97bd0c6000-7f97bd0c9000 ---p 00000000 00:00 0 
7f97bd0c9000-7f97bd1c7000 rw-p 00000000 00:00 0                          [stack:18069]
7f97bd1c7000-7f97bd1ca000 ---p 00000000 00:00 0 
7f97bd1ca000-7f97bd2c8000 rw-p 00000000 00:00 0                          [stack:18068]
7f97bd2c8000-7f97bd2c9000 ---p 00000000 00:00 0 
7f97bd2c9000-7f97c0000000 rw-p 00000000 00:00 0                          [stack:18067]
7f97c0000000-7f97c0021000 rw-p 00000000 00:00 0 
7f97c0021000-7f97c4000000 ---p 00000000 00:00 0 
7f97c4003000-7f97c48f9000 rw-p 00000000 00:00 0 
7f97c48f9000-7f97c4aaa000 r--s 01d30000 08:01 5508152                    /usr/lib/jvm/java-7-openjdk-amd64/jre/lib/rt.jar
7f97c4aaa000-7f97c4cfd000 rw-p 00000000 00:00 0 
7f97c4cfd000-7f97c4cfe000 ---p 00000000 00:00 0 
7f97c4cfe000-7f97c4dfe000 rw-p 00000000 00:00 0                          [stack:18066]
7f97c4dfe000-7f97c4dff000 ---p 00000000 00:00 0 
7f97c4dff000-7f97c4eff000 rw-p 00000000 00:00 0                          [stack:18065]
7f97c4eff000-7f97c4f00000 ---p 00000000 00:00 0 
7f97c4f00000-7f97c5000000 rw-p 00000000 00:00 0                          [stack:18064]
7f97c5000000-7f97c5430000 rwxp 00000000 00:00 0 
7f97c5430000-7f97c8331000 rw-p 00000000 00:00 0 
7f97c8331000-7f97cc000000 ---p 00000000 00:00 0 
7f97cc000000-7f97cc0f9000 rw-p 00000000 00:00 0 
7f97cc0f9000-7f97cc0fa000 ---p 00000000 00:00 0 
7f97cc0fa000-7f97cc205000 rw-p 00000000 00:00 0                          [stack:18063]
7f97cc205000-7f97cc24d000 rw-p 00000000 00:00 0 
7f97cc24d000-7f97cc312000 rw-p 00000000 00:00 0 
7f97cc312000-7f97cc3a3000 rw-p 00000000 00:00 0 
7f97cc3a3000-7f97cc3ae000 rw-p 00000000 00:00 0 
7f97cc3ae000-7f97cc3f6000 rw-p 00000000 00:00 0 
7f97cc3f6000-7f97cc4bb000 rw-p 00000000 00:00 0 
7f97cc4bb000-7f97cc54b000 rw-p 00000000 00:00 0 
7f97cc54b000-7f97cc5f6000 rw-p 00000000 00:00 0 
7f97cc5f6000-7f97cc5f7000 rw-p 00000000 00:00 0 
7f97cc5f7000-7f97cc5ff000 r-xp 00000000 08:01 5917892                    /usr/lib/jvm/java-7-openjdk-amd64/jre/lib/amd64/libzip.so
7f97cc5ff000-7f97cc7fe000 ---p 00008000 08:01 5917892                    /usr/lib/jvm/java-7-openjdk-amd64/jre/lib/amd64/libzip.so
7f97cc7fe000-7f97cc7ff000 r--p 00007000 08:01 5917892                    /usr/lib/jvm/java-7-openjdk-amd64/jre/lib/amd64/libzip.so
7f97cc7ff000-7f97cc800000 rw-p 00008000 08:01 5917892                    /usr/lib/jvm/java-7-openjdk-amd64/jre/lib/amd64/libzip.so
7f97cc800000-7f97cc80b000 r-xp 00000000 08:01 786646                     /lib/x86_64-linux-gnu/libnss_files-2.19.so
7f97cc80b000-7f97cca0a000 ---p 0000b000 08:01 786646                     /lib/x86_64-linux-gnu/libnss_files-2.19.so
7f97cca0a000-7f97cca0b000 r--p 0000a000 08:01 786646                     /lib/x86_64-linux-gnu/libnss_files-2.19.so
7f97cca0b000-7f97cca0c000 rw-p 0000b000 08:01 786646                     /lib/x86_64-linux-gnu/libnss_files-2.19.so
7f97cca0c000-7f97cca17000 r-xp 00000000 08:01 786638                     /lib/x86_64-linux-gnu/libnss_nis-2.19.so
7f97cca17000-7f97ccc16000 ---p 0000b000 08:01 786638                     /lib/x86_64-linux-gnu/libnss_nis-2.19.so
7f97ccc16000-7f97ccc17000 r--p 0000a000 08:01 786638                     /lib/x86_64-linux-gnu/libnss_nis-2.19.so
7f97ccc17000-7f97ccc18000 rw-p 0000b000 08:01 786638                     /lib/x86_64-linux-gnu/libnss_nis-2.19.so
7f97ccc18000-7f97ccc2f000 r-xp 00000000 08:01 786634                     /lib/x86_64-linux-gnu/libnsl-2.19.so
7f97ccc2f000-7f97cce2e000 ---p 00017000 08:01 786634                     /lib/x86_64-linux-gnu/libnsl-2.19.so
7f97cce2e000-7f97cce2f000 r--p 00016000 08:01 786634                     /lib/x86_64-linux-gnu/libnsl-2.19.so
7f97cce2f000-7f97cce30000 rw-p 00017000 08:01 786634                     /lib/x86_64-linux-gnu/libnsl-2.19.so
7f97cce30000-7f97cce32000 rw-p 00000000 00:00 0 
7f97cce32000-7f97cce3b000 r-xp 00000000 08:01 786633                     /lib/x86_64-linux-gnu/libnss_compat-2.19.so
7f97cce3b000-7f97cd03a000 ---p 00009000 08:01 786633                     /lib/x86_64-linux-gnu/libnss_compat-2.19.so
7f97cd03a000-7f97cd03b000 r--p 00008000 08:01 786633                     /lib/x86_64-linux-gnu/libnss_compat-2.19.so
7f97cd03b000-7f97cd03c000 rw-p 00009000 08:01 786633                     /lib/x86_64-linux-gnu/libnss_compat-2.19.so
7f97cd03c000-7f97cd067000 r-xp 00000000 08:01 5917877                    /usr/lib/jvm/java-7-openjdk-amd64/jre/lib/amd64/libjava.so
7f97cd067000-7f97cd267000 ---p 0002b000 08:01 5917877                    /usr/lib/jvm/java-7-openjdk-amd64/jre/lib/amd64/libjava.so
7f97cd267000-7f97cd268000 r--p 0002b000 08:01 5917877                    /usr/lib/jvm/java-7-openjdk-amd64/jre/lib/amd64/libjava.so
7f97cd268000-7f97cd26a000 rw-p 0002c000 08:01 5917877                    /usr/lib/jvm/java-7-openjdk-amd64/jre/lib/amd64/libjava.so
7f97cd26a000-7f97cd27a000 r-xp 00000000 08:01 5917878                    /usr/lib/jvm/java-7-openjdk-amd64/jre/lib/amd64/libverify.so
7f97cd27a000-7f97cd479000 ---p 00010000 08:01 5917878                    /usr/lib/jvm/java-7-openjdk-amd64/jre/lib/amd64/libverify.so
7f97cd479000-7f97cd47b000 r--p 0000f000 08:01 5917878                    /usr/lib/jvm/java-7-openjdk-amd64/jre/lib/amd64/libverify.so
7f97cd47b000-7f97cd47c000 rw-p 00011000 08:01 5917878                    /usr/lib/jvm/java-7-openjdk-amd64/jre/lib/amd64/libverify.so
7f97cd47c000-7f97cd483000 r-xp 00000000 08:01 786642                     /lib/x86_64-linux-gnu/librt-2.19.so
7f97cd483000-7f97cd682000 ---p 00007000 08:01 786642                     /lib/x86_64-linux-gnu/librt-2.19.so
7f97cd682000-7f97cd683000 r--p 00006000 08:01 786642                     /lib/x86_64-linux-gnu/librt-2.19.so
7f97cd683000-7f97cd684000 rw-p 00007000 08:01 786642                     /lib/x86_64-linux-gnu/librt-2.19.so
7f97cd684000-7f97cd69a000 r-xp 00000000 08:01 786612                     /lib/x86_64-linux-gnu/libgcc_s.so.1
7f97cd69a000-7f97cd899000 ---p 00016000 08:01 786612                     /lib/x86_64-linux-gnu/libgcc_s.so.1
7f97cd899000-7f97cd89a000 rw-p 00015000 08:01 786612                     /lib/x86_64-linux-gnu/libgcc_s.so.1
7f97cd89a000-7f97cd99f000 r-xp 00000000 08:01 786618                     /lib/x86_64-linux-gnu/libm-2.19.so
7f97cd99f000-7f97cdb9e000 ---p 00105000 08:01 786618                     /lib/x86_64-linux-gnu/libm-2.19.so
7f97cdb9e000-7f97cdb9f000 r--p 00104000 08:01 786618                     /lib/x86_64-linux-gnu/libm-2.19.so
7f97cdb9f000-7f97cdba0000 rw-p 00105000 08:01 786618                     /lib/x86_64-linux-gnu/libm-2.19.so
7f97cdba0000-7f97cdc86000 r-xp 00000000 08:01 4721335                    /usr/lib/x86_64-linux-gnu/libstdc++.so.6.0.19
7f97cdc86000-7f97cde85000 ---p 000e6000 08:01 4721335                    /usr/lib/x86_64-linux-gnu/libstdc++.so.6.0.19
7f97cde85000-7f97cde8d000 r--p 000e5000 08:01 4721335                    /usr/lib/x86_64-linux-gnu/libstdc++.so.6.0.19
7f97cde8d000-7f97cde8f000 rw-p 000ed000 08:01 4721335                    /usr/lib/x86_64-linux-gnu/libstdc++.so.6.0.19
7f97cde8f000-7f97cdea4000 rw-p 00000000 00:00 0 
7f97cdea4000-7f97ce9c8000 r-xp 00000000 08:01 5917890                    /usr/lib/jvm/java-7-openjdk-amd64/jre/lib/amd64/server/libjvm.so
7f97ce9c8000-7f97cebc8000 ---p 00b24000 08:01 5917890                    /usr/lib/jvm/java-7-openjdk-amd64/jre/lib/amd64/server/libjvm.so
7f97cebc8000-7f97cec62000 r--p 00b24000 08:01 5917890                    /usr/lib/jvm/java-7-openjdk-amd64/jre/lib/amd64/server/libjvm.so
7f97cec62000-7f97cec85000 rw-p 00bbe000 08:01 5917890                    /usr/lib/jvm/java-7-openjdk-amd64/jre/lib/amd64/server/libjvm.so
7f97cec85000-7f97cecb3000 rw-p 00000000 00:00 0 
7f97cecb3000-7f97ceccb000 r-xp 00000000 08:01 790555                     /lib/x86_64-linux-gnu/libz.so.1.2.8
7f97ceccb000-7f97ceeca000 ---p 00018000 08:01 790555                     /lib/x86_64-linux-gnu/libz.so.1.2.8
7f97ceeca000-7f97ceecb000 r--p 00017000 08:01 790555                     /lib/x86_64-linux-gnu/libz.so.1.2.8
7f97ceecb000-7f97ceecc000 rw-p 00018000 08:01 790555                     /lib/x86_64-linux-gnu/libz.so.1.2.8
7f97ceecc000-7f97ceee5000 r-xp 00000000 08:01 786635                     /lib/x86_64-linux-gnu/libpthread-2.19.so
7f97ceee5000-7f97cf0e4000 ---p 00019000 08:01 786635                     /lib/x86_64-linux-gnu/libpthread-2.19.so
7f97cf0e4000-7f97cf0e5000 r--p 00018000 08:01 786635                     /lib/x86_64-linux-gnu/libpthread-2.19.so
7f97cf0e5000-7f97cf0e6000 rw-p 00019000 08:01 786635                     /lib/x86_64-linux-gnu/libpthread-2.19.so
7f97cf0e6000-7f97cf0ea000 rw-p 00000000 00:00 0 
7f97cf0ea000-7f97cf0ed000 r-xp 00000000 08:01 786630                     /lib/x86_64-linux-gnu/libdl-2.19.so
7f97cf0ed000-7f97cf2ec000 ---p 00003000 08:01 786630                     /lib/x86_64-linux-gnu/libdl-2.19.so
7f97cf2ec000-7f97cf2ed000 r--p 00002000 08:01 786630                     /lib/x86_64-linux-gnu/libdl-2.19.so
7f97cf2ed000-7f97cf2ee000 rw-p 00003000 08:01 786630                     /lib/x86_64-linux-gnu/libdl-2.19.so
7f97cf2ee000-7f97cf4a9000 r-xp 00000000 08:01 786643                     /lib/x86_64-linux-gnu/libc-2.19.so
7f97cf4a9000-7f97cf6a8000 ---p 001bb000 08:01 786643                     /lib/x86_64-linux-gnu/libc-2.19.so
7f97cf6a8000-7f97cf6ac000 r--p 001ba000 08:01 786643                     /lib/x86_64-linux-gnu/libc-2.19.so
7f97cf6ac000-7f97cf6ae000 rw-p 001be000 08:01 786643                     /lib/x86_64-linux-gnu/libc-2.19.so
7f97cf6ae000-7f97cf6b3000 rw-p 00000000 00:00 0 
7f97cf6b3000-7f97cf6c0000 r-xp 00000000 08:01 5917907                    /usr/lib/jvm/java-7-openjdk-amd64/jre/lib/amd64/jli/libjli.so
7f97cf6c0000-7f97cf8bf000 ---p 0000d000 08:01 5917907                    /usr/lib/jvm/java-7-openjdk-amd64/jre/lib/amd64/jli/libjli.so
7f97cf8bf000-7f97cf8c0000 r--p 0000c000 08:01 5917907                    /usr/lib/jvm/java-7-openjdk-amd64/jre/lib/amd64/jli/libjli.so
7f97cf8c0000-7f97cf8c1000 rw-p 0000d000 08:01 5917907                    /usr/lib/jvm/java-7-openjdk-amd64/jre/lib/amd64/jli/libjli.so
7f97cf8c1000-7f97cf8e4000 r-xp 00000000 08:01 786636                     /lib/x86_64-linux-gnu/ld-2.19.so
7f97cf8e4000-7f97cf8e7000 r--s 0000f000 08:01 5917931                    /usr/lib/jvm/java-7-openjdk-amd64/jre/lib/ext/icedtea-sound.jar
7f97cf8e7000-7f97cf8eb000 r--s 00034000 08:01 5917930                    /usr/lib/jvm/java-7-openjdk-amd64/jre/lib/ext/sunjce_provider.jar
7f97cf8eb000-7f97cf914000 rw-p 00000000 00:00 0 
7f97cf914000-7f97cf9c3000 rw-p 00000000 00:00 0 
7f97cf9c3000-7f97cf9c6000 ---p 00000000 00:00 0 
7f97cf9c6000-7f97cfaca000 rw-p 00000000 00:00 0                          [stack:18062]
7f97cfaca000-7f97cfacc000 r--s 00012000 08:01 5917929                    /usr/lib/jvm/java-7-openjdk-amd64/jre/lib/ext/zipfs.jar
7f97cfacc000-7f97cface000 r--s 00006000 08:01 5118243                    /usr/share/java/java-atk-wrapper.jar
7f97cface000-7f97cfad2000 r--s 0003c000 08:01 5917933                    /usr/lib/jvm/java-7-openjdk-amd64/jre/lib/ext/sunpkcs11.jar
7f97cfad2000-7f97cfad6000 r--s 00085000 08:01 5917932                    /usr/lib/jvm/java-7-openjdk-amd64/jre/lib/ext/localedata.jar
7f97cfad6000-7f97cfad7000 r--s 00002000 08:01 5917928                    /usr/lib/jvm/java-7-openjdk-amd64/jre/lib/ext/dnsns.jar
7f97cfad7000-7f97cfadf000 rw-s 00000000 08:01 1188859                    /tmp/hsperfdata_raihan/18056
7f97cfadf000-7f97cfae0000 rw-p 00000000 00:00 0 
7f97cfae0000-7f97cfae1000 ---p 00000000 00:00 0 
7f97cfae1000-7f97cfae3000 rw-p 00000000 00:00 0 
7f97cfae3000-7f97cfae4000 r--p 00022000 08:01 786636                     /lib/x86_64-linux-gnu/ld-2.19.so
7f97cfae4000-7f97cfae5000 rw-p 00023000 08:01 786636                     /lib/x86_64-linux-gnu/ld-2.19.so
7f97cfae5000-7f97cfae6000 rw-p 00000000 00:00 0 
7fff04985000-7fff049a6000 rw-p 00000000 00:00 0                          [stack]
7fff049fe000-7fff04a00000 r-xp 00000000 00:00 0                          [vdso]
ffffffffff600000-ffffffffff601000 r-xp 00000000 00:00 0                  [vsyscall]

VM Arguments:
jvm_args: -Xmx1024M -Dfile.encoding=UTF-8 -Duser.country=US -Duser.language=en -Duser.variant 
java_command: com.android.dx.command.Main --dex --multi-dex --main-dex-list /home/raihan/OpenSrpWorkSpace/opensrp-client-dghs-demo/opensrp-dghs/build/intermediates/multi-dex/debug/maindexlist.txt --output /home/raihan/OpenSrpWorkSpace/opensrp-client-dghs-demo/opensrp-dghs/build/intermediates/dex/debug /home/raihan/OpenSrpWorkSpace/opensrp-client-dghs-demo/opensrp-dghs/build/intermediates/multi-dex/debug/allclasses.jar
Launcher Type: SUN_STANDARD

Environment Variables:
PATH=/usr/local/sbin:/usr/local/bin:/usr/sbin:/usr/bin:/sbin:/bin:/usr/games:/usr/local/games
LD_LIBRARY_PATH=android-studio/bin:
SHELL=/bin/bash
DISPLAY=:0

Signal Handlers:
SIGSEGV: [libjvm.so+0x9548f0], sa_mask[0]=0x7ffbfeff, sa_flags=0x10000004
SIGBUS: [libjvm.so+0x9548f0], sa_mask[0]=0x7ffbfeff, sa_flags=0x10000004
SIGFPE: [libjvm.so+0x7cb0b0], sa_mask[0]=0x7ffbfeff, sa_flags=0x10000004
SIGPIPE: [libjvm.so+0x7cb0b0], sa_mask[0]=0x7ffbfeff, sa_flags=0x10000004
SIGXFSZ: [libjvm.so+0x7cb0b0], sa_mask[0]=0x7ffbfeff, sa_flags=0x10000004
SIGILL: [libjvm.so+0x7cb0b0], sa_mask[0]=0x7ffbfeff, sa_flags=0x10000004
SIGUSR1: SIG_DFL, sa_mask[0]=0x00000000, sa_flags=0x00000000
SIGUSR2: [libjvm.so+0x7caf50], sa_mask[0]=0x00000004, sa_flags=0x10000004
SIGHUP: [libjvm.so+0x7cb130], sa_mask[0]=0x7ffbfeff, sa_flags=0x10000004
SIGINT: [libjvm.so+0x7cb130], sa_mask[0]=0x7ffbfeff, sa_flags=0x10000004
SIGTERM: [libjvm.so+0x7cb130], sa_mask[0]=0x7ffbfeff, sa_flags=0x10000004
SIGQUIT: [libjvm.so+0x7cb130], sa_mask[0]=0x7ffbfeff, sa_flags=0x10000004
SIGTRAP: SIG_DFL, sa_mask[0]=0x00000000, sa_flags=0x00000000


---------------  S Y S T E M  ---------------

OS:Ubuntu 14.04 (trusty)
uname:Linux 3.13.0-24-generic #46-Ubuntu SMP Thu Apr 10 19:11:08 UTC 2014 x86_64
libc:glibc 2.19 NPTL 2.19 
rlimit: STACK 8192k, CORE 0k, NPROC 30570, NOFILE 4096, AS infinity
load average:2.56 1.61 1.29

/proc/meminfo:
MemTotal:        3934516 kB
MemFree:          120872 kB
Buffers:            2492 kB
Cached:           847468 kB
SwapCached:        40696 kB
Active:          1896720 kB
Inactive:         907776 kB
Active(anon):    1876560 kB
Inactive(anon):   883544 kB
Active(file):      20160 kB
Inactive(file):    24232 kB
Unevictable:          68 kB
Mlocked:              68 kB
SwapTotal:       4080636 kB
SwapFree:          32372 kB
Dirty:               172 kB
Writeback:             0 kB
AnonPages:       1915944 kB
Mapped:           770032 kB
Shmem:            805276 kB
Slab:              90076 kB
SReclaimable:      37764 kB
SUnreclaim:        52312 kB
KernelStack:        6064 kB
PageTables:        74356 kB
NFS_Unstable:          0 kB
Bounce:                0 kB
WritebackTmp:          0 kB
CommitLimit:     6047892 kB
Committed_AS:   13778152 kB
VmallocTotal:   34359738367 kB
VmallocUsed:      553520 kB
VmallocChunk:   34359176664 kB
HardwareCorrupted:     0 kB
AnonHugePages:    100352 kB
HugePages_Total:       0
HugePages_Free:        0
HugePages_Rsvd:        0
HugePages_Surp:        0
Hugepagesize:       2048 kB
DirectMap4k:       93696 kB
DirectMap2M:     2940928 kB
DirectMap1G:     1048576 kB


CPU:total 4 (2 cores per cpu, 2 threads per core) family 6 model 61 stepping 4, cmov, cx8, fxsr, mmx, sse, sse2, sse3, ssse3, sse4.1, sse4.2, popcnt, avx, avx2, aes, erms, ht, tsc, tscinvbit

/proc/cpuinfo:
processor	: 0
vendor_id	: GenuineIntel
cpu family	: 6
model		: 61
model name	: Intel(R) Core(TM) i5-5200U CPU @ 2.20GHz
stepping	: 4
microcode	: 0x1f
cpu MHz		: 1500.000
cache size	: 3072 KB
physical id	: 0
siblings	: 4
core id		: 0
cpu cores	: 2
apicid		: 0
initial apicid	: 0
fpu		: yes
fpu_exception	: yes
cpuid level	: 20
wp		: yes
flags		: fpu vme de pse tsc msr pae mce cx8 apic sep mtrr pge mca cmov pat pse36 clflush dts acpi mmx fxsr sse sse2 ss ht tm pbe syscall nx pdpe1gb rdtscp lm constant_tsc arch_perfmon pebs bts rep_good nopl xtopology nonstop_tsc aperfmperf eagerfpu pni pclmulqdq dtes64 monitor ds_cpl vmx est tm2 ssse3 fma cx16 xtpr pdcm pcid sse4_1 sse4_2 x2apic movbe popcnt tsc_deadline_timer aes xsave avx f16c rdrand lahf_lm abm 3dnowprefetch ida arat epb xsaveopt pln pts dtherm tpr_shadow vnmi flexpriority ept vpid fsgsbase tsc_adjust bmi1 avx2 smep bmi2 erms invpcid rdseed adx smap
bogomips	: 4389.95
clflush size	: 64
cache_alignment	: 64
address sizes	: 39 bits physical, 48 bits virtual
power management:

processor	: 1
vendor_id	: GenuineIntel
cpu family	: 6
model		: 61
model name	: Intel(R) Core(TM) i5-5200U CPU @ 2.20GHz
stepping	: 4
microcode	: 0x1f
cpu MHz		: 1500.000
cache size	: 3072 KB
physical id	: 0
siblings	: 4
core id		: 0
cpu cores	: 2
apicid		: 1
initial apicid	: 1
fpu		: yes
fpu_exception	: yes
cpuid level	: 20
wp		: yes
flags		: fpu vme de pse tsc msr pae mce cx8 apic sep mtrr pge mca cmov pat pse36 clflush dts acpi mmx fxsr sse sse2 ss ht tm pbe syscall nx pdpe1gb rdtscp lm constant_tsc arch_perfmon pebs bts rep_good nopl xtopology nonstop_tsc aperfmperf eagerfpu pni pclmulqdq dtes64 monitor ds_cpl vmx est tm2 ssse3 fma cx16 xtpr pdcm pcid sse4_1 sse4_2 x2apic movbe popcnt tsc_deadline_timer aes xsave avx f16c rdrand lahf_lm abm 3dnowprefetch ida arat epb xsaveopt pln pts dtherm tpr_shadow vnmi flexpriority ept vpid fsgsbase tsc_adjust bmi1 avx2 smep bmi2 erms invpcid rdseed adx smap
bogomips	: 4389.95
clflush size	: 64
cache_alignment	: 64
address sizes	: 39 bits physical, 48 bits virtual
power management:

processor	: 2
vendor_id	: GenuineIntel
cpu family	: 6
model		: 61
model name	: Intel(R) Core(TM) i5-5200U CPU @ 2.20GHz
stepping	: 4
microcode	: 0x1f
cpu MHz		: 2201.000
cache size	: 3072 KB
physical id	: 0
siblings	: 4
core id		: 1
cpu cores	: 2
apicid		: 2
initial apicid	: 2
fpu		: yes
fpu_exception	: yes
cpuid level	: 20
wp		: yes
flags		: fpu vme de pse tsc msr pae mce cx8 apic sep mtrr pge mca cmov pat pse36 clflush dts acpi mmx fxsr sse sse2 ss ht tm pbe syscall nx pdpe1gb rdtscp lm constant_tsc arch_perfmon pebs bts rep_good nopl xtopology nonstop_tsc aperfmperf eagerfpu pni pclmulqdq dtes64 monitor ds_cpl vmx est tm2 ssse3 fma cx16 xtpr pdcm pcid sse4_1 sse4_2 x2apic movbe popcnt tsc_deadline_timer aes xsave avx f16c rdrand lahf_lm abm 3dnowprefetch ida arat epb xsaveopt pln pts dtherm tpr_shadow vnmi flexpriority ept vpid fsgsbase tsc_adjust bmi1 avx2 smep bmi2 erms invpcid rdseed adx smap
bogomips	: 4389.95
clflush size	: 64
cache_alignment	: 64
address sizes	: 39 bits physical, 48 bits virtual
power management:

processor	: 3
vendor_id	: GenuineIntel
cpu family	: 6
model		: 61
model name	: Intel(R) Core(TM) i5-5200U CPU @ 2.20GHz
stepping	: 4
microcode	: 0x1f
cpu MHz		: 2000.000
cache size	: 3072 KB
physical id	: 0
siblings	: 4
core id		: 1
cpu cores	: 2
apicid		: 3
initial apicid	: 3
fpu		: yes
fpu_exception	: yes
cpuid level	: 20
wp		: yes
flags		: fpu vme de pse tsc msr pae mce cx8 apic sep mtrr pge mca cmov pat pse36 clflush dts acpi mmx fxsr sse sse2 ss ht tm pbe syscall nx pdpe1gb rdtscp lm constant_tsc arch_perfmon pebs bts rep_good nopl xtopology nonstop_tsc aperfmperf eagerfpu pni pclmulqdq dtes64 monitor ds_cpl vmx est tm2 ssse3 fma cx16 xtpr pdcm pcid sse4_1 sse4_2 x2apic movbe popcnt tsc_deadline_timer aes xsave avx f16c rdrand lahf_lm abm 3dnowprefetch ida arat epb xsaveopt pln pts dtherm tpr_shadow vnmi flexpriority ept vpid fsgsbase tsc_adjust bmi1 avx2 smep bmi2 erms invpcid rdseed adx smap
bogomips	: 4389.95
clflush size	: 64
cache_alignment	: 64
address sizes	: 39 bits physical, 48 bits virtual
power management:



Memory: 4k page, physical 3934516k(120872k free), swap 4080636k(32372k free)

vm_info: OpenJDK 64-Bit Server VM (24.95-b01) for linux-amd64 JRE (1.7.0_95-b00), built on Mar 24 2016 06:13:32 by "buildd" with gcc 4.8.2

time: Wed Apr 20 20:55:18 2016
elapsed time: 21 seconds

